PROA	11	PROA	12	3.098387
PROA	11	PROA	13	0.363803
PROA	11	PROA	18	1.812500
PROA	11	PROA	19	0.111803
PROA	11	PROA	20	1.876388
PROA	12	PROA	13	2.504897
PROA	12	PROA	17	0.062622
PROA	12	PROA	18	0.710047
PROA	12	PROA	19	1.154701
PROA	12	PROA	20	0.149071
PROA	12	PROA	21	0.129099
PROA	12	PROA	25	0.056344
PROA	12	PROA	26	1.725164
PROA	12	PROA	27	0.759072
PROA	12	PROA	28	2.013986
PROA	13	PROA	14	2.910428
PROA	13	PROA	16	2.016737
PROA	13	PROA	17	1.529412
PROA	13	PROA	18	2.728526
PROA	13	PROA	19	0.379628
PROA	13	PROA	28	1.168471
PROA	14	PROA	15	3.929390
PROA	14	PROA	16	1.228385
PROA	14	PROA	17	1.637115
PROA	14	PROA	18	0.062500
PROA	14	PROA	19	0.335410
PROA	14	PROA	28	2.810343
PROA	14	PROA	29	0.603023
PROA	14	PROA	30	0.872872
PROA	14	PROA	38	0.970143
PROA	14	PROA	40	0.904534
PROA	15	PROA	16	2.546005
PROA	15	PROA	17	1.287192
PROA	15	PROA	30	2.806243
PROA	15	PROA	38	1.287192
PROA	16	PROA	17	3.208445
PROA	16	PROA	18	0.472456
PROA	17	PROA	18	3.638034
PROA	17	PROA	19	1.138885
PROA	17	PROA	28	0.055641
PROA	17	PROA	38	2.411765
PROA	17	PROA	55	1.344428
PROA	18	PROA	19	3.465905
PROA	18	PROA	20	2.237232
PROA	18	PROA	55	2.025407
PROA	18	PROA	102	0.545545
PROA	19	PROA	20	2.388340
PROA	19	PROA	21	2.683282
PROA	19	PROA	22	0.084515
PROA	19	PROA	28	2.924038
PROA	19	PROA	38	1.843909
PROA	19	PROA	39	0.782624
PROA	19	PROA	40	2.899059
PROA	19	PROA	53	1.949359
PROA	19	PROA	54	0.286039
PROA	19	PROA	55	2.049945
PROA	19	PROA	102	1.951800
PROA	20	PROA	21	4.330127
PROA	20	PROA	22	0.872872
PROA	20	PROA	55	0.123091
PROA	20	PROA	90	0.198680
PROA	20	PROA	102	2.834734
PROA	21	PROA	22	4.063118
PROA	21	PROA	23	0.133631
PROA	21	PROA	24	0.204124
PROA	21	PROA	25	2.618615
PROA	21	PROA	26	0.133631
PROA	21	PROA	28	0.286770
PROA	21	PROA	42	0.158114
PROA	21	PROA	53	2.294157
PROA	21	PROA	90	2.523573
PROA	21	PROA	102	2.509506
PROA	22	PROA	23	4.848732
PROA	22	PROA	24	0.925820
PROA	22	PROA	25	1.072222
PROA	23	PROA	24	2.509506
PROA	23	PROA	25	0.641533
PROA	23	PROA	26	0.071429
PROA	23	PROA	45	0.571429
PROA	24	PROA	25	5.567943
PROA	24	PROA	26	0.163663
PROA	24	PROA	43	0.044544
PROA	24	PROA	44	2.946278
PROA	24	PROA	45	2.073070
PROA	24	PROA	46	4.643824
PROA	24	PROA	47	1.254753
PROA	24	PROA	88	0.530330
PROA	25	PROA	26	3.091023
PROA	25	PROA	42	1.656157
PROA	25	PROA	43	0.809524
PROA	25	PROA	44	3.149704
PROA	25	PROA	45	1.108103
PROA	25	PROA	51	1.691189
PROA	25	PROA	53	1.351691
PROA	25	PROA	88	1.196887
PROA	25	PROA	90	1.151440
PROA	25	PROA	104	1.909407
PROA	26	PROA	27	4.642857
PROA	26	PROA	28	0.306570
PROA	26	PROA	42	1.267731
PROA	26	PROA	43	2.741096
PROA	26	PROA	44	0.231455
PROA	26	PROA	45	2.285714
PROA	27	PROA	28	2.881755
PROA	27	PROA	29	0.322329
PROA	27	PROA	41	0.080582
PROA	27	PROA	42	0.676123
PROA	27	PROA	43	0.991460
PROA	27	PROA	50	0.163663
PROA	28	PROA	29	2.836029
PROA	28	PROA	30	0.050063
PROA	28	PROA	40	1.521772
PROA	28	PROA	41	0.830057
PROA	28	PROA	42	1.160762
PROA	28	PROA	53	0.157895
PROA	29	PROA	30	3.158168
PROA	29	PROA	31	0.553372
PROA	29	PROA	40	1.727273
PROA	29	PROA	41	4.000000
PROA	29	PROA	42	0.286039
PROA	30	PROA	31	3.904884
PROA	30	PROA	32	3.546580
PROA	30	PROA	33	1.183216
PROA	30	PROA	38	1.270215
PROA	30	PROA	39	0.709208
PROA	30	PROA	40	1.579084
PROA	30	PROA	41	0.394771
PROA	31	PROA	32	4.769105
PROA	31	PROA	39	3.613298
PROA	31	PROA	40	3.112715
PROA	31	PROA	41	2.628515
PROA	31	PROA	51	0.057354
PROA	31	PROA	52	1.378405
PROA	31	PROA	53	0.157895
PROA	31	PROA	107	1.052632
PROA	32	PROA	33	3.708420
PROA	32	PROA	34	0.571429
PROA	32	PROA	38	0.458349
PROA	32	PROA	39	3.874136
PROA	32	PROA	40	0.227921
PROA	33	PROA	34	3.415650
PROA	33	PROA	35	0.163299
PROA	33	PROA	37	0.292770
PROA	33	PROA	38	1.252449
PROA	33	PROA	39	0.645497
PROA	34	PROA	35	3.585686
PROA	34	PROA	36	0.577350
PROA	34	PROA	37	3.285714
PROA	34	PROA	38	0.733359
PROA	34	PROA	39	2.173296
PROA	34	PROA	54	0.241747
PROA	35	PROA	36	5.106485
PROA	35	PROA	37	1.314751
PROA	35	PROA	67	0.516398
PROA	36	PROA	37	2.804273
PROA	36	PROA	55	0.279145
PROA	36	PROA	56	3.754696
PROA	36	PROA	57	2.105445
PROA	36	PROA	58	0.758175
PROA	36	PROA	64	1.190476
PROA	36	PROA	67	2.049003
PROA	36	PROA	68	3.382629
PROA	36	PROA	71	0.281718
PROA	36	PROA	168	0.048795
PROA	36	PROA	169	0.659829
PROA	37	PROA	38	3.025105
PROA	37	PROA	39	0.566947
PROA	37	PROA	55	1.450481
PROA	37	PROA	56	0.260133
PROA	37	PROA	57	0.569803
PROA	38	PROA	39	3.334865
PROA	38	PROA	40	1.316290
PROA	38	PROA	53	0.055641
PROA	38	PROA	54	0.258544
PROA	38	PROA	55	1.396137
PROA	39	PROA	40	3.919647
PROA	39	PROA	52	0.553399
PROA	39	PROA	53	1.204433
PROA	39	PROA	54	4.583815
PROA	39	PROA	55	0.319801
PROA	40	PROA	41	4.272727
PROA	40	PROA	42	0.381385
PROA	40	PROA	51	0.075378
PROA	40	PROA	52	0.476731
PROA	40	PROA	53	1.867629
PROA	40	PROA	54	0.192847
PROA	41	PROA	42	4.958005
PROA	41	PROA	50	0.553912
PROA	41	PROA	51	1.432179
PROA	41	PROA	52	1.334848
PROA	41	PROA	53	0.484200
PROA	41	PROA	107	2.005972
PROA	42	PROA	43	3.243308
PROA	42	PROA	44	0.456435
PROA	42	PROA	49	0.079057
PROA	42	PROA	50	0.968246
PROA	42	PROA	51	4.190018
PROA	42	PROA	52	0.400000
PROA	42	PROA	53	2.103881
PROA	42	PROA	107	0.072548
PROA	43	PROA	44	4.157609
PROA	43	PROA	45	2.157884
PROA	43	PROA	48	2.233162
PROA	43	PROA	49	1.800298
PROA	43	PROA	50	1.959916
PROA	43	PROA	51	0.545545
PROA	44	PROA	45	3.317522
PROA	44	PROA	46	2.092895
PROA	44	PROA	47	3.086067
PROA	44	PROA	48	1.846372
PROA	44	PROA	49	2.453739
PROA	44	PROA	50	0.235702
PROA	44	PROA	51	2.958920
PROA	45	PROA	46	3.006689
PROA	45	PROA	47	0.357143
PROA	45	PROA	48	1.766389
PROA	46	PROA	47	3.541211
PROA	46	PROA	48	1.439105
PROA	47	PROA	48	3.190896
PROA	47	PROA	49	2.739428
PROA	47	PROA	51	0.066815
PROA	48	PROA	49	2.771609
PROA	49	PROA	50	2.857738
PROA	49	PROA	51	1.875000
PROA	50	PROA	51	3.214955
PROA	50	PROA	107	1.966830
PROA	51	PROA	52	3.952847
PROA	51	PROA	53	1.089725
PROA	51	PROA	87	0.133631
PROA	51	PROA	104	1.500000
PROA	51	PROA	105	0.485071
PROA	51	PROA	106	0.288675
PROA	51	PROA	107	2.007388
PROA	52	PROA	53	3.264643
PROA	52	PROA	54	0.404520
PROA	52	PROA	103	0.072548
PROA	52	PROA	104	1.185854
PROA	52	PROA	105	2.837770
PROA	52	PROA	106	1.369306
PROA	52	PROA	107	3.699929
PROA	52	PROA	108	0.076696
PROA	53	PROA	54	2.641226
PROA	53	PROA	55	0.342381
PROA	53	PROA	90	0.368421
PROA	53	PROA	102	1.501879
PROA	53	PROA	103	0.789474
PROA	53	PROA	104	4.014775
PROA	53	PROA	105	0.278207
PROA	54	PROA	55	1.590909
PROA	54	PROA	56	1.809729
PROA	54	PROA	101	0.053300
PROA	54	PROA	102	0.558291
PROA	54	PROA	103	2.836873
PROA	54	PROA	104	0.266501
PROA	54	PROA	105	1.499554
PROA	54	PROA	166	0.514259
PROA	54	PROA	167	1.723281
PROA	55	PROA	56	2.739050
PROA	55	PROA	57	0.514259
PROA	55	PROA	100	2.277193
PROA	55	PROA	101	0.426401
PROA	55	PROA	102	3.908034
PROA	55	PROA	103	0.195646
PROA	56	PROA	57	2.905201
PROA	56	PROA	58	1.839418
PROA	56	PROA	68	1.164965
PROA	56	PROA	100	0.728493
PROA	56	PROA	101	3.613298
PROA	56	PROA	102	0.500626
PROA	56	PROA	103	2.263158
PROA	57	PROA	58	4.351444
PROA	57	PROA	59	0.471940
PROA	57	PROA	64	0.065795
PROA	57	PROA	100	3.307475
PROA	57	PROA	101	0.301511
PROA	58	PROA	59	5.856620
PROA	58	PROA	60	0.828079
PROA	58	PROA	61	0.648204
PROA	58	PROA	64	1.982920
PROA	58	PROA	65	2.175722
PROA	58	PROA	68	2.000000
PROA	58	PROA	100	0.231455
PROA	58	PROA	101	0.601338
PROA	58	PROA	347	0.490511
PROA	59	PROA	60	2.078461
PROA	59	PROA	61	0.488094
PROA	59	PROA	65	1.213560
PROA	59	PROA	98	1.518513
PROA	59	PROA	99	0.905789
PROA	59	PROA	100	0.580948
PROA	59	PROA	101	0.838525
PROA	59	PROA	340	0.143019
PROA	59	PROA	343	0.102598
PROA	59	PROA	344	4.004543
PROA	59	PROA	347	1.949359
PROA	60	PROA	61	3.381611
PROA	60	PROA	62	0.250490
PROA	60	PROA	65	0.077850
PROA	60	PROA	340	0.550482
PROA	61	PROA	62	2.529412
PROA	61	PROA	63	2.009432
PROA	61	PROA	64	3.969421
PROA	61	PROA	65	1.243163
PROA	61	PROA	340	0.879049
PROA	62	PROA	63	3.565120
PROA	62	PROA	64	0.635107
PROA	62	PROA	65	1.901308
PROA	62	PROA	66	3.529412
PROA	62	PROA	67	0.049507
PROA	62	PROA	335	0.055641
PROA	62	PROA	336	0.630126
PROA	62	PROA	337	0.420084
PROA	62	PROA	338	0.445132
PROA	62	PROA	340	2.326895
PROA	62	PROA	343	1.836169
PROA	63	PROA	64	2.974380
PROA	63	PROA	65	0.966988
PROA	63	PROA	66	3.111378
PROA	63	PROA	67	2.073070
PROA	63	PROA	68	0.071429
PROA	64	PROA	65	2.697602
PROA	64	PROA	66	0.529256
PROA	64	PROA	67	2.538982
PROA	64	PROA	68	1.749636
PROA	64	PROA	69	0.050063
PROA	65	PROA	66	2.851962
PROA	65	PROA	67	0.738549
PROA	65	PROA	68	1.853393
PROA	65	PROA	69	1.245086
PROA	65	PROA	70	0.061546
PROA	65	PROA	340	0.064282
PROA	65	PROA	343	3.389401
PROA	65	PROA	347	0.968400
PROA	66	PROA	67	2.376354
PROA	66	PROA	68	0.453743
PROA	66	PROA	69	1.001547
PROA	66	PROA	70	2.376354
PROA	66	PROA	71	0.062622
PROA	66	PROA	335	2.336943
PROA	66	PROA	336	1.890378
PROA	66	PROA	337	0.070014
PROA	66	PROA	338	0.055641
PROA	66	PROA	343	2.225660
PROA	67	PROA	68	2.564060
PROA	67	PROA	69	0.327805
PROA	67	PROA	70	1.541667
PROA	67	PROA	71	0.632456
PROA	67	PROA	169	2.391702
PROA	67	PROA	170	2.950245
PROA	68	PROA	69	2.697813
PROA	68	PROA	70	0.818317
PROA	68	PROA	71	2.001190
PROA	68	PROA	72	1.532848
PROA	68	PROA	347	1.287593
PROA	69	PROA	70	2.060489
PROA	69	PROA	71	0.651584
PROA	69	PROA	72	2.052632
PROA	69	PROA	73	1.076055
PROA	69	PROA	335	2.000000
PROA	69	PROA	338	0.052632
PROA	69	PROA	343	1.368421
PROA	69	PROA	346	3.052632
PROA	69	PROA	347	4.578947
PROA	69	PROA	350	1.658577
PROA	70	PROA	71	2.160890
PROA	70	PROA	72	0.515122
PROA	70	PROA	73	1.175024
PROA	70	PROA	74	1.404879
PROA	70	PROA	171	0.710047
PROA	70	PROA	172	1.875000
PROA	70	PROA	331	1.825742
PROA	70	PROA	335	2.575611
PROA	70	PROA	336	0.294628
PROA	71	PROA	72	2.902510
PROA	71	PROA	73	0.660578
PROA	71	PROA	74	2.310161
PROA	71	PROA	75	2.547100
PROA	71	PROA	76	0.059235
PROA	71	PROA	167	0.596285
PROA	71	PROA	168	3.059956
PROA	71	PROA	171	0.163299
PROA	72	PROA	73	2.543403
PROA	72	PROA	74	0.684211
PROA	72	PROA	75	1.105263
PROA	72	PROA	76	2.157895
PROA	72	PROA	86	1.157895
PROA	72	PROA	89	0.578947
PROA	72	PROA	101	0.114708
PROA	72	PROA	103	0.210526
PROA	72	PROA	347	1.526316
PROA	72	PROA	350	0.829288
PROA	72	PROA	351	1.042337
PROA	73	PROA	74	2.592315
PROA	73	PROA	75	0.489116
PROA	73	PROA	76	0.929320
PROA	73	PROA	77	0.391675
PROA	73	PROA	78	0.095346
PROA	73	PROA	329	0.762770
PROA	73	PROA	331	0.905789
PROA	73	PROA	332	1.907918
PROA	73	PROA	350	2.256976
PROA	74	PROA	75	3.052632
PROA	74	PROA	76	0.684211
PROA	74	PROA	77	0.749269
PROA	74	PROA	78	2.103256
PROA	74	PROA	79	0.046829
PROA	74	PROA	83	0.105263
PROA	74	PROA	140	0.210526
PROA	74	PROA	145	1.720618
PROA	74	PROA	168	2.564946
PROA	74	PROA	171	2.031334
PROA	74	PROA	172	0.187317
PROA	74	PROA	329	0.564288
PROA	74	PROA	331	1.025978
PROA	75	PROA	76	2.947368
PROA	75	PROA	77	0.421464
PROA	75	PROA	78	0.410391
PROA	75	PROA	79	1.077074
PROA	75	PROA	83	1.000000
PROA	75	PROA	84	0.789474
PROA	75	PROA	85	2.601330
PROA	75	PROA	86	2.947368
PROA	75	PROA	103	0.210526
PROA	75	PROA	105	0.667698
PROA	75	PROA	167	0.264906
PROA	75	PROA	168	1.231174
PROA	76	PROA	77	1.732684
PROA	76	PROA	78	0.307794
PROA	76	PROA	79	3.418538
PROA	76	PROA	86	2.894737
PROA	76	PROA	89	0.368421
PROA	76	PROA	350	0.059235
PROA	76	PROA	353	0.046829
PROA	76	PROA	354	2.051957
PROA	77	PROA	78	5.203364
PROA	77	PROA	79	0.875000
PROA	77	PROA	139	0.668153
PROA	77	PROA	325	2.517439
PROA	77	PROA	326	0.316228
PROA	77	PROA	327	1.097345
PROA	77	PROA	328	0.818317
PROA	77	PROA	329	3.377622
PROA	78	PROA	79	1.734455
PROA	78	PROA	80	1.193118
PROA	78	PROA	83	1.436370
PROA	78	PROA	139	3.659625
PROA	78	PROA	140	1.795462
PROA	78	PROA	143	1.626346
PROA	78	PROA	145	0.782624
PROA	78	PROA	329	1.950000
PROA	79	PROA	80	2.425861
PROA	79	PROA	83	0.374634
PROA	79	PROA	85	1.465882
PROA	79	PROA	86	0.093659
PROA	79	PROA	139	0.222718
PROA	79	PROA	354	0.273861
PROA	80	PROA	81	5.197662
PROA	80	PROA	82	3.046558
PROA	80	PROA	83	4.006187
PROA	80	PROA	85	0.091670
PROA	80	PROA	136	1.100038
PROA	80	PROA	139	2.646281
PROA	80	PROA	164	0.051709
PROA	80	PROA	165	0.055641
PROA	80	PROA	323	1.555689
PROA	81	PROA	82	4.140393
PROA	81	PROA	83	0.355409
PROA	81	PROA	135	0.052705
PROA	81	PROA	164	1.596397
PROA	81	PROA	323	0.345033
PROA	82	PROA	83	2.759127
PROA	82	PROA	84	0.061314
PROA	82	PROA	132	3.111378
PROA	82	PROA	135	0.490990
PROA	82	PROA	136	2.727412
PROA	82	PROA	163	1.042337
PROA	82	PROA	164	3.475798
PROA	82	PROA	165	1.716790
PROA	83	PROA	84	3.315789
PROA	83	PROA	85	0.693688
PROA	83	PROA	136	1.040532
PROA	83	PROA	139	0.150188
PROA	83	PROA	140	1.315789
PROA	83	PROA	164	0.733674
PROA	83	PROA	165	3.789474
PROA	83	PROA	168	2.257152
PROA	84	PROA	85	4.422261
PROA	84	PROA	86	0.105263
PROA	84	PROA	105	1.947452
PROA	84	PROA	106	0.860946
PROA	84	PROA	108	1.502320
PROA	84	PROA	156	1.473684
PROA	84	PROA	164	2.347757
PROA	84	PROA	165	1.157895
PROA	84	PROA	166	2.697686
PROA	84	PROA	167	0.066227
PROA	84	PROA	168	0.051299
PROA	85	PROA	86	3.295018
PROA	85	PROA	87	0.505076
PROA	85	PROA	105	1.375048
PROA	85	PROA	106	0.109109
PROA	86	PROA	87	3.249638
PROA	86	PROA	88	1.854345
PROA	86	PROA	89	2.526316
PROA	86	PROA	103	3.000000
PROA	86	PROA	104	0.401478
PROA	86	PROA	105	0.723339
PROA	86	PROA	354	1.590266
PROA	87	PROA	88	3.471825
PROA	87	PROA	103	0.061314
PROA	87	PROA	104	2.472166
PROA	87	PROA	105	2.463174
PROA	87	PROA	106	1.928792
PROA	87	PROA	354	0.657376
PROA	88	PROA	89	3.774917
PROA	88	PROA	90	1.192079
PROA	88	PROA	102	0.125988
PROA	88	PROA	103	0.728493
PROA	88	PROA	104	5.196152
PROA	88	PROA	354	1.420094
PROA	89	PROA	90	2.894737
PROA	89	PROA	91	0.608781
PROA	89	PROA	101	1.491202
PROA	89	PROA	102	0.750939
PROA	89	PROA	103	3.000000
PROA	89	PROA	104	0.344124
PROA	89	PROA	351	2.881755
PROA	89	PROA	354	3.950017
PROA	89	PROA	355	1.335396
PROA	90	PROA	91	2.481952
PROA	90	PROA	100	0.066227
PROA	90	PROA	101	0.860309
PROA	90	PROA	102	4.355448
PROA	90	PROA	103	0.105263
PROA	90	PROA	104	1.147079
PROA	90	PROA	355	0.500773
PROA	91	PROA	92	4.905779
PROA	91	PROA	93	0.872872
PROA	91	PROA	94	0.109109
PROA	91	PROA	98	1.435714
PROA	91	PROA	99	0.087039
PROA	91	PROA	100	0.176777
PROA	91	PROA	101	1.275776
PROA	91	PROA	102	0.178174
PROA	91	PROA	347	0.140488
PROA	91	PROA	348	4.838216
PROA	91	PROA	349	0.263523
PROA	91	PROA	351	2.891387
PROA	91	PROA	352	1.936492
PROA	91	PROA	355	3.614039
PROA	92	PROA	93	4.732864
PROA	92	PROA	94	2.535463
PROA	92	PROA	95	0.072548
PROA	92	PROA	97	1.687323
PROA	92	PROA	98	2.454288
PROA	92	PROA	99	1.078720
PROA	92	PROA	348	0.989949
PROA	93	PROA	94	4.000000
PROA	93	PROA	97	0.064820
PROA	93	PROA	348	0.418330
PROA	94	PROA	95	3.310952
PROA	94	PROA	96	3.450328
PROA	94	PROA	97	2.981737
PROA	94	PROA	98	0.518563
PROA	94	PROA	348	1.792843
PROA	95	PROA	96	4.205677
PROA	95	PROA	97	0.723339
PROA	95	PROA	98	2.948999
PROA	95	PROA	344	1.565171
PROA	95	PROA	345	1.184698
PROA	95	PROA	348	3.488326
PROA	96	PROA	97	3.819968
PROA	96	PROA	98	0.626224
PROA	97	PROA	98	2.176471
PROA	97	PROA	99	2.482021
PROA	98	PROA	99	3.050817
PROA	98	PROA	101	0.424437
PROA	98	PROA	344	3.412779
PROA	98	PROA	347	1.112830
PROA	98	PROA	348	2.874329
PROA	98	PROA	351	0.259281
PROA	99	PROA	100	3.692745
PROA	99	PROA	101	0.426401
PROA	99	PROA	344	0.090909
PROA	100	PROA	101	3.391933
PROA	100	PROA	102	0.377964
PROA	101	PROA	102	2.945942
PROA	101	PROA	103	1.605910
PROA	101	PROA	347	0.516185
PROA	101	PROA	351	0.534522
PROA	102	PROA	103	2.302880
PROA	102	PROA	104	0.872872
PROA	103	PROA	104	3.728006
PROA	103	PROA	105	2.058735
PROA	103	PROA	351	0.061314
PROA	104	PROA	105	3.759302
PROA	105	PROA	106	3.500700
PROA	105	PROA	107	0.222566
PROA	105	PROA	166	0.365636
PROA	105	PROA	167	0.140028
PROA	106	PROA	107	2.649065
PROA	106	PROA	108	1.120224
PROA	107	PROA	108	3.227206
PROA	107	PROA	109	0.236940
PROA	108	PROA	109	2.442275
PROA	108	PROA	110	0.713024
PROA	108	PROA	156	3.282848
PROA	108	PROA	157	1.224113
PROA	108	PROA	158	2.268713
PROA	108	PROA	162	0.070014
PROA	108	PROA	164	1.396137
PROA	109	PROA	110	3.312315
PROA	109	PROA	157	0.770054
PROA	109	PROA	158	1.725164
PROA	109	PROA	159	2.760262
PROA	110	PROA	111	5.169162
PROA	110	PROA	112	0.490511
PROA	110	PROA	114	1.937330
PROA	110	PROA	115	2.636499
PROA	110	PROA	155	0.061314
PROA	110	PROA	156	0.551825
PROA	110	PROA	157	4.169348
PROA	111	PROA	112	2.450385
PROA	111	PROA	113	2.015811
PROA	111	PROA	114	4.800568
PROA	111	PROA	115	0.728493
PROA	111	PROA	152	0.385758
PROA	111	PROA	153	3.046359
PROA	111	PROA	154	0.077152
PROA	111	PROA	155	0.728493
PROA	111	PROA	156	3.245104
PROA	111	PROA	157	1.192079
PROA	112	PROA	113	2.052567
PROA	112	PROA	114	0.391293
PROA	112	PROA	115	3.052632
PROA	112	PROA	116	2.789474
PROA	112	PROA	117	0.048912
PROA	112	PROA	121	1.157895
PROA	112	PROA	129	1.282473
PROA	112	PROA	133	0.315789
PROA	112	PROA	152	3.862778
PROA	112	PROA	153	0.138343
PROA	112	PROA	155	3.526316
PROA	112	PROA	156	0.368421
PROA	112	PROA	157	2.157895
PROA	112	PROA	163	2.210526
PROA	112	PROA	217	0.736842
PROA	112	PROA	221	1.224113
PROA	113	PROA	114	2.558832
PROA	113	PROA	115	0.700877
PROA	113	PROA	116	1.301628
PROA	113	PROA	117	2.931025
PROA	113	PROA	118	0.058321
PROA	113	PROA	152	2.682774
PROA	113	PROA	153	2.894987
PROA	113	PROA	155	0.050063
PROA	113	PROA	192	0.089087
PROA	113	PROA	220	0.056344
PROA	114	PROA	115	1.760818
PROA	114	PROA	116	0.538028
PROA	114	PROA	117	1.318182
PROA	114	PROA	118	1.196586
PROA	114	PROA	119	0.051709
PROA	115	PROA	116	2.105263
PROA	115	PROA	117	0.586939
PROA	115	PROA	118	2.820441
PROA	115	PROA	119	3.004640
PROA	115	PROA	121	1.473684
PROA	115	PROA	129	0.872082
PROA	115	PROA	157	2.631579
PROA	116	PROA	117	2.249934
PROA	116	PROA	118	0.674453
PROA	116	PROA	119	1.112830
PROA	116	PROA	120	0.055641
PROA	116	PROA	121	2.263158
PROA	116	PROA	152	1.226279
PROA	116	PROA	217	0.105263
PROA	116	PROA	220	1.658577
PROA	116	PROA	221	2.448225
PROA	116	PROA	224	2.820441
PROA	117	PROA	118	1.994310
PROA	117	PROA	119	0.413670
PROA	117	PROA	224	0.113961
PROA	118	PROA	119	5.639372
PROA	119	PROA	120	3.294118
PROA	119	PROA	121	1.891811
PROA	119	PROA	224	0.324102
PROA	120	PROA	121	2.392584
PROA	120	PROA	122	0.292509
PROA	120	PROA	224	2.398354
PROA	121	PROA	122	3.458572
PROA	121	PROA	123	0.183942
PROA	121	PROA	125	0.778981
PROA	121	PROA	126	2.684211
PROA	121	PROA	129	1.795462
PROA	121	PROA	221	2.448225
PROA	121	PROA	224	0.122628
PROA	122	PROA	123	3.465039
PROA	122	PROA	124	2.611165
PROA	122	PROA	125	3.071344
PROA	122	PROA	126	2.005972
PROA	122	PROA	127	0.090909
PROA	123	PROA	124	3.163219
PROA	123	PROA	125	0.583383
PROA	123	PROA	126	2.943069
PROA	123	PROA	127	1.047570
PROA	123	PROA	128	0.058321
PROA	123	PROA	222	0.061314
PROA	123	PROA	283	1.388730
PROA	123	PROA	312	1.458030
PROA	124	PROA	125	4.130826
PROA	124	PROA	126	0.794719
PROA	124	PROA	127	2.350048
PROA	124	PROA	128	0.944911
PROA	124	PROA	129	0.064550
PROA	124	PROA	312	0.125988
PROA	124	PROA	316	0.692935
PROA	125	PROA	126	2.225660
PROA	125	PROA	127	0.950654
PROA	125	PROA	128	1.746545
PROA	125	PROA	129	2.386235
PROA	125	PROA	130	0.055641
PROA	125	PROA	161	0.438763
PROA	126	PROA	127	3.251058
PROA	126	PROA	128	0.550689
PROA	126	PROA	129	1.179875
PROA	126	PROA	130	1.052632
PROA	126	PROA	131	0.050063
PROA	126	PROA	218	1.157895
PROA	126	PROA	221	3.505414
PROA	126	PROA	222	3.105263
PROA	126	PROA	312	0.550689
PROA	127	PROA	128	2.500216
PROA	127	PROA	129	0.674200
PROA	127	PROA	130	2.490172
PROA	127	PROA	131	0.855337
PROA	127	PROA	132	0.073127
PROA	127	PROA	312	4.013505
PROA	127	PROA	313	1.175915
PROA	127	PROA	316	1.118518
PROA	128	PROA	129	2.146980
PROA	128	PROA	130	0.550689
PROA	128	PROA	131	1.047619
PROA	128	PROA	132	3.122611
PROA	128	PROA	160	0.058321
PROA	128	PROA	161	0.855337
PROA	128	PROA	162	1.196887
PROA	128	PROA	316	1.238095
PROA	129	PROA	130	2.000658
PROA	129	PROA	131	0.487950
PROA	129	PROA	132	2.169305
PROA	129	PROA	133	1.744163
PROA	129	PROA	155	0.051299
PROA	129	PROA	157	1.487669
PROA	129	PROA	161	1.483240
PROA	129	PROA	163	3.385729
PROA	129	PROA	221	0.759257
PROA	130	PROA	131	2.252818
PROA	130	PROA	132	0.723339
PROA	130	PROA	133	2.842105
PROA	130	PROA	134	3.052632
PROA	130	PROA	135	0.046829
PROA	130	PROA	214	0.975017
PROA	130	PROA	218	3.000000
PROA	130	PROA	221	0.834622
PROA	130	PROA	289	0.263158
PROA	130	PROA	293	0.834622
PROA	130	PROA	312	0.901127
PROA	130	PROA	313	2.789474
PROA	131	PROA	132	3.016760
PROA	131	PROA	133	0.550689
PROA	131	PROA	134	1.201503
PROA	131	PROA	135	3.073504
PROA	131	PROA	136	0.082479
PROA	131	PROA	308	1.902379
PROA	131	PROA	313	2.853569
PROA	131	PROA	316	2.238095
PROA	131	PROA	317	2.190476
PROA	131	PROA	318	1.637846
PROA	132	PROA	133	2.281301
PROA	132	PROA	134	0.556415
PROA	132	PROA	135	1.237684
PROA	132	PROA	136	0.733359
PROA	132	PROA	137	0.055641
PROA	132	PROA	161	0.292509
PROA	132	PROA	162	1.750350
PROA	132	PROA	163	3.115923
PROA	132	PROA	164	0.051709
PROA	132	PROA	165	0.055641
PROA	133	PROA	134	2.421053
PROA	133	PROA	135	0.327805
PROA	133	PROA	136	0.867110
PROA	133	PROA	137	1.210526
PROA	133	PROA	138	0.048912
PROA	133	PROA	150	0.473684
PROA	133	PROA	155	2.736842
PROA	133	PROA	163	1.789474
PROA	133	PROA	165	0.368421
PROA	133	PROA	214	2.179449
PROA	133	PROA	217	1.263158
PROA	133	PROA	221	0.834622
PROA	134	PROA	135	1.732684
PROA	134	PROA	136	0.693688
PROA	134	PROA	137	2.368421
PROA	134	PROA	138	0.782586
PROA	134	PROA	139	0.050063
PROA	134	PROA	211	1.052632
PROA	134	PROA	214	1.548556
PROA	134	PROA	289	0.210526
PROA	134	PROA	293	1.224113
PROA	134	PROA	304	2.408865
PROA	134	PROA	307	2.176429
PROA	134	PROA	308	4.157895
PROA	134	PROA	313	1.789474
PROA	135	PROA	136	2.777460
PROA	135	PROA	137	0.561951
PROA	135	PROA	138	2.175971
PROA	135	PROA	139	0.534522
PROA	135	PROA	308	3.371709
PROA	135	PROA	317	0.089087
PROA	135	PROA	318	1.296362
PROA	135	PROA	320	0.923186
PROA	135	PROA	321	0.235702
PROA	135	PROA	323	0.054554
PROA	136	PROA	137	2.774752
PROA	136	PROA	138	0.805823
PROA	136	PROA	139	1.814529
PROA	136	PROA	140	1.127243
PROA	136	PROA	165	1.560798
PROA	137	PROA	138	2.249934
PROA	137	PROA	139	0.550689
PROA	137	PROA	140	2.947368
PROA	137	PROA	141	1.724886
PROA	137	PROA	142	0.069171
PROA	137	PROA	150	1.052632
PROA	137	PROA	165	0.526316
PROA	137	PROA	210	1.589439
PROA	137	PROA	211	1.210526
PROA	137	PROA	214	1.491202
PROA	137	PROA	304	3.039758
PROA	138	PROA	139	2.837977
PROA	138	PROA	140	0.538028
PROA	138	PROA	141	1.189302
PROA	138	PROA	142	2.121320
PROA	138	PROA	143	0.067420
PROA	138	PROA	304	2.185307
PROA	138	PROA	305	3.082699
PROA	138	PROA	308	2.445580
PROA	138	PROA	320	0.064282
PROA	138	PROA	321	0.492366
PROA	138	PROA	322	3.523084
PROA	139	PROA	140	2.302880
PROA	139	PROA	141	0.370479
PROA	139	PROA	142	1.644879
PROA	139	PROA	143	0.414039
PROA	139	PROA	322	2.929868
PROA	139	PROA	323	3.149344
PROA	139	PROA	325	0.138013
PROA	140	PROA	141	2.559508
PROA	140	PROA	142	0.691714
PROA	140	PROA	143	1.378405
PROA	140	PROA	144	0.429198
PROA	140	PROA	145	3.441236
PROA	140	PROA	146	0.421053
PROA	140	PROA	147	1.168471
PROA	140	PROA	150	0.052632
PROA	140	PROA	165	0.105263
PROA	140	PROA	168	1.025978
PROA	141	PROA	142	3.290726
PROA	141	PROA	143	1.227144
PROA	141	PROA	144	1.555689
PROA	141	PROA	145	0.363803
PROA	141	PROA	146	0.166924
PROA	141	PROA	207	3.102526
PROA	141	PROA	303	0.626224
PROA	141	PROA	304	2.910428
PROA	141	PROA	305	0.187867
PROA	142	PROA	143	3.623158
PROA	142	PROA	144	0.966988
PROA	142	PROA	305	0.467099
PROA	142	PROA	322	1.401298
PROA	143	PROA	144	4.563833
PROA	143	PROA	145	1.976424
PROA	143	PROA	173	0.316228
PROA	143	PROA	329	1.838478
PROA	144	PROA	145	2.739428
PROA	144	PROA	146	1.410220
PROA	144	PROA	172	0.054554
PROA	144	PROA	173	2.138090
PROA	144	PROA	174	2.535463
PROA	144	PROA	207	2.905995
PROA	145	PROA	146	3.900067
PROA	145	PROA	147	0.424437
PROA	145	PROA	168	0.223607
PROA	145	PROA	171	0.869626
PROA	145	PROA	172	1.071652
PROA	145	PROA	173	2.437500
PROA	145	PROA	174	0.316228
PROA	145	PROA	329	1.062132
PROA	145	PROA	331	0.223607
PROA	146	PROA	147	1.891811
PROA	146	PROA	148	2.903416
PROA	146	PROA	171	0.943119
PROA	146	PROA	172	1.545367
PROA	146	PROA	173	0.860309
PROA	146	PROA	174	3.917572
PROA	146	PROA	175	0.198680
PROA	146	PROA	207	1.907552
PROA	146	PROA	209	1.210526
PROA	146	PROA	210	0.397360
PROA	147	PROA	148	3.217980
PROA	147	PROA	149	0.770154
PROA	147	PROA	150	3.171565
PROA	147	PROA	154	0.453743
PROA	147	PROA	165	1.279754
PROA	147	PROA	166	0.292509
PROA	147	PROA	167	0.770154
PROA	147	PROA	168	3.416655
PROA	147	PROA	169	0.275010
PROA	147	PROA	170	0.278207
PROA	147	PROA	171	2.607681
PROA	147	PROA	210	0.210042
PROA	148	PROA	149	2.651650
PROA	148	PROA	150	0.234146
PROA	148	PROA	151	0.043519
PROA	148	PROA	170	2.762928
PROA	148	PROA	171	0.968246
PROA	148	PROA	172	1.416667
PROA	148	PROA	178	0.198030
PROA	148	PROA	185	2.454951
PROA	148	PROA	186	4.532598
PROA	148	PROA	188	0.102062
PROA	148	PROA	209	0.515122
PROA	148	PROA	210	0.235702
PROA	149	PROA	150	2.582838
PROA	149	PROA	151	2.892650
PROA	149	PROA	188	1.082532
PROA	149	PROA	189	0.091287
PROA	149	PROA	190	0.154303
PROA	149	PROA	193	1.259882
PROA	149	PROA	194	1.767767
PROA	149	PROA	210	0.083333
PROA	149	PROA	213	0.261116
PROA	150	PROA	151	2.885784
PROA	150	PROA	152	0.061314
PROA	150	PROA	154	0.183942
PROA	150	PROA	155	0.631579
PROA	150	PROA	165	1.736842
PROA	150	PROA	193	0.600751
PROA	150	PROA	210	0.728493
PROA	150	PROA	213	1.245086
PROA	150	PROA	214	0.802955
PROA	150	PROA	217	1.263158
PROA	151	PROA	152	3.532778
PROA	151	PROA	153	1.157084
PROA	151	PROA	154	2.393172
PROA	151	PROA	155	0.440204
PROA	151	PROA	189	0.067420
PROA	151	PROA	190	0.569803
PROA	151	PROA	193	2.372735
PROA	151	PROA	217	1.369525
PROA	152	PROA	153	3.223292
PROA	152	PROA	154	0.928571
PROA	152	PROA	155	2.329929
PROA	152	PROA	156	0.061314
PROA	152	PROA	193	1.224745
PROA	152	PROA	217	2.697813
PROA	152	PROA	220	1.380131
PROA	153	PROA	154	3.545621
PROA	153	PROA	155	0.760886
PROA	153	PROA	156	0.622543
PROA	154	PROA	155	3.127011
PROA	154	PROA	156	1.226279
PROA	154	PROA	164	0.170941
PROA	154	PROA	165	1.103651
PROA	154	PROA	166	3.626203
PROA	154	PROA	167	1.543033
PROA	155	PROA	156	3.105263
PROA	155	PROA	157	0.368421
PROA	155	PROA	163	3.473684
PROA	155	PROA	164	0.831497
PROA	155	PROA	165	2.526316
PROA	155	PROA	166	0.345857
PROA	155	PROA	217	0.894737
PROA	156	PROA	157	2.578947
PROA	156	PROA	158	0.245256
PROA	156	PROA	162	0.066227
PROA	156	PROA	163	1.315789
PROA	156	PROA	164	1.809729
PROA	156	PROA	165	0.157895
PROA	156	PROA	166	2.766858
PROA	157	PROA	158	2.513871
PROA	157	PROA	161	2.836029
PROA	157	PROA	162	0.529813
PROA	157	PROA	163	3.157895
PROA	157	PROA	164	0.244558
PROA	158	PROA	159	4.571429
PROA	158	PROA	160	3.785714
PROA	158	PROA	161	1.692228
PROA	158	PROA	162	3.703280
PROA	158	PROA	163	0.122628
PROA	158	PROA	164	0.911685
PROA	159	PROA	160	3.214286
PROA	159	PROA	161	0.725241
PROA	160	PROA	161	3.706786
PROA	160	PROA	162	3.240370
PROA	161	PROA	162	3.394514
PROA	161	PROA	163	0.553372
PROA	162	PROA	163	2.649065
PROA	162	PROA	164	2.646467
PROA	163	PROA	164	3.423812
PROA	163	PROA	165	0.052632
PROA	164	PROA	165	2.249934
PROA	164	PROA	166	0.385695
PROA	165	PROA	166	3.389401
PROA	165	PROA	167	0.397360
PROA	165	PROA	168	0.564288
PROA	166	PROA	167	5.222330
PROA	166	PROA	168	0.134840
PROA	167	PROA	168	2.969287
PROA	167	PROA	169	0.654654
PROA	168	PROA	169	2.535463
PROA	168	PROA	170	0.359092
PROA	168	PROA	171	3.394113
PROA	169	PROA	170	3.468440
PROA	169	PROA	171	0.836660
PROA	170	PROA	171	2.974453
PROA	170	PROA	172	0.702439
PROA	170	PROA	186	3.080214
PROA	170	PROA	188	1.835326
PROA	171	PROA	172	3.227486
PROA	171	PROA	331	0.070711
PROA	172	PROA	173	2.959800
PROA	172	PROA	174	0.258199
PROA	172	PROA	185	0.054554
PROA	172	PROA	186	1.370320
PROA	172	PROA	331	0.639010
PROA	172	PROA	336	0.058926
PROA	173	PROA	174	4.110961
PROA	173	PROA	175	0.433013
PROA	173	PROA	329	0.503115
PROA	173	PROA	330	0.053300
PROA	173	PROA	331	2.347871
PROA	174	PROA	175	3.834058
PROA	174	PROA	176	0.338062
PROA	174	PROA	206	0.084515
PROA	174	PROA	207	1.820340
PROA	175	PROA	176	4.551949
PROA	175	PROA	177	2.916667
PROA	175	PROA	178	3.780756
PROA	175	PROA	185	0.308607
PROA	175	PROA	205	0.440959
PROA	176	PROA	177	3.703280
PROA	176	PROA	178	0.518563
PROA	176	PROA	203	0.341882
PROA	176	PROA	204	3.232488
PROA	176	PROA	205	3.732556
PROA	176	PROA	206	0.285714
PROA	177	PROA	178	5.951190
PROA	177	PROA	202	0.087039
PROA	177	PROA	203	0.553912
PROA	177	PROA	204	0.327327
PROA	177	PROA	205	0.755929
PROA	178	PROA	185	2.916917
PROA	178	PROA	205	1.376066
PROA	185	PROA	186	4.209400
PROA	185	PROA	187	0.583212
PROA	185	PROA	198	2.943069
PROA	185	PROA	205	2.566132
PROA	185	PROA	209	0.183942
PROA	185	PROB	71	0.054554
PROA	186	PROA	187	2.591806
PROA	186	PROA	188	1.613743
PROA	186	PROA	198	0.296174
PROA	187	PROA	188	2.673169
PROA	187	PROA	189	0.276026
PROA	187	PROA	194	1.959916
PROA	187	PROA	198	1.551941
PROA	187	PROA	199	1.481917
PROA	187	PROA	233	0.238095
PROA	187	PROB	68	2.141057
PROA	187	PROB	69	1.501879
PROA	187	PROB	71	3.919832
PROA	188	PROA	189	3.952847
PROA	188	PROA	190	0.400892
PROA	188	PROA	194	2.602583
PROA	189	PROA	190	3.718679
PROA	189	PROA	191	0.064550
PROA	189	PROA	194	0.451848
PROA	190	PROA	191	3.164159
PROA	190	PROA	192	2.454951
PROA	190	PROA	193	0.699854
PROA	190	PROA	194	0.600099
PROA	191	PROA	192	2.000000
PROA	191	PROA	193	0.623610
PROA	191	PROA	194	2.250000
PROA	191	PROA	199	0.148522
PROA	191	PROA	228	0.045644
PROA	191	PROA	230	1.543033
PROA	191	PROA	231	0.783349
PROA	191	PROA	232	2.079310
PROA	191	PROA	233	2.405351
PROA	191	PROA	236	3.217980
PROA	191	PROB	68	0.948683
PROA	192	PROA	193	3.875288
PROA	192	PROA	194	0.500000
PROA	192	PROA	212	0.041667
PROA	192	PROA	216	0.307729
PROA	192	PROA	226	2.836833
PROA	192	PROA	227	0.046829
PROA	192	PROA	228	0.958514
PROA	192	PROA	229	1.363862
PROA	192	PROA	230	0.231455
PROA	192	PROA	231	0.043519
PROA	192	PROA	236	0.445566
PROA	193	PROA	194	1.737198
PROA	193	PROA	195	0.483046
PROA	193	PROA	212	0.579066
PROA	193	PROA	213	3.947710
PROA	193	PROA	216	1.776470
PROA	193	PROA	217	1.802254
PROA	193	PROA	220	0.845154
PROA	194	PROA	195	3.679334
PROA	194	PROA	196	0.381881
PROA	194	PROA	198	1.498537
PROA	194	PROA	199	2.574384
PROA	194	PROA	212	0.750000
PROA	194	PROA	213	0.061546
PROA	194	PROA	236	0.247537
PROA	194	PROA	240	0.046829
PROA	195	PROA	196	4.901895
PROA	195	PROA	197	1.959592
PROA	195	PROA	198	2.756810
PROA	195	PROA	199	1.303840
PROA	195	PROA	209	3.192096
PROA	195	PROA	212	2.646539
PROA	195	PROA	213	0.095346
PROA	195	PROA	301	0.774597
PROA	196	PROA	197	4.416420
PROA	196	PROA	198	0.735767
PROA	196	PROA	199	2.852096
PROA	196	PROA	200	2.023360
PROA	196	PROA	201	0.214286
PROA	196	PROA	212	2.727724
PROA	196	PROA	237	0.183942
PROA	196	PROA	240	0.919709
PROA	196	PROA	295	0.071429
PROA	196	PROA	296	3.107594
PROA	196	PROA	298	0.071429
PROA	196	PROA	301	1.527525
PROA	197	PROA	198	4.679556
PROA	197	PROA	199	0.626224
PROA	197	PROA	200	1.362402
PROA	197	PROA	201	3.243308
PROA	197	PROA	205	1.014185
PROA	197	PROA	206	0.069007
PROA	197	PROA	208	0.389249
PROA	197	PROA	209	1.540107
PROA	197	PROA	296	0.057735
PROA	197	PROA	298	2.139203
PROA	197	PROA	301	1.475730
PROA	198	PROA	199	2.615150
PROA	198	PROA	200	0.526316
PROA	198	PROA	201	0.551825
PROA	198	PROA	205	2.803507
PROA	198	PROA	209	1.842105
PROA	198	PROB	71	1.498537
PROA	199	PROA	200	3.060282
PROA	199	PROA	201	0.453743
PROA	199	PROA	212	0.049507
PROA	199	PROA	233	1.852396
PROA	199	PROA	236	1.529412
PROA	199	PROA	237	1.224113
PROA	199	PROA	240	1.001547
PROA	199	PROB	71	1.386207
PROA	200	PROA	201	4.169348
PROA	200	PROA	202	0.207514
PROA	200	PROA	233	1.051315
PROA	200	PROA	237	2.526316
PROA	200	PROA	255	1.210526
PROA	200	PROA	257	1.410220
PROA	200	PROA	260	2.684262
PROA	200	PROA	263	0.050063
PROA	200	PROA	264	0.684211
PROA	200	PROA	296	1.077277
PROA	200	PROB	71	1.217562
PROA	200	PROB	73	0.551825
PROA	201	PROA	202	3.223292
PROA	201	PROA	203	1.082625
PROA	201	PROA	205	1.458030
PROA	201	PROA	255	1.471534
PROA	201	PROA	256	1.839418
PROA	201	PROA	257	2.142857
PROA	201	PROB	71	1.472971
PROA	202	PROA	203	2.699862
PROA	202	PROA	205	1.381699
PROA	202	PROA	256	0.069171
PROA	202	PROA	257	0.322329
PROA	202	PROB	69	0.069171
PROA	202	PROB	70	0.363636
PROA	202	PROB	71	1.354006
PROA	203	PROA	204	3.465039
PROA	203	PROA	205	1.442251
PROA	203	PROA	256	3.472724
PROA	204	PROA	205	2.804273
PROA	204	PROA	206	0.606092
PROA	204	PROA	256	0.520266
PROA	205	PROA	206	3.032702
PROA	205	PROA	209	0.100125
PROA	205	PROB	71	0.489979
PROA	206	PROA	207	3.418817
PROA	206	PROA	208	2.981545
PROA	206	PROA	209	0.919709
PROA	206	PROA	298	0.642857
PROA	206	PROA	299	1.037126
PROA	207	PROA	208	2.442733
PROA	207	PROA	209	1.222790
PROA	207	PROA	210	0.061546
PROA	207	PROA	211	0.097823
PROA	208	PROA	209	3.804430
PROA	208	PROA	210	0.435194
PROA	208	PROA	211	2.005972
PROA	208	PROA	212	0.369274
PROA	208	PROA	298	2.659216
PROA	208	PROA	301	3.877382
PROA	208	PROA	302	0.069171
PROA	209	PROA	210	4.702090
PROA	209	PROA	211	0.526316
PROA	209	PROA	212	0.936586
PROA	209	PROA	213	0.415029
PROA	209	PROA	301	0.842927
PROA	210	PROA	211	2.649065
PROA	210	PROA	212	1.119586
PROA	210	PROA	213	3.046359
PROA	210	PROA	214	1.587713
PROA	210	PROA	215	0.109109
PROA	211	PROA	212	2.294635
PROA	211	PROA	213	0.899229
PROA	211	PROA	214	3.785360
PROA	211	PROA	215	1.040532
PROA	211	PROA	216	0.069171
PROA	211	PROA	293	2.281301
PROA	211	PROA	294	0.052632
PROA	211	PROA	301	1.358049
PROA	211	PROA	302	1.526316
PROA	211	PROA	303	0.177705
PROA	211	PROA	304	1.892680
PROA	211	PROA	307	1.305857
PROA	212	PROA	213	3.261925
PROA	212	PROA	214	0.561341
PROA	212	PROA	215	1.234427
PROA	212	PROA	216	1.907918
PROA	212	PROA	217	0.046829
PROA	212	PROA	228	1.688811
PROA	212	PROA	236	0.099015
PROA	212	PROA	240	1.826342
PROA	212	PROA	244	0.749269
PROA	212	PROA	293	0.445566
PROA	212	PROA	294	3.231221
PROA	212	PROA	295	1.036535
PROA	212	PROA	296	0.775940
PROA	212	PROA	301	2.125000
PROA	213	PROA	214	3.392003
PROA	213	PROA	215	1.481487
PROA	213	PROA	216	3.363636
PROA	213	PROA	217	1.729286
PROA	213	PROA	218	0.069171
PROA	214	PROA	215	4.346591
PROA	214	PROA	216	0.979912
PROA	214	PROA	217	2.122096
PROA	214	PROA	218	0.917663
PROA	214	PROA	293	0.848875
PROA	215	PROA	216	4.330502
PROA	215	PROA	217	1.127243
PROA	215	PROA	218	3.034885
PROA	215	PROA	219	1.434274
PROA	215	PROA	227	0.173422
PROA	215	PROA	290	1.560798
PROA	215	PROA	293	2.291746
PROA	215	PROA	294	2.948174
PROA	216	PROA	217	2.905201
PROA	216	PROA	218	0.899229
PROA	216	PROA	219	1.906925
PROA	216	PROA	220	0.934199
PROA	216	PROA	221	0.073127
PROA	216	PROA	227	2.628515
PROA	216	PROA	228	0.269680
PROA	216	PROA	290	0.069171
PROA	216	PROA	294	2.075143
PROA	217	PROA	218	2.000000
PROA	217	PROA	219	0.725476
PROA	217	PROA	220	2.132456
PROA	217	PROA	221	3.115923
PROA	217	PROA	222	0.052632
PROA	218	PROA	219	3.119548
PROA	218	PROA	220	0.651584
PROA	218	PROA	221	3.004640
PROA	218	PROA	222	2.578947
PROA	218	PROA	286	0.580381
PROA	218	PROA	289	0.105263
PROA	218	PROA	290	1.736842
PROA	218	PROA	293	0.945905
PROA	218	PROA	312	0.450564
PROA	219	PROA	220	3.347636
PROA	219	PROA	221	0.766965
PROA	219	PROA	222	2.829357
PROA	219	PROA	223	1.716233
PROA	219	PROA	224	0.084515
PROA	219	PROA	225	0.193649
PROA	219	PROA	227	3.047000
PROA	219	PROA	279	2.333452
PROA	219	PROA	290	1.523500
PROA	219	PROA	294	0.435286
PROA	220	PROA	221	3.193744
PROA	220	PROA	222	0.829288
PROA	220	PROA	223	1.868397
PROA	220	PROA	224	1.311125
PROA	220	PROA	225	1.739253
PROA	220	PROA	226	0.966092
PROA	220	PROA	227	0.355409
PROA	221	PROA	222	2.058735
PROA	221	PROA	223	0.658145
PROA	221	PROA	224	0.324102
PROA	222	PROA	223	3.666087
PROA	222	PROA	224	0.490511
PROA	222	PROA	279	2.051957
PROA	222	PROA	282	1.523500
PROA	222	PROA	283	0.066227
PROA	222	PROA	286	0.507833
PROA	222	PROA	287	0.473684
PROA	222	PROA	290	0.368421
PROA	222	PROA	312	0.050063
PROA	223	PROA	224	3.465039
PROA	223	PROA	225	3.631199
PROA	223	PROA	278	0.069171
PROA	223	PROA	279	2.224860
PROA	224	PROA	225	2.345842
PROA	224	PROA	226	0.071429
PROA	225	PROA	226	3.818813
PROA	225	PROA	227	0.327805
PROA	225	PROA	278	0.655610
PROA	225	PROA	279	0.136931
PROA	226	PROA	227	2.391243
PROA	226	PROA	228	0.836660
PROA	226	PROA	229	2.071429
PROA	227	PROA	228	4.770799
PROA	227	PROA	229	0.674453
PROA	227	PROA	243	1.105263
PROA	227	PROA	275	0.796098
PROA	227	PROA	278	0.894737
PROA	227	PROA	279	1.077277
PROA	227	PROA	290	0.052632
PROA	227	PROA	294	1.736842
PROA	228	PROA	229	3.525924
PROA	228	PROA	230	0.676123
PROA	228	PROA	236	2.006607
PROA	228	PROA	239	1.084652
PROA	228	PROA	240	3.796120
PROA	228	PROA	243	1.641565
PROA	228	PROA	244	1.128576
PROA	228	PROA	275	0.182574
PROA	228	PROA	294	1.231174
PROA	229	PROA	230	4.141625
PROA	229	PROA	231	0.626783
PROA	229	PROA	236	0.324102
PROA	229	PROA	239	2.592815
PROA	230	PROA	231	2.739798
PROA	230	PROA	232	1.375048
PROA	230	PROA	235	1.091089
PROA	230	PROA	236	3.850134
PROA	230	PROA	239	1.925067
PROA	231	PROA	232	3.619614
PROA	231	PROA	235	0.307729
PROA	231	PROA	239	0.051709
PROA	232	PROA	233	1.958248
PROA	232	PROA	234	0.667698
PROA	232	PROA	235	3.710742
PROA	232	PROA	236	1.000000
PROA	232	PROB	64	0.062622
PROA	233	PROA	234	4.005009
PROA	233	PROA	235	0.629941
PROA	233	PROA	236	1.111438
PROA	233	PROA	237	2.403006
PROA	233	PROB	67	0.097590
PROA	233	PROB	68	2.253745
PROA	233	PROB	71	0.979958
PROA	233	PROB	72	0.356348
PROA	233	PROB	73	2.974380
PROA	233	PROB	76	1.201503
PROA	234	PROA	235	2.649065
PROA	234	PROA	236	0.556415
PROA	234	PROA	237	2.052632
PROA	234	PROA	238	1.471534
PROA	234	PROA	239	0.055641
PROA	234	PROA	263	2.202755
PROA	234	PROB	73	2.391243
PROA	234	PROB	76	3.789474
PROA	234	PROB	77	2.636499
PROA	234	PROB	80	1.720618
PROA	235	PROA	236	2.660532
PROA	235	PROA	237	0.794719
PROA	235	PROA	238	2.700309
PROA	235	PROA	239	2.380476
PROA	235	PROA	240	0.066227
PROA	236	PROA	237	2.837716
PROA	236	PROA	238	0.583383
PROA	236	PROA	239	1.941176
PROA	236	PROA	240	2.559508
PROA	237	PROA	238	2.820441
PROA	237	PROA	239	0.556415
PROA	237	PROA	240	1.684211
PROA	237	PROA	241	1.210526
PROA	237	PROA	242	0.086711
PROA	237	PROA	263	1.201503
PROA	237	PROA	264	0.315789
PROA	237	PROA	267	0.052632
PROA	237	PROA	296	0.153897
PROA	237	PROB	73	1.226279
PROA	238	PROA	239	2.203893
PROA	238	PROA	240	0.613139
PROA	238	PROA	241	1.410220
PROA	238	PROA	242	1.111168
PROA	238	PROA	243	0.061314
PROA	238	PROA	263	0.699854
PROA	238	PROA	267	2.513871
PROA	238	PROA	270	0.170941
PROA	239	PROA	240	2.336943
PROA	239	PROA	241	0.389490
PROA	239	PROA	242	1.558387
PROA	239	PROA	243	0.778981
PROA	239	PROA	244	0.055641
PROA	240	PROA	241	3.210526
PROA	240	PROA	242	1.127243
PROA	240	PROA	243	0.894737
PROA	240	PROA	244	2.894737
PROA	240	PROA	245	0.260133
PROA	240	PROA	296	0.615587
PROA	241	PROA	242	3.034885
PROA	241	PROA	243	0.684211
PROA	241	PROA	244	0.842105
PROA	241	PROA	245	3.295018
PROA	241	PROA	246	3.112715
PROA	241	PROA	247	1.716790
PROA	241	PROA	264	2.105263
PROA	241	PROA	267	1.000000
PROA	241	PROA	268	0.061314
PROA	241	PROA	269	0.055641
PROA	241	PROA	270	1.956464
PROA	241	PROA	271	0.061314
PROA	241	PROA	296	0.256495
PROA	242	PROA	243	3.901995
PROA	242	PROA	244	0.433555
PROA	242	PROA	245	0.714286
PROA	242	PROA	270	1.289317
PROA	242	PROA	271	0.101015
PROA	242	PROA	273	0.944911
PROA	243	PROA	244	3.526316
PROA	243	PROA	245	0.693688
PROA	243	PROA	271	0.061314
PROA	243	PROA	272	0.684762
PROA	243	PROA	273	4.530961
PROA	243	PROA	275	1.077074
PROA	243	PROA	278	3.000000
PROA	244	PROA	245	3.295018
PROA	244	PROA	271	0.061314
PROA	244	PROA	272	2.885784
PROA	244	PROA	273	0.229416
PROA	244	PROA	275	0.936586
PROA	244	PROA	294	1.157895
PROA	244	PROA	295	0.551825
PROA	244	PROA	296	1.795462
PROA	245	PROA	246	3.760699
PROA	245	PROA	247	0.808122
PROA	245	PROA	270	1.933975
PROA	245	PROA	271	2.020305
PROA	245	PROA	272	2.336887
PROA	246	PROA	247	5.399014
PROA	246	PROA	248	0.454545
PROA	246	PROA	264	0.069171
PROA	246	PROA	268	0.241747
PROA	246	PROA	269	2.632581
PROA	246	PROA	270	2.314168
PROA	246	PROA	271	0.161165
PROA	247	PROA	248	3.384456
PROA	247	PROA	249	0.194461
PROA	247	PROA	251	2.546005
PROA	247	PROA	252	2.881755
PROA	247	PROA	255	0.183942
PROA	247	PROA	264	1.226279
PROA	247	PROA	296	1.553797
PROA	248	PROA	249	3.071344
PROA	248	PROA	250	1.790548
PROA	248	PROA	251	4.438980
PROA	248	PROA	252	1.314257
PROA	248	PROA	253	0.080582
PROA	248	PROA	300	0.514259
PROA	249	PROA	250	2.317030
PROA	249	PROA	251	0.840168
PROA	249	PROA	252	3.227206
PROA	249	PROA	253	1.231587
PROA	249	PROA	254	0.073127
PROA	249	PROA	265	0.778981
PROA	250	PROA	251	3.726780
PROA	250	PROA	252	0.710819
PROA	250	PROA	253	1.380131
PROA	250	PROA	254	0.778499
PROA	250	PROA	297	0.483046
PROA	250	PROA	300	2.422120
PROA	251	PROA	252	2.715291
PROA	251	PROA	253	0.925820
PROA	251	PROA	254	2.088932
PROA	251	PROA	255	0.728493
PROA	251	PROA	296	0.451848
PROA	251	PROA	297	3.317522
PROA	251	PROA	300	1.846372
PROA	252	PROA	253	2.391243
PROA	252	PROA	254	1.037572
PROA	252	PROA	255	3.157895
PROA	252	PROA	261	2.013659
PROA	252	PROA	264	1.421053
PROA	252	PROA	265	1.684211
PROA	252	PROA	296	0.051299
PROA	253	PROA	254	2.900963
PROA	253	PROA	255	0.735767
PROA	253	PROA	261	1.963961
PROA	254	PROA	255	2.836029
PROA	254	PROA	256	0.484200
PROA	254	PROA	297	2.095140
PROA	254	PROA	298	0.966988
PROA	254	PROA	299	0.511891
PROA	254	PROA	300	0.064282
PROA	255	PROA	256	2.894737
PROA	255	PROA	257	2.329929
PROA	255	PROA	258	0.105263
PROA	255	PROA	260	1.813691
PROA	255	PROA	261	2.903416
PROA	255	PROA	264	0.842105
PROA	255	PROA	296	1.231174
PROA	256	PROA	257	2.820441
PROA	256	PROA	258	0.684211
PROA	256	PROA	261	0.561951
PROA	257	PROA	258	2.697813
PROA	257	PROA	259	2.165251
PROA	257	PROA	260	5.493503
PROA	257	PROA	261	0.490990
PROA	257	PROB	71	1.145644
PROA	257	PROB	72	0.218218
PROA	257	PROB	73	0.357143
PROA	258	PROA	259	2.739050
PROA	258	PROA	260	0.870572
PROA	258	PROA	261	3.605855
PROA	258	PROA	262	0.797081
PROA	259	PROA	260	2.629379
PROA	259	PROA	261	0.435194
PROA	259	PROA	262	1.709409
PROA	259	PROA	263	0.418718
PROA	259	PROB	14	0.227921
PROA	259	PROB	16	0.341882
PROA	259	PROB	19	1.230915
PROA	259	PROB	71	0.043519
PROA	259	PROB	72	3.089878
PROA	259	PROB	73	0.284901
PROA	259	PROB	74	1.046278
PROA	260	PROA	261	2.581989
PROA	260	PROA	262	0.845154
PROA	260	PROA	263	1.449138
PROA	260	PROA	264	1.305857
PROA	260	PROA	265	0.072548
PROA	260	PROB	71	0.064550
PROA	260	PROB	73	1.014185
PROA	261	PROA	262	2.182179
PROA	261	PROA	263	0.445435
PROA	261	PROA	264	0.936586
PROA	261	PROA	265	1.170732
PROA	261	PROA	266	0.061546
PROA	262	PROA	263	2.391169
PROA	262	PROA	264	0.613139
PROA	262	PROA	265	1.226279
PROA	262	PROA	266	1.531064
PROA	262	PROA	267	0.061314
PROA	262	PROB	74	0.308607
PROA	263	PROA	264	3.103882
PROA	263	PROA	265	0.550689
PROA	263	PROA	266	1.579084
PROA	263	PROA	267	2.052567
PROA	263	PROB	73	4.199125
PROA	263	PROB	74	2.834734
PROA	263	PROB	77	2.274526
PROA	264	PROA	265	2.368421
PROA	264	PROA	266	0.622543
PROA	264	PROA	267	2.315789
PROA	264	PROA	269	0.278207
PROA	264	PROA	296	0.666886
PROA	265	PROA	266	2.628515
PROA	265	PROA	267	0.842105
PROA	265	PROA	269	1.669245
PROA	266	PROA	267	2.766858
PROA	266	PROA	268	0.483494
PROA	267	PROA	268	5.027743
PROA	267	PROA	269	0.556415
PROA	267	PROA	270	0.097823
PROA	268	PROA	269	2.657635
PROA	268	PROA	270	2.165251
PROA	269	PROA	270	3.154235
PROA	269	PROA	271	0.129641
PROA	270	PROA	271	2.735054
PROA	270	PROA	272	0.090909
PROA	271	PROA	272	2.393172
PROA	271	PROA	273	0.534522
PROA	272	PROA	273	2.878210
PROA	272	PROA	274	0.740744
PROA	272	PROA	275	0.913908
PROA	272	PROA	291	1.415552
PROA	273	PROA	274	4.476626
PROA	273	PROA	275	0.408248
PROA	273	PROA	277	1.632993
PROA	273	PROA	278	1.491202
PROA	274	PROA	275	1.745743
PROA	274	PROA	276	1.071429
PROA	274	PROA	277	5.182675
PROA	274	PROA	278	0.245256
PROA	275	PROA	276	2.018515
PROA	275	PROA	277	0.583333
PROA	275	PROA	278	1.545367
PROA	275	PROA	279	2.008316
PROA	275	PROA	287	3.278050
PROA	275	PROA	290	2.528782
PROA	275	PROA	291	3.653385
PROA	275	PROA	294	1.873172
PROA	276	PROA	277	2.345842
PROA	276	PROA	278	0.674453
PROA	276	PROA	279	2.151411
PROA	276	PROA	280	1.928571
PROA	276	PROA	282	0.422577
PROA	276	PROA	287	2.452557
PROA	277	PROA	278	2.622440
PROA	277	PROA	279	0.502079
PROA	277	PROA	280	0.109109
PROA	278	PROA	279	4.719500
PROA	278	PROA	280	0.674453
PROA	279	PROA	280	2.928310
PROA	279	PROA	281	0.597614
PROA	279	PROA	282	2.262742
PROA	279	PROA	287	1.590266
PROA	279	PROA	290	0.923381
PROA	280	PROA	281	3.714286
PROA	280	PROA	282	0.676123
PROA	281	PROA	282	3.465132
PROA	281	PROA	283	0.308607
PROA	282	PROA	283	3.377622
PROA	282	PROA	284	0.476731
PROA	282	PROA	286	0.400000
PROA	282	PROA	287	3.119548
PROA	283	PROA	284	3.742670
PROA	283	PROA	285	2.954196
PROA	283	PROA	286	2.282177
PROA	283	PROA	287	0.728493
PROA	283	PROA	288	0.083333
PROA	283	PROA	312	0.251976
PROA	284	PROA	285	3.085557
PROA	284	PROA	286	1.144155
PROA	284	PROA	287	1.729286
PROA	284	PROA	288	1.305582
PROA	285	PROA	286	3.033899
PROA	285	PROA	287	0.342381
PROA	285	PROA	288	1.907918
PROA	285	PROA	289	0.586939
PROA	285	PROA	290	0.048912
PROA	285	PROA	311	0.569803
PROA	285	PROA	312	3.396267
PROA	286	PROA	287	3.917572
PROA	286	PROA	288	1.186732
PROA	286	PROA	289	1.160762
PROA	286	PROA	290	1.015667
PROA	286	PROA	312	2.967282
PROA	287	PROA	288	2.384158
PROA	287	PROA	289	0.368421
PROA	287	PROA	290	2.842105
PROA	287	PROA	291	0.728493
PROA	288	PROA	289	2.649065
PROA	288	PROA	290	0.662266
PROA	288	PROA	291	1.416667
PROA	288	PROA	292	0.984732
PROA	288	PROA	310	0.070014
PROA	288	PROA	311	0.077152
PROA	289	PROA	290	2.105263
PROA	289	PROA	291	0.596040
PROA	289	PROA	292	2.298845
PROA	289	PROA	293	3.672338
PROA	289	PROA	302	1.368421
PROA	289	PROA	307	3.119548
PROA	289	PROA	310	3.672338
PROA	289	PROA	312	0.600751
PROA	289	PROA	313	1.052632
PROA	290	PROA	291	3.112651
PROA	290	PROA	292	0.635851
PROA	290	PROA	293	2.336943
PROA	290	PROA	294	2.894737
PROA	291	PROA	292	2.831104
PROA	291	PROA	293	0.560112
PROA	291	PROA	294	0.927173
PROA	291	PROA	295	0.925820
PROA	292	PROA	293	2.275186
PROA	292	PROA	294	0.391293
PROA	292	PROA	295	1.253566
PROA	292	PROA	301	0.478714
PROA	292	PROA	302	3.668370
PROA	292	PROA	310	1.706389
PROA	293	PROA	294	3.060282
PROA	293	PROA	295	0.777844
PROA	293	PROA	301	0.891133
PROA	293	PROA	302	1.836169
PROA	293	PROA	307	1.303840
PROA	293	PROA	313	0.055641
PROA	294	PROA	295	2.575185
PROA	294	PROA	296	0.205196
PROA	294	PROA	301	0.280976
PROA	295	PROA	296	2.569742
PROA	295	PROA	297	2.857143
PROA	295	PROA	298	0.214286
PROA	295	PROA	300	1.937330
PROA	295	PROA	301	4.909903
PROA	295	PROA	302	0.122628
PROA	296	PROA	297	3.107594
PROA	296	PROA	298	0.597614
PROA	296	PROA	301	0.867227
PROA	297	PROA	298	4.357143
PROA	297	PROA	299	1.620509
PROA	297	PROA	300	4.729364
PROA	297	PROA	301	1.200198
PROA	298	PROA	299	4.537426
PROA	298	PROA	300	0.455842
PROA	298	PROA	301	3.709704
PROA	299	PROA	300	2.585438
PROA	299	PROA	301	0.742611
PROA	300	PROA	301	1.610218
PROA	300	PROA	302	0.342381
PROA	301	PROA	302	2.435123
PROA	301	PROA	303	0.210819
PROA	302	PROA	303	3.435623
PROA	302	PROA	304	0.172062
PROA	302	PROA	306	2.114377
PROA	302	PROA	307	3.917572
PROA	302	PROA	310	1.335396
PROA	303	PROA	304	2.711088
PROA	303	PROA	305	0.733333
PROA	303	PROA	306	2.818009
PROA	303	PROA	307	1.061446
PROA	303	PROA	308	0.059235
PROA	304	PROA	305	3.550235
PROA	304	PROA	306	0.727607
PROA	304	PROA	307	1.897367
PROA	304	PROA	308	1.663264
PROA	304	PROA	309	0.079057
PROA	305	PROA	306	2.692764
PROA	305	PROA	307	0.734847
PROA	305	PROA	308	3.020979
PROA	305	PROA	309	0.979796
PROA	305	PROA	322	0.066667
PROA	306	PROA	307	2.991163
PROA	306	PROA	308	0.556415
PROA	306	PROA	309	1.303840
PROA	306	PROA	310	1.294118
PROA	307	PROA	308	2.974453
PROA	307	PROA	309	1.300000
PROA	307	PROA	310	2.377591
PROA	307	PROA	313	0.725476
PROA	308	PROA	309	3.047000
PROA	308	PROA	310	0.556415
PROA	308	PROA	313	1.631579
PROA	308	PROA	317	1.752192
PROA	309	PROA	310	3.221253
PROA	309	PROA	311	0.507093
PROA	309	PROA	313	0.435286
PROA	309	PROA	314	0.163299
PROA	309	PROA	317	3.243308
PROA	310	PROA	311	4.472606
PROA	310	PROA	312	0.635107
PROA	310	PROA	313	1.836169
PROA	310	PROA	314	0.563602
PROA	311	PROA	312	2.391169
PROA	311	PROA	313	0.551825
PROA	311	PROA	314	2.484236
PROA	311	PROA	315	0.064820
PROA	312	PROA	313	2.603256
PROA	312	PROA	314	0.619780
PROA	312	PROA	315	0.052926
PROA	312	PROA	316	0.095238
PROA	313	PROA	314	2.191691
PROA	313	PROA	315	0.389490
PROA	313	PROA	316	1.251565
PROA	313	PROA	317	0.901127
PROA	314	PROA	315	3.005877
PROA	314	PROA	316	0.732467
PROA	314	PROA	317	1.915683
PROA	315	PROA	316	2.540429
PROA	315	PROA	317	0.476331
PROA	316	PROA	317	1.809524
PROA	316	PROA	318	0.314970
PROA	317	PROA	318	4.346591
PROA	317	PROA	319	4.432410
PROA	318	PROA	319	4.474797
PROA	318	PROA	320	3.742670
PROA	319	PROA	320	3.787368
PROA	319	PROA	321	0.308607
PROA	320	PROA	321	2.959320
PROA	320	PROA	322	0.233550
PROA	321	PROA	322	4.546672
PROA	321	PROA	323	0.308607
PROA	322	PROA	323	4.278406
PROA	322	PROA	324	0.355409
PROA	323	PROA	324	2.820441
PROA	323	PROA	325	0.845154
PROA	324	PROA	325	3.409738
PROA	325	PROA	326	3.265986
PROA	325	PROA	327	0.400000
PROA	326	PROA	327	4.409082
PROA	327	PROA	328	5.155441
PROA	327	PROA	329	0.353553
PROA	328	PROA	329	2.211173
PROA	328	PROA	330	0.455842
PROA	329	PROA	330	3.527812
PROA	329	PROA	331	1.200000
PROA	330	PROA	331	2.812715
PROA	330	PROA	332	1.046278
PROA	331	PROA	332	2.969287
PROA	331	PROA	333	0.650791
PROA	331	PROA	335	0.051299
PROA	332	PROA	333	3.500700
PROA	332	PROA	335	0.066227
PROA	332	PROA	350	0.149071
PROA	333	PROA	334	4.195703
PROA	333	PROA	335	2.114377
PROA	333	PROA	338	1.335396
PROA	333	PROA	346	0.612056
PROA	334	PROA	335	3.139449
PROA	334	PROA	336	0.894427
PROA	334	PROA	337	0.223607
PROA	334	PROA	338	0.473879
PROA	335	PROA	336	2.649065
PROA	335	PROA	337	0.463586
PROA	335	PROA	338	2.526316
PROA	335	PROA	343	1.263158
PROA	335	PROA	346	0.789474
PROA	336	PROA	337	4.000000
PROA	336	PROA	338	0.662266
PROA	337	PROA	338	2.847745
PROA	337	PROA	339	0.540062
PROA	338	PROA	339	4.353289
PROA	338	PROA	340	0.195646
PROA	338	PROA	342	2.739050
PROA	338	PROA	343	2.736842
PROA	338	PROA	346	1.315789
PROA	339	PROA	340	2.336192
PROA	339	PROA	341	2.139203
PROA	339	PROA	342	3.190896
PROA	339	PROA	343	1.410220
PROA	340	PROA	341	2.862506
PROA	340	PROA	342	0.409091
PROA	340	PROA	343	2.152110
PROA	340	PROA	344	0.590909
PROA	340	PROA	345	0.055048
PROA	341	PROA	342	2.422120
PROA	341	PROA	343	0.770054
PROA	341	PROA	344	2.367072
PROA	341	PROA	345	0.800000
PROA	342	PROA	343	2.249934
PROA	342	PROA	344	0.454545
PROA	342	PROA	345	2.807458
PROA	342	PROA	346	2.445580
PROA	343	PROA	344	1.858641
PROA	343	PROA	345	0.888523
PROA	343	PROA	346	3.210526
PROA	343	PROA	347	0.736842
PROA	343	PROA	348	0.051299
PROA	344	PROA	345	2.312024
PROA	344	PROA	346	0.391293
PROA	344	PROA	347	0.929320
PROA	344	PROA	348	0.715097
PROA	345	PROA	346	2.784040
PROA	345	PROA	347	0.473879
PROA	345	PROA	348	1.789786
PROA	345	PROA	349	1.666667
PROA	345	PROA	350	0.066667
PROA	346	PROA	347	2.210526
PROA	346	PROA	348	0.564288
PROA	346	PROA	349	1.362402
PROA	346	PROA	350	1.599342
PROA	346	PROA	351	0.061314
PROA	347	PROA	348	2.000658
PROA	347	PROA	349	0.710819
PROA	347	PROA	350	1.836282
PROA	347	PROA	351	2.759127
PROA	348	PROA	349	3.464102
PROA	348	PROA	350	0.519615
PROA	348	PROA	351	1.494036
PROA	348	PROA	352	0.636396
PROA	349	PROA	350	2.533333
PROA	349	PROA	351	0.828079
PROA	349	PROA	352	1.796292
PROA	350	PROA	351	3.243308
PROA	350	PROA	352	0.734847
PROA	350	PROA	353	0.158114
PROA	351	PROA	352	3.296102
PROA	351	PROA	353	0.490990
PROA	351	PROA	354	0.896421
PROA	351	PROA	355	1.620509
PROA	352	PROA	353	3.098387
PROA	352	PROA	354	0.636396
PROA	352	PROA	355	1.994109
PROA	352	PROA	358	0.759072
PROA	353	PROA	354	2.510395
PROA	353	PROA	355	0.445566
PROA	353	PROA	358	4.187093
PROA	353	PROA	359	0.083333
PROA	354	PROA	355	3.416655
PROA	354	PROA	356	0.358569
PROA	355	PROA	356	4.342965
PROA	355	PROA	357	0.458349
PROA	355	PROA	358	1.270215
PROA	355	PROA	359	0.049507
PROA	356	PROA	357	2.929442
PROA	356	PROA	358	0.524891
PROA	356	PROA	359	0.054554
PROA	357	PROA	358	2.556837
PROA	357	PROA	359	1.002972
PROA	358	PROA	359	4.587985
PROA	358	PROA	360	0.251976
PROA	359	PROA	360	2.592725
PROB	1	PROB	2	2.991163
PROB	1	PROB	3	0.500979
PROB	1	PROB	4	1.693620
PROB	1	PROB	5	0.916698
PROB	1	PROB	6	0.064820
PROB	1	PROB	57	1.913224
PROB	2	PROB	3	3.674235
PROB	2	PROB	4	1.035098
PROB	2	PROB	5	2.031889
PROB	2	PROB	6	1.605793
PROB	2	PROB	7	0.072548
PROB	3	PROB	4	2.253745
PROB	3	PROB	5	0.780720
PROB	3	PROB	6	1.725164
PROB	3	PROB	7	0.770054
PROB	3	PROB	82	1.014185
PROB	3	PROB	86	2.259240
PROB	3	PROB	89	0.057735
PROB	4	PROB	5	3.546580
PROB	4	PROB	6	0.816497
PROB	4	PROB	7	1.802254
PROB	4	PROB	8	2.953694
PROB	4	PROB	9	0.052926
PROB	4	PROB	50	1.070529
PROB	4	PROB	55	1.201503
PROB	4	PROB	56	1.511858
PROB	4	PROB	57	3.814985
PROB	4	PROB	60	0.901127
PROB	4	PROB	82	1.476190
PROB	5	PROB	6	3.737564
PROB	5	PROB	7	0.867110
PROB	5	PROB	8	2.167775
PROB	5	PROB	9	1.558387
PROB	6	PROB	7	2.881755
PROB	6	PROB	8	0.797081
PROB	6	PROB	9	1.879791
PROB	6	PROB	10	1.928792
PROB	6	PROB	11	0.061314
PROB	7	PROB	8	3.947368
PROB	7	PROB	9	0.723339
PROB	7	PROB	10	1.920572
PROB	7	PROB	11	3.263158
PROB	7	PROB	12	0.061314
PROB	7	PROB	60	1.000000
PROB	7	PROB	63	0.052632
PROB	7	PROB	78	1.947452
PROB	7	PROB	79	2.752989
PROB	7	PROB	82	2.603256
PROB	8	PROB	9	2.726433
PROB	8	PROB	10	0.596040
PROB	8	PROB	11	2.894737
PROB	8	PROB	12	1.164965
PROB	8	PROB	13	0.061314
PROB	8	PROB	46	1.846761
PROB	8	PROB	50	0.888523
PROB	8	PROB	55	2.526316
PROB	8	PROB	60	0.157895
PROB	8	PROB	63	0.052632
PROB	9	PROB	10	2.590518
PROB	9	PROB	11	0.667698
PROB	9	PROB	12	3.241019
PROB	9	PROB	13	0.842665
PROB	9	PROB	43	0.292509
PROB	10	PROB	11	2.450385
PROB	10	PROB	12	1.080123
PROB	10	PROB	13	2.083095
PROB	10	PROB	14	0.462910
PROB	10	PROB	78	1.330266
PROB	11	PROB	12	3.004383
PROB	11	PROB	13	0.797081
PROB	11	PROB	14	1.042337
PROB	11	PROB	15	1.368421
PROB	11	PROB	46	2.411049
PROB	11	PROB	60	0.052632
PROB	11	PROB	63	0.736842
PROB	11	PROB	67	1.179875
PROB	11	PROB	75	2.631579
PROB	11	PROB	78	1.724886
PROB	11	PROB	79	1.032371
PROB	12	PROB	13	3.214286
PROB	12	PROB	14	0.642857
PROB	12	PROB	15	1.532848
PROB	12	PROB	42	1.414214
PROB	12	PROB	43	3.384456
PROB	12	PROB	46	1.912366
PROB	13	PROB	14	3.071429
PROB	13	PROB	15	0.490511
PROB	14	PROB	15	2.881755
PROB	14	PROB	16	0.714286
PROB	14	PROB	19	0.077152
PROB	14	PROB	72	1.309307
PROB	14	PROB	74	1.465882
PROB	14	PROB	75	1.655476
PROB	14	PROB	78	0.453743
PROB	15	PROB	16	4.353289
PROB	15	PROB	19	0.596040
PROB	15	PROB	20	2.368421
PROB	15	PROB	23	1.210526
PROB	15	PROB	41	0.061314
PROB	15	PROB	42	2.688041
PROB	15	PROB	45	0.842927
PROB	15	PROB	46	1.282473
PROB	15	PROB	67	0.051299
PROB	15	PROB	72	0.234146
PROB	15	PROB	75	1.947368
PROB	16	PROB	17	2.513871
PROB	16	PROB	18	0.897085
PROB	16	PROB	19	4.474797
PROB	16	PROB	20	1.164965
PROB	16	PROB	21	0.069007
PROB	16	PROB	72	0.054554
PROB	17	PROB	18	3.198684
PROB	17	PROB	19	0.860946
PROB	17	PROB	20	2.052632
PROB	17	PROB	21	1.777047
PROB	17	PROB	40	3.985406
PROB	18	PROB	19	3.130495
PROB	18	PROB	20	0.592349
PROB	18	PROB	21	1.866667
PROB	18	PROB	22	0.751469
PROB	19	PROB	20	2.649065
PROB	19	PROB	21	0.819892
PROB	19	PROB	22	1.750350
PROB	19	PROB	23	0.927173
PROB	19	PROB	72	1.355288
PROB	20	PROB	21	2.843275
PROB	20	PROB	22	0.778981
PROB	20	PROB	23	3.210526
PROB	20	PROB	24	2.347757
PROB	20	PROB	25	0.069171
PROB	20	PROB	39	0.842105
PROB	20	PROB	40	0.981023
PROB	20	PROB	41	1.471534
PROB	20	PROB	42	1.907642
PROB	20	PROB	44	0.072548
PROB	20	PROB	45	2.528782
PROB	21	PROB	22	2.755387
PROB	21	PROB	23	0.710819
PROB	21	PROB	24	2.422120
PROB	21	PROB	25	1.790548
PROB	21	PROB	26	0.081650
PROB	22	PROB	23	2.726433
PROB	22	PROB	24	0.465379
PROB	22	PROB	25	2.266945
PROB	22	PROB	26	0.920358
PROB	22	PROB	70	0.731272
PROB	23	PROB	24	2.005376
PROB	23	PROB	25	0.968400
PROB	23	PROB	26	2.176429
PROB	23	PROB	27	1.314257
PROB	23	PROB	28	0.048912
PROB	23	PROB	45	1.779513
PROB	23	PROB	66	3.210526
PROB	23	PROB	67	1.282473
PROB	23	PROB	70	2.697686
PROB	23	PROB	72	1.123903
PROB	23	PROB	75	1.368421
PROB	24	PROB	25	2.507015
PROB	24	PROB	26	1.011300
PROB	24	PROB	27	2.378450
PROB	24	PROB	28	1.318182
PROB	24	PROB	29	0.055048
PROB	24	PROB	36	2.442733
PROB	24	PROB	37	1.045916
PROB	24	PROB	39	2.396668
PROB	24	PROB	40	0.284901
PROB	24	PROB	45	0.957427
PROB	25	PROB	26	4.195235
PROB	25	PROB	27	0.909091
PROB	25	PROB	28	1.671343
PROB	25	PROB	29	1.012049
PROB	25	PROB	30	0.087039
PROB	26	PROB	27	3.813850
PROB	26	PROB	28	0.943880
PROB	26	PROB	29	1.551344
PROB	26	PROB	30	0.912871
PROB	26	PROB	66	3.772477
PROB	26	PROB	69	1.450953
PROB	26	PROB	70	0.858116
PROB	27	PROB	28	2.892710
PROB	27	PROB	29	0.622799
PROB	27	PROB	30	1.914854
PROB	27	PROB	31	0.553372
PROB	27	PROB	45	0.861640
PROB	27	PROB	49	0.069171
PROB	27	PROB	62	1.381699
PROB	27	PROB	66	3.527744
PROB	28	PROB	29	2.036783
PROB	28	PROB	30	0.923186
PROB	28	PROB	31	0.684762
PROB	28	PROB	32	0.911685
PROB	28	PROB	33	2.764145
PROB	28	PROB	34	0.220193
PROB	28	PROB	36	0.964237
PROB	28	PROB	37	1.211060
PROB	29	PROB	30	3.503173
PROB	29	PROB	31	0.118470
PROB	30	PROB	31	4.569637
PROB	30	PROB	32	0.540062
PROB	30	PROB	62	1.574852
PROB	30	PROB	66	0.264906
PROB	31	PROB	32	4.843801
PROB	31	PROB	33	0.484200
PROB	31	PROB	62	0.300376
PROB	32	PROB	33	2.900963
PROB	32	PROB	34	0.138013
PROB	33	PROB	34	3.736795
PROB	33	PROB	35	1.735626
PROB	33	PROB	36	1.363636
PROB	33	PROB	37	0.077850
PROB	33	PROB	48	0.337100
PROB	34	PROB	35	4.128614
PROB	34	PROB	36	0.544949
PROB	34	PROB	37	1.000000
PROB	35	PROB	36	2.442733
PROB	35	PROB	37	0.605530
PROB	35	PROB	38	0.055048
PROB	35	PROB	39	0.048912
PROB	35	PROB	48	0.762770
PROB	36	PROB	37	4.048195
PROB	36	PROB	38	0.622799
PROB	36	PROB	39	2.628515
PROB	36	PROB	45	0.061546
PROB	36	PROB	48	2.494539
PROB	37	PROB	38	3.200000
PROB	37	PROB	39	0.710819
PROB	37	PROB	40	0.069007
PROB	38	PROB	39	2.606335
PROB	38	PROB	40	0.759072
PROB	39	PROB	40	3.494894
PROB	39	PROB	41	1.348907
PROB	39	PROB	44	3.192096
PROB	39	PROB	45	1.639025
PROB	39	PROB	48	1.641565
PROB	40	PROB	41	3.714286
PROB	40	PROB	42	0.202031
PROB	40	PROB	44	0.338062
PROB	41	PROB	42	3.838580
PROB	41	PROB	43	1.208734
PROB	41	PROB	44	4.056740
PROB	41	PROB	45	0.600099
PROB	42	PROB	43	3.874660
PROB	42	PROB	44	1.912366
PROB	42	PROB	45	1.851640
PROB	42	PROB	46	2.366432
PROB	42	PROB	47	0.113961
PROB	43	PROB	44	3.623158
PROB	43	PROB	45	0.738549
PROB	43	PROB	46	2.629379
PROB	43	PROB	47	1.272727
PROB	43	PROB	48	0.067420
PROB	44	PROB	45	2.517439
PROB	44	PROB	46	0.777817
PROB	44	PROB	47	2.383656
PROB	44	PROB	48	0.989949
PROB	45	PROB	46	3.286335
PROB	45	PROB	47	0.738549
PROB	45	PROB	48	2.053960
PROB	45	PROB	49	4.027319
PROB	45	PROB	50	0.052705
PROB	45	PROB	63	0.655610
PROB	45	PROB	66	1.030244
PROB	45	PROB	67	0.593366
PROB	45	PROB	75	0.046829
PROB	46	PROB	47	2.764219
PROB	46	PROB	48	0.550000
PROB	46	PROB	49	2.667544
PROB	46	PROB	50	1.154701
PROB	46	PROB	55	2.000658
PROB	46	PROB	63	0.564288
PROB	46	PROB	67	0.250000
PROB	47	PROB	48	2.629379
PROB	47	PROB	49	0.484200
PROB	47	PROB	50	1.712698
PROB	47	PROB	51	1.636364
PROB	48	PROB	49	2.821440
PROB	48	PROB	50	0.519615
PROB	48	PROB	51	1.887760
PROB	48	PROB	52	3.416655
PROB	49	PROB	50	2.843275
PROB	49	PROB	51	0.691714
PROB	49	PROB	52	1.446679
PROB	49	PROB	53	0.490511
PROB	49	PROB	54	2.201022
PROB	49	PROB	55	3.947368
PROB	49	PROB	62	0.550689
PROB	49	PROB	63	1.368421
PROB	50	PROB	51	2.958296
PROB	50	PROB	52	0.814092
PROB	50	PROB	53	1.794170
PROB	50	PROB	54	0.330289
PROB	50	PROB	55	4.561086
PROB	50	PROB	56	0.447214
PROB	50	PROB	57	0.110096
PROB	51	PROB	52	3.436980
PROB	51	PROB	53	1.369899
PROB	52	PROB	53	3.111378
PROB	52	PROB	54	2.171768
PROB	53	PROB	54	2.393172
PROB	53	PROB	55	1.042337
PROB	53	PROB	56	0.231455
PROB	53	PROB	59	0.500000
PROB	54	PROB	55	2.054287
PROB	54	PROB	56	0.061546
PROB	54	PROB	59	1.880350
PROB	54	PROB	62	3.908034
PROB	54	PROB	63	0.097823
PROB	55	PROB	56	3.907370
PROB	55	PROB	59	1.103651
PROB	55	PROB	60	1.631579
PROB	55	PROB	63	2.578947
PROB	56	PROB	57	5.046751
PROB	56	PROB	58	2.250000
PROB	56	PROB	59	3.394674
PROB	56	PROB	60	1.192079
PROB	57	PROB	58	2.831104
PROB	57	PROB	59	0.569803
PROB	57	PROB	60	0.929320
PROB	57	PROB	82	0.511766
PROB	58	PROB	59	3.163219
PROB	58	PROB	60	0.596040
PROB	59	PROB	60	3.494894
PROB	59	PROB	61	1.611646
PROB	59	PROB	62	0.991460
PROB	59	PROB	63	0.061314
PROB	60	PROB	61	2.351829
PROB	60	PROB	62	0.400501
PROB	60	PROB	63	2.947368
PROB	60	PROB	64	0.770054
PROB	60	PROB	79	3.097112
PROB	60	PROB	82	1.501879
PROB	60	PROB	83	1.920001
PROB	60	PROB	87	0.052632
PROB	61	PROB	62	2.960783
PROB	61	PROB	63	0.553372
PROB	61	PROB	64	3.503245
PROB	61	PROB	65	1.828181
PROB	61	PROB	83	0.984732
PROB	62	PROB	63	2.553193
PROB	62	PROB	64	0.957841
PROB	62	PROB	65	2.487504
PROB	62	PROB	66	2.002505
PROB	62	PROB	67	0.048795
PROB	63	PROB	64	2.843275
PROB	63	PROB	65	0.667698
PROB	63	PROB	66	1.789474
PROB	63	PROB	67	3.744821
PROB	63	PROB	68	0.059235
PROB	63	PROB	79	1.261787
PROB	64	PROB	65	2.567520
PROB	64	PROB	66	0.592349
PROB	64	PROB	67	1.789786
PROB	64	PROB	68	0.800000
PROB	64	PROB	69	0.059235
PROB	64	PROB	76	3.435623
PROB	64	PROB	79	0.193649
PROB	64	PROB	80	0.064550
PROB	64	PROB	83	2.002776
PROB	65	PROB	66	2.114377
PROB	65	PROB	67	0.596559
PROB	65	PROB	68	1.502938
PROB	65	PROB	69	0.890264
PROB	65	PROB	70	0.073127
PROB	66	PROB	67	2.872739
PROB	66	PROB	68	0.651584
PROB	66	PROB	69	2.105263
PROB	66	PROB	70	2.144315
PROB	66	PROB	71	0.046829
PROB	67	PROB	68	2.367136
PROB	67	PROB	69	0.666886
PROB	67	PROB	70	1.618080
PROB	67	PROB	71	0.410792
PROB	67	PROB	72	2.282177
PROB	67	PROB	73	0.119523
PROB	67	PROB	75	3.385729
PROB	67	PROB	76	3.283131
PROB	67	PROB	79	1.006231
PROB	68	PROB	69	3.080214
PROB	68	PROB	70	0.856349
PROB	68	PROB	71	1.159502
PROB	68	PROB	72	0.263523
PROB	68	PROB	76	0.236940
PROB	69	PROB	70	4.426973
PROB	69	PROB	71	2.060489
PROB	70	PROB	71	3.385016
PROB	70	PROB	72	1.907918
PROB	71	PROB	72	1.875000
PROB	71	PROB	73	0.709208
PROB	72	PROB	73	2.782278
PROB	72	PROB	74	2.710576
PROB	72	PROB	75	6.275125
PROB	72	PROB	76	0.421464
PROB	73	PROB	74	3.857584
PROB	73	PROB	75	0.674453
PROB	73	PROB	76	1.655476
PROB	73	PROB	77	1.285714
PROB	74	PROB	75	4.238504
PROB	74	PROB	76	0.596040
PROB	74	PROB	77	2.160247
PROB	74	PROB	78	0.840168
PROB	75	PROB	76	1.947368
PROB	75	PROB	77	0.551825
PROB	75	PROB	78	1.557962
PROB	75	PROB	79	0.458831
PROB	76	PROB	77	3.004383
PROB	76	PROB	78	0.612056
PROB	76	PROB	79	2.925051
PROB	76	PROB	80	3.211820
PROB	76	PROB	81	0.066227
PROB	76	PROB	83	0.280976
PROB	77	PROB	78	3.694761
PROB	77	PROB	79	0.801784
PROB	77	PROB	80	1.536752
PROB	77	PROB	81	1.388730
PROB	77	PROB	82	0.058321
PROB	78	PROB	79	2.910428
PROB	78	PROB	80	0.485071
PROB	78	PROB	81	1.400280
PROB	78	PROB	82	0.688033
PROB	79	PROB	80	2.937500
PROB	79	PROB	81	0.577350
PROB	79	PROB	82	2.018515
PROB	79	PROB	83	3.010831
PROB	79	PROB	84	0.066815
PROB	80	PROB	81	3.103258
PROB	80	PROB	82	0.709208
PROB	80	PROB	83	2.704645
PROB	80	PROB	84	1.336306
PROB	80	PROB	85	0.051031
PROB	81	PROB	82	2.456769
PROB	81	PROB	83	0.648181
PROB	81	PROB	84	1.774489
PROB	81	PROB	85	1.885618
PROB	81	PROB	86	0.360844
PROB	82	PROB	83	3.207135
PROB	82	PROB	84	0.699854
PROB	82	PROB	85	0.579066
PROB	82	PROB	86	3.164159
PROB	82	PROB	87	2.903632
PROB	83	PROB	84	2.018515
PROB	83	PROB	85	0.291667
PROB	83	PROB	86	0.255155
PROB	83	PROB	87	2.997075
PROB	83	PROB	88	0.043519
PROB	84	PROB	85	3.873368
PROB	84	PROB	86	0.467707
PROB	84	PROB	87	0.367884
PROB	84	PROB	88	2.450152
PROB	85	PROB	86	3.112893
PROB	85	PROB	87	0.468293
PROB	85	PROB	88	0.652791
PROB	85	PROB	89	0.365148
PROB	86	PROB	87	4.588315
PROB	86	PROB	88	0.586302
PROB	86	PROB	89	2.683282
PROB	87	PROB	88	2.005376
PROB	87	PROB	89	0.564288
PROB	88	PROB	89	2.383656
