PROA	11	PROA	12	2.711088
PROA	11	PROA	13	1.394580
PROA	11	PROA	18	2.187500
PROA	11	PROA	19	0.167705
PROA	11	PROA	20	2.237232
PROA	11	PROA	21	0.125000
PROA	11	PROA	22	0.094491
PROA	12	PROA	13	2.692764
PROA	12	PROA	14	0.129099
PROA	12	PROA	17	0.062622
PROA	12	PROA	18	0.645497
PROA	12	PROA	19	0.981495
PROA	12	PROA	25	0.056344
PROA	12	PROA	26	1.587151
PROA	12	PROA	27	1.104105
PROA	12	PROA	28	2.369396
PROA	13	PROA	14	2.849794
PROA	13	PROA	16	0.733359
PROA	13	PROA	17	0.941176
PROA	13	PROA	18	4.729445
PROA	13	PROA	19	0.379628
PROA	13	PROA	28	0.890264
PROA	14	PROA	15	3.368048
PROA	14	PROA	16	0.944911
PROA	14	PROA	17	1.637115
PROA	14	PROA	18	0.125000
PROA	14	PROA	19	0.447214
PROA	14	PROA	28	2.638281
PROA	14	PROA	29	0.226134
PROA	14	PROA	30	0.600099
PROA	14	PROA	38	1.697749
PROA	14	PROA	40	0.603023
PROA	15	PROA	16	2.468854
PROA	15	PROA	17	0.891133
PROA	15	PROA	30	1.959916
PROA	15	PROA	33	0.052705
PROA	15	PROA	38	1.089162
PROA	16	PROA	17	3.116775
PROA	16	PROA	18	0.377964
PROA	17	PROA	18	3.334865
PROA	17	PROA	19	1.681211
PROA	17	PROA	38	2.058824
PROA	17	PROA	55	1.964933
PROA	18	PROA	19	3.465905
PROA	18	PROA	20	1.082532
PROA	18	PROA	55	2.132007
PROA	18	PROA	102	0.545545
PROA	19	PROA	20	2.517439
PROA	19	PROA	21	2.683282
PROA	19	PROA	22	0.084515
PROA	19	PROA	28	2.924038
PROA	19	PROA	38	1.735444
PROA	19	PROA	39	0.670820
PROA	19	PROA	40	2.359700
PROA	19	PROA	53	1.641565
PROA	19	PROA	54	0.238366
PROA	19	PROA	55	2.240637
PROA	19	PROA	102	2.830110
PROA	20	PROA	21	3.680608
PROA	20	PROA	22	0.654654
PROA	20	PROA	55	0.061546
PROA	20	PROA	90	0.198680
PROA	20	PROA	99	1.969464
PROA	20	PROA	102	3.023716
PROA	21	PROA	22	4.063118
PROA	21	PROA	23	0.200446
PROA	21	PROA	24	0.255155
PROA	21	PROA	25	3.927922
PROA	21	PROA	26	0.200446
PROA	21	PROA	28	0.630893
PROA	21	PROA	42	0.158114
PROA	21	PROA	53	2.638281
PROA	21	PROA	90	1.376494
PROA	21	PROA	102	2.454951
PROA	22	PROA	23	4.949747
PROA	22	PROA	24	1.080123
PROA	22	PROA	25	1.567094
PROA	22	PROA	26	0.101015
PROA	23	PROA	24	3.164159
PROA	23	PROA	25	0.524891
PROA	23	PROA	26	0.142857
PROA	23	PROA	45	0.357143
PROA	24	PROA	25	5.256138
PROA	24	PROA	26	0.381881
PROA	24	PROA	43	0.133631
PROA	24	PROA	44	2.239171
PROA	24	PROA	45	2.127624
PROA	24	PROA	46	3.674235
PROA	24	PROA	47	1.636634
PROA	24	PROA	88	0.294628
PROA	25	PROA	26	2.741096
PROA	25	PROA	27	0.116642
PROA	25	PROA	42	0.759072
PROA	25	PROA	43	0.523810
PROA	25	PROA	44	2.582757
PROA	25	PROA	45	0.641533
PROA	25	PROA	47	0.058321
PROA	25	PROA	51	0.927426
PROA	25	PROA	53	1.902379
PROA	25	PROA	88	1.448864
PROA	25	PROA	90	1.351691
PROA	25	PROA	104	0.654654
PROA	26	PROA	27	5.428571
PROA	26	PROA	28	0.367884
PROA	26	PROA	42	1.267731
PROA	26	PROA	43	3.207665
PROA	26	PROA	44	0.154303
PROA	26	PROA	45	1.857143
PROA	27	PROA	28	2.697813
PROA	27	PROA	29	0.402911
PROA	27	PROA	41	0.241747
PROA	27	PROA	42	0.422577
PROA	27	PROA	43	0.699854
PROA	27	PROA	50	1.963961
PROA	28	PROA	29	2.836029
PROA	28	PROA	40	1.936800
PROA	28	PROA	41	0.415029
PROA	28	PROA	42	1.088214
PROA	28	PROA	50	0.374634
PROA	28	PROA	53	0.210526
PROA	29	PROA	30	2.763397
PROA	29	PROA	31	0.899229
PROA	29	PROA	39	0.075378
PROA	29	PROA	40	2.090909
PROA	29	PROA	41	4.000000
PROA	29	PROA	42	0.190693
PROA	29	PROA	50	0.984732
PROA	30	PROA	31	2.903632
PROA	30	PROA	32	4.371366
PROA	30	PROA	33	2.422776
PROA	30	PROA	38	2.328727
PROA	30	PROA	39	0.654654
PROA	30	PROA	40	0.855337
PROA	30	PROA	41	0.263181
PROA	31	PROA	32	3.468440
PROA	31	PROA	39	2.925051
PROA	31	PROA	40	1.660115
PROA	31	PROA	41	3.873601
PROA	31	PROA	52	1.088214
PROA	31	PROA	53	0.052632
PROA	31	PROA	107	1.052632
PROA	31	PROA	108	0.055641
PROA	31	PROA	109	0.236940
PROA	32	PROA	33	3.708420
PROA	32	PROA	34	0.571429
PROA	32	PROA	37	0.142857
PROA	32	PROA	38	0.825029
PROA	32	PROA	39	2.551260
PROA	33	PROA	34	3.708420
PROA	33	PROA	37	3.122880
PROA	33	PROA	38	3.444234
PROA	33	PROA	39	0.774597
PROA	34	PROA	35	3.944254
PROA	34	PROA	36	0.742307
PROA	34	PROA	37	3.142857
PROA	34	PROA	38	0.275010
PROA	34	PROA	39	1.322876
PROA	35	PROA	36	3.864367
PROA	35	PROA	37	0.836660
PROA	35	PROA	67	1.161895
PROA	36	PROA	37	3.051709
PROA	36	PROA	55	0.046524
PROA	36	PROA	56	3.754696
PROA	36	PROA	57	0.328976
PROA	36	PROA	64	1.857143
PROA	36	PROA	67	3.118048
PROA	36	PROA	68	1.807957
PROA	36	PROA	71	0.112687
PROA	36	PROA	169	0.164957
PROA	37	PROA	38	2.933435
PROA	37	PROA	39	0.850420
PROA	37	PROA	55	0.241747
PROA	38	PROA	39	3.516767
PROA	38	PROA	40	1.023781
PROA	38	PROA	53	0.055641
PROA	38	PROA	54	0.206835
PROA	38	PROA	55	1.034175
PROA	39	PROA	40	4.145781
PROA	39	PROA	41	0.075378
PROA	39	PROA	52	0.948683
PROA	39	PROA	53	0.975017
PROA	39	PROA	54	3.411211
PROA	39	PROA	55	0.266501
PROA	40	PROA	41	3.909091
PROA	40	PROA	42	0.858116
PROA	40	PROA	51	0.150756
PROA	40	PROA	52	0.476731
PROA	40	PROA	53	2.836029
PROA	40	PROA	54	0.257130
PROA	41	PROA	42	4.195235
PROA	41	PROA	50	3.077287
PROA	41	PROA	51	0.452267
PROA	41	PROA	52	0.667424
PROA	41	PROA	53	0.276686
PROA	41	PROA	107	2.836029
PROA	41	PROA	109	0.233550
PROA	42	PROA	43	3.105295
PROA	42	PROA	44	0.365148
PROA	42	PROA	49	0.079057
PROA	42	PROA	50	3.808434
PROA	42	PROA	51	3.557562
PROA	42	PROA	52	0.400000
PROA	42	PROA	53	2.611715
PROA	42	PROA	107	0.290191
PROA	43	PROA	44	3.716651
PROA	43	PROA	45	1.632993
PROA	43	PROA	48	1.535299
PROA	43	PROA	49	1.145644
PROA	43	PROA	50	2.984417
PROA	43	PROA	51	0.600099
PROA	44	PROA	45	3.163219
PROA	44	PROA	46	2.092895
PROA	44	PROA	47	3.703280
PROA	44	PROA	48	1.415552
PROA	44	PROA	49	2.670245
PROA	44	PROA	50	0.294628
PROA	44	PROA	51	2.092895
PROA	45	PROA	46	2.739428
PROA	45	PROA	47	0.285714
PROA	45	PROA	48	0.854704
PROA	46	PROA	47	4.209365
PROA	46	PROA	48	1.865506
PROA	47	PROA	48	3.190896
PROA	47	PROA	49	2.806243
PROA	48	PROA	49	2.878210
PROA	49	PROA	50	2.806707
PROA	49	PROA	51	1.875000
PROA	50	PROA	51	3.112893
PROA	50	PROA	107	2.388294
PROA	51	PROA	52	3.478505
PROA	51	PROA	53	1.319140
PROA	51	PROA	87	0.734968
PROA	51	PROA	104	1.937500
PROA	51	PROA	105	0.788241
PROA	51	PROA	106	0.577350
PROA	51	PROA	107	2.523573
PROA	52	PROA	53	3.119548
PROA	52	PROA	54	0.809040
PROA	52	PROA	103	0.072548
PROA	52	PROA	104	1.502082
PROA	52	PROA	105	2.607681
PROA	52	PROA	106	0.821584
PROA	52	PROA	107	4.280310
PROA	52	PROA	108	0.306786
PROA	53	PROA	54	2.494492
PROA	53	PROA	55	0.293470
PROA	53	PROA	90	0.421053
PROA	53	PROA	102	1.602004
PROA	53	PROA	103	0.421053
PROA	53	PROA	104	3.728006
PROA	53	PROA	105	0.166924
PROA	54	PROA	55	1.772727
PROA	54	PROA	56	1.222790
PROA	54	PROA	71	0.110096
PROA	54	PROA	101	0.159901
PROA	54	PROA	102	0.558291
PROA	54	PROA	103	4.108574
PROA	54	PROA	104	0.373101
PROA	54	PROA	105	1.964933
PROA	54	PROA	166	0.321412
PROA	54	PROA	167	0.492366
PROA	55	PROA	56	2.739050
PROA	55	PROA	57	0.257130
PROA	55	PROA	100	2.708013
PROA	55	PROA	101	0.692902
PROA	55	PROA	102	3.163646
PROA	55	PROA	103	0.195646
PROA	56	PROA	57	3.320229
PROA	56	PROA	58	2.145988
PROA	56	PROA	64	0.100125
PROA	56	PROA	68	1.839418
PROA	56	PROA	100	0.728493
PROA	56	PROA	101	2.236803
PROA	56	PROA	102	0.100125
PROA	56	PROA	103	1.684211
PROA	57	PROA	58	5.157267
PROA	57	PROA	59	0.539360
PROA	57	PROA	64	0.328976
PROA	57	PROA	100	4.526019
PROA	57	PROA	101	0.376889
PROA	58	PROA	59	5.976143
PROA	58	PROA	60	0.621059
PROA	58	PROA	61	1.166767
PROA	58	PROA	64	2.682774
PROA	58	PROA	65	2.175722
PROA	58	PROA	68	1.642857
PROA	58	PROA	100	0.617213
PROA	58	PROA	101	1.870829
PROA	58	PROA	347	0.122628
PROA	59	PROA	60	2.136196
PROA	59	PROA	61	0.650791
PROA	59	PROA	65	0.943880
PROA	59	PROA	91	0.045644
PROA	59	PROA	98	1.681211
PROA	59	PROA	99	0.762770
PROA	59	PROA	100	0.580948
PROA	59	PROA	101	1.565248
PROA	59	PROA	340	0.524404
PROA	59	PROA	344	1.859252
PROA	59	PROA	347	2.154555
PROA	60	PROA	61	4.258325
PROA	60	PROA	62	0.250490
PROA	60	PROA	340	2.036783
PROA	61	PROA	62	3.176471
PROA	61	PROA	63	1.685330
PROA	61	PROA	64	3.704793
PROA	61	PROA	65	1.901308
PROA	61	PROA	66	0.058824
PROA	61	PROA	340	0.258544
PROA	62	PROA	63	3.176198
PROA	62	PROA	64	0.317554
PROA	62	PROA	65	1.901308
PROA	62	PROA	66	2.176471
PROA	62	PROA	67	0.049507
PROA	62	PROA	338	0.111283
PROA	62	PROA	339	0.194461
PROA	62	PROA	340	0.982467
PROA	62	PROA	343	1.780528
PROA	63	PROA	64	3.732556
PROA	63	PROA	65	1.047570
PROA	63	PROA	66	2.139072
PROA	63	PROA	67	1.800298
PROA	63	PROA	68	0.071429
PROA	64	PROA	65	2.566012
PROA	64	PROA	66	0.740959
PROA	64	PROA	67	2.672612
PROA	64	PROA	68	1.749636
PROA	64	PROA	69	0.050063
PROA	65	PROA	66	2.925090
PROA	65	PROA	67	0.553912
PROA	65	PROA	68	1.853393
PROA	65	PROA	69	1.106743
PROA	65	PROA	70	0.061546
PROA	65	PROA	343	2.836029
PROA	65	PROA	347	2.213486
PROA	66	PROA	67	2.079310
PROA	66	PROA	68	0.777844
PROA	66	PROA	69	1.057188
PROA	66	PROA	70	3.168472
PROA	66	PROA	71	0.062622
PROA	66	PROA	335	1.502320
PROA	66	PROA	336	1.120224
PROA	66	PROA	338	0.166924
PROA	66	PROA	343	2.225660
PROA	66	PROA	347	0.055641
PROA	67	PROA	68	2.454951
PROA	67	PROA	69	0.374634
PROA	67	PROA	70	0.625000
PROA	67	PROA	71	0.632456
PROA	67	PROA	169	2.546005
PROA	67	PROA	170	1.732684
PROA	68	PROA	69	2.575185
PROA	68	PROA	70	0.490990
PROA	68	PROA	71	1.518144
PROA	68	PROA	72	1.962046
PROA	68	PROA	73	0.056980
PROA	68	PROA	103	0.061314
PROA	68	PROA	347	0.429198
PROA	69	PROA	70	2.107318
PROA	69	PROA	71	0.533114
PROA	69	PROA	72	1.894737
PROA	69	PROA	73	2.201022
PROA	69	PROA	74	0.052632
PROA	69	PROA	331	0.051299
PROA	69	PROA	335	2.000000
PROA	69	PROA	343	0.421053
PROA	69	PROA	346	2.526316
PROA	69	PROA	347	3.421053
PROA	69	PROA	350	1.303168
PROA	70	PROA	71	2.055480
PROA	70	PROA	72	0.327805
PROA	70	PROA	73	0.870388
PROA	70	PROA	74	1.077074
PROA	70	PROA	75	0.046829
PROA	70	PROA	169	0.154303
PROA	70	PROA	171	0.064550
PROA	70	PROA	172	1.083333
PROA	70	PROA	331	3.149405
PROA	70	PROA	334	0.052705
PROA	70	PROA	335	3.137562
PROA	70	PROA	336	1.473139
PROA	71	PROA	72	3.435623
PROA	71	PROA	73	0.605530
PROA	71	PROA	74	2.250926
PROA	71	PROA	75	2.606335
PROA	71	PROA	76	0.059235
PROA	71	PROA	86	0.118470
PROA	71	PROA	167	0.819892
PROA	71	PROA	168	3.002221
PROA	71	PROA	169	3.610830
PROA	72	PROA	73	2.885784
PROA	72	PROA	74	0.631579
PROA	72	PROA	75	1.105263
PROA	72	PROA	76	0.631579
PROA	72	PROA	86	2.157895
PROA	72	PROA	89	0.842105
PROA	72	PROA	103	0.578947
PROA	72	PROA	347	0.263158
PROA	72	PROA	350	0.414644
PROA	72	PROA	351	1.410220
PROA	72	PROA	354	0.615587
PROA	73	PROA	74	2.103199
PROA	73	PROA	75	0.586939
PROA	73	PROA	76	1.614083
PROA	73	PROA	77	0.435194
PROA	73	PROA	329	0.238366
PROA	73	PROA	331	1.001136
PROA	73	PROA	332	0.061546
PROA	73	PROA	350	3.082699
PROA	74	PROA	75	3.210526
PROA	74	PROA	76	0.631579
PROA	74	PROA	77	0.842927
PROA	74	PROA	78	3.129234
PROA	74	PROA	79	0.046829
PROA	74	PROA	145	1.605910
PROA	74	PROA	168	1.898060
PROA	74	PROA	171	1.886238
PROA	74	PROA	172	0.421464
PROA	74	PROA	329	1.949359
PROA	74	PROA	331	1.538968
PROA	75	PROA	76	2.000000
PROA	75	PROA	77	0.655610
PROA	75	PROA	78	1.025978
PROA	75	PROA	79	0.936586
PROA	75	PROA	83	0.894737
PROA	75	PROA	84	0.578947
PROA	75	PROA	85	1.300665
PROA	75	PROA	86	2.368421
PROA	75	PROA	105	0.333849
PROA	75	PROA	166	0.069171
PROA	75	PROA	167	0.198680
PROA	75	PROA	168	1.590266
PROA	76	PROA	77	1.873172
PROA	76	PROA	78	0.410391
PROA	76	PROA	79	2.903416
PROA	76	PROA	353	0.327805
PROA	76	PROA	354	0.820783
PROA	77	PROA	78	5.933661
PROA	77	PROA	79	0.500000
PROA	77	PROA	139	0.222718
PROA	77	PROA	143	0.839146
PROA	77	PROA	326	1.212206
PROA	77	PROA	327	1.420094
PROA	77	PROA	328	0.600099
PROA	77	PROA	329	2.373464
PROA	78	PROA	79	1.734455
PROA	78	PROA	80	0.867722
PROA	78	PROA	83	1.385071
PROA	78	PROA	139	2.244570
PROA	78	PROA	140	1.795462
PROA	78	PROA	143	2.121320
PROA	78	PROA	145	0.670820
PROA	78	PROA	329	2.150000
PROA	79	PROA	80	2.574384
PROA	79	PROA	83	0.608781
PROA	79	PROA	85	0.925820
PROA	79	PROA	139	0.267261
PROA	80	PROA	81	4.508815
PROA	80	PROA	82	2.981737
PROA	80	PROA	83	4.562602
PROA	80	PROA	136	0.825029
PROA	80	PROA	139	4.392826
PROA	80	PROA	140	0.111283
PROA	81	PROA	82	3.105295
PROA	81	PROA	83	0.414644
PROA	81	PROA	135	0.052705
PROA	81	PROA	164	1.100964
PROA	82	PROA	83	2.881755
PROA	82	PROA	84	0.245256
PROA	82	PROA	132	2.203893
PROA	82	PROA	135	0.818317
PROA	82	PROA	136	2.323351
PROA	82	PROA	163	1.532848
PROA	82	PROA	164	2.450152
PROA	82	PROA	165	1.042337
PROA	83	PROA	84	2.736842
PROA	83	PROA	85	0.433555
PROA	83	PROA	136	1.560798
PROA	83	PROA	139	0.550689
PROA	83	PROA	140	1.578947
PROA	83	PROA	164	0.733674
PROA	83	PROA	165	2.736842
PROA	83	PROA	166	0.069171
PROA	83	PROA	168	2.359750
PROA	84	PROA	85	3.988706
PROA	84	PROA	86	0.105263
PROA	84	PROA	105	2.893357
PROA	84	PROA	106	2.119252
PROA	84	PROA	108	1.502320
PROA	84	PROA	156	1.052632
PROA	84	PROA	164	2.201022
PROA	84	PROA	165	0.789474
PROA	84	PROA	166	1.798458
PROA	84	PROA	167	0.066227
PROA	84	PROA	168	0.102598
PROA	85	PROA	86	3.468440
PROA	85	PROA	87	0.505076
PROA	85	PROA	105	1.741727
PROA	85	PROA	106	0.109109
PROA	86	PROA	87	3.065697
PROA	86	PROA	88	1.523212
PROA	86	PROA	89	1.842105
PROA	86	PROA	103	2.052632
PROA	86	PROA	104	0.860309
PROA	86	PROA	105	1.724886
PROA	86	PROA	354	1.231174
PROA	87	PROA	88	3.934735
PROA	87	PROA	104	3.207135
PROA	87	PROA	105	2.074252
PROA	87	PROA	106	1.928792
PROA	87	PROA	354	0.059761
PROA	88	PROA	89	3.973597
PROA	88	PROA	90	0.860946
PROA	88	PROA	102	0.062994
PROA	88	PROA	103	0.331133
PROA	88	PROA	104	5.123984
PROA	88	PROA	105	0.140028
PROA	88	PROA	354	0.710047
PROA	88	PROA	356	0.077152
PROA	89	PROA	90	3.263158
PROA	89	PROA	91	0.749269
PROA	89	PROA	101	0.975017
PROA	89	PROA	102	0.750939
PROA	89	PROA	103	3.473684
PROA	89	PROA	104	0.802955
PROA	89	PROA	351	2.636499
PROA	89	PROA	354	4.616903
PROA	89	PROA	355	1.557962
PROA	90	PROA	91	2.341465
PROA	90	PROA	101	0.630893
PROA	90	PROA	102	4.105135
PROA	90	PROA	103	0.157895
PROA	90	PROA	104	0.975017
PROA	90	PROA	355	0.556415
PROA	91	PROA	92	4.131182
PROA	91	PROA	93	0.981981
PROA	91	PROA	98	1.188177
PROA	91	PROA	99	0.043519
PROA	91	PROA	101	1.173714
PROA	91	PROA	102	0.178174
PROA	91	PROA	347	0.093659
PROA	91	PROA	348	4.336137
PROA	91	PROA	349	0.210819
PROA	91	PROA	351	2.564060
PROA	91	PROA	352	1.742843
PROA	91	PROA	355	4.455664
PROA	92	PROA	93	5.070926
PROA	92	PROA	94	2.197401
PROA	92	PROA	97	1.764019
PROA	92	PROA	98	2.300895
PROA	92	PROA	99	0.809040
PROA	92	PROA	348	0.494975
PROA	92	PROA	355	0.076696
PROA	93	PROA	94	4.357143
PROA	93	PROA	97	0.129641
PROA	93	PROA	348	0.537853
PROA	93	PROA	355	0.064820
PROA	94	PROA	95	3.249638
PROA	94	PROA	96	2.415229
PROA	94	PROA	97	3.370659
PROA	94	PROA	98	0.388922
PROA	94	PROA	348	1.553797
PROA	95	PROA	96	3.850268
PROA	95	PROA	97	0.556415
PROA	95	PROA	98	2.559508
PROA	95	PROA	344	2.445580
PROA	95	PROA	345	1.184698
PROA	95	PROA	348	4.206511
PROA	96	PROA	97	4.195703
PROA	96	PROA	98	0.500979
PROA	97	PROA	98	2.352941
PROA	97	PROA	99	0.517088
PROA	98	PROA	99	2.792274
PROA	98	PROA	101	0.121268
PROA	98	PROA	344	1.602972
PROA	98	PROA	347	0.278207
PROA	98	PROA	348	2.006607
PROA	99	PROA	100	3.385016
PROA	99	PROA	101	0.533002
PROA	99	PROA	102	0.372194
PROA	100	PROA	101	3.464102
PROA	100	PROA	102	0.755929
PROA	101	PROA	102	3.000496
PROA	101	PROA	103	2.236803
PROA	101	PROA	347	0.114708
PROA	101	PROA	351	0.133631
PROA	102	PROA	103	2.352943
PROA	102	PROA	104	0.600099
PROA	103	PROA	104	2.925051
PROA	103	PROA	105	0.612056
PROA	103	PROA	351	0.061314
PROA	104	PROA	105	3.638034
PROA	105	PROA	106	3.500700
PROA	105	PROA	107	0.389490
PROA	105	PROA	166	0.585018
PROA	105	PROA	167	0.140028
PROA	106	PROA	107	2.251705
PROA	106	PROA	108	2.170434
PROA	107	PROA	108	4.173112
PROA	107	PROA	109	2.606335
PROA	108	PROA	109	2.567520
PROA	108	PROA	110	0.713024
PROA	108	PROA	156	3.394131
PROA	108	PROA	157	0.333849
PROA	108	PROA	158	1.296407
PROA	108	PROA	164	0.827340
PROA	109	PROA	110	2.967282
PROA	109	PROA	114	0.275241
PROA	110	PROA	111	5.246314
PROA	110	PROA	112	0.122628
PROA	110	PROA	114	2.279212
PROA	110	PROA	115	1.410220
PROA	110	PROA	155	0.061314
PROA	110	PROA	156	0.797081
PROA	110	PROA	157	2.881755
PROA	111	PROA	112	2.715291
PROA	111	PROA	113	2.645751
PROA	111	PROA	114	4.123565
PROA	111	PROA	115	0.860946
PROA	111	PROA	116	0.066227
PROA	111	PROA	152	0.462910
PROA	111	PROA	153	2.263010
PROA	111	PROA	154	0.077152
PROA	111	PROA	155	1.125853
PROA	111	PROA	156	2.450385
PROA	111	PROA	157	1.456986
PROA	112	PROA	113	1.952442
PROA	112	PROA	114	0.391293
PROA	112	PROA	115	2.631579
PROA	112	PROA	116	1.526316
PROA	112	PROA	117	0.048912
PROA	112	PROA	121	0.894737
PROA	112	PROA	129	1.898060
PROA	112	PROA	133	0.263158
PROA	112	PROA	152	5.027743
PROA	112	PROA	153	0.138343
PROA	112	PROA	155	3.052632
PROA	112	PROA	156	0.157895
PROA	112	PROA	157	2.684211
PROA	112	PROA	163	0.421053
PROA	112	PROA	217	0.736842
PROA	112	PROA	221	1.224113
PROA	113	PROA	114	3.582364
PROA	113	PROA	115	0.550689
PROA	113	PROA	116	1.301628
PROA	113	PROA	117	2.744928
PROA	113	PROA	152	2.682774
PROA	113	PROA	153	3.421349
PROA	113	PROA	155	0.100125
PROA	114	PROA	115	1.760818
PROA	114	PROA	116	0.684762
PROA	114	PROA	117	1.545455
PROA	114	PROA	118	1.139606
PROA	115	PROA	116	2.473684
PROA	115	PROA	117	0.489116
PROA	115	PROA	118	1.594162
PROA	115	PROA	119	0.389490
PROA	115	PROA	121	2.789474
PROA	115	PROA	125	0.222566
PROA	115	PROA	129	0.974679
PROA	115	PROA	157	2.052632
PROA	116	PROA	117	2.152110
PROA	116	PROA	118	0.613139
PROA	116	PROA	119	1.001547
PROA	116	PROA	120	0.389490
PROA	116	PROA	121	2.631579
PROA	116	PROA	152	0.551825
PROA	116	PROA	220	1.362402
PROA	116	PROA	221	1.001547
PROA	116	PROA	224	1.532848
PROA	117	PROA	118	2.393172
PROA	117	PROA	119	0.517088
PROA	118	PROA	119	3.500300
PROA	119	PROA	120	3.823529
PROA	119	PROA	121	0.612056
PROA	120	PROA	121	2.948999
PROA	120	PROA	122	0.292509
PROA	120	PROA	224	1.231587
PROA	121	PROA	122	2.628515
PROA	121	PROA	123	0.122628
PROA	121	PROA	125	1.279754
PROA	121	PROA	126	2.105263
PROA	121	PROA	129	1.077277
PROA	121	PROA	221	0.723339
PROA	121	PROA	224	0.061314
PROA	122	PROA	123	3.626203
PROA	122	PROA	124	2.698204
PROA	122	PROA	125	3.363853
PROA	122	PROA	126	1.798458
PROA	122	PROA	127	0.090909
PROA	123	PROA	124	3.240370
PROA	123	PROA	125	0.648204
PROA	123	PROA	126	1.962046
PROA	123	PROA	127	1.611646
PROA	123	PROA	128	0.058321
PROA	123	PROA	283	1.697337
PROA	123	PROA	285	0.113961
PROA	123	PROA	312	1.574672
PROA	124	PROA	125	3.990798
PROA	124	PROA	126	0.927173
PROA	124	PROA	127	2.437087
PROA	124	PROA	128	0.881917
PROA	124	PROA	129	0.064550
PROA	124	PROA	316	0.629941
PROA	125	PROA	126	2.670791
PROA	125	PROA	127	0.658145
PROA	125	PROA	128	1.005587
PROA	125	PROA	129	2.711631
PROA	125	PROA	130	0.055641
PROA	125	PROA	161	0.073127
PROA	126	PROA	127	3.458572
PROA	126	PROA	128	0.450564
PROA	126	PROA	129	1.436370
PROA	126	PROA	130	1.000000
PROA	126	PROA	131	0.050063
PROA	126	PROA	218	0.894737
PROA	126	PROA	221	4.673885
PROA	126	PROA	222	1.842105
PROA	126	PROA	312	0.801002
PROA	127	PROA	128	2.697602
PROA	127	PROA	129	0.674200
PROA	127	PROA	130	1.867629
PROA	127	PROA	131	0.921132
PROA	127	PROA	132	0.073127
PROA	127	PROA	312	4.013505
PROA	127	PROA	313	1.590943
PROA	127	PROA	316	0.789542
PROA	128	PROA	129	2.683725
PROA	128	PROA	130	0.700877
PROA	128	PROA	131	2.000000
PROA	128	PROA	132	3.546016
PROA	128	PROA	133	0.050063
PROA	128	PROA	160	0.058321
PROA	128	PROA	161	0.789542
PROA	128	PROA	162	0.314970
PROA	128	PROA	313	0.050063
PROA	128	PROA	316	3.523810
PROA	129	PROA	130	1.795462
PROA	129	PROA	131	0.634335
PROA	129	PROA	132	2.440468
PROA	129	PROA	133	1.590266
PROA	129	PROA	134	0.051299
PROA	129	PROA	157	1.538968
PROA	129	PROA	161	1.011300
PROA	129	PROA	163	2.513647
PROA	129	PROA	221	1.030420
PROA	130	PROA	131	2.002505
PROA	130	PROA	132	0.612056
PROA	130	PROA	133	2.368421
PROA	130	PROA	134	2.947368
PROA	130	PROA	135	0.046829
PROA	130	PROA	163	0.052632
PROA	130	PROA	214	1.376494
PROA	130	PROA	217	0.052632
PROA	130	PROA	218	3.315789
PROA	130	PROA	221	1.446679
PROA	130	PROA	289	1.157895
PROA	130	PROA	293	1.279754
PROA	130	PROA	308	0.052632
PROA	130	PROA	312	1.151440
PROA	130	PROA	313	1.894737
PROA	131	PROA	132	2.910909
PROA	131	PROA	133	0.400501
PROA	131	PROA	134	1.301628
PROA	131	PROA	135	2.449895
PROA	131	PROA	136	0.082479
PROA	131	PROA	308	2.252818
PROA	131	PROA	313	2.453068
PROA	131	PROA	316	2.666667
PROA	131	PROA	317	0.761905
PROA	131	PROA	318	0.314970
PROA	132	PROA	133	2.170018
PROA	132	PROA	134	0.612056
PROA	132	PROA	135	1.386207
PROA	132	PROA	136	0.733359
PROA	132	PROA	137	0.055641
PROA	132	PROA	157	0.055641
PROA	132	PROA	161	0.658145
PROA	132	PROA	162	1.610322
PROA	132	PROA	163	5.063375
PROA	133	PROA	134	2.684211
PROA	133	PROA	135	0.561951
PROA	133	PROA	136	1.127243
PROA	133	PROA	137	0.947368
PROA	133	PROA	138	0.048912
PROA	133	PROA	150	0.368421
PROA	133	PROA	155	2.157895
PROA	133	PROA	163	2.894737
PROA	133	PROA	165	0.736842
PROA	133	PROA	214	2.695635
PROA	133	PROA	217	1.842105
PROA	133	PROA	221	0.556415
PROA	134	PROA	135	1.592196
PROA	134	PROA	136	0.953821
PROA	134	PROA	137	1.368421
PROA	134	PROA	138	0.733674
PROA	134	PROA	211	1.000000
PROA	134	PROA	214	1.491202
PROA	134	PROA	289	0.315789
PROA	134	PROA	293	1.112830
PROA	134	PROA	304	2.638281
PROA	134	PROA	307	2.756810
PROA	134	PROA	308	3.842105
PROA	134	PROA	313	1.157895
PROA	135	PROA	136	2.546005
PROA	135	PROA	137	0.468293
PROA	135	PROA	138	2.915801
PROA	135	PROA	139	0.400892
PROA	135	PROA	308	2.341465
PROA	135	PROA	322	0.158114
PROA	136	PROA	137	2.774752
PROA	136	PROA	138	0.966988
PROA	136	PROA	139	1.567094
PROA	136	PROA	140	0.693688
PROA	136	PROA	165	1.820931
PROA	137	PROA	138	2.054287
PROA	137	PROA	139	0.550689
PROA	137	PROA	140	2.368421
PROA	137	PROA	141	3.115923
PROA	137	PROA	142	0.069171
PROA	137	PROA	146	0.052632
PROA	137	PROA	150	1.526316
PROA	137	PROA	165	0.631579
PROA	137	PROA	210	2.582838
PROA	137	PROA	211	0.263158
PROA	137	PROA	214	0.630893
PROA	137	PROA	304	2.580927
PROA	138	PROA	139	2.047065
PROA	138	PROA	140	0.293470
PROA	138	PROA	141	1.499554
PROA	138	PROA	142	0.899954
PROA	138	PROA	304	1.545705
PROA	138	PROA	305	2.807458
PROA	138	PROA	308	1.076055
PROA	138	PROA	322	1.376205
PROA	139	PROA	140	2.953694
PROA	139	PROA	141	0.529256
PROA	139	PROA	142	1.250108
PROA	139	PROA	143	0.276026
PROA	139	PROA	326	0.225374
PROA	140	PROA	141	2.336943
PROA	140	PROA	142	0.968400
PROA	140	PROA	143	1.378405
PROA	140	PROA	144	0.429198
PROA	140	PROA	145	3.097112
PROA	140	PROA	146	0.315789
PROA	140	PROA	147	1.557962
PROA	140	PROA	150	0.105263
PROA	140	PROA	165	0.105263
PROA	140	PROA	168	1.179875
PROA	141	PROA	142	3.290726
PROA	141	PROA	143	0.920358
PROA	141	PROA	144	1.101946
PROA	141	PROA	145	0.242536
PROA	141	PROA	207	3.050817
PROA	141	PROA	210	0.070014
PROA	141	PROA	304	2.000919
PROA	142	PROA	143	3.527812
PROA	142	PROA	144	0.725241
PROA	142	PROA	325	0.572078
PROA	143	PROA	144	3.549648
PROA	143	PROA	145	1.818310
PROA	143	PROA	173	0.316228
PROA	143	PROA	327	0.100000
PROA	143	PROA	328	0.084515
PROA	143	PROA	329	1.838478
PROA	144	PROA	145	2.873058
PROA	144	PROA	146	0.367884
PROA	144	PROA	172	0.054554
PROA	144	PROA	173	2.605797
PROA	144	PROA	174	1.859339
PROA	144	PROA	207	2.564113
PROA	145	PROA	146	3.441236
PROA	145	PROA	147	0.545705
PROA	145	PROA	168	0.167705
PROA	145	PROA	171	2.213594
PROA	145	PROA	172	1.581962
PROA	145	PROA	173	3.187500
PROA	145	PROA	174	0.395285
PROA	145	PROA	207	0.053300
PROA	145	PROA	329	1.173936
PROA	146	PROA	147	2.058735
PROA	146	PROA	148	3.559026
PROA	146	PROA	170	0.052632
PROA	146	PROA	171	1.088214
PROA	146	PROA	172	0.983415
PROA	146	PROA	173	0.286770
PROA	146	PROA	174	3.192096
PROA	146	PROA	175	0.264906
PROA	146	PROA	185	0.061314
PROA	146	PROA	206	0.183942
PROA	146	PROA	207	1.907552
PROA	146	PROA	209	1.789474
PROA	146	PROA	210	0.728493
PROA	147	PROA	148	3.267487
PROA	147	PROA	149	0.630126
PROA	147	PROA	150	3.227206
PROA	147	PROA	154	1.426048
PROA	147	PROA	165	1.446679
PROA	147	PROA	166	0.585018
PROA	147	PROA	167	0.770154
PROA	147	PROA	168	3.199724
PROA	147	PROA	170	0.111283
PROA	147	PROA	171	2.300895
PROA	147	PROA	210	0.070014
PROA	148	PROA	149	2.474874
PROA	148	PROA	150	0.234146
PROA	148	PROA	154	0.163663
PROA	148	PROA	170	2.247806
PROA	148	PROA	171	0.710047
PROA	148	PROA	172	1.000000
PROA	148	PROA	174	0.129099
PROA	148	PROA	175	0.117851
PROA	148	PROA	178	0.198030
PROA	148	PROA	185	1.854852
PROA	148	PROA	186	3.636619
PROA	148	PROA	188	0.612372
PROA	148	PROA	209	0.327805
PROA	149	PROA	150	2.781518
PROA	149	PROA	151	2.769559
PROA	149	PROA	154	0.617213
PROA	149	PROA	188	2.237232
PROA	149	PROA	190	0.077152
PROA	149	PROA	193	0.881917
PROA	149	PROA	194	1.649916
PROA	149	PROA	213	0.174078
PROA	150	PROA	151	2.103199
PROA	150	PROA	152	0.061314
PROA	150	PROA	154	0.735767
PROA	150	PROA	155	0.263158
PROA	150	PROA	165	1.210526
PROA	150	PROA	193	0.250313
PROA	150	PROA	210	1.920572
PROA	150	PROA	213	2.282658
PROA	150	PROA	214	1.089725
PROA	150	PROA	217	1.263158
PROA	151	PROA	152	3.475798
PROA	151	PROA	153	2.121320
PROA	151	PROA	154	3.760699
PROA	151	PROA	155	1.124967
PROA	151	PROA	188	0.533002
PROA	151	PROA	189	0.134840
PROA	151	PROA	190	0.341882
PROA	151	PROA	193	2.233162
PROA	151	PROA	217	1.222790
PROA	152	PROA	153	3.384456
PROA	152	PROA	154	0.785714
PROA	152	PROA	155	2.820441
PROA	152	PROA	193	1.166424
PROA	152	PROA	217	2.820441
PROA	152	PROA	220	1.656157
PROA	152	PROA	221	0.064820
PROA	153	PROA	154	3.465039
PROA	153	PROA	155	0.830057
PROA	153	PROA	156	0.138343
PROA	154	PROA	155	3.924092
PROA	154	PROA	156	0.367884
PROA	154	PROA	164	0.056980
PROA	154	PROA	165	0.797081
PROA	154	PROA	166	2.256304
PROA	154	PROA	167	0.154303
PROA	155	PROA	156	2.473684
PROA	155	PROA	157	0.578947
PROA	155	PROA	163	2.578947
PROA	155	PROA	164	0.586939
PROA	155	PROA	165	2.947368
PROA	155	PROA	166	0.415029
PROA	155	PROA	217	1.000000
PROA	156	PROA	157	2.894737
PROA	156	PROA	158	0.245256
PROA	156	PROA	162	0.198680
PROA	156	PROA	163	0.578947
PROA	156	PROA	164	2.103199
PROA	156	PROA	165	0.157895
PROA	156	PROA	166	1.798458
PROA	157	PROA	158	2.329929
PROA	157	PROA	161	0.553372
PROA	157	PROA	162	0.860946
PROA	157	PROA	163	2.789474
PROA	157	PROA	164	0.342381
PROA	158	PROA	159	3.142857
PROA	158	PROA	160	2.428571
PROA	158	PROA	161	2.256304
PROA	158	PROA	162	4.860556
PROA	158	PROA	163	0.061314
PROA	158	PROA	164	1.025645
PROA	159	PROA	160	2.857143
PROA	159	PROA	161	1.208734
PROA	160	PROA	161	3.787368
PROA	160	PROA	162	2.777460
PROA	161	PROA	162	3.655631
PROA	161	PROA	163	0.345857
PROA	162	PROA	163	2.582838
PROA	162	PROA	164	2.708013
PROA	163	PROA	164	3.668370
PROA	163	PROA	165	0.789474
PROA	164	PROA	165	2.298845
PROA	164	PROA	166	0.321412
PROA	165	PROA	166	3.251058
PROA	165	PROA	167	0.132453
PROA	165	PROA	168	1.641565
PROA	166	PROA	167	6.005679
PROA	166	PROA	168	1.011300
PROA	167	PROA	168	3.550235
PROA	167	PROA	169	0.872872
PROA	168	PROA	169	2.873524
PROA	168	PROA	170	0.564288
PROA	168	PROA	171	3.676955
PROA	169	PROA	170	4.075417
PROA	169	PROA	171	1.434274
PROA	170	PROA	171	2.901905
PROA	170	PROA	172	0.421464
PROA	170	PROA	186	0.710819
PROA	170	PROA	188	0.688247
PROA	171	PROA	172	2.904738
PROA	171	PROA	331	0.282843
PROA	172	PROA	173	2.653614
PROA	172	PROA	174	0.322749
PROA	172	PROA	186	0.105409
PROA	172	PROA	329	0.045644
PROA	172	PROA	331	0.547723
PROA	172	PROA	334	0.052705
PROA	172	PROA	336	0.058926
PROA	173	PROA	174	4.822473
PROA	173	PROA	175	0.360844
PROA	173	PROA	329	1.229837
PROA	173	PROA	331	0.055902
PROA	174	PROA	175	3.468910
PROA	174	PROA	176	0.507093
PROA	174	PROA	207	1.483240
PROA	175	PROA	176	4.860556
PROA	175	PROA	177	2.083333
PROA	175	PROA	178	3.920784
PROA	175	PROA	205	0.062994
PROA	176	PROA	177	3.548977
PROA	176	PROA	178	0.518563
PROA	176	PROA	203	0.398862
PROA	176	PROA	204	2.727412
PROA	176	PROA	205	2.391169
PROA	176	PROA	206	0.142857
PROA	177	PROA	178	4.200840
PROA	177	PROA	202	0.348155
PROA	177	PROA	203	2.769559
PROA	177	PROA	204	0.981981
PROA	177	PROA	205	0.377964
PROA	178	PROA	185	3.176198
PROA	178	PROA	205	0.635107
PROA	185	PROA	186	4.416420
PROA	185	PROA	187	0.641533
PROA	185	PROA	198	3.310952
PROA	185	PROA	205	2.216205
PROA	185	PROA	209	0.429198
PROA	185	PROB	71	0.327327
PROA	186	PROA	187	2.028370
PROA	186	PROA	188	2.581989
PROA	186	PROA	194	0.158114
PROA	187	PROA	188	2.127624
PROA	187	PROA	189	0.276026
PROA	187	PROA	191	1.247219
PROA	187	PROA	194	1.959916
PROA	187	PROA	198	1.151440
PROA	187	PROA	199	1.217289
PROA	187	PROA	233	0.666667
PROA	187	PROB	68	1.690309
PROA	187	PROB	69	1.501879
PROA	187	PROB	71	0.445435
PROA	188	PROA	189	4.506246
PROA	188	PROA	190	0.467707
PROA	188	PROA	194	1.990210
PROA	189	PROA	190	4.648348
PROA	189	PROA	194	0.193649
PROA	190	PROA	191	2.291288
PROA	190	PROA	192	3.000496
PROA	190	PROA	193	0.291606
PROA	190	PROA	194	0.272772
PROA	191	PROA	192	1.625000
PROA	191	PROA	193	0.356348
PROA	191	PROA	194	2.208333
PROA	191	PROA	199	0.198030
PROA	191	PROA	230	0.771517
PROA	191	PROA	231	0.652791
PROA	191	PROA	232	2.029802
PROA	191	PROA	233	2.271721
PROA	191	PROA	236	3.316994
PROA	191	PROB	68	1.317616
PROA	192	PROA	193	3.474396
PROA	192	PROA	194	0.458333
PROA	192	PROA	216	0.430820
PROA	192	PROA	226	2.454951
PROA	192	PROA	228	0.684653
PROA	192	PROA	229	1.418416
PROA	192	PROA	230	1.002972
PROA	192	PROA	231	0.087039
PROA	192	PROA	236	1.089162
PROA	193	PROA	194	2.049003
PROA	193	PROA	195	0.276026
PROA	193	PROA	212	0.222718
PROA	193	PROA	213	2.237036
PROA	193	PROA	216	1.908060
PROA	193	PROA	217	1.351691
PROA	193	PROA	220	1.183216
PROA	193	PROA	226	0.116642
PROA	194	PROA	195	3.743884
PROA	194	PROA	196	0.436436
PROA	194	PROA	198	1.639025
PROA	194	PROA	199	2.079310
PROA	194	PROA	212	0.708333
PROA	194	PROA	236	0.247537
PROA	194	PROA	240	0.140488
PROA	195	PROA	196	4.817379
PROA	195	PROA	197	2.776088
PROA	195	PROA	198	4.207762
PROA	195	PROA	199	1.457233
PROA	195	PROA	209	2.176429
PROA	195	PROA	212	2.259240
PROA	195	PROA	301	0.451848
PROA	196	PROA	197	4.278406
PROA	196	PROA	198	0.735767
PROA	196	PROA	199	3.111378
PROA	196	PROA	200	1.655476
PROA	196	PROA	201	0.142857
PROA	196	PROA	212	2.509506
PROA	196	PROA	237	0.429198
PROA	196	PROA	240	3.188325
PROA	196	PROA	255	0.061314
PROA	196	PROA	296	2.031889
PROA	196	PROA	301	1.091089
PROA	197	PROA	198	3.435623
PROA	197	PROA	199	0.688847
PROA	197	PROA	200	1.243933
PROA	197	PROA	201	3.036288
PROA	197	PROA	205	2.028370
PROA	197	PROA	206	0.345033
PROA	197	PROA	209	0.947758
PROA	197	PROA	255	0.829288
PROA	197	PROA	296	0.057735
PROA	197	PROA	298	1.587151
PROA	197	PROA	301	1.528434
PROA	198	PROA	199	2.448225
PROA	198	PROA	200	0.473684
PROA	198	PROA	201	0.858395
PROA	198	PROA	205	4.505636
PROA	198	PROA	209	2.052632
PROA	198	PROB	71	1.358049
PROA	199	PROA	200	2.615150
PROA	199	PROA	201	0.518563
PROA	199	PROA	233	2.064099
PROA	199	PROA	236	1.294118
PROA	199	PROA	237	3.171565
PROA	199	PROA	240	1.057188
PROA	199	PROB	71	1.089162
PROA	200	PROA	201	3.433580
PROA	200	PROA	233	0.300376
PROA	200	PROA	237	2.631579
PROA	200	PROA	255	2.842105
PROA	200	PROA	257	0.858395
PROA	200	PROA	260	3.772477
PROA	200	PROA	263	1.101378
PROA	200	PROA	264	2.631579
PROA	200	PROA	296	0.564288
PROA	200	PROB	71	0.983415
PROA	200	PROB	73	0.183942
PROA	201	PROA	202	2.981545
PROA	201	PROA	203	1.766389
PROA	201	PROA	205	1.807957
PROA	201	PROA	255	2.820441
PROA	201	PROA	256	2.329929
PROA	201	PROA	257	2.500000
PROA	201	PROA	260	0.084515
PROA	201	PROB	71	1.854852
PROA	202	PROA	203	3.021274
PROA	202	PROA	205	1.184313
PROA	202	PROA	257	0.080582
PROA	202	PROB	69	0.069171
PROA	202	PROB	70	0.090909
PROA	202	PROB	71	3.569653
PROA	203	PROA	204	4.190279
PROA	203	PROA	205	2.140114
PROA	203	PROA	256	1.369525
PROA	204	PROA	205	3.464102
PROA	204	PROA	206	0.404061
PROA	204	PROA	256	1.560798
PROA	205	PROA	206	3.440950
PROA	205	PROA	209	0.951190
PROA	205	PROB	71	0.579066
PROA	206	PROA	207	2.962975
PROA	206	PROA	208	2.900963
PROA	206	PROA	209	2.268616
PROA	206	PROA	298	2.000000
PROA	206	PROA	301	0.109109
PROA	207	PROA	208	2.185603
PROA	207	PROA	209	1.320613
PROA	207	PROA	210	0.861640
PROA	207	PROA	211	0.097823
PROA	208	PROA	209	2.905201
PROA	208	PROA	210	1.218544
PROA	208	PROA	211	2.905201
PROA	208	PROA	212	0.677003
PROA	208	PROA	213	0.090909
PROA	208	PROA	298	2.014557
PROA	208	PROA	301	2.954196
PROA	208	PROA	302	0.069171
PROA	208	PROA	303	0.077850
PROA	209	PROA	210	3.576237
PROA	209	PROA	211	0.421053
PROA	209	PROA	212	1.451708
PROA	209	PROA	213	0.830057
PROA	209	PROA	301	0.702439
PROA	210	PROA	211	2.516611
PROA	210	PROA	212	1.001735
PROA	210	PROA	213	3.394514
PROA	210	PROA	214	1.371207
PROA	210	PROA	215	0.109109
PROA	211	PROA	212	2.716099
PROA	211	PROA	213	0.760886
PROA	211	PROA	214	1.892680
PROA	211	PROA	215	0.953821
PROA	211	PROA	216	0.069171
PROA	211	PROA	292	0.048912
PROA	211	PROA	293	3.839263
PROA	211	PROA	294	0.052632
PROA	211	PROA	301	1.732684
PROA	211	PROA	302	2.578947
PROA	211	PROA	303	0.947758
PROA	211	PROA	304	1.663264
PROA	211	PROA	307	1.015667
PROA	212	PROA	213	2.769559
PROA	212	PROA	214	0.510310
PROA	212	PROA	215	1.234427
PROA	212	PROA	216	1.661735
PROA	212	PROA	228	1.004158
PROA	212	PROA	240	2.013659
PROA	212	PROA	244	0.936586
PROA	212	PROA	293	0.891133
PROA	212	PROA	294	2.809757
PROA	212	PROA	295	1.091089
PROA	212	PROA	296	0.502079
PROA	212	PROA	301	2.583333
PROA	213	PROA	214	3.844270
PROA	213	PROA	215	1.253566
PROA	213	PROA	216	2.636364
PROA	213	PROA	217	1.798458
PROA	213	PROA	218	0.069171
PROA	214	PROA	215	3.685154
PROA	214	PROA	216	1.055290
PROA	214	PROA	217	3.613298
PROA	214	PROA	218	1.032371
PROA	214	PROA	219	0.079057
PROA	214	PROA	293	1.212678
PROA	215	PROA	216	3.988620
PROA	215	PROA	217	1.127243
PROA	215	PROA	218	2.948174
PROA	215	PROA	219	1.553797
PROA	215	PROA	220	0.097590
PROA	215	PROA	290	1.647509
PROA	215	PROA	293	3.116775
PROA	215	PROA	294	3.034885
PROA	216	PROA	217	2.697686
PROA	216	PROA	218	0.691714
PROA	216	PROA	219	2.479003
PROA	216	PROA	220	1.089899
PROA	216	PROA	221	0.073127
PROA	216	PROA	226	0.080582
PROA	216	PROA	227	0.415029
PROA	216	PROA	228	0.471940
PROA	216	PROA	290	0.069171
PROA	216	PROA	294	1.590943
PROA	217	PROA	218	2.263158
PROA	217	PROA	219	0.870572
PROA	217	PROA	220	2.310161
PROA	217	PROA	221	2.336943
PROA	217	PROA	222	0.052632
PROA	218	PROA	219	3.119548
PROA	218	PROA	220	0.770054
PROA	218	PROA	221	2.726433
PROA	218	PROA	222	3.631579
PROA	218	PROA	223	0.069171
PROA	218	PROA	286	1.015667
PROA	218	PROA	289	1.000000
PROA	218	PROA	290	3.894737
PROA	218	PROA	293	0.778981
PROA	218	PROA	312	0.500626
PROA	219	PROA	220	3.592585
PROA	219	PROA	221	0.690268
PROA	219	PROA	222	2.248976
PROA	219	PROA	223	1.906925
PROA	219	PROA	224	0.169031
PROA	219	PROA	225	0.258199
PROA	219	PROA	226	0.084515
PROA	219	PROA	227	2.394072
PROA	219	PROA	279	0.494975
PROA	219	PROA	290	2.466619
PROA	219	PROA	294	0.652929
PROA	220	PROA	221	2.880632
PROA	220	PROA	222	0.770054
PROA	220	PROA	223	1.323448
PROA	220	PROA	224	1.380131
PROA	220	PROA	225	1.475730
PROA	220	PROA	226	1.380131
PROA	221	PROA	222	2.225660
PROA	221	PROA	223	0.438763
PROA	221	PROA	224	0.583383
PROA	222	PROA	223	3.596915
PROA	222	PROA	224	0.429198
PROA	222	PROA	279	0.307794
PROA	222	PROA	282	2.394072
PROA	222	PROA	283	0.264906
PROA	222	PROA	286	1.015667
PROA	222	PROA	287	1.315789
PROA	222	PROA	290	1.157895
PROA	222	PROA	312	0.050063
PROA	223	PROA	224	3.787368
PROA	223	PROA	225	4.062019
PROA	223	PROA	279	1.820340
PROA	224	PROA	225	2.400397
PROA	224	PROA	226	0.071429
PROA	225	PROA	226	4.255249
PROA	225	PROA	227	0.327805
PROA	225	PROA	229	0.109109
PROA	225	PROA	278	0.234146
PROA	225	PROA	279	0.593366
PROA	226	PROA	227	2.268616
PROA	226	PROA	228	1.374513
PROA	226	PROA	229	2.785714
PROA	227	PROA	228	5.899376
PROA	227	PROA	229	0.674453
PROA	227	PROA	239	0.055641
PROA	227	PROA	243	3.263158
PROA	227	PROA	275	1.030244
PROA	227	PROA	278	1.736842
PROA	227	PROA	279	1.333772
PROA	227	PROA	294	1.315789
PROA	228	PROA	229	3.824732
PROA	228	PROA	230	0.591608
PROA	228	PROA	236	1.843909
PROA	228	PROA	239	1.518513
PROA	228	PROA	240	2.821440
PROA	228	PROA	243	1.538968
PROA	228	PROA	244	1.436370
PROA	228	PROA	275	0.273861
PROA	228	PROA	294	2.103256
PROA	229	PROA	230	4.444671
PROA	229	PROA	231	0.455842
PROA	229	PROA	236	0.842665
PROA	229	PROA	239	2.852096
PROA	230	PROA	231	3.626203
PROA	230	PROA	232	1.100038
PROA	230	PROA	235	1.091089
PROA	230	PROA	236	3.666794
PROA	230	PROA	239	1.925067
PROA	231	PROA	232	3.826449
PROA	231	PROA	235	0.307729
PROA	232	PROA	233	1.958248
PROA	232	PROA	234	0.556415
PROA	232	PROA	235	3.570714
PROA	232	PROA	236	0.882353
PROA	232	PROA	237	0.055641
PROA	232	PROB	76	0.055641
PROA	233	PROA	234	3.904884
PROA	233	PROA	235	0.755929
PROA	233	PROA	236	1.111438
PROA	233	PROA	237	3.354195
PROA	233	PROB	67	0.048795
PROA	233	PROB	68	4.563833
PROA	233	PROB	71	0.846327
PROA	233	PROB	72	0.311805
PROA	233	PROB	73	2.099563
PROA	233	PROB	76	1.401753
PROA	234	PROA	235	3.377558
PROA	234	PROA	236	0.667698
PROA	234	PROA	237	2.894737
PROA	234	PROA	238	1.655476
PROA	234	PROA	239	0.055641
PROA	234	PROA	263	1.702129
PROA	234	PROB	73	2.145988
PROA	234	PROB	76	3.105263
PROA	234	PROB	77	2.023360
PROA	234	PROB	80	0.229416
PROA	235	PROA	236	2.870574
PROA	235	PROA	237	0.927173
PROA	235	PROA	238	2.005944
PROA	235	PROA	239	1.960392
PROA	236	PROA	237	2.615150
PROA	236	PROA	238	0.842665
PROA	236	PROA	239	2.823529
PROA	236	PROA	240	1.168471
PROA	237	PROA	238	3.004383
PROA	237	PROA	239	0.723339
PROA	237	PROA	240	1.315789
PROA	237	PROA	241	0.684211
PROA	237	PROA	263	1.802254
PROA	237	PROA	267	0.052632
PROA	237	PROB	73	0.490511
PROA	238	PROA	239	2.527995
PROA	238	PROA	240	0.858395
PROA	238	PROA	241	2.452557
PROA	238	PROA	242	0.909137
PROA	238	PROA	263	0.466569
PROA	238	PROA	267	1.716790
PROA	238	PROA	270	0.113961
PROA	239	PROA	240	2.392584
PROA	239	PROA	241	0.612056
PROA	239	PROA	242	1.283378
PROA	239	PROA	243	0.556415
PROA	240	PROA	241	2.473684
PROA	240	PROA	242	1.040532
PROA	240	PROA	243	0.789474
PROA	240	PROA	244	2.842105
PROA	240	PROA	245	0.086711
PROA	240	PROA	296	0.461690
PROA	241	PROA	242	3.121596
PROA	241	PROA	243	0.578947
PROA	241	PROA	244	0.842105
PROA	241	PROA	245	2.341197
PROA	241	PROA	246	1.590943
PROA	241	PROA	247	1.716790
PROA	241	PROA	263	0.100125
PROA	241	PROA	264	1.421053
PROA	241	PROA	267	1.368421
PROA	241	PROA	270	0.978232
PROA	242	PROA	243	3.988706
PROA	242	PROA	244	0.433555
PROA	242	PROA	245	0.857143
PROA	242	PROA	270	2.659216
PROA	242	PROA	273	0.661438
PROA	243	PROA	244	4.421053
PROA	243	PROA	245	0.867110
PROA	243	PROA	272	0.489116
PROA	243	PROA	273	3.785360
PROA	243	PROA	275	1.264391
PROA	243	PROA	278	2.157895
PROA	244	PROA	245	3.295018
PROA	244	PROA	246	0.138343
PROA	244	PROA	272	2.396668
PROA	244	PROA	273	0.229416
PROA	244	PROA	275	0.842927
PROA	244	PROA	294	1.421053
PROA	244	PROA	295	0.367884
PROA	244	PROA	296	1.025978
PROA	245	PROA	246	3.760699
PROA	245	PROA	247	0.707107
PROA	245	PROA	270	1.853393
PROA	245	PROA	271	2.020305
PROA	245	PROA	272	2.095140
PROA	245	PROA	273	0.094491
PROA	246	PROA	247	4.754355
PROA	246	PROA	248	0.545455
PROA	246	PROA	269	3.363853
PROA	246	PROA	270	2.378450
PROA	246	PROA	271	0.241747
PROA	247	PROA	248	3.223292
PROA	247	PROA	251	1.774489
PROA	247	PROA	252	1.962046
PROA	247	PROA	264	2.207302
PROA	247	PROA	296	2.031889
PROA	248	PROA	249	3.144471
PROA	248	PROA	250	2.335497
PROA	248	PROA	251	4.874174
PROA	248	PROA	252	1.590943
PROA	248	PROA	253	0.080582
PROA	248	PROA	300	0.257130
PROA	249	PROA	250	2.567520
PROA	249	PROA	251	0.630126
PROA	249	PROA	252	2.670791
PROA	249	PROA	253	1.490869
PROA	249	PROA	265	0.055641
PROA	250	PROA	251	3.801316
PROA	250	PROA	252	0.533114
PROA	250	PROA	253	1.380131
PROA	250	PROA	254	0.856349
PROA	250	PROA	297	0.276026
PROA	250	PROA	300	1.871638
PROA	251	PROA	252	2.582838
PROA	251	PROA	253	0.848668
PROA	251	PROA	254	2.524126
PROA	251	PROA	255	0.397360
PROA	251	PROA	296	1.807392
PROA	251	PROA	297	2.546005
PROA	251	PROA	300	1.723281
PROA	252	PROA	253	3.004383
PROA	252	PROA	254	0.830057
PROA	252	PROA	255	1.473684
PROA	252	PROA	260	0.145095
PROA	252	PROA	261	3.278050
PROA	252	PROA	264	1.526316
PROA	252	PROA	265	0.947368
PROA	252	PROA	296	0.153897
PROA	253	PROA	254	2.900963
PROA	253	PROA	255	1.164965
PROA	253	PROA	261	3.218714
PROA	254	PROA	255	3.320229
PROA	254	PROA	256	0.968400
PROA	254	PROA	296	0.067420
PROA	254	PROA	297	1.611646
PROA	254	PROA	298	0.644658
PROA	254	PROA	299	0.438763
PROA	255	PROA	256	3.526316
PROA	255	PROA	257	2.145988
PROA	255	PROA	260	2.103881
PROA	255	PROA	261	2.107318
PROA	255	PROA	264	1.263158
PROA	255	PROA	296	1.077277
PROA	256	PROA	257	3.127011
PROA	256	PROA	258	0.368421
PROA	256	PROA	261	0.842927
PROA	257	PROA	258	2.575185
PROA	257	PROA	259	2.279212
PROA	257	PROA	260	4.648348
PROA	257	PROA	261	0.981981
PROA	257	PROB	71	0.545545
PROA	257	PROB	73	0.071429
PROA	258	PROA	259	1.858641
PROA	258	PROA	260	0.580381
PROA	258	PROA	261	3.746343
PROA	258	PROA	262	0.981023
PROA	259	PROA	260	2.359700
PROA	259	PROA	261	0.522233
PROA	259	PROA	262	2.393172
PROA	259	PROA	263	0.651339
PROA	259	PROB	19	1.477098
PROA	259	PROB	72	2.045412
PROA	259	PROB	74	0.061546
PROA	260	PROA	261	2.646539
PROA	260	PROA	262	1.267731
PROA	260	PROA	263	2.760262
PROA	260	PROA	264	2.248976
PROA	260	PROA	265	0.072548
PROA	260	PROB	73	0.084515
PROA	261	PROA	262	2.018515
PROA	261	PROA	263	0.534522
PROA	261	PROA	264	1.123903
PROA	261	PROA	265	0.608781
PROA	261	PROA	266	0.061546
PROA	262	PROA	263	2.274526
PROA	262	PROA	264	0.490511
PROA	262	PROA	265	1.164965
PROA	262	PROA	266	1.531064
PROA	263	PROA	264	3.404258
PROA	263	PROA	265	0.650814
PROA	263	PROA	266	2.237036
PROA	263	PROA	267	2.953694
PROA	263	PROB	73	2.682774
PROA	263	PROB	74	0.125988
PROA	263	PROB	77	0.116642
PROA	264	PROA	265	2.000000
PROA	264	PROA	266	0.691714
PROA	264	PROA	267	1.473684
PROA	264	PROA	269	0.166924
PROA	264	PROA	296	0.461690
PROA	265	PROA	266	2.974372
PROA	265	PROA	267	0.578947
PROA	265	PROA	269	1.446679
PROA	266	PROA	267	4.219458
PROA	266	PROA	268	0.564076
PROA	267	PROA	268	4.291975
PROA	267	PROA	269	0.612056
PROA	268	PROA	269	2.722456
PROA	268	PROA	270	0.911685
PROA	269	PROA	270	2.688856
PROA	270	PROA	271	2.962975
PROA	270	PROA	272	0.136364
PROA	271	PROA	272	2.222231
PROA	271	PROA	273	0.400892
PROA	272	PROA	273	2.718309
PROA	272	PROA	274	0.455842
PROA	272	PROA	275	1.044466
PROA	272	PROA	291	1.107823
PROA	273	PROA	274	4.743887
PROA	273	PROA	275	0.306186
PROA	273	PROA	277	0.153093
PROA	273	PROA	278	2.695635
PROA	274	PROA	275	1.963961
PROA	274	PROA	276	1.571429
PROA	274	PROA	277	2.400397
PROA	274	PROA	278	0.735767
PROA	275	PROA	276	1.909407
PROA	275	PROA	277	0.416667
PROA	275	PROA	278	2.716099
PROA	275	PROA	279	2.145247
PROA	275	PROA	287	2.856587
PROA	275	PROA	290	1.264391
PROA	275	PROA	291	3.535534
PROA	275	PROA	294	1.920001
PROA	276	PROA	277	2.727724
PROA	276	PROA	278	0.490511
PROA	276	PROA	279	0.657376
PROA	276	PROA	280	1.000000
PROA	276	PROA	287	0.919709
PROA	277	PROA	278	1.779513
PROA	277	PROA	279	0.456435
PROA	277	PROA	280	1.800298
PROA	278	PROA	279	4.360408
PROA	278	PROA	280	0.674453
PROA	279	PROA	280	3.107594
PROA	279	PROA	281	0.776899
PROA	279	PROA	282	2.474874
PROA	279	PROA	287	2.872739
PROA	279	PROA	290	0.923381
PROA	280	PROA	281	3.857143
PROA	280	PROA	282	0.845154
PROA	281	PROA	282	3.380617
PROA	281	PROA	283	0.231455
PROA	282	PROA	283	4.107919
PROA	282	PROA	284	0.476731
PROA	282	PROA	286	0.100000
PROA	282	PROA	287	2.974453
PROA	283	PROA	284	3.829708
PROA	283	PROA	285	4.000473
PROA	283	PROA	286	4.199206
PROA	283	PROA	287	1.390759
PROA	283	PROA	288	0.083333
PROA	283	PROA	312	1.070899
PROA	284	PROA	285	3.471251
PROA	284	PROA	286	0.953463
PROA	284	PROA	287	1.590943
PROA	284	PROA	288	1.392621
PROA	285	PROA	286	3.101319
PROA	285	PROA	287	0.440204
PROA	285	PROA	288	1.600189
PROA	285	PROA	289	0.538028
PROA	285	PROA	310	0.051709
PROA	285	PROA	311	0.569803
PROA	285	PROA	312	2.186638
PROA	286	PROA	287	3.192096
PROA	286	PROA	288	1.278019
PROA	286	PROA	289	2.103881
PROA	286	PROA	290	1.015667
PROA	286	PROA	312	4.899465
PROA	287	PROA	288	2.450385
PROA	287	PROA	289	0.631579
PROA	287	PROA	290	3.315789
PROA	287	PROA	291	0.927173
PROA	288	PROA	289	2.582838
PROA	288	PROA	290	0.662266
PROA	288	PROA	291	1.333333
PROA	288	PROA	292	3.138833
PROA	288	PROA	310	0.210042
PROA	289	PROA	290	2.263158
PROA	289	PROA	291	0.529813
PROA	289	PROA	292	2.249934
PROA	289	PROA	293	3.004640
PROA	289	PROA	302	2.157895
PROA	289	PROA	307	2.248976
PROA	289	PROA	310	2.948999
PROA	289	PROA	312	1.752192
PROA	289	PROA	313	1.000000
PROA	290	PROA	291	3.046424
PROA	290	PROA	292	0.635851
PROA	290	PROA	293	2.392584
PROA	290	PROA	294	3.105263
PROA	291	PROA	292	3.138833
PROA	291	PROA	293	0.910182
PROA	291	PROA	294	1.589439
PROA	291	PROA	295	1.157275
PROA	292	PROA	293	2.016642
PROA	292	PROA	294	0.391293
PROA	292	PROA	295	1.481487
PROA	292	PROA	300	0.090909
PROA	292	PROA	301	0.826869
PROA	292	PROA	302	3.619458
PROA	292	PROA	310	2.068351
PROA	293	PROA	294	3.004640
PROA	293	PROA	295	0.842665
PROA	293	PROA	301	0.891133
PROA	293	PROA	302	1.947452
PROA	293	PROA	307	0.690268
PROA	294	PROA	295	2.636499
PROA	294	PROA	296	0.153897
PROA	294	PROA	301	0.234146
PROA	295	PROA	296	2.689264
PROA	295	PROA	297	1.857143
PROA	295	PROA	298	0.071429
PROA	295	PROA	300	2.222231
PROA	295	PROA	301	4.582576
PROA	295	PROA	302	0.061314
PROA	296	PROA	297	3.286879
PROA	296	PROA	298	0.418330
PROA	296	PROA	301	1.049802
PROA	297	PROA	298	4.357143
PROA	297	PROA	299	3.435480
PROA	297	PROA	300	5.584068
PROA	297	PROA	301	1.309307
PROA	298	PROA	299	3.305839
PROA	298	PROA	300	0.569803
PROA	298	PROA	301	5.182675
PROA	299	PROA	300	2.895691
PROA	299	PROA	301	0.495074
PROA	300	PROA	301	1.827815
PROA	300	PROA	302	0.146735
PROA	301	PROA	302	2.247806
PROA	301	PROA	303	0.316228
PROA	302	PROA	303	4.146442
PROA	302	PROA	304	0.229416
PROA	302	PROA	306	2.170018
PROA	302	PROA	307	3.699929
PROA	302	PROA	310	1.224113
PROA	303	PROA	304	2.775638
PROA	303	PROA	305	0.733333
PROA	303	PROA	306	3.318989
PROA	303	PROA	307	1.388044
PROA	304	PROA	305	3.937533
PROA	304	PROA	306	0.606339
PROA	304	PROA	307	2.055480
PROA	304	PROA	308	1.376494
PROA	305	PROA	306	3.005877
PROA	305	PROA	307	1.143095
PROA	305	PROA	308	2.369396
PROA	305	PROA	309	0.816497
PROA	305	PROA	322	0.066667
PROA	306	PROA	307	2.991163
PROA	306	PROA	308	0.612056
PROA	306	PROA	309	2.530984
PROA	306	PROA	310	0.705882
PROA	307	PROA	308	3.192096
PROA	307	PROA	309	1.300000
PROA	307	PROA	310	1.994109
PROA	307	PROA	313	0.943119
PROA	308	PROA	309	2.539167
PROA	308	PROA	310	0.667698
PROA	308	PROA	313	2.210526
PROA	308	PROA	317	1.151440
PROA	309	PROA	310	3.374646
PROA	309	PROA	311	0.422577
PROA	309	PROA	313	0.072548
PROA	309	PROA	317	2.139203
PROA	310	PROA	311	4.602246
PROA	310	PROA	312	0.952661
PROA	310	PROA	313	1.057188
PROA	310	PROA	314	0.187867
PROA	311	PROA	312	2.449490
PROA	311	PROA	313	0.674453
PROA	311	PROA	314	2.415229
PROA	312	PROA	313	4.155197
PROA	312	PROA	314	0.450749
PROA	312	PROA	315	0.052926
PROA	313	PROA	314	2.369396
PROA	313	PROA	315	0.445132
PROA	313	PROA	316	1.201503
PROA	313	PROA	317	0.750939
PROA	314	PROA	315	4.383570
PROA	314	PROA	316	0.563436
PROA	314	PROA	317	2.141057
PROA	315	PROA	316	2.275801
PROA	315	PROA	317	0.529256
PROA	316	PROA	317	1.809524
PROA	316	PROA	318	0.314970
PROA	317	PROA	318	4.346591
PROA	317	PROA	319	3.615913
PROA	318	PROA	319	4.397645
PROA	318	PROA	320	3.481553
PROA	319	PROA	320	3.465039
PROA	319	PROA	321	0.462910
PROA	320	PROA	321	3.742670
PROA	320	PROA	322	0.778499
PROA	321	PROA	322	3.354102
PROA	321	PROA	323	0.462910
PROA	322	PROA	323	4.485426
PROA	322	PROA	324	0.177705
PROA	323	PROA	324	3.249638
PROA	323	PROA	325	0.422577
PROA	324	PROA	325	3.482286
PROA	324	PROA	326	0.296174
PROA	325	PROA	326	4.082483
PROA	325	PROA	327	0.400000
PROA	326	PROA	327	3.184337
PROA	326	PROA	328	0.345033
PROA	327	PROA	328	5.408987
PROA	327	PROA	329	0.353553
PROA	328	PROA	329	2.330696
PROA	328	PROA	330	0.740744
PROA	329	PROA	330	3.956870
PROA	329	PROA	331	1.400000
PROA	330	PROA	331	2.479003
PROA	330	PROA	332	0.553912
PROA	331	PROA	332	2.517439
PROA	331	PROA	333	0.705024
PROA	331	PROA	335	0.205196
PROA	332	PROA	333	4.200840
PROA	333	PROA	334	3.318989
PROA	333	PROA	335	1.502320
PROA	333	PROA	338	0.389490
PROA	333	PROA	346	1.112830
PROA	334	PROA	335	2.665570
PROA	334	PROA	336	1.416176
PROA	334	PROA	338	0.651584
PROA	335	PROA	336	3.112651
PROA	335	PROA	337	0.397360
PROA	335	PROA	338	3.473684
PROA	335	PROA	343	1.263158
PROA	335	PROA	346	1.052632
PROA	336	PROA	337	4.416667
PROA	336	PROA	338	0.860946
PROA	337	PROA	338	3.311331
PROA	337	PROA	339	0.462910
PROA	338	PROA	339	3.985406
PROA	338	PROA	340	0.146735
PROA	338	PROA	342	1.907552
PROA	338	PROA	343	2.789474
PROA	338	PROA	346	0.263158
PROA	339	PROA	340	2.165251
PROA	339	PROA	341	1.035098
PROA	339	PROA	342	2.735054
PROA	339	PROA	343	1.226279
PROA	339	PROA	344	0.056980
PROA	340	PROA	341	2.752409
PROA	340	PROA	342	0.545455
PROA	340	PROA	343	1.516260
PROA	340	PROA	344	0.954545
PROA	340	PROA	345	0.055048
PROA	341	PROA	342	2.256976
PROA	341	PROA	343	0.592349
PROA	341	PROA	344	3.357939
PROA	341	PROA	345	0.933333
PROA	341	PROA	346	0.059235
PROA	342	PROA	343	2.396668
PROA	342	PROA	344	0.454545
PROA	342	PROA	345	4.018518
PROA	342	PROA	346	0.831497
PROA	343	PROA	344	2.103199
PROA	343	PROA	345	0.888523
PROA	343	PROA	346	1.526316
PROA	343	PROA	347	1.736842
PROA	343	PROA	348	0.051299
PROA	344	PROA	345	2.532217
PROA	344	PROA	346	0.489116
PROA	344	PROA	347	1.320613
PROA	344	PROA	348	0.667424
PROA	345	PROA	346	3.139449
PROA	345	PROA	347	0.651584
PROA	345	PROA	348	1.558846
PROA	345	PROA	349	2.066667
PROA	346	PROA	347	2.421053
PROA	346	PROA	348	0.718185
PROA	346	PROA	349	1.836282
PROA	346	PROA	350	2.191691
PROA	346	PROA	351	0.061314
PROA	347	PROA	348	2.411049
PROA	347	PROA	349	0.710819
PROA	347	PROA	350	1.006993
PROA	347	PROA	351	2.697813
PROA	347	PROA	352	0.072548
PROA	348	PROA	349	3.579572
PROA	348	PROA	350	0.577350
PROA	348	PROA	351	1.314751
PROA	348	PROA	352	0.707107
PROA	349	PROA	350	2.933333
PROA	349	PROA	351	0.690066
PROA	349	PROA	352	2.122891
PROA	349	PROA	353	0.052705
PROA	350	PROA	351	3.312315
PROA	350	PROA	352	0.979796
PROA	350	PROA	353	0.158114
PROA	350	PROA	354	0.346410
PROA	351	PROA	352	3.549648
PROA	351	PROA	353	0.490990
PROA	351	PROA	354	2.450219
PROA	351	PROA	355	1.555689
PROA	352	PROA	353	2.517439
PROA	352	PROA	354	1.060660
PROA	352	PROA	355	2.607681
PROA	352	PROA	358	2.484236
PROA	353	PROA	354	2.327821
PROA	353	PROA	355	0.594089
PROA	353	PROA	358	2.405351
PROA	354	PROA	355	3.416655
PROA	354	PROA	356	0.418330
PROA	355	PROA	356	3.759582
PROA	355	PROA	357	0.366679
PROA	355	PROA	358	0.846810
PROA	356	PROA	357	3.434519
PROA	356	PROA	358	0.699854
PROA	357	PROA	358	3.629059
PROA	357	PROA	359	0.308607
PROA	358	PROA	359	2.449895
PROA	358	PROA	360	1.196887
PROA	359	PROA	360	2.828427
PROB	1	PROB	2	2.991163
PROB	1	PROB	3	0.688847
PROB	1	PROB	4	2.540429
PROB	1	PROB	5	0.825029
PROB	1	PROB	6	0.064820
PROB	1	PROB	57	1.396137
PROB	2	PROB	3	3.592585
PROB	2	PROB	4	0.759072
PROB	2	PROB	5	1.434274
PROB	2	PROB	6	1.267731
PROB	3	PROB	4	1.972027
PROB	3	PROB	5	0.780720
PROB	3	PROB	6	1.725164
PROB	3	PROB	7	0.770054
PROB	3	PROB	82	0.676123
PROB	3	PROB	86	3.162936
PROB	4	PROB	5	3.381623
PROB	4	PROB	6	0.816497
PROB	4	PROB	7	2.302880
PROB	4	PROB	8	3.354195
PROB	4	PROB	9	0.052926
PROB	4	PROB	50	1.183216
PROB	4	PROB	55	1.001252
PROB	4	PROB	56	0.251976
PROB	4	PROB	57	4.233703
PROB	4	PROB	60	0.100125
PROB	4	PROB	82	1.523810
PROB	5	PROB	6	3.434519
PROB	5	PROB	7	1.040532
PROB	5	PROB	8	3.208307
PROB	5	PROB	9	1.466718
PROB	5	PROB	10	0.109109
PROB	6	PROB	7	2.636499
PROB	6	PROB	8	0.735767
PROB	6	PROB	9	2.268713
PROB	6	PROB	10	1.851640
PROB	7	PROB	8	3.526316
PROB	7	PROB	9	0.667698
PROB	7	PROB	10	1.788119
PROB	7	PROB	11	3.157895
PROB	7	PROB	12	0.061314
PROB	7	PROB	60	0.947368
PROB	7	PROB	63	0.052632
PROB	7	PROB	78	0.834622
PROB	7	PROB	79	1.032371
PROB	7	PROB	82	4.305385
PROB	8	PROB	9	2.225660
PROB	8	PROB	10	0.662266
PROB	8	PROB	11	2.052632
PROB	8	PROB	12	1.287593
PROB	8	PROB	43	1.037572
PROB	8	PROB	46	3.847419
PROB	8	PROB	47	0.069171
PROB	8	PROB	55	1.315789
PROB	9	PROB	10	2.730546
PROB	9	PROB	11	0.445132
PROB	9	PROB	12	3.176198
PROB	9	PROB	13	0.777844
PROB	9	PROB	43	1.462545
PROB	10	PROB	11	3.178878
PROB	10	PROB	12	0.848668
PROB	10	PROB	13	1.774489
PROB	10	PROB	14	0.462910
PROB	10	PROB	78	0.280056
PROB	11	PROB	12	2.575185
PROB	11	PROB	13	0.797081
PROB	11	PROB	14	1.287593
PROB	11	PROB	15	1.736842
PROB	11	PROB	46	1.949359
PROB	11	PROB	63	0.473684
PROB	11	PROB	67	1.231174
PROB	11	PROB	75	3.315789
PROB	11	PROB	78	1.613603
PROB	11	PROB	79	0.860309
PROB	12	PROB	13	3.000000
PROB	12	PROB	14	1.000000
PROB	12	PROB	15	2.759127
PROB	12	PROB	41	0.857143
PROB	12	PROB	42	3.939595
PROB	12	PROB	43	2.336887
PROB	12	PROB	46	0.717137
PROB	13	PROB	14	2.500000
PROB	13	PROB	15	0.613139
PROB	14	PROB	15	2.943069
PROB	14	PROB	16	0.214286
PROB	14	PROB	72	1.800298
PROB	14	PROB	74	1.774489
PROB	14	PROB	75	2.697813
PROB	14	PROB	78	1.555689
PROB	15	PROB	16	3.801464
PROB	15	PROB	19	0.662266
PROB	15	PROB	20	2.631579
PROB	15	PROB	23	1.578947
PROB	15	PROB	41	0.061314
PROB	15	PROB	42	2.341197
PROB	15	PROB	45	0.093659
PROB	15	PROB	46	0.820783
PROB	15	PROB	67	0.307794
PROB	15	PROB	72	1.123903
PROB	15	PROB	75	2.052632
PROB	16	PROB	17	2.820441
PROB	16	PROB	18	0.828079
PROB	16	PROB	19	2.623157
PROB	16	PROB	20	1.103651
PROB	16	PROB	72	0.054554
PROB	17	PROB	18	4.857261
PROB	17	PROB	19	0.728493
PROB	17	PROB	20	1.578947
PROB	17	PROB	21	1.303168
PROB	17	PROB	24	0.048912
PROB	17	PROB	40	2.697813
PROB	18	PROB	19	2.757817
PROB	18	PROB	20	0.829288
PROB	18	PROB	21	2.600000
PROB	18	PROB	22	0.250490
PROB	19	PROB	20	2.516611
PROB	19	PROB	21	0.968963
PROB	19	PROB	22	1.190238
PROB	19	PROB	23	0.728493
PROB	19	PROB	72	0.883883
PROB	20	PROB	21	2.784040
PROB	20	PROB	22	0.778981
PROB	20	PROB	23	3.684211
PROB	20	PROB	24	2.494492
PROB	20	PROB	25	0.069171
PROB	20	PROB	39	0.736842
PROB	20	PROB	40	1.103651
PROB	20	PROB	41	1.471534
PROB	20	PROB	42	2.254486
PROB	20	PROB	45	2.107318
PROB	21	PROB	22	2.317030
PROB	21	PROB	23	0.533114
PROB	21	PROB	24	4.238710
PROB	21	PROB	25	1.479148
PROB	21	PROB	26	0.081650
PROB	21	PROB	36	0.155700
PROB	21	PROB	40	0.069007
PROB	22	PROB	23	3.115923
PROB	22	PROB	24	0.517088
PROB	22	PROB	25	2.778835
PROB	22	PROB	26	1.994109
PROB	22	PROB	70	1.243163
PROB	23	PROB	24	2.054287
PROB	23	PROB	25	0.830057
PROB	23	PROB	26	1.958786
PROB	23	PROB	27	0.553372
PROB	23	PROB	45	3.184392
PROB	23	PROB	66	1.631579
PROB	23	PROB	67	1.487669
PROB	23	PROB	70	1.729286
PROB	23	PROB	72	0.374634
PROB	23	PROB	75	0.526316
PROB	24	PROB	25	2.699862
PROB	24	PROB	26	0.943880
PROB	24	PROB	27	1.157084
PROB	24	PROB	28	0.454545
PROB	24	PROB	36	3.792664
PROB	24	PROB	37	0.495434
PROB	24	PROB	39	3.179254
PROB	24	PROB	40	0.455842
PROB	24	PROB	45	2.350048
PROB	25	PROB	26	3.432465
PROB	25	PROB	27	0.636364
PROB	25	PROB	28	2.121320
PROB	25	PROB	29	0.077850
PROB	26	PROB	27	3.813850
PROB	26	PROB	28	0.876460
PROB	26	PROB	29	0.163299
PROB	26	PROB	30	0.182574
PROB	26	PROB	62	0.138013
PROB	26	PROB	66	2.466619
PROB	26	PROB	69	0.362738
PROB	26	PROB	70	0.762770
PROB	27	PROB	28	2.378450
PROB	27	PROB	29	0.856349
PROB	27	PROB	30	3.046359
PROB	27	PROB	31	2.421001
PROB	27	PROB	45	0.984732
PROB	27	PROB	48	0.134840
PROB	27	PROB	49	0.691714
PROB	27	PROB	54	0.257130
PROB	27	PROB	62	2.105445
PROB	27	PROB	66	0.760886
PROB	28	PROB	29	3.853373
PROB	28	PROB	30	0.615457
PROB	28	PROB	31	0.586939
PROB	28	PROB	32	0.113961
PROB	29	PROB	30	2.832353
PROB	29	PROB	31	0.473879
PROB	29	PROB	32	0.138013
PROB	30	PROB	31	3.178878
PROB	30	PROB	32	0.694365
PROB	30	PROB	54	1.230915
PROB	30	PROB	62	2.015811
PROB	30	PROB	66	0.066227
PROB	31	PROB	32	4.537231
PROB	31	PROB	33	1.106743
PROB	31	PROB	48	1.898060
PROB	31	PROB	49	1.315789
PROB	31	PROB	52	3.338489
PROB	31	PROB	54	2.054287
PROB	32	PROB	33	2.659216
PROB	32	PROB	34	0.138013
PROB	32	PROB	48	0.119523
PROB	33	PROB	34	4.126044
PROB	33	PROB	35	2.121320
PROB	33	PROB	36	1.636364
PROB	33	PROB	39	0.276686
PROB	33	PROB	48	1.887760
PROB	34	PROB	35	2.642313
PROB	34	PROB	36	0.622799
PROB	34	PROB	37	0.066667
PROB	35	PROB	36	2.442733
PROB	35	PROB	37	0.440386
PROB	35	PROB	38	3.853373
PROB	35	PROB	39	1.565171
PROB	35	PROB	48	0.524404
PROB	36	PROB	37	3.503245
PROB	36	PROB	38	0.778499
PROB	36	PROB	39	2.144315
PROB	37	PROB	38	3.000000
PROB	37	PROB	39	0.592349
PROB	37	PROB	40	0.345033
PROB	38	PROB	39	2.724805
PROB	38	PROB	40	0.759072
PROB	39	PROB	40	3.065697
PROB	39	PROB	41	0.981023
PROB	39	PROB	44	2.176429
PROB	39	PROB	45	2.528782
PROB	39	PROB	48	2.154555
PROB	40	PROB	41	3.428571
PROB	40	PROB	44	0.169031
PROB	41	PROB	42	4.040610
PROB	41	PROB	43	2.014557
PROB	41	PROB	44	4.310287
PROB	41	PROB	45	0.600099
PROB	42	PROB	43	3.760699
PROB	42	PROB	44	0.956183
PROB	42	PROB	45	1.543033
PROB	42	PROB	46	2.366432
PROB	43	PROB	44	4.099889
PROB	43	PROB	45	0.800095
PROB	43	PROB	46	2.831639
PROB	43	PROB	47	1.272727
PROB	43	PROB	48	0.067420
PROB	44	PROB	45	2.388340
PROB	44	PROB	46	0.848528
PROB	44	PROB	47	2.002271
PROB	44	PROB	48	0.919239
PROB	45	PROB	46	3.012474
PROB	45	PROB	47	0.677003
PROB	45	PROB	48	2.464752
PROB	45	PROB	49	3.652685
PROB	45	PROB	50	0.052705
PROB	45	PROB	62	0.089087
PROB	45	PROB	63	0.468293
PROB	45	PROB	66	0.608781
PROB	45	PROB	67	0.365148
PROB	46	PROB	47	2.359700
PROB	46	PROB	48	0.500000
PROB	46	PROB	49	2.411049
PROB	46	PROB	50	0.808290
PROB	46	PROB	51	0.067420
PROB	46	PROB	55	2.770142
PROB	46	PROB	63	1.282473
PROB	46	PROB	67	0.900000
PROB	46	PROB	75	0.102598
PROB	47	PROB	48	2.966479
PROB	47	PROB	49	0.830057
PROB	47	PROB	50	2.802596
PROB	47	PROB	51	1.909091
PROB	47	PROB	52	0.073127
PROB	47	PROB	55	0.069171
PROB	48	PROB	49	3.180533
PROB	48	PROB	50	0.750555
PROB	48	PROB	51	1.887760
PROB	48	PROB	52	2.657398
PROB	49	PROB	50	2.428630
PROB	49	PROB	51	0.760886
PROB	49	PROB	52	1.391037
PROB	49	PROB	53	0.429198
PROB	49	PROB	54	2.934696
PROB	49	PROB	55	3.368421
PROB	49	PROB	62	0.951190
PROB	49	PROB	63	1.000000
PROB	50	PROB	51	4.048195
PROB	50	PROB	52	0.626224
PROB	50	PROB	53	0.828079
PROB	50	PROB	54	0.330289
PROB	50	PROB	55	2.665570
PROB	50	PROB	56	0.298142
PROB	50	PROB	57	1.871638
PROB	51	PROB	52	4.021998
PROB	51	PROB	53	0.805823
PROB	52	PROB	53	3.694761
PROB	52	PROB	54	1.758098
PROB	53	PROB	54	2.450152
PROB	53	PROB	55	0.735767
PROB	54	PROB	55	2.005376
PROB	54	PROB	62	3.396267
PROB	54	PROB	63	0.146735
PROB	55	PROB	56	4.172277
PROB	55	PROB	59	0.429198
PROB	55	PROB	60	1.210526
PROB	55	PROB	62	0.050063
PROB	55	PROB	63	2.105263
PROB	56	PROB	57	4.246656
PROB	56	PROB	58	1.000000
PROB	56	PROB	59	2.777460
PROB	56	PROB	60	0.529813
PROB	57	PROB	58	2.461830
PROB	57	PROB	59	0.512823
PROB	57	PROB	60	0.097823
PROB	57	PROB	82	0.697863
PROB	57	PROB	87	0.195646
PROB	58	PROB	59	3.317522
PROB	58	PROB	60	1.390759
PROB	58	PROB	82	0.881917
PROB	58	PROB	83	0.176777
PROB	58	PROB	87	2.980198
PROB	59	PROB	60	3.862778
PROB	59	PROB	61	3.142710
PROB	59	PROB	62	0.058321
PROB	60	PROB	61	2.836029
PROB	60	PROB	62	0.400501
PROB	60	PROB	63	3.105263
PROB	60	PROB	64	1.303168
PROB	60	PROB	65	0.055641
PROB	60	PROB	79	2.523573
PROB	60	PROB	82	1.551941
PROB	60	PROB	83	2.669270
PROB	60	PROB	87	0.473684
PROB	61	PROB	62	2.763397
PROB	61	PROB	63	0.553372
PROB	61	PROB	64	3.658945
PROB	61	PROB	65	1.755054
PROB	61	PROB	66	0.069171
PROB	61	PROB	83	0.307729
PROB	62	PROB	63	2.903632
PROB	62	PROB	64	0.901498
PROB	62	PROB	65	1.481917
PROB	62	PROB	66	3.654571
PROB	62	PROB	67	0.048795
PROB	63	PROB	64	2.724805
PROB	63	PROB	65	0.667698
PROB	63	PROB	66	1.684211
PROB	63	PROB	67	3.488326
PROB	63	PROB	68	0.059235
PROB	63	PROB	76	0.052632
PROB	63	PROB	79	0.860309
PROB	64	PROB	65	3.193744
PROB	64	PROB	66	0.533114
PROB	64	PROB	67	1.212436
PROB	64	PROB	68	0.733333
PROB	64	PROB	76	2.606335
PROB	64	PROB	79	0.516398
PROB	64	PROB	83	2.108185
PROB	65	PROB	66	2.948999
PROB	65	PROB	67	0.542326
PROB	65	PROB	68	1.816050
PROB	65	PROB	69	0.890264
PROB	65	PROB	70	0.073127
PROB	66	PROB	67	2.462348
PROB	66	PROB	68	0.829288
PROB	66	PROB	69	2.210526
PROB	66	PROB	70	2.490172
PROB	66	PROB	71	0.046829
PROB	67	PROB	68	2.136196
PROB	67	PROB	69	0.359092
PROB	67	PROB	70	2.090020
PROB	67	PROB	71	0.319505
PROB	67	PROB	72	2.008316
PROB	67	PROB	75	3.488326
PROB	67	PROB	76	1.795462
PROB	67	PROB	79	1.006231
PROB	68	PROB	69	3.139449
PROB	68	PROB	70	1.012049
PROB	68	PROB	71	1.159502
PROB	68	PROB	72	0.368932
PROB	68	PROB	76	0.414644
PROB	69	PROB	70	3.527744
PROB	69	PROB	71	2.528782
PROB	70	PROB	71	3.261925
PROB	70	PROB	72	1.723281
PROB	71	PROB	72	2.041667
PROB	71	PROB	73	1.091089
PROB	72	PROB	73	3.109605
PROB	72	PROB	74	2.828427
PROB	72	PROB	75	5.806832
PROB	72	PROB	76	0.374634
PROB	73	PROB	74	4.474797
PROB	73	PROB	75	0.490511
PROB	73	PROB	76	1.287593
PROB	73	PROB	77	1.071429
PROB	74	PROB	75	3.841144
PROB	74	PROB	76	0.794719
PROB	74	PROB	77	1.928792
PROB	74	PROB	78	1.470294
PROB	75	PROB	76	1.842105
PROB	75	PROB	77	0.551825
PROB	75	PROB	78	2.058735
PROB	75	PROB	79	0.745601
PROB	76	PROB	77	2.881755
PROB	76	PROB	78	0.778981
PROB	76	PROB	79	3.498590
PROB	76	PROB	80	1.491202
PROB	76	PROB	83	0.234146
PROB	77	PROB	78	3.435480
PROB	77	PROB	79	0.868599
PROB	77	PROB	80	2.204905
PROB	77	PROB	81	1.388730
PROB	78	PROB	79	2.789160
PROB	78	PROB	80	0.606339
PROB	78	PROB	81	1.750350
PROB	78	PROB	82	0.635107
PROB	79	PROB	80	3.562500
PROB	79	PROB	81	1.010363
PROB	79	PROB	82	1.636634
PROB	79	PROB	83	2.959800
PROB	79	PROB	84	0.066815
PROB	80	PROB	81	3.031089
PROB	80	PROB	82	0.709208
PROB	80	PROB	83	2.653614
PROB	80	PROB	84	2.204905
PROB	80	PROB	85	0.051031
PROB	81	PROB	82	2.141799
PROB	81	PROB	83	0.530330
PROB	81	PROB	84	2.237399
PROB	81	PROB	85	1.355288
PROB	81	PROB	86	0.216506
PROB	82	PROB	83	2.761699
PROB	82	PROB	84	0.699854
PROB	82	PROB	85	0.623610
PROB	82	PROB	86	3.546041
PROB	82	PROB	87	2.853569
PROB	83	PROB	84	2.400397
PROB	83	PROB	85	0.375000
PROB	83	PROB	86	0.306186
PROB	83	PROB	87	2.481952
PROB	83	PROB	88	1.087985
PROB	84	PROB	85	4.473467
PROB	84	PROB	86	0.467707
PROB	84	PROB	87	0.061314
PROB	84	PROB	88	1.652428
PROB	85	PROB	86	2.806707
PROB	85	PROB	87	0.327805
PROB	85	PROB	88	0.348155
PROB	86	PROB	87	4.244191
PROB	86	PROB	88	0.533002
PROB	87	PROB	88	2.543403
PROB	87	PROB	89	0.307794
PROB	88	PROB	89	2.526676
