PROA	11	PROA	12	3.227486
PROA	11	PROA	13	0.363803
PROA	11	PROA	18	2.875000
PROA	11	PROA	19	0.223607
PROA	11	PROA	20	1.587713
PROA	12	PROA	13	2.630142
PROA	12	PROA	14	0.193649
PROA	12	PROA	18	0.580948
PROA	12	PROA	19	0.866025
PROA	12	PROA	20	0.074536
PROA	12	PROA	28	0.414644
PROA	13	PROA	14	2.667892
PROA	13	PROA	15	0.198030
PROA	13	PROA	16	2.658426
PROA	13	PROA	17	1.352941
PROA	13	PROA	18	2.971061
PROA	13	PROA	19	0.759257
PROA	14	PROA	15	4.133514
PROA	14	PROA	16	1.133893
PROA	14	PROA	17	1.515848
PROA	14	PROA	18	0.062500
PROA	14	PROA	19	0.894427
PROA	14	PROA	28	2.523573
PROA	14	PROA	29	1.356801
PROA	14	PROA	30	2.454951
PROA	14	PROA	38	0.181902
PROA	14	PROA	40	1.281423
PROA	15	PROA	16	2.700309
PROA	15	PROA	17	0.643596
PROA	15	PROA	30	4.498898
PROA	15	PROA	38	0.495074
PROA	16	PROA	17	3.208445
PROA	16	PROA	18	0.472456
PROA	17	PROA	18	3.759302
PROA	17	PROA	19	1.247350
PROA	17	PROA	38	2.647059
PROA	17	PROA	55	2.171768
PROA	18	PROA	19	3.298200
PROA	18	PROA	20	1.082532
PROA	18	PROA	55	2.078707
PROA	18	PROA	102	0.327327
PROA	19	PROA	20	2.452889
PROA	19	PROA	21	3.130495
PROA	19	PROA	22	0.084515
PROA	19	PROA	28	1.077277
PROA	19	PROA	38	1.247350
PROA	19	PROA	39	0.503115
PROA	19	PROA	40	2.359700
PROA	19	PROA	53	1.333772
PROA	19	PROA	54	0.381385
PROA	19	PROA	55	2.431330
PROA	19	PROA	102	2.244570
PROA	20	PROA	21	3.247595
PROA	20	PROA	22	0.981981
PROA	20	PROA	55	0.061546
PROA	20	PROA	90	0.198680
PROA	20	PROA	102	2.078805
PROA	21	PROA	22	3.874136
PROA	21	PROA	23	0.133631
PROA	21	PROA	24	0.153093
PROA	21	PROA	25	2.291288
PROA	21	PROA	28	1.892680
PROA	21	PROA	42	0.474342
PROA	21	PROA	53	3.441236
PROA	21	PROA	90	1.777972
PROA	21	PROA	102	1.582080
PROA	22	PROA	23	5.555839
PROA	22	PROA	24	1.002972
PROA	22	PROA	25	1.567094
PROA	22	PROA	28	0.086711
PROA	23	PROA	24	2.400397
PROA	23	PROA	25	0.699854
PROA	23	PROA	26	0.500000
PROA	23	PROA	45	0.285714
PROA	24	PROA	25	5.523399
PROA	24	PROA	26	0.327327
PROA	24	PROA	43	0.089087
PROA	24	PROA	44	2.474874
PROA	24	PROA	45	2.073070
PROA	24	PROA	46	3.674235
PROA	24	PROA	47	0.927426
PROA	24	PROA	88	0.589256
PROA	25	PROA	26	2.682774
PROA	25	PROA	42	1.794170
PROA	25	PROA	43	1.095238
PROA	25	PROA	44	2.645751
PROA	25	PROA	45	0.933139
PROA	25	PROA	51	1.254753
PROA	25	PROA	53	1.602004
PROA	25	PROA	88	1.259882
PROA	25	PROA	90	0.700877
PROA	25	PROA	104	2.073070
PROA	26	PROA	27	4.285714
PROA	26	PROA	28	0.429198
PROA	26	PROA	42	1.267731
PROA	26	PROA	43	2.682774
PROA	26	PROA	44	0.154303
PROA	26	PROA	45	2.857143
PROA	27	PROA	28	2.943069
PROA	27	PROA	29	0.402911
PROA	27	PROA	41	0.241747
PROA	27	PROA	42	0.760639
PROA	27	PROA	43	0.583212
PROA	27	PROA	50	0.981981
PROA	28	PROA	29	3.666087
PROA	28	PROA	40	1.452600
PROA	28	PROA	41	1.452600
PROA	28	PROA	42	2.321524
PROA	28	PROA	53	0.473684
PROA	29	PROA	30	2.763397
PROA	29	PROA	31	0.345857
PROA	29	PROA	40	1.545455
PROA	29	PROA	41	3.272727
PROA	29	PROA	42	0.190693
PROA	29	PROA	50	1.169369
PROA	30	PROA	31	3.454321
PROA	30	PROA	32	4.453845
PROA	30	PROA	33	1.070529
PROA	30	PROA	38	1.799471
PROA	30	PROA	39	0.709208
PROA	30	PROA	40	1.184313
PROA	30	PROA	41	0.328976
PROA	31	PROA	32	4.769105
PROA	31	PROA	39	3.728006
PROA	31	PROA	40	2.836029
PROA	31	PROA	41	2.836029
PROA	31	PROA	51	0.057354
PROA	31	PROA	52	1.523500
PROA	31	PROA	53	0.105263
PROA	31	PROA	107	1.684211
PROA	31	PROA	108	0.111283
PROA	32	PROA	33	4.001190
PROA	32	PROA	34	0.428571
PROA	32	PROA	38	0.825029
PROA	32	PROA	39	3.307189
PROA	32	PROA	40	0.227921
PROA	33	PROA	34	4.977090
PROA	33	PROA	37	1.659030
PROA	33	PROA	38	2.943254
PROA	33	PROA	39	1.161895
PROA	34	PROA	35	3.705209
PROA	34	PROA	36	0.742307
PROA	34	PROA	37	2.714286
PROA	34	PROA	38	0.458349
PROA	34	PROA	39	0.755929
PROA	35	PROA	36	5.175492
PROA	35	PROA	37	1.075706
PROA	35	PROA	67	0.839146
PROA	36	PROA	37	2.886751
PROA	36	PROA	55	0.186097
PROA	36	PROA	56	3.654571
PROA	36	PROA	57	2.697602
PROA	36	PROA	58	0.933139
PROA	36	PROA	64	2.095238
PROA	36	PROA	67	1.692655
PROA	36	PROA	68	3.557592
PROA	36	PROA	71	0.338062
PROA	36	PROA	169	0.329914
PROA	37	PROA	38	3.483454
PROA	37	PROA	39	0.377964
PROA	37	PROA	55	0.886405
PROA	37	PROA	56	0.346844
PROA	37	PROA	57	0.341882
PROA	38	PROA	39	3.395499
PROA	38	PROA	40	0.511891
PROA	38	PROA	53	0.055641
PROA	38	PROA	54	0.258544
PROA	38	PROA	55	1.034175
PROA	39	PROA	40	4.296537
PROA	39	PROA	52	1.027740
PROA	39	PROA	53	0.975017
PROA	39	PROA	54	4.104114
PROA	39	PROA	55	0.373101
PROA	40	PROA	41	4.090909
PROA	40	PROA	42	0.476731
PROA	40	PROA	51	0.075378
PROA	40	PROA	52	1.048809
PROA	40	PROA	53	2.628515
PROA	40	PROA	54	0.257130
PROA	41	PROA	42	4.290582
PROA	41	PROA	50	2.646467
PROA	41	PROA	51	1.055290
PROA	41	PROA	52	1.620886
PROA	41	PROA	53	0.415029
PROA	41	PROA	107	2.559344
PROA	42	PROA	43	2.760262
PROA	42	PROA	44	0.365148
PROA	42	PROA	49	0.079057
PROA	42	PROA	50	1.936492
PROA	42	PROA	51	3.083221
PROA	42	PROA	52	0.400000
PROA	42	PROA	53	2.248976
PROA	43	PROA	44	3.149704
PROA	43	PROA	45	1.982920
PROA	43	PROA	48	2.326211
PROA	43	PROA	49	2.291288
PROA	43	PROA	50	2.004459
PROA	43	PROA	51	0.490990
PROA	44	PROA	45	3.471825
PROA	44	PROA	46	2.165064
PROA	44	PROA	47	2.700309
PROA	44	PROA	48	1.230915
PROA	44	PROA	49	3.031089
PROA	44	PROA	50	0.294628
PROA	44	PROA	51	2.092895
PROA	45	PROA	46	2.873058
PROA	45	PROA	47	0.285714
PROA	45	PROA	48	2.564113
PROA	46	PROA	47	5.478855
PROA	46	PROA	48	1.279204
PROA	47	PROA	48	2.905995
PROA	47	PROA	49	2.138090
PROA	48	PROA	49	2.718309
PROA	49	PROA	50	3.010831
PROA	49	PROA	51	1.062500
PROA	50	PROA	51	2.857738
PROA	50	PROA	107	2.107318
PROA	51	PROA	52	3.952847
PROA	51	PROA	53	1.261787
PROA	51	PROA	87	0.801784
PROA	51	PROA	104	2.062500
PROA	51	PROA	105	0.788241
PROA	51	PROA	106	0.721688
PROA	51	PROA	107	1.720618
PROA	52	PROA	53	3.409738
PROA	52	PROA	54	0.674200
PROA	52	PROA	103	0.145095
PROA	52	PROA	104	1.343968
PROA	52	PROA	105	2.607681
PROA	52	PROA	106	0.821584
PROA	52	PROA	107	3.047000
PROA	52	PROA	108	0.076696
PROA	53	PROA	54	2.885784
PROA	53	PROA	55	0.244558
PROA	53	PROA	90	0.315789
PROA	53	PROA	102	1.351691
PROA	53	PROA	103	0.684211
PROA	53	PROA	104	3.613298
PROA	53	PROA	105	0.222566
PROA	54	PROA	55	1.727273
PROA	54	PROA	56	1.565171
PROA	54	PROA	71	0.110096
PROA	54	PROA	75	0.048912
PROA	54	PROA	84	0.097823
PROA	54	PROA	101	0.053300
PROA	54	PROA	102	0.651339
PROA	54	PROA	103	3.325989
PROA	54	PROA	104	0.319801
PROA	54	PROA	105	2.120060
PROA	54	PROA	166	0.064282
PROA	54	PROA	167	0.061546
PROA	55	PROA	56	3.081431
PROA	55	PROA	57	0.707107
PROA	55	PROA	100	1.415552
PROA	55	PROA	101	0.373101
PROA	55	PROA	102	3.721937
PROA	55	PROA	103	0.195646
PROA	56	PROA	57	3.596915
PROA	56	PROA	58	2.145988
PROA	56	PROA	68	1.471534
PROA	56	PROA	72	0.052632
PROA	56	PROA	100	0.463586
PROA	56	PROA	101	2.810343
PROA	56	PROA	102	0.300376
PROA	56	PROA	103	2.421053
PROA	57	PROA	58	4.432026
PROA	57	PROA	59	0.404520
PROA	57	PROA	64	0.131590
PROA	57	PROA	100	0.261116
PROA	57	PROA	101	0.075378
PROA	58	PROA	59	5.438290
PROA	58	PROA	60	0.552052
PROA	58	PROA	61	1.166767
PROA	58	PROA	64	2.041241
PROA	58	PROA	65	2.336887
PROA	58	PROA	68	2.428571
PROA	58	PROA	101	0.267261
PROA	58	PROA	347	0.245256
PROA	59	PROA	60	2.309401
PROA	59	PROA	61	0.488094
PROA	59	PROA	65	0.809040
PROA	59	PROA	98	1.518513
PROA	59	PROA	99	0.953463
PROA	59	PROA	100	0.580948
PROA	59	PROA	101	1.229837
PROA	59	PROA	340	0.810443
PROA	59	PROA	343	0.051299
PROA	59	PROA	344	3.766177
PROA	59	PROA	347	2.000658
PROA	60	PROA	61	4.634060
PROA	60	PROA	62	0.250490
PROA	60	PROA	340	2.312024
PROA	61	PROA	62	2.352941
PROA	61	PROA	63	1.361228
PROA	61	PROA	64	3.969421
PROA	61	PROA	65	1.316290
PROA	61	PROA	340	1.292719
PROA	62	PROA	63	4.667067
PROA	62	PROA	64	0.529256
PROA	62	PROA	65	2.413199
PROA	62	PROA	66	2.117647
PROA	62	PROA	67	0.049507
PROA	62	PROA	338	0.166924
PROA	62	PROA	339	0.129641
PROA	62	PROA	340	2.740565
PROA	62	PROA	343	1.669245
PROA	63	PROA	64	3.440950
PROA	63	PROA	65	1.128152
PROA	63	PROA	66	1.879791
PROA	63	PROA	67	1.745743
PROA	64	PROA	65	2.894987
PROA	64	PROA	66	0.740959
PROA	64	PROA	67	2.449895
PROA	64	PROA	68	1.283066
PROA	64	PROA	69	0.050063
PROA	65	PROA	66	3.144471
PROA	65	PROA	67	0.800095
PROA	65	PROA	68	1.933975
PROA	65	PROA	69	0.968400
PROA	65	PROA	70	0.061546
PROA	65	PROA	335	0.069171
PROA	65	PROA	340	1.028519
PROA	65	PROA	343	2.697686
PROA	65	PROA	347	0.207514
PROA	66	PROA	67	2.920935
PROA	66	PROA	68	0.583383
PROA	66	PROA	69	0.945905
PROA	66	PROA	70	2.475369
PROA	66	PROA	71	0.062622
PROA	66	PROA	335	3.060282
PROA	66	PROA	336	0.910182
PROA	66	PROA	343	0.890264
PROA	67	PROA	68	1.963961
PROA	67	PROA	69	0.327805
PROA	67	PROA	70	1.041667
PROA	67	PROA	71	0.737865
PROA	67	PROA	72	0.046829
PROA	67	PROA	169	3.626129
PROA	67	PROA	170	2.341465
PROA	68	PROA	69	2.881755
PROA	68	PROA	70	0.600099
PROA	68	PROA	71	1.794170
PROA	68	PROA	72	1.655476
PROA	68	PROA	73	0.056980
PROA	68	PROA	169	0.101015
PROA	68	PROA	347	0.674453
PROA	69	PROA	70	2.107318
PROA	69	PROA	71	0.710819
PROA	69	PROA	72	1.578947
PROA	69	PROA	73	2.690138
PROA	69	PROA	74	0.052632
PROA	69	PROA	335	1.842105
PROA	69	PROA	343	0.368421
PROA	69	PROA	346	2.368421
PROA	69	PROA	347	3.157895
PROA	69	PROA	350	1.184698
PROA	70	PROA	71	1.844662
PROA	70	PROA	72	0.561951
PROA	70	PROA	73	1.392621
PROA	70	PROA	74	0.889757
PROA	70	PROA	75	0.046829
PROA	70	PROA	168	0.319505
PROA	70	PROA	169	0.848668
PROA	70	PROA	170	0.046829
PROA	70	PROA	171	0.516398
PROA	70	PROA	172	2.875000
PROA	70	PROA	331	1.780098
PROA	70	PROA	333	0.049507
PROA	70	PROA	334	0.368932
PROA	70	PROA	335	2.341465
PROA	70	PROA	336	0.117851
PROA	71	PROA	72	2.665570
PROA	71	PROA	73	0.660578
PROA	71	PROA	74	1.362402
PROA	71	PROA	75	2.843275
PROA	71	PROA	167	1.416176
PROA	71	PROA	168	4.214657
PROA	71	PROA	169	2.342160
PROA	72	PROA	73	2.249934
PROA	72	PROA	74	0.684211
PROA	72	PROA	75	2.947368
PROA	72	PROA	76	3.000000
PROA	72	PROA	77	0.046829
PROA	72	PROA	86	2.052632
PROA	72	PROA	89	0.684211
PROA	72	PROA	101	0.114708
PROA	72	PROA	103	1.526316
PROA	72	PROA	347	0.526316
PROA	72	PROA	350	0.059235
PROA	72	PROA	351	0.429198
PROA	73	PROA	74	2.103199
PROA	73	PROA	75	0.586939
PROA	73	PROA	76	1.711906
PROA	73	PROA	77	0.522233
PROA	73	PROA	78	0.095346
PROA	73	PROA	329	0.047673
PROA	73	PROA	331	0.810443
PROA	73	PROA	332	1.784827
PROA	73	PROA	333	0.051709
PROA	73	PROA	335	0.048912
PROA	73	PROA	350	1.486301
PROA	74	PROA	75	2.894737
PROA	74	PROA	76	0.578947
PROA	74	PROA	77	0.796098
PROA	74	PROA	78	4.155212
PROA	74	PROA	79	0.093659
PROA	74	PROA	83	0.368421
PROA	74	PROA	140	0.052632
PROA	74	PROA	145	0.975017
PROA	74	PROA	168	3.385729
PROA	74	PROA	171	1.160762
PROA	74	PROA	329	0.923381
PROA	74	PROA	331	0.718185
PROA	75	PROA	76	2.315789
PROA	75	PROA	77	0.468293
PROA	75	PROA	78	0.461690
PROA	75	PROA	79	0.889757
PROA	75	PROA	83	0.210526
PROA	75	PROA	84	2.000000
PROA	75	PROA	85	1.734220
PROA	75	PROA	86	3.263158
PROA	75	PROA	103	0.052632
PROA	75	PROA	105	1.391037
PROA	75	PROA	166	0.138343
PROA	75	PROA	167	0.066227
PROA	75	PROA	168	1.385071
PROA	76	PROA	77	1.966830
PROA	76	PROA	78	0.359092
PROA	76	PROA	79	1.170732
PROA	76	PROA	86	1.052632
PROA	76	PROA	89	0.368421
PROA	76	PROA	350	0.355409
PROA	76	PROA	354	1.179875
PROA	77	PROA	78	3.286335
PROA	77	PROA	79	1.375000
PROA	77	PROA	139	0.267261
PROA	77	PROA	326	0.105409
PROA	77	PROA	327	0.193649
PROA	77	PROA	328	0.054554
PROA	77	PROA	329	3.012474
PROA	77	PROA	330	0.217597
PROA	78	PROA	79	2.190890
PROA	78	PROA	80	1.030420
PROA	78	PROA	83	2.000658
PROA	78	PROA	139	2.732520
PROA	78	PROA	140	1.333772
PROA	78	PROA	143	1.484924
PROA	78	PROA	145	0.894427
PROA	78	PROA	329	2.250000
PROA	79	PROA	80	2.425861
PROA	79	PROA	83	0.889757
PROA	79	PROA	84	0.374634
PROA	79	PROA	85	2.005944
PROA	79	PROA	86	0.093659
PROA	79	PROA	139	0.044544
PROA	80	PROA	81	4.446192
PROA	80	PROA	82	2.268713
PROA	80	PROA	83	4.729527
PROA	80	PROA	84	0.278207
PROA	80	PROA	135	0.099015
PROA	80	PROA	136	0.733359
PROA	80	PROA	139	1.217289
PROA	80	PROA	164	0.310253
PROA	81	PROA	82	4.140393
PROA	81	PROA	83	0.414644
PROA	81	PROA	135	0.105409
PROA	81	PROA	163	0.059235
PROA	81	PROA	164	1.100964
PROA	82	PROA	83	2.881755
PROA	82	PROA	132	2.916917
PROA	82	PROA	135	0.981981
PROA	82	PROA	136	2.323351
PROA	82	PROA	162	0.077152
PROA	82	PROA	163	2.329929
PROA	82	PROA	164	2.108271
PROA	82	PROA	165	1.164965
PROA	83	PROA	84	2.894737
PROA	83	PROA	85	0.346844
PROA	83	PROA	136	1.560798
PROA	83	PROA	139	0.400501
PROA	83	PROA	140	1.000000
PROA	83	PROA	164	1.711906
PROA	83	PROA	165	2.684211
PROA	83	PROA	166	0.069171
PROA	83	PROA	168	1.590266
PROA	84	PROA	85	4.682394
PROA	84	PROA	105	3.004640
PROA	84	PROA	106	1.721892
PROA	84	PROA	108	1.669245
PROA	84	PROA	156	0.210526
PROA	84	PROA	164	3.521635
PROA	84	PROA	165	0.421053
PROA	84	PROA	166	1.936800
PROA	84	PROA	168	0.359092
PROA	85	PROA	86	3.815284
PROA	85	PROA	87	0.404061
PROA	85	PROA	105	1.466718
PROA	85	PROA	106	0.109109
PROA	85	PROA	164	0.080582
PROA	86	PROA	87	3.065697
PROA	86	PROA	88	1.456986
PROA	86	PROA	89	1.789474
PROA	86	PROA	103	2.578947
PROA	86	PROA	104	1.261787
PROA	86	PROA	105	2.392584
PROA	86	PROA	354	0.410391
PROA	87	PROA	88	3.626129
PROA	87	PROA	104	2.472166
PROA	87	PROA	105	2.074252
PROA	87	PROA	106	1.928792
PROA	87	PROA	354	0.537853
PROA	88	PROA	89	3.708691
PROA	88	PROA	90	0.463586
PROA	88	PROA	102	0.062994
PROA	88	PROA	103	0.331133
PROA	88	PROA	104	4.474465
PROA	88	PROA	105	0.070014
PROA	88	PROA	354	1.484644
PROA	89	PROA	90	2.947368
PROA	89	PROA	91	0.608781
PROA	89	PROA	101	0.860309
PROA	89	PROA	102	0.500626
PROA	89	PROA	103	1.947368
PROA	89	PROA	104	0.458831
PROA	89	PROA	350	0.059235
PROA	89	PROA	351	3.617522
PROA	89	PROA	354	4.206511
PROA	89	PROA	355	0.890264
PROA	90	PROA	91	2.669270
PROA	90	PROA	100	0.066227
PROA	90	PROA	101	0.688247
PROA	90	PROA	102	4.255322
PROA	90	PROA	103	0.157895
PROA	90	PROA	104	0.688247
PROA	90	PROA	355	0.278207
PROA	91	PROA	92	4.066633
PROA	91	PROA	93	0.981981
PROA	91	PROA	98	0.940640
PROA	91	PROA	100	0.353553
PROA	91	PROA	101	1.428869
PROA	91	PROA	102	0.178174
PROA	91	PROA	347	0.140488
PROA	91	PROA	348	3.195048
PROA	91	PROA	349	0.368932
PROA	91	PROA	351	2.945942
PROA	91	PROA	352	1.549193
PROA	91	PROA	355	3.911083
PROA	92	PROA	93	5.070926
PROA	92	PROA	94	1.183216
PROA	92	PROA	97	0.536875
PROA	92	PROA	98	2.761074
PROA	92	PROA	100	0.091287
PROA	92	PROA	348	0.565685
PROA	93	PROA	94	4.214286
PROA	93	PROA	348	0.896421
PROA	94	PROA	95	3.065697
PROA	94	PROA	96	2.760262
PROA	94	PROA	97	2.916917
PROA	94	PROA	98	1.166767
PROA	94	PROA	348	1.673320
PROA	95	PROA	96	3.376389
PROA	95	PROA	97	0.500773
PROA	95	PROA	98	2.559508
PROA	95	PROA	341	0.059235
PROA	95	PROA	344	2.347757
PROA	95	PROA	345	2.487865
PROA	95	PROA	348	3.129234
PROA	96	PROA	97	3.318989
PROA	96	PROA	98	0.500979
PROA	97	PROA	98	2.352941
PROA	97	PROA	99	0.465379
PROA	98	PROA	99	2.585438
PROA	98	PROA	100	1.190238
PROA	98	PROA	101	0.606339
PROA	98	PROA	344	1.292719
PROA	98	PROA	347	0.612056
PROA	98	PROA	348	2.223537
PROA	99	PROA	100	3.508107
PROA	99	PROA	344	0.136364
PROA	100	PROA	101	3.824946
PROA	100	PROA	102	1.007905
PROA	101	PROA	102	3.327823
PROA	101	PROA	103	1.777972
PROA	101	PROA	347	0.975017
PROA	101	PROA	351	0.467707
PROA	102	PROA	103	2.302880
PROA	102	PROA	104	0.381881
PROA	103	PROA	104	2.695635
PROA	103	PROA	105	1.335396
PROA	104	PROA	105	3.577400
PROA	105	PROA	106	3.360672
PROA	105	PROA	107	0.333849
PROA	106	PROA	107	2.649065
PROA	106	PROA	108	2.240448
PROA	106	PROA	164	0.061546
PROA	107	PROA	108	4.451319
PROA	107	PROA	109	0.414644
PROA	107	PROA	158	0.183942
PROA	108	PROA	109	2.254407
PROA	108	PROA	110	0.842665
PROA	108	PROA	156	2.837716
PROA	108	PROA	157	0.778981
PROA	108	PROA	158	1.555689
PROA	108	PROA	164	1.602972
PROA	109	PROA	110	4.416420
PROA	109	PROA	157	0.770054
PROA	109	PROA	158	1.794170
PROA	109	PROA	159	3.588341
PROA	110	PROA	111	5.554921
PROA	110	PROA	112	0.490511
PROA	110	PROA	114	0.455842
PROA	110	PROA	115	2.023360
PROA	110	PROA	156	0.613139
PROA	110	PROA	157	2.084674
PROA	111	PROA	112	2.516611
PROA	111	PROA	113	1.826828
PROA	111	PROA	114	4.000473
PROA	111	PROA	115	0.596040
PROA	111	PROA	152	0.077152
PROA	111	PROA	153	0.957427
PROA	111	PROA	155	0.397360
PROA	111	PROA	156	2.715291
PROA	111	PROA	157	0.728493
PROA	112	PROA	113	2.252818
PROA	112	PROA	114	0.440204
PROA	112	PROA	115	1.789474
PROA	112	PROA	116	3.368421
PROA	112	PROA	117	0.048912
PROA	112	PROA	121	1.105263
PROA	112	PROA	129	1.128576
PROA	112	PROA	133	0.210526
PROA	112	PROA	152	2.268616
PROA	112	PROA	153	0.069171
PROA	112	PROA	155	2.736842
PROA	112	PROA	156	0.421053
PROA	112	PROA	157	3.000000
PROA	112	PROA	163	0.263158
PROA	112	PROA	217	0.473684
PROA	112	PROA	221	0.667698
PROA	113	PROA	114	3.721937
PROA	113	PROA	115	0.450564
PROA	113	PROA	116	1.501879
PROA	113	PROA	117	4.001082
PROA	113	PROA	118	0.058321
PROA	113	PROA	152	3.557592
PROA	113	PROA	153	2.368626
PROA	113	PROA	155	0.050063
PROA	113	PROA	192	0.089087
PROA	113	PROA	220	0.169031
PROA	114	PROA	115	1.711906
PROA	114	PROA	116	0.538028
PROA	114	PROA	117	1.409091
PROA	114	PROA	118	1.481487
PROA	114	PROA	119	0.051709
PROA	115	PROA	116	2.368421
PROA	115	PROA	117	0.586939
PROA	115	PROA	118	1.655476
PROA	115	PROA	119	3.282848
PROA	115	PROA	121	1.368421
PROA	115	PROA	129	0.512989
PROA	115	PROA	157	0.789474
PROA	116	PROA	117	2.298845
PROA	116	PROA	118	0.674453
PROA	116	PROA	119	0.834622
PROA	116	PROA	121	1.736842
PROA	116	PROA	152	1.042337
PROA	116	PROA	217	0.315789
PROA	116	PROA	220	2.784040
PROA	116	PROA	221	2.448225
PROA	116	PROA	224	3.740150
PROA	117	PROA	118	2.507133
PROA	117	PROA	119	0.310253
PROA	117	PROA	224	0.227921
PROA	117	PROA	225	0.130558
PROA	118	PROA	119	4.472606
PROA	119	PROA	120	2.705882
PROA	119	PROA	121	0.445132
PROA	119	PROA	224	0.453743
PROA	120	PROA	121	2.837716
PROA	120	PROA	122	0.292509
PROA	120	PROA	224	2.139072
PROA	121	PROA	122	2.974372
PROA	121	PROA	123	0.245256
PROA	121	PROA	125	0.445132
PROA	121	PROA	126	2.789474
PROA	121	PROA	129	1.487669
PROA	121	PROA	221	2.114377
PROA	121	PROA	224	0.429198
PROA	122	PROA	123	3.062127
PROA	122	PROA	124	1.131505
PROA	122	PROA	125	2.851962
PROA	122	PROA	126	1.660115
PROA	122	PROA	127	0.090909
PROA	123	PROA	124	3.471825
PROA	123	PROA	125	0.842665
PROA	123	PROA	126	2.329929
PROA	123	PROA	127	1.289317
PROA	123	PROA	128	0.058321
PROA	123	PROA	283	0.771517
PROA	123	PROA	312	1.399708
PROA	124	PROA	125	3.080616
PROA	124	PROA	126	0.596040
PROA	124	PROA	127	1.914854
PROA	124	PROA	128	0.944911
PROA	124	PROA	316	0.125988
PROA	125	PROA	126	1.947452
PROA	125	PROA	127	1.023781
PROA	125	PROA	128	2.328727
PROA	125	PROA	129	3.416655
PROA	125	PROA	130	0.055641
PROA	125	PROA	161	1.170036
PROA	126	PROA	127	2.766858
PROA	126	PROA	128	0.450564
PROA	126	PROA	129	1.128576
PROA	126	PROA	130	1.105263
PROA	126	PROA	131	0.050063
PROA	126	PROA	218	1.210526
PROA	126	PROA	221	4.395678
PROA	126	PROA	222	2.263158
PROA	126	PROA	312	0.750939
PROA	127	PROA	128	2.434421
PROA	127	PROA	129	0.606780
PROA	127	PROA	130	2.005972
PROA	127	PROA	131	0.921132
PROA	127	PROA	132	0.073127
PROA	127	PROA	312	3.158168
PROA	127	PROA	313	2.421001
PROA	127	PROA	315	0.658145
PROA	127	PROA	316	1.052723
PROA	128	PROA	129	3.562035
PROA	128	PROA	130	0.650814
PROA	128	PROA	131	1.904762
PROA	128	PROA	132	3.757718
PROA	128	PROA	160	0.058321
PROA	128	PROA	161	1.052723
PROA	128	PROA	162	1.322876
PROA	128	PROA	316	2.238095
PROA	129	PROA	130	1.898060
PROA	129	PROA	131	0.439155
PROA	129	PROA	132	2.223537
PROA	129	PROA	133	1.385071
PROA	129	PROA	134	0.051299
PROA	129	PROA	157	1.846761
PROA	129	PROA	161	1.752920
PROA	129	PROA	163	1.128576
PROA	129	PROA	221	1.084652
PROA	130	PROA	131	2.202755
PROA	130	PROA	132	0.667698
PROA	130	PROA	133	1.631579
PROA	130	PROA	134	2.263158
PROA	130	PROA	135	0.046829
PROA	130	PROA	214	1.089725
PROA	130	PROA	218	3.421053
PROA	130	PROA	221	1.557962
PROA	130	PROA	289	1.157895
PROA	130	PROA	293	0.945905
PROA	130	PROA	312	0.700877
PROA	130	PROA	313	2.526316
PROA	131	PROA	132	3.704793
PROA	131	PROA	133	0.350438
PROA	131	PROA	134	1.251565
PROA	131	PROA	135	2.049003
PROA	131	PROA	136	0.082479
PROA	131	PROA	308	1.602004
PROA	131	PROA	313	3.003757
PROA	131	PROA	316	4.095238
PROA	132	PROA	133	2.392584
PROA	132	PROA	134	0.612056
PROA	132	PROA	135	1.534729
PROA	132	PROA	136	0.825029
PROA	132	PROA	137	0.055641
PROA	132	PROA	161	0.219382
PROA	132	PROA	162	1.120224
PROA	132	PROA	163	4.562602
PROA	132	PROA	165	0.111283
PROA	133	PROA	134	2.578947
PROA	133	PROA	135	0.421464
PROA	133	PROA	136	1.127243
PROA	133	PROA	137	1.052632
PROA	133	PROA	150	0.631579
PROA	133	PROA	155	3.105263
PROA	133	PROA	163	3.157895
PROA	133	PROA	165	1.526316
PROA	133	PROA	214	1.950034
PROA	133	PROA	217	1.105263
PROA	133	PROA	221	0.278207
PROA	134	PROA	135	1.779513
PROA	134	PROA	136	0.867110
PROA	134	PROA	137	2.947368
PROA	134	PROA	138	0.586939
PROA	134	PROA	211	0.947368
PROA	134	PROA	214	1.376494
PROA	134	PROA	289	0.315789
PROA	134	PROA	293	1.836169
PROA	134	PROA	304	2.408865
PROA	134	PROA	307	2.248976
PROA	134	PROA	308	3.578947
PROA	134	PROA	313	1.000000
PROA	135	PROA	136	3.317522
PROA	135	PROA	137	0.608781
PROA	135	PROA	138	1.653738
PROA	135	PROA	139	0.178174
PROA	135	PROA	308	1.264391
PROA	135	PROA	322	0.052705
PROA	136	PROA	137	2.774752
PROA	136	PROA	138	0.805823
PROA	136	PROA	139	0.989743
PROA	136	PROA	140	1.040532
PROA	136	PROA	165	1.647509
PROA	137	PROA	138	2.298845
PROA	137	PROA	139	0.600751
PROA	137	PROA	140	3.526316
PROA	137	PROA	141	2.170018
PROA	137	PROA	142	0.069171
PROA	137	PROA	150	0.894737
PROA	137	PROA	165	0.736842
PROA	137	PROA	210	2.582838
PROA	137	PROA	211	1.315789
PROA	137	PROA	214	0.458831
PROA	137	PROA	304	2.236803
PROA	138	PROA	139	2.047065
PROA	138	PROA	140	0.391293
PROA	138	PROA	141	1.551263
PROA	138	PROA	142	1.671343
PROA	138	PROA	143	0.067420
PROA	138	PROA	304	2.025407
PROA	138	PROA	305	1.816590
PROA	138	PROA	308	1.076055
PROA	138	PROA	322	1.266108
PROA	139	PROA	140	2.352943
PROA	139	PROA	141	0.793884
PROA	139	PROA	142	2.171241
PROA	139	PROA	143	1.449138
PROA	139	PROA	144	0.058321
PROA	139	PROA	326	1.183216
PROA	140	PROA	141	2.392584
PROA	140	PROA	142	0.691714
PROA	140	PROA	143	1.160762
PROA	140	PROA	144	0.429198
PROA	140	PROA	145	3.613298
PROA	140	PROA	147	0.945905
PROA	140	PROA	150	0.105263
PROA	140	PROA	165	0.526316
PROA	140	PROA	168	0.256495
PROA	141	PROA	142	3.217599
PROA	141	PROA	143	0.690268
PROA	141	PROA	144	1.166767
PROA	141	PROA	145	0.424437
PROA	141	PROA	207	0.879049
PROA	141	PROA	208	0.146254
PROA	141	PROA	210	0.070014
PROA	141	PROA	304	1.879651
PROA	142	PROA	143	4.004543
PROA	142	PROA	144	1.611646
PROA	143	PROA	144	5.070926
PROA	143	PROA	145	1.976424
PROA	143	PROA	173	0.158114
PROA	143	PROA	328	0.169031
PROA	143	PROA	329	2.333452
PROA	144	PROA	145	2.672612
PROA	144	PROA	146	0.367884
PROA	144	PROA	172	0.054554
PROA	144	PROA	173	2.004459
PROA	144	PROA	174	2.281916
PROA	144	PROA	207	0.797724
PROA	144	PROA	328	0.285714
PROA	145	PROA	146	3.900067
PROA	145	PROA	147	0.909509
PROA	145	PROA	168	0.055902
PROA	145	PROA	171	1.027740
PROA	145	PROA	172	1.224745
PROA	145	PROA	173	1.625000
PROA	145	PROA	174	0.632456
PROA	145	PROA	329	1.006231
PROA	146	PROA	147	2.114377
PROA	146	PROA	148	4.308295
PROA	146	PROA	170	0.105263
PROA	146	PROA	171	0.798024
PROA	146	PROA	172	1.217562
PROA	146	PROA	173	0.401478
PROA	146	PROA	174	3.845024
PROA	146	PROA	175	0.331133
PROA	146	PROA	185	0.061314
PROA	146	PROA	207	1.027144
PROA	146	PROA	209	1.210526
PROA	146	PROA	210	0.331133
PROA	147	PROA	148	2.623891
PROA	147	PROA	149	0.840168
PROA	147	PROA	150	1.947452
PROA	147	PROA	154	1.879791
PROA	147	PROA	165	1.057188
PROA	147	PROA	166	0.804400
PROA	147	PROA	167	1.050210
PROA	147	PROA	168	1.789676
PROA	147	PROA	170	0.055641
PROA	147	PROA	171	1.073751
PROA	147	PROA	210	0.280056
PROA	148	PROA	149	2.887353
PROA	148	PROA	150	0.046829
PROA	148	PROA	154	0.054554
PROA	148	PROA	170	2.388294
PROA	148	PROA	171	0.451848
PROA	148	PROA	172	0.375000
PROA	148	PROA	174	0.064550
PROA	148	PROA	175	0.058926
PROA	148	PROA	178	0.396059
PROA	148	PROA	185	2.073070
PROA	148	PROA	186	3.952847
PROA	149	PROA	150	2.649065
PROA	149	PROA	151	1.415552
PROA	149	PROA	154	0.617213
PROA	149	PROA	188	0.072169
PROA	149	PROA	189	0.091287
PROA	149	PROA	193	0.188982
PROA	149	PROA	194	1.649916
PROA	149	PROA	210	0.083333
PROA	149	PROA	213	0.174078
PROA	150	PROA	151	2.494492
PROA	150	PROA	154	0.674453
PROA	150	PROA	155	0.578947
PROA	150	PROA	165	1.157895
PROA	150	PROA	193	0.600751
PROA	150	PROA	210	2.980198
PROA	150	PROA	213	2.766858
PROA	150	PROA	214	1.777972
PROA	150	PROA	217	1.473684
PROA	151	PROA	152	3.361837
PROA	151	PROA	153	2.185603
PROA	151	PROA	154	3.361837
PROA	151	PROA	155	0.440204
PROA	151	PROA	190	0.740744
PROA	151	PROA	193	2.047065
PROA	151	PROA	217	1.076055
PROA	152	PROA	153	3.545621
PROA	152	PROA	154	0.714286
PROA	152	PROA	155	1.655476
PROA	152	PROA	193	1.632993
PROA	152	PROA	217	1.962046
PROA	152	PROA	220	1.656157
PROA	153	PROA	154	3.465039
PROA	153	PROA	155	0.691714
PROA	153	PROA	156	0.276686
PROA	153	PROA	167	0.087039
PROA	154	PROA	155	3.188325
PROA	154	PROA	156	0.367884
PROA	154	PROA	164	0.056980
PROA	154	PROA	165	0.858395
PROA	154	PROA	166	2.175722
PROA	154	PROA	167	1.002972
PROA	155	PROA	156	3.000000
PROA	155	PROA	157	0.473684
PROA	155	PROA	163	2.789474
PROA	155	PROA	164	0.489116
PROA	155	PROA	165	3.315789
PROA	155	PROA	166	0.691714
PROA	155	PROA	217	1.052632
PROA	156	PROA	157	2.894737
PROA	156	PROA	158	0.183942
PROA	156	PROA	162	0.132453
PROA	156	PROA	163	0.578947
PROA	156	PROA	164	1.711906
PROA	156	PROA	165	0.210526
PROA	156	PROA	166	2.351829
PROA	157	PROA	158	2.759127
PROA	157	PROA	161	2.282658
PROA	157	PROA	162	1.258306
PROA	157	PROA	163	2.368421
PROA	157	PROA	164	0.244558
PROA	158	PROA	159	3.142857
PROA	158	PROA	160	2.714286
PROA	158	PROA	161	2.981545
PROA	158	PROA	162	4.783404
PROA	158	PROA	163	0.122628
PROA	159	PROA	160	3.428571
PROA	159	PROA	161	1.369899
PROA	160	PROA	161	3.948533
PROA	160	PROA	162	2.314550
PROA	161	PROA	162	3.568592
PROA	161	PROA	163	0.345857
PROA	162	PROA	163	2.516611
PROA	162	PROA	164	0.430820
PROA	163	PROA	164	3.619458
PROA	163	PROA	165	1.578947
PROA	164	PROA	165	2.445580
PROA	164	PROA	166	1.349931
PROA	165	PROA	166	3.873601
PROA	165	PROA	168	1.128576
PROA	166	PROA	167	4.003786
PROA	166	PROA	168	1.618080
PROA	167	PROA	168	4.260282
PROA	167	PROA	169	0.654654
PROA	168	PROA	169	2.789009
PROA	168	PROA	170	0.461690
PROA	168	PROA	171	2.969848
PROA	169	PROA	170	3.728573
PROA	169	PROA	171	1.434274
PROA	170	PROA	171	3.047000
PROA	170	PROA	172	0.468293
PROA	170	PROA	186	1.777047
PROA	170	PROA	188	0.286770
PROA	171	PROA	172	3.033837
PROA	171	PROA	331	0.848528
PROA	172	PROA	173	2.653614
PROA	172	PROA	174	0.322749
PROA	172	PROA	186	0.052705
PROA	172	PROA	331	1.917029
PROA	172	PROA	334	0.210819
PROA	172	PROA	336	0.294628
PROA	173	PROA	174	4.031904
PROA	173	PROA	175	0.505181
PROA	173	PROA	329	1.173936
PROA	173	PROA	330	0.479702
PROA	173	PROA	331	1.453444
PROA	174	PROA	175	3.195048
PROA	174	PROA	176	0.507093
PROA	174	PROA	207	1.483240
PROA	175	PROA	176	4.783404
PROA	175	PROA	177	3.250000
PROA	175	PROA	178	3.150630
PROA	175	PROA	205	0.377964
PROA	176	PROA	177	3.548977
PROA	176	PROA	178	0.518563
PROA	176	PROA	203	0.227921
PROA	176	PROA	204	2.424366
PROA	176	PROA	205	2.507811
PROA	177	PROA	178	5.671134
PROA	177	PROA	203	0.184637
PROA	177	PROA	204	0.218218
PROA	177	PROA	205	0.503953
PROA	178	PROA	185	2.657635
PROA	178	PROA	205	1.376066
PROA	185	PROA	186	4.071387
PROA	185	PROA	187	1.166424
PROA	185	PROA	198	1.839418
PROA	185	PROA	205	3.790877
PROA	185	PROB	71	0.218218
PROA	186	PROA	187	1.802996
PROA	186	PROA	188	1.936492
PROA	186	PROA	194	0.316228
PROA	187	PROA	188	2.182179
PROA	187	PROA	189	0.207020
PROA	187	PROA	194	2.004459
PROA	187	PROA	198	1.551941
PROA	187	PROA	199	1.376066
PROA	187	PROA	233	1.047619
PROA	187	PROB	68	1.577621
PROA	187	PROB	69	1.752192
PROA	187	PROB	71	3.429853
PROA	188	PROA	189	5.692100
PROA	188	PROA	190	0.133631
PROA	188	PROA	194	0.663403
PROA	189	PROA	190	3.718679
PROA	189	PROA	191	0.903696
PROA	189	PROA	194	0.387298
PROA	190	PROA	191	3.164159
PROA	190	PROA	192	2.345842
PROA	190	PROA	193	1.632993
PROA	190	PROA	194	0.545545
PROA	191	PROA	192	1.625000
PROA	191	PROA	193	0.534522
PROA	191	PROA	194	1.500000
PROA	191	PROA	199	0.198030
PROA	191	PROA	228	0.045644
PROA	191	PROA	230	0.540062
PROA	191	PROA	231	0.870388
PROA	191	PROA	232	1.336699
PROA	191	PROA	233	1.425393
PROA	191	PROA	236	2.524876
PROA	191	PROB	68	0.737865
PROA	192	PROA	193	3.385309
PROA	192	PROA	194	0.333333
PROA	192	PROA	216	0.307729
PROA	192	PROA	226	3.000496
PROA	192	PROA	228	1.323663
PROA	192	PROA	229	1.418416
PROA	192	PROA	230	1.002972
PROA	192	PROA	231	0.043519
PROA	192	PROA	236	1.386207
PROA	193	PROA	194	1.781742
PROA	193	PROA	195	0.276026
PROA	193	PROA	212	0.623610
PROA	193	PROA	213	3.092373
PROA	193	PROA	216	1.776470
PROA	193	PROA	217	1.151440
PROA	193	PROA	220	0.957841
PROA	193	PROA	226	0.116642
PROA	193	PROA	236	0.052926
PROA	194	PROA	195	3.872983
PROA	194	PROA	196	0.436436
PROA	194	PROA	198	1.685854
PROA	194	PROA	199	2.277339
PROA	194	PROA	212	0.958333
PROA	194	PROA	213	0.123091
PROA	194	PROA	236	0.148522
PROA	194	PROA	240	0.093659
PROA	195	PROA	196	5.070926
PROA	195	PROA	197	2.776088
PROA	195	PROA	198	2.466619
PROA	195	PROA	199	1.303840
PROA	195	PROA	209	1.886238
PROA	195	PROA	212	3.292036
PROA	195	PROA	240	0.217643
PROA	195	PROA	301	1.355544
PROA	196	PROA	197	3.795361
PROA	196	PROA	198	0.551825
PROA	196	PROA	199	2.657635
PROA	196	PROA	200	1.655476
PROA	196	PROA	201	0.071429
PROA	196	PROA	212	3.273268
PROA	196	PROA	237	0.306570
PROA	196	PROA	240	3.617522
PROA	196	PROA	244	0.061314
PROA	196	PROA	296	3.107594
PROA	196	PROA	301	1.091089
PROA	197	PROA	198	4.620321
PROA	197	PROA	199	0.876714
PROA	197	PROA	200	2.132456
PROA	197	PROA	201	3.174302
PROA	197	PROA	206	0.828079
PROA	197	PROA	208	0.077850
PROA	197	PROA	209	0.533114
PROA	197	PROA	296	0.057735
PROA	197	PROA	298	2.346223
PROA	197	PROA	301	1.633843
PROA	198	PROA	199	2.336943
PROA	198	PROA	200	0.526316
PROA	198	PROA	201	0.981023
PROA	198	PROA	205	1.902379
PROA	198	PROA	206	0.245256
PROA	198	PROA	209	1.210526
PROA	198	PROB	71	1.451708
PROA	199	PROA	200	2.670791
PROA	199	PROA	201	0.453743
PROA	199	PROA	233	2.910909
PROA	199	PROA	236	1.294118
PROA	199	PROA	237	2.003094
PROA	199	PROA	240	0.834622
PROA	199	PROB	71	1.287192
PROA	200	PROA	201	3.556208
PROA	200	PROA	202	0.207514
PROA	200	PROA	233	0.550689
PROA	200	PROA	237	2.210526
PROA	200	PROA	255	1.526316
PROA	200	PROA	257	1.287593
PROA	200	PROA	260	3.772477
PROA	200	PROA	263	0.050063
PROA	200	PROA	264	1.052632
PROA	200	PROA	296	0.718185
PROA	200	PROB	71	1.030244
PROA	200	PROB	73	0.613139
PROA	201	PROA	202	2.981545
PROA	201	PROA	203	1.025645
PROA	201	PROA	205	0.933139
PROA	201	PROA	254	0.080582
PROA	201	PROA	255	1.655476
PROA	201	PROA	256	3.004383
PROA	201	PROA	257	2.571429
PROA	201	PROA	260	0.084515
PROA	201	PROB	71	1.636634
PROA	202	PROA	203	3.664099
PROA	202	PROA	205	1.513289
PROA	202	PROA	256	0.069171
PROA	202	PROA	257	0.241747
PROA	202	PROB	70	0.272727
PROA	202	PROB	71	2.769559
PROA	203	PROA	204	4.029115
PROA	203	PROA	205	1.907493
PROA	203	PROA	256	1.907552
PROA	204	PROA	205	2.804273
PROA	204	PROA	206	0.909137
PROA	204	PROA	256	0.953821
PROA	205	PROA	206	2.741096
PROA	205	PROA	207	0.186097
PROA	205	PROB	71	0.712697
PROA	206	PROA	207	2.905995
PROA	206	PROA	208	1.531064
PROA	206	PROA	209	0.613139
PROA	206	PROA	298	2.142857
PROA	206	PROA	299	1.361228
PROA	206	PROA	301	0.054554
PROA	207	PROA	208	2.249885
PROA	207	PROA	209	1.809729
PROA	207	PROA	210	0.246183
PROA	208	PROA	209	3.804430
PROA	208	PROA	210	0.957427
PROA	208	PROA	211	2.421001
PROA	208	PROA	212	0.492366
PROA	208	PROA	298	1.692228
PROA	208	PROA	301	2.831104
PROA	208	PROA	302	0.069171
PROA	209	PROA	210	5.629263
PROA	209	PROA	211	0.894737
PROA	209	PROA	212	1.123903
PROA	209	PROA	213	0.830057
PROA	209	PROA	214	0.057354
PROA	209	PROA	301	0.561951
PROA	210	PROA	211	2.980198
PROA	210	PROA	212	0.648181
PROA	210	PROA	213	1.914854
PROA	210	PROA	214	1.659882
PROA	210	PROA	215	0.109109
PROA	211	PROA	212	2.107318
PROA	211	PROA	213	0.691714
PROA	211	PROA	214	1.835326
PROA	211	PROA	215	0.693688
PROA	211	PROA	216	0.069171
PROA	211	PROA	293	2.782074
PROA	211	PROA	301	1.451708
PROA	211	PROA	302	1.736842
PROA	211	PROA	303	0.177705
PROA	211	PROA	304	1.777972
PROA	211	PROA	307	0.798024
PROA	212	PROA	213	3.200379
PROA	212	PROA	214	0.663403
PROA	212	PROA	215	1.157275
PROA	212	PROA	216	1.907918
PROA	212	PROA	217	0.046829
PROA	212	PROA	228	1.962672
PROA	212	PROA	240	2.013659
PROA	212	PROA	244	1.030244
PROA	212	PROA	293	0.495074
PROA	212	PROA	294	1.826342
PROA	212	PROA	295	0.600099
PROA	212	PROA	296	0.502079
PROA	212	PROA	301	2.250000
PROA	213	PROA	214	3.316625
PROA	213	PROA	215	1.595448
PROA	213	PROA	216	3.272727
PROA	213	PROA	217	1.660115
PROA	213	PROA	218	0.069171
PROA	214	PROA	215	3.779645
PROA	214	PROA	216	0.904534
PROA	214	PROA	217	2.638281
PROA	214	PROA	218	0.802955
PROA	214	PROA	293	1.030776
PROA	215	PROA	216	4.330502
PROA	215	PROA	217	1.127243
PROA	215	PROA	218	2.774752
PROA	215	PROA	219	1.553797
PROA	215	PROA	220	0.097590
PROA	215	PROA	227	0.173422
PROA	215	PROA	290	0.953821
PROA	215	PROA	293	2.016737
PROA	215	PROA	294	2.688041
PROA	216	PROA	217	2.836029
PROA	216	PROA	218	0.760886
PROA	216	PROA	219	2.288310
PROA	216	PROA	220	1.089899
PROA	216	PROA	227	2.075143
PROA	216	PROA	228	0.404520
PROA	216	PROA	294	1.660115
PROA	217	PROA	218	1.894737
PROA	217	PROA	219	0.725476
PROA	217	PROA	220	2.250926
PROA	217	PROA	221	2.503867
PROA	217	PROA	222	0.052632
PROA	218	PROA	219	3.192096
PROA	218	PROA	220	0.710819
PROA	218	PROA	221	2.170018
PROA	218	PROA	222	2.473684
PROA	218	PROA	223	0.069171
PROA	218	PROA	286	0.943119
PROA	218	PROA	289	0.842105
PROA	218	PROA	290	2.315789
PROA	218	PROA	293	0.278207
PROA	218	PROA	312	0.500626
PROA	219	PROA	220	3.347636
PROA	219	PROA	221	0.766965
PROA	219	PROA	222	3.119548
PROA	219	PROA	223	1.620886
PROA	219	PROA	224	0.253546
PROA	219	PROA	225	0.129099
PROA	219	PROA	227	2.611715
PROA	219	PROA	279	2.333452
PROA	219	PROA	290	1.741143
PROA	219	PROA	294	0.435286
PROA	220	PROA	221	2.880632
PROA	220	PROA	222	0.651584
PROA	220	PROA	223	1.479148
PROA	220	PROA	224	1.863177
PROA	220	PROA	225	1.264911
PROA	220	PROA	226	0.759072
PROA	220	PROA	227	0.118470
PROA	221	PROA	222	2.170018
PROA	221	PROA	223	0.438763
PROA	221	PROA	224	1.166767
PROA	222	PROA	223	3.458572
PROA	222	PROA	224	0.551825
PROA	222	PROA	279	2.359750
PROA	222	PROA	282	2.539167
PROA	222	PROA	283	0.132453
PROA	222	PROA	286	0.435286
PROA	222	PROA	287	0.368421
PROA	222	PROA	290	0.684211
PROA	222	PROA	312	0.050063
PROA	223	PROA	224	3.867950
PROA	223	PROA	225	2.154101
PROA	223	PROA	278	0.069171
PROA	223	PROA	279	1.955180
PROA	224	PROA	225	2.891387
PROA	224	PROA	226	0.071429
PROA	225	PROA	226	3.709704
PROA	225	PROA	227	0.187317
PROA	226	PROA	227	2.636499
PROA	226	PROA	228	1.135467
PROA	226	PROA	229	1.500000
PROA	227	PROA	228	4.822098
PROA	227	PROA	229	0.490511
PROA	227	PROA	243	1.526316
PROA	227	PROA	275	0.983415
PROA	227	PROA	278	0.736842
PROA	227	PROA	279	1.077277
PROA	227	PROA	290	0.052632
PROA	227	PROA	294	1.631579
PROA	228	PROA	229	3.227117
PROA	228	PROA	230	0.760639
PROA	228	PROA	236	2.277770
PROA	228	PROA	239	1.410048
PROA	228	PROA	240	2.924038
PROA	228	PROA	243	1.590266
PROA	228	PROA	244	1.436370
PROA	228	PROA	275	0.136931
PROA	228	PROA	294	1.077277
PROA	229	PROA	230	4.242641
PROA	229	PROA	231	0.227921
PROA	229	PROA	236	0.842665
PROA	229	PROA	239	2.787276
PROA	230	PROA	231	2.578633
PROA	230	PROA	232	1.100038
PROA	230	PROA	235	1.091089
PROA	230	PROA	236	4.766832
PROA	230	PROA	239	1.558387
PROA	231	PROA	232	5.067459
PROA	231	PROA	235	0.307729
PROA	231	PROA	236	0.051709
PROA	232	PROA	233	2.011173
PROA	232	PROA	234	0.667698
PROA	232	PROA	235	3.500700
PROA	232	PROA	236	1.058824
PROA	232	PROA	237	0.055641
PROA	233	PROA	234	2.603256
PROA	233	PROA	235	0.503953
PROA	233	PROA	236	0.846810
PROA	233	PROA	237	2.503131
PROA	233	PROA	238	0.058321
PROA	233	PROB	68	3.605991
PROA	233	PROB	71	1.559024
PROA	233	PROB	72	0.668153
PROA	233	PROB	73	1.807957
PROA	233	PROB	76	1.501879
PROA	234	PROA	235	3.443784
PROA	234	PROA	236	0.667698
PROA	234	PROA	237	2.052632
PROA	234	PROA	238	2.943069
PROA	234	PROA	239	0.055641
PROA	234	PROA	263	1.001252
PROA	234	PROB	73	1.226279
PROA	234	PROB	76	1.789474
PROA	234	PROB	77	3.433580
PROA	234	PROB	80	2.294157
PROA	235	PROA	236	3.010602
PROA	235	PROA	237	0.728493
PROA	235	PROA	238	2.468854
PROA	235	PROA	239	1.680336
PROA	235	PROA	240	0.066227
PROA	235	PROB	80	0.072169
PROA	236	PROA	237	2.559508
PROA	236	PROA	238	0.713024
PROA	236	PROA	239	2.235294
PROA	236	PROA	240	1.947452
PROA	236	PROA	241	0.055641
PROA	237	PROA	238	2.881755
PROA	237	PROA	239	0.500773
PROA	237	PROA	240	1.526316
PROA	237	PROA	241	1.473684
PROA	237	PROA	242	0.086711
PROA	237	PROA	263	0.500626
PROA	237	PROA	264	0.052632
PROA	237	PROA	296	0.102598
PROA	237	PROB	73	1.778104
PROA	238	PROA	239	2.398354
PROA	238	PROA	240	0.490511
PROA	238	PROA	241	2.207302
PROA	238	PROA	242	1.010153
PROA	238	PROA	263	0.583212
PROA	238	PROB	77	0.071429
PROA	239	PROA	240	2.392584
PROA	239	PROA	241	0.834622
PROA	239	PROA	242	1.558387
PROA	239	PROA	243	0.945905
PROA	239	PROA	244	0.055641
PROA	240	PROA	241	2.631579
PROA	240	PROA	242	0.867110
PROA	240	PROA	243	0.789474
PROA	240	PROA	244	2.421053
PROA	240	PROA	245	0.173422
PROA	240	PROA	296	1.333772
PROA	241	PROA	242	3.034885
PROA	241	PROA	243	0.789474
PROA	241	PROA	244	0.789474
PROA	241	PROA	245	2.688041
PROA	241	PROA	246	1.106743
PROA	241	PROA	247	1.594162
PROA	241	PROA	263	0.500626
PROA	241	PROA	264	2.263158
PROA	241	PROA	267	1.315789
PROA	241	PROA	270	0.684762
PROA	241	PROA	296	0.102598
PROA	242	PROA	243	3.901995
PROA	242	PROA	244	0.606977
PROA	242	PROA	245	0.714286
PROA	242	PROA	270	1.692228
PROA	242	PROA	273	0.566947
PROA	243	PROA	244	4.052632
PROA	243	PROA	245	0.693688
PROA	243	PROA	271	0.061314
PROA	243	PROA	272	0.538028
PROA	243	PROA	273	3.211820
PROA	243	PROA	275	1.030244
PROA	243	PROA	278	1.684211
PROA	243	PROA	294	0.052632
PROA	244	PROA	245	3.034885
PROA	244	PROA	246	0.138343
PROA	244	PROA	272	2.934696
PROA	244	PROA	273	0.229416
PROA	244	PROA	275	1.077074
PROA	244	PROA	294	1.631579
PROA	244	PROA	295	0.490511
PROA	244	PROA	296	1.744163
PROA	245	PROA	246	3.988620
PROA	245	PROA	247	0.909137
PROA	245	PROA	270	1.933975
PROA	245	PROA	271	2.020305
PROA	245	PROA	272	1.933975
PROA	245	PROA	273	0.094491
PROA	246	PROA	247	4.834938
PROA	246	PROA	248	0.363636
PROA	246	PROA	264	0.069171
PROA	246	PROA	268	0.080582
PROA	246	PROA	269	3.071344
PROA	246	PROA	270	2.764145
PROA	246	PROA	271	0.241747
PROA	247	PROA	248	3.303874
PROA	247	PROA	249	0.064820
PROA	247	PROA	251	2.468854
PROA	247	PROA	252	1.839418
PROA	247	PROA	255	0.245256
PROA	247	PROA	264	2.452557
PROA	247	PROA	296	2.330696
PROA	248	PROA	249	2.851962
PROA	248	PROA	250	1.712698
PROA	248	PROA	251	5.570485
PROA	248	PROA	252	1.521772
PROA	248	PROA	253	0.080582
PROA	249	PROA	250	2.630142
PROA	249	PROA	251	0.980196
PROA	249	PROA	252	3.004640
PROA	249	PROA	253	1.037126
PROA	249	PROA	254	0.073127
PROA	249	PROA	265	0.556415
PROA	250	PROA	251	2.757817
PROA	250	PROA	252	0.533114
PROA	250	PROA	253	1.656157
PROA	250	PROA	254	1.089899
PROA	250	PROA	297	0.552052
PROA	250	PROA	300	0.055048
PROA	251	PROA	252	2.450385
PROA	251	PROA	253	0.771517
PROA	251	PROA	254	1.566699
PROA	251	PROA	255	0.794719
PROA	251	PROA	296	0.710047
PROA	251	PROA	297	2.777460
PROA	251	PROA	300	0.061546
PROA	252	PROA	253	2.329929
PROA	252	PROA	254	0.899229
PROA	252	PROA	255	3.421053
PROA	252	PROA	261	3.184392
PROA	252	PROA	264	2.157895
PROA	252	PROA	265	2.526316
PROA	253	PROA	254	3.545621
PROA	253	PROA	255	0.613139
PROA	254	PROA	255	2.974372
PROA	254	PROA	256	0.622543
PROA	254	PROA	297	1.289317
PROA	254	PROA	298	0.402911
PROA	254	PROA	299	1.170036
PROA	255	PROA	256	2.684211
PROA	255	PROA	257	2.084674
PROA	255	PROA	260	2.176429
PROA	255	PROA	261	2.154147
PROA	255	PROA	264	1.000000
PROA	255	PROA	296	0.564288
PROA	256	PROA	257	2.575185
PROA	256	PROA	258	0.210526
PROA	257	PROA	258	2.759127
PROA	257	PROA	259	1.880350
PROA	257	PROA	260	5.155441
PROA	257	PROA	261	0.490990
PROA	257	PROB	70	0.080582
PROA	257	PROB	71	1.309307
PROA	257	PROB	72	0.218218
PROA	257	PROB	73	0.285714
PROA	258	PROA	259	3.179254
PROA	258	PROA	260	1.088214
PROA	258	PROA	261	2.575611
PROA	258	PROA	262	2.575185
PROA	258	PROA	263	0.050063
PROA	259	PROA	260	2.629379
PROA	259	PROA	261	0.478714
PROA	259	PROA	262	1.538468
PROA	259	PROA	263	0.604815
PROA	259	PROA	264	0.048912
PROA	259	PROB	14	0.056980
PROA	259	PROB	16	0.398862
PROA	259	PROB	19	1.723281
PROA	259	PROB	71	0.043519
PROA	259	PROB	72	3.742670
PROA	259	PROB	73	0.227921
PROA	259	PROB	74	0.738549
PROA	260	PROA	261	2.388340
PROA	260	PROA	262	0.845154
PROA	260	PROA	263	1.656157
PROA	260	PROA	264	1.523500
PROA	260	PROB	71	0.064550
PROA	260	PROB	73	0.760639
PROA	261	PROA	262	4.364358
PROA	261	PROA	263	0.311805
PROA	261	PROA	264	0.983415
PROA	261	PROA	265	2.997075
PROA	261	PROA	266	0.061546
PROA	262	PROA	263	2.332847
PROA	262	PROA	264	0.613139
PROA	262	PROA	265	2.023360
PROA	262	PROA	266	1.692228
PROA	262	PROA	267	0.061314
PROA	263	PROA	264	3.904884
PROA	263	PROA	265	0.450564
PROA	263	PROA	266	1.644879
PROA	263	PROA	267	3.354195
PROA	263	PROB	73	3.440950
PROA	263	PROB	74	2.330781
PROA	263	PROB	77	0.933139
PROA	264	PROA	265	2.052632
PROA	264	PROA	266	0.899229
PROA	264	PROA	267	3.000000
PROA	264	PROA	296	0.564288
PROA	265	PROA	266	3.735258
PROA	265	PROA	267	0.631579
PROA	266	PROA	267	3.320229
PROA	266	PROA	268	0.483494
PROA	267	PROA	268	4.169348
PROA	267	PROA	269	0.278207
PROA	268	PROA	269	2.139072
PROA	268	PROA	270	0.626783
PROA	269	PROA	270	3.102526
PROA	269	PROA	271	1.944611
PROA	270	PROA	271	2.735054
PROA	270	PROA	272	0.090909
PROA	271	PROA	272	2.279212
PROA	271	PROA	273	0.467707
PROA	272	PROA	273	2.824909
PROA	272	PROA	274	0.569803
PROA	272	PROA	275	0.609272
PROA	272	PROA	291	1.846372
PROA	272	PROA	295	0.170941
PROA	273	PROA	274	4.810702
PROA	273	PROA	275	0.510310
PROA	273	PROA	277	1.122683
PROA	273	PROA	278	1.491202
PROA	274	PROA	275	1.745743
PROA	274	PROA	276	1.428571
PROA	274	PROA	277	5.182675
PROA	274	PROA	278	0.306570
PROA	275	PROA	276	2.073070
PROA	275	PROA	277	0.625000
PROA	275	PROA	278	2.013659
PROA	275	PROA	279	2.282177
PROA	275	PROA	287	2.060489
PROA	275	PROA	290	2.669270
PROA	275	PROA	291	3.123055
PROA	275	PROA	294	2.107318
PROA	276	PROA	277	2.836833
PROA	276	PROA	278	0.858395
PROA	276	PROA	279	1.613559
PROA	276	PROA	280	1.285714
PROA	276	PROA	287	2.023360
PROA	277	PROA	278	2.107318
PROA	277	PROA	279	0.456435
PROA	277	PROA	280	0.109109
PROA	278	PROA	279	4.924696
PROA	278	PROA	280	0.674453
PROA	279	PROA	280	3.227117
PROA	279	PROA	281	0.418330
PROA	279	PROA	282	2.121320
PROA	279	PROA	287	2.257152
PROA	279	PROA	290	1.333772
PROA	279	PROA	294	0.102598
PROA	280	PROA	281	4.071429
PROA	280	PROA	282	0.845154
PROA	280	PROA	287	0.061314
PROA	281	PROA	282	3.718679
PROA	281	PROA	283	0.308607
PROA	282	PROA	283	4.107919
PROA	282	PROA	284	0.286039
PROA	282	PROA	286	1.100000
PROA	282	PROA	287	3.047000
PROA	283	PROA	284	3.655631
PROA	283	PROA	285	4.062019
PROA	283	PROA	286	4.838216
PROA	283	PROA	287	1.324532
PROA	283	PROA	288	0.083333
PROA	283	PROA	312	2.267787
PROA	284	PROA	285	3.921229
PROA	284	PROA	286	1.239501
PROA	284	PROA	287	2.213486
PROA	284	PROA	288	1.479660
PROA	284	PROA	289	0.069171
PROA	285	PROA	286	2.696799
PROA	285	PROA	287	0.489116
PROA	285	PROA	288	1.600189
PROA	285	PROA	289	0.538028
PROA	285	PROA	310	0.051709
PROA	285	PROA	311	1.880350
PROA	285	PROA	312	3.303219
PROA	286	PROA	287	3.264643
PROA	286	PROA	288	0.821584
PROA	286	PROA	289	1.596048
PROA	286	PROA	290	1.015667
PROA	286	PROA	291	0.091287
PROA	286	PROA	312	5.382511
PROA	287	PROA	288	2.450385
PROA	287	PROA	289	0.684211
PROA	287	PROA	290	3.315789
PROA	287	PROA	291	0.728493
PROA	288	PROA	289	2.516611
PROA	288	PROA	290	0.596040
PROA	288	PROA	291	1.166667
PROA	288	PROA	292	2.892650
PROA	288	PROA	310	0.770154
PROA	289	PROA	290	2.263158
PROA	289	PROA	291	0.596040
PROA	289	PROA	292	1.711906
PROA	289	PROA	293	3.672338
PROA	289	PROA	294	0.052632
PROA	289	PROA	302	0.789474
PROA	289	PROA	307	2.176429
PROA	289	PROA	310	3.839263
PROA	289	PROA	312	0.851064
PROA	289	PROA	313	1.052632
PROA	290	PROA	291	3.311331
PROA	290	PROA	292	0.440204
PROA	290	PROA	293	1.391037
PROA	290	PROA	294	3.421053
PROA	291	PROA	292	2.892650
PROA	291	PROA	293	0.840168
PROA	291	PROA	294	1.788119
PROA	291	PROA	295	1.157275
PROA	292	PROA	293	2.326895
PROA	292	PROA	294	0.538028
PROA	292	PROA	295	1.424507
PROA	292	PROA	301	0.435194
PROA	292	PROA	302	3.570547
PROA	292	PROA	310	1.913224
PROA	293	PROA	294	2.448225
PROA	293	PROA	295	0.777844
PROA	293	PROA	301	0.643596
PROA	293	PROA	302	2.058735
PROA	293	PROA	307	1.687323
PROA	293	PROA	313	0.055641
PROA	294	PROA	295	2.881755
PROA	294	PROA	296	0.205196
PROA	294	PROA	301	0.046829
PROA	295	PROA	296	2.808787
PROA	295	PROA	297	1.928571
PROA	295	PROA	300	1.082625
PROA	295	PROA	301	3.546041
PROA	295	PROA	302	0.061314
PROA	296	PROA	297	2.868549
PROA	296	PROA	298	0.298807
PROA	296	PROA	301	1.095445
PROA	297	PROA	298	4.428571
PROA	297	PROA	299	1.620509
PROA	297	PROA	300	3.817679
PROA	297	PROA	301	1.309307
PROA	298	PROA	299	4.148504
PROA	298	PROA	300	0.740744
PROA	298	PROA	301	3.055050
PROA	299	PROA	300	2.895691
PROA	299	PROA	301	0.396059
PROA	300	PROA	301	1.871335
PROA	300	PROA	302	0.195646
PROA	301	PROA	302	2.107318
PROA	301	PROA	303	0.316228
PROA	302	PROA	303	3.376389
PROA	302	PROA	304	0.172062
PROA	302	PROA	306	2.559508
PROA	302	PROA	307	4.135215
PROA	302	PROA	310	1.613603
PROA	303	PROA	304	2.904738
PROA	303	PROA	305	1.000000
PROA	303	PROA	306	2.692764
PROA	303	PROA	307	1.306395
PROA	303	PROA	308	0.059235
PROA	304	PROA	305	3.033837
PROA	304	PROA	306	0.788241
PROA	304	PROA	307	2.055480
PROA	304	PROA	308	2.351511
PROA	304	PROA	309	0.079057
PROA	305	PROA	306	2.692764
PROA	305	PROA	307	0.734847
PROA	305	PROA	308	1.303168
PROA	305	PROA	309	0.898146
PROA	305	PROA	317	0.169031
PROA	305	PROA	322	0.066667
PROA	306	PROA	307	2.684377
PROA	306	PROA	308	0.556415
PROA	306	PROA	309	1.917412
PROA	306	PROA	310	1.058824
PROA	307	PROA	308	2.829357
PROA	307	PROA	309	1.200000
PROA	307	PROA	310	1.994109
PROA	307	PROA	313	0.435286
PROA	308	PROA	309	2.539167
PROA	308	PROA	310	0.612056
PROA	308	PROA	313	1.684211
PROA	308	PROA	314	0.059235
PROA	308	PROA	317	1.051315
PROA	309	PROA	310	3.451342
PROA	309	PROA	311	0.422577
PROA	309	PROA	313	0.072548
PROA	309	PROA	314	0.326599
PROA	309	PROA	317	4.071387
PROA	310	PROA	311	4.278145
PROA	310	PROA	312	1.058512
PROA	310	PROA	313	1.279754
PROA	310	PROA	314	0.688847
PROA	311	PROA	312	2.332847
PROA	311	PROA	313	0.674453
PROA	311	PROA	314	2.070197
PROA	311	PROA	315	0.064820
PROA	312	PROA	313	3.404258
PROA	312	PROA	314	0.507093
PROA	312	PROA	315	0.370479
PROA	313	PROA	314	2.132456
PROA	313	PROA	315	1.335396
PROA	313	PROA	316	1.852317
PROA	313	PROA	317	0.550689
PROA	314	PROA	315	2.755387
PROA	314	PROA	316	0.788811
PROA	314	PROA	317	2.873524
PROA	315	PROA	316	4.445751
PROA	315	PROA	317	0.582182
PROA	316	PROA	317	1.952381
PROA	316	PROA	318	0.251976
PROA	317	PROA	318	4.472580
PROA	317	PROA	319	1.749636
PROA	318	PROA	319	4.551949
PROA	318	PROA	320	3.829708
PROA	319	PROA	320	3.948533
PROA	319	PROA	321	0.385758
PROA	320	PROA	321	3.394514
PROA	320	PROA	322	0.622799
PROA	321	PROA	322	3.279566
PROA	321	PROA	323	0.462910
PROA	322	PROA	323	4.554433
PROA	322	PROA	324	0.533114
PROA	323	PROA	324	2.943069
PROA	323	PROA	325	1.098701
PROA	324	PROA	325	3.482286
PROA	325	PROA	326	4.735680
PROA	325	PROA	327	0.300000
PROA	326	PROA	327	3.265986
PROA	326	PROA	328	0.138013
PROA	327	PROA	328	5.070926
PROA	327	PROA	329	0.494975
PROA	328	PROA	329	2.450219
PROA	328	PROA	330	0.341882
PROA	329	PROA	330	3.861523
PROA	329	PROA	331	1.200000
PROA	330	PROA	331	2.288310
PROA	330	PROA	332	0.246183
PROA	331	PROA	332	2.388340
PROA	331	PROA	333	0.921954
PROA	332	PROA	333	3.430686
PROA	332	PROA	350	0.074536
PROA	333	PROA	334	3.444234
PROA	333	PROA	335	2.003094
PROA	333	PROA	338	0.612056
PROA	333	PROA	346	1.112830
PROA	334	PROA	335	2.665570
PROA	334	PROA	336	1.490712
PROA	334	PROA	337	0.074536
PROA	334	PROA	338	0.296174
PROA	335	PROA	336	2.980198
PROA	335	PROA	337	0.463586
PROA	335	PROA	338	2.421053
PROA	335	PROA	343	1.631579
PROA	335	PROA	346	0.842105
PROA	336	PROA	337	3.166667
PROA	336	PROA	338	0.596040
PROA	337	PROA	338	3.510011
PROA	337	PROA	339	0.462910
PROA	338	PROA	339	3.985406
PROA	338	PROA	340	0.195646
PROA	338	PROA	342	1.809729
PROA	338	PROA	343	3.000000
PROA	338	PROA	346	1.105263
PROA	339	PROA	340	2.279212
PROA	339	PROA	341	2.622249
PROA	339	PROA	342	3.361837
PROA	339	PROA	343	1.778104
PROA	340	PROA	341	4.954337
PROA	340	PROA	342	0.681818
PROA	340	PROA	343	3.179254
PROA	340	PROA	344	0.818182
PROA	340	PROA	345	0.055048
PROA	341	PROA	342	2.036783
PROA	341	PROA	343	0.473879
PROA	341	PROA	344	2.036783
PROA	341	PROA	345	0.933333
PROA	342	PROA	343	2.592315
PROA	342	PROA	344	0.636364
PROA	342	PROA	345	4.183662
PROA	342	PROA	346	1.662994
PROA	342	PROA	347	0.048912
PROA	343	PROA	344	1.760818
PROA	343	PROA	345	0.770054
PROA	343	PROA	346	3.210526
PROA	343	PROA	347	0.894737
PROA	343	PROA	348	0.051299
PROA	344	PROA	345	2.422120
PROA	344	PROA	346	0.293470
PROA	344	PROA	347	1.467348
PROA	344	PROA	348	0.667424
PROA	345	PROA	346	2.784040
PROA	345	PROA	347	0.770054
PROA	345	PROA	348	1.905256
PROA	345	PROA	349	0.866667
PROA	346	PROA	347	2.631579
PROA	346	PROA	348	0.820783
PROA	346	PROA	349	1.895516
PROA	346	PROA	350	1.717812
PROA	346	PROA	351	0.061314
PROA	347	PROA	348	2.257152
PROA	347	PROA	349	0.533114
PROA	347	PROA	350	0.947758
PROA	347	PROA	351	1.655476
PROA	348	PROA	349	2.540341
PROA	348	PROA	350	0.404145
PROA	348	PROA	351	1.015944
PROA	348	PROA	352	0.212132
PROA	349	PROA	350	4.200000
PROA	349	PROA	351	0.828079
PROA	349	PROA	352	1.224745
PROA	350	PROA	351	3.105295
PROA	350	PROA	352	1.143095
PROA	350	PROA	354	0.057735
PROA	351	PROA	352	3.803194
PROA	351	PROA	353	0.381881
PROA	351	PROA	354	0.896421
PROA	351	PROA	355	1.490869
PROA	352	PROA	353	3.162936
PROA	352	PROA	354	0.636396
PROA	352	PROA	355	2.914467
PROA	352	PROA	358	3.381321
PROA	353	PROA	354	2.419108
PROA	353	PROA	355	0.792118
PROA	353	PROA	358	1.915372
PROA	353	PROA	359	1.125000
PROA	353	PROA	360	1.826693
PROA	354	PROA	355	3.253957
PROA	354	PROA	356	0.239046
PROA	355	PROA	356	4.278145
PROA	355	PROA	357	0.550019
PROA	355	PROA	358	2.011173
PROA	356	PROA	357	3.333503
PROA	356	PROA	358	0.874818
PROA	357	PROA	358	2.721794
PROA	357	PROA	359	1.774489
PROA	358	PROA	359	2.806243
PROA	358	PROA	360	4.157609
PROA	359	PROA	360	2.710576
PROB	1	PROB	2	2.684377
PROB	1	PROB	3	0.563602
PROB	1	PROB	4	2.222876
PROB	1	PROB	5	0.916698
PROB	1	PROB	6	0.064820
PROB	1	PROB	57	1.447846
PROB	2	PROB	3	3.184337
PROB	2	PROB	4	0.828079
PROB	2	PROB	5	1.912366
PROB	2	PROB	6	1.774824
PROB	2	PROB	7	0.072548
PROB	3	PROB	4	1.972027
PROB	3	PROB	5	1.171080
PROB	3	PROB	6	2.070197
PROB	3	PROB	7	0.592349
PROB	3	PROB	82	1.070529
PROB	3	PROB	85	1.001388
PROB	3	PROB	86	2.646539
PROB	4	PROB	5	3.711537
PROB	4	PROB	6	0.583212
PROB	4	PROB	7	1.001252
PROB	4	PROB	8	2.603256
PROB	4	PROB	50	1.070529
PROB	4	PROB	55	0.700877
PROB	4	PROB	56	1.196887
PROB	4	PROB	57	3.628888
PROB	4	PROB	60	0.600751
PROB	4	PROB	82	2.428571
PROB	5	PROB	6	3.838580
PROB	5	PROB	7	0.953821
PROB	5	PROB	8	2.861463
PROB	5	PROB	9	1.558387
PROB	6	PROB	7	2.759127
PROB	6	PROB	8	0.858395
PROB	6	PROB	9	2.203893
PROB	6	PROB	10	2.391702
PROB	6	PROB	11	0.061314
PROB	7	PROB	8	3.526316
PROB	7	PROB	9	0.556415
PROB	7	PROB	10	1.986799
PROB	7	PROB	11	4.368421
PROB	7	PROB	12	0.061314
PROB	7	PROB	60	0.789474
PROB	7	PROB	63	0.105263
PROB	7	PROB	78	2.170018
PROB	7	PROB	79	3.211820
PROB	7	PROB	81	0.066227
PROB	7	PROB	82	2.653319
PROB	7	PROB	85	0.046829
PROB	8	PROB	9	2.058735
PROB	8	PROB	10	0.728493
PROB	8	PROB	11	2.210526
PROB	8	PROB	12	1.226279
PROB	8	PROB	13	0.061314
PROB	8	PROB	43	0.069171
PROB	8	PROB	46	2.616245
PROB	8	PROB	50	0.118470
PROB	8	PROB	55	0.526316
PROB	8	PROB	60	0.052632
PROB	8	PROB	63	0.315789
PROB	9	PROB	10	2.520504
PROB	9	PROB	11	0.500773
PROB	9	PROB	12	2.333533
PROB	9	PROB	13	0.907485
PROB	9	PROB	14	0.064820
PROB	9	PROB	43	0.438763
PROB	10	PROB	11	2.781518
PROB	10	PROB	12	0.771517
PROB	10	PROB	13	1.851640
PROB	10	PROB	14	1.774489
PROB	10	PROB	78	0.840168
PROB	11	PROB	12	2.329929
PROB	11	PROB	13	0.735767
PROB	11	PROB	14	1.164965
PROB	11	PROB	15	1.789474
PROB	11	PROB	46	2.308451
PROB	11	PROB	63	0.473684
PROB	11	PROB	67	1.590266
PROB	11	PROB	75	3.000000
PROB	11	PROB	78	2.003094
PROB	11	PROB	79	1.433848
PROB	12	PROB	13	3.214286
PROB	12	PROB	14	0.857143
PROB	12	PROB	15	1.716790
PROB	12	PROB	41	0.142857
PROB	12	PROB	42	3.434519
PROB	12	PROB	43	3.706786
PROB	12	PROB	46	0.896421
PROB	13	PROB	14	4.142857
PROB	13	PROB	15	0.613139
PROB	14	PROB	15	2.636499
PROB	14	PROB	16	0.357143
PROB	14	PROB	19	0.077152
PROB	14	PROB	72	0.163663
PROB	14	PROB	75	0.919709
PROB	14	PROB	78	1.814970
PROB	15	PROB	16	3.494894
PROB	15	PROB	17	0.052632
PROB	15	PROB	19	1.125853
PROB	15	PROB	20	2.000000
PROB	15	PROB	23	1.315789
PROB	15	PROB	41	0.061314
PROB	15	PROB	42	2.514619
PROB	15	PROB	46	0.718185
PROB	15	PROB	67	0.410391
PROB	15	PROB	72	0.187317
PROB	15	PROB	75	1.736842
PROB	16	PROB	17	2.697813
PROB	16	PROB	18	2.277216
PROB	16	PROB	19	4.937707
PROB	16	PROB	20	1.042337
PROB	16	PROB	21	0.069007
PROB	17	PROB	18	2.724805
PROB	17	PROB	19	0.728493
PROB	17	PROB	20	2.947368
PROB	17	PROB	21	2.665570
PROB	17	PROB	24	0.293470
PROB	17	PROB	40	0.735767
PROB	18	PROB	19	3.950387
PROB	18	PROB	20	0.651584
PROB	18	PROB	21	1.666667
PROB	18	PROB	22	0.626224
PROB	19	PROB	20	2.582838
PROB	19	PROB	21	0.819892
PROB	19	PROB	22	1.890378
PROB	19	PROB	23	0.662266
PROB	19	PROB	72	1.060660
PROB	20	PROB	21	3.080214
PROB	20	PROB	22	0.778981
PROB	20	PROB	23	2.526316
PROB	20	PROB	24	3.374900
PROB	20	PROB	25	0.069171
PROB	20	PROB	39	1.473684
PROB	20	PROB	40	0.797081
PROB	20	PROB	41	1.716790
PROB	20	PROB	42	1.387376
PROB	20	PROB	45	1.639025
PROB	21	PROB	22	2.442275
PROB	21	PROB	23	0.770054
PROB	21	PROB	24	3.578132
PROB	21	PROB	25	0.778499
PROB	22	PROB	23	2.336943
PROB	22	PROB	24	0.672214
PROB	22	PROB	25	1.389418
PROB	22	PROB	26	0.690268
PROB	22	PROB	70	0.438763
PROB	23	PROB	24	2.103199
PROB	23	PROB	25	0.760886
PROB	23	PROB	26	1.813691
PROB	23	PROB	27	0.830057
PROB	23	PROB	45	3.324880
PROB	23	PROB	66	2.052632
PROB	23	PROB	67	1.795462
PROB	23	PROB	70	1.245086
PROB	23	PROB	72	0.187317
PROB	23	PROB	75	0.368421
PROB	24	PROB	25	2.314168
PROB	24	PROB	26	0.741620
PROB	24	PROB	27	1.092801
PROB	24	PROB	28	0.636364
PROB	24	PROB	36	1.928473
PROB	24	PROB	37	1.045916
PROB	24	PROB	39	1.711906
PROB	24	PROB	40	0.455842
PROB	24	PROB	45	0.435194
PROB	25	PROB	26	3.623158
PROB	25	PROB	27	1.090909
PROB	25	PROB	28	1.671343
PROB	25	PROB	29	0.077850
PROB	26	PROB	27	3.623158
PROB	26	PROB	28	0.674200
PROB	26	PROB	29	0.081650
PROB	26	PROB	30	0.182574
PROB	26	PROB	62	0.069007
PROB	26	PROB	66	2.901905
PROB	26	PROB	69	0.580381
PROB	26	PROB	70	0.762770
PROB	27	PROB	28	2.378450
PROB	27	PROB	29	0.389249
PROB	27	PROB	30	2.001893
PROB	27	PROB	31	1.590943
PROB	27	PROB	36	0.090909
PROB	27	PROB	45	0.923186
PROB	27	PROB	48	0.337100
PROB	27	PROB	49	0.138343
PROB	27	PROB	62	1.644879
PROB	27	PROB	66	2.075143
PROB	28	PROB	29	2.807458
PROB	28	PROB	30	0.738549
PROB	28	PROB	31	0.684762
PROB	28	PROB	32	0.284901
PROB	28	PROB	33	0.192847
PROB	28	PROB	36	1.478496
PROB	28	PROB	37	1.211060
PROB	29	PROB	30	2.683282
PROB	29	PROB	31	0.473879
PROB	29	PROB	32	0.207020
PROB	30	PROB	31	3.642464
PROB	30	PROB	32	0.694365
PROB	30	PROB	54	0.184637
PROB	30	PROB	62	1.763834
PROB	30	PROB	66	0.198680
PROB	31	PROB	32	3.801464
PROB	31	PROB	33	3.873601
PROB	31	PROB	48	1.128576
PROB	31	PROB	49	0.842105
PROB	31	PROB	52	1.168471
PROB	31	PROB	54	1.565171
PROB	31	PROB	62	0.500626
PROB	32	PROB	33	3.384456
PROB	32	PROB	34	0.345033
PROB	33	PROB	34	3.191846
PROB	33	PROB	35	1.928473
PROB	33	PROB	36	1.000000
PROB	33	PROB	48	1.955180
PROB	33	PROB	52	1.974436
PROB	34	PROB	35	2.917554
PROB	34	PROB	36	0.700649
PROB	34	PROB	37	0.933333
PROB	34	PROB	38	0.400000
PROB	34	PROB	48	0.057735
PROB	35	PROB	36	2.249885
PROB	35	PROB	37	0.715626
PROB	35	PROB	38	4.569000
PROB	35	PROB	39	1.173878
PROB	35	PROB	48	1.620886
PROB	35	PROB	52	0.465379
PROB	36	PROB	37	5.371643
PROB	36	PROB	38	0.856349
PROB	36	PROB	39	1.798458
PROB	36	PROB	45	0.061546
PROB	36	PROB	48	2.427120
PROB	37	PROB	38	2.933333
PROB	37	PROB	39	0.710819
PROB	37	PROB	40	0.069007
PROB	38	PROB	39	3.198684
PROB	38	PROB	40	0.690066
PROB	39	PROB	40	3.433580
PROB	39	PROB	41	1.594162
PROB	39	PROB	44	4.570500
PROB	39	PROB	45	2.247806
PROB	39	PROB	48	1.487669
PROB	40	PROB	41	4.928571
PROB	40	PROB	44	0.422577
PROB	41	PROB	42	4.141625
PROB	41	PROB	43	1.933975
PROB	41	PROB	44	2.789009
PROB	41	PROB	45	0.381881
PROB	42	PROB	43	3.532778
PROB	42	PROB	44	0.956183
PROB	42	PROB	45	1.620185
PROB	42	PROB	46	1.352247
PROB	43	PROB	44	4.004543
PROB	43	PROB	45	0.738549
PROB	43	PROB	46	1.820340
PROB	43	PROB	47	1.000000
PROB	44	PROB	45	2.452889
PROB	44	PROB	46	0.494975
PROB	44	PROB	47	2.574349
PROB	44	PROB	48	0.989949
PROB	44	PROB	49	0.072548
PROB	45	PROB	46	3.560197
PROB	45	PROB	47	0.615457
PROB	45	PROB	48	1.962672
PROB	45	PROB	49	2.669270
PROB	45	PROB	62	0.044544
PROB	45	PROB	63	1.404879
PROB	45	PROB	66	1.030244
PROB	45	PROB	67	0.502079
PROB	46	PROB	47	2.696799
PROB	46	PROB	48	0.550000
PROB	46	PROB	49	1.487669
PROB	46	PROB	50	1.154701
PROB	46	PROB	51	0.067420
PROB	46	PROB	55	2.257152
PROB	46	PROB	63	2.000658
PROB	46	PROB	67	0.500000
PROB	47	PROB	48	2.561959
PROB	47	PROB	49	0.691714
PROB	47	PROB	50	2.257647
PROB	47	PROB	51	1.181818
PROB	47	PROB	55	0.069171
PROB	48	PROB	49	4.001316
PROB	48	PROB	50	0.750555
PROB	48	PROB	51	1.887760
PROB	48	PROB	52	2.603165
PROB	49	PROB	50	2.369396
PROB	49	PROB	51	0.830057
PROB	49	PROB	52	1.502320
PROB	49	PROB	53	0.367884
PROB	49	PROB	54	3.668370
PROB	49	PROB	55	2.894737
PROB	49	PROB	62	1.551941
PROB	49	PROB	63	1.473684
PROB	50	PROB	51	2.802596
PROB	50	PROB	52	0.563602
PROB	50	PROB	53	1.104105
PROB	50	PROB	54	0.275241
PROB	50	PROB	55	4.501851
PROB	50	PROB	56	0.372678
PROB	50	PROB	57	1.211060
PROB	51	PROB	52	4.241380
PROB	51	PROB	53	0.966988
PROB	52	PROB	53	2.592815
PROB	52	PROB	54	1.499554
PROB	53	PROB	54	2.222231
PROB	53	PROB	55	0.735767
PROB	53	PROB	56	0.077152
PROB	54	PROB	55	2.347757
PROB	54	PROB	62	2.744928
PROB	54	PROB	63	0.097823
PROB	55	PROB	56	3.510011
PROB	55	PROB	59	0.735767
PROB	55	PROB	60	1.421053
PROB	55	PROB	63	3.631579
PROB	56	PROB	57	3.692745
PROB	56	PROB	58	1.416667
PROB	56	PROB	59	3.086067
PROB	56	PROB	60	0.198680
PROB	57	PROB	58	2.092555
PROB	57	PROB	59	0.512823
PROB	57	PROB	60	0.048912
PROB	57	PROB	82	0.465242
PROB	57	PROB	87	0.244558
PROB	58	PROB	59	3.163219
PROB	58	PROB	60	0.662266
PROB	58	PROB	82	0.251976
PROB	58	PROB	87	2.649065
PROB	58	PROB	89	0.774597
PROB	59	PROB	60	2.881755
PROB	59	PROB	61	2.578633
PROB	59	PROB	89	0.239046
PROB	60	PROB	61	2.766858
PROB	60	PROB	62	0.400501
PROB	60	PROB	63	2.736842
PROB	60	PROB	64	2.132456
PROB	60	PROB	65	0.055641
PROB	60	PROB	79	2.810343
PROB	60	PROB	82	1.802254
PROB	60	PROB	83	1.732684
PROB	60	PROB	87	0.947368
PROB	60	PROB	89	0.410391
PROB	61	PROB	62	2.960783
PROB	61	PROB	63	0.899229
PROB	61	PROB	64	3.736795
PROB	61	PROB	65	3.656362
PROB	61	PROB	66	0.069171
PROB	62	PROB	63	2.953694
PROB	62	PROB	64	0.619780
PROB	62	PROB	65	2.064099
PROB	62	PROB	66	3.554446
PROB	62	PROB	67	0.048795
PROB	63	PROB	64	2.724805
PROB	63	PROB	65	0.389490
PROB	63	PROB	66	1.421053
PROB	63	PROB	67	1.590266
PROB	63	PROB	68	0.059235
PROB	63	PROB	79	0.458831
PROB	64	PROB	65	3.005877
PROB	64	PROB	66	0.651584
PROB	64	PROB	67	1.270171
PROB	64	PROB	68	0.866667
PROB	64	PROB	76	2.784040
PROB	64	PROB	79	1.742843
PROB	64	PROB	80	0.193649
PROB	64	PROB	83	1.264911
PROB	65	PROB	66	2.893357
PROB	65	PROB	67	0.542326
PROB	65	PROB	68	1.252449
PROB	65	PROB	69	0.778981
PROB	65	PROB	70	0.073127
PROB	66	PROB	67	2.667544
PROB	66	PROB	68	0.710819
PROB	66	PROB	69	2.105263
PROB	66	PROB	70	1.452600
PROB	67	PROB	68	2.424871
PROB	67	PROB	69	0.461690
PROB	67	PROB	70	2.157440
PROB	67	PROB	71	0.410792
PROB	67	PROB	72	1.734455
PROB	67	PROB	75	3.437027
PROB	67	PROB	76	2.770142
PROB	67	PROB	78	0.054233
PROB	67	PROB	79	0.950329
PROB	68	PROB	69	2.902510
PROB	68	PROB	70	0.856349
PROB	68	PROB	71	0.948683
PROB	68	PROB	72	0.263523
PROB	68	PROB	76	2.073221
PROB	69	PROB	70	3.389401
PROB	69	PROB	71	2.060489
PROB	70	PROB	71	3.631199
PROB	70	PROB	72	1.784827
PROB	71	PROB	72	1.916667
PROB	71	PROB	73	0.600099
PROB	72	PROB	73	2.891387
PROB	72	PROB	74	3.064129
PROB	72	PROB	75	5.057563
PROB	72	PROB	76	0.936586
PROB	73	PROB	74	4.706252
PROB	73	PROB	75	0.429198
PROB	73	PROB	76	1.594162
PROB	73	PROB	77	1.071429
PROB	74	PROB	75	3.841144
PROB	74	PROB	76	0.662266
PROB	74	PROB	77	2.005944
PROB	74	PROB	78	1.050210
PROB	75	PROB	76	1.894737
PROB	75	PROB	77	0.858395
PROB	75	PROB	78	2.726433
PROB	75	PROB	79	0.802955
PROB	76	PROB	77	2.452557
PROB	76	PROB	78	0.834622
PROB	76	PROB	79	2.408865
PROB	76	PROB	80	1.548556
PROB	76	PROB	81	0.066227
PROB	77	PROB	78	4.018863
PROB	77	PROB	79	0.734968
PROB	77	PROB	80	1.737198
PROB	77	PROB	81	1.157275
PROB	78	PROB	79	3.031695
PROB	78	PROB	80	0.606339
PROB	78	PROB	81	2.170434
PROB	78	PROB	82	0.582182
PROB	78	PROB	83	0.049507
PROB	79	PROB	80	3.187500
PROB	79	PROB	81	1.082532
PROB	79	PROB	82	1.691189
PROB	79	PROB	83	2.041241
PROB	79	PROB	84	0.066815
PROB	80	PROB	81	3.103258
PROB	80	PROB	82	0.600099
PROB	80	PROB	83	2.296397
PROB	80	PROB	84	1.603567
PROB	80	PROB	85	0.051031
PROB	81	PROB	82	3.086710
PROB	81	PROB	83	0.824958
PROB	81	PROB	84	2.314550
PROB	81	PROB	85	3.417683
PROB	81	PROB	86	0.072169
PROB	82	PROB	83	2.227177
PROB	82	PROB	84	0.641533
PROB	82	PROB	85	2.405351
PROB	82	PROB	86	3.164159
PROB	82	PROB	87	2.302880
PROB	83	PROB	84	2.182179
PROB	83	PROB	85	0.458333
PROB	83	PROB	86	0.357217
PROB	83	PROB	87	2.762928
PROB	83	PROB	88	0.087039
PROB	83	PROB	89	4.244850
PROB	84	PROB	85	3.382377
PROB	84	PROB	86	0.267261
PROB	85	PROB	86	3.827328
PROB	85	PROB	87	0.327805
PROB	86	PROB	87	3.154466
PROB	86	PROB	88	0.053300
PROB	87	PROB	88	2.739050
PROB	87	PROB	89	3.283131
PROB	88	PROB	89	2.431330
