PROA	11	PROA	12	3.485685
PROA	11	PROA	13	1.455214
PROA	11	PROA	18	1.375000
PROA	11	PROA	19	0.223607
PROA	11	PROA	20	2.165064
PROA	12	PROA	13	2.818009
PROA	12	PROA	14	0.516398
PROA	12	PROA	17	0.062622
PROA	12	PROA	18	0.774597
PROA	12	PROA	19	2.136196
PROA	12	PROA	20	0.521749
PROA	12	PROA	21	0.064550
PROA	12	PROA	27	0.069007
PROA	12	PROA	28	1.717812
PROA	13	PROA	14	2.728526
PROA	13	PROA	15	0.198030
PROA	13	PROA	16	0.916698
PROA	13	PROA	17	0.823529
PROA	13	PROA	18	3.274231
PROA	13	PROA	19	0.488094
PROA	14	PROA	15	3.265986
PROA	14	PROA	16	1.322876
PROA	14	PROA	17	2.243455
PROA	14	PROA	18	0.312500
PROA	14	PROA	19	2.515576
PROA	14	PROA	28	2.867697
PROA	14	PROA	29	0.226134
PROA	14	PROA	30	1.472971
PROA	14	PROA	38	0.242536
PROA	14	PROA	40	1.507557
PROA	15	PROA	16	2.546005
PROA	15	PROA	17	0.891133
PROA	15	PROA	30	4.855246
PROA	15	PROA	38	1.782266
PROA	16	PROA	17	4.400153
PROA	16	PROA	18	0.377964
PROA	17	PROA	18	2.728526
PROA	17	PROA	19	1.084652
PROA	17	PROA	38	3.058824
PROA	17	PROA	55	2.016642
PROA	18	PROA	19	3.298200
PROA	18	PROA	20	1.082532
PROA	18	PROA	55	1.545705
PROA	18	PROA	100	0.288675
PROA	18	PROA	102	1.145644
PROA	19	PROA	20	2.323790
PROA	19	PROA	21	1.229837
PROA	19	PROA	28	3.385729
PROA	19	PROA	38	1.247350
PROA	19	PROA	39	0.391312
PROA	19	PROA	40	2.292280
PROA	19	PROA	53	1.744163
PROA	19	PROA	54	0.429058
PROA	19	PROA	55	1.573213
PROA	19	PROA	102	2.293365
PROA	20	PROA	21	3.680608
PROA	20	PROA	22	1.091089
PROA	20	PROA	90	0.397360
PROA	20	PROA	102	2.393775
PROA	21	PROA	22	4.063118
PROA	21	PROA	23	0.133631
PROA	21	PROA	24	0.153093
PROA	21	PROA	25	2.836833
PROA	21	PROA	28	1.032371
PROA	21	PROA	53	2.351511
PROA	21	PROA	90	3.154466
PROA	21	PROA	102	1.527525
PROA	21	PROA	104	0.062500
PROA	22	PROA	23	4.444671
PROA	22	PROA	24	0.540062
PROA	22	PROA	25	0.824786
PROA	23	PROA	24	2.836833
PROA	23	PROA	25	0.758175
PROA	23	PROA	26	0.428571
PROA	23	PROA	45	0.214286
PROA	24	PROA	25	5.122507
PROA	24	PROA	26	0.327327
PROA	24	PROA	43	0.089087
PROA	24	PROA	44	2.298097
PROA	24	PROA	45	1.909407
PROA	24	PROA	46	4.235576
PROA	24	PROA	47	1.418416
PROA	24	PROA	88	0.058926
PROA	25	PROA	26	2.624453
PROA	25	PROA	28	0.050063
PROA	25	PROA	42	0.966092
PROA	25	PROA	43	0.571429
PROA	25	PROA	44	2.456769
PROA	25	PROA	45	0.933139
PROA	25	PROA	51	1.309307
PROA	25	PROA	53	1.551941
PROA	25	PROA	87	0.058321
PROA	25	PROA	88	1.700840
PROA	25	PROA	90	1.251565
PROA	25	PROA	104	1.363862
PROA	26	PROA	27	5.785714
PROA	26	PROA	28	0.735767
PROA	26	PROA	42	1.436762
PROA	26	PROA	43	2.857738
PROA	26	PROA	44	0.154303
PROA	26	PROA	45	3.142857
PROA	27	PROA	28	2.329929
PROA	27	PROA	29	0.644658
PROA	27	PROA	41	0.322329
PROA	27	PROA	42	1.098701
PROA	27	PROA	43	1.516351
PROA	28	PROA	29	2.697686
PROA	28	PROA	30	0.050063
PROA	28	PROA	40	2.213486
PROA	28	PROA	41	0.691714
PROA	28	PROA	42	2.756810
PROA	28	PROA	43	0.050063
PROA	28	PROA	53	0.631579
PROA	29	PROA	30	2.566012
PROA	29	PROA	31	0.622543
PROA	29	PROA	40	1.545455
PROA	29	PROA	41	4.090909
PROA	29	PROA	42	0.476731
PROA	30	PROA	31	2.653319
PROA	30	PROA	32	4.783759
PROA	30	PROA	33	1.859339
PROA	30	PROA	38	1.852396
PROA	30	PROA	39	0.545545
PROA	30	PROA	40	1.052723
PROA	30	PROA	41	0.263181
PROA	31	PROA	32	3.468440
PROA	31	PROA	39	3.039758
PROA	31	PROA	40	2.697686
PROA	31	PROA	41	3.251058
PROA	31	PROA	52	1.160762
PROA	31	PROA	107	0.842105
PROA	32	PROA	33	4.293960
PROA	32	PROA	34	0.285714
PROA	32	PROA	38	0.825029
PROA	32	PROA	39	3.023716
PROA	32	PROA	40	0.113961
PROA	33	PROA	34	4.098780
PROA	33	PROA	37	1.463850
PROA	33	PROA	38	3.819968
PROA	33	PROA	39	1.871942
PROA	34	PROA	35	3.944254
PROA	34	PROA	36	0.494872
PROA	34	PROA	37	3.142857
PROA	34	PROA	38	0.458349
PROA	34	PROA	39	1.795331
PROA	34	PROA	54	0.080582
PROA	35	PROA	36	5.037479
PROA	35	PROA	37	1.195229
PROA	36	PROA	37	2.804273
PROA	36	PROA	55	0.232621
PROA	36	PROA	56	3.003757
PROA	36	PROA	57	1.973855
PROA	36	PROA	58	0.583212
PROA	36	PROA	64	3.428571
PROA	36	PROA	67	0.935414
PROA	36	PROA	68	1.516351
PROA	37	PROA	38	3.300115
PROA	37	PROA	39	0.850420
PROA	37	PROA	55	1.369899
PROA	38	PROA	39	3.031695
PROA	38	PROA	40	0.438763
PROA	38	PROA	53	0.055641
PROA	38	PROA	54	0.206835
PROA	38	PROA	55	1.292719
PROA	39	PROA	40	3.844270
PROA	39	PROA	52	0.632456
PROA	39	PROA	53	1.032371
PROA	39	PROA	54	3.997513
PROA	39	PROA	55	0.319801
PROA	40	PROA	41	3.909091
PROA	40	PROA	42	0.667424
PROA	40	PROA	51	0.075378
PROA	40	PROA	52	0.762770
PROA	40	PROA	53	2.559344
PROA	40	PROA	54	0.128565
PROA	41	PROA	42	4.481274
PROA	41	PROA	50	0.307729
PROA	41	PROA	51	0.678401
PROA	41	PROA	52	0.953463
PROA	41	PROA	53	0.345857
PROA	41	PROA	107	1.521772
PROA	42	PROA	43	2.898275
PROA	42	PROA	44	0.365148
PROA	42	PROA	49	0.079057
PROA	42	PROA	50	0.774597
PROA	42	PROA	51	3.478505
PROA	42	PROA	52	0.400000
PROA	42	PROA	53	2.394072
PROA	43	PROA	44	3.212698
PROA	43	PROA	45	3.324308
PROA	43	PROA	48	1.814444
PROA	43	PROA	49	1.472971
PROA	43	PROA	50	1.158132
PROA	43	PROA	51	0.600099
PROA	44	PROA	45	3.240370
PROA	44	PROA	46	1.082532
PROA	44	PROA	47	3.240370
PROA	44	PROA	48	0.984732
PROA	44	PROA	49	2.598076
PROA	44	PROA	50	0.294628
PROA	44	PROA	51	3.536270
PROA	45	PROA	46	2.538982
PROA	45	PROA	47	0.714286
PROA	45	PROA	48	1.481487
PROA	46	PROA	47	3.273950
PROA	46	PROA	48	2.238608
PROA	47	PROA	48	3.532778
PROA	47	PROA	49	2.672612
PROA	48	PROA	49	2.931510
PROA	49	PROA	50	2.857738
PROA	49	PROA	51	1.125000
PROA	50	PROA	51	2.653614
PROA	50	PROA	107	2.528782
PROA	50	PROA	109	1.054093
PROA	51	PROA	52	3.715676
PROA	51	PROA	53	1.892680
PROA	51	PROA	87	1.069045
PROA	51	PROA	104	1.687500
PROA	51	PROA	105	0.545705
PROA	51	PROA	106	0.360844
PROA	51	PROA	107	1.433848
PROA	52	PROA	53	3.409738
PROA	52	PROA	54	0.943880
PROA	52	PROA	103	0.072548
PROA	52	PROA	104	1.027740
PROA	52	PROA	105	2.761074
PROA	52	PROA	106	0.912871
PROA	52	PROA	107	3.772477
PROA	53	PROA	54	3.032519
PROA	53	PROA	55	0.244558
PROA	53	PROA	90	0.105263
PROA	53	PROA	102	0.901127
PROA	53	PROA	103	0.526316
PROA	53	PROA	104	3.728006
PROA	53	PROA	105	0.166924
PROA	54	PROA	55	1.500000
PROA	54	PROA	56	1.076055
PROA	54	PROA	71	0.055048
PROA	54	PROA	84	0.048912
PROA	54	PROA	101	0.053300
PROA	54	PROA	102	0.744387
PROA	54	PROA	103	2.787961
PROA	54	PROA	104	0.319801
PROA	54	PROA	105	1.861516
PROA	54	PROA	166	0.514259
PROA	54	PROA	167	0.184637
PROA	55	PROA	56	2.836873
PROA	55	PROA	57	1.028519
PROA	55	PROA	100	2.523376
PROA	55	PROA	101	0.373101
PROA	55	PROA	102	2.977549
PROA	55	PROA	103	0.097823
PROA	56	PROA	57	3.181887
PROA	56	PROA	58	2.329929
PROA	56	PROA	68	1.594162
PROA	56	PROA	99	0.048912
PROA	56	PROA	100	0.662266
PROA	56	PROA	101	3.498590
PROA	56	PROA	102	0.550689
PROA	56	PROA	103	2.368421
PROA	57	PROA	58	4.190279
PROA	57	PROA	59	0.337100
PROA	57	PROA	64	0.065795
PROA	57	PROA	99	0.192847
PROA	57	PROA	100	1.218544
PROA	57	PROA	101	0.150756
PROA	58	PROA	59	6.035904
PROA	58	PROA	60	0.621059
PROA	58	PROA	61	0.972306
PROA	58	PROA	64	1.924599
PROA	58	PROA	65	2.578633
PROA	58	PROA	68	1.928571
PROA	58	PROA	99	0.056980
PROA	58	PROA	100	0.077152
PROA	58	PROA	101	0.334077
PROA	59	PROA	60	2.136196
PROA	59	PROA	61	0.650791
PROA	59	PROA	65	1.213560
PROA	59	PROA	98	2.494700
PROA	59	PROA	99	0.953463
PROA	59	PROA	100	0.451848
PROA	59	PROA	101	1.453444
PROA	59	PROA	340	0.143019
PROA	59	PROA	343	0.051299
PROA	59	PROA	344	4.862659
PROA	59	PROA	347	1.487669
PROA	60	PROA	61	3.694723
PROA	60	PROA	62	0.250490
PROA	60	PROA	65	0.155700
PROA	60	PROA	340	0.660578
PROA	61	PROA	62	2.470588
PROA	61	PROA	63	0.777844
PROA	61	PROA	64	3.387239
PROA	61	PROA	65	1.389418
PROA	61	PROA	340	0.361961
PROA	62	PROA	63	3.176198
PROA	62	PROA	64	0.317554
PROA	62	PROA	65	1.535672
PROA	62	PROA	66	2.941176
PROA	62	PROA	336	0.350070
PROA	62	PROA	337	0.770154
PROA	62	PROA	338	0.389490
PROA	62	PROA	340	2.585438
PROA	62	PROA	343	1.335396
PROA	63	PROA	64	3.382629
PROA	63	PROA	65	0.805823
PROA	63	PROA	66	2.592815
PROA	63	PROA	67	3.709704
PROA	63	PROA	68	0.071429
PROA	64	PROA	65	2.434421
PROA	64	PROA	66	0.529256
PROA	64	PROA	67	2.049003
PROA	64	PROA	68	1.283066
PROA	64	PROA	69	0.050063
PROA	65	PROA	66	3.217599
PROA	65	PROA	67	0.492366
PROA	65	PROA	68	2.014557
PROA	65	PROA	69	0.830057
PROA	65	PROA	70	0.061546
PROA	65	PROA	340	0.064282
PROA	65	PROA	343	2.559344
PROA	65	PROA	344	0.064282
PROA	65	PROA	347	0.138343
PROA	66	PROA	67	2.227832
PROA	66	PROA	68	0.907485
PROA	66	PROA	69	1.057188
PROA	66	PROA	70	1.683251
PROA	66	PROA	71	0.062622
PROA	66	PROA	335	3.449772
PROA	66	PROA	336	2.100420
PROA	66	PROA	337	0.280056
PROA	66	PROA	338	0.389490
PROA	66	PROA	343	3.338489
PROA	67	PROA	68	2.454951
PROA	67	PROA	69	0.374634
PROA	67	PROA	70	1.833333
PROA	67	PROA	71	0.632456
PROA	67	PROA	168	0.045644
PROA	67	PROA	169	3.548977
PROA	67	PROA	170	2.200977
PROA	67	PROA	186	0.052705
PROA	68	PROA	69	2.268616
PROA	68	PROA	70	0.545545
PROA	68	PROA	71	1.449138
PROA	68	PROA	72	1.716790
PROA	68	PROA	73	0.056980
PROA	68	PROA	103	0.061314
PROA	68	PROA	169	0.202031
PROA	68	PROA	347	0.858395
PROA	69	PROA	70	1.966830
PROA	69	PROA	71	0.710819
PROA	69	PROA	72	1.473684
PROA	69	PROA	73	1.565171
PROA	69	PROA	74	0.052632
PROA	69	PROA	331	0.051299
PROA	69	PROA	335	3.210526
PROA	69	PROA	338	0.052632
PROA	69	PROA	343	1.263158
PROA	69	PROA	346	3.473684
PROA	69	PROA	347	4.000000
PROA	69	PROA	350	0.888523
PROA	70	PROA	71	2.108185
PROA	70	PROA	72	0.327805
PROA	70	PROA	73	0.652791
PROA	70	PROA	74	1.404879
PROA	70	PROA	75	0.046829
PROA	70	PROA	168	0.273861
PROA	70	PROA	169	1.002972
PROA	70	PROA	170	0.046829
PROA	70	PROA	171	0.839146
PROA	70	PROA	172	2.916667
PROA	70	PROA	331	1.825742
PROA	70	PROA	334	0.843274
PROA	70	PROA	335	4.214636
PROA	70	PROA	336	1.355288
PROA	71	PROA	72	2.961744
PROA	71	PROA	73	0.440386
PROA	71	PROA	74	1.480872
PROA	71	PROA	75	3.257919
PROA	71	PROA	76	0.059235
PROA	71	PROA	103	0.118470
PROA	71	PROA	105	0.125245
PROA	71	PROA	167	1.192570
PROA	71	PROA	168	4.214657
PROA	71	PROA	169	3.025290
PROA	72	PROA	73	2.787961
PROA	72	PROA	74	0.631579
PROA	72	PROA	75	1.736842
PROA	72	PROA	76	2.052632
PROA	72	PROA	77	0.046829
PROA	72	PROA	86	1.052632
PROA	72	PROA	89	1.684211
PROA	72	PROA	101	0.114708
PROA	72	PROA	103	1.526316
PROA	72	PROA	347	1.105263
PROA	72	PROA	350	0.118470
PROA	72	PROA	351	0.613139
PROA	72	PROA	354	0.153897
PROA	73	PROA	74	2.152110
PROA	73	PROA	75	0.342381
PROA	73	PROA	76	2.103199
PROA	73	PROA	77	0.609272
PROA	73	PROA	78	0.047673
PROA	73	PROA	329	0.905789
PROA	73	PROA	331	0.143019
PROA	73	PROA	332	0.061546
PROA	73	PROA	350	2.642313
PROA	74	PROA	75	2.421053
PROA	74	PROA	76	0.684211
PROA	74	PROA	77	1.404879
PROA	74	PROA	78	2.975337
PROA	74	PROA	145	2.007388
PROA	74	PROA	168	2.462348
PROA	74	PROA	171	1.668595
PROA	74	PROA	172	0.046829
PROA	74	PROA	329	1.282473
PROA	74	PROA	331	0.512989
PROA	75	PROA	76	2.000000
PROA	75	PROA	77	0.421464
PROA	75	PROA	78	0.666886
PROA	75	PROA	83	0.578947
PROA	75	PROA	84	1.578947
PROA	75	PROA	85	0.520266
PROA	75	PROA	86	4.052632
PROA	75	PROA	103	0.368421
PROA	75	PROA	105	1.947452
PROA	75	PROA	166	0.069171
PROA	75	PROA	167	0.066227
PROA	75	PROA	168	1.436370
PROA	76	PROA	77	1.873172
PROA	76	PROA	78	0.615587
PROA	76	PROA	79	0.140488
PROA	76	PROA	86	1.789474
PROA	76	PROA	350	0.355409
PROA	76	PROA	353	1.358049
PROA	76	PROA	354	1.436370
PROA	77	PROA	78	3.012474
PROA	77	PROA	79	0.333333
PROA	77	PROA	139	0.044544
PROA	77	PROA	143	0.129099
PROA	77	PROA	327	1.678293
PROA	77	PROA	328	0.545545
PROA	77	PROA	329	4.746929
PROA	77	PROA	330	0.217597
PROA	78	PROA	79	2.190890
PROA	78	PROA	80	0.433861
PROA	78	PROA	83	2.924038
PROA	78	PROA	139	2.195775
PROA	78	PROA	140	1.692864
PROA	78	PROA	143	1.131371
PROA	78	PROA	145	1.397542
PROA	78	PROA	168	0.950000
PROA	78	PROA	329	0.250000
PROA	79	PROA	80	2.178325
PROA	79	PROA	139	1.514480
PROA	80	PROA	81	4.320948
PROA	80	PROA	82	3.176198
PROA	80	PROA	83	3.115923
PROA	80	PROA	135	2.128817
PROA	80	PROA	136	1.925067
PROA	80	PROA	139	3.122611
PROA	80	PROA	323	2.268713
PROA	81	PROA	82	3.933374
PROA	81	PROA	83	0.770054
PROA	81	PROA	135	0.790569
PROA	81	PROA	163	0.059235
PROA	81	PROA	164	1.816590
PROA	82	PROA	83	3.065697
PROA	82	PROA	84	0.245256
PROA	82	PROA	132	2.463174
PROA	82	PROA	135	1.200198
PROA	82	PROA	136	2.020305
PROA	82	PROA	163	1.532848
PROA	82	PROA	164	2.279212
PROA	82	PROA	165	1.410220
PROA	83	PROA	84	2.894737
PROA	83	PROA	85	0.433555
PROA	83	PROA	136	1.474087
PROA	83	PROA	139	0.901127
PROA	83	PROA	140	1.473684
PROA	83	PROA	164	1.124967
PROA	83	PROA	165	2.052632
PROA	83	PROA	168	2.154555
PROA	84	PROA	85	5.115949
PROA	84	PROA	86	0.210526
PROA	84	PROA	105	3.282848
PROA	84	PROA	106	1.920572
PROA	84	PROA	107	0.052632
PROA	84	PROA	108	0.333849
PROA	84	PROA	156	1.368421
PROA	84	PROA	164	2.347757
PROA	84	PROA	165	1.263158
PROA	84	PROA	166	3.320229
PROA	84	PROA	167	0.397360
PROA	84	PROA	168	0.820783
PROA	85	PROA	86	2.861463
PROA	85	PROA	87	0.202031
PROA	85	PROA	105	2.658426
PROA	85	PROA	106	2.618615
PROA	85	PROA	164	0.322329
PROA	86	PROA	87	3.188325
PROA	86	PROA	88	1.192079
PROA	86	PROA	89	1.631579
PROA	86	PROA	103	1.684211
PROA	86	PROA	104	0.630893
PROA	86	PROA	105	1.724886
PROA	86	PROA	106	0.132453
PROA	86	PROA	354	1.282473
PROA	87	PROA	88	4.166190
PROA	87	PROA	103	0.061314
PROA	87	PROA	104	3.006689
PROA	87	PROA	105	1.555689
PROA	87	PROA	106	2.083095
PROA	87	PROA	354	0.657376
PROA	88	PROA	89	3.774917
PROA	88	PROA	90	1.788119
PROA	88	PROA	102	0.062994
PROA	88	PROA	103	0.331133
PROA	88	PROA	104	4.185789
PROA	88	PROA	354	2.711088
PROA	89	PROA	90	3.578947
PROA	89	PROA	91	0.749269
PROA	89	PROA	101	1.032371
PROA	89	PROA	102	1.051315
PROA	89	PROA	103	2.842105
PROA	89	PROA	104	0.573539
PROA	89	PROA	351	2.820441
PROA	89	PROA	354	4.411707
PROA	89	PROA	355	0.723339
PROA	90	PROA	91	2.575611
PROA	90	PROA	101	0.573539
PROA	90	PROA	102	3.304133
PROA	90	PROA	103	0.105263
PROA	90	PROA	104	1.032371
PROA	90	PROA	355	0.389490
PROA	91	PROA	92	4.453931
PROA	91	PROA	93	0.927426
PROA	91	PROA	94	0.163663
PROA	91	PROA	98	1.237684
PROA	91	PROA	100	0.176777
PROA	91	PROA	101	1.684024
PROA	91	PROA	102	0.178174
PROA	91	PROA	347	0.093659
PROA	91	PROA	348	2.738613
PROA	91	PROA	349	0.105409
PROA	91	PROA	351	2.509506
PROA	91	PROA	352	1.871942
PROA	91	PROA	355	4.604186
PROA	92	PROA	93	5.155441
PROA	92	PROA	94	3.127071
PROA	92	PROA	97	1.380537
PROA	92	PROA	98	3.067860
PROA	92	PROA	99	0.067420
PROA	92	PROA	100	0.091287
PROA	92	PROA	348	0.070711
PROA	93	PROA	94	4.714286
PROA	93	PROA	95	0.061314
PROA	93	PROA	97	0.064820
PROA	93	PROA	348	0.298807
PROA	93	PROA	355	0.064820
PROA	94	PROA	95	2.943069
PROA	94	PROA	96	2.346223
PROA	94	PROA	97	4.342965
PROA	94	PROA	98	0.907485
PROA	94	PROA	348	0.956183
PROA	95	PROA	96	3.198684
PROA	95	PROA	97	0.612056
PROA	95	PROA	98	2.336943
PROA	95	PROA	341	0.118470
PROA	95	PROA	344	3.277077
PROA	95	PROA	345	1.658577
PROA	95	PROA	348	4.719500
PROA	96	PROA	97	3.506856
PROA	96	PROA	98	0.563602
PROA	96	PROA	99	0.220193
PROA	96	PROA	344	0.055048
PROA	97	PROA	98	2.176471
PROA	97	PROA	99	1.034175
PROA	98	PROA	99	2.533730
PROA	98	PROA	100	0.770154
PROA	98	PROA	101	1.152044
PROA	98	PROA	344	3.826449
PROA	98	PROA	347	1.112830
PROA	98	PROA	348	1.626978
PROA	98	PROA	351	0.064820
PROA	99	PROA	100	3.077287
PROA	99	PROA	101	0.106600
PROA	99	PROA	344	0.590909
PROA	100	PROA	101	3.897114
PROA	100	PROA	102	1.385870
PROA	101	PROA	102	3.382377
PROA	101	PROA	103	0.975017
PROA	101	PROA	347	0.516185
PROA	101	PROA	351	0.334077
PROA	102	PROA	103	2.302880
PROA	102	PROA	104	0.600099
PROA	103	PROA	104	3.269174
PROA	103	PROA	105	1.724886
PROA	104	PROA	105	3.516767
PROA	105	PROA	106	3.290658
PROA	105	PROA	107	0.222566
PROA	105	PROA	166	0.073127
PROA	105	PROA	167	0.070014
PROA	106	PROA	107	2.384158
PROA	106	PROA	108	0.420084
PROA	106	PROA	164	0.369274
PROA	107	PROA	108	3.783621
PROA	107	PROA	109	0.770054
PROA	108	PROA	109	2.818009
PROA	108	PROA	110	1.037126
PROA	108	PROA	156	2.948999
PROA	108	PROA	157	2.448225
PROA	108	PROA	158	2.268713
PROA	108	PROA	162	1.750350
PROA	108	PROA	163	0.834622
PROA	108	PROA	164	2.999109
PROA	109	PROA	110	3.795361
PROA	109	PROA	157	0.533114
PROA	109	PROA	158	4.140393
PROA	109	PROA	159	2.691256
PROA	109	PROA	160	0.069007
PROA	110	PROA	111	4.937707
PROA	110	PROA	114	2.450152
PROA	110	PROA	115	1.287593
PROA	110	PROA	156	0.490511
PROA	110	PROA	157	4.046720
PROA	110	PROA	158	0.642857
PROA	111	PROA	112	2.913971
PROA	111	PROA	113	1.511858
PROA	111	PROA	114	5.354480
PROA	111	PROA	115	1.192079
PROA	111	PROA	116	0.066227
PROA	111	PROA	152	0.077152
PROA	111	PROA	153	1.131505
PROA	111	PROA	155	0.860946
PROA	111	PROA	156	3.377558
PROA	111	PROA	157	2.516611
PROA	112	PROA	113	2.202755
PROA	112	PROA	114	0.538028
PROA	112	PROA	115	2.947368
PROA	112	PROA	116	3.000000
PROA	112	PROA	117	0.048912
PROA	112	PROA	121	0.421053
PROA	112	PROA	129	0.461690
PROA	112	PROA	133	0.736842
PROA	112	PROA	152	3.372266
PROA	112	PROA	153	0.138343
PROA	112	PROA	155	2.789474
PROA	112	PROA	156	0.263158
PROA	112	PROA	157	2.210526
PROA	112	PROA	163	0.684211
PROA	112	PROA	217	0.368421
PROA	112	PROA	221	1.613603
PROA	113	PROA	114	2.186638
PROA	113	PROA	115	0.400501
PROA	113	PROA	116	1.001252
PROA	113	PROA	117	2.186638
PROA	113	PROA	152	2.624453
PROA	113	PROA	153	2.763397
PROA	113	PROA	155	0.050063
PROA	113	PROA	192	0.089087
PROA	113	PROA	220	0.056344
PROA	114	PROA	115	1.809729
PROA	114	PROA	116	0.635851
PROA	114	PROA	117	1.772727
PROA	114	PROA	118	1.196586
PROA	115	PROA	116	3.000000
PROA	115	PROA	117	0.733674
PROA	115	PROA	118	2.820441
PROA	115	PROA	119	2.392584
PROA	115	PROA	121	2.368421
PROA	115	PROA	125	0.055641
PROA	115	PROA	129	1.231174
PROA	115	PROA	157	3.052632
PROA	115	PROA	224	0.122628
PROA	116	PROA	117	1.956464
PROA	116	PROA	118	0.797081
PROA	116	PROA	119	0.890264
PROA	116	PROA	121	1.894737
PROA	116	PROA	152	0.613139
PROA	116	PROA	220	1.836282
PROA	116	PROA	221	2.837716
PROA	116	PROA	224	4.353289
PROA	117	PROA	118	2.507133
PROA	117	PROA	119	0.258544
PROA	117	PROA	224	0.056980
PROA	118	PROA	119	5.055989
PROA	118	PROA	120	0.064820
PROA	119	PROA	120	4.117647
PROA	119	PROA	121	2.782074
PROA	119	PROA	122	0.292509
PROA	119	PROA	125	0.352941
PROA	119	PROA	224	0.842665
PROA	120	PROA	121	2.782074
PROA	120	PROA	122	0.292509
PROA	120	PROA	224	2.527995
PROA	121	PROA	122	3.181887
PROA	121	PROA	123	0.245256
PROA	121	PROA	125	1.057188
PROA	121	PROA	126	3.421053
PROA	121	PROA	129	1.179875
PROA	121	PROA	221	1.836169
PROA	121	PROA	224	0.490511
PROA	122	PROA	123	3.223292
PROA	122	PROA	124	2.088932
PROA	122	PROA	125	3.948871
PROA	122	PROA	126	1.867629
PROA	122	PROA	127	0.090909
PROA	123	PROA	124	3.163219
PROA	123	PROA	125	0.777844
PROA	123	PROA	126	2.881755
PROA	123	PROA	127	2.014557
PROA	123	PROA	128	0.058321
PROA	123	PROA	283	2.314550
PROA	123	PROA	285	0.170941
PROA	123	PROA	286	0.084515
PROA	123	PROA	312	1.516351
PROA	124	PROA	125	3.220644
PROA	124	PROA	126	0.860946
PROA	124	PROA	127	2.698204
PROA	124	PROA	128	0.881917
PROA	124	PROA	129	0.064550
PROA	124	PROA	316	0.881917
PROA	125	PROA	126	2.225660
PROA	125	PROA	127	0.950654
PROA	125	PROA	128	1.640694
PROA	125	PROA	129	2.006607
PROA	125	PROA	130	0.055641
PROA	125	PROA	161	0.658145
PROA	126	PROA	127	2.905201
PROA	126	PROA	128	0.450564
PROA	126	PROA	129	1.231174
PROA	126	PROA	130	1.368421
PROA	126	PROA	131	0.050063
PROA	126	PROA	218	1.000000
PROA	126	PROA	221	3.115923
PROA	126	PROA	222	1.894737
PROA	126	PROA	312	1.401753
PROA	127	PROA	128	2.763397
PROA	127	PROA	129	0.674200
PROA	127	PROA	130	1.521772
PROA	127	PROA	131	0.921132
PROA	127	PROA	132	0.073127
PROA	127	PROA	312	2.631807
PROA	127	PROA	313	2.490172
PROA	127	PROA	316	1.315903
PROA	128	PROA	129	2.195775
PROA	128	PROA	130	0.400501
PROA	128	PROA	131	1.333333
PROA	128	PROA	132	3.704793
PROA	128	PROA	133	0.050063
PROA	128	PROA	160	0.233285
PROA	128	PROA	161	2.039650
PROA	128	PROA	162	0.377964
PROA	128	PROA	313	0.050063
PROA	128	PROA	316	4.238095
PROA	129	PROA	130	1.744163
PROA	129	PROA	131	0.585540
PROA	129	PROA	132	2.874329
PROA	129	PROA	133	2.154555
PROA	129	PROA	134	0.051299
PROA	129	PROA	157	2.257152
PROA	129	PROA	158	0.119523
PROA	129	PROA	161	1.887760
PROA	129	PROA	162	0.193649
PROA	129	PROA	163	3.129234
PROA	129	PROA	221	0.650791
PROA	130	PROA	131	2.002505
PROA	130	PROA	132	0.612056
PROA	130	PROA	133	3.263158
PROA	130	PROA	134	3.000000
PROA	130	PROA	135	0.046829
PROA	130	PROA	214	1.663264
PROA	130	PROA	217	0.315789
PROA	130	PROA	218	3.631579
PROA	130	PROA	221	1.780528
PROA	130	PROA	289	1.105263
PROA	130	PROA	293	1.001547
PROA	130	PROA	307	0.072548
PROA	130	PROA	312	1.001252
PROA	130	PROA	313	1.684211
PROA	131	PROA	132	2.963834
PROA	131	PROA	133	0.500626
PROA	131	PROA	134	1.351691
PROA	131	PROA	135	1.380850
PROA	131	PROA	136	0.082479
PROA	131	PROA	308	2.953694
PROA	131	PROA	313	2.453068
PROA	131	PROA	316	2.095238
PROA	131	PROA	317	1.619048
PROA	131	PROA	318	1.007905
PROA	131	PROA	321	0.818923
PROA	132	PROA	133	2.559508
PROA	132	PROA	134	0.556415
PROA	132	PROA	135	1.188177
PROA	132	PROA	136	0.733359
PROA	132	PROA	137	0.055641
PROA	132	PROA	161	0.877527
PROA	132	PROA	162	0.980196
PROA	132	PROA	163	4.228753
PROA	133	PROA	134	2.842105
PROA	133	PROA	135	0.280976
PROA	133	PROA	136	0.867110
PROA	133	PROA	137	0.684211
PROA	133	PROA	150	0.157895
PROA	133	PROA	155	2.210526
PROA	133	PROA	163	3.315789
PROA	133	PROA	165	0.473684
PROA	133	PROA	214	1.491202
PROA	133	PROA	217	1.157895
PROA	133	PROA	221	1.057188
PROA	134	PROA	135	1.873172
PROA	134	PROA	136	0.867110
PROA	134	PROA	137	2.263158
PROA	134	PROA	138	0.733674
PROA	134	PROA	139	0.050063
PROA	134	PROA	211	0.842105
PROA	134	PROA	214	1.663264
PROA	134	PROA	289	0.315789
PROA	134	PROA	293	1.001547
PROA	134	PROA	304	2.982405
PROA	134	PROA	307	3.047000
PROA	134	PROA	308	2.263158
PROA	134	PROA	313	0.842105
PROA	135	PROA	136	2.854612
PROA	135	PROA	137	0.468293
PROA	135	PROA	138	1.392621
PROA	135	PROA	139	0.445435
PROA	135	PROA	304	0.051031
PROA	135	PROA	308	1.264391
PROA	135	PROA	321	1.532065
PROA	135	PROA	323	2.782278
PROA	136	PROA	137	2.774752
PROA	136	PROA	138	0.966988
PROA	136	PROA	139	1.732051
PROA	136	PROA	140	2.081064
PROA	136	PROA	141	0.091670
PROA	136	PROA	165	1.907642
PROA	137	PROA	138	2.152110
PROA	137	PROA	139	0.600751
PROA	137	PROA	140	3.105263
PROA	137	PROA	141	3.727980
PROA	137	PROA	142	0.069171
PROA	137	PROA	147	0.055641
PROA	137	PROA	150	0.473684
PROA	137	PROA	165	0.894737
PROA	137	PROA	210	1.986799
PROA	137	PROA	211	1.157895
PROA	137	PROA	214	0.860309
PROA	137	PROA	304	2.236803
PROA	138	PROA	139	2.326211
PROA	138	PROA	140	0.391293
PROA	138	PROA	141	0.775632
PROA	138	PROA	142	2.121320
PROA	138	PROA	143	0.067420
PROA	138	PROA	304	3.571112
PROA	138	PROA	305	2.807458
PROA	138	PROA	308	0.635851
PROA	138	PROA	321	0.061546
PROA	138	PROA	322	2.422120
PROA	138	PROA	323	0.569803
PROA	139	PROA	140	2.603256
PROA	139	PROA	141	0.370479
PROA	139	PROA	142	1.973855
PROA	139	PROA	143	1.104105
PROA	139	PROA	144	0.058321
PROA	139	PROA	323	1.982920
PROA	139	PROA	324	0.600751
PROA	139	PROA	325	2.415229
PROA	140	PROA	141	3.561055
PROA	140	PROA	142	0.968400
PROA	140	PROA	143	1.596048
PROA	140	PROA	144	0.429198
PROA	140	PROA	145	2.466219
PROA	140	PROA	146	0.473684
PROA	140	PROA	147	1.724886
PROA	140	PROA	165	1.473684
PROA	140	PROA	168	1.385071
PROA	141	PROA	142	2.559453
PROA	141	PROA	143	0.766965
PROA	141	PROA	144	0.907485
PROA	141	PROA	145	0.727607
PROA	141	PROA	146	1.557962
PROA	141	PROA	147	0.117647
PROA	141	PROA	207	4.964042
PROA	141	PROA	208	0.146254
PROA	141	PROA	210	0.980196
PROA	141	PROA	211	0.055641
PROA	141	PROA	304	0.181902
PROA	142	PROA	143	3.909197
PROA	142	PROA	144	0.966988
PROA	142	PROA	207	0.064282
PROA	142	PROA	325	2.383656
PROA	142	PROA	328	0.161165
PROA	143	PROA	144	3.718679
PROA	143	PROA	145	1.502082
PROA	143	PROA	325	2.200000
PROA	143	PROA	327	0.300000
PROA	143	PROA	328	1.183216
PROA	143	PROA	329	1.555635
PROA	144	PROA	145	3.674842
PROA	144	PROA	146	0.306570
PROA	144	PROA	172	0.054554
PROA	144	PROA	173	1.202676
PROA	144	PROA	174	2.873524
PROA	144	PROA	207	0.056980
PROA	144	PROA	328	1.928571
PROA	144	PROA	329	0.657376
PROA	144	PROA	330	0.056980
PROA	145	PROA	146	3.613298
PROA	145	PROA	147	0.545705
PROA	145	PROA	168	0.111803
PROA	145	PROA	171	1.818310
PROA	145	PROA	172	1.020621
PROA	145	PROA	173	1.312500
PROA	145	PROA	174	0.711512
PROA	145	PROA	329	1.397542
PROA	146	PROA	147	2.058735
PROA	146	PROA	148	3.559026
PROA	146	PROA	171	1.015667
PROA	146	PROA	172	1.217562
PROA	146	PROA	173	0.401478
PROA	146	PROA	174	3.845024
PROA	146	PROA	175	0.728493
PROA	146	PROA	207	1.173878
PROA	146	PROA	209	0.052632
PROA	146	PROA	210	0.066227
PROA	147	PROA	148	3.168472
PROA	147	PROA	149	0.280056
PROA	147	PROA	150	2.225660
PROA	147	PROA	154	1.490869
PROA	147	PROA	165	1.502320
PROA	147	PROA	166	0.658145
PROA	147	PROA	167	0.980196
PROA	147	PROA	168	2.386235
PROA	147	PROA	170	0.278207
PROA	147	PROA	171	2.837770
PROA	147	PROA	210	0.210042
PROA	148	PROA	149	3.064129
PROA	148	PROA	150	0.561951
PROA	148	PROA	154	0.218218
PROA	148	PROA	170	1.873172
PROA	148	PROA	171	1.032796
PROA	148	PROA	172	1.708333
PROA	148	PROA	173	0.051031
PROA	148	PROA	175	0.176777
PROA	148	PROA	178	0.346552
PROA	148	PROA	185	2.018515
PROA	148	PROA	186	0.105409
PROA	148	PROA	188	0.408248
PROA	148	PROA	205	0.089087
PROA	148	PROA	209	0.093659
PROA	148	PROA	210	0.058926
PROA	149	PROA	150	2.185478
PROA	149	PROA	151	3.631199
PROA	149	PROA	154	1.234427
PROA	149	PROA	170	2.185478
PROA	149	PROA	188	4.763140
PROA	149	PROA	189	0.091287
PROA	149	PROA	190	0.385758
PROA	150	PROA	151	3.130342
PROA	150	PROA	154	2.513871
PROA	150	PROA	155	1.947368
PROA	150	PROA	165	0.421053
PROA	150	PROA	193	0.300376
PROA	150	PROA	210	1.589439
PROA	150	PROA	213	1.106743
PROA	150	PROA	214	0.917663
PROA	150	PROA	217	1.894737
PROA	151	PROA	152	3.418817
PROA	151	PROA	153	3.021274
PROA	151	PROA	154	4.330502
PROA	151	PROA	155	0.831497
PROA	151	PROA	190	1.310547
PROA	151	PROA	193	1.721396
PROA	151	PROA	217	1.222790
PROA	152	PROA	153	3.465039
PROA	152	PROA	154	0.785714
PROA	152	PROA	155	2.145988
PROA	152	PROA	192	0.054554
PROA	152	PROA	193	1.807957
PROA	152	PROA	217	2.207302
PROA	152	PROA	220	1.863177
PROA	153	PROA	154	3.142710
PROA	153	PROA	155	0.899229
PROA	153	PROA	156	0.345857
PROA	154	PROA	155	4.230661
PROA	154	PROA	156	0.981023
PROA	154	PROA	164	0.056980
PROA	154	PROA	165	0.735767
PROA	154	PROA	166	2.739798
PROA	154	PROA	167	0.848668
PROA	155	PROA	156	2.894737
PROA	155	PROA	157	0.263158
PROA	155	PROA	163	1.578947
PROA	155	PROA	164	0.342381
PROA	155	PROA	165	2.473684
PROA	155	PROA	166	0.415029
PROA	155	PROA	217	1.578947
PROA	156	PROA	157	2.631579
PROA	156	PROA	162	0.066227
PROA	156	PROA	163	0.789474
PROA	156	PROA	164	2.347757
PROA	156	PROA	165	0.263158
PROA	156	PROA	166	2.697686
PROA	157	PROA	158	3.924092
PROA	157	PROA	159	0.122628
PROA	157	PROA	161	0.622543
PROA	157	PROA	162	0.927173
PROA	157	PROA	163	2.263158
PROA	157	PROA	164	0.244558
PROA	158	PROA	159	3.642857
PROA	158	PROA	160	2.357143
PROA	158	PROA	161	2.417469
PROA	158	PROA	162	3.626129
PROA	158	PROA	163	0.061314
PROA	159	PROA	160	3.571429
PROA	159	PROA	161	1.772811
PROA	160	PROA	161	3.948533
PROA	160	PROA	162	1.080123
PROA	161	PROA	162	3.394514
PROA	161	PROA	163	0.484200
PROA	162	PROA	163	2.516611
PROA	162	PROA	164	0.553912
PROA	163	PROA	164	3.130342
PROA	163	PROA	165	0.421053
PROA	164	PROA	165	2.347757
PROA	164	PROA	166	0.449977
PROA	165	PROA	166	3.666087
PROA	165	PROA	167	0.066227
PROA	165	PROA	168	1.692864
PROA	166	PROA	167	6.092718
PROA	166	PROA	168	0.876460
PROA	167	PROA	168	3.227486
PROA	167	PROA	169	0.981981
PROA	167	PROA	170	0.066227
PROA	168	PROA	169	3.127071
PROA	168	PROA	170	0.410391
PROA	168	PROA	171	2.899138
PROA	169	PROA	170	3.901995
PROA	169	PROA	171	1.314751
PROA	170	PROA	171	2.756810
PROA	170	PROA	172	0.702439
PROA	170	PROA	188	0.688247
PROA	171	PROA	172	3.162936
PROA	171	PROA	331	0.070711
PROA	172	PROA	173	2.653614
PROA	172	PROA	174	0.322749
PROA	172	PROA	331	0.091287
PROA	172	PROA	334	1.317616
PROA	172	PROA	336	1.649916
PROA	173	PROA	174	4.427189
PROA	173	PROA	175	0.433013
PROA	173	PROA	329	0.670820
PROA	173	PROA	330	0.319801
PROA	173	PROA	331	1.621149
PROA	174	PROA	175	4.564355
PROA	174	PROA	207	0.202260
PROA	175	PROA	176	4.937707
PROA	175	PROA	177	4.000000
PROA	175	PROA	178	1.260252
PROA	175	PROA	205	0.125988
PROA	176	PROA	177	5.554921
PROA	176	PROA	178	0.129641
PROA	176	PROA	203	0.455842
PROA	176	PROA	204	2.727412
PROA	176	PROA	205	3.149344
PROA	176	PROA	206	0.071429
PROA	177	PROA	178	4.550910
PROA	177	PROA	185	0.308607
PROA	177	PROA	202	0.087039
PROA	177	PROA	203	3.877382
PROA	177	PROA	204	0.545545
PROA	177	PROA	205	0.503953
PROA	178	PROA	185	3.176198
PROA	178	PROA	186	0.062622
PROA	178	PROA	203	0.103418
PROA	178	PROA	205	0.476331
PROA	185	PROA	186	4.071387
PROA	185	PROA	187	0.233285
PROA	185	PROA	198	2.329929
PROA	185	PROA	205	1.982920
PROA	185	PROA	209	0.183942
PROA	185	PROB	71	0.545545
PROA	186	PROA	187	2.253745
PROA	186	PROA	188	0.580948
PROA	187	PROA	188	2.727724
PROA	187	PROA	189	0.207020
PROA	187	PROA	194	2.360808
PROA	187	PROA	198	1.151440
PROA	187	PROA	199	0.793884
PROA	187	PROA	233	0.476190
PROA	187	PROB	68	2.310088
PROA	187	PROB	69	1.952442
PROA	187	PROB	71	2.182633
PROA	188	PROA	189	3.083221
PROA	188	PROA	190	2.472166
PROA	188	PROA	191	0.204124
PROA	188	PROA	194	2.500521
PROA	189	PROA	190	3.549648
PROA	189	PROA	191	1.613743
PROA	189	PROA	194	0.387298
PROA	190	PROA	191	3.327823
PROA	190	PROA	192	2.182179
PROA	190	PROA	193	1.749636
PROA	190	PROA	194	0.927426
PROA	191	PROA	192	1.708333
PROA	191	PROA	193	0.311805
PROA	191	PROA	194	3.833333
PROA	191	PROA	230	0.462910
PROA	191	PROA	231	1.566699
PROA	191	PROA	232	0.346552
PROA	191	PROA	233	0.178174
PROA	191	PROA	236	1.732758
PROA	191	PROB	68	0.263523
PROA	192	PROA	193	4.231636
PROA	192	PROA	194	0.458333
PROA	192	PROA	216	0.123091
PROA	192	PROA	220	0.052705
PROA	192	PROA	226	2.618615
PROA	192	PROA	228	1.369306
PROA	192	PROA	229	1.418416
PROA	192	PROA	230	1.002972
PROA	192	PROA	231	1.392621
PROA	192	PROA	236	1.485221
PROA	193	PROA	194	1.781742
PROA	193	PROA	195	0.276026
PROA	193	PROA	209	0.050063
PROA	193	PROA	212	0.356348
PROA	193	PROA	213	2.039650
PROA	193	PROA	216	1.842265
PROA	193	PROA	217	0.901127
PROA	193	PROA	220	0.901498
PROA	193	PROA	226	0.174964
PROA	193	PROA	228	0.048795
PROA	193	PROA	236	0.052926
PROA	194	PROA	195	2.581989
PROA	194	PROA	196	0.218218
PROA	194	PROA	198	1.826342
PROA	194	PROA	199	1.386207
PROA	194	PROA	212	0.541667
PROA	194	PROA	233	0.044544
PROA	194	PROA	236	0.346552
PROA	194	PROA	240	0.374634
PROA	194	PROB	68	0.105409
PROA	195	PROA	196	4.817379
PROA	195	PROA	197	4.164133
PROA	195	PROA	198	2.466619
PROA	195	PROA	199	0.843661
PROA	195	PROA	209	2.176429
PROA	195	PROA	212	3.292036
PROA	195	PROA	240	0.217643
PROA	195	PROA	301	0.968246
PROA	196	PROA	197	4.278406
PROA	196	PROA	198	0.613139
PROA	196	PROA	199	1.685330
PROA	196	PROA	200	2.023360
PROA	196	PROA	201	0.285714
PROA	196	PROA	212	2.127624
PROA	196	PROA	237	0.551825
PROA	196	PROA	240	2.023360
PROA	196	PROA	296	2.450219
PROA	196	PROA	301	0.600099
PROA	197	PROA	198	4.087207
PROA	197	PROA	199	0.751469
PROA	197	PROA	200	0.947758
PROA	197	PROA	201	2.829269
PROA	197	PROA	205	2.084714
PROA	197	PROA	206	0.276026
PROA	197	PROA	208	0.155700
PROA	197	PROA	209	1.599342
PROA	197	PROA	296	0.057735
PROA	197	PROA	298	0.828079
PROA	197	PROA	301	1.317616
PROA	197	PROB	71	0.052705
PROA	198	PROA	199	3.115923
PROA	198	PROA	200	0.526316
PROA	198	PROA	201	0.735767
PROA	198	PROA	205	2.453068
PROA	198	PROA	209	1.421053
PROA	198	PROA	233	0.050063
PROA	198	PROB	71	1.451708
PROA	199	PROA	200	3.561055
PROA	199	PROA	201	0.583383
PROA	199	PROA	233	4.498677
PROA	199	PROA	236	1.176471
PROA	199	PROA	237	2.782074
PROA	199	PROA	240	0.111283
PROA	199	PROB	71	1.287192
PROA	200	PROA	201	3.740150
PROA	200	PROA	233	0.600751
PROA	200	PROA	237	2.947368
PROA	200	PROA	255	0.315789
PROA	200	PROA	257	0.858395
PROA	200	PROA	260	2.756810
PROA	200	PROA	263	0.450564
PROA	200	PROA	264	1.368421
PROA	200	PROA	296	0.359092
PROA	200	PROB	71	1.404879
PROA	200	PROB	73	1.594162
PROA	201	PROA	202	3.062127
PROA	201	PROA	203	0.968665
PROA	201	PROA	205	1.632993
PROA	201	PROA	255	1.778104
PROA	201	PROA	256	1.594162
PROA	201	PROA	257	2.857143
PROA	201	PROA	260	0.676123
PROA	201	PROB	71	2.345842
PROA	202	PROA	203	4.114076
PROA	202	PROA	205	1.381699
PROA	202	PROA	256	0.069171
PROA	202	PROA	257	0.161165
PROA	202	PROB	69	0.069171
PROA	202	PROB	70	0.363636
PROA	202	PROB	71	2.584921
PROA	203	PROA	204	3.626203
PROA	203	PROA	205	1.302678
PROA	203	PROA	256	1.076055
PROA	204	PROA	205	3.464102
PROA	204	PROA	206	0.606092
PROA	204	PROA	256	0.260133
PROA	205	PROA	206	3.149344
PROA	205	PROA	209	1.151440
PROA	205	PROB	71	0.668153
PROA	206	PROA	207	2.621093
PROA	206	PROA	208	3.626203
PROA	206	PROA	209	2.023360
PROA	206	PROA	298	2.357143
PROA	206	PROA	299	0.972306
PROA	206	PROA	301	0.272772
PROA	207	PROA	208	2.378450
PROA	207	PROA	209	0.391293
PROA	207	PROA	210	0.246183
PROA	207	PROA	211	0.342381
PROA	207	PROA	303	0.055048
PROA	208	PROA	209	2.974372
PROA	208	PROA	210	1.131505
PROA	208	PROA	211	3.389401
PROA	208	PROA	212	0.861640
PROA	208	PROA	213	0.090909
PROA	208	PROA	298	1.853393
PROA	208	PROA	301	3.938928
PROA	208	PROA	302	0.069171
PROA	208	PROA	303	0.077850
PROA	209	PROA	210	3.841144
PROA	209	PROA	211	0.578947
PROA	209	PROA	212	1.311220
PROA	209	PROA	213	1.660115
PROA	209	PROA	214	0.057354
PROA	209	PROA	301	0.655610
PROA	210	PROA	211	2.516611
PROA	210	PROA	212	1.001735
PROA	210	PROA	213	4.438980
PROA	210	PROA	214	2.020726
PROA	210	PROA	215	0.109109
PROA	211	PROA	212	1.966830
PROA	211	PROA	213	0.830057
PROA	211	PROA	214	2.294157
PROA	211	PROA	215	0.867110
PROA	211	PROA	216	0.069171
PROA	211	PROA	292	0.048912
PROA	211	PROA	293	3.561055
PROA	211	PROA	294	0.052632
PROA	211	PROA	301	1.123903
PROA	211	PROA	302	2.157895
PROA	211	PROA	303	0.829288
PROA	211	PROA	304	2.466219
PROA	211	PROA	307	0.362738
PROA	212	PROA	213	3.385016
PROA	212	PROA	214	0.663403
PROA	212	PROA	215	1.311578
PROA	212	PROA	216	1.723281
PROA	212	PROA	217	0.046829
PROA	212	PROA	228	1.323663
PROA	212	PROA	240	1.873172
PROA	212	PROA	244	0.983415
PROA	212	PROA	293	0.841625
PROA	212	PROA	294	4.167807
PROA	212	PROA	295	0.763763
PROA	212	PROA	296	0.730297
PROA	212	PROA	301	2.958333
PROA	213	PROA	214	3.844270
PROA	213	PROA	215	1.481487
PROA	213	PROA	216	3.181818
PROA	213	PROA	217	1.729286
PROA	213	PROA	218	0.069171
PROA	214	PROA	215	3.685154
PROA	214	PROA	216	0.904534
PROA	214	PROA	217	3.097112
PROA	214	PROA	218	1.032371
PROA	214	PROA	219	0.079057
PROA	214	PROA	293	1.212678
PROA	215	PROA	216	3.874660
PROA	215	PROA	217	1.213954
PROA	215	PROA	218	2.861463
PROA	215	PROA	219	1.434274
PROA	215	PROA	220	0.097590
PROA	215	PROA	227	0.173422
PROA	215	PROA	290	1.994353
PROA	215	PROA	293	2.750095
PROA	215	PROA	294	2.341197
PROA	216	PROA	217	2.974372
PROA	216	PROA	218	0.691714
PROA	216	PROA	219	2.192964
PROA	216	PROA	220	1.167748
PROA	216	PROA	221	0.073127
PROA	216	PROA	227	2.351829
PROA	216	PROA	228	0.606780
PROA	216	PROA	290	0.138343
PROA	216	PROA	294	1.521772
PROA	217	PROA	218	2.157895
PROA	217	PROA	219	0.798024
PROA	217	PROA	220	1.658577
PROA	217	PROA	221	2.503867
PROA	217	PROA	222	0.052632
PROA	218	PROA	219	3.047000
PROA	218	PROA	220	0.710819
PROA	218	PROA	221	2.114377
PROA	218	PROA	222	3.210526
PROA	218	PROA	223	0.069171
PROA	218	PROA	286	2.611715
PROA	218	PROA	289	1.473684
PROA	218	PROA	290	2.736842
PROA	218	PROA	293	0.556415
PROA	218	PROA	312	0.750939
PROA	219	PROA	220	3.592585
PROA	219	PROA	221	1.073751
PROA	219	PROA	222	2.539167
PROA	219	PROA	223	1.525540
PROA	219	PROA	224	0.169031
PROA	219	PROA	225	0.193649
PROA	219	PROA	227	3.627381
PROA	219	PROA	279	0.424264
PROA	219	PROA	290	2.539167
PROA	219	PROA	294	0.362738
PROA	220	PROA	221	2.943254
PROA	220	PROA	222	0.473879
PROA	220	PROA	223	1.401298
PROA	220	PROA	224	1.725164
PROA	220	PROA	225	2.002776
PROA	220	PROA	226	2.553243
PROA	220	PROA	227	0.414644
PROA	221	PROA	222	2.114377
PROA	221	PROA	223	0.658145
PROA	221	PROA	224	0.648204
PROA	222	PROA	223	3.251058
PROA	222	PROA	224	0.429198
PROA	222	PROA	279	0.461690
PROA	222	PROA	282	2.466619
PROA	222	PROA	283	0.132453
PROA	222	PROA	286	2.248976
PROA	222	PROA	287	1.105263
PROA	222	PROA	290	0.526316
PROA	222	PROA	312	0.150188
PROA	223	PROA	224	3.867950
PROA	223	PROA	225	2.892650
PROA	223	PROA	279	1.550660
PROA	224	PROA	225	3.055050
PROA	224	PROA	226	0.071429
PROA	225	PROA	226	3.109605
PROA	225	PROA	227	0.234146
PROA	226	PROA	227	2.329929
PROA	226	PROA	228	1.075706
PROA	226	PROA	229	1.214286
PROA	227	PROA	228	5.027294
PROA	227	PROA	229	0.551825
PROA	227	PROA	239	0.055641
PROA	227	PROA	243	0.631579
PROA	227	PROA	275	1.030244
PROA	227	PROA	278	0.052632
PROA	227	PROA	279	0.769484
PROA	227	PROA	290	0.684211
PROA	227	PROA	294	1.263158
PROA	228	PROA	229	4.123539
PROA	228	PROA	230	0.676123
PROA	228	PROA	236	1.789676
PROA	228	PROA	239	1.572746
PROA	228	PROA	240	2.924038
PROA	228	PROA	243	0.872082
PROA	228	PROA	244	0.359092
PROA	228	PROA	275	0.045644
PROA	228	PROA	294	0.820783
PROA	229	PROA	230	4.848732
PROA	229	PROA	231	0.740744
PROA	229	PROA	236	0.842665
PROA	229	PROA	239	3.500300
PROA	230	PROA	231	3.465039
PROA	230	PROA	232	0.916698
PROA	230	PROA	235	1.200198
PROA	230	PROA	236	4.858502
PROA	230	PROA	239	1.741727
PROA	231	PROA	232	2.792274
PROA	231	PROA	233	0.139573
PROA	231	PROA	235	0.246183
PROA	231	PROA	236	0.155126
PROA	232	PROA	233	2.328727
PROA	232	PROA	234	0.612056
PROA	232	PROA	235	2.450490
PROA	232	PROA	236	0.823529
PROA	232	PROA	237	0.055641
PROA	233	PROA	234	3.954947
PROA	233	PROA	235	0.566947
PROA	233	PROA	236	1.164363
PROA	233	PROA	237	1.351691
PROA	233	PROA	238	0.058321
PROA	233	PROB	68	2.817181
PROA	233	PROB	71	0.712697
PROA	233	PROB	72	0.222718
PROA	233	PROB	73	1.807957
PROA	233	PROB	76	1.702129
PROA	234	PROA	235	2.582838
PROA	234	PROA	236	0.834622
PROA	234	PROA	237	2.736842
PROA	234	PROA	238	1.532848
PROA	234	PROA	239	0.055641
PROA	234	PROA	263	0.600751
PROA	234	PROB	73	1.532848
PROA	234	PROB	76	1.842105
PROA	234	PROB	77	1.962046
PROA	234	PROB	80	2.122096
PROA	235	PROA	236	2.730546
PROA	235	PROA	237	0.596040
PROA	235	PROA	238	2.237399
PROA	235	PROA	239	1.820364
PROA	235	PROA	240	0.066227
PROA	236	PROA	237	2.225660
PROA	236	PROA	238	0.777844
PROA	236	PROA	239	2.000000
PROA	236	PROA	240	1.613603
PROA	237	PROA	238	2.759127
PROA	237	PROA	239	0.500773
PROA	237	PROA	240	1.684211
PROA	237	PROA	241	1.526316
PROA	237	PROA	242	0.086711
PROA	237	PROA	263	1.151440
PROA	237	PROA	264	0.105263
PROA	237	PROB	73	0.919709
PROA	238	PROA	239	2.268713
PROA	238	PROA	240	0.735767
PROA	238	PROA	241	1.594162
PROA	238	PROA	242	0.808122
PROA	239	PROA	240	2.503867
PROA	239	PROA	241	0.612056
PROA	239	PROA	242	1.558387
PROA	239	PROA	243	0.500773
PROA	240	PROA	241	2.894737
PROA	240	PROA	242	1.040532
PROA	240	PROA	243	0.789474
PROA	240	PROA	244	1.894737
PROA	240	PROA	245	0.086711
PROA	240	PROA	296	0.256495
PROA	241	PROA	242	3.034885
PROA	241	PROA	243	0.736842
PROA	241	PROA	244	0.842105
PROA	241	PROA	245	3.034885
PROA	241	PROA	246	0.415029
PROA	241	PROA	247	1.655476
PROA	241	PROA	263	0.050063
PROA	241	PROA	264	1.000000
PROA	241	PROA	267	1.000000
PROA	241	PROA	270	1.809729
PROA	241	PROA	296	0.102598
PROA	242	PROA	243	3.728573
PROA	242	PROA	244	0.606977
PROA	242	PROA	245	0.857143
PROA	242	PROA	270	0.402911
PROA	242	PROA	273	0.661438
PROA	243	PROA	244	4.315789
PROA	243	PROA	245	0.693688
PROA	243	PROA	272	0.831497
PROA	243	PROA	273	3.441236
PROA	243	PROA	275	1.498537
PROA	243	PROA	278	2.421053
PROA	244	PROA	245	3.208307
PROA	244	PROA	246	0.276686
PROA	244	PROA	272	2.934696
PROA	244	PROA	273	0.114708
PROA	244	PROA	275	0.702439
PROA	244	PROA	294	1.684211
PROA	244	PROA	295	0.183942
PROA	244	PROA	296	1.077277
PROA	245	PROA	246	3.532778
PROA	245	PROA	247	0.707107
PROA	245	PROA	270	2.981545
PROA	245	PROA	271	1.010153
PROA	245	PROA	272	1.128152
PROA	246	PROA	247	4.673773
PROA	246	PROA	248	0.545455
PROA	246	PROA	267	0.138343
PROA	246	PROA	268	0.322329
PROA	246	PROA	269	2.193817
PROA	246	PROA	270	3.149839
PROA	246	PROA	271	0.241747
PROA	247	PROA	248	2.981545
PROA	247	PROA	249	0.129641
PROA	247	PROA	251	1.157275
PROA	247	PROA	252	2.575185
PROA	247	PROA	255	0.122628
PROA	247	PROA	264	1.778104
PROA	247	PROA	296	3.227117
PROA	248	PROA	249	2.925090
PROA	248	PROA	250	1.479148
PROA	248	PROA	251	4.264903
PROA	248	PROA	252	1.521772
PROA	248	PROA	253	0.080582
PROA	248	PROA	296	0.067420
PROA	248	PROA	300	0.192847
PROA	249	PROA	250	2.191785
PROA	249	PROA	251	0.700140
PROA	249	PROA	252	3.449772
PROA	249	PROA	253	1.231587
PROA	249	PROA	265	1.724886
PROA	250	PROA	251	4.099458
PROA	250	PROA	252	0.533114
PROA	250	PROA	253	2.001190
PROA	250	PROA	254	1.712698
PROA	250	PROA	297	0.483046
PROA	250	PROA	300	2.312024
PROA	251	PROA	252	2.715291
PROA	251	PROA	253	0.848668
PROA	251	PROA	254	2.698204
PROA	251	PROA	255	0.794719
PROA	251	PROA	296	1.420094
PROA	251	PROA	297	3.934735
PROA	251	PROA	300	1.907918
PROA	252	PROA	253	2.881755
PROA	252	PROA	254	0.968400
PROA	252	PROA	255	2.842105
PROA	252	PROA	261	2.200977
PROA	252	PROA	264	2.000000
PROA	252	PROA	265	2.684211
PROA	252	PROA	296	0.205196
PROA	253	PROA	254	3.465039
PROA	253	PROA	255	1.103651
PROA	253	PROA	261	3.000496
PROA	254	PROA	255	3.320229
PROA	254	PROA	256	0.484200
PROA	254	PROA	297	1.531064
PROA	254	PROA	298	0.080582
PROA	254	PROA	299	0.292509
PROA	255	PROA	256	2.526316
PROA	255	PROA	257	2.268616
PROA	255	PROA	260	2.539167
PROA	255	PROA	261	3.090733
PROA	255	PROA	264	0.894737
PROA	255	PROA	296	0.769484
PROA	256	PROA	257	3.372266
PROA	256	PROA	258	0.210526
PROA	256	PROA	261	0.093659
PROA	257	PROA	258	2.575185
PROA	257	PROA	259	2.621093
PROA	257	PROA	260	4.141256
PROA	257	PROA	261	0.818317
PROA	257	PROB	71	0.709208
PROA	257	PROB	72	0.163663
PROA	257	PROB	73	0.071429
PROA	258	PROA	259	3.081431
PROA	258	PROA	260	1.015667
PROA	258	PROA	261	2.528782
PROA	258	PROA	262	3.433580
PROA	258	PROA	263	0.050063
PROA	259	PROA	260	2.494539
PROA	259	PROA	261	0.435194
PROA	259	PROA	262	1.310547
PROA	259	PROA	263	0.651339
PROA	259	PROA	264	0.048912
PROA	259	PROB	16	0.056980
PROA	259	PROB	19	1.661735
PROA	259	PROB	71	0.043519
PROA	259	PROB	72	3.742670
PROA	259	PROB	73	0.227921
PROA	259	PROB	74	0.246183
PROA	260	PROA	261	3.098387
PROA	260	PROA	262	0.845154
PROA	260	PROA	263	2.001190
PROA	260	PROA	264	2.176429
PROA	260	PROA	265	0.072548
PROA	260	PROB	73	0.253546
PROA	261	PROA	262	2.727724
PROA	261	PROA	263	0.623610
PROA	261	PROA	264	1.123903
PROA	261	PROA	265	0.842927
PROA	261	PROA	266	0.061546
PROA	262	PROA	263	2.157884
PROA	262	PROA	264	0.490511
PROA	262	PROA	265	0.858395
PROA	262	PROA	266	0.644658
PROA	263	PROA	264	3.904884
PROA	263	PROA	265	0.350438
PROA	263	PROA	266	0.723747
PROA	263	PROA	267	1.001252
PROA	263	PROB	73	3.207665
PROA	263	PROB	74	2.078805
PROA	263	PROB	77	0.641533
PROA	264	PROA	265	2.105263
PROA	264	PROA	266	0.760886
PROA	264	PROA	267	3.000000
PROA	264	PROA	296	0.564288
PROA	265	PROA	266	3.527744
PROA	265	PROA	267	0.684211
PROA	265	PROA	269	0.111283
PROA	266	PROA	267	3.043544
PROA	266	PROA	268	0.402911
PROA	267	PROA	268	4.108034
PROA	267	PROA	269	0.333849
PROA	267	PROA	270	0.978232
PROA	268	PROA	269	2.203893
PROA	268	PROA	270	1.823369
PROA	269	PROA	270	2.688856
PROA	270	PROA	271	2.564113
PROA	270	PROA	272	0.136364
PROA	271	PROA	272	2.621093
PROA	271	PROA	273	0.334077
PROA	272	PROA	273	3.357911
PROA	272	PROA	274	0.569803
PROA	272	PROA	275	1.349102
PROA	272	PROA	291	1.661735
PROA	273	PROA	274	4.342995
PROA	273	PROA	275	0.255155
PROA	273	PROA	277	0.408248
PROA	273	PROA	278	2.466219
PROA	274	PROA	275	1.909407
PROA	274	PROA	276	1.571429
PROA	274	PROA	277	3.873368
PROA	274	PROA	278	0.613139
PROA	275	PROA	276	2.073070
PROA	275	PROA	277	0.500000
PROA	275	PROA	278	2.294635
PROA	275	PROA	279	1.825742
PROA	275	PROA	287	2.154147
PROA	275	PROA	290	2.622440
PROA	275	PROA	291	3.123055
PROA	275	PROA	294	1.732684
PROA	276	PROA	277	2.345842
PROA	276	PROA	278	0.613139
PROA	276	PROA	279	1.195229
PROA	276	PROA	280	0.928571
PROA	276	PROA	287	1.410220
PROA	277	PROA	278	1.826342
PROA	277	PROA	279	0.365148
PROA	277	PROA	280	0.545545
PROA	278	PROA	279	4.565604
PROA	278	PROA	280	0.674453
PROA	279	PROA	280	3.525924
PROA	279	PROA	281	0.478091
PROA	279	PROA	282	2.050610
PROA	279	PROA	287	2.359750
PROA	279	PROA	290	0.615587
PROA	280	PROA	281	5.214286
PROA	280	PROA	282	0.591608
PROA	281	PROA	282	3.887710
PROA	281	PROA	283	0.308607
PROA	282	PROA	283	3.742771
PROA	282	PROA	284	0.572078
PROA	282	PROA	286	0.300000
PROA	282	PROA	287	2.176429
PROA	283	PROA	284	3.829708
PROA	283	PROA	285	3.508107
PROA	283	PROA	286	2.556039
PROA	283	PROA	287	1.059626
PROA	283	PROA	312	0.755929
PROA	284	PROA	285	2.892710
PROA	284	PROA	286	0.858116
PROA	284	PROA	287	2.836029
PROA	284	PROA	288	1.392621
PROA	285	PROA	286	2.292280
PROA	285	PROA	287	0.489116
PROA	285	PROA	288	1.846372
PROA	285	PROA	289	0.586939
PROA	285	PROA	290	0.048912
PROA	285	PROA	311	1.025645
PROA	285	PROA	312	3.489316
PROA	285	PROA	314	0.055048
PROA	286	PROA	287	3.554834
PROA	286	PROA	288	1.186732
PROA	286	PROA	289	1.523500
PROA	286	PROA	290	1.015667
PROA	286	PROA	312	4.554433
PROA	287	PROA	288	2.251705
PROA	287	PROA	289	0.473684
PROA	287	PROA	290	2.631579
PROA	287	PROA	291	0.662266
PROA	288	PROA	289	3.046424
PROA	288	PROA	290	0.927173
PROA	288	PROA	291	1.750000
PROA	288	PROA	292	2.892650
PROA	288	PROA	310	0.700140
PROA	289	PROA	290	2.263158
PROA	289	PROA	291	0.728493
PROA	289	PROA	292	1.565171
PROA	289	PROA	293	3.505414
PROA	289	PROA	302	1.736842
PROA	289	PROA	307	2.684262
PROA	289	PROA	310	1.836169
PROA	289	PROA	312	1.852317
PROA	289	PROA	313	1.000000
PROA	290	PROA	291	2.913971
PROA	290	PROA	292	0.635851
PROA	290	PROA	293	1.724886
PROA	290	PROA	294	3.315789
PROA	291	PROA	292	3.446562
PROA	291	PROA	293	0.910182
PROA	291	PROA	294	1.258306
PROA	291	PROA	295	0.848668
PROA	292	PROA	293	1.913224
PROA	292	PROA	294	0.489116
PROA	292	PROA	295	1.139606
PROA	292	PROA	300	0.045455
PROA	292	PROA	301	0.435194
PROA	292	PROA	302	3.374900
PROA	292	PROA	310	1.189302
PROA	293	PROA	294	3.060282
PROA	293	PROA	295	0.907485
PROA	293	PROA	301	1.089162
PROA	293	PROA	302	2.336943
PROA	293	PROA	307	0.997054
PROA	294	PROA	295	2.697813
PROA	294	PROA	296	0.256495
PROA	294	PROA	301	0.421464
PROA	295	PROA	296	2.509980
PROA	295	PROA	297	2.285714
PROA	295	PROA	300	2.792034
PROA	295	PROA	301	4.091585
PROA	295	PROA	302	0.061314
PROA	296	PROA	297	3.346640
PROA	296	PROA	298	0.597614
PROA	296	PROA	301	0.730297
PROA	297	PROA	298	4.428571
PROA	297	PROA	299	2.139072
PROA	297	PROA	300	5.242187
PROA	297	PROA	301	1.036535
PROA	298	PROA	299	4.213324
PROA	298	PROA	300	0.683763
PROA	298	PROA	301	4.309803
PROA	299	PROA	300	2.533730
PROA	299	PROA	301	0.495074
PROA	300	PROA	301	1.914854
PROA	300	PROA	302	0.146735
PROA	301	PROA	302	2.388294
PROA	301	PROA	303	0.210819
PROA	302	PROA	303	3.909503
PROA	302	PROA	304	0.114708
PROA	302	PROA	306	1.891811
PROA	302	PROA	307	2.901905
PROA	302	PROA	310	1.557962
PROA	303	PROA	304	3.098387
PROA	303	PROA	305	1.000000
PROA	303	PROA	306	4.070458
PROA	303	PROA	307	1.224745
PROA	303	PROA	308	0.059235
PROA	304	PROA	305	4.131182
PROA	304	PROA	306	0.788241
PROA	304	PROA	307	2.292651
PROA	304	PROA	308	0.975017
PROA	305	PROA	306	2.630142
PROA	305	PROA	307	0.816497
PROA	305	PROA	308	2.250926
PROA	305	PROA	309	0.653197
PROA	305	PROA	317	0.056344
PROA	305	PROA	322	0.066667
PROA	306	PROA	307	2.837770
PROA	306	PROA	308	0.778981
PROA	306	PROA	309	1.380537
PROA	306	PROA	310	1.176471
PROA	307	PROA	308	2.901905
PROA	307	PROA	309	0.900000
PROA	307	PROA	310	2.147502
PROA	307	PROA	313	0.870572
PROA	308	PROA	309	2.974453
PROA	308	PROA	310	0.890264
PROA	308	PROA	313	1.421053
PROA	308	PROA	317	2.102630
PROA	309	PROA	310	3.144556
PROA	309	PROA	311	0.422577
PROA	309	PROA	317	3.864367
PROA	310	PROA	311	4.278145
PROA	310	PROA	312	1.270215
PROA	310	PROA	313	0.945905
PROA	310	PROA	314	0.125245
PROA	311	PROA	312	2.391169
PROA	311	PROA	313	0.735767
PROA	311	PROA	314	2.553243
PROA	312	PROA	313	5.156450
PROA	312	PROA	314	0.619780
PROA	312	PROA	315	0.052926
PROA	313	PROA	314	2.132456
PROA	313	PROA	315	0.500773
PROA	313	PROA	316	1.051315
PROA	313	PROA	317	0.901127
PROA	314	PROA	315	4.383570
PROA	314	PROA	316	0.563436
PROA	314	PROA	317	0.957841
PROA	315	PROA	316	2.646281
PROA	315	PROA	317	0.370479
PROA	316	PROA	317	1.714286
PROA	316	PROA	318	0.314970
PROA	317	PROA	318	3.590662
PROA	317	PROA	319	3.499271
PROA	318	PROA	319	4.551949
PROA	318	PROA	320	2.263010
PROA	318	PROA	321	3.583333
PROA	319	PROA	320	4.109697
PROA	319	PROA	321	0.771517
PROA	320	PROA	321	3.133398
PROA	320	PROA	322	0.311400
PROA	321	PROA	322	2.906888
PROA	321	PROA	323	1.080123
PROA	322	PROA	323	5.244498
PROA	322	PROA	324	1.717812
PROA	322	PROA	325	0.081650
PROA	323	PROA	324	2.391243
PROA	323	PROA	325	0.507093
PROA	324	PROA	325	2.974453
PROA	324	PROA	326	2.369396
PROA	325	PROA	326	4.000833
PROA	325	PROA	327	1.100000
PROA	326	PROA	327	3.265986
PROA	326	PROA	328	0.138013
PROA	327	PROA	328	5.493503
PROA	327	PROA	329	0.353553
PROA	328	PROA	329	2.330696
PROA	328	PROA	330	0.797724
PROA	329	PROA	330	3.432465
PROA	329	PROA	331	1.650000
PROA	330	PROA	331	2.335983
PROA	330	PROA	332	0.246183
PROA	331	PROA	332	2.904738
PROA	331	PROA	333	1.735444
PROA	331	PROA	334	0.461880
PROA	331	PROA	335	1.487669
PROA	332	PROA	333	3.780756
PROA	332	PROA	350	0.074536
PROA	333	PROA	334	3.193744
PROA	333	PROA	335	0.945905
PROA	333	PROA	338	3.171565
PROA	333	PROA	342	0.930758
PROA	333	PROA	346	0.723339
PROA	334	PROA	335	3.139449
PROA	334	PROA	336	2.832353
PROA	334	PROA	337	0.223607
PROA	334	PROA	338	0.533114
PROA	335	PROA	336	2.582838
PROA	335	PROA	337	0.529813
PROA	335	PROA	338	3.421053
PROA	335	PROA	343	1.210526
PROA	335	PROA	346	0.736842
PROA	336	PROA	337	3.416667
PROA	336	PROA	338	0.728493
PROA	337	PROA	338	3.112651
PROA	337	PROA	339	0.694365
PROA	338	PROA	339	4.046720
PROA	338	PROA	340	0.195646
PROA	338	PROA	342	1.271702
PROA	338	PROA	343	2.842105
PROA	338	PROA	346	1.368421
PROA	339	PROA	340	2.279212
PROA	339	PROA	341	1.656157
PROA	339	PROA	342	1.994310
PROA	339	PROA	343	1.471534
PROA	339	PROA	344	0.056980
PROA	340	PROA	341	2.477168
PROA	340	PROA	342	0.454545
PROA	340	PROA	343	2.739050
PROA	340	PROA	344	0.590909
PROA	340	PROA	345	0.055048
PROA	341	PROA	342	2.036783
PROA	341	PROA	343	0.710819
PROA	341	PROA	344	1.266108
PROA	341	PROA	345	0.933333
PROA	341	PROA	346	0.059235
PROA	342	PROA	343	2.249934
PROA	342	PROA	344	0.636364
PROA	342	PROA	345	3.963470
PROA	342	PROA	346	4.402044
PROA	342	PROA	347	0.048912
PROA	342	PROA	349	0.110096
PROA	343	PROA	344	2.152110
PROA	343	PROA	345	0.651584
PROA	343	PROA	346	2.263158
PROA	343	PROA	347	0.894737
PROA	344	PROA	345	2.367072
PROA	344	PROA	346	0.538028
PROA	344	PROA	347	1.418436
PROA	344	PROA	348	0.762770
PROA	345	PROA	346	2.843275
PROA	345	PROA	347	0.770054
PROA	345	PROA	348	2.655811
PROA	345	PROA	349	1.866667
PROA	345	PROA	350	0.066667
PROA	346	PROA	347	2.210526
PROA	346	PROA	348	0.564288
PROA	346	PROA	349	1.125463
PROA	346	PROA	350	2.191691
PROA	346	PROA	351	0.061314
PROA	347	PROA	348	2.462348
PROA	347	PROA	349	0.473879
PROA	347	PROA	350	0.947758
PROA	347	PROA	351	3.310952
PROA	347	PROA	352	0.072548
PROA	348	PROA	349	2.655811
PROA	348	PROA	350	0.404145
PROA	348	PROA	351	1.434274
PROA	348	PROA	352	0.707107
PROA	349	PROA	350	3.133333
PROA	349	PROA	351	0.966092
PROA	349	PROA	352	1.959592
PROA	349	PROA	353	0.052705
PROA	350	PROA	351	2.967282
PROA	350	PROA	352	0.898146
PROA	350	PROA	353	0.685160
PROA	350	PROA	354	0.115470
PROA	351	PROA	352	3.465132
PROA	351	PROA	353	0.818317
PROA	351	PROA	354	2.151411
PROA	351	PROA	355	1.426048
PROA	352	PROA	353	2.517439
PROA	352	PROA	354	0.919239
PROA	352	PROA	355	2.914467
PROA	352	PROA	358	0.276026
PROA	353	PROA	354	3.149405
PROA	353	PROA	355	0.643596
PROA	353	PROA	358	4.365267
PROA	354	PROA	355	3.633585
PROA	354	PROA	356	0.478091
PROA	355	PROA	356	3.824402
PROA	355	PROA	357	0.550019
PROA	355	PROA	358	0.370479
PROA	356	PROA	357	3.030458
PROA	356	PROA	358	0.408248
PROA	357	PROA	358	2.804273
PROA	357	PROA	359	0.462910
PROA	358	PROA	359	3.162591
PROA	358	PROA	360	0.125988
PROA	359	PROA	360	3.123055
PROB	1	PROB	2	2.684377
PROB	1	PROB	3	0.500979
PROB	1	PROB	4	2.064099
PROB	1	PROB	5	0.733359
PROB	1	PROB	6	0.064820
PROB	1	PROB	56	0.070014
PROB	1	PROB	57	1.913224
PROB	2	PROB	3	3.919184
PROB	2	PROB	4	0.759072
PROB	2	PROB	5	1.314751
PROB	2	PROB	6	1.690309
PROB	2	PROB	7	0.072548
PROB	3	PROB	4	2.310088
PROB	3	PROB	5	0.780720
PROB	3	PROB	6	2.346223
PROB	3	PROB	7	0.770054
PROB	3	PROB	82	1.464934
PROB	3	PROB	86	3.162936
PROB	4	PROB	5	3.381623
PROB	4	PROB	6	0.874818
PROB	4	PROB	7	2.002505
PROB	4	PROB	8	3.053820
PROB	4	PROB	9	0.052926
PROB	4	PROB	50	1.014185
PROB	4	PROB	55	1.151440
PROB	4	PROB	56	2.078805
PROB	4	PROB	57	3.814985
PROB	4	PROB	60	0.500626
PROB	4	PROB	82	1.666667
PROB	5	PROB	6	3.434519
PROB	5	PROB	7	1.213954
PROB	5	PROB	8	2.427908
PROB	5	PROB	9	1.466718
PROB	6	PROB	7	2.452557
PROB	6	PROB	8	0.551825
PROB	6	PROB	9	1.361228
PROB	6	PROB	10	1.080123
PROB	6	PROB	11	0.061314
PROB	7	PROB	8	2.947368
PROB	7	PROB	9	0.667698
PROB	7	PROB	10	1.655665
PROB	7	PROB	11	2.947368
PROB	7	PROB	12	0.061314
PROB	7	PROB	60	1.578947
PROB	7	PROB	63	0.315789
PROB	7	PROB	78	1.001547
PROB	7	PROB	79	1.089725
PROB	7	PROB	82	4.055072
PROB	8	PROB	9	2.559508
PROB	8	PROB	10	0.596040
PROB	8	PROB	11	2.947368
PROB	8	PROB	12	1.348907
PROB	8	PROB	13	0.061314
PROB	8	PROB	43	0.207514
PROB	8	PROB	46	4.822098
PROB	8	PROB	55	1.315789
PROB	8	PROB	60	0.052632
PROB	8	PROB	63	0.210526
PROB	9	PROB	10	2.450490
PROB	9	PROB	11	0.890264
PROB	9	PROB	12	3.824402
PROB	9	PROB	13	1.101946
PROB	9	PROB	14	0.064820
PROB	9	PROB	43	1.023781
PROB	10	PROB	11	2.980198
PROB	10	PROB	12	0.771517
PROB	10	PROB	13	1.388730
PROB	10	PROB	14	2.083095
PROB	10	PROB	78	0.210042
PROB	11	PROB	12	2.391243
PROB	11	PROB	13	0.613139
PROB	11	PROB	14	1.410220
PROB	11	PROB	15	1.631579
PROB	11	PROB	46	2.513647
PROB	11	PROB	63	0.578947
PROB	11	PROB	67	0.820783
PROB	11	PROB	75	2.421053
PROB	11	PROB	78	1.446679
PROB	11	PROB	79	0.516185
PROB	12	PROB	13	3.714286
PROB	12	PROB	14	0.857143
PROB	12	PROB	15	1.410220
PROB	12	PROB	41	1.500000
PROB	12	PROB	42	3.636549
PROB	12	PROB	43	3.626203
PROB	12	PROB	46	1.015944
PROB	13	PROB	14	3.214286
PROB	13	PROB	15	0.551825
PROB	14	PROB	15	2.575185
PROB	14	PROB	16	0.285714
PROB	14	PROB	72	0.054554
PROB	14	PROB	75	0.919709
PROB	14	PROB	78	1.231587
PROB	15	PROB	16	3.433580
PROB	15	PROB	17	0.315789
PROB	15	PROB	19	2.053025
PROB	15	PROB	20	2.842105
PROB	15	PROB	23	1.263158
PROB	15	PROB	42	1.387376
PROB	15	PROB	45	0.280976
PROB	15	PROB	46	0.512989
PROB	15	PROB	67	0.410391
PROB	15	PROB	72	0.234146
PROB	15	PROB	75	2.263158
PROB	16	PROB	17	3.801464
PROB	16	PROB	18	3.312315
PROB	16	PROB	19	3.317522
PROB	16	PROB	20	0.551825
PROB	17	PROB	18	3.909503
PROB	17	PROB	19	0.463586
PROB	17	PROB	20	1.315789
PROB	17	PROB	21	0.710819
PROB	17	PROB	40	2.268616
PROB	18	PROB	19	3.428638
PROB	18	PROB	20	0.710819
PROB	18	PROB	21	1.466667
PROB	18	PROB	22	0.062622
PROB	19	PROB	20	2.317932
PROB	19	PROB	21	0.521749
PROB	19	PROB	22	0.770154
PROB	19	PROB	23	0.794719
PROB	19	PROB	72	1.237437
PROB	19	PROB	75	0.066227
PROB	20	PROB	21	3.080214
PROB	20	PROB	22	0.667698
PROB	20	PROB	23	2.947368
PROB	20	PROB	24	3.521635
PROB	20	PROB	39	1.210526
PROB	20	PROB	40	1.287593
PROB	20	PROB	41	1.348907
PROB	20	PROB	42	1.734220
PROB	20	PROB	45	2.013659
PROB	21	PROB	22	2.692764
PROB	21	PROB	23	0.770054
PROB	21	PROB	24	4.293759
PROB	21	PROB	25	0.934199
PROB	21	PROB	26	0.081650
PROB	21	PROB	37	0.200000
PROB	21	PROB	40	0.069007
PROB	22	PROB	23	3.672338
PROB	22	PROB	24	0.620505
PROB	22	PROB	25	2.266945
PROB	22	PROB	26	1.150447
PROB	22	PROB	70	2.413199
PROB	22	PROB	72	0.445566
PROB	23	PROB	24	2.152110
PROB	23	PROB	25	0.760886
PROB	23	PROB	26	2.321524
PROB	23	PROB	27	1.245086
PROB	23	PROB	45	2.716099
PROB	23	PROB	66	2.368421
PROB	23	PROB	67	2.103256
PROB	23	PROB	70	1.798458
PROB	23	PROB	72	0.327805
PROB	23	PROB	75	0.421053
PROB	24	PROB	25	2.442733
PROB	24	PROB	26	0.943880
PROB	24	PROB	27	1.542778
PROB	24	PROB	28	0.727273
PROB	24	PROB	35	0.090909
PROB	24	PROB	36	3.149839
PROB	24	PROB	37	0.495434
PROB	24	PROB	39	1.760818
PROB	24	PROB	40	1.025645
PROB	24	PROB	45	1.218544
PROB	25	PROB	26	4.099889
PROB	25	PROB	27	1.181818
PROB	25	PROB	28	1.864191
PROB	25	PROB	29	0.077850
PROB	26	PROB	27	4.385928
PROB	26	PROB	28	0.741620
PROB	26	PROB	30	0.091287
PROB	26	PROB	45	0.064550
PROB	26	PROB	66	3.990119
PROB	26	PROB	69	1.450953
PROB	26	PROB	70	0.858116
PROB	27	PROB	28	2.249885
PROB	27	PROB	29	0.467099
PROB	27	PROB	30	1.914854
PROB	27	PROB	31	2.005972
PROB	27	PROB	45	1.169369
PROB	27	PROB	48	0.067420
PROB	27	PROB	49	0.899229
PROB	27	PROB	62	1.579084
PROB	27	PROB	66	2.282658
PROB	28	PROB	29	3.412988
PROB	28	PROB	30	0.615457
PROB	28	PROB	31	0.635851
PROB	28	PROB	34	2.807458
PROB	28	PROB	36	1.092801
PROB	29	PROB	30	2.981424
PROB	29	PROB	31	0.651584
PROB	30	PROB	31	4.900770
PROB	30	PROB	32	0.385758
PROB	30	PROB	62	1.322876
PROB	30	PROB	66	0.132453
PROB	31	PROB	32	4.353289
PROB	31	PROB	33	1.590943
PROB	31	PROB	48	1.641565
PROB	31	PROB	49	0.789474
PROB	31	PROB	52	2.225660
PROB	31	PROB	54	1.711906
PROB	31	PROB	62	1.301628
PROB	32	PROB	33	4.109697
PROB	32	PROB	34	0.207020
PROB	32	PROB	52	1.490869
PROB	33	PROB	34	2.958296
PROB	33	PROB	35	0.578542
PROB	33	PROB	48	2.090020
PROB	33	PROB	52	1.608799
PROB	34	PROB	35	4.458903
PROB	34	PROB	36	2.958296
PROB	34	PROB	37	0.133333
PROB	34	PROB	38	0.200000
PROB	34	PROB	48	0.173205
PROB	35	PROB	36	2.507015
PROB	35	PROB	37	0.440386
PROB	35	PROB	38	4.679096
PROB	35	PROB	39	2.690138
PROB	35	PROB	48	1.525540
PROB	36	PROB	37	4.982393
PROB	36	PROB	38	0.856349
PROB	36	PROB	39	0.760886
PROB	37	PROB	38	3.533333
PROB	37	PROB	39	0.592349
PROB	37	PROB	40	0.207020
PROB	38	PROB	39	2.902510
PROB	38	PROB	40	0.345033
PROB	39	PROB	40	2.881755
PROB	39	PROB	41	1.532848
PROB	39	PROB	44	4.135215
PROB	39	PROB	45	2.154147
PROB	39	PROB	48	1.385071
PROB	40	PROB	41	3.428571
PROB	40	PROB	42	0.202031
PROB	40	PROB	44	0.169031
PROB	41	PROB	42	4.949747
PROB	41	PROB	43	2.256304
PROB	41	PROB	44	3.380617
PROB	41	PROB	45	0.600099
PROB	41	PROB	46	0.059761
PROB	42	PROB	43	3.646738
PROB	42	PROB	44	1.434274
PROB	42	PROB	45	2.391702
PROB	42	PROB	46	2.958040
PROB	42	PROB	47	0.113961
PROB	43	PROB	44	3.813850
PROB	43	PROB	45	0.738549
PROB	43	PROB	46	3.033899
PROB	43	PROB	47	1.272727
PROB	44	PROB	45	2.517439
PROB	44	PROB	46	0.636396
PROB	44	PROB	47	2.765042
PROB	44	PROB	48	0.919239
PROB	44	PROB	49	0.072548
PROB	45	PROB	46	3.468910
PROB	45	PROB	47	0.800095
PROB	45	PROB	48	1.688811
PROB	45	PROB	49	3.184392
PROB	45	PROB	50	0.052705
PROB	45	PROB	62	0.044544
PROB	45	PROB	63	0.327805
PROB	45	PROB	66	1.030244
PROB	45	PROB	67	0.319505
PROB	46	PROB	47	2.494539
PROB	46	PROB	48	0.450000
PROB	46	PROB	49	1.744163
PROB	46	PROB	50	0.808290
PROB	46	PROB	51	0.067420
PROB	46	PROB	55	2.257152
PROB	46	PROB	63	1.077277
PROB	46	PROB	67	0.100000
PROB	47	PROB	48	2.629379
PROB	47	PROB	49	0.899229
PROB	47	PROB	50	2.335497
PROB	47	PROB	51	1.090909
PROB	48	PROB	49	3.129234
PROB	48	PROB	50	0.519615
PROB	48	PROB	51	1.618080
PROB	48	PROB	52	2.494700
PROB	49	PROB	50	2.310161
PROB	49	PROB	51	0.760886
PROB	49	PROB	52	1.057188
PROB	49	PROB	53	0.429198
PROB	49	PROB	54	1.956464
PROB	49	PROB	55	1.894737
PROB	49	PROB	62	1.802254
PROB	49	PROB	63	0.684211
PROB	49	PROB	66	0.157895
PROB	50	PROB	51	3.191846
PROB	50	PROB	52	0.688847
PROB	50	PROB	53	1.311125
PROB	50	PROB	54	0.385337
PROB	50	PROB	55	2.606335
PROB	50	PROB	56	0.223607
PROB	51	PROB	52	3.875744
PROB	51	PROB	53	0.886405
PROB	52	PROB	53	2.787276
PROB	52	PROB	54	1.758098
PROB	53	PROB	54	2.336192
PROB	53	PROB	55	0.735767
PROB	53	PROB	59	0.214286
PROB	54	PROB	55	2.152110
PROB	54	PROB	59	0.056980
PROB	54	PROB	62	2.512307
PROB	54	PROB	63	0.097823
PROB	55	PROB	56	4.370957
PROB	55	PROB	59	1.164965
PROB	55	PROB	60	1.736842
PROB	55	PROB	62	0.050063
PROB	55	PROB	63	2.947368
PROB	56	PROB	57	4.862114
PROB	56	PROB	58	0.833333
PROB	56	PROB	59	3.934735
PROB	56	PROB	60	0.662266
PROB	57	PROB	58	4.062019
PROB	57	PROB	59	0.569803
PROB	57	PROB	60	0.342381
PROB	57	PROB	82	0.697863
PROB	57	PROB	87	0.048912
PROB	58	PROB	59	3.240370
PROB	58	PROB	60	2.119252
PROB	58	PROB	82	1.070899
PROB	58	PROB	83	0.058926
PROB	58	PROB	87	2.781518
PROB	59	PROB	60	3.249638
PROB	59	PROB	61	2.256304
PROB	59	PROB	62	0.058321
PROB	60	PROB	61	3.112715
PROB	60	PROB	62	0.400501
PROB	60	PROB	63	4.000000
PROB	60	PROB	64	0.829288
PROB	60	PROB	79	3.211820
PROB	60	PROB	82	1.652066
PROB	60	PROB	83	2.013659
PROB	60	PROB	87	0.421053
PROB	61	PROB	62	2.631807
PROB	61	PROB	63	0.553372
PROB	61	PROB	64	2.802596
PROB	61	PROB	65	0.804400
PROB	61	PROB	66	0.069171
PROB	61	PROB	83	1.292461
PROB	62	PROB	63	2.803507
PROB	62	PROB	64	0.845154
PROB	62	PROB	65	2.169950
PROB	62	PROB	66	3.554446
PROB	62	PROB	67	0.048795
PROB	63	PROB	64	2.724805
PROB	63	PROB	65	0.556415
PROB	63	PROB	66	1.421053
PROB	63	PROB	67	1.641565
PROB	63	PROB	76	0.052632
PROB	63	PROB	79	2.007388
PROB	64	PROB	65	3.005877
PROB	64	PROB	66	0.710819
PROB	64	PROB	67	1.558846
PROB	64	PROB	68	0.466667
PROB	64	PROB	76	2.961744
PROB	64	PROB	79	1.290994
PROB	64	PROB	83	2.319004
PROB	65	PROB	66	3.727980
PROB	65	PROB	67	0.596559
PROB	65	PROB	68	1.315071
PROB	65	PROB	69	1.780528
PROB	66	PROB	67	2.513647
PROB	66	PROB	68	0.533114
PROB	66	PROB	69	2.052632
PROB	66	PROB	70	1.175915
PROB	67	PROB	68	2.367136
PROB	67	PROB	69	0.718185
PROB	67	PROB	70	2.022600
PROB	67	PROB	71	0.319505
PROB	67	PROB	72	1.962672
PROB	67	PROB	75	2.924038
PROB	67	PROB	76	3.693522
PROB	67	PROB	79	0.503115
PROB	68	PROB	69	3.909503
PROB	68	PROB	70	0.778499
PROB	68	PROB	71	1.159502
PROB	68	PROB	72	0.210819
PROB	68	PROB	76	0.829288
PROB	69	PROB	70	3.389401
PROB	69	PROB	71	1.920001
PROB	70	PROB	71	3.323470
PROB	70	PROB	72	1.230915
PROB	71	PROB	72	2.000000
PROB	71	PROB	73	0.600099
PROB	72	PROB	73	3.382377
PROB	72	PROB	74	2.415948
PROB	72	PROB	75	4.401953
PROB	72	PROB	76	0.655610
PROB	73	PROB	74	4.860556
PROB	73	PROB	75	0.429198
PROB	73	PROB	76	1.778104
PROB	73	PROB	77	1.285714
PROB	74	PROB	75	3.841144
PROB	74	PROB	76	0.794719
PROB	74	PROB	77	2.237399
PROB	74	PROB	78	1.540308
PROB	75	PROB	76	1.947368
PROB	75	PROB	77	0.674453
PROB	75	PROB	78	2.837716
PROB	75	PROB	79	0.401478
PROB	76	PROB	77	2.881755
PROB	76	PROB	78	0.723339
PROB	76	PROB	79	1.950034
PROB	76	PROB	80	1.319140
PROB	77	PROB	78	3.046558
PROB	77	PROB	79	0.801784
PROB	77	PROB	80	2.138090
PROB	77	PROB	81	1.620185
PROB	77	PROB	82	0.058321
PROB	78	PROB	79	2.243455
PROB	78	PROB	80	0.545705
PROB	78	PROB	81	1.960392
PROB	78	PROB	82	0.688033
PROB	78	PROB	83	0.049507
PROB	79	PROB	80	4.062500
PROB	79	PROB	81	1.010363
PROB	79	PROB	82	1.472971
PROB	79	PROB	83	3.214955
PROB	79	PROB	84	0.066815
PROB	80	PROB	81	2.886751
PROB	80	PROB	82	0.600099
PROB	80	PROB	83	2.806707
PROB	80	PROB	84	1.403122
PROB	81	PROB	82	2.645751
PROB	81	PROB	83	0.707107
PROB	81	PROB	84	2.623157
PROB	81	PROB	85	3.005204
PROB	81	PROB	86	0.072169
PROB	82	PROB	83	2.227177
PROB	82	PROB	84	0.699854
PROB	82	PROB	85	1.514480
PROB	82	PROB	86	4.037031
PROB	82	PROB	87	2.252818
PROB	83	PROB	84	2.564060
PROB	83	PROB	85	0.416667
PROB	83	PROB	86	0.153093
PROB	83	PROB	87	3.324880
PROB	83	PROB	88	0.304636
PROB	84	PROB	85	3.164159
PROB	84	PROB	86	0.133631
PROB	84	PROB	87	0.061314
PROB	84	PROB	88	0.854704
PROB	85	PROB	86	3.776297
PROB	85	PROB	87	0.374634
PROB	85	PROB	88	1.218544
PROB	86	PROB	87	3.728006
PROB	86	PROB	88	0.852803
PROB	87	PROB	88	1.858641
PROB	87	PROB	89	0.205196
PROB	88	PROB	89	2.574349
