PROA	11	PROA	12	3.227486
PROA	11	PROA	13	0.606339
PROA	11	PROA	18	1.687500
PROA	11	PROA	19	0.838525
PROA	11	PROA	20	3.680608
PROA	12	PROA	13	2.880632
PROA	12	PROA	14	0.645497
PROA	12	PROA	17	0.125245
PROA	12	PROA	18	0.451848
PROA	12	PROA	19	2.193931
PROA	12	PROA	20	0.149071
PROA	12	PROA	28	1.303168
PROA	13	PROA	14	2.667892
PROA	13	PROA	15	0.198030
PROA	13	PROA	16	1.925067
PROA	13	PROA	17	1.235294
PROA	13	PROA	18	2.485990
PROA	13	PROA	19	0.433861
PROA	14	PROA	15	3.368048
PROA	14	PROA	16	1.700840
PROA	14	PROA	17	2.607258
PROA	14	PROA	18	0.187500
PROA	14	PROA	19	1.565248
PROA	14	PROA	28	1.433848
PROA	14	PROA	30	1.309307
PROA	14	PROA	38	0.545705
PROA	14	PROA	40	1.356801
PROA	15	PROA	16	2.314550
PROA	15	PROA	17	0.940640
PROA	15	PROA	30	3.340766
PROA	15	PROA	33	0.105409
PROA	15	PROA	38	1.534729
PROA	16	PROA	17	3.758464
PROA	16	PROA	18	0.661438
PROA	17	PROA	18	2.789160
PROA	17	PROA	19	0.976187
PROA	17	PROA	38	3.058824
PROA	17	PROA	55	1.085884
PROA	18	PROA	19	3.018692
PROA	18	PROA	20	1.154701
PROA	18	PROA	55	1.332504
PROA	18	PROA	99	0.053300
PROA	18	PROA	100	0.144338
PROA	18	PROA	102	1.145644
PROA	19	PROA	20	2.194691
PROA	19	PROA	21	1.397542
PROA	19	PROA	28	2.103256
PROA	19	PROA	38	1.572746
PROA	19	PROA	39	0.167705
PROA	19	PROA	40	1.820340
PROA	19	PROA	53	2.000658
PROA	19	PROA	54	0.286039
PROA	19	PROA	55	3.051080
PROA	19	PROA	102	2.634930
PROA	20	PROA	21	3.247595
PROA	20	PROA	22	0.654654
PROA	20	PROA	90	0.463586
PROA	20	PROA	102	2.456769
PROA	21	PROA	22	3.685154
PROA	21	PROA	23	0.200446
PROA	21	PROA	24	0.357217
PROA	21	PROA	25	3.164159
PROA	21	PROA	26	0.066815
PROA	21	PROA	28	1.319140
PROA	21	PROA	42	0.316228
PROA	21	PROA	53	2.867697
PROA	21	PROA	90	2.752989
PROA	21	PROA	102	1.854852
PROA	21	PROA	104	0.500000
PROA	22	PROA	23	5.555839
PROA	22	PROA	24	0.771517
PROA	22	PROA	25	0.989743
PROA	23	PROA	24	3.164159
PROA	23	PROA	25	0.641533
PROA	23	PROA	26	0.071429
PROA	23	PROA	45	0.714286
PROA	24	PROA	25	6.147009
PROA	24	PROA	26	0.163663
PROA	24	PROA	43	0.044544
PROA	24	PROA	44	2.180246
PROA	24	PROA	45	2.345842
PROA	24	PROA	46	5.256197
PROA	24	PROA	47	1.854852
PROA	24	PROA	49	0.051031
PROA	24	PROA	87	0.327327
PROA	24	PROA	88	2.474874
PROA	24	PROA	90	0.140488
PROA	25	PROA	26	2.682774
PROA	25	PROA	28	0.150188
PROA	25	PROA	42	1.242118
PROA	25	PROA	43	0.952381
PROA	25	PROA	44	3.464674
PROA	25	PROA	45	1.283066
PROA	25	PROA	49	0.163663
PROA	25	PROA	51	2.073070
PROA	25	PROA	53	0.550689
PROA	25	PROA	87	1.341387
PROA	25	PROA	88	1.637846
PROA	25	PROA	90	1.051315
PROA	25	PROA	104	3.000496
PROA	26	PROA	27	5.071429
PROA	26	PROA	28	1.226279
PROA	26	PROA	42	1.521278
PROA	26	PROA	43	3.091023
PROA	26	PROA	44	0.462910
PROA	26	PROA	45	2.214286
PROA	27	PROA	28	3.127011
PROA	27	PROA	29	0.322329
PROA	27	PROA	41	0.161165
PROA	27	PROA	42	1.183216
PROA	27	PROA	43	1.341387
PROA	28	PROA	29	2.836029
PROA	28	PROA	30	0.150188
PROA	28	PROA	40	1.452600
PROA	28	PROA	41	0.968400
PROA	28	PROA	42	3.047000
PROA	28	PROA	43	0.050063
PROA	28	PROA	53	1.210526
PROA	29	PROA	30	2.697602
PROA	29	PROA	31	0.830057
PROA	29	PROA	40	2.181818
PROA	29	PROA	41	4.181818
PROA	29	PROA	42	0.381385
PROA	30	PROA	31	2.703381
PROA	30	PROA	32	4.288888
PROA	30	PROA	33	1.352247
PROA	30	PROA	38	0.423405
PROA	30	PROA	39	0.436436
PROA	30	PROA	40	1.644879
PROA	30	PROA	41	0.328976
PROA	31	PROA	32	3.555151
PROA	31	PROA	39	2.752989
PROA	31	PROA	40	2.559344
PROA	31	PROA	41	4.011944
PROA	31	PROA	52	1.450953
PROA	31	PROA	53	0.052632
PROA	31	PROA	107	1.473684
PROA	31	PROA	108	0.055641
PROA	32	PROA	33	3.806010
PROA	32	PROA	34	0.571429
PROA	32	PROA	37	0.142857
PROA	32	PROA	38	0.366679
PROA	32	PROA	39	3.874136
PROA	32	PROA	40	0.227921
PROA	32	PROA	114	0.080582
PROA	33	PROA	34	3.610830
PROA	33	PROA	37	1.073490
PROA	33	PROA	38	2.630142
PROA	33	PROA	39	1.355544
PROA	34	PROA	35	3.944254
PROA	34	PROA	36	0.907265
PROA	34	PROA	37	3.000000
PROA	34	PROA	38	0.366679
PROA	34	PROA	39	1.889822
PROA	35	PROA	36	3.381321
PROA	35	PROA	37	0.836660
PROA	35	PROA	67	0.322749
PROA	35	PROA	167	0.182574
PROA	36	PROA	37	3.051709
PROA	36	PROA	54	0.697863
PROA	36	PROA	55	0.558291
PROA	36	PROA	56	3.954947
PROA	36	PROA	57	0.197386
PROA	36	PROA	64	0.952381
PROA	36	PROA	67	2.405351
PROA	36	PROA	68	0.174964
PROA	36	PROA	71	0.225374
PROA	36	PROA	167	0.062994
PROA	36	PROA	169	0.494872
PROA	37	PROA	38	3.300115
PROA	37	PROA	39	0.755929
PROA	37	PROA	55	0.644658
PROA	38	PROA	39	2.789160
PROA	38	PROA	40	0.950654
PROA	38	PROA	53	0.111283
PROA	38	PROA	54	0.258544
PROA	38	PROA	55	1.189302
PROA	39	PROA	40	3.919647
PROA	39	PROA	41	0.226134
PROA	39	PROA	52	0.790569
PROA	39	PROA	53	1.204433
PROA	39	PROA	54	2.291908
PROA	39	PROA	55	0.213201
PROA	40	PROA	41	3.727273
PROA	40	PROA	42	0.381385
PROA	40	PROA	51	0.075378
PROA	40	PROA	52	0.572078
PROA	40	PROA	53	2.697686
PROA	40	PROA	54	0.128565
PROA	41	PROA	42	4.671967
PROA	41	PROA	50	0.061546
PROA	41	PROA	51	1.055290
PROA	41	PROA	52	1.525540
PROA	41	PROA	53	0.622543
PROA	41	PROA	107	2.075143
PROA	42	PROA	43	3.105295
PROA	42	PROA	44	0.273861
PROA	42	PROA	49	0.079057
PROA	42	PROA	50	0.516398
PROA	42	PROA	51	3.794733
PROA	42	PROA	52	0.400000
PROA	42	PROA	53	1.886238
PROA	42	PROA	107	0.072548
PROA	43	PROA	44	3.779645
PROA	43	PROA	45	0.291606
PROA	43	PROA	48	2.140114
PROA	43	PROA	49	1.963961
PROA	43	PROA	50	1.915372
PROA	43	PROA	51	0.545545
PROA	44	PROA	45	3.780432
PROA	44	PROA	46	2.453739
PROA	44	PROA	47	2.314550
PROA	44	PROA	48	2.092555
PROA	44	PROA	49	3.536270
PROA	44	PROA	50	0.117851
PROA	44	PROA	51	0.721688
PROA	45	PROA	46	3.608027
PROA	45	PROA	47	0.357143
PROA	45	PROA	48	1.253566
PROA	46	PROA	47	4.677072
PROA	46	PROA	48	1.066004
PROA	47	PROA	48	3.475798
PROA	47	PROA	49	0.935414
PROA	48	PROA	49	2.451808
PROA	49	PROA	50	3.572173
PROA	49	PROA	51	2.062500
PROA	49	PROA	87	0.200446
PROA	50	PROA	51	2.602583
PROA	50	PROA	106	0.058926
PROA	50	PROA	107	1.966830
PROA	51	PROA	52	4.269075
PROA	51	PROA	53	1.204433
PROA	51	PROA	87	1.870829
PROA	51	PROA	104	2.812500
PROA	51	PROA	105	0.909509
PROA	51	PROA	106	0.866025
PROA	51	PROA	107	1.892680
PROA	52	PROA	53	3.192096
PROA	52	PROA	54	0.269680
PROA	52	PROA	103	0.072548
PROA	52	PROA	104	1.027740
PROA	52	PROA	105	3.067860
PROA	52	PROA	106	1.369306
PROA	52	PROA	107	3.337191
PROA	52	PROA	108	0.076696
PROA	53	PROA	54	2.396668
PROA	53	PROA	55	0.391293
PROA	53	PROA	102	1.501879
PROA	53	PROA	103	0.578947
PROA	53	PROA	104	3.154466
PROA	53	PROA	105	0.222566
PROA	54	PROA	55	2.136364
PROA	54	PROA	56	1.907552
PROA	54	PROA	71	1.321157
PROA	54	PROA	75	0.097823
PROA	54	PROA	101	0.053300
PROA	54	PROA	102	0.325669
PROA	54	PROA	103	2.739050
PROA	54	PROA	104	0.053300
PROA	54	PROA	105	2.171768
PROA	54	PROA	166	0.192847
PROA	54	PROA	167	2.461830
PROA	54	PROA	168	0.190693
PROA	55	PROA	56	3.179254
PROA	55	PROA	57	1.157084
PROA	55	PROA	99	0.318182
PROA	55	PROA	100	2.646467
PROA	55	PROA	101	0.533002
PROA	55	PROA	102	3.024074
PROA	55	PROA	103	0.048912
PROA	56	PROA	57	3.942772
PROA	56	PROA	58	2.943069
PROA	56	PROA	64	0.250313
PROA	56	PROA	68	1.042337
PROA	56	PROA	100	0.993399
PROA	56	PROA	101	3.613298
PROA	56	PROA	102	0.450564
PROA	56	PROA	103	1.842105
PROA	57	PROA	58	4.432026
PROA	57	PROA	59	0.404520
PROA	57	PROA	60	1.323448
PROA	57	PROA	64	0.394771
PROA	57	PROA	99	0.835672
PROA	57	PROA	100	3.307475
PROA	57	PROA	101	0.301511
PROA	58	PROA	59	5.557813
PROA	58	PROA	60	1.725164
PROA	58	PROA	61	0.777844
PROA	58	PROA	64	2.682774
PROA	58	PROA	65	2.900963
PROA	58	PROA	68	2.142857
PROA	58	PROA	100	1.543033
PROA	58	PROA	101	2.472166
PROA	58	PROA	347	0.306570
PROA	59	PROA	60	2.424871
PROA	59	PROA	61	0.542326
PROA	59	PROA	65	1.078720
PROA	59	PROA	91	0.091287
PROA	59	PROA	98	2.006607
PROA	59	PROA	99	1.144155
PROA	59	PROA	100	1.549193
PROA	59	PROA	101	1.118034
PROA	59	PROA	340	1.334848
PROA	59	PROA	344	2.908061
PROA	59	PROA	347	1.025978
PROA	60	PROA	61	6.262243
PROA	60	PROA	64	0.901498
PROA	60	PROA	340	1.541349
PROA	61	PROA	62	2.294118
PROA	61	PROA	63	2.074252
PROA	61	PROA	64	2.117024
PROA	61	PROA	65	1.316290
PROA	61	PROA	340	1.602972
PROA	62	PROA	63	2.333533
PROA	62	PROA	64	0.423405
PROA	62	PROA	65	2.340072
PROA	62	PROA	66	1.823529
PROA	62	PROA	67	0.049507
PROA	62	PROA	337	0.840168
PROA	62	PROA	338	0.945905
PROA	62	PROA	339	1.296407
PROA	62	PROA	340	3.154235
PROA	62	PROA	343	1.724886
PROA	63	PROA	64	3.557592
PROA	63	PROA	65	1.128152
PROA	63	PROA	66	1.814970
PROA	63	PROA	67	1.527525
PROA	63	PROA	68	0.071429
PROA	64	PROA	65	2.631807
PROA	64	PROA	66	0.635107
PROA	64	PROA	67	3.652570
PROA	64	PROA	68	1.108103
PROA	64	PROA	69	0.050063
PROA	65	PROA	66	2.778835
PROA	65	PROA	67	0.800095
PROA	65	PROA	68	1.933975
PROA	65	PROA	69	1.037572
PROA	65	PROA	70	0.061546
PROA	65	PROA	340	1.285649
PROA	65	PROA	343	2.905201
PROA	65	PROA	344	0.064282
PROA	65	PROA	347	1.245086
PROA	66	PROA	67	2.079310
PROA	66	PROA	68	0.583383
PROA	66	PROA	69	1.001547
PROA	66	PROA	70	3.019950
PROA	66	PROA	71	0.062622
PROA	66	PROA	169	0.091670
PROA	66	PROA	335	2.670791
PROA	66	PROA	336	1.400280
PROA	66	PROA	343	2.448225
PROA	67	PROA	68	1.909407
PROA	67	PROA	69	0.374634
PROA	67	PROA	70	0.916667
PROA	67	PROA	71	0.632456
PROA	67	PROA	169	3.548977
PROA	67	PROA	170	3.278050
PROA	68	PROA	69	3.127011
PROA	68	PROA	70	0.545545
PROA	68	PROA	71	1.311125
PROA	68	PROA	72	1.778104
PROA	68	PROA	101	2.338536
PROA	68	PROA	103	0.429198
PROA	68	PROA	169	0.101015
PROA	68	PROA	347	2.268616
PROA	69	PROA	70	2.013659
PROA	69	PROA	71	0.592349
PROA	69	PROA	72	2.578947
PROA	69	PROA	73	1.222790
PROA	69	PROA	74	0.052632
PROA	69	PROA	331	1.641565
PROA	69	PROA	335	2.263158
PROA	69	PROA	338	0.052632
PROA	69	PROA	343	2.263158
PROA	69	PROA	346	2.578947
PROA	69	PROA	347	4.526316
PROA	69	PROA	350	0.710819
PROA	70	PROA	71	1.844662
PROA	70	PROA	72	0.421464
PROA	70	PROA	73	0.783349
PROA	70	PROA	74	1.404879
PROA	70	PROA	75	0.046829
PROA	70	PROA	168	0.228218
PROA	70	PROA	169	1.157275
PROA	70	PROA	171	1.226445
PROA	70	PROA	172	2.041667
PROA	70	PROA	329	0.136931
PROA	70	PROA	335	3.043904
PROA	70	PROA	336	0.353553
PROA	71	PROA	72	3.494858
PROA	71	PROA	73	0.495434
PROA	71	PROA	74	1.421637
PROA	71	PROA	75	3.613328
PROA	71	PROA	76	0.059235
PROA	71	PROA	103	1.480872
PROA	71	PROA	105	0.062622
PROA	71	PROA	167	0.968963
PROA	71	PROA	168	4.156922
PROA	71	PROA	169	2.439750
PROA	71	PROA	171	0.081650
PROA	72	PROA	73	3.766193
PROA	72	PROA	74	0.421053
PROA	72	PROA	75	1.105263
PROA	72	PROA	76	1.526316
PROA	72	PROA	77	0.046829
PROA	72	PROA	89	2.210526
PROA	72	PROA	101	0.114708
PROA	72	PROA	103	1.210526
PROA	72	PROA	347	1.000000
PROA	72	PROA	350	1.540107
PROA	72	PROA	351	1.287593
PROA	72	PROA	354	0.153897
PROA	73	PROA	74	2.103199
PROA	73	PROA	75	0.586939
PROA	73	PROA	76	1.858641
PROA	73	PROA	77	0.522233
PROA	73	PROA	78	0.047673
PROA	73	PROA	329	1.906925
PROA	73	PROA	331	1.716233
PROA	73	PROA	350	2.367072
PROA	74	PROA	75	2.473684
PROA	74	PROA	76	0.421053
PROA	74	PROA	77	1.077074
PROA	74	PROA	78	3.026636
PROA	74	PROA	79	0.046829
PROA	74	PROA	140	0.105263
PROA	74	PROA	145	1.605910
PROA	74	PROA	168	2.205853
PROA	74	PROA	171	3.627381
PROA	74	PROA	172	0.234146
PROA	74	PROA	329	3.437027
PROA	75	PROA	76	2.210526
PROA	75	PROA	77	0.655610
PROA	75	PROA	78	0.615587
PROA	75	PROA	79	1.030244
PROA	75	PROA	83	1.157895
PROA	75	PROA	84	0.842105
PROA	75	PROA	86	3.210526
PROA	75	PROA	89	0.157895
PROA	75	PROA	103	0.526316
PROA	75	PROA	105	0.166924
PROA	75	PROA	166	0.069171
PROA	75	PROA	167	0.132453
PROA	75	PROA	168	2.051957
PROA	76	PROA	77	1.639025
PROA	76	PROA	78	0.307794
PROA	76	PROA	79	2.716099
PROA	76	PROA	86	1.578947
PROA	76	PROA	89	0.157895
PROA	76	PROA	350	0.059235
PROA	76	PROA	353	1.826342
PROA	76	PROA	354	1.077277
PROA	77	PROA	78	4.564355
PROA	77	PROA	79	0.666667
PROA	77	PROA	139	0.133631
PROA	77	PROA	326	1.054093
PROA	77	PROA	327	1.420094
PROA	77	PROA	328	0.490990
PROA	77	PROA	329	2.784256
PROA	78	PROA	79	1.780098
PROA	78	PROA	80	1.138885
PROA	78	PROA	83	1.436370
PROA	78	PROA	139	2.293365
PROA	78	PROA	140	1.641565
PROA	78	PROA	143	1.838478
PROA	78	PROA	145	1.397542
PROA	78	PROA	326	0.057735
PROA	78	PROA	328	0.059761
PROA	78	PROA	329	1.400000
PROA	79	PROA	80	2.871428
PROA	79	PROA	83	0.796098
PROA	79	PROA	86	0.796098
PROA	79	PROA	139	0.267261
PROA	79	PROA	353	0.291667
PROA	80	PROA	81	3.068499
PROA	80	PROA	82	2.268713
PROA	80	PROA	83	3.727980
PROA	80	PROA	135	0.247537
PROA	80	PROA	136	1.375048
PROA	80	PROA	139	3.228462
PROA	80	PROA	140	0.111283
PROA	81	PROA	82	3.795361
PROA	81	PROA	83	0.533114
PROA	81	PROA	164	1.376205
PROA	82	PROA	83	2.697813
PROA	82	PROA	84	0.183942
PROA	82	PROA	132	3.241019
PROA	82	PROA	135	1.582080
PROA	82	PROA	136	2.525381
PROA	82	PROA	163	0.735767
PROA	82	PROA	164	1.424507
PROA	82	PROA	165	1.348907
PROA	83	PROA	84	3.842105
PROA	83	PROA	85	0.433555
PROA	83	PROA	136	0.953821
PROA	83	PROA	139	0.200250
PROA	83	PROA	140	0.789474
PROA	83	PROA	164	1.222790
PROA	83	PROA	165	2.421053
PROA	83	PROA	166	0.069171
PROA	83	PROA	168	2.411049
PROA	84	PROA	85	5.029238
PROA	84	PROA	86	0.631579
PROA	84	PROA	105	2.615150
PROA	84	PROA	106	1.258306
PROA	84	PROA	108	1.724886
PROA	84	PROA	156	1.578947
PROA	84	PROA	164	3.619458
PROA	84	PROA	165	1.263158
PROA	84	PROA	166	2.974372
PROA	84	PROA	167	0.264906
PROA	84	PROA	168	0.256495
PROA	85	PROA	86	3.815284
PROA	85	PROA	105	0.916698
PROA	85	PROA	106	3.491486
PROA	85	PROA	164	0.483494
PROA	86	PROA	87	3.188325
PROA	86	PROA	89	0.894737
PROA	86	PROA	103	0.842105
PROA	86	PROA	104	0.458831
PROA	86	PROA	105	1.836169
PROA	86	PROA	106	0.198680
PROA	86	PROA	354	0.102598
PROA	87	PROA	88	3.471825
PROA	87	PROA	89	0.367884
PROA	87	PROA	104	3.674842
PROA	87	PROA	105	1.296407
PROA	87	PROA	106	1.388730
PROA	87	PROA	354	0.239046
PROA	88	PROA	89	3.046424
PROA	88	PROA	90	1.854345
PROA	88	PROA	102	0.062994
PROA	88	PROA	103	0.264906
PROA	88	PROA	104	2.092895
PROA	88	PROA	354	2.323790
PROA	89	PROA	90	2.894737
PROA	89	PROA	91	0.280976
PROA	89	PROA	101	0.917663
PROA	89	PROA	102	0.750939
PROA	89	PROA	103	4.315789
PROA	89	PROA	104	0.573539
PROA	89	PROA	351	2.084674
PROA	89	PROA	354	3.488326
PROA	90	PROA	91	2.903416
PROA	90	PROA	101	0.516185
PROA	90	PROA	102	3.254070
PROA	90	PROA	103	0.210526
PROA	90	PROA	104	1.548556
PROA	91	PROA	92	4.324831
PROA	91	PROA	93	0.654654
PROA	91	PROA	98	1.732758
PROA	91	PROA	100	0.235702
PROA	91	PROA	101	0.969590
PROA	91	PROA	102	0.356348
PROA	91	PROA	347	0.374634
PROA	91	PROA	348	5.203364
PROA	91	PROA	349	0.263523
PROA	91	PROA	351	3.764259
PROA	91	PROA	352	1.161895
PROA	91	PROA	355	1.930788
PROA	92	PROA	93	4.817379
PROA	92	PROA	94	2.619978
PROA	92	PROA	95	0.217643
PROA	92	PROA	97	2.454288
PROA	92	PROA	98	3.604735
PROA	92	PROA	99	0.337100
PROA	92	PROA	100	0.091287
PROA	92	PROA	348	0.848528
PROA	92	PROA	355	0.306786
PROA	93	PROA	94	4.214286
PROA	93	PROA	95	0.122628
PROA	93	PROA	97	0.453743
PROA	93	PROA	348	0.657376
PROA	93	PROA	355	0.777844
PROA	94	PROA	95	2.820441
PROA	94	PROA	96	4.002380
PROA	94	PROA	97	3.176198
PROA	94	PROA	98	0.518563
PROA	94	PROA	348	1.135467
PROA	95	PROA	96	3.494858
PROA	95	PROA	97	0.723339
PROA	95	PROA	98	3.115923
PROA	95	PROA	341	0.059235
PROA	95	PROA	344	2.543403
PROA	95	PROA	345	2.013986
PROA	95	PROA	348	2.564946
PROA	96	PROA	97	4.634060
PROA	96	PROA	98	0.688847
PROA	97	PROA	98	2.117647
PROA	97	PROA	99	0.413670
PROA	98	PROA	99	1.964933
PROA	98	PROA	100	0.210042
PROA	98	PROA	101	0.121268
PROA	98	PROA	344	3.361070
PROA	98	PROA	347	0.945905
PROA	98	PROA	348	2.603165
PROA	99	PROA	100	6.093029
PROA	99	PROA	101	0.106600
PROA	99	PROA	102	0.046524
PROA	100	PROA	101	3.680608
PROA	100	PROA	102	1.196887
PROA	101	PROA	102	3.273268
PROA	101	PROA	103	1.433848
PROA	101	PROA	347	0.688247
PROA	101	PROA	351	0.066815
PROA	102	PROA	103	2.252818
PROA	102	PROA	104	0.600099
PROA	103	PROA	104	2.638281
PROA	103	PROA	105	1.669245
PROA	104	PROA	105	3.274231
PROA	105	PROA	106	3.080616
PROA	105	PROA	107	0.166924
PROA	105	PROA	156	0.612056
PROA	105	PROA	166	0.804400
PROA	105	PROA	167	0.140028
PROA	106	PROA	107	2.649065
PROA	106	PROA	108	0.770154
PROA	107	PROA	108	3.449772
PROA	107	PROA	109	0.414644
PROA	107	PROA	158	0.245256
PROA	108	PROA	109	2.692764
PROA	108	PROA	110	1.166767
PROA	108	PROA	156	4.006187
PROA	108	PROA	157	1.724886
PROA	108	PROA	158	3.500300
PROA	108	PROA	162	0.490098
PROA	108	PROA	163	0.222566
PROA	108	PROA	164	1.913224
PROA	109	PROA	110	3.381321
PROA	109	PROA	157	0.533114
PROA	109	PROA	158	3.588341
PROA	109	PROA	159	3.450328
PROA	109	PROA	160	0.069007
PROA	110	PROA	111	5.169162
PROA	110	PROA	112	0.306570
PROA	110	PROA	114	1.538468
PROA	110	PROA	115	2.513871
PROA	110	PROA	155	0.061314
PROA	110	PROA	156	0.919709
PROA	110	PROA	157	3.494894
PROA	110	PROA	158	0.071429
PROA	111	PROA	112	3.178878
PROA	111	PROA	113	2.519763
PROA	111	PROA	114	4.739022
PROA	111	PROA	115	0.596040
PROA	111	PROA	152	0.540062
PROA	111	PROA	153	1.740777
PROA	111	PROA	154	0.077152
PROA	111	PROA	155	0.993399
PROA	111	PROA	156	2.781518
PROA	111	PROA	157	1.390759
PROA	112	PROA	113	2.102630
PROA	112	PROA	114	0.440204
PROA	112	PROA	115	2.105263
PROA	112	PROA	116	3.421053
PROA	112	PROA	121	0.947368
PROA	112	PROA	129	0.461690
PROA	112	PROA	133	0.210526
PROA	112	PROA	152	3.494894
PROA	112	PROA	155	2.473684
PROA	112	PROA	156	0.263158
PROA	112	PROA	157	2.631579
PROA	112	PROA	163	0.789474
PROA	112	PROA	217	0.789474
PROA	112	PROA	221	1.224113
PROA	113	PROA	114	2.791453
PROA	113	PROA	115	0.450564
PROA	113	PROA	116	1.051315
PROA	113	PROA	117	0.697863
PROA	113	PROA	152	2.741096
PROA	113	PROA	153	2.171241
PROA	113	PROA	155	0.050063
PROA	113	PROA	192	0.089087
PROA	114	PROA	115	1.711906
PROA	114	PROA	116	0.293470
PROA	114	PROA	117	1.045455
PROA	114	PROA	118	0.797724
PROA	115	PROA	116	2.526316
PROA	115	PROA	117	0.586939
PROA	115	PROA	118	1.471534
PROA	115	PROA	119	3.727980
PROA	115	PROA	121	1.368421
PROA	115	PROA	129	0.051299
PROA	115	PROA	157	2.157895
PROA	116	PROA	117	1.760818
PROA	116	PROA	118	0.674453
PROA	116	PROA	119	0.667698
PROA	116	PROA	121	2.210526
PROA	116	PROA	152	0.919709
PROA	116	PROA	217	0.052632
PROA	116	PROA	220	2.132456
PROA	116	PROA	221	2.225660
PROA	116	PROA	223	0.069171
PROA	116	PROA	224	3.740150
PROA	117	PROA	118	2.735054
PROA	117	PROA	119	0.258544
PROA	117	PROA	224	0.284901
PROA	118	PROA	119	4.148504
PROA	118	PROA	224	0.142857
PROA	119	PROA	120	2.882353
PROA	119	PROA	121	1.446679
PROA	119	PROA	224	0.972306
PROA	120	PROA	121	3.060282
PROA	120	PROA	122	0.585018
PROA	120	PROA	224	0.972306
PROA	121	PROA	122	2.905201
PROA	121	PROA	123	0.245256
PROA	121	PROA	125	0.500773
PROA	121	PROA	126	3.052632
PROA	121	PROA	129	1.590266
PROA	121	PROA	157	0.105263
PROA	121	PROA	221	2.003094
PROA	121	PROA	224	0.122628
PROA	122	PROA	123	3.465039
PROA	122	PROA	124	2.785242
PROA	122	PROA	125	3.656362
PROA	122	PROA	126	2.075143
PROA	122	PROA	127	0.090909
PROA	123	PROA	124	3.626129
PROA	123	PROA	125	0.842665
PROA	123	PROA	126	2.759127
PROA	123	PROA	127	1.128152
PROA	123	PROA	128	0.058321
PROA	123	PROA	222	0.061314
PROA	123	PROA	283	1.851640
PROA	123	PROA	285	0.056980
PROA	123	PROA	312	1.691314
PROA	124	PROA	125	4.760952
PROA	124	PROA	126	0.596040
PROA	124	PROA	127	2.088932
PROA	124	PROA	128	0.566947
PROA	124	PROA	316	0.755929
PROA	125	PROA	126	2.225660
PROA	125	PROA	127	1.023781
PROA	125	PROA	128	0.952661
PROA	125	PROA	129	2.928561
PROA	125	PROA	130	0.055641
PROA	125	PROA	161	1.316290
PROA	126	PROA	127	2.905201
PROA	126	PROA	128	0.550689
PROA	126	PROA	129	2.154555
PROA	126	PROA	130	0.894737
PROA	126	PROA	131	0.050063
PROA	126	PROA	218	0.947368
PROA	126	PROA	221	3.672338
PROA	126	PROA	222	2.473684
PROA	126	PROA	312	0.951190
PROA	127	PROA	128	2.829192
PROA	127	PROA	129	0.741620
PROA	127	PROA	130	1.521772
PROA	127	PROA	131	0.855337
PROA	127	PROA	132	0.073127
PROA	127	PROA	312	4.210891
PROA	127	PROA	313	2.697686
PROA	127	PROA	316	1.381699
PROA	128	PROA	129	2.195775
PROA	128	PROA	130	0.550689
PROA	128	PROA	131	2.285714
PROA	128	PROA	132	5.080859
PROA	128	PROA	160	0.116642
PROA	128	PROA	161	2.302831
PROA	128	PROA	162	1.952816
PROA	128	PROA	163	0.250313
PROA	128	PROA	313	0.100125
PROA	128	PROA	316	3.142857
PROA	129	PROA	130	2.000658
PROA	129	PROA	131	0.634335
PROA	129	PROA	132	2.494700
PROA	129	PROA	133	1.385071
PROA	129	PROA	157	1.590266
PROA	129	PROA	161	1.955180
PROA	129	PROA	162	0.064550
PROA	129	PROA	163	2.718843
PROA	129	PROA	221	1.193118
PROA	130	PROA	131	2.302880
PROA	130	PROA	132	0.612056
PROA	130	PROA	133	2.684211
PROA	130	PROA	134	2.526316
PROA	130	PROA	135	0.046829
PROA	130	PROA	214	1.720618
PROA	130	PROA	218	3.368421
PROA	130	PROA	221	2.114377
PROA	130	PROA	289	1.000000
PROA	130	PROA	293	1.057188
PROA	130	PROA	312	0.801002
PROA	130	PROA	313	1.894737
PROA	131	PROA	132	3.175537
PROA	131	PROA	133	0.450564
PROA	131	PROA	134	1.602004
PROA	131	PROA	135	2.895330
PROA	131	PROA	136	0.082479
PROA	131	PROA	308	2.152693
PROA	131	PROA	313	3.254070
PROA	131	PROA	316	2.000000
PROA	131	PROA	317	2.000000
PROA	131	PROA	318	0.377964
PROA	132	PROA	133	2.003094
PROA	132	PROA	134	0.723339
PROA	132	PROA	135	1.237684
PROA	132	PROA	136	0.733359
PROA	132	PROA	137	0.055641
PROA	132	PROA	161	0.877527
PROA	132	PROA	162	1.470294
PROA	132	PROA	163	4.006187
PROA	132	PROA	164	0.051709
PROA	132	PROA	165	0.111283
PROA	133	PROA	134	3.210526
PROA	133	PROA	135	0.421464
PROA	133	PROA	136	0.867110
PROA	133	PROA	137	1.526316
PROA	133	PROA	138	0.048912
PROA	133	PROA	150	1.263158
PROA	133	PROA	155	2.421053
PROA	133	PROA	163	1.421053
PROA	133	PROA	165	1.315789
PROA	133	PROA	214	2.580927
PROA	133	PROA	217	1.789474
PROA	133	PROA	221	0.890264
PROA	134	PROA	135	1.826342
PROA	134	PROA	136	1.040532
PROA	134	PROA	137	2.263158
PROA	134	PROA	138	0.782586
PROA	134	PROA	139	0.050063
PROA	134	PROA	211	0.736842
PROA	134	PROA	214	1.777972
PROA	134	PROA	289	0.157895
PROA	134	PROA	293	1.001547
PROA	134	PROA	304	2.351511
PROA	134	PROA	307	3.119548
PROA	134	PROA	308	3.210526
PROA	134	PROA	313	1.105263
PROA	135	PROA	136	2.546005
PROA	135	PROA	137	0.515122
PROA	135	PROA	138	2.088932
PROA	135	PROA	139	0.489979
PROA	135	PROA	308	2.622440
PROA	135	PROA	317	0.044544
PROA	135	PROA	322	1.423025
PROA	136	PROA	137	3.034885
PROA	136	PROA	138	0.644658
PROA	136	PROA	139	1.732051
PROA	136	PROA	140	1.647509
PROA	136	PROA	165	2.254486
PROA	137	PROA	138	2.054287
PROA	137	PROA	139	0.550689
PROA	137	PROA	140	2.947368
PROA	137	PROA	141	1.391037
PROA	137	PROA	142	0.069171
PROA	137	PROA	147	0.055641
PROA	137	PROA	150	0.578947
PROA	137	PROA	165	0.684211
PROA	137	PROA	210	1.854345
PROA	137	PROA	211	0.631579
PROA	137	PROA	214	1.089725
PROA	137	PROA	304	1.376494
PROA	138	PROA	139	2.279686
PROA	138	PROA	140	0.538028
PROA	138	PROA	141	1.964933
PROA	138	PROA	142	1.799908
PROA	138	PROA	143	0.067420
PROA	138	PROA	304	2.984810
PROA	138	PROA	305	2.422120
PROA	138	PROA	308	2.054287
PROA	138	PROA	322	0.055048
PROA	139	PROA	140	2.653319
PROA	139	PROA	141	0.476331
PROA	139	PROA	142	1.776470
PROA	139	PROA	143	0.414039
PROA	139	PROA	325	0.414039
PROA	139	PROA	326	0.056344
PROA	140	PROA	141	2.559508
PROA	140	PROA	142	0.830057
PROA	140	PROA	143	1.305857
PROA	140	PROA	144	0.429198
PROA	140	PROA	145	2.523573
PROA	140	PROA	146	0.105263
PROA	140	PROA	147	1.224113
PROA	140	PROA	165	0.105263
PROA	140	PROA	168	0.974679
PROA	141	PROA	142	3.583235
PROA	141	PROA	143	0.920358
PROA	141	PROA	144	1.490869
PROA	141	PROA	145	0.485071
PROA	141	PROA	304	2.425356
PROA	142	PROA	143	3.718504
PROA	142	PROA	144	1.692228
PROA	142	PROA	325	1.144155
PROA	142	PROA	328	0.161165
PROA	143	PROA	144	5.070926
PROA	143	PROA	145	1.739253
PROA	143	PROA	326	0.408248
PROA	143	PROA	327	0.800000
PROA	143	PROA	328	4.225771
PROA	143	PROA	329	0.848528
PROA	144	PROA	145	2.873058
PROA	144	PROA	146	0.245256
PROA	144	PROA	173	0.935414
PROA	144	PROA	174	0.084515
PROA	144	PROA	328	1.285714
PROA	145	PROA	146	3.269174
PROA	145	PROA	147	0.666973
PROA	145	PROA	171	1.818310
PROA	145	PROA	172	1.735055
PROA	145	PROA	173	1.687500
PROA	145	PROA	174	0.079057
PROA	145	PROA	329	0.894427
PROA	146	PROA	147	2.058735
PROA	146	PROA	148	3.371709
PROA	146	PROA	170	0.052632
PROA	146	PROA	171	0.507833
PROA	146	PROA	172	1.311220
PROA	146	PROA	173	0.516185
PROA	146	PROA	174	3.482286
PROA	146	PROA	175	0.132453
PROA	146	PROA	207	1.027144
PROA	146	PROA	209	1.157895
PROA	146	PROA	210	0.529813
PROA	147	PROA	148	3.069457
PROA	147	PROA	149	0.350070
PROA	147	PROA	150	2.225660
PROA	147	PROA	154	1.620509
PROA	147	PROA	165	1.001547
PROA	147	PROA	166	0.365636
PROA	147	PROA	167	1.120224
PROA	147	PROA	168	2.332002
PROA	147	PROA	170	0.723339
PROA	147	PROA	171	1.840716
PROA	147	PROA	172	0.198030
PROA	147	PROA	210	0.070014
PROA	148	PROA	149	2.710576
PROA	148	PROA	150	0.327805
PROA	148	PROA	170	1.404879
PROA	148	PROA	171	0.064550
PROA	148	PROA	172	1.500000
PROA	148	PROA	173	0.051031
PROA	148	PROA	174	0.839146
PROA	148	PROA	175	0.766032
PROA	148	PROA	178	0.049507
PROA	148	PROA	185	1.800298
PROA	148	PROA	186	4.532598
PROA	148	PROA	188	0.102062
PROA	148	PROA	209	0.234146
PROA	148	PROA	210	0.176777
PROA	149	PROA	150	2.649065
PROA	149	PROA	151	2.523376
PROA	149	PROA	154	0.231455
PROA	149	PROA	188	0.577350
PROA	149	PROA	190	0.077152
PROA	149	PROA	193	0.881917
PROA	149	PROA	194	1.473139
PROA	149	PROA	210	0.083333
PROA	149	PROA	213	0.174078
PROA	150	PROA	151	3.325989
PROA	150	PROA	152	0.061314
PROA	150	PROA	154	1.348907
PROA	150	PROA	155	1.947368
PROA	150	PROA	165	2.263158
PROA	150	PROA	193	0.550689
PROA	150	PROA	210	0.198680
PROA	150	PROA	213	0.760886
PROA	150	PROA	214	0.516185
PROA	150	PROA	217	2.368421
PROA	151	PROA	152	3.703719
PROA	151	PROA	153	2.571297
PROA	151	PROA	154	3.190896
PROA	151	PROA	155	0.684762
PROA	151	PROA	190	0.227921
PROA	151	PROA	193	2.093589
PROA	151	PROA	217	1.173878
PROA	152	PROA	153	3.303874
PROA	152	PROA	154	0.642857
PROA	152	PROA	155	2.391243
PROA	152	PROA	193	1.341387
PROA	152	PROA	217	2.268616
PROA	152	PROA	220	1.380131
PROA	153	PROA	154	3.465039
PROA	153	PROA	155	0.691714
PROA	153	PROA	156	0.069171
PROA	153	PROA	166	0.090909
PROA	154	PROA	155	3.433580
PROA	154	PROA	156	0.367884
PROA	154	PROA	164	0.056980
PROA	154	PROA	165	0.919709
PROA	154	PROA	166	3.223292
PROA	154	PROA	167	1.543033
PROA	155	PROA	156	2.578947
PROA	155	PROA	157	0.368421
PROA	155	PROA	163	2.684211
PROA	155	PROA	164	0.440204
PROA	155	PROA	165	3.368421
PROA	155	PROA	166	0.830057
PROA	155	PROA	217	1.263158
PROA	156	PROA	157	2.631579
PROA	156	PROA	158	0.061314
PROA	156	PROA	162	0.066227
PROA	156	PROA	163	0.947368
PROA	156	PROA	164	1.662994
PROA	156	PROA	165	0.157895
PROA	156	PROA	166	2.144315
PROA	157	PROA	158	3.249638
PROA	157	PROA	159	0.061314
PROA	157	PROA	161	0.622543
PROA	157	PROA	162	0.596040
PROA	157	PROA	163	3.315789
PROA	157	PROA	164	0.293470
PROA	158	PROA	159	3.642857
PROA	158	PROA	160	2.428571
PROA	158	PROA	161	1.933975
PROA	158	PROA	162	2.931764
PROA	158	PROA	163	0.245256
PROA	158	PROA	164	0.170941
PROA	159	PROA	160	3.214286
PROA	159	PROA	161	0.966988
PROA	160	PROA	161	3.465039
PROA	160	PROA	162	2.854612
PROA	161	PROA	162	3.655631
PROA	161	PROA	163	0.622543
PROA	162	PROA	163	2.384158
PROA	162	PROA	164	1.600189
PROA	163	PROA	164	4.206397
PROA	163	PROA	165	0.578947
PROA	164	PROA	165	2.494492
PROA	164	PROA	166	0.385695
PROA	165	PROA	166	3.873601
PROA	165	PROA	168	1.795462
PROA	166	PROA	167	4.613058
PROA	166	PROA	168	1.415820
PROA	167	PROA	168	3.743884
PROA	167	PROA	169	0.763763
PROA	167	PROA	170	0.066227
PROA	168	PROA	169	3.211586
PROA	168	PROA	170	0.461690
PROA	168	PROA	171	3.464823
PROA	169	PROA	170	4.075417
PROA	169	PROA	171	1.673320
PROA	170	PROA	171	3.192096
PROA	170	PROA	172	2.247806
PROA	170	PROA	186	0.059235
PROA	171	PROA	172	3.356586
PROA	172	PROA	173	2.908769
PROA	172	PROA	174	0.387298
PROA	172	PROA	175	0.176777
PROA	172	PROA	186	1.686548
PROA	172	PROA	329	0.045644
PROA	173	PROA	174	4.427189
PROA	173	PROA	175	0.288675
PROA	173	PROA	329	0.055902
PROA	174	PROA	175	4.381780
PROA	174	PROA	176	0.507093
PROA	174	PROA	207	1.078720
PROA	175	PROA	176	4.243342
PROA	175	PROA	177	0.750000
PROA	175	PROA	178	2.520504
PROA	175	PROA	185	0.385758
PROA	176	PROA	177	3.934735
PROA	176	PROA	178	0.583383
PROA	177	PROA	178	3.990798
PROA	177	PROA	185	0.231455
PROA	177	PROA	203	0.061546
PROA	177	PROA	204	0.218218
PROA	177	PROA	205	0.566947
PROA	178	PROA	185	3.305839
PROA	178	PROA	205	0.688033
PROA	185	PROA	186	3.243308
PROA	185	PROA	187	0.408248
PROA	185	PROA	198	2.759127
PROA	185	PROA	205	3.615913
PROA	185	PROA	209	0.183942
PROA	185	PROB	71	0.218218
PROA	186	PROA	187	2.479119
PROA	186	PROA	188	3.743884
PROA	186	PROA	194	0.210819
PROA	186	PROA	198	0.296174
PROA	187	PROA	188	3.000496
PROA	187	PROA	189	0.207020
PROA	187	PROA	194	1.514480
PROA	187	PROA	198	2.052567
PROA	187	PROA	199	1.746545
PROA	187	PROA	233	0.761905
PROA	187	PROB	68	2.366432
PROA	187	PROB	69	1.702129
PROA	187	PROB	71	3.786201
PROA	188	PROA	189	3.162278
PROA	188	PROA	190	0.334077
PROA	188	PROA	194	1.275776
PROA	189	PROA	190	4.225771
PROA	189	PROA	191	0.129099
PROA	189	PROA	194	0.451848
PROA	190	PROA	191	3.055050
PROA	190	PROA	192	2.945942
PROA	190	PROA	193	0.874818
PROA	190	PROA	194	0.763763
PROA	191	PROA	192	1.625000
PROA	191	PROA	193	0.400892
PROA	191	PROA	194	2.875000
PROA	191	PROA	199	0.445566
PROA	191	PROA	230	0.154303
PROA	191	PROA	231	0.609272
PROA	191	PROA	232	1.782266
PROA	191	PROA	233	2.405351
PROA	191	PROA	236	2.722906
PROA	191	PROB	68	1.475730
PROA	192	PROA	193	3.875288
PROA	192	PROA	194	0.583333
PROA	192	PROA	212	0.041667
PROA	192	PROA	216	0.246183
PROA	192	PROA	226	2.618615
PROA	192	PROA	228	0.821584
PROA	192	PROA	229	0.490990
PROA	192	PROA	230	0.231455
PROA	192	PROA	236	1.485221
PROA	193	PROA	194	2.004459
PROA	193	PROA	195	0.345033
PROA	193	PROA	209	0.050063
PROA	193	PROA	212	0.534522
PROA	193	PROA	213	2.829192
PROA	193	PROA	216	1.973855
PROA	193	PROA	217	1.101378
PROA	193	PROA	220	0.732467
PROA	193	PROA	226	0.116642
PROA	194	PROA	195	3.614784
PROA	194	PROA	196	0.163663
PROA	194	PROA	198	1.545367
PROA	194	PROA	199	2.574384
PROA	194	PROA	209	0.046829
PROA	194	PROA	212	0.583333
PROA	194	PROA	236	0.247537
PROA	194	PROA	240	0.140488
PROA	195	PROA	196	5.155441
PROA	195	PROA	197	2.122891
PROA	195	PROA	198	2.756810
PROA	195	PROA	199	1.303840
PROA	195	PROA	209	1.596048
PROA	195	PROA	212	3.614784
PROA	195	PROA	240	0.290191
PROA	195	PROA	301	1.161895
PROA	196	PROA	197	4.071387
PROA	196	PROA	198	0.490511
PROA	196	PROA	199	1.879791
PROA	196	PROA	200	2.084674
PROA	196	PROA	201	0.071429
PROA	196	PROA	212	2.073070
PROA	196	PROA	237	1.226279
PROA	196	PROA	240	3.740150
PROA	196	PROA	241	0.061314
PROA	196	PROA	244	0.061314
PROA	196	PROA	296	2.330696
PROA	196	PROA	298	0.071429
PROA	196	PROA	301	0.981981
PROA	197	PROA	198	4.324147
PROA	197	PROA	199	0.688847
PROA	197	PROA	200	2.606335
PROA	197	PROA	201	3.036288
PROA	197	PROA	205	0.394405
PROA	197	PROA	206	0.759072
PROA	197	PROA	208	0.077850
PROA	197	PROA	209	0.177705
PROA	197	PROA	255	0.947758
PROA	197	PROA	296	0.057735
PROA	197	PROA	298	2.829269
PROA	197	PROA	301	1.475730
PROA	198	PROA	199	2.782074
PROA	198	PROA	200	0.526316
PROA	198	PROA	201	0.674453
PROA	198	PROA	205	2.102630
PROA	198	PROA	206	0.183942
PROA	198	PROA	209	1.473684
PROA	198	PROB	71	1.779513
PROA	199	PROA	200	2.392584
PROA	199	PROA	201	0.453743
PROA	199	PROA	233	2.646281
PROA	199	PROA	236	1.176471
PROA	199	PROA	237	2.392584
PROA	199	PROA	240	0.778981
PROA	199	PROB	68	0.062622
PROA	199	PROB	71	1.336699
PROA	200	PROA	201	3.372266
PROA	200	PROA	202	0.345857
PROA	200	PROA	233	0.200250
PROA	200	PROA	237	1.894737
PROA	200	PROA	241	0.105263
PROA	200	PROA	255	3.105263
PROA	200	PROA	257	0.981023
PROA	200	PROA	260	3.337191
PROA	200	PROA	261	0.093659
PROA	200	PROA	264	2.894737
PROA	200	PROA	296	1.077277
PROA	200	PROB	71	1.264391
PROA	200	PROB	73	0.429198
PROA	201	PROA	202	3.465039
PROA	201	PROA	203	0.911685
PROA	201	PROA	204	0.202031
PROA	201	PROA	205	2.157884
PROA	201	PROA	254	0.241747
PROA	201	PROA	255	2.391243
PROA	201	PROA	256	3.249638
PROA	201	PROA	257	2.642857
PROA	201	PROB	71	2.073070
PROA	202	PROA	203	3.535534
PROA	202	PROA	205	1.908060
PROA	202	PROA	256	0.069171
PROA	202	PROA	257	1.772811
PROA	202	PROB	70	0.636364
PROA	202	PROB	71	2.769559
PROA	203	PROA	204	3.706786
PROA	203	PROA	205	1.116581
PROA	203	PROA	256	1.516260
PROA	203	PROA	257	0.056980
PROA	203	PROB	22	0.103418
PROA	204	PROA	205	3.134187
PROA	204	PROA	206	0.505076
PROA	204	PROA	256	2.774752
PROA	205	PROA	206	2.741096
PROA	205	PROA	207	0.046524
PROA	205	PROA	256	0.100125
PROA	205	PROB	71	1.692655
PROA	206	PROA	207	3.247876
PROA	206	PROA	208	0.805823
PROA	206	PROA	209	0.306570
PROA	206	PROA	298	2.071429
PROA	206	PROA	299	2.463174
PROA	207	PROA	208	2.442733
PROA	207	PROA	209	1.809729
PROA	208	PROA	209	3.942772
PROA	208	PROA	210	0.696311
PROA	208	PROA	211	1.729286
PROA	208	PROA	212	0.984732
PROA	208	PROA	213	0.090909
PROA	208	PROA	298	2.336887
PROA	208	PROA	301	3.385016
PROA	209	PROA	210	3.973597
PROA	209	PROA	211	0.421053
PROA	209	PROA	212	1.498537
PROA	209	PROA	213	1.383429
PROA	209	PROA	301	0.561951
PROA	210	PROA	211	2.384158
PROA	210	PROA	212	0.766032
PROA	210	PROA	213	3.220437
PROA	210	PROA	214	1.371207
PROA	210	PROA	215	0.109109
PROA	211	PROA	212	2.013659
PROA	211	PROA	213	0.899229
PROA	211	PROA	214	1.663264
PROA	211	PROA	215	0.606977
PROA	211	PROA	292	0.195646
PROA	211	PROA	293	3.338489
PROA	211	PROA	301	1.217562
PROA	211	PROA	302	2.947368
PROA	211	PROA	303	0.473879
PROA	211	PROA	304	2.236803
PROA	211	PROA	307	0.798024
PROA	212	PROA	213	3.077287
PROA	212	PROA	214	0.459279
PROA	212	PROA	215	0.925820
PROA	212	PROA	216	1.784827
PROA	212	PROA	228	1.688811
PROA	212	PROA	240	1.592196
PROA	212	PROA	244	0.889757
PROA	212	PROA	293	1.287192
PROA	212	PROA	294	2.622440
PROA	212	PROA	295	1.036535
PROA	212	PROA	296	0.228218
PROA	212	PROA	301	2.833333
PROA	213	PROA	214	3.618136
PROA	213	PROA	215	1.481487
PROA	213	PROA	216	3.000000
PROA	213	PROA	217	1.936800
PROA	213	PROA	218	0.069171
PROA	214	PROA	215	3.685154
PROA	214	PROA	216	0.904534
PROA	214	PROA	217	2.925051
PROA	214	PROA	218	0.975017
PROA	214	PROA	219	0.079057
PROA	214	PROA	293	1.515848
PROA	215	PROA	216	3.874660
PROA	215	PROA	217	1.387376
PROA	215	PROA	218	2.601330
PROA	215	PROA	219	1.792843
PROA	215	PROA	227	0.173422
PROA	215	PROA	290	1.994353
PROA	215	PROA	293	2.658426
PROA	215	PROA	294	3.034885
PROA	216	PROA	217	2.559344
PROA	216	PROA	218	0.622543
PROA	216	PROA	219	2.765042
PROA	216	PROA	220	1.012049
PROA	216	PROA	227	2.005972
PROA	216	PROA	228	0.404520
PROA	216	PROA	290	0.069171
PROA	216	PROA	294	2.144315
PROA	217	PROA	218	2.105263
PROA	217	PROA	219	0.943119
PROA	217	PROA	220	1.362402
PROA	217	PROA	221	2.336943
PROA	218	PROA	219	3.119548
PROA	218	PROA	220	0.829288
PROA	218	PROA	221	3.839263
PROA	218	PROA	222	3.421053
PROA	218	PROA	286	1.523500
PROA	218	PROA	289	0.315789
PROA	218	PROA	290	3.263158
PROA	218	PROA	293	0.166924
PROA	218	PROA	312	0.150188
PROA	219	PROA	220	3.347636
PROA	219	PROA	221	0.997054
PROA	219	PROA	222	1.886238
PROA	219	PROA	223	1.430194
PROA	219	PROA	224	0.253546
PROA	219	PROA	225	0.258199
PROA	219	PROA	226	0.084515
PROA	219	PROA	227	2.901905
PROA	219	PROA	279	1.838478
PROA	219	PROA	290	1.233310
PROA	219	PROA	294	0.652929
PROA	220	PROA	221	2.504897
PROA	220	PROA	222	0.829288
PROA	220	PROA	223	1.868397
PROA	220	PROA	224	1.932184
PROA	220	PROA	225	1.581139
PROA	220	PROA	226	1.794170
PROA	220	PROA	227	0.059235
PROA	221	PROA	222	2.281301
PROA	221	PROA	223	0.731272
PROA	221	PROA	224	0.194461
PROA	222	PROA	223	3.112715
PROA	222	PROA	224	0.183942
PROA	222	PROA	279	2.975337
PROA	222	PROA	282	1.741143
PROA	222	PROA	286	0.580381
PROA	222	PROA	287	0.578947
PROA	222	PROA	290	0.473684
PROA	223	PROA	224	4.754355
PROA	223	PROA	225	2.584921
PROA	223	PROA	279	1.280980
PROA	224	PROA	225	2.291288
PROA	224	PROA	226	0.142857
PROA	225	PROA	226	3.764259
PROA	225	PROA	227	0.327805
PROA	225	PROA	229	0.054554
PROA	225	PROA	278	0.234146
PROA	226	PROA	227	2.207302
PROA	226	PROA	228	1.494036
PROA	226	PROA	229	2.571429
PROA	227	PROA	228	5.181191
PROA	227	PROA	229	0.674453
PROA	227	PROA	239	0.055641
PROA	227	PROA	243	2.526316
PROA	227	PROA	275	0.749269
PROA	227	PROA	278	2.157895
PROA	227	PROA	279	0.461690
PROA	227	PROA	290	0.052632
PROA	227	PROA	294	2.000000
PROA	228	PROA	229	3.047833
PROA	228	PROA	230	0.676123
PROA	228	PROA	236	2.006607
PROA	228	PROA	239	2.223537
PROA	228	PROA	240	3.590924
PROA	228	PROA	243	1.795462
PROA	228	PROA	244	0.615587
PROA	228	PROA	275	0.045644
PROA	228	PROA	294	1.179875
PROA	229	PROA	230	4.242641
PROA	229	PROA	231	0.512823
PROA	229	PROA	236	0.713024
PROA	229	PROA	239	2.333533
PROA	230	PROA	231	3.062127
PROA	230	PROA	232	0.916698
PROA	230	PROA	235	1.418416
PROA	230	PROA	236	3.116775
PROA	230	PROA	239	2.016737
PROA	231	PROA	232	4.033284
PROA	231	PROA	235	0.492366
PROA	232	PROA	233	1.799471
PROA	232	PROA	234	0.667698
PROA	232	PROA	235	3.710742
PROA	232	PROA	236	1.117647
PROA	232	PROA	237	0.055641
PROA	233	PROA	234	3.254070
PROA	233	PROA	235	0.755929
PROA	233	PROA	236	1.111438
PROA	233	PROA	237	1.551941
PROA	233	PROB	68	3.887710
PROA	233	PROB	71	1.247219
PROA	233	PROB	72	0.623610
PROA	233	PROB	73	1.982920
PROA	233	PROB	76	1.652066
PROA	234	PROA	235	2.715291
PROA	234	PROA	236	0.667698
PROA	234	PROA	237	1.894737
PROA	234	PROA	238	1.839418
PROA	234	PROA	263	1.051315
PROA	234	PROB	73	2.452557
PROA	234	PROB	74	0.066227
PROA	234	PROB	76	2.684211
PROA	234	PROB	77	2.820441
PROA	234	PROB	80	1.720618
PROA	235	PROA	236	3.010602
PROA	235	PROA	237	0.927173
PROA	235	PROA	238	3.471825
PROA	235	PROA	239	1.470294
PROA	236	PROA	237	2.448225
PROA	236	PROA	238	0.583383
PROA	236	PROA	239	2.000000
PROA	236	PROA	240	1.391037
PROA	237	PROA	238	2.391243
PROA	237	PROA	239	0.612056
PROA	237	PROA	240	2.000000
PROA	237	PROA	241	2.315789
PROA	237	PROA	242	0.086711
PROA	237	PROA	263	0.050063
PROA	237	PROA	264	0.157895
PROA	237	PROB	73	0.490511
PROA	238	PROA	239	2.333533
PROA	238	PROA	240	0.551825
PROA	238	PROA	241	1.839418
PROA	238	PROA	242	1.111168
PROA	238	PROA	243	0.061314
PROA	238	PROA	267	0.061314
PROA	239	PROA	240	2.336943
PROA	239	PROA	241	0.834622
PROA	239	PROA	242	1.558387
PROA	239	PROA	243	1.335396
PROA	239	PROA	244	0.055641
PROA	240	PROA	241	3.157895
PROA	240	PROA	242	0.780399
PROA	240	PROA	243	0.736842
PROA	240	PROA	244	2.157895
PROA	240	PROA	245	0.173422
PROA	240	PROA	296	1.025978
PROA	241	PROA	242	3.034885
PROA	241	PROA	243	0.526316
PROA	241	PROA	244	0.578947
PROA	241	PROA	245	2.254486
PROA	241	PROA	246	0.553372
PROA	241	PROA	247	1.471534
PROA	241	PROA	264	1.789474
PROA	241	PROA	267	0.315789
PROA	241	PROA	270	0.978232
PROA	241	PROA	296	1.795462
PROA	242	PROA	243	3.295018
PROA	242	PROA	244	0.520266
PROA	242	PROA	245	1.000000
PROA	242	PROA	270	2.578633
PROA	242	PROA	271	0.101015
PROA	242	PROA	273	0.755929
PROA	243	PROA	244	3.368421
PROA	243	PROA	245	0.867110
PROA	243	PROA	271	0.061314
PROA	243	PROA	272	0.635851
PROA	243	PROA	273	3.269174
PROA	243	PROA	275	0.842927
PROA	243	PROA	278	2.526316
PROA	244	PROA	245	3.208307
PROA	244	PROA	246	0.138343
PROA	244	PROA	272	3.717282
PROA	244	PROA	273	0.229416
PROA	244	PROA	275	1.030244
PROA	244	PROA	294	1.473684
PROA	244	PROA	295	1.410220
PROA	244	PROA	296	2.257152
PROA	245	PROA	246	4.102581
PROA	245	PROA	247	0.707107
PROA	245	PROA	270	2.175722
PROA	245	PROA	271	1.919290
PROA	245	PROA	272	2.417469
PROA	245	PROA	273	0.283473
PROA	245	PROA	296	0.084515
PROA	246	PROA	247	5.157267
PROA	246	PROA	248	0.363636
PROA	246	PROA	268	0.080582
PROA	246	PROA	269	2.193817
PROA	246	PROA	270	2.635580
PROA	246	PROA	271	0.241747
PROA	246	PROA	272	0.064282
PROA	247	PROA	248	3.706786
PROA	247	PROA	249	0.324102
PROA	247	PROA	251	1.697337
PROA	247	PROA	252	2.697813
PROA	247	PROA	264	1.716790
PROA	247	PROA	265	0.061314
PROA	247	PROA	296	1.314751
PROA	248	PROA	249	3.802617
PROA	248	PROA	250	2.413347
PROA	248	PROA	251	5.048252
PROA	248	PROA	252	1.037572
PROA	248	PROA	297	0.080582
PROA	248	PROA	300	0.835672
PROA	249	PROA	250	2.379652
PROA	249	PROA	251	0.840168
PROA	249	PROA	252	3.672338
PROA	249	PROA	253	0.777844
PROA	249	PROA	265	1.947452
PROA	250	PROA	251	3.130495
PROA	250	PROA	252	0.651584
PROA	250	PROA	253	1.449138
PROA	250	PROA	254	0.544949
PROA	250	PROA	297	0.345033
PROA	250	PROA	300	0.440386
PROA	251	PROA	252	2.980198
PROA	251	PROA	253	0.925820
PROA	251	PROA	254	2.088932
PROA	251	PROA	255	0.596040
PROA	251	PROA	296	0.387298
PROA	251	PROA	297	3.240370
PROA	251	PROA	300	1.784827
PROA	252	PROA	253	2.513871
PROA	252	PROA	254	0.830057
PROA	252	PROA	255	1.684211
PROA	252	PROA	261	2.903416
PROA	252	PROA	264	1.894737
PROA	252	PROA	265	3.631579
PROA	253	PROA	254	3.384456
PROA	253	PROA	255	0.735767
PROA	253	PROA	261	0.272772
PROA	254	PROA	255	3.735258
PROA	254	PROA	256	0.760886
PROA	254	PROA	297	1.289317
PROA	254	PROA	298	0.322329
PROA	254	PROA	299	1.023781
PROA	255	PROA	256	3.052632
PROA	255	PROA	257	1.716790
PROA	255	PROA	260	0.725476
PROA	255	PROA	261	2.200977
PROA	255	PROA	264	1.105263
PROA	255	PROA	296	0.666886
PROA	255	PROA	297	0.061314
PROA	256	PROA	257	2.636499
PROA	256	PROA	258	0.368421
PROA	257	PROA	258	2.207302
PROA	257	PROA	259	1.253566
PROA	257	PROA	260	4.648348
PROA	257	PROA	261	0.981981
PROA	257	PROA	262	0.071429
PROA	257	PROB	70	0.080582
PROA	257	PROB	71	1.145644
PROA	257	PROB	72	0.381881
PROA	257	PROB	73	0.142857
PROA	258	PROA	259	3.081431
PROA	258	PROA	260	1.015667
PROA	258	PROA	261	2.809757
PROA	258	PROA	262	3.740150
PROA	258	PROA	263	0.050063
PROA	259	PROA	260	2.224860
PROA	259	PROA	261	0.435194
PROA	259	PROA	262	1.253566
PROA	259	PROA	263	0.651339
PROA	259	PROA	264	0.048912
PROA	259	PROB	14	1.025645
PROA	259	PROB	19	0.307729
PROA	259	PROB	72	3.307475
PROA	259	PROB	73	0.170941
PROA	259	PROB	74	0.923186
PROA	260	PROA	261	2.646539
PROA	260	PROA	262	0.676123
PROA	260	PROA	263	2.139203
PROA	260	PROA	264	1.523500
PROA	260	PROA	265	0.072548
PROA	260	PROB	71	0.129099
PROA	260	PROB	73	2.366432
PROA	261	PROA	262	4.255249
PROA	261	PROA	263	0.623610
PROA	261	PROA	264	1.826342
PROA	261	PROA	265	1.920001
PROA	261	PROA	266	0.061546
PROA	262	PROA	263	2.274526
PROA	262	PROA	264	0.797081
PROA	262	PROA	265	1.287593
PROA	262	PROA	266	1.611646
PROA	262	PROA	267	0.061314
PROA	263	PROA	264	2.403006
PROA	263	PROA	265	0.500626
PROA	263	PROA	266	1.513289
PROA	263	PROA	267	2.853569
PROA	263	PROB	73	3.032702
PROA	263	PROB	74	2.393775
PROA	263	PROB	77	2.041241
PROA	264	PROA	265	2.210526
PROA	264	PROA	266	0.830057
PROA	264	PROA	267	1.631579
PROA	264	PROA	296	1.538968
PROA	265	PROA	266	3.389401
PROA	265	PROA	267	0.473684
PROA	266	PROA	267	3.112715
PROA	266	PROA	268	0.402911
PROA	267	PROA	268	4.598545
PROA	267	PROA	269	0.333849
PROA	268	PROA	269	2.139072
PROA	268	PROA	270	0.398862
PROA	269	PROA	270	3.774740
PROA	269	PROA	271	1.101946
PROA	270	PROA	271	2.792034
PROA	270	PROA	272	0.181818
PROA	271	PROA	272	2.905995
PROA	271	PROA	273	0.668153
PROA	271	PROA	274	0.071429
PROA	272	PROA	273	2.824909
PROA	272	PROA	274	0.626783
PROA	272	PROA	275	1.044466
PROA	272	PROA	291	1.107823
PROA	273	PROA	274	4.209365
PROA	273	PROA	275	0.204124
PROA	273	PROA	277	1.735055
PROA	273	PROA	278	1.491202
PROA	274	PROA	275	1.800298
PROA	274	PROA	276	1.714286
PROA	274	PROA	277	2.564060
PROA	274	PROA	278	0.551825
PROA	275	PROA	276	2.127624
PROA	275	PROA	277	0.583333
PROA	275	PROA	278	2.294635
PROA	275	PROA	279	1.917029
PROA	275	PROA	287	2.903416
PROA	275	PROA	290	1.123903
PROA	275	PROA	291	3.594459
PROA	275	PROA	294	1.966830
PROA	276	PROA	277	2.345842
PROA	276	PROA	278	0.490511
PROA	276	PROA	279	1.314751
PROA	276	PROA	280	1.142857
PROA	276	PROA	287	1.716790
PROA	277	PROA	278	1.873172
PROA	277	PROA	279	0.502079
PROA	277	PROA	280	0.490990
PROA	278	PROA	279	3.796120
PROA	278	PROA	280	0.674453
PROA	279	PROA	280	3.227117
PROA	279	PROA	281	0.537853
PROA	279	PROA	282	2.474874
PROA	279	PROA	287	2.667544
PROA	279	PROA	290	0.974679
PROA	280	PROA	281	4.714286
PROA	280	PROA	282	0.507093
PROA	281	PROA	282	3.296102
PROA	281	PROA	283	0.308607
PROA	282	PROA	283	3.925345
PROA	282	PROA	284	0.476731
PROA	282	PROA	286	0.100000
PROA	282	PROA	287	1.886238
PROA	283	PROA	284	3.829708
PROA	283	PROA	285	3.754290
PROA	283	PROA	286	2.373464
PROA	283	PROA	287	1.059626
PROA	283	PROA	312	1.196887
PROA	284	PROA	285	2.956992
PROA	284	PROA	286	0.762770
PROA	284	PROA	287	2.628515
PROA	284	PROA	288	1.044466
PROA	285	PROA	286	2.359700
PROA	285	PROA	287	0.538028
PROA	285	PROA	288	1.538644
PROA	285	PROA	289	0.538028
PROA	285	PROA	290	0.048912
PROA	285	PROA	310	0.051709
PROA	285	PROA	311	1.139606
PROA	285	PROA	312	3.396267
PROA	286	PROA	287	3.482286
PROA	286	PROA	288	0.821584
PROA	286	PROA	289	1.668595
PROA	286	PROA	290	1.088214
PROA	286	PROA	291	0.091287
PROA	286	PROA	312	3.450328
PROA	287	PROA	288	2.582838
PROA	287	PROA	289	0.736842
PROA	287	PROA	290	2.578947
PROA	287	PROA	291	0.794719
PROA	288	PROA	289	2.649065
PROA	288	PROA	290	0.596040
PROA	288	PROA	291	1.666667
PROA	288	PROA	292	2.892650
PROA	288	PROA	310	0.210042
PROA	289	PROA	290	2.421053
PROA	289	PROA	291	0.927173
PROA	289	PROA	292	1.858641
PROA	289	PROA	293	2.281301
PROA	289	PROA	302	1.368421
PROA	289	PROA	306	0.055641
PROA	289	PROA	307	2.611715
PROA	289	PROA	310	4.117470
PROA	289	PROA	312	0.951190
PROA	289	PROA	313	0.631579
PROA	290	PROA	291	3.245104
PROA	290	PROA	292	0.586939
PROA	290	PROA	293	1.613603
PROA	290	PROA	294	3.157895
PROA	291	PROA	292	2.831104
PROA	291	PROA	293	0.910182
PROA	291	PROA	294	1.655665
PROA	291	PROA	295	1.157275
PROA	292	PROA	293	2.120060
PROA	292	PROA	294	0.391293
PROA	292	PROA	295	0.740744
PROA	292	PROA	300	0.045455
PROA	292	PROA	301	0.696311
PROA	292	PROA	302	3.325989
PROA	292	PROA	310	1.654681
PROA	293	PROA	294	3.282848
PROA	293	PROA	295	0.777844
PROA	293	PROA	301	1.039655
PROA	293	PROA	302	1.947452
PROA	293	PROA	307	1.227144
PROA	294	PROA	295	2.636499
PROA	294	PROA	296	0.205196
PROA	295	PROA	296	2.868549
PROA	295	PROA	297	2.142857
PROA	295	PROA	298	0.142857
PROA	295	PROA	300	1.994310
PROA	295	PROA	301	3.436932
PROA	296	PROA	297	3.346640
PROA	296	PROA	298	0.537853
PROA	296	PROA	301	0.821584
PROA	297	PROA	298	4.571429
PROA	297	PROA	299	1.490869
PROA	297	PROA	300	5.470108
PROA	297	PROA	301	1.636634
PROA	298	PROA	299	3.954043
PROA	298	PROA	300	0.740744
PROA	298	PROA	301	5.455447
PROA	299	PROA	300	2.275186
PROA	299	PROA	301	0.495074
PROA	300	PROA	301	1.827815
PROA	300	PROA	302	0.195646
PROA	301	PROA	302	1.966830
PROA	301	PROA	303	0.316228
PROA	302	PROA	303	4.146442
PROA	302	PROA	304	0.401478
PROA	302	PROA	306	1.947452
PROA	302	PROA	307	3.772477
PROA	302	PROA	310	1.724886
PROA	303	PROA	304	2.646539
PROA	303	PROA	305	1.200000
PROA	303	PROA	306	3.193744
PROA	303	PROA	307	1.143095
PROA	303	PROA	308	0.059235
PROA	304	PROA	305	3.872983
PROA	304	PROA	306	0.666973
PROA	304	PROA	307	2.371708
PROA	304	PROA	308	1.089725
PROA	305	PROA	306	2.818009
PROA	305	PROA	307	0.898146
PROA	305	PROA	308	2.191691
PROA	305	PROA	309	0.816497
PROA	306	PROA	307	2.837770
PROA	306	PROA	308	0.945905
PROA	306	PROA	309	2.991163
PROA	306	PROA	310	1.294118
PROA	307	PROA	308	3.119548
PROA	307	PROA	309	1.000000
PROA	307	PROA	310	1.457233
PROA	307	PROA	313	0.652929
PROA	308	PROA	309	2.901905
PROA	308	PROA	310	0.500773
PROA	308	PROA	313	1.789474
PROA	308	PROA	317	2.302880
PROA	309	PROA	310	3.374646
PROA	309	PROA	311	0.591608
PROA	309	PROA	317	2.484236
PROA	310	PROA	311	4.213324
PROA	310	PROA	312	1.270215
PROA	310	PROA	313	0.778981
PROA	310	PROA	314	0.187867
PROA	311	PROA	312	2.391169
PROA	311	PROA	313	0.551825
PROA	311	PROA	314	1.725164
PROA	312	PROA	313	4.355448
PROA	312	PROA	314	0.563436
PROA	312	PROA	315	0.052926
PROA	313	PROA	314	2.132456
PROA	313	PROA	315	0.445132
PROA	313	PROA	316	1.101378
PROA	313	PROA	317	1.602004
PROA	314	PROA	315	3.256366
PROA	314	PROA	316	0.507093
PROA	314	PROA	317	1.014185
PROA	315	PROA	316	4.286975
PROA	315	PROA	317	0.370479
PROA	316	PROA	317	2.142857
PROA	316	PROA	318	0.314970
PROA	317	PROA	318	3.779645
PROA	317	PROA	319	2.157884
PROA	318	PROA	319	4.397645
PROA	318	PROA	320	2.611165
PROA	319	PROA	320	3.545621
PROA	319	PROA	321	0.385758
PROA	320	PROA	321	3.655631
PROA	320	PROA	322	0.389249
PROA	321	PROA	322	3.950387
PROA	321	PROA	323	0.231455
PROA	322	PROA	323	4.899465
PROA	322	PROA	324	0.296174
PROA	323	PROA	324	2.820441
PROA	323	PROA	325	0.422577
PROA	324	PROA	325	3.845024
PROA	324	PROA	326	0.355409
PROA	325	PROA	326	3.347636
PROA	325	PROA	327	0.400000
PROA	326	PROA	327	3.102687
PROA	326	PROA	328	0.207020
PROA	327	PROA	328	5.578018
PROA	327	PROA	329	0.424264
PROA	328	PROA	329	2.569742
PROA	328	PROA	330	0.455842
PROA	329	PROA	330	2.765042
PROA	329	PROA	331	0.350000
PROA	330	PROA	331	2.765042
PROA	331	PROA	332	5.099428
PROA	331	PROA	333	1.898142
PROA	331	PROA	335	1.436370
PROA	331	PROA	346	2.103256
PROA	331	PROA	350	0.981495
PROA	332	PROA	333	3.920784
PROA	332	PROA	346	0.331133
PROA	332	PROA	350	0.074536
PROA	333	PROA	334	3.506856
PROA	333	PROA	335	1.279754
PROA	333	PROA	338	0.723339
PROA	333	PROA	346	1.391037
PROA	334	PROA	335	3.080214
PROA	334	PROA	336	1.565248
PROA	334	PROA	338	0.473879
PROA	335	PROA	336	3.046424
PROA	335	PROA	337	0.397360
PROA	335	PROA	338	1.947368
PROA	335	PROA	343	2.315789
PROA	335	PROA	346	0.421053
PROA	336	PROA	337	3.750000
PROA	336	PROA	338	0.662266
PROA	337	PROA	338	2.516611
PROA	337	PROA	339	0.848668
PROA	338	PROA	339	4.905115
PROA	338	PROA	340	0.244558
PROA	338	PROA	342	2.445580
PROA	338	PROA	343	4.000000
PROA	338	PROA	346	0.894737
PROA	339	PROA	340	1.880350
PROA	339	PROA	341	2.415229
PROA	339	PROA	342	2.849014
PROA	339	PROA	343	1.103651
PROA	340	PROA	341	3.137747
PROA	340	PROA	342	0.590909
PROA	340	PROA	343	1.809729
PROA	340	PROA	344	0.636364
PROA	341	PROA	342	3.743277
PROA	341	PROA	343	0.473879
PROA	341	PROA	344	1.651446
PROA	341	PROA	345	0.866667
PROA	342	PROA	343	2.054287
PROA	342	PROA	344	0.500000
PROA	342	PROA	345	3.908421
PROA	342	PROA	346	0.978232
PROA	343	PROA	344	1.809729
PROA	343	PROA	345	0.651584
PROA	343	PROA	346	2.210526
PROA	343	PROA	347	2.000000
PROA	343	PROA	348	0.051299
PROA	344	PROA	345	2.367072
PROA	344	PROA	346	0.440204
PROA	344	PROA	347	2.152110
PROA	344	PROA	348	0.762770
PROA	344	PROA	349	0.055048
PROA	345	PROA	346	2.428630
PROA	345	PROA	347	0.651584
PROA	345	PROA	348	1.327906
PROA	345	PROA	349	1.133333
PROA	345	PROA	350	0.066667
PROA	346	PROA	347	2.210526
PROA	346	PROA	348	0.615587
PROA	346	PROA	349	1.658577
PROA	346	PROA	350	1.599342
PROA	346	PROA	351	0.061314
PROA	347	PROA	348	2.462348
PROA	347	PROA	349	0.592349
PROA	347	PROA	350	1.125463
PROA	347	PROA	351	1.655476
PROA	348	PROA	349	3.406367
PROA	348	PROA	350	0.635085
PROA	348	PROA	351	1.374513
PROA	348	PROA	352	0.424264
PROA	349	PROA	350	2.866667
PROA	349	PROA	351	0.897085
PROA	349	PROA	352	1.551344
PROA	350	PROA	351	3.105295
PROA	350	PROA	352	0.979796
PROA	350	PROA	353	0.105409
PROA	350	PROA	354	0.230940
PROA	351	PROA	352	3.380617
PROA	351	PROA	353	0.545545
PROA	351	PROA	354	3.286879
PROA	351	PROA	355	0.518563
PROA	352	PROA	353	3.033837
PROA	352	PROA	354	0.848528
PROA	352	PROA	355	1.764019
PROA	352	PROA	358	2.898275
PROA	353	PROA	354	4.153563
PROA	353	PROA	355	0.544581
PROA	353	PROA	358	2.227177
PROA	354	PROA	355	2.223537
PROA	354	PROA	356	0.239046
PROA	355	PROA	356	4.926348
PROA	355	PROA	357	0.458349
PROA	355	PROA	358	1.111438
PROA	356	PROA	357	3.030458
PROA	356	PROA	358	0.524891
PROA	357	PROA	358	2.721794
PROA	357	PROA	359	0.771517
PROA	357	PROA	360	0.109109
PROA	358	PROA	359	5.790660
PROA	358	PROA	360	0.125988
PROA	359	PROA	360	2.415948
PROB	1	PROB	2	2.837770
PROB	1	PROB	3	0.563602
PROB	1	PROB	4	2.117024
PROB	1	PROB	5	1.100038
PROB	1	PROB	6	0.064820
PROB	1	PROB	57	1.551263
PROB	2	PROB	3	4.082483
PROB	2	PROB	4	0.828079
PROB	2	PROB	5	1.912366
PROB	2	PROB	6	1.690309
PROB	2	PROB	7	0.072548
PROB	3	PROB	4	2.197401
PROB	3	PROB	5	1.171080
PROB	3	PROB	6	1.932184
PROB	3	PROB	7	0.829288
PROB	3	PROB	82	1.352247
PROB	3	PROB	86	4.518481
PROB	4	PROB	5	3.711537
PROB	4	PROB	6	0.816497
PROB	4	PROB	7	1.802254
PROB	4	PROB	8	2.953694
PROB	4	PROB	9	0.052926
PROB	4	PROB	50	1.126872
PROB	4	PROB	55	1.401753
PROB	4	PROB	56	0.377964
PROB	4	PROB	57	4.466324
PROB	4	PROB	60	0.100125
PROB	4	PROB	82	2.095238
PROB	5	PROB	6	3.434519
PROB	5	PROB	7	1.213954
PROB	5	PROB	8	2.601330
PROB	5	PROB	9	1.283378
PROB	6	PROB	7	2.513871
PROB	6	PROB	8	0.674453
PROB	6	PROB	9	1.750150
PROB	6	PROB	10	2.237399
PROB	6	PROB	11	0.061314
PROB	7	PROB	8	2.842105
PROB	7	PROB	9	0.667698
PROB	7	PROB	10	1.655665
PROB	7	PROB	11	3.052632
PROB	7	PROB	12	0.061314
PROB	7	PROB	60	0.789474
PROB	7	PROB	63	0.052632
PROB	7	PROB	78	1.335396
PROB	7	PROB	79	1.376494
PROB	7	PROB	82	2.903632
PROB	8	PROB	9	2.392584
PROB	8	PROB	10	0.463586
PROB	8	PROB	11	1.210526
PROB	8	PROB	12	1.287593
PROB	8	PROB	13	0.061314
PROB	8	PROB	43	0.415029
PROB	8	PROB	46	2.924038
PROB	8	PROB	50	0.059235
PROB	8	PROB	55	0.736842
PROB	9	PROB	10	2.590518
PROB	9	PROB	11	0.556415
PROB	9	PROB	12	1.879791
PROB	9	PROB	13	0.972306
PROB	9	PROB	14	0.064820
PROB	9	PROB	43	0.073127
PROB	10	PROB	11	3.245104
PROB	10	PROB	12	0.925820
PROB	10	PROB	13	1.697337
PROB	10	PROB	14	0.617213
PROB	10	PROB	78	1.400280
PROB	11	PROB	12	2.391243
PROB	11	PROB	13	0.858395
PROB	11	PROB	14	1.410220
PROB	11	PROB	15	2.000000
PROB	11	PROB	46	2.205853
PROB	11	PROB	63	0.315789
PROB	11	PROB	67	1.077277
PROB	11	PROB	75	3.368421
PROB	11	PROB	78	2.948999
PROB	11	PROB	79	0.516185
PROB	12	PROB	13	3.500000
PROB	12	PROB	14	0.857143
PROB	12	PROB	15	1.471534
PROB	12	PROB	41	0.785714
PROB	12	PROB	42	3.131473
PROB	12	PROB	43	2.900963
PROB	12	PROB	46	0.776899
PROB	13	PROB	14	3.285714
PROB	13	PROB	15	0.490511
PROB	14	PROB	15	3.310952
PROB	14	PROB	16	0.571429
PROB	14	PROB	19	0.077152
PROB	14	PROB	72	0.709208
PROB	14	PROB	74	0.231455
PROB	14	PROB	75	0.858395
PROB	14	PROB	78	1.037126
PROB	15	PROB	16	3.372266
PROB	15	PROB	17	0.105263
PROB	15	PROB	19	2.516611
PROB	15	PROB	20	2.684211
PROB	15	PROB	23	1.842105
PROB	15	PROB	42	0.520266
PROB	15	PROB	45	0.093659
PROB	15	PROB	46	0.410391
PROB	15	PROB	67	0.051299
PROB	15	PROB	72	0.421464
PROB	15	PROB	75	2.368421
PROB	16	PROB	17	3.127011
PROB	16	PROB	18	2.070197
PROB	16	PROB	19	4.706252
PROB	16	PROB	20	1.164965
PROB	16	PROB	21	0.069007
PROB	16	PROB	72	0.054554
PROB	17	PROB	18	2.547100
PROB	17	PROB	19	0.662266
PROB	17	PROB	20	2.368421
PROB	17	PROB	21	0.770054
PROB	17	PROB	40	1.655476
PROB	17	PROB	41	0.122628
PROB	18	PROB	19	3.279566
PROB	18	PROB	20	0.592349
PROB	18	PROB	21	1.066667
PROB	18	PROB	22	0.500979
PROB	19	PROB	20	2.582838
PROB	19	PROB	21	0.968963
PROB	19	PROB	22	1.260252
PROB	19	PROB	23	0.927173
PROB	19	PROB	72	1.178511
PROB	20	PROB	21	3.080214
PROB	20	PROB	22	0.667698
PROB	20	PROB	23	2.473684
PROB	20	PROB	24	3.423812
PROB	20	PROB	25	0.069171
PROB	20	PROB	39	1.315789
PROB	20	PROB	40	0.919709
PROB	20	PROB	41	1.655476
PROB	20	PROB	42	1.994353
PROB	20	PROB	45	1.311220
PROB	21	PROB	22	2.818009
PROB	21	PROB	23	0.533114
PROB	21	PROB	24	2.587265
PROB	21	PROB	25	1.245598
PROB	21	PROB	26	0.081650
PROB	22	PROB	23	2.837716
PROB	22	PROB	24	0.672214
PROB	22	PROB	25	2.632581
PROB	22	PROB	26	0.997054
PROB	22	PROB	70	0.585018
PROB	23	PROB	24	1.907552
PROB	23	PROB	25	0.899229
PROB	23	PROB	26	1.813691
PROB	23	PROB	27	0.415029
PROB	23	PROB	45	2.669270
PROB	23	PROB	66	0.894737
PROB	23	PROB	67	1.077277
PROB	23	PROB	70	1.452600
PROB	23	PROB	72	0.515122
PROB	23	PROB	75	1.000000
PROB	24	PROB	25	2.571297
PROB	24	PROB	26	1.011300
PROB	24	PROB	27	0.964237
PROB	24	PROB	28	0.454545
PROB	24	PROB	36	4.049793
PROB	24	PROB	37	0.440386
PROB	24	PROB	39	3.912928
PROB	24	PROB	40	0.170941
PROB	24	PROB	45	1.523179
PROB	25	PROB	26	3.718504
PROB	25	PROB	27	1.181818
PROB	25	PROB	28	5.271160
PROB	25	PROB	29	0.077850
PROB	26	PROB	27	4.481274
PROB	26	PROB	28	0.741620
PROB	26	PROB	30	0.182574
PROB	26	PROB	45	0.064550
PROB	26	PROB	66	2.974453
PROB	26	PROB	70	0.286039
PROB	27	PROB	28	2.699862
PROB	27	PROB	29	0.622799
PROB	27	PROB	30	2.611165
PROB	27	PROB	31	2.282658
PROB	27	PROB	45	0.553912
PROB	27	PROB	48	0.202260
PROB	27	PROB	49	0.553372
PROB	27	PROB	62	1.315903
PROB	27	PROB	66	1.245086
PROB	28	PROB	29	4.128614
PROB	28	PROB	30	0.553912
PROB	28	PROB	31	0.244558
PROB	28	PROB	36	0.128565
PROB	29	PROB	30	3.205031
PROB	29	PROB	31	0.355409
PROB	30	PROB	31	3.642464
PROB	30	PROB	32	0.540062
PROB	30	PROB	54	0.430820
PROB	30	PROB	62	1.133893
PROB	31	PROB	32	3.740150
PROB	31	PROB	33	1.729286
PROB	31	PROB	48	2.411049
PROB	31	PROB	49	1.000000
PROB	31	PROB	52	2.559508
PROB	31	PROB	54	1.711906
PROB	31	PROB	62	0.400501
PROB	32	PROB	33	3.384456
PROB	32	PROB	34	0.207020
PROB	33	PROB	34	3.113996
PROB	33	PROB	35	0.964237
PROB	33	PROB	36	0.090909
PROB	33	PROB	48	0.809040
PROB	33	PROB	52	1.462545
PROB	34	PROB	35	2.642313
PROB	34	PROB	36	0.389249
PROB	34	PROB	37	0.333333
PROB	35	PROB	36	3.149839
PROB	35	PROB	37	0.880771
PROB	35	PROB	38	3.853373
PROB	35	PROB	39	2.543403
PROB	35	PROB	48	1.668560
PROB	36	PROB	37	3.814645
PROB	36	PROB	38	1.167748
PROB	36	PROB	39	3.458572
PROB	37	PROB	38	4.266667
PROB	37	PROB	39	0.533114
PROB	38	PROB	39	2.902510
PROB	38	PROB	40	0.966092
PROB	39	PROB	40	3.004383
PROB	39	PROB	41	1.410220
PROB	39	PROB	44	2.611715
PROB	39	PROB	45	2.341465
PROB	39	PROB	48	1.590266
PROB	40	PROB	41	3.785714
PROB	40	PROB	44	0.338062
PROB	41	PROB	42	4.545686
PROB	41	PROB	43	2.739798
PROB	41	PROB	44	4.563833
PROB	41	PROB	45	0.818317
PROB	42	PROB	43	3.760699
PROB	42	PROB	44	1.912366
PROB	42	PROB	45	2.700309
PROB	42	PROB	46	2.281916
PROB	42	PROB	47	0.113961
PROB	43	PROB	44	3.718504
PROB	43	PROB	45	0.553912
PROB	43	PROB	46	2.427120
PROB	43	PROB	47	2.181818
PROB	43	PROB	48	0.067420
PROB	44	PROB	45	2.711088
PROB	44	PROB	46	0.919239
PROB	44	PROB	47	3.432465
PROB	44	PROB	48	1.060660
PROB	44	PROB	49	0.072548
PROB	45	PROB	46	3.377622
PROB	45	PROB	47	0.615457
PROB	45	PROB	48	1.643168
PROB	45	PROB	49	3.605855
PROB	45	PROB	50	0.052705
PROB	45	PROB	62	0.044544
PROB	45	PROB	63	0.702439
PROB	45	PROB	66	0.842927
PROB	45	PROB	67	0.684653
PROB	46	PROB	47	2.899059
PROB	46	PROB	48	0.650000
PROB	46	PROB	49	2.718843
PROB	46	PROB	50	0.866025
PROB	46	PROB	51	0.067420
PROB	46	PROB	55	1.898060
PROB	46	PROB	63	1.025978
PROB	46	PROB	67	0.450000
PROB	47	PROB	48	2.427120
PROB	47	PROB	49	0.622543
PROB	47	PROB	50	1.946247
PROB	47	PROB	51	1.272727
PROB	48	PROB	49	3.539625
PROB	48	PROB	50	0.577350
PROB	48	PROB	51	2.494539
PROB	48	PROB	52	2.223537
PROB	48	PROB	53	0.059761
PROB	49	PROB	50	2.250926
PROB	49	PROB	51	0.899229
PROB	49	PROB	52	0.890264
PROB	49	PROB	53	0.551825
PROB	49	PROB	54	3.570547
PROB	49	PROB	55	2.368421
PROB	49	PROB	62	0.750939
PROB	49	PROB	63	0.947368
PROB	50	PROB	51	3.347545
PROB	50	PROB	52	0.563602
PROB	50	PROB	53	1.449138
PROB	50	PROB	54	0.330289
PROB	50	PROB	55	3.257919
PROB	50	PROB	56	0.447214
PROB	50	PROB	57	1.376205
PROB	51	PROB	52	4.241380
PROB	51	PROB	53	1.531064
PROB	52	PROB	53	3.305839
PROB	52	PROB	54	0.982467
PROB	53	PROB	54	2.393172
PROB	53	PROB	55	0.919709
PROB	54	PROB	55	2.054287
PROB	54	PROB	62	5.024615
PROB	54	PROB	63	0.244558
PROB	55	PROB	56	4.834543
PROB	55	PROB	57	0.097823
PROB	55	PROB	59	0.490511
PROB	55	PROB	60	1.736842
PROB	55	PROB	63	1.789474
PROB	56	PROB	57	3.323470
PROB	56	PROB	58	0.916667
PROB	56	PROB	59	2.700309
PROB	56	PROB	60	0.331133
PROB	57	PROB	58	2.461830
PROB	57	PROB	59	0.455842
PROB	57	PROB	60	0.244558
PROB	57	PROB	82	0.837436
PROB	57	PROB	87	0.146735
PROB	58	PROB	59	2.777460
PROB	58	PROB	60	1.059626
PROB	58	PROB	82	0.755929
PROB	58	PROB	87	3.510011
PROB	58	PROB	89	0.451848
PROB	59	PROB	60	4.169348
PROB	59	PROB	61	2.014557
PROB	60	PROB	61	2.836029
PROB	60	PROB	62	0.450564
PROB	60	PROB	63	2.263158
PROB	60	PROB	64	0.888523
PROB	60	PROB	79	2.982405
PROB	60	PROB	82	1.752192
PROB	60	PROB	83	2.294635
PROB	60	PROB	87	0.526316
PROB	61	PROB	62	2.960783
PROB	61	PROB	63	0.622543
PROB	61	PROB	64	3.347545
PROB	61	PROB	65	2.047563
PROB	61	PROB	66	0.069171
PROB	61	PROB	83	0.553912
PROB	62	PROB	63	2.853569
PROB	62	PROB	64	0.563436
PROB	62	PROB	65	1.217289
PROB	62	PROB	66	2.703381
PROB	63	PROB	64	2.724805
PROB	63	PROB	65	0.834622
PROB	63	PROB	66	2.578947
PROB	63	PROB	67	3.385729
PROB	63	PROB	68	0.059235
PROB	63	PROB	76	0.052632
PROB	63	PROB	79	1.204433
PROB	64	PROB	65	3.131121
PROB	64	PROB	66	0.651584
PROB	64	PROB	67	1.212436
PROB	64	PROB	68	0.866667
PROB	64	PROB	76	2.665570
PROB	64	PROB	79	0.839146
PROB	64	PROB	83	1.950071
PROB	65	PROB	66	2.058735
PROB	65	PROB	67	0.596559
PROB	65	PROB	68	1.628183
PROB	65	PROB	69	1.780528
PROB	65	PROB	70	0.073127
PROB	66	PROB	67	2.821440
PROB	66	PROB	68	0.473879
PROB	66	PROB	69	1.842105
PROB	66	PROB	70	1.660115
PROB	66	PROB	71	0.046829
PROB	67	PROB	68	2.020726
PROB	67	PROB	69	0.461690
PROB	67	PROB	70	1.618080
PROB	67	PROB	71	0.456435
PROB	67	PROB	72	1.460593
PROB	67	PROB	75	3.437027
PROB	67	PROB	76	3.488326
PROB	67	PROB	79	1.118034
PROB	68	PROB	69	2.902510
PROB	68	PROB	70	0.934199
PROB	68	PROB	71	0.948683
PROB	68	PROB	72	0.210819
PROB	68	PROB	76	0.710819
PROB	69	PROB	70	3.458572
PROB	69	PROB	71	1.966830
PROB	70	PROB	71	3.938928
PROB	70	PROB	72	0.861640
PROB	71	PROB	72	1.958333
PROB	71	PROB	73	0.600099
PROB	72	PROB	73	3.055050
PROB	72	PROB	74	3.005204
PROB	72	PROB	75	5.385368
PROB	72	PROB	76	0.842927
PROB	72	PROB	77	0.054554
PROB	73	PROB	74	4.474797
PROB	73	PROB	75	0.490511
PROB	73	PROB	76	1.410220
PROB	73	PROB	77	1.500000
PROB	73	PROB	78	0.064820
PROB	74	PROB	75	3.576237
PROB	74	PROB	76	0.529813
PROB	74	PROB	77	2.083095
PROB	74	PROB	78	1.050210
PROB	75	PROB	76	2.105263
PROB	75	PROB	77	0.919709
PROB	75	PROB	78	1.947452
PROB	75	PROB	79	0.516185
PROB	76	PROB	77	2.759127
PROB	76	PROB	78	0.778981
PROB	76	PROB	79	3.498590
PROB	76	PROB	80	2.351511
PROB	76	PROB	81	0.066227
PROB	76	PROB	83	0.093659
PROB	77	PROB	78	3.759582
PROB	77	PROB	79	0.801784
PROB	77	PROB	80	1.737198
PROB	77	PROB	81	1.774489
PROB	77	PROB	82	0.058321
PROB	78	PROB	79	2.485990
PROB	78	PROB	80	0.545705
PROB	78	PROB	81	2.240448
PROB	78	PROB	82	0.740959
PROB	78	PROB	83	0.049507
PROB	79	PROB	80	3.500000
PROB	79	PROB	81	1.082532
PROB	79	PROB	82	1.854852
PROB	79	PROB	83	2.602583
PROB	79	PROB	84	0.066815
PROB	80	PROB	81	3.247595
PROB	80	PROB	82	0.545545
PROB	80	PROB	83	2.092272
PROB	80	PROB	84	1.670383
PROB	80	PROB	85	0.051031
PROB	81	PROB	82	2.330781
PROB	81	PROB	83	0.648181
PROB	81	PROB	84	1.851640
PROB	81	PROB	85	2.710576
PROB	81	PROB	86	0.216506
PROB	82	PROB	83	2.672612
PROB	82	PROB	84	0.524891
PROB	82	PROB	85	0.489979
PROB	82	PROB	86	2.236733
PROB	82	PROB	87	2.302880
PROB	83	PROB	84	2.291288
PROB	83	PROB	85	0.291667
PROB	83	PROB	86	0.255155
PROB	83	PROB	87	2.247806
PROB	83	PROB	89	0.273861
PROB	84	PROB	85	4.309803
PROB	84	PROB	86	0.467707
PROB	84	PROB	87	0.061314
PROB	84	PROB	88	0.056980
PROB	85	PROB	86	2.296397
PROB	85	PROB	87	0.280976
PROB	85	PROB	88	0.522233
PROB	86	PROB	87	3.441236
PROB	86	PROB	88	0.959403
PROB	87	PROB	88	2.641226
PROB	87	PROB	89	2.770142
PROB	88	PROB	89	2.383656
