PROA	11	PROA	12	3.033837
PROA	11	PROA	13	0.060634
PROA	11	PROA	18	1.500000
PROA	11	PROA	19	0.223607
PROA	11	PROA	20	3.897114
PROA	11	PROA	21	0.125000
PROA	11	PROA	22	0.188982
PROA	12	PROA	13	3.694723
PROA	12	PROA	14	0.580948
PROA	12	PROA	17	0.062622
PROA	12	PROA	18	1.226445
PROA	12	PROA	19	1.558846
PROA	12	PROA	20	0.521749
PROA	12	PROA	21	0.064550
PROA	12	PROA	28	1.006993
PROA	13	PROA	14	2.971061
PROA	13	PROA	15	0.198030
PROA	13	PROA	16	0.550019
PROA	13	PROA	17	1.058824
PROA	13	PROA	18	2.789160
PROA	13	PROA	19	0.271163
PROA	14	PROA	15	4.031452
PROA	14	PROA	16	1.039402
PROA	14	PROA	17	1.637115
PROA	14	PROA	18	0.312500
PROA	14	PROA	19	2.236068
PROA	14	PROA	28	2.236803
PROA	14	PROA	30	1.472971
PROA	14	PROA	38	1.515848
PROA	14	PROA	40	0.603023
PROA	15	PROA	16	2.546005
PROA	15	PROA	17	0.792118
PROA	15	PROA	30	4.320723
PROA	15	PROA	33	0.158114
PROA	15	PROA	38	0.792118
PROA	16	PROA	17	3.208445
PROA	17	PROA	18	3.456133
PROA	17	PROA	19	0.433861
PROA	17	PROA	38	2.647059
PROA	17	PROA	55	1.809807
PROA	18	PROA	19	3.577709
PROA	18	PROA	20	2.092895
PROA	18	PROA	55	1.119304
PROA	18	PROA	102	0.600099
PROA	19	PROA	20	3.356586
PROA	19	PROA	21	2.347871
PROA	19	PROA	28	2.872739
PROA	19	PROA	38	1.518513
PROA	19	PROA	39	0.111803
PROA	19	PROA	40	2.831639
PROA	19	PROA	42	0.070711
PROA	19	PROA	53	2.000658
PROA	19	PROA	54	0.286039
PROA	19	PROA	55	2.669695
PROA	19	PROA	102	2.390955
PROA	20	PROA	21	4.618802
PROA	20	PROA	22	1.091089
PROA	20	PROA	28	0.066227
PROA	20	PROA	55	0.123091
PROA	20	PROA	90	0.198680
PROA	20	PROA	102	3.590662
PROA	21	PROA	22	4.913538
PROA	21	PROA	23	0.200446
PROA	21	PROA	24	0.153093
PROA	21	PROA	25	3.218714
PROA	21	PROA	26	0.066815
PROA	21	PROA	28	2.064742
PROA	21	PROA	42	0.158114
PROA	21	PROA	53	2.925051
PROA	21	PROA	90	1.433848
PROA	21	PROA	102	1.909407
PROA	22	PROA	23	4.747717
PROA	22	PROA	24	1.002972
PROA	22	PROA	25	1.814529
PROA	22	PROA	26	0.202031
PROA	23	PROA	24	2.454951
PROA	23	PROA	25	0.583212
PROA	23	PROA	26	0.642857
PROA	23	PROA	45	0.357143
PROA	24	PROA	25	5.701573
PROA	24	PROA	26	0.436436
PROA	24	PROA	43	0.133631
PROA	24	PROA	44	2.357023
PROA	24	PROA	45	2.345842
PROA	24	PROA	46	3.572173
PROA	24	PROA	47	0.981981
PROA	24	PROA	88	1.119586
PROA	25	PROA	26	2.799417
PROA	25	PROA	28	0.100125
PROA	25	PROA	42	1.449138
PROA	25	PROA	43	0.904762
PROA	25	PROA	44	2.204793
PROA	25	PROA	45	0.991460
PROA	25	PROA	51	1.527525
PROA	25	PROA	53	1.652066
PROA	25	PROA	87	0.058321
PROA	25	PROA	88	1.511858
PROA	25	PROA	90	1.051315
PROA	25	PROA	104	2.564060
PROA	26	PROA	27	3.785714
PROA	26	PROA	28	0.613139
PROA	26	PROA	42	0.760639
PROA	26	PROA	43	3.032702
PROA	26	PROA	44	0.154303
PROA	26	PROA	45	2.642857
PROA	26	PROA	50	0.054554
PROA	27	PROA	28	2.452557
PROA	27	PROA	29	0.483494
PROA	27	PROA	41	0.080582
PROA	27	PROA	42	0.253546
PROA	27	PROA	43	0.991460
PROA	27	PROA	50	1.582080
PROA	28	PROA	29	3.112715
PROA	28	PROA	30	0.200250
PROA	28	PROA	40	0.968400
PROA	28	PROA	41	0.760886
PROA	28	PROA	42	2.103881
PROA	28	PROA	50	0.280976
PROA	28	PROA	53	0.368421
PROA	29	PROA	30	2.566012
PROA	29	PROA	31	0.622543
PROA	29	PROA	40	1.181818
PROA	29	PROA	41	4.000000
PROA	29	PROA	42	0.190693
PROA	29	PROA	50	0.800095
PROA	30	PROA	31	3.354195
PROA	30	PROA	32	3.794016
PROA	30	PROA	33	2.197401
PROA	30	PROA	38	1.905322
PROA	30	PROA	39	0.654654
PROA	30	PROA	40	1.447494
PROA	30	PROA	41	0.328976
PROA	31	PROA	32	4.248839
PROA	31	PROA	39	1.433848
PROA	31	PROA	40	1.452600
PROA	31	PROA	41	2.490172
PROA	31	PROA	107	0.421053
PROA	31	PROA	114	0.048912
PROA	32	PROA	33	3.708420
PROA	32	PROA	34	0.571429
PROA	32	PROA	38	0.641689
PROA	32	PROA	39	2.645751
PROA	33	PROA	34	4.098780
PROA	33	PROA	37	0.585540
PROA	33	PROA	38	1.502938
PROA	33	PROA	39	0.774597
PROA	34	PROA	35	4.422346
PROA	34	PROA	36	0.659829
PROA	34	PROA	37	2.857143
PROA	34	PROA	38	0.733359
PROA	34	PROA	39	2.078805
PROA	35	PROA	36	5.865557
PROA	35	PROA	37	1.195229
PROA	35	PROA	56	0.072548
PROA	36	PROA	37	3.216666
PROA	36	PROA	55	0.418718
PROA	36	PROA	56	2.753444
PROA	36	PROA	57	1.908060
PROA	36	PROA	58	0.058321
PROA	36	PROA	63	0.758175
PROA	36	PROA	64	3.238095
PROA	36	PROA	67	1.113589
PROA	36	PROA	68	0.524891
PROA	37	PROA	38	3.758464
PROA	37	PROA	39	0.755929
PROA	37	PROA	55	1.853393
PROA	37	PROA	56	0.433555
PROA	37	PROA	57	0.227921
PROA	38	PROA	39	3.152963
PROA	38	PROA	40	1.243163
PROA	38	PROA	53	0.055641
PROA	38	PROA	54	0.310253
PROA	38	PROA	55	2.223477
PROA	39	PROA	40	3.844270
PROA	39	PROA	41	0.075378
PROA	39	PROA	52	0.316228
PROA	39	PROA	53	0.860309
PROA	39	PROA	54	3.357911
PROA	39	PROA	55	0.426401
PROA	40	PROA	41	4.000000
PROA	40	PROA	42	0.667424
PROA	40	PROA	51	0.075378
PROA	40	PROA	52	0.667424
PROA	40	PROA	53	2.559344
PROA	40	PROA	54	0.257130
PROA	40	PROA	55	0.064282
PROA	41	PROA	42	4.385928
PROA	41	PROA	50	2.277193
PROA	41	PROA	51	0.527645
PROA	41	PROA	52	0.858116
PROA	41	PROA	53	0.345857
PROA	41	PROA	107	2.559344
PROA	42	PROA	43	2.898275
PROA	42	PROA	44	0.365148
PROA	42	PROA	50	3.033837
PROA	42	PROA	51	3.715676
PROA	42	PROA	52	0.400000
PROA	42	PROA	53	2.466619
PROA	42	PROA	107	0.145095
PROA	43	PROA	44	3.212698
PROA	43	PROA	45	2.157884
PROA	43	PROA	48	1.674872
PROA	43	PROA	49	1.145644
PROA	43	PROA	50	2.850787
PROA	43	PROA	51	0.600099
PROA	44	PROA	45	3.780432
PROA	44	PROA	46	1.659882
PROA	44	PROA	47	2.237399
PROA	44	PROA	48	0.984732
PROA	44	PROA	49	3.175426
PROA	44	PROA	50	0.353553
PROA	44	PROA	51	2.958920
PROA	45	PROA	46	2.739428
PROA	45	PROA	47	0.500000
PROA	45	PROA	48	1.196586
PROA	46	PROA	47	4.008919
PROA	46	PROA	48	0.692902
PROA	47	PROA	48	2.678074
PROA	47	PROA	49	3.474396
PROA	48	PROA	49	2.718309
PROA	49	PROA	50	2.959800
PROA	49	PROA	51	1.312500
PROA	50	PROA	51	3.010831
PROA	50	PROA	106	0.058926
PROA	50	PROA	107	2.809757
PROA	51	PROA	52	4.269075
PROA	51	PROA	53	1.319140
PROA	51	PROA	87	1.603567
PROA	51	PROA	104	1.812500
PROA	51	PROA	105	0.788241
PROA	51	PROA	106	0.793857
PROA	51	PROA	107	2.408865
PROA	52	PROA	53	3.627381
PROA	52	PROA	54	0.269680
PROA	52	PROA	87	0.084515
PROA	52	PROA	103	0.072548
PROA	52	PROA	104	0.869626
PROA	52	PROA	105	2.684377
PROA	52	PROA	106	1.369306
PROA	52	PROA	107	3.772477
PROA	52	PROA	108	0.076696
PROA	53	PROA	54	2.787961
PROA	53	PROA	55	0.391293
PROA	53	PROA	90	0.315789
PROA	53	PROA	102	1.902379
PROA	53	PROA	103	1.263158
PROA	53	PROA	104	3.383882
PROA	53	PROA	105	0.278207
PROA	54	PROA	55	1.681818
PROA	54	PROA	56	2.592315
PROA	54	PROA	71	1.045916
PROA	54	PROA	86	0.097823
PROA	54	PROA	101	0.053300
PROA	54	PROA	102	0.372194
PROA	54	PROA	103	3.521635
PROA	54	PROA	104	0.106600
PROA	54	PROA	105	0.982467
PROA	54	PROA	167	0.123091
PROA	55	PROA	56	3.032519
PROA	55	PROA	57	0.899954
PROA	55	PROA	100	3.077287
PROA	55	PROA	101	0.533002
PROA	55	PROA	102	3.814985
PROA	55	PROA	103	0.048912
PROA	56	PROA	57	3.596915
PROA	56	PROA	58	2.329929
PROA	56	PROA	68	1.348907
PROA	56	PROA	100	0.993399
PROA	56	PROA	101	2.810343
PROA	56	PROA	102	0.350438
PROA	56	PROA	103	1.578947
PROA	57	PROA	58	4.432026
PROA	57	PROA	59	0.202260
PROA	57	PROA	64	0.328976
PROA	57	PROA	99	0.064282
PROA	57	PROA	100	2.611165
PROA	57	PROA	101	0.226134
PROA	58	PROA	59	6.812803
PROA	58	PROA	60	0.552052
PROA	58	PROA	61	1.037126
PROA	58	PROA	64	2.624453
PROA	58	PROA	65	1.369899
PROA	58	PROA	68	0.928571
PROA	58	PROA	99	0.170941
PROA	58	PROA	100	0.385758
PROA	58	PROA	101	0.935414
PROA	58	PROA	347	0.429198
PROA	59	PROA	60	2.309401
PROA	59	PROA	61	0.488094
PROA	59	PROA	65	1.078720
PROA	59	PROA	91	0.045644
PROA	59	PROA	98	2.657398
PROA	59	PROA	99	0.381385
PROA	59	PROA	100	0.193649
PROA	59	PROA	101	1.062132
PROA	59	PROA	340	0.238366
PROA	59	PROA	343	0.051299
PROA	59	PROA	344	4.433601
PROA	59	PROA	347	2.616245
PROA	60	PROA	61	4.258325
PROA	60	PROA	62	0.250490
PROA	60	PROA	65	0.077850
PROA	60	PROA	340	0.880771
PROA	61	PROA	62	2.058824
PROA	61	PROA	63	0.648204
PROA	61	PROA	64	4.816231
PROA	61	PROA	65	1.096909
PROA	61	PROA	340	0.620505
PROA	62	PROA	63	3.046558
PROA	62	PROA	64	0.688033
PROA	62	PROA	65	1.828181
PROA	62	PROA	66	2.647059
PROA	62	PROA	67	0.049507
PROA	62	PROA	335	0.333849
PROA	62	PROA	336	1.190238
PROA	62	PROA	337	0.700140
PROA	62	PROA	338	1.335396
PROA	62	PROA	339	0.518563
PROA	62	PROA	340	3.412779
PROA	62	PROA	343	1.891811
PROA	63	PROA	64	4.374089
PROA	63	PROA	65	0.644658
PROA	63	PROA	66	2.916917
PROA	63	PROA	67	3.546041
PROA	63	PROA	68	0.071429
PROA	64	PROA	65	2.829192
PROA	64	PROA	66	0.582182
PROA	64	PROA	67	0.757240
PROA	64	PROA	68	1.166424
PROA	64	PROA	69	0.050063
PROA	64	PROA	347	0.050063
PROA	65	PROA	66	2.998217
PROA	65	PROA	67	0.430820
PROA	65	PROA	68	1.933975
PROA	65	PROA	69	0.968400
PROA	65	PROA	70	0.061546
PROA	65	PROA	340	1.092801
PROA	65	PROA	343	3.458572
PROA	65	PROA	344	0.064282
PROA	65	PROA	347	1.798458
PROA	66	PROA	67	3.118965
PROA	66	PROA	68	0.648204
PROA	66	PROA	69	1.057188
PROA	66	PROA	70	2.376354
PROA	66	PROA	71	0.062622
PROA	66	PROA	335	2.837716
PROA	66	PROA	336	3.010602
PROA	66	PROA	343	2.003094
PROA	67	PROA	68	2.073070
PROA	67	PROA	69	0.280976
PROA	67	PROA	70	2.916667
PROA	67	PROA	71	0.421637
PROA	67	PROA	169	3.548977
PROA	67	PROA	170	2.716099
PROA	67	PROA	188	0.255155
PROA	67	PROA	189	0.064550
PROA	68	PROA	69	3.188325
PROA	68	PROA	70	0.818317
PROA	68	PROA	71	1.035098
PROA	68	PROA	72	1.655476
PROA	68	PROA	101	0.200446
PROA	68	PROA	103	0.613139
PROA	68	PROA	347	2.268616
PROA	69	PROA	70	2.388294
PROA	69	PROA	71	0.770054
PROA	69	PROA	72	3.052632
PROA	69	PROA	73	2.592315
PROA	69	PROA	74	0.052632
PROA	69	PROA	331	0.102598
PROA	69	PROA	335	2.842105
PROA	69	PROA	338	0.052632
PROA	69	PROA	343	1.789474
PROA	69	PROA	346	2.684211
PROA	69	PROA	347	3.736842
PROA	69	PROA	350	1.836282
PROA	70	PROA	71	2.687936
PROA	70	PROA	72	0.515122
PROA	70	PROA	73	0.826869
PROA	70	PROA	74	1.311220
PROA	70	PROA	75	0.046829
PROA	70	PROA	148	0.041667
PROA	70	PROA	168	0.593366
PROA	70	PROA	169	2.623157
PROA	70	PROA	170	1.498537
PROA	70	PROA	171	2.581989
PROA	70	PROA	172	1.583333
PROA	70	PROA	331	1.414950
PROA	70	PROA	334	0.158114
PROA	70	PROA	335	2.060489
PROA	70	PROA	336	0.353553
PROA	71	PROA	72	2.665570
PROA	71	PROA	73	0.550482
PROA	71	PROA	74	1.658577
PROA	71	PROA	75	3.435623
PROA	71	PROA	76	0.059235
PROA	71	PROA	86	0.888523
PROA	71	PROA	103	0.059235
PROA	71	PROA	167	0.745356
PROA	71	PROA	168	2.944486
PROA	71	PROA	169	0.780720
PROA	72	PROA	73	2.641226
PROA	72	PROA	74	0.421053
PROA	72	PROA	75	0.842105
PROA	72	PROA	76	2.315789
PROA	72	PROA	86	1.421053
PROA	72	PROA	89	2.052632
PROA	72	PROA	101	0.057354
PROA	72	PROA	103	1.000000
PROA	72	PROA	347	1.105263
PROA	72	PROA	350	3.020979
PROA	72	PROA	351	1.471534
PROA	72	PROA	354	0.359092
PROA	73	PROA	74	1.956464
PROA	73	PROA	75	0.489116
PROA	73	PROA	76	1.222790
PROA	73	PROA	77	0.522233
PROA	73	PROA	329	0.953463
PROA	73	PROA	331	1.811579
PROA	73	PROA	332	0.307729
PROA	73	PROA	335	0.440204
PROA	73	PROA	350	3.082699
PROA	74	PROA	75	3.526316
PROA	74	PROA	76	0.736842
PROA	74	PROA	77	1.685854
PROA	74	PROA	78	2.872739
PROA	74	PROA	145	1.777972
PROA	74	PROA	168	2.205853
PROA	74	PROA	171	2.176429
PROA	74	PROA	172	0.046829
PROA	74	PROA	173	0.057354
PROA	74	PROA	329	1.641565
PROA	74	PROA	331	1.436370
PROA	75	PROA	76	1.947368
PROA	75	PROA	77	0.561951
PROA	75	PROA	78	1.487669
PROA	75	PROA	83	0.842105
PROA	75	PROA	84	1.947368
PROA	75	PROA	85	1.907642
PROA	75	PROA	86	2.842105
PROA	75	PROA	105	0.667698
PROA	75	PROA	167	0.066227
PROA	75	PROA	168	1.949359
PROA	76	PROA	77	1.732684
PROA	76	PROA	78	0.410391
PROA	76	PROA	86	0.052632
PROA	76	PROA	89	0.105263
PROA	76	PROA	350	0.888523
PROA	76	PROA	353	2.903416
PROA	76	PROA	354	1.590266
PROA	77	PROA	78	3.331979
PROA	77	PROA	79	0.166667
PROA	77	PROA	139	0.044544
PROA	77	PROA	326	0.158114
PROA	77	PROA	329	3.103761
PROA	78	PROA	79	1.688811
PROA	78	PROA	80	0.433861
PROA	78	PROA	83	1.846761
PROA	78	PROA	139	2.244570
PROA	78	PROA	140	1.436370
PROA	78	PROA	143	1.697056
PROA	78	PROA	145	1.956559
PROA	78	PROA	168	0.800000
PROA	78	PROA	325	0.070711
PROA	78	PROA	329	0.150000
PROA	79	PROA	80	2.376354
PROA	79	PROA	139	1.514480
PROA	80	PROA	81	3.882591
PROA	80	PROA	82	2.139072
PROA	80	PROA	83	3.950546
PROA	80	PROA	135	1.782266
PROA	80	PROA	136	2.291746
PROA	80	PROA	139	4.339900
PROA	80	PROA	323	2.139072
PROA	81	PROA	82	4.209400
PROA	81	PROA	83	0.888523
PROA	81	PROA	135	2.002776
PROA	81	PROA	163	0.059235
PROA	81	PROA	164	1.541349
PROA	81	PROA	323	0.276026
PROA	82	PROA	83	2.636499
PROA	82	PROA	84	0.122628
PROA	82	PROA	132	2.398354
PROA	82	PROA	133	0.061314
PROA	82	PROA	135	1.745743
PROA	82	PROA	136	2.626397
PROA	82	PROA	162	0.154303
PROA	82	PROA	163	2.697813
PROA	82	PROA	164	2.507133
PROA	82	PROA	165	1.594162
PROA	83	PROA	84	3.052632
PROA	83	PROA	85	0.433555
PROA	83	PROA	136	1.560798
PROA	83	PROA	139	1.451816
PROA	83	PROA	140	2.000000
PROA	83	PROA	164	1.711906
PROA	83	PROA	165	1.789474
PROA	83	PROA	168	1.590266
PROA	84	PROA	85	5.636215
PROA	84	PROA	105	3.115923
PROA	84	PROA	106	2.119252
PROA	84	PROA	108	0.778981
PROA	84	PROA	156	0.842105
PROA	84	PROA	164	2.347757
PROA	84	PROA	165	0.842105
PROA	84	PROA	166	3.320229
PROA	84	PROA	167	0.397360
PROA	84	PROA	168	0.718185
PROA	85	PROA	86	3.295018
PROA	85	PROA	87	0.404061
PROA	85	PROA	105	1.925067
PROA	85	PROA	106	0.327327
PROA	86	PROA	87	3.127011
PROA	86	PROA	88	1.721892
PROA	86	PROA	89	2.000000
PROA	86	PROA	103	3.210526
PROA	86	PROA	104	0.745601
PROA	86	PROA	105	1.557962
PROA	86	PROA	354	0.769484
PROA	87	PROA	88	3.703280
PROA	87	PROA	104	4.008919
PROA	87	PROA	105	2.592815
PROA	87	PROA	106	1.928792
PROA	87	PROA	354	0.119523
PROA	88	PROA	89	3.708691
PROA	88	PROA	90	1.258306
PROA	88	PROA	102	0.062994
PROA	88	PROA	103	0.463586
PROA	88	PROA	104	4.546633
PROA	88	PROA	354	1.484644
PROA	89	PROA	90	3.631579
PROA	89	PROA	91	0.468293
PROA	89	PROA	101	0.860309
PROA	89	PROA	102	0.450564
PROA	89	PROA	103	3.368421
PROA	89	PROA	104	0.688247
PROA	89	PROA	351	2.881755
PROA	89	PROA	354	4.565604
PROA	89	PROA	355	0.055641
PROA	90	PROA	91	2.669270
PROA	90	PROA	101	0.802955
PROA	90	PROA	102	3.654571
PROA	90	PROA	103	0.421053
PROA	90	PROA	104	1.433848
PROA	91	PROA	92	4.776679
PROA	91	PROA	93	0.981981
PROA	91	PROA	94	0.054554
PROA	91	PROA	98	1.287192
PROA	91	PROA	100	0.176777
PROA	91	PROA	101	1.990210
PROA	91	PROA	102	0.178174
PROA	91	PROA	347	0.234146
PROA	91	PROA	348	4.107919
PROA	91	PROA	349	0.105409
PROA	91	PROA	351	2.891387
PROA	91	PROA	352	0.903696
PROA	91	PROA	355	3.316994
PROA	92	PROA	93	4.986410
PROA	92	PROA	94	1.352247
PROA	92	PROA	97	1.610626
PROA	92	PROA	98	3.067860
PROA	92	PROA	99	0.269680
PROA	92	PROA	100	0.091287
PROA	92	PROA	348	0.212132
PROA	93	PROA	94	4.428571
PROA	93	PROA	97	0.194461
PROA	93	PROA	348	0.657376
PROA	94	PROA	95	2.452557
PROA	94	PROA	96	2.139203
PROA	94	PROA	97	2.463174
PROA	94	PROA	98	0.648204
PROA	94	PROA	348	1.553797
PROA	95	PROA	96	4.146442
PROA	95	PROA	97	0.500773
PROA	95	PROA	98	3.561055
PROA	95	PROA	344	4.108574
PROA	95	PROA	345	2.132456
PROA	95	PROA	348	3.488326
PROA	96	PROA	97	3.569478
PROA	96	PROA	98	0.626224
PROA	96	PROA	344	0.110096
PROA	97	PROA	98	2.176471
PROA	97	PROA	99	0.672214
PROA	98	PROA	99	2.378603
PROA	98	PROA	100	0.140028
PROA	98	PROA	101	0.727607
PROA	98	PROA	344	3.205944
PROA	98	PROA	347	0.278207
PROA	98	PROA	348	1.572746
PROA	99	PROA	100	3.692745
PROA	99	PROA	101	0.053300
PROA	100	PROA	101	3.319764
PROA	100	PROA	102	1.826828
PROA	101	PROA	102	3.764259
PROA	101	PROA	103	1.319140
PROA	101	PROA	347	0.401478
PROA	101	PROA	351	0.133631
PROA	102	PROA	103	2.152693
PROA	102	PROA	104	0.545545
PROA	103	PROA	104	3.555944
PROA	103	PROA	105	1.057188
PROA	104	PROA	105	3.334865
PROA	105	PROA	106	3.220644
PROA	105	PROA	107	0.222566
PROA	105	PROA	166	0.365636
PROA	105	PROA	167	0.070014
PROA	106	PROA	107	2.649065
PROA	106	PROA	108	0.980196
PROA	106	PROA	164	0.061546
PROA	107	PROA	108	3.004640
PROA	107	PROA	109	0.473879
PROA	108	PROA	109	2.818009
PROA	108	PROA	110	1.166767
PROA	108	PROA	156	3.950546
PROA	108	PROA	157	1.613603
PROA	108	PROA	158	2.333533
PROA	108	PROA	162	0.280056
PROA	108	PROA	163	0.055641
PROA	108	PROA	164	2.171768
PROA	109	PROA	110	3.105295
PROA	109	PROA	157	0.533114
PROA	109	PROA	158	2.829269
PROA	109	PROA	159	4.830459
PROA	109	PROA	160	0.069007
PROA	110	PROA	111	4.629100
PROA	110	PROA	114	2.051290
PROA	110	PROA	115	0.429198
PROA	110	PROA	156	0.551825
PROA	110	PROA	157	3.924092
PROA	110	PROA	158	0.571429
PROA	111	PROA	112	2.847745
PROA	111	PROA	113	1.889822
PROA	111	PROA	114	4.985205
PROA	111	PROA	115	1.059626
PROA	111	PROA	116	0.066227
PROA	111	PROA	152	0.154303
PROA	111	PROA	153	2.088932
PROA	111	PROA	155	0.728493
PROA	111	PROA	156	2.582838
PROA	111	PROA	157	2.913971
PROA	112	PROA	113	1.952442
PROA	112	PROA	114	0.538028
PROA	112	PROA	115	2.789474
PROA	112	PROA	116	3.684211
PROA	112	PROA	117	0.048912
PROA	112	PROA	121	0.526316
PROA	112	PROA	129	0.974679
PROA	112	PROA	133	0.315789
PROA	112	PROA	152	3.985406
PROA	112	PROA	153	0.276686
PROA	112	PROA	155	3.368421
PROA	112	PROA	156	0.210526
PROA	112	PROA	157	2.789474
PROA	112	PROA	163	0.368421
PROA	112	PROA	217	0.894737
PROA	112	PROA	221	1.335396
PROA	113	PROA	114	3.396267
PROA	113	PROA	115	0.600751
PROA	113	PROA	116	0.951190
PROA	113	PROA	117	2.651880
PROA	113	PROA	118	0.058321
PROA	113	PROA	152	1.924599
PROA	113	PROA	153	3.487144
PROA	114	PROA	115	1.858641
PROA	114	PROA	116	0.440204
PROA	114	PROA	117	1.136364
PROA	114	PROA	118	1.082625
PROA	114	PROA	119	0.051709
PROA	114	PROA	153	0.064282
PROA	115	PROA	116	2.894737
PROA	115	PROA	117	0.635851
PROA	115	PROA	118	2.084674
PROA	115	PROA	119	3.115923
PROA	115	PROA	121	2.842105
PROA	115	PROA	129	1.025978
PROA	115	PROA	157	1.526316
PROA	115	PROA	224	0.061314
PROA	116	PROA	117	1.956464
PROA	116	PROA	118	0.674453
PROA	116	PROA	119	1.112830
PROA	116	PROA	120	0.055641
PROA	116	PROA	121	2.000000
PROA	116	PROA	152	1.042337
PROA	116	PROA	217	0.105263
PROA	116	PROA	220	2.073221
PROA	116	PROA	221	2.726433
PROA	116	PROA	224	3.801464
PROA	117	PROA	118	2.678074
PROA	117	PROA	119	0.361961
PROA	117	PROA	224	0.056980
PROA	118	PROA	119	4.083683
PROA	118	PROA	120	0.064820
PROA	119	PROA	120	2.941176
PROA	119	PROA	121	1.224113
PROA	119	PROA	224	0.648204
PROA	120	PROA	121	3.227206
PROA	120	PROA	122	0.292509
PROA	120	PROA	224	2.333533
PROA	121	PROA	122	2.974372
PROA	121	PROA	123	0.245256
PROA	121	PROA	125	0.556415
PROA	121	PROA	126	3.631579
PROA	121	PROA	129	1.282473
PROA	121	PROA	221	1.724886
PROA	121	PROA	224	0.122628
PROA	122	PROA	123	3.626203
PROA	122	PROA	124	0.957427
PROA	122	PROA	125	2.705708
PROA	122	PROA	126	2.005972
PROA	122	PROA	127	0.090909
PROA	123	PROA	124	3.780432
PROA	123	PROA	125	0.583383
PROA	123	PROA	126	1.716790
PROA	123	PROA	127	1.289317
PROA	123	PROA	128	0.058321
PROA	123	PROA	283	2.391702
PROA	123	PROA	286	0.084515
PROA	123	PROA	312	1.458030
PROA	124	PROA	125	2.800560
PROA	124	PROA	126	0.794719
PROA	124	PROA	127	3.046359
PROA	124	PROA	128	0.818923
PROA	124	PROA	129	0.064550
PROA	124	PROA	312	0.062994
PROA	124	PROA	316	1.574852
PROA	125	PROA	126	2.559508
PROA	125	PROA	127	0.804400
PROA	125	PROA	128	1.270215
PROA	125	PROA	129	1.410048
PROA	126	PROA	127	3.458572
PROA	126	PROA	128	0.550689
PROA	126	PROA	129	1.744163
PROA	126	PROA	130	1.210526
PROA	126	PROA	131	0.050063
PROA	126	PROA	218	1.157895
PROA	126	PROA	221	3.227206
PROA	126	PROA	222	2.157895
PROA	126	PROA	312	0.200250
PROA	127	PROA	128	2.631807
PROA	127	PROA	129	0.674200
PROA	127	PROA	130	2.144315
PROA	127	PROA	131	0.986928
PROA	127	PROA	132	0.073127
PROA	127	PROA	312	2.763397
PROA	127	PROA	313	2.075143
PROA	127	PROA	316	1.447494
PROA	128	PROA	129	2.683725
PROA	128	PROA	130	0.600751
PROA	128	PROA	131	2.476190
PROA	128	PROA	132	4.604528
PROA	128	PROA	133	0.050063
PROA	128	PROA	160	0.058321
PROA	128	PROA	161	1.513289
PROA	128	PROA	162	0.566947
PROA	128	PROA	316	3.476190
PROA	129	PROA	130	1.795462
PROA	129	PROA	131	0.683130
PROA	129	PROA	132	2.765863
PROA	129	PROA	133	1.795462
PROA	129	PROA	134	0.051299
PROA	129	PROA	157	1.077277
PROA	129	PROA	161	1.483240
PROA	129	PROA	163	1.436370
PROA	129	PROA	221	1.084652
PROA	130	PROA	131	2.252818
PROA	130	PROA	132	0.500773
PROA	130	PROA	133	1.473684
PROA	130	PROA	134	2.421053
PROA	130	PROA	214	1.261787
PROA	130	PROA	215	0.086711
PROA	130	PROA	218	3.526316
PROA	130	PROA	221	1.057188
PROA	130	PROA	289	1.105263
PROA	130	PROA	293	0.945905
PROA	130	PROA	312	1.201503
PROA	130	PROA	313	2.894737
PROA	131	PROA	132	3.546016
PROA	131	PROA	133	0.400501
PROA	131	PROA	134	1.251565
PROA	131	PROA	135	1.915372
PROA	131	PROA	136	0.082479
PROA	131	PROA	308	1.952442
PROA	131	PROA	313	2.503131
PROA	131	PROA	316	3.095238
PROA	131	PROA	317	1.619048
PROA	131	PROA	318	0.377964
PROA	131	PROA	322	1.295903
PROA	132	PROA	133	2.281301
PROA	132	PROA	134	0.556415
PROA	132	PROA	135	1.584236
PROA	132	PROA	136	0.733359
PROA	132	PROA	137	0.055641
PROA	132	PROA	157	0.055641
PROA	132	PROA	161	0.950654
PROA	132	PROA	162	1.120224
PROA	132	PROA	163	4.395678
PROA	133	PROA	134	2.421053
PROA	133	PROA	135	0.561951
PROA	133	PROA	136	1.300665
PROA	133	PROA	137	1.210526
PROA	133	PROA	138	0.048912
PROA	133	PROA	150	0.842105
PROA	133	PROA	155	2.368421
PROA	133	PROA	163	3.473684
PROA	133	PROA	165	1.947368
PROA	133	PROA	214	2.351511
PROA	133	PROA	217	0.789474
PROA	133	PROA	221	0.612056
PROA	134	PROA	135	1.732684
PROA	134	PROA	136	1.213954
PROA	134	PROA	137	2.210526
PROA	134	PROA	138	0.831497
PROA	134	PROA	211	0.947368
PROA	134	PROA	214	1.835326
PROA	134	PROA	289	0.210526
PROA	134	PROA	293	1.502320
PROA	134	PROA	304	3.039758
PROA	134	PROA	307	2.031334
PROA	134	PROA	308	3.473684
PROA	134	PROA	313	1.052632
PROA	135	PROA	136	3.394674
PROA	135	PROA	137	0.421464
PROA	135	PROA	138	1.610218
PROA	135	PROA	139	0.356348
PROA	135	PROA	308	0.936586
PROA	135	PROA	321	1.001735
PROA	135	PROA	322	2.951459
PROA	135	PROA	323	1.527525
PROA	136	PROA	137	2.774752
PROA	136	PROA	138	1.208734
PROA	136	PROA	139	1.649572
PROA	136	PROA	140	1.907642
PROA	136	PROA	165	1.474087
PROA	137	PROA	138	2.054287
PROA	137	PROA	139	0.600751
PROA	137	PROA	140	3.947368
PROA	137	PROA	141	3.783621
PROA	137	PROA	142	0.069171
PROA	137	PROA	146	0.105263
PROA	137	PROA	147	0.723339
PROA	137	PROA	150	1.315789
PROA	137	PROA	165	1.157895
PROA	137	PROA	210	2.317932
PROA	137	PROA	211	1.473684
PROA	137	PROA	214	0.860309
PROA	137	PROA	304	1.663264
PROA	138	PROA	139	2.186638
PROA	138	PROA	140	0.684762
PROA	138	PROA	141	1.396137
PROA	138	PROA	142	1.542778
PROA	138	PROA	143	0.067420
PROA	138	PROA	304	3.038110
PROA	138	PROA	305	2.532217
PROA	138	PROA	308	2.396668
PROA	138	PROA	317	0.790912
PROA	138	PROA	319	0.569803
PROA	138	PROA	322	1.706494
PROA	138	PROA	323	0.170941
PROA	138	PROA	324	1.369525
PROA	139	PROA	140	2.853569
PROA	139	PROA	141	0.529256
PROA	139	PROA	142	1.644879
PROA	139	PROA	143	1.104105
PROA	139	PROA	323	1.166424
PROA	139	PROA	324	1.451816
PROA	139	PROA	325	4.002380
PROA	139	PROA	326	0.112687
PROA	140	PROA	141	3.227206
PROA	140	PROA	142	0.899229
PROA	140	PROA	143	1.523500
PROA	140	PROA	144	0.367884
PROA	140	PROA	145	3.097112
PROA	140	PROA	146	0.894737
PROA	140	PROA	147	1.780528
PROA	140	PROA	150	0.052632
PROA	140	PROA	165	1.578947
PROA	140	PROA	168	1.282473
PROA	140	PROA	210	0.066227
PROA	141	PROA	142	3.290726
PROA	141	PROA	143	0.843661
PROA	141	PROA	144	0.972306
PROA	141	PROA	145	0.848875
PROA	141	PROA	146	1.112830
PROA	141	PROA	207	4.653789
PROA	141	PROA	208	0.073127
PROA	141	PROA	210	0.770154
PROA	141	PROA	211	1.780528
PROA	141	PROA	304	2.243455
PROA	142	PROA	143	4.004543
PROA	142	PROA	144	0.886405
PROA	142	PROA	145	0.075378
PROA	142	PROA	207	0.385695
PROA	142	PROA	324	1.590943
PROA	142	PROA	325	2.574349
PROA	142	PROA	327	0.190693
PROA	142	PROA	328	0.322329
PROA	143	PROA	144	3.296102
PROA	143	PROA	145	2.766993
PROA	143	PROA	173	0.158114
PROA	143	PROA	325	3.300000
PROA	143	PROA	327	0.900000
PROA	143	PROA	328	0.929670
PROA	143	PROA	329	1.838478
PROA	144	PROA	145	3.006689
PROA	144	PROA	146	0.245256
PROA	144	PROA	172	0.054554
PROA	144	PROA	173	2.138090
PROA	144	PROA	174	3.380617
PROA	144	PROA	207	1.652428
PROA	144	PROA	328	1.714286
PROA	144	PROA	329	0.597614
PROA	145	PROA	146	3.613298
PROA	145	PROA	147	0.424437
PROA	145	PROA	168	0.111803
PROA	145	PROA	171	1.423025
PROA	145	PROA	172	1.173714
PROA	145	PROA	173	2.625000
PROA	145	PROA	174	0.711512
PROA	145	PROA	329	1.173936
PROA	145	PROA	331	0.055902
PROA	146	PROA	147	2.782074
PROA	146	PROA	148	2.435123
PROA	146	PROA	170	0.052632
PROA	146	PROA	171	0.435286
PROA	146	PROA	172	1.170732
PROA	146	PROA	173	0.286770
PROA	146	PROA	174	2.394072
PROA	146	PROA	206	0.306570
PROA	146	PROA	207	2.739050
PROA	146	PROA	209	2.210526
PROA	146	PROA	210	2.251705
PROA	147	PROA	148	3.019950
PROA	147	PROA	149	1.750350
PROA	147	PROA	150	2.615150
PROA	147	PROA	165	1.224113
PROA	147	PROA	166	0.585018
PROA	147	PROA	167	0.910182
PROA	147	PROA	168	2.548933
PROA	147	PROA	170	0.445132
PROA	147	PROA	171	1.150447
PROA	147	PROA	172	0.148522
PROA	147	PROA	210	1.680336
PROA	148	PROA	149	2.298097
PROA	148	PROA	150	0.374634
PROA	148	PROA	170	1.966830
PROA	148	PROA	171	0.516398
PROA	148	PROA	172	2.375000
PROA	148	PROA	185	2.945942
PROA	148	PROA	186	0.948683
PROA	148	PROA	187	0.044544
PROA	148	PROA	188	2.398459
PROA	148	PROA	194	0.208333
PROA	148	PROA	209	0.561951
PROA	148	PROA	210	1.001735
PROA	149	PROA	150	2.715291
PROA	149	PROA	151	2.769559
PROA	149	PROA	154	0.077152
PROA	149	PROA	170	1.986799
PROA	149	PROA	188	0.505181
PROA	149	PROA	189	1.369306
PROA	149	PROA	190	1.620185
PROA	149	PROA	194	0.176777
PROA	149	PROA	210	0.250000
PROA	150	PROA	151	2.592315
PROA	150	PROA	154	0.061314
PROA	150	PROA	155	0.526316
PROA	150	PROA	165	1.578947
PROA	150	PROA	193	0.450564
PROA	150	PROA	210	1.456986
PROA	150	PROA	213	2.628515
PROA	150	PROA	214	1.605910
PROA	150	PROA	217	1.842105
PROA	151	PROA	152	3.817679
PROA	151	PROA	153	1.864191
PROA	151	PROA	154	2.507133
PROA	151	PROA	155	1.076055
PROA	151	PROA	170	0.048912
PROA	151	PROA	189	0.674200
PROA	151	PROA	190	2.678074
PROA	151	PROA	193	1.767920
PROA	151	PROA	217	1.320613
PROA	152	PROA	153	3.303874
PROA	152	PROA	154	0.785714
PROA	152	PROA	155	2.697813
PROA	152	PROA	193	1.924599
PROA	152	PROA	217	2.513871
PROA	152	PROA	220	1.311125
PROA	153	PROA	154	3.465039
PROA	153	PROA	155	0.760886
PROA	153	PROA	156	0.553372
PROA	154	PROA	155	3.249638
PROA	154	PROA	156	1.839418
PROA	154	PROA	164	0.113961
PROA	154	PROA	165	0.245256
PROA	154	PROA	166	2.981545
PROA	154	PROA	167	2.314550
PROA	155	PROA	156	3.157895
PROA	155	PROA	157	0.631579
PROA	155	PROA	163	2.473684
PROA	155	PROA	164	0.391293
PROA	155	PROA	165	2.210526
PROA	155	PROA	166	0.484200
PROA	155	PROA	217	1.473684
PROA	156	PROA	157	2.631579
PROA	156	PROA	158	0.245256
PROA	156	PROA	162	0.198680
PROA	156	PROA	163	0.684211
PROA	156	PROA	164	2.298845
PROA	156	PROA	165	0.105263
PROA	156	PROA	166	3.320229
PROA	157	PROA	158	2.575185
PROA	157	PROA	161	0.553372
PROA	157	PROA	162	0.728493
PROA	157	PROA	163	2.578947
PROA	157	PROA	164	0.146735
PROA	158	PROA	159	3.357143
PROA	158	PROA	160	2.571429
PROA	158	PROA	161	1.853393
PROA	158	PROA	162	4.783404
PROA	158	PROA	163	0.122628
PROA	158	PROA	164	0.227921
PROA	159	PROA	160	4.071429
PROA	159	PROA	161	1.289317
PROA	160	PROA	161	3.545621
PROA	160	PROA	162	1.620185
PROA	161	PROA	162	3.394514
PROA	161	PROA	163	0.345857
PROA	162	PROA	163	2.384158
PROA	162	PROA	164	1.169369
PROA	163	PROA	164	3.423812
PROA	163	PROA	165	1.421053
PROA	164	PROA	165	2.298845
PROA	164	PROA	166	0.771389
PROA	165	PROA	166	3.458572
PROA	165	PROA	167	0.066227
PROA	165	PROA	168	1.333772
PROA	166	PROA	167	4.090825
PROA	166	PROA	168	1.146140
PROA	167	PROA	168	3.872983
PROA	167	PROA	169	1.636634
PROA	167	PROA	170	0.198680
PROA	168	PROA	169	2.704494
PROA	168	PROA	170	0.718185
PROA	168	PROA	171	4.030509
PROA	169	PROA	170	3.555151
PROA	169	PROA	171	1.075706
PROA	170	PROA	171	2.756810
PROA	170	PROA	172	0.421464
PROA	170	PROA	188	4.244191
PROA	170	PROA	189	1.160762
PROA	171	PROA	172	3.098387
PROA	171	PROA	173	0.079057
PROA	172	PROA	173	2.398459
PROA	172	PROA	174	0.451848
PROA	172	PROA	175	0.117851
PROA	172	PROA	178	0.099015
PROA	172	PROA	185	1.036535
PROA	172	PROA	331	0.136931
PROA	172	PROA	334	1.581139
PROA	172	PROA	335	0.046829
PROA	172	PROA	336	0.942809
PROA	173	PROA	174	4.506246
PROA	173	PROA	175	0.721688
PROA	173	PROA	329	2.347871
PROA	173	PROA	330	1.385805
PROA	173	PROA	331	1.677051
PROA	174	PROA	175	3.742771
PROA	174	PROA	176	0.253546
PROA	174	PROA	207	0.471940
PROA	175	PROA	176	5.014859
PROA	175	PROA	177	2.083333
PROA	175	PROA	178	3.360672
PROA	176	PROA	177	4.320494
PROA	176	PROA	178	0.453743
PROA	176	PROA	203	0.569803
PROA	176	PROA	204	3.232488
PROA	176	PROA	205	0.349927
PROA	177	PROA	178	5.741148
PROA	177	PROA	185	0.154303
PROA	177	PROA	203	1.600189
PROA	177	PROA	204	0.218218
PROA	178	PROA	185	2.981737
PROA	178	PROA	203	0.051709
PROA	185	PROA	186	4.278406
PROA	185	PROA	198	0.245256
PROA	185	PROA	205	1.049781
PROA	185	PROA	209	0.061314
PROA	185	PROB	71	0.109109
PROA	186	PROA	187	2.704494
PROA	186	PROA	188	0.968246
PROA	186	PROA	336	0.074536
PROA	186	PROB	71	0.263523
PROA	187	PROA	188	3.327823
PROA	187	PROA	189	0.138013
PROA	187	PROA	194	1.069045
PROA	187	PROA	198	1.501879
PROA	187	PROA	199	1.058512
PROA	187	PROA	233	0.666667
PROA	187	PROB	68	1.239560
PROA	187	PROB	69	1.702129
PROA	187	PROB	71	2.227177
PROA	188	PROA	189	4.506246
PROA	188	PROA	190	0.334077
PROA	188	PROA	194	1.020621
PROA	189	PROA	190	4.141256
PROA	189	PROA	191	0.322749
PROA	189	PROA	194	0.451848
PROA	190	PROA	191	2.454951
PROA	190	PROA	192	1.963961
PROA	190	PROA	193	1.224745
PROA	190	PROA	194	0.818317
PROA	191	PROA	192	1.791667
PROA	191	PROA	193	0.356348
PROA	191	PROA	194	1.708333
PROA	191	PROA	230	0.925820
PROA	191	PROA	231	1.610218
PROA	191	PROA	232	2.178325
PROA	191	PROA	233	0.579066
PROA	191	PROA	236	2.623891
PROA	192	PROA	193	4.008919
PROA	192	PROA	194	0.500000
PROA	192	PROA	216	0.307729
PROA	192	PROA	226	3.382377
PROA	192	PROA	227	0.140488
PROA	192	PROA	228	0.867227
PROA	192	PROA	229	0.927426
PROA	192	PROA	230	0.308607
PROA	192	PROA	236	1.188177
PROA	193	PROA	194	1.870829
PROA	193	PROA	195	0.414039
PROA	193	PROA	212	0.445435
PROA	193	PROA	213	2.763397
PROA	193	PROA	216	3.355554
PROA	193	PROA	217	2.252818
PROA	193	PROA	220	1.295903
PROA	193	PROA	226	0.349927
PROA	193	PROA	227	0.150188
PROA	193	PROA	228	0.048795
PROA	194	PROA	195	4.195732
PROA	194	PROA	196	0.327327
PROA	194	PROA	198	1.545367
PROA	194	PROA	199	1.831773
PROA	194	PROA	212	0.666667
PROA	194	PROA	213	0.123091
PROA	194	PROA	236	0.544581
PROA	194	PROA	240	0.140488
PROA	195	PROA	196	4.986410
PROA	195	PROA	197	2.857738
PROA	195	PROA	198	2.103881
PROA	195	PROA	199	0.997054
PROA	195	PROA	209	2.611715
PROA	195	PROA	212	4.066633
PROA	195	PROA	213	0.095346
PROA	195	PROA	240	0.072548
PROA	195	PROA	301	0.903696
PROA	196	PROA	197	4.071387
PROA	196	PROA	198	0.797081
PROA	196	PROA	199	3.111378
PROA	196	PROA	200	1.226279
PROA	196	PROA	201	0.071429
PROA	196	PROA	212	3.655150
PROA	196	PROA	237	0.429198
PROA	196	PROA	240	2.452557
PROA	196	PROA	244	0.061314
PROA	196	PROA	296	2.091650
PROA	196	PROA	301	1.200198
PROA	197	PROA	198	4.087207
PROA	197	PROA	199	0.814092
PROA	197	PROA	200	1.066228
PROA	197	PROA	201	2.277216
PROA	197	PROA	205	1.295903
PROA	197	PROA	206	0.069007
PROA	197	PROA	208	1.167748
PROA	197	PROA	209	2.073221
PROA	197	PROA	255	0.059235
PROA	197	PROA	298	2.898275
PROA	197	PROA	301	1.739253
PROA	198	PROA	199	2.782074
PROA	198	PROA	200	0.473684
PROA	198	PROA	201	0.797081
PROA	198	PROA	205	3.404258
PROA	198	PROA	209	2.736842
PROA	198	PROB	71	1.873172
PROA	199	PROA	200	2.837716
PROA	199	PROA	201	0.453743
PROA	199	PROA	233	2.699206
PROA	199	PROA	236	1.588235
PROA	199	PROA	237	3.171565
PROA	199	PROA	240	1.001547
PROA	199	PROB	71	1.287192
PROA	200	PROA	201	4.046720
PROA	200	PROA	202	0.276686
PROA	200	PROA	233	0.450564
PROA	200	PROA	237	2.210526
PROA	200	PROA	255	2.052632
PROA	200	PROA	257	1.226279
PROA	200	PROA	260	2.394072
PROA	200	PROA	264	1.526316
PROA	200	PROA	296	1.077277
PROA	200	PROB	71	1.358049
PROA	200	PROB	73	0.367884
PROA	201	PROA	202	3.384456
PROA	201	PROA	203	1.025645
PROA	201	PROA	205	1.866278
PROA	201	PROA	254	0.080582
PROA	201	PROA	255	1.716790
PROA	201	PROA	256	1.839418
PROA	201	PROA	257	2.214286
PROA	201	PROB	71	1.854852
PROA	202	PROA	203	3.342687
PROA	202	PROA	205	1.118518
PROA	202	PROA	256	0.069171
PROA	202	PROA	257	0.161165
PROA	202	PROB	22	0.219382
PROA	202	PROB	69	0.138343
PROA	202	PROB	70	0.636364
PROA	202	PROB	71	3.692745
PROA	203	PROA	204	3.787368
PROA	203	PROA	205	1.767920
PROA	203	PROA	256	0.097823
PROA	204	PROA	205	3.464102
PROA	204	PROA	206	0.505076
PROA	204	PROA	256	0.086711
PROA	205	PROA	206	3.207665
PROA	205	PROA	208	0.065795
PROA	205	PROA	209	1.301628
PROA	205	PROB	71	1.024501
PROA	206	PROA	207	2.849014
PROA	206	PROA	208	3.787368
PROA	206	PROA	209	1.103651
PROA	206	PROA	298	0.500000
PROA	206	PROA	299	0.129641
PROA	207	PROA	208	2.314168
PROA	207	PROA	209	1.173878
PROA	207	PROA	210	0.677003
PROA	207	PROA	211	0.586939
PROA	208	PROA	209	3.942772
PROA	208	PROA	210	0.696311
PROA	208	PROA	211	2.005972
PROA	208	PROA	212	0.677003
PROA	208	PROA	298	2.417469
PROA	208	PROA	301	2.954196
PROA	209	PROA	210	3.245104
PROA	209	PROA	211	0.473684
PROA	209	PROA	212	0.936586
PROA	209	PROA	213	0.691714
PROA	209	PROA	301	0.796098
PROA	210	PROA	211	3.046424
PROA	210	PROA	212	0.766032
PROA	210	PROA	213	2.959320
PROA	210	PROA	214	1.010363
PROA	210	PROA	215	0.109109
PROA	211	PROA	212	1.966830
PROA	211	PROA	213	0.968400
PROA	211	PROA	214	1.491202
PROA	211	PROA	215	0.867110
PROA	211	PROA	293	1.669245
PROA	211	PROA	301	0.280976
PROA	211	PROA	302	0.789474
PROA	211	PROA	303	0.947758
PROA	211	PROA	304	3.269174
PROA	211	PROA	307	0.072548
PROA	212	PROA	213	2.892650
PROA	212	PROA	214	0.561341
PROA	212	PROA	215	1.388730
PROA	212	PROA	216	1.723281
PROA	212	PROA	217	0.046829
PROA	212	PROA	228	1.186732
PROA	212	PROA	240	1.685854
PROA	212	PROA	244	1.030244
PROA	212	PROA	293	1.039655
PROA	212	PROA	294	2.997075
PROA	212	PROA	295	0.763763
PROA	212	PROA	296	0.912871
PROA	212	PROA	301	3.166667
PROA	213	PROA	214	3.392003
PROA	213	PROA	215	1.481487
PROA	213	PROA	216	2.272727
PROA	213	PROA	217	2.351829
PROA	213	PROA	218	0.069171
PROA	214	PROA	215	3.874136
PROA	214	PROA	216	0.829156
PROA	214	PROA	217	2.810343
PROA	214	PROA	218	1.147079
PROA	214	PROA	219	0.079057
PROA	214	PROA	293	0.727607
PROA	215	PROA	216	3.760699
PROA	215	PROA	217	0.953821
PROA	215	PROA	218	2.514619
PROA	215	PROA	219	1.553797
PROA	215	PROA	290	0.867110
PROA	215	PROA	293	2.475086
PROA	215	PROA	294	1.994353
PROA	216	PROA	217	2.974372
PROA	216	PROA	218	0.899229
PROA	216	PROA	219	2.765042
PROA	216	PROA	220	0.934199
PROA	216	PROA	221	0.073127
PROA	216	PROA	227	2.559344
PROA	216	PROA	228	0.471940
PROA	216	PROA	294	1.314257
PROA	217	PROA	218	2.052632
PROA	217	PROA	219	0.943119
PROA	217	PROA	220	1.717812
PROA	217	PROA	221	2.225660
PROA	218	PROA	219	3.627381
PROA	218	PROA	220	0.651584
PROA	218	PROA	221	3.950546
PROA	218	PROA	222	3.000000
PROA	218	PROA	223	0.069171
PROA	218	PROA	286	0.217643
PROA	218	PROA	289	0.157895
PROA	218	PROA	290	2.736842
PROA	218	PROA	293	0.166924
PROA	218	PROA	312	0.150188
PROA	219	PROA	220	3.021037
PROA	219	PROA	221	1.150447
PROA	219	PROA	222	2.684262
PROA	219	PROA	223	1.620886
PROA	219	PROA	224	0.084515
PROA	219	PROA	225	0.193649
PROA	219	PROA	227	2.539167
PROA	219	PROA	279	1.979899
PROA	219	PROA	290	1.305857
PROA	219	PROA	294	0.435286
PROA	220	PROA	221	2.943254
PROA	220	PROA	222	0.651584
PROA	220	PROA	223	1.790548
PROA	220	PROA	224	2.001190
PROA	220	PROA	225	2.424413
PROA	220	PROA	226	1.932184
PROA	220	PROA	227	0.236940
PROA	221	PROA	222	2.559508
PROA	221	PROA	223	0.731272
PROA	221	PROA	224	0.583383
PROA	222	PROA	223	2.836029
PROA	222	PROA	224	0.367884
PROA	222	PROA	279	2.205853
PROA	222	PROA	282	2.394072
PROA	222	PROA	286	0.217643
PROA	222	PROA	287	0.105263
PROA	222	PROA	290	0.894737
PROA	223	PROA	224	3.626203
PROA	223	PROA	225	4.431294
PROA	223	PROA	279	1.752920
PROA	224	PROA	225	2.836833
PROA	224	PROA	226	0.071429
PROA	225	PROA	226	3.327823
PROA	225	PROA	227	0.234146
PROA	226	PROA	227	2.329929
PROA	226	PROA	228	0.896421
PROA	226	PROA	229	1.071429
PROA	227	PROA	228	6.361066
PROA	227	PROA	229	0.490511
PROA	227	PROA	243	1.315789
PROA	227	PROA	275	0.515122
PROA	227	PROA	278	0.052632
PROA	227	PROA	279	0.974679
PROA	227	PROA	290	0.052632
PROA	227	PROA	294	0.736842
PROA	228	PROA	229	2.988072
PROA	228	PROA	230	0.760639
PROA	228	PROA	236	2.006607
PROA	228	PROA	239	2.006607
PROA	228	PROA	240	3.283131
PROA	228	PROA	243	1.590266
PROA	228	PROA	244	0.718185
PROA	228	PROA	275	0.045644
PROA	228	PROA	294	0.820783
PROA	229	PROA	230	3.939595
PROA	229	PROA	231	0.455842
PROA	229	PROA	236	0.388922
PROA	229	PROA	239	2.398354
PROA	230	PROA	231	3.223292
PROA	230	PROA	232	0.825029
PROA	230	PROA	235	1.963961
PROA	230	PROA	236	3.483454
PROA	230	PROA	239	2.291746
PROA	231	PROA	232	2.740565
PROA	231	PROA	235	1.292461
PROA	231	PROA	236	0.155126
PROA	231	PROA	239	0.051709
PROA	232	PROA	233	2.593355
PROA	232	PROA	234	2.615150
PROA	232	PROA	235	5.671134
PROA	232	PROA	236	1.058824
PROA	232	PROA	237	0.055641
PROA	232	PROB	68	0.125245
PROA	232	PROB	80	0.970143
PROA	233	PROA	234	3.604508
PROA	233	PROA	235	0.818923
PROA	233	PROA	236	1.164363
PROA	233	PROA	237	2.052567
PROA	233	PROA	238	0.058321
PROA	233	PROB	68	4.000397
PROA	233	PROB	71	1.648111
PROA	233	PROB	72	0.534522
PROA	233	PROB	73	1.574672
PROA	233	PROB	76	1.652066
PROA	234	PROA	235	3.046424
PROA	234	PROA	236	0.612056
PROA	234	PROA	237	2.947368
PROA	234	PROA	238	2.268616
PROA	234	PROA	239	0.055641
PROA	234	PROA	263	0.851064
PROA	234	PROB	68	0.059235
PROA	234	PROB	73	1.962046
PROA	234	PROB	76	2.368421
PROA	234	PROB	77	1.716790
PROA	234	PROB	80	1.433848
PROA	235	PROA	236	2.800560
PROA	235	PROA	237	0.728493
PROA	235	PROA	238	1.465882
PROA	235	PROA	239	1.750350
PROA	236	PROA	237	2.448225
PROA	236	PROA	238	0.713024
PROA	236	PROA	239	2.176471
PROA	236	PROA	240	2.114377
PROA	237	PROA	238	3.985406
PROA	237	PROA	239	0.667698
PROA	237	PROA	240	1.947368
PROA	237	PROA	241	0.736842
PROA	237	PROA	242	0.086711
PROA	237	PROA	263	0.200250
PROA	237	PROA	296	0.051299
PROA	237	PROB	73	1.042337
PROA	238	PROA	239	2.268713
PROA	238	PROA	240	0.858395
PROA	238	PROA	241	1.655476
PROA	238	PROA	242	1.010153
PROA	238	PROA	263	0.816497
PROA	239	PROA	240	2.392584
PROA	239	PROA	241	0.445132
PROA	239	PROA	242	1.741727
PROA	239	PROA	243	0.500773
PROA	239	PROA	244	0.055641
PROA	240	PROA	241	2.368421
PROA	240	PROA	242	1.040532
PROA	240	PROA	243	0.578947
PROA	240	PROA	244	2.684211
PROA	240	PROA	245	0.173422
PROA	240	PROA	296	0.718185
PROA	241	PROA	242	3.208307
PROA	241	PROA	243	0.526316
PROA	241	PROA	244	0.947368
PROA	241	PROA	245	3.555151
PROA	241	PROA	246	0.553372
PROA	241	PROA	247	1.348907
PROA	241	PROA	263	0.150188
PROA	241	PROA	264	0.684211
PROA	241	PROA	267	1.000000
PROA	241	PROA	270	0.391293
PROA	241	PROA	296	0.615587
PROA	242	PROA	243	3.381729
PROA	242	PROA	244	0.693688
PROA	242	PROA	245	0.714286
PROA	242	PROA	273	0.283473
PROA	243	PROA	244	3.789474
PROA	243	PROA	245	0.867110
PROA	243	PROA	272	0.489116
PROA	243	PROA	273	3.097112
PROA	243	PROA	275	1.545367
PROA	243	PROA	278	1.578947
PROA	243	PROA	294	0.052632
PROA	244	PROA	245	3.034885
PROA	244	PROA	246	0.207514
PROA	244	PROA	271	0.061314
PROA	244	PROA	272	2.005376
PROA	244	PROA	273	0.229416
PROA	244	PROA	275	0.749269
PROA	244	PROA	291	0.066227
PROA	244	PROA	294	2.000000
PROA	244	PROA	295	0.245256
PROA	244	PROA	296	2.000658
PROA	245	PROA	246	3.532778
PROA	245	PROA	247	0.606092
PROA	245	PROA	270	1.933975
PROA	245	PROA	271	1.313198
PROA	245	PROA	272	1.450481
PROA	246	PROA	247	5.721343
PROA	246	PROA	248	0.363636
PROA	246	PROA	267	0.345857
PROA	246	PROA	268	0.080582
PROA	246	PROA	269	2.047563
PROA	246	PROA	270	3.664099
PROA	246	PROA	271	0.402911
PROA	247	PROA	248	3.465039
PROA	247	PROA	249	0.194461
PROA	247	PROA	251	2.314550
PROA	247	PROA	252	3.065697
PROA	247	PROA	264	1.103651
PROA	247	PROA	267	0.122628
PROA	247	PROA	296	1.912366
PROA	248	PROA	249	2.925090
PROA	248	PROA	250	1.868397
PROA	248	PROA	251	4.874174
PROA	248	PROA	252	1.245086
PROA	248	PROA	297	0.080582
PROA	248	PROA	300	0.707107
PROA	249	PROA	250	2.317030
PROA	249	PROA	251	0.910182
PROA	249	PROA	252	3.727980
PROA	249	PROA	253	0.777844
PROA	249	PROA	265	0.556415
PROA	250	PROA	251	4.024922
PROA	250	PROA	252	0.770054
PROA	250	PROA	253	2.208210
PROA	250	PROA	254	0.622799
PROA	250	PROA	297	0.621059
PROA	250	PROA	300	2.256976
PROA	251	PROA	252	3.377558
PROA	251	PROA	253	1.157275
PROA	251	PROA	254	3.046359
PROA	251	PROA	255	0.596040
PROA	251	PROA	296	0.774597
PROA	251	PROA	297	4.474797
PROA	251	PROA	300	1.600189
PROA	252	PROA	253	2.391243
PROA	252	PROA	254	0.830057
PROA	252	PROA	255	1.578947
PROA	252	PROA	261	1.873172
PROA	252	PROA	264	2.684211
PROA	252	PROA	265	1.789474
PROA	252	PROA	296	0.051299
PROA	253	PROA	254	3.142710
PROA	253	PROA	255	0.981023
PROA	253	PROA	261	1.854852
PROA	254	PROA	255	4.081115
PROA	254	PROA	256	0.691714
PROA	254	PROA	296	0.067420
PROA	254	PROA	297	2.336887
PROA	254	PROA	298	0.725241
PROA	254	PROA	299	1.170036
PROA	255	PROA	256	2.894737
PROA	255	PROA	257	2.636499
PROA	255	PROA	258	0.052632
PROA	255	PROA	260	1.233310
PROA	255	PROA	261	2.341465
PROA	255	PROA	264	1.368421
PROA	255	PROA	296	0.461690
PROA	255	PROA	298	0.061314
PROA	256	PROA	257	2.759127
PROA	256	PROA	258	0.631579
PROA	257	PROA	258	2.820441
PROA	257	PROA	259	1.253566
PROA	257	PROA	260	4.732864
PROA	257	PROA	261	0.763763
PROA	257	PROA	262	0.071429
PROA	257	PROB	70	0.161165
PROA	257	PROB	71	1.472971
PROA	257	PROB	72	0.436436
PROA	257	PROB	73	0.357143
PROA	258	PROA	259	2.787961
PROA	258	PROA	260	0.943119
PROA	258	PROA	261	1.826342
PROA	258	PROA	262	1.471534
PROA	258	PROA	263	0.050063
PROA	259	PROA	260	2.696799
PROA	259	PROA	261	0.435194
PROA	259	PROA	262	1.538468
PROA	259	PROA	263	0.604815
PROA	259	PROB	19	1.723281
PROA	259	PROB	71	0.043519
PROA	259	PROB	72	4.395461
PROA	259	PROB	73	0.341882
PROA	259	PROB	74	1.230915
PROA	260	PROA	261	2.646539
PROA	260	PROA	262	1.098701
PROA	260	PROA	263	2.346223
PROA	260	PROA	264	2.031334
PROA	260	PROA	265	0.072548
PROA	260	PROB	71	0.129099
PROA	260	PROB	73	2.028370
PROA	261	PROA	262	2.509506
PROA	261	PROA	263	0.489979
PROA	261	PROA	264	2.107318
PROA	261	PROA	265	2.294635
PROA	261	PROA	266	0.061546
PROA	262	PROA	263	2.099563
PROA	262	PROA	264	0.797081
PROA	262	PROA	265	2.820441
PROA	262	PROA	266	1.047570
PROA	263	PROA	264	3.504383
PROA	263	PROA	265	0.700877
PROA	263	PROA	266	2.302831
PROA	263	PROA	267	0.750939
PROA	263	PROB	73	3.149344
PROA	263	PROB	74	1.700840
PROA	263	PROB	77	1.049781
PROA	264	PROA	265	2.105263
PROA	264	PROA	266	1.314257
PROA	264	PROA	267	1.947368
PROA	264	PROA	296	0.461690
PROA	265	PROA	266	2.974372
PROA	265	PROA	267	0.473684
PROA	266	PROA	267	3.942772
PROA	266	PROA	268	0.644658
PROA	267	PROA	268	4.659859
PROA	267	PROA	269	0.445132
PROA	267	PROA	270	1.076055
PROA	268	PROA	269	2.139072
PROA	268	PROA	270	2.279212
PROA	269	PROA	270	4.136702
PROA	269	PROA	271	1.426048
PROA	270	PROA	271	2.450152
PROA	270	PROA	272	0.090909
PROA	271	PROA	272	2.336192
PROA	271	PROA	273	0.200446
PROA	272	PROA	273	3.144711
PROA	272	PROA	274	0.512823
PROA	272	PROA	275	0.522233
PROA	272	PROA	291	1.600189
PROA	273	PROA	274	5.879747
PROA	273	PROA	275	0.357217
PROA	273	PROA	277	1.684024
PROA	273	PROA	278	2.523573
PROA	274	PROA	275	1.854852
PROA	274	PROA	276	1.357143
PROA	274	PROA	277	3.927922
PROA	274	PROA	278	0.551825
PROA	275	PROA	276	2.018515
PROA	275	PROA	277	0.500000
PROA	275	PROA	278	1.592196
PROA	275	PROA	279	2.145247
PROA	275	PROA	287	2.247806
PROA	275	PROA	290	1.685854
PROA	275	PROA	291	3.005204
PROA	275	PROA	294	1.826342
PROA	276	PROA	277	2.236733
PROA	276	PROA	278	0.551825
PROA	276	PROA	279	1.015944
PROA	276	PROA	280	1.928571
PROA	276	PROA	282	0.084515
PROA	276	PROA	287	2.145988
PROA	277	PROA	278	4.448783
PROA	277	PROA	279	0.456435
PROA	277	PROA	280	0.381881
PROA	278	PROA	279	3.488326
PROA	278	PROA	280	0.551825
PROA	279	PROA	280	3.286879
PROA	279	PROA	281	0.537853
PROA	279	PROA	282	1.767767
PROA	279	PROA	287	0.512989
PROA	279	PROA	290	0.615587
PROA	280	PROA	281	4.357143
PROA	280	PROA	282	0.845154
PROA	281	PROA	282	3.380617
PROA	281	PROA	283	0.308607
PROA	282	PROA	283	3.560197
PROA	282	PROA	284	0.476731
PROA	282	PROA	286	0.700000
PROA	282	PROA	287	2.248976
PROA	283	PROA	284	3.481553
PROA	283	PROA	285	2.523376
PROA	283	PROA	286	4.107919
PROA	283	PROA	287	1.655665
PROA	283	PROA	312	1.385870
PROA	284	PROA	285	2.635580
PROA	284	PROA	286	1.239501
PROA	284	PROA	287	3.389401
PROA	284	PROA	288	0.696311
PROA	285	PROA	286	2.831639
PROA	285	PROA	287	0.440204
PROA	285	PROA	288	1.169369
PROA	285	PROA	289	0.293470
PROA	285	PROA	310	0.051709
PROA	285	PROA	311	1.367527
PROA	285	PROA	312	3.117122
PROA	285	PROA	314	0.110096
PROA	286	PROA	287	3.845024
PROA	286	PROA	288	1.004158
PROA	286	PROA	289	1.378405
PROA	286	PROA	290	1.305857
PROA	286	PROA	291	0.091287
PROA	286	PROA	312	4.623439
PROA	287	PROA	288	2.251705
PROA	287	PROA	289	0.315789
PROA	287	PROA	290	3.105263
PROA	287	PROA	291	0.728493
PROA	288	PROA	289	2.913971
PROA	288	PROA	290	0.794719
PROA	288	PROA	291	1.666667
PROA	288	PROA	292	3.261925
PROA	288	PROA	310	1.610322
PROA	288	PROA	311	0.077152
PROA	289	PROA	290	2.368421
PROA	289	PROA	291	0.728493
PROA	289	PROA	292	1.858641
PROA	289	PROA	293	3.060282
PROA	289	PROA	294	0.052632
PROA	289	PROA	302	1.473684
PROA	289	PROA	307	2.974453
PROA	289	PROA	310	4.006187
PROA	289	PROA	312	1.702129
PROA	289	PROA	313	1.263158
PROA	290	PROA	291	3.046424
PROA	290	PROA	292	0.635851
PROA	290	PROA	293	1.724886
PROA	290	PROA	294	3.105263
PROA	291	PROA	292	2.584921
PROA	291	PROA	293	0.840168
PROA	291	PROA	294	1.655665
PROA	291	PROA	295	1.234427
PROA	292	PROA	293	2.016642
PROA	292	PROA	294	0.440204
PROA	292	PROA	295	1.994310
PROA	292	PROA	301	0.696311
PROA	292	PROA	302	3.668370
PROA	292	PROA	310	1.809807
PROA	293	PROA	294	3.227206
PROA	293	PROA	295	0.842665
PROA	293	PROA	301	1.188177
PROA	293	PROA	302	1.613603
PROA	293	PROA	307	1.227144
PROA	293	PROA	313	0.055641
PROA	294	PROA	295	2.697813
PROA	294	PROA	296	0.307794
PROA	294	PROA	301	0.280976
PROA	295	PROA	296	2.808787
PROA	295	PROA	297	1.714286
PROA	295	PROA	300	1.652428
PROA	295	PROA	301	4.909903
PROA	295	PROA	302	0.122628
PROA	296	PROA	297	3.227117
PROA	296	PROA	298	0.597614
PROA	296	PROA	301	0.867227
PROA	297	PROA	298	4.571429
PROA	297	PROA	299	2.203893
PROA	297	PROA	300	4.786344
PROA	297	PROA	301	1.036535
PROA	298	PROA	299	3.954043
PROA	298	PROA	300	0.398862
PROA	298	PROA	301	3.000496
PROA	299	PROA	300	2.740565
PROA	299	PROA	301	0.643596
PROA	300	PROA	301	1.653738
PROA	300	PROA	302	0.342381
PROA	301	PROA	302	2.528782
PROA	301	PROA	303	0.263523
PROA	302	PROA	303	3.494858
PROA	302	PROA	304	0.057354
PROA	302	PROA	306	3.060282
PROA	302	PROA	307	3.409738
PROA	302	PROA	310	1.112830
PROA	303	PROA	304	2.581989
PROA	303	PROA	305	0.466667
PROA	303	PROA	306	3.318989
PROA	303	PROA	307	1.061446
PROA	303	PROA	308	0.059235
PROA	304	PROA	305	3.614784
PROA	304	PROA	306	0.727607
PROA	304	PROA	307	1.818310
PROA	304	PROA	308	1.204433
PROA	305	PROA	306	3.005877
PROA	305	PROA	307	0.979796
PROA	305	PROA	308	2.487865
PROA	305	PROA	309	1.469694
PROA	305	PROA	317	1.408590
PROA	305	PROA	319	0.207020
PROA	305	PROA	322	0.066667
PROA	306	PROA	307	3.067860
PROA	306	PROA	308	0.556415
PROA	306	PROA	309	2.147502
PROA	306	PROA	310	0.764706
PROA	307	PROA	308	3.337191
PROA	307	PROA	309	1.400000
PROA	307	PROA	310	1.994109
PROA	307	PROA	313	0.943119
PROA	308	PROA	309	2.466619
PROA	308	PROA	310	0.556415
PROA	308	PROA	313	2.578947
PROA	308	PROA	317	3.153945
PROA	308	PROA	322	0.473879
PROA	309	PROA	310	3.221253
PROA	309	PROA	311	0.422577
PROA	309	PROA	317	2.277216
PROA	310	PROA	311	5.250450
PROA	310	PROA	312	1.005587
PROA	310	PROA	313	1.112830
PROA	310	PROA	314	0.313112
PROA	311	PROA	312	2.391169
PROA	311	PROA	313	0.613139
PROA	311	PROA	314	1.725164
PROA	312	PROA	313	3.954947
PROA	312	PROA	314	0.619780
PROA	312	PROA	315	0.052926
PROA	312	PROA	316	0.047619
PROA	313	PROA	314	2.369396
PROA	313	PROA	315	0.445132
PROA	313	PROA	316	1.451816
PROA	313	PROA	317	1.151440
PROA	314	PROA	315	3.506856
PROA	314	PROA	316	0.788811
PROA	314	PROA	317	1.183216
PROA	315	PROA	316	2.857983
PROA	315	PROA	317	0.423405
PROA	316	PROA	317	2.000000
PROA	316	PROA	318	0.314970
PROA	316	PROA	322	0.112687
PROA	317	PROA	318	4.031621
PROA	317	PROA	319	2.274526
PROA	317	PROA	322	1.183216
PROA	318	PROA	319	5.092011
PROA	318	PROA	320	3.481553
PROA	318	PROA	321	1.416667
PROA	318	PROA	322	2.012461
PROA	319	PROA	320	3.626203
PROA	319	PROA	321	1.002972
PROA	319	PROA	322	3.174302
PROA	320	PROA	321	3.742670
PROA	320	PROA	322	0.856349
PROA	321	PROA	322	3.577709
PROA	321	PROA	323	0.617213
PROA	322	PROA	323	3.588341
PROA	322	PROA	324	0.236940
PROA	323	PROA	324	3.372266
PROA	324	PROA	325	3.482286
PROA	324	PROA	326	0.177705
PROA	325	PROA	326	3.102687
PROA	325	PROA	327	1.600000
PROA	326	PROA	327	4.327432
PROA	327	PROA	328	5.408987
PROA	327	PROA	329	0.353553
PROA	328	PROA	329	2.330696
PROA	328	PROA	330	0.284901
PROA	329	PROA	330	3.670831
PROA	329	PROA	331	1.250000
PROA	330	PROA	331	2.288310
PROA	330	PROA	332	0.369274
PROA	331	PROA	332	2.969287
PROA	331	PROA	333	1.301583
PROA	331	PROA	334	0.115470
PROA	331	PROA	335	2.103256
PROA	332	PROA	333	4.200840
PROA	333	PROA	334	2.755387
PROA	333	PROA	335	1.057188
PROA	333	PROA	338	1.669245
PROA	333	PROA	342	1.034175
PROA	333	PROA	346	2.114377
PROA	334	PROA	335	3.376389
PROA	334	PROA	336	3.354102
PROA	334	PROA	337	2.832353
PROA	334	PROA	338	1.006993
PROA	335	PROA	336	2.516611
PROA	335	PROA	337	0.728493
PROA	335	PROA	338	2.631579
PROA	335	PROA	343	1.789474
PROA	335	PROA	346	0.315789
PROA	336	PROA	337	3.916667
PROA	336	PROA	338	0.596040
PROA	337	PROA	338	3.178878
PROA	337	PROA	339	0.385758
PROA	338	PROA	339	4.843801
PROA	338	PROA	340	0.195646
PROA	338	PROA	342	2.983608
PROA	338	PROA	343	3.578947
PROA	338	PROA	346	1.368421
PROA	339	PROA	340	2.051290
PROA	339	PROA	341	1.794170
PROA	339	PROA	342	3.418817
PROA	339	PROA	343	1.348907
PROA	340	PROA	341	5.394722
PROA	340	PROA	342	0.545455
PROA	340	PROA	343	2.103199
PROA	340	PROA	344	0.545455
PROA	341	PROA	342	1.981735
PROA	341	PROA	343	0.770054
PROA	341	PROA	344	1.431253
PROA	341	PROA	345	0.600000
PROA	342	PROA	343	2.396668
PROA	342	PROA	344	0.545455
PROA	342	PROA	345	1.651446
PROA	342	PROA	346	2.249934
PROA	343	PROA	344	1.809729
PROA	343	PROA	345	0.770054
PROA	343	PROA	346	3.000000
PROA	343	PROA	347	1.210526
PROA	343	PROA	348	0.051299
PROA	344	PROA	345	2.697361
PROA	344	PROA	346	0.489116
PROA	344	PROA	347	1.076055
PROA	344	PROA	348	0.762770
PROA	344	PROA	349	0.055048
PROA	345	PROA	346	2.547100
PROA	345	PROA	347	0.651584
PROA	345	PROA	348	1.962991
PROA	345	PROA	349	1.066667
PROA	345	PROA	350	0.066667
PROA	346	PROA	347	2.105263
PROA	346	PROA	348	0.615587
PROA	346	PROA	349	2.784040
PROA	346	PROA	350	1.125463
PROA	346	PROA	351	0.061314
PROA	347	PROA	348	2.257152
PROA	347	PROA	349	0.770054
PROA	347	PROA	350	1.599342
PROA	347	PROA	351	2.391243
PROA	348	PROA	349	2.540341
PROA	348	PROA	350	0.461880
PROA	348	PROA	351	1.314751
PROA	348	PROA	352	0.424264
PROA	349	PROA	350	3.000000
PROA	349	PROA	351	0.759072
PROA	349	PROA	352	1.551344
PROA	350	PROA	351	3.312315
PROA	350	PROA	352	0.816497
PROA	350	PROA	353	0.210819
PROA	350	PROA	354	0.346410
PROA	351	PROA	352	3.042555
PROA	351	PROA	353	0.436436
PROA	351	PROA	354	2.390457
PROA	351	PROA	355	1.490869
PROA	352	PROA	353	2.840188
PROA	352	PROA	354	1.272792
PROA	352	PROA	355	3.221253
PROA	352	PROA	358	1.518144
PROA	353	PROA	354	3.925345
PROA	353	PROA	355	0.594089
PROA	353	PROA	358	1.247219
PROA	354	PROA	355	2.386235
PROA	354	PROA	356	0.418330
PROA	355	PROA	356	3.629941
PROA	355	PROA	357	0.458349
PROA	355	PROA	358	1.323140
PROA	356	PROA	357	3.232488
PROA	356	PROA	358	0.641533
PROA	357	PROA	358	2.721794
PROA	357	PROA	359	0.462910
PROA	358	PROA	359	2.494438
PROA	358	PROA	360	0.503953
PROA	359	PROA	360	2.533799
PROB	1	PROB	2	3.528039
PROB	1	PROB	3	0.939336
PROB	1	PROB	4	2.381653
PROB	1	PROB	5	1.008368
PROB	1	PROB	6	0.064820
PROB	1	PROB	57	2.430312
PROB	2	PROB	3	3.755884
PROB	2	PROB	4	0.966092
PROB	2	PROB	5	1.912366
PROB	2	PROB	6	1.605793
PROB	2	PROB	7	0.072548
PROB	3	PROB	4	2.084714
PROB	3	PROB	5	0.780720
PROB	3	PROB	6	1.518144
PROB	3	PROB	7	0.888523
PROB	3	PROB	82	1.408590
PROB	3	PROB	86	2.646539
PROB	4	PROB	5	3.464102
PROB	4	PROB	6	0.583212
PROB	4	PROB	7	2.052567
PROB	4	PROB	8	2.903632
PROB	4	PROB	50	1.295903
PROB	4	PROB	55	1.351691
PROB	4	PROB	56	1.574852
PROB	4	PROB	57	3.256695
PROB	4	PROB	60	0.851064
PROB	4	PROB	82	1.809524
PROB	5	PROB	6	3.737564
PROB	5	PROB	7	1.127243
PROB	5	PROB	8	1.994353
PROB	5	PROB	9	0.825029
PROB	6	PROB	7	2.759127
PROB	6	PROB	8	0.858395
PROB	6	PROB	9	1.879791
PROB	6	PROB	10	1.543033
PROB	6	PROB	11	0.061314
PROB	7	PROB	8	3.157895
PROB	7	PROB	9	0.723339
PROB	7	PROB	10	1.788119
PROB	7	PROB	11	2.578947
PROB	7	PROB	12	0.061314
PROB	7	PROB	60	1.263158
PROB	7	PROB	78	1.112830
PROB	7	PROB	79	1.777972
PROB	7	PROB	82	3.003757
PROB	8	PROB	9	2.114377
PROB	8	PROB	10	0.662266
PROB	8	PROB	11	2.947368
PROB	8	PROB	12	1.226279
PROB	8	PROB	43	0.069171
PROB	8	PROB	46	4.822098
PROB	8	PROB	50	0.710819
PROB	8	PROB	55	2.105263
PROB	8	PROB	60	0.105263
PROB	8	PROB	63	0.421053
PROB	9	PROB	10	2.870574
PROB	9	PROB	11	0.556415
PROB	9	PROB	12	4.018863
PROB	9	PROB	13	2.852096
PROB	9	PROB	43	0.146254
PROB	10	PROB	11	2.516611
PROB	10	PROB	12	1.080123
PROB	10	PROB	13	2.468854
PROB	10	PROB	14	1.311578
PROB	10	PROB	78	2.170434
PROB	11	PROB	12	2.881755
PROB	11	PROB	13	0.735767
PROB	11	PROB	14	1.348907
PROB	11	PROB	15	1.157895
PROB	11	PROB	46	2.051957
PROB	11	PROB	60	0.052632
PROB	11	PROB	63	0.684211
PROB	11	PROB	67	1.128576
PROB	11	PROB	75	2.368421
PROB	11	PROB	78	2.336943
PROB	11	PROB	79	0.802955
PROB	12	PROB	13	3.214286
PROB	12	PROB	14	1.000000
PROB	12	PROB	15	1.287593
PROB	12	PROB	41	0.357143
PROB	12	PROB	42	3.434519
PROB	12	PROB	43	2.739798
PROB	12	PROB	46	1.075706
PROB	13	PROB	14	3.428571
PROB	13	PROB	15	0.551825
PROB	14	PROB	15	2.636499
PROB	14	PROB	16	0.357143
PROB	14	PROB	72	0.272772
PROB	14	PROB	75	0.858395
PROB	14	PROB	78	1.166767
PROB	15	PROB	16	3.740150
PROB	15	PROB	17	0.210526
PROB	15	PROB	19	1.324532
PROB	15	PROB	20	3.315789
PROB	15	PROB	23	2.315789
PROB	15	PROB	42	0.867110
PROB	15	PROB	45	0.046829
PROB	15	PROB	46	0.359092
PROB	15	PROB	67	0.359092
PROB	15	PROB	72	0.187317
PROB	15	PROB	75	2.052632
PROB	16	PROB	17	2.759127
PROB	16	PROB	18	1.311125
PROB	16	PROB	19	2.005944
PROB	16	PROB	20	0.981023
PROB	17	PROB	18	2.784040
PROB	17	PROB	19	0.596040
PROB	17	PROB	20	3.894737
PROB	17	PROB	21	2.428630
PROB	17	PROB	24	0.538028
PROB	17	PROB	39	0.157895
PROB	17	PROB	40	2.329929
PROB	17	PROB	41	0.122628
PROB	18	PROB	19	2.757817
PROB	18	PROB	20	0.651584
PROB	18	PROB	21	0.933333
PROB	18	PROB	22	0.313112
PROB	19	PROB	20	2.715291
PROB	19	PROB	21	0.819892
PROB	19	PROB	22	1.960392
PROB	19	PROB	23	1.456986
PROB	19	PROB	72	0.824958
PROB	20	PROB	21	2.724805
PROB	20	PROB	22	0.778981
PROB	20	PROB	23	2.842105
PROB	20	PROB	24	2.347757
PROB	20	PROB	25	0.069171
PROB	20	PROB	39	1.157895
PROB	20	PROB	40	0.981023
PROB	20	PROB	41	1.962046
PROB	20	PROB	42	2.081064
PROB	20	PROB	45	1.404879
PROB	21	PROB	22	2.129163
PROB	21	PROB	23	0.651584
PROB	21	PROB	24	5.229578
PROB	21	PROB	25	1.012049
PROB	22	PROB	23	3.282848
PROB	22	PROB	24	0.620505
PROB	22	PROB	25	1.608799
PROB	22	PROB	26	0.920358
PROB	22	PROB	70	2.413199
PROB	22	PROB	72	0.099015
PROB	23	PROB	24	1.956464
PROB	23	PROB	25	0.760886
PROB	23	PROB	26	1.450953
PROB	23	PROB	27	0.622543
PROB	23	PROB	45	2.388294
PROB	23	PROB	66	1.789474
PROB	23	PROB	67	1.231174
PROB	23	PROB	70	1.383429
PROB	23	PROB	72	0.140488
PROB	23	PROB	75	0.578947
PROB	24	PROB	25	2.442733
PROB	24	PROB	26	0.674200
PROB	24	PROB	27	0.964237
PROB	24	PROB	28	0.590909
PROB	24	PROB	36	2.442733
PROB	24	PROB	37	0.385337
PROB	24	PROB	39	4.206397
PROB	24	PROB	40	0.170941
PROB	24	PROB	45	1.044466
PROB	25	PROB	26	3.909197
PROB	25	PROB	27	0.818182
PROB	25	PROB	28	1.607061
PROB	26	PROB	27	3.241773
PROB	26	PROB	28	0.741620
PROB	26	PROB	30	0.091287
PROB	26	PROB	62	0.069007
PROB	26	PROB	66	1.813691
PROB	26	PROB	69	1.450953
PROB	26	PROB	70	0.381385
PROB	27	PROB	28	2.956992
PROB	27	PROB	29	0.622799
PROB	27	PROB	30	2.263010
PROB	27	PROB	31	1.867629
PROB	27	PROB	34	0.155700
PROB	27	PROB	45	1.107823
PROB	27	PROB	48	0.269680
PROB	27	PROB	49	0.415029
PROB	27	PROB	62	1.579084
PROB	27	PROB	66	1.521772
PROB	28	PROB	29	2.862506
PROB	28	PROB	30	0.553912
PROB	28	PROB	31	0.440204
PROB	28	PROB	32	0.056980
PROB	28	PROB	34	3.082699
PROB	28	PROB	36	1.092801
PROB	29	PROB	30	2.832353
PROB	29	PROB	31	0.533114
PROB	29	PROB	32	0.345033
PROB	30	PROB	31	3.907370
PROB	30	PROB	32	0.617213
PROB	30	PROB	54	0.492366
PROB	30	PROB	62	1.826828
PROB	30	PROB	65	0.350070
PROB	30	PROB	66	0.264906
PROB	31	PROB	32	3.801464
PROB	31	PROB	33	1.521772
PROB	31	PROB	34	1.717812
PROB	31	PROB	48	2.462348
PROB	31	PROB	49	0.842105
PROB	31	PROB	52	2.782074
PROB	31	PROB	54	2.005376
PROB	31	PROB	62	0.851064
PROB	32	PROB	33	3.867950
PROB	32	PROB	34	1.035098
PROB	33	PROB	34	3.269696
PROB	33	PROB	35	0.578542
PROB	33	PROB	52	0.585018
PROB	34	PROB	35	3.412988
PROB	34	PROB	36	3.113996
PROB	34	PROB	39	0.059235
PROB	34	PROB	48	1.212436
PROB	35	PROB	36	2.635580
PROB	35	PROB	37	0.660578
PROB	35	PROB	38	2.532217
PROB	35	PROB	39	0.195646
PROB	35	PROB	48	0.143019
PROB	36	PROB	37	3.191846
PROB	36	PROB	38	0.856349
PROB	36	PROB	39	1.245086
PROB	37	PROB	38	4.066667
PROB	37	PROB	39	0.414644
PROB	37	PROB	40	0.069007
PROB	38	PROB	39	2.724805
PROB	38	PROB	40	0.414039
PROB	38	PROB	44	0.081650
PROB	39	PROB	40	2.943069
PROB	39	PROB	41	1.287593
PROB	39	PROB	44	1.668595
PROB	39	PROB	45	2.716099
PROB	39	PROB	48	1.487669
PROB	40	PROB	41	5.285714
PROB	40	PROB	44	0.591608
PROB	41	PROB	42	3.535534
PROB	41	PROB	43	1.772811
PROB	41	PROB	44	3.634163
PROB	41	PROB	45	0.654654
PROB	42	PROB	43	3.760699
PROB	42	PROB	44	1.553797
PROB	42	PROB	45	2.237399
PROB	42	PROB	46	2.281916
PROB	42	PROB	47	0.113961
PROB	43	PROB	44	3.813850
PROB	43	PROB	45	0.677003
PROB	43	PROB	46	1.415820
PROB	43	PROB	47	2.000000
PROB	43	PROB	48	0.067420
PROB	44	PROB	45	2.775638
PROB	44	PROB	46	0.494975
PROB	44	PROB	47	2.192964
PROB	44	PROB	48	0.989949
PROB	44	PROB	49	0.072548
PROB	45	PROB	46	3.560197
PROB	45	PROB	47	0.553912
PROB	45	PROB	48	1.506237
PROB	45	PROB	49	3.465368
PROB	45	PROB	62	0.178174
PROB	45	PROB	63	1.123903
PROB	45	PROB	66	1.545367
PROB	45	PROB	67	0.456435
PROB	46	PROB	47	3.033899
PROB	46	PROB	48	0.700000
PROB	46	PROB	49	3.539625
PROB	46	PROB	50	1.327906
PROB	46	PROB	51	0.067420
PROB	46	PROB	55	2.667544
PROB	46	PROB	63	1.179875
PROB	46	PROB	67	0.450000
PROB	47	PROB	48	2.561959
PROB	47	PROB	49	0.968400
PROB	47	PROB	50	2.880446
PROB	47	PROB	51	1.272727
PROB	47	PROB	52	0.073127
PROB	47	PROB	55	0.069171
PROB	48	PROB	49	3.693522
PROB	48	PROB	50	0.635085
PROB	48	PROB	51	1.550660
PROB	48	PROB	52	3.253957
PROB	49	PROB	50	2.191691
PROB	49	PROB	51	0.760886
PROB	49	PROB	52	1.391037
PROB	49	PROB	53	0.429198
PROB	49	PROB	54	2.983608
PROB	49	PROB	55	3.000000
PROB	49	PROB	62	1.652066
PROB	49	PROB	63	1.105263
PROB	50	PROB	51	3.503245
PROB	50	PROB	52	0.688847
PROB	50	PROB	53	0.966092
PROB	50	PROB	54	0.385337
PROB	50	PROB	55	3.909503
PROB	50	PROB	56	0.223607
PROB	51	PROB	52	3.144471
PROB	51	PROB	53	1.128152
PROB	52	PROB	53	3.241019
PROB	52	PROB	54	2.482021
PROB	53	PROB	54	2.564113
PROB	53	PROB	55	0.613139
PROB	54	PROB	55	2.347757
PROB	54	PROB	56	0.061546
PROB	54	PROB	59	0.113961
PROB	54	PROB	62	3.442792
PROB	55	PROB	56	4.106050
PROB	55	PROB	59	0.429198
PROB	55	PROB	60	1.210526
PROB	55	PROB	62	0.200250
PROB	55	PROB	63	2.157895
PROB	56	PROB	57	3.323470
PROB	56	PROB	58	3.166667
PROB	56	PROB	59	4.243342
PROB	56	PROB	60	1.125853
PROB	57	PROB	58	5.477571
PROB	57	PROB	59	0.512823
PROB	57	PROB	60	0.538028
PROB	57	PROB	82	0.790912
PROB	57	PROB	87	0.244558
PROB	58	PROB	59	3.163219
PROB	58	PROB	60	0.728493
PROB	58	PROB	82	0.125988
PROB	58	PROB	83	0.058926
PROB	58	PROB	87	0.198680
PROB	59	PROB	60	3.188325
PROB	59	PROB	61	2.739798
PROB	59	PROB	62	0.116642
PROB	59	PROB	83	0.109109
PROB	60	PROB	61	2.766858
PROB	60	PROB	62	0.450564
PROB	60	PROB	63	2.631579
PROB	60	PROB	64	1.184698
PROB	60	PROB	79	1.950034
PROB	60	PROB	82	1.902379
PROB	60	PROB	83	0.842927
PROB	60	PROB	87	0.315789
PROB	61	PROB	62	2.697602
PROB	61	PROB	63	0.830057
PROB	61	PROB	64	2.958296
PROB	61	PROB	65	0.658145
PROB	61	PROB	66	0.069171
PROB	61	PROB	83	0.800095
PROB	62	PROB	63	3.554446
PROB	62	PROB	64	0.788811
PROB	62	PROB	65	2.064099
PROB	62	PROB	66	3.003757
PROB	63	PROB	64	3.020979
PROB	63	PROB	65	0.890264
PROB	63	PROB	66	2.526316
PROB	63	PROB	67	3.077935
PROB	63	PROB	68	0.059235
PROB	63	PROB	76	0.052632
PROB	63	PROB	79	0.688247
PROB	64	PROB	65	2.191785
PROB	64	PROB	66	0.710819
PROB	64	PROB	67	1.847521
PROB	64	PROB	68	2.133333
PROB	64	PROB	69	0.059235
PROB	64	PROB	76	2.547100
PROB	64	PROB	79	2.388340
PROB	64	PROB	80	0.064550
PROB	64	PROB	83	0.790569
PROB	65	PROB	66	3.449772
PROB	65	PROB	67	0.433861
PROB	65	PROB	68	1.878673
PROB	65	PROB	69	1.724886
PROB	66	PROB	67	2.975337
PROB	66	PROB	68	0.651584
PROB	66	PROB	69	2.684211
PROB	66	PROB	70	1.590943
PROB	67	PROB	68	2.424871
PROB	67	PROB	69	0.615587
PROB	67	PROB	70	2.292280
PROB	67	PROB	71	0.365148
PROB	67	PROB	72	2.236534
PROB	67	PROB	75	3.129234
PROB	67	PROB	76	3.334430
PROB	67	PROB	79	0.838525
PROB	68	PROB	69	2.724805
PROB	68	PROB	70	0.778499
PROB	68	PROB	71	1.001388
PROB	68	PROB	72	0.263523
PROB	68	PROB	76	2.310161
PROB	69	PROB	70	3.666087
PROB	69	PROB	71	1.732684
PROB	70	PROB	71	3.815836
PROB	70	PROB	72	1.969464
PROB	71	PROB	72	1.791667
PROB	71	PROB	73	0.654654
PROB	72	PROB	73	3.218714
PROB	72	PROB	74	2.769502
PROB	72	PROB	75	5.994149
PROB	72	PROB	76	1.545367
PROB	73	PROB	74	4.551949
PROB	73	PROB	75	0.429198
PROB	73	PROB	76	2.329929
PROB	73	PROB	77	1.285714
PROB	74	PROB	75	3.642464
PROB	74	PROB	76	0.927173
PROB	74	PROB	77	2.468854
PROB	74	PROB	78	0.840168
PROB	75	PROB	76	2.421053
PROB	75	PROB	77	0.674453
PROB	75	PROB	78	1.613603
PROB	75	PROB	79	0.745601
PROB	76	PROB	77	2.575185
PROB	76	PROB	78	0.723339
PROB	76	PROB	79	2.408865
PROB	76	PROB	80	1.147079
PROB	77	PROB	78	3.370659
PROB	77	PROB	79	0.601338
PROB	77	PROB	80	1.670383
PROB	77	PROB	81	1.620185
PROB	78	PROB	79	2.364722
PROB	78	PROB	80	0.606339
PROB	78	PROB	81	1.820364
PROB	78	PROB	82	0.582182
PROB	79	PROB	80	3.125000
PROB	79	PROB	81	0.721688
PROB	79	PROB	82	1.745743
PROB	79	PROB	83	1.122683
PROB	80	PROB	81	2.958920
PROB	80	PROB	82	0.818317
PROB	80	PROB	83	1.428869
PROB	80	PROB	84	2.538982
PROB	80	PROB	85	0.102062
PROB	81	PROB	82	2.330781
PROB	81	PROB	83	0.589256
PROB	81	PROB	84	1.543033
PROB	81	PROB	85	2.003469
PROB	81	PROB	86	0.216506
PROB	82	PROB	83	2.138090
PROB	82	PROB	84	0.408248
PROB	82	PROB	85	0.668153
PROB	82	PROB	86	3.982476
PROB	82	PROB	87	2.903632
PROB	83	PROB	84	2.182179
PROB	83	PROB	85	0.375000
PROB	83	PROB	86	0.459279
PROB	83	PROB	87	3.231221
PROB	83	PROB	88	0.304636
PROB	84	PROB	85	3.055050
PROB	84	PROB	86	0.267261
PROB	84	PROB	87	0.061314
PROB	84	PROB	88	1.025645
PROB	85	PROB	86	2.959800
PROB	85	PROB	87	0.327805
PROB	85	PROB	88	0.783349
PROB	85	PROB	89	0.045644
PROB	86	PROB	87	4.186837
PROB	86	PROB	88	0.533002
PROB	86	PROB	89	0.111803
PROB	87	PROB	88	1.907552
PROB	87	PROB	89	0.666886
PROB	88	PROB	89	2.955734
