PROA	11	PROA	12	2.969287
PROA	11	PROA	13	0.606339
PROA	11	PROA	18	2.812500
PROA	11	PROA	19	0.055902
PROA	11	PROA	20	2.309401
PROA	12	PROA	13	2.818009
PROA	12	PROA	14	0.258199
PROA	12	PROA	17	0.062622
PROA	12	PROA	18	0.774597
PROA	12	PROA	19	0.808290
PROA	12	PROA	20	0.149071
PROA	12	PROA	22	0.195180
PROA	12	PROA	28	1.184698
PROA	13	PROA	14	2.728526
PROA	13	PROA	15	0.247537
PROA	13	PROA	16	2.933435
PROA	13	PROA	17	1.882353
PROA	13	PROA	18	2.789160
PROA	13	PROA	19	0.325396
PROA	14	PROA	15	3.521142
PROA	14	PROA	16	1.322876
PROA	14	PROA	17	2.243455
PROA	14	PROA	18	0.250000
PROA	14	PROA	19	1.788854
PROA	14	PROA	28	2.294157
PROA	14	PROA	29	0.603023
PROA	14	PROA	30	2.018515
PROA	14	PROA	38	1.152044
PROA	14	PROA	40	0.829156
PROA	15	PROA	16	2.546005
PROA	15	PROA	17	2.178325
PROA	15	PROA	30	3.830744
PROA	15	PROA	33	0.105409
PROA	15	PROA	38	1.089162
PROA	16	PROA	17	4.950172
PROA	16	PROA	18	0.377964
PROA	17	PROA	18	2.182821
PROA	17	PROA	19	0.542326
PROA	17	PROA	38	1.882353
PROA	17	PROA	55	0.051709
PROA	18	PROA	19	3.018692
PROA	18	PROA	20	1.732051
PROA	18	PROA	55	1.918806
PROA	18	PROA	102	0.600099
PROA	19	PROA	20	2.711088
PROA	19	PROA	21	2.403773
PROA	19	PROA	22	0.084515
PROA	19	PROA	28	1.898060
PROA	19	PROA	38	1.681211
PROA	19	PROA	39	0.503115
PROA	19	PROA	40	2.561959
PROA	19	PROA	53	2.051957
PROA	19	PROA	54	0.286039
PROA	19	PROA	55	2.717368
PROA	19	PROA	102	3.025290
PROA	20	PROA	21	2.886751
PROA	20	PROA	22	0.763763
PROA	20	PROA	55	0.061546
PROA	20	PROA	90	0.132453
PROA	20	PROA	102	2.330781
PROA	21	PROA	22	4.441083
PROA	21	PROA	23	0.200446
PROA	21	PROA	24	0.051031
PROA	21	PROA	25	2.509506
PROA	21	PROA	28	1.204433
PROA	21	PROA	53	3.097112
PROA	21	PROA	90	3.269174
PROA	21	PROA	102	2.291288
PROA	21	PROA	104	0.625000
PROA	22	PROA	23	4.444671
PROA	22	PROA	24	0.925820
PROA	22	PROA	25	2.061965
PROA	23	PROA	24	2.400397
PROA	23	PROA	25	0.524891
PROA	23	PROA	26	0.071429
PROA	23	PROA	45	0.142857
PROA	24	PROA	25	5.434312
PROA	24	PROA	26	0.327327
PROA	24	PROA	43	0.044544
PROA	24	PROA	44	2.651650
PROA	24	PROA	45	1.854852
PROA	24	PROA	46	3.674235
PROA	24	PROA	47	1.309307
PROA	24	PROA	87	0.054554
PROA	24	PROA	88	0.648181
PROA	25	PROA	26	2.741096
PROA	25	PROA	28	0.200250
PROA	25	PROA	42	1.035098
PROA	25	PROA	43	0.619048
PROA	25	PROA	44	2.141799
PROA	25	PROA	45	0.874818
PROA	25	PROA	51	1.309307
PROA	25	PROA	53	1.852317
PROA	25	PROA	88	1.763834
PROA	25	PROA	90	1.051315
PROA	25	PROA	104	2.564060
PROA	26	PROA	27	6.285714
PROA	26	PROA	28	0.613139
PROA	26	PROA	42	1.436762
PROA	26	PROA	43	2.041241
PROA	26	PROA	44	0.077152
PROA	26	PROA	45	2.285714
PROA	27	PROA	28	2.513871
PROA	27	PROA	29	0.644658
PROA	27	PROA	41	0.241747
PROA	27	PROA	42	1.183216
PROA	27	PROA	43	1.049781
PROA	28	PROA	29	2.628515
PROA	28	PROA	30	0.050063
PROA	28	PROA	40	0.830057
PROA	28	PROA	41	0.484200
PROA	28	PROA	42	1.813691
PROA	28	PROA	53	0.421053
PROA	29	PROA	30	2.697602
PROA	29	PROA	31	0.484200
PROA	29	PROA	39	0.075378
PROA	29	PROA	40	1.727273
PROA	29	PROA	41	3.363636
PROA	29	PROA	42	0.286039
PROA	30	PROA	31	3.304133
PROA	30	PROA	32	4.618802
PROA	30	PROA	33	2.535463
PROA	30	PROA	38	2.328727
PROA	30	PROA	39	0.600099
PROA	30	PROA	40	0.986928
PROA	30	PROA	41	0.263181
PROA	31	PROA	32	4.422261
PROA	31	PROA	39	2.810343
PROA	31	PROA	40	1.936800
PROA	31	PROA	41	2.421001
PROA	31	PROA	107	0.052632
PROA	32	PROA	33	4.196370
PROA	32	PROA	34	0.428571
PROA	32	PROA	38	0.825029
PROA	32	PROA	39	3.307189
PROA	32	PROA	40	0.227921
PROA	33	PROA	34	4.196370
PROA	33	PROA	37	1.463850
PROA	33	PROA	38	3.068499
PROA	33	PROA	39	1.549193
PROA	34	PROA	35	3.944254
PROA	34	PROA	36	0.742307
PROA	34	PROA	37	2.428571
PROA	34	PROA	38	0.458349
PROA	34	PROA	39	1.795331
PROA	35	PROA	36	6.072577
PROA	35	PROA	37	0.836660
PROA	35	PROA	64	0.483046
PROA	36	PROA	37	2.721794
PROA	36	PROA	55	0.186097
PROA	36	PROA	56	3.204008
PROA	36	PROA	57	1.315903
PROA	36	PROA	58	0.291606
PROA	36	PROA	64	2.904762
PROA	36	PROA	67	1.737198
PROA	36	PROA	68	2.741096
PROA	36	PROA	167	0.062994
PROA	36	PROA	169	0.907265
PROA	37	PROA	38	2.933435
PROA	37	PROA	39	0.755929
PROA	37	PROA	55	1.772811
PROA	37	PROA	56	0.520266
PROA	37	PROA	57	0.569803
PROA	38	PROA	39	3.577400
PROA	38	PROA	40	1.170036
PROA	38	PROA	53	0.055641
PROA	38	PROA	54	0.206835
PROA	38	PROA	55	2.326895
PROA	39	PROA	40	4.748804
PROA	39	PROA	52	0.316228
PROA	39	PROA	53	0.688247
PROA	39	PROA	54	1.812206
PROA	39	PROA	55	0.319801
PROA	40	PROA	41	4.454545
PROA	40	PROA	42	0.095346
PROA	40	PROA	51	0.075378
PROA	40	PROA	52	0.572078
PROA	40	PROA	53	2.905201
PROA	40	PROA	54	0.257130
PROA	40	PROA	55	0.064282
PROA	41	PROA	42	4.576620
PROA	41	PROA	50	0.061546
PROA	41	PROA	51	0.527645
PROA	41	PROA	52	0.858116
PROA	41	PROA	53	0.553372
PROA	41	PROA	107	1.175915
PROA	42	PROA	43	2.967282
PROA	42	PROA	44	0.273861
PROA	42	PROA	49	0.079057
PROA	42	PROA	50	0.516398
PROA	42	PROA	51	3.399448
PROA	42	PROA	52	0.200000
PROA	42	PROA	53	2.103881
PROA	42	PROA	107	0.072548
PROA	43	PROA	44	4.094615
PROA	43	PROA	45	1.341387
PROA	43	PROA	48	2.651880
PROA	43	PROA	49	2.454951
PROA	43	PROA	50	1.202676
PROA	43	PROA	51	0.927426
PROA	44	PROA	45	3.626129
PROA	44	PROA	46	1.515544
PROA	44	PROA	47	2.083095
PROA	44	PROA	48	0.984732
PROA	44	PROA	49	3.824946
PROA	44	PROA	50	0.235702
PROA	44	PROA	51	3.031089
PROA	44	PROA	104	0.072169
PROA	45	PROA	46	3.006689
PROA	45	PROA	47	0.428571
PROA	45	PROA	48	2.051290
PROA	45	PROA	49	0.066815
PROA	46	PROA	47	4.209365
PROA	46	PROA	48	0.639602
PROA	47	PROA	48	2.678074
PROA	47	PROA	49	2.739428
PROA	48	PROA	49	2.398508
PROA	49	PROA	50	3.470110
PROA	49	PROA	51	2.875000
PROA	50	PROA	51	2.602583
PROA	50	PROA	107	4.308295
PROA	50	PROA	109	1.264911
PROA	51	PROA	52	3.794733
PROA	51	PROA	53	1.663264
PROA	51	PROA	87	0.400892
PROA	51	PROA	104	1.937500
PROA	51	PROA	105	0.424437
PROA	51	PROA	106	0.288675
PROA	51	PROA	107	1.777972
PROA	52	PROA	53	3.047000
PROA	52	PROA	54	0.337100
PROA	52	PROA	103	0.072548
PROA	52	PROA	104	1.027740
PROA	52	PROA	105	2.914467
PROA	52	PROA	106	1.460593
PROA	52	PROA	107	3.264643
PROA	52	PROA	108	0.153393
PROA	53	PROA	54	2.201022
PROA	53	PROA	55	0.244558
PROA	53	PROA	90	0.210526
PROA	53	PROA	102	0.851064
PROA	53	PROA	103	0.631579
PROA	53	PROA	104	3.728006
PROA	53	PROA	105	0.222566
PROA	54	PROA	55	1.636364
PROA	54	PROA	56	1.760818
PROA	54	PROA	71	0.220193
PROA	54	PROA	84	0.146735
PROA	54	PROA	101	0.053300
PROA	54	PROA	102	0.558291
PROA	54	PROA	103	2.885784
PROA	54	PROA	104	0.213201
PROA	54	PROA	105	1.551263
PROA	54	PROA	166	0.064282
PROA	54	PROA	167	0.123091
PROA	55	PROA	56	2.885784
PROA	55	PROA	57	0.707107
PROA	55	PROA	100	1.723281
PROA	55	PROA	101	0.533002
PROA	55	PROA	102	4.280227
PROA	55	PROA	103	0.097823
PROA	56	PROA	57	2.905201
PROA	56	PROA	58	2.023360
PROA	56	PROA	68	1.900732
PROA	56	PROA	72	0.052632
PROA	56	PROA	100	0.529813
PROA	56	PROA	101	3.211820
PROA	56	PROA	102	0.500626
PROA	56	PROA	103	1.631579
PROA	57	PROA	58	5.318432
PROA	57	PROA	59	0.471940
PROA	57	PROA	64	0.592157
PROA	57	PROA	100	2.350048
PROA	57	PROA	101	0.301511
PROA	58	PROA	59	5.438290
PROA	58	PROA	60	0.483046
PROA	58	PROA	61	0.907485
PROA	58	PROA	64	2.799417
PROA	58	PROA	65	2.175722
PROA	58	PROA	68	1.857143
PROA	58	PROA	100	0.154303
PROA	58	PROA	101	0.467707
PROA	58	PROA	347	1.164965
PROA	59	PROA	60	2.309401
PROA	59	PROA	61	0.650791
PROA	59	PROA	64	0.048795
PROA	59	PROA	65	1.213560
PROA	59	PROA	98	2.060839
PROA	59	PROA	99	0.858116
PROA	59	PROA	101	0.614919
PROA	59	PROA	340	0.858116
PROA	59	PROA	343	0.102598
PROA	59	PROA	344	4.767313
PROA	59	PROA	347	1.846761
PROA	60	PROA	61	3.632101
PROA	60	PROA	62	0.250490
PROA	60	PROA	340	1.321157
PROA	61	PROA	62	2.176471
PROA	61	PROA	63	1.296407
PROA	61	PROA	64	4.763305
PROA	61	PROA	65	1.023781
PROA	61	PROA	340	1.085884
PROA	62	PROA	63	2.787276
PROA	62	PROA	64	0.635107
PROA	62	PROA	65	1.755054
PROA	62	PROA	66	2.941176
PROA	62	PROA	335	0.055641
PROA	62	PROA	336	0.280056
PROA	62	PROA	337	0.210042
PROA	62	PROA	338	0.389490
PROA	62	PROA	340	2.326895
PROA	62	PROA	343	0.445132
PROA	63	PROA	64	3.149344
PROA	63	PROA	65	0.725241
PROA	63	PROA	66	1.361228
PROA	63	PROA	67	3.600595
PROA	64	PROA	65	2.566012
PROA	64	PROA	66	0.423405
PROA	64	PROA	67	1.069045
PROA	64	PROA	68	1.283066
PROA	64	PROA	69	0.050063
PROA	65	PROA	66	3.144471
PROA	65	PROA	67	0.492366
PROA	65	PROA	68	1.611646
PROA	65	PROA	69	0.899229
PROA	65	PROA	70	0.061546
PROA	65	PROA	335	0.138343
PROA	65	PROA	340	0.449977
PROA	65	PROA	343	2.974372
PROA	65	PROA	347	0.899229
PROA	66	PROA	67	1.881280
PROA	66	PROA	68	0.713024
PROA	66	PROA	69	0.945905
PROA	66	PROA	70	1.386207
PROA	66	PROA	71	0.062622
PROA	66	PROA	335	3.616697
PROA	66	PROA	336	1.890378
PROA	66	PROA	343	1.613603
PROA	67	PROA	68	2.236733
PROA	67	PROA	69	0.280976
PROA	67	PROA	70	0.791667
PROA	67	PROA	71	0.474342
PROA	67	PROA	169	2.623157
PROA	67	PROA	170	2.575611
PROA	68	PROA	69	2.391243
PROA	68	PROA	70	0.600099
PROA	68	PROA	71	1.104105
PROA	68	PROA	72	2.023360
PROA	68	PROA	73	0.056980
PROA	68	PROA	347	0.919709
PROA	69	PROA	70	2.107318
PROA	69	PROA	71	0.770054
PROA	69	PROA	72	2.684211
PROA	69	PROA	73	1.711906
PROA	69	PROA	74	0.052632
PROA	69	PROA	335	2.894737
PROA	69	PROA	343	1.684211
PROA	69	PROA	346	2.473684
PROA	69	PROA	347	4.473684
PROA	69	PROA	350	0.829288
PROA	70	PROA	71	2.108185
PROA	70	PROA	72	0.561951
PROA	70	PROA	73	1.044466
PROA	70	PROA	74	1.451708
PROA	70	PROA	168	0.045644
PROA	70	PROA	169	0.308607
PROA	70	PROA	170	0.046829
PROA	70	PROA	171	0.516398
PROA	70	PROA	172	2.583333
PROA	70	PROA	329	0.091287
PROA	70	PROA	331	1.871385
PROA	70	PROA	334	0.843274
PROA	70	PROA	335	3.043904
PROA	70	PROA	336	0.353553
PROA	71	PROA	72	2.843275
PROA	71	PROA	73	0.715626
PROA	71	PROA	74	2.487865
PROA	71	PROA	75	3.257919
PROA	71	PROA	76	0.059235
PROA	71	PROA	167	0.670820
PROA	71	PROA	168	3.521837
PROA	71	PROA	169	1.171080
PROA	72	PROA	73	2.298845
PROA	72	PROA	74	0.578947
PROA	72	PROA	75	0.789474
PROA	72	PROA	76	2.263158
PROA	72	PROA	77	0.046829
PROA	72	PROA	86	0.210526
PROA	72	PROA	89	0.578947
PROA	72	PROA	101	0.114708
PROA	72	PROA	103	0.578947
PROA	72	PROA	347	1.210526
PROA	72	PROA	350	0.770054
PROA	72	PROA	351	1.226279
PROA	73	PROA	74	2.298845
PROA	73	PROA	75	0.391293
PROA	73	PROA	76	1.173878
PROA	73	PROA	77	0.522233
PROA	73	PROA	78	0.047673
PROA	73	PROA	329	1.668560
PROA	73	PROA	331	0.762770
PROA	73	PROA	332	1.538644
PROA	73	PROA	350	2.312024
PROA	74	PROA	75	3.578947
PROA	74	PROA	76	0.421053
PROA	74	PROA	77	1.030244
PROA	74	PROA	78	3.590924
PROA	74	PROA	83	0.052632
PROA	74	PROA	145	1.892680
PROA	74	PROA	168	3.334430
PROA	74	PROA	171	1.668595
PROA	74	PROA	329	1.795462
PROA	74	PROA	331	0.718185
PROA	75	PROA	76	2.000000
PROA	75	PROA	77	0.561951
PROA	75	PROA	78	2.411049
PROA	75	PROA	83	0.947368
PROA	75	PROA	84	2.473684
PROA	75	PROA	85	0.953821
PROA	75	PROA	86	2.578947
PROA	75	PROA	105	0.834622
PROA	75	PROA	166	0.138343
PROA	75	PROA	167	0.066227
PROA	75	PROA	168	1.641565
PROA	76	PROA	77	1.685854
PROA	76	PROA	78	0.410391
PROA	76	PROA	79	0.093659
PROA	76	PROA	86	1.421053
PROA	76	PROA	89	0.736842
PROA	76	PROA	350	1.303168
PROA	76	PROA	351	0.061314
PROA	76	PROA	353	2.669270
PROA	76	PROA	354	1.179875
PROA	77	PROA	78	3.834058
PROA	77	PROA	79	1.583333
PROA	77	PROA	139	0.400892
PROA	77	PROA	143	1.420094
PROA	77	PROA	325	0.322749
PROA	77	PROA	326	1.423025
PROA	77	PROA	327	1.549193
PROA	77	PROA	328	0.927426
PROA	77	PROA	329	2.829900
PROA	78	PROA	79	2.099603
PROA	78	PROA	80	0.271163
PROA	78	PROA	83	2.411049
PROA	78	PROA	85	0.084515
PROA	78	PROA	139	2.342160
PROA	78	PROA	140	1.179875
PROA	78	PROA	143	1.484924
PROA	78	PROA	145	0.894427
PROA	78	PROA	168	0.650000
PROA	78	PROA	329	0.300000
PROA	79	PROA	80	2.227832
PROA	79	PROA	139	1.069045
PROA	79	PROA	323	0.054554
PROA	79	PROA	326	1.528434
PROA	80	PROA	81	3.694723
PROA	80	PROA	82	2.203893
PROA	80	PROA	83	2.392584
PROA	80	PROA	135	2.326847
PROA	80	PROA	136	1.283378
PROA	80	PROA	139	3.546016
PROA	80	PROA	323	2.268713
PROA	81	PROA	82	3.933374
PROA	81	PROA	83	0.592349
PROA	81	PROA	135	2.529822
PROA	81	PROA	164	1.706494
PROA	82	PROA	83	3.065697
PROA	82	PROA	84	0.061314
PROA	82	PROA	132	3.305839
PROA	82	PROA	135	1.745743
PROA	82	PROA	136	2.020305
PROA	82	PROA	163	1.655476
PROA	82	PROA	164	2.450152
PROA	82	PROA	165	1.594162
PROA	83	PROA	84	3.210526
PROA	83	PROA	85	0.346844
PROA	83	PROA	136	1.300665
PROA	83	PROA	139	1.251565
PROA	83	PROA	140	1.736842
PROA	83	PROA	164	1.222790
PROA	83	PROA	165	3.263158
PROA	83	PROA	166	0.138343
PROA	83	PROA	168	1.641565
PROA	84	PROA	85	4.508972
PROA	84	PROA	86	0.052632
PROA	84	PROA	105	3.561055
PROA	84	PROA	106	1.655665
PROA	84	PROA	108	0.556415
PROA	84	PROA	156	0.421053
PROA	84	PROA	164	2.005376
PROA	84	PROA	165	0.842105
PROA	84	PROA	166	3.527744
PROA	84	PROA	167	0.397360
PROA	84	PROA	168	0.205196
PROA	85	PROA	86	4.075417
PROA	85	PROA	87	0.505076
PROA	85	PROA	104	0.094491
PROA	85	PROA	105	2.016737
PROA	85	PROA	106	0.327327
PROA	85	PROA	164	0.080582
PROA	86	PROA	87	2.881755
PROA	86	PROA	88	1.456986
PROA	86	PROA	89	1.578947
PROA	86	PROA	103	1.894737
PROA	86	PROA	104	0.516185
PROA	86	PROA	105	2.058735
PROA	86	PROA	354	1.590266
PROA	87	PROA	88	4.011887
PROA	87	PROA	103	0.061314
PROA	87	PROA	104	3.140320
PROA	87	PROA	105	2.009432
PROA	87	PROA	106	1.851640
PROA	87	PROA	354	0.597614
PROA	88	PROA	89	3.311331
PROA	88	PROA	90	2.582838
PROA	88	PROA	102	0.062994
PROA	88	PROA	103	0.596040
PROA	88	PROA	104	5.629165
PROA	88	PROA	105	0.140028
PROA	88	PROA	354	1.871942
PROA	89	PROA	90	3.526316
PROA	89	PROA	91	0.842927
PROA	89	PROA	101	0.860309
PROA	89	PROA	102	0.500626
PROA	89	PROA	103	2.578947
PROA	89	PROA	104	0.229416
PROA	89	PROA	350	0.059235
PROA	89	PROA	351	4.291975
PROA	89	PROA	353	0.046829
PROA	89	PROA	354	5.437685
PROA	89	PROA	355	1.502320
PROA	90	PROA	91	2.762928
PROA	90	PROA	100	0.066227
PROA	90	PROA	101	0.745601
PROA	90	PROA	102	3.454321
PROA	90	PROA	103	0.473684
PROA	90	PROA	104	1.663264
PROA	90	PROA	355	0.667698
PROA	91	PROA	92	4.647580
PROA	91	PROA	93	0.818317
PROA	91	PROA	94	0.054554
PROA	91	PROA	98	1.980295
PROA	91	PROA	99	0.043519
PROA	91	PROA	100	0.294628
PROA	91	PROA	101	2.041241
PROA	91	PROA	102	0.222718
PROA	91	PROA	347	0.046829
PROA	91	PROA	348	3.879701
PROA	91	PROA	349	0.263523
PROA	91	PROA	351	2.836833
PROA	91	PROA	352	2.452889
PROA	91	PROA	355	2.920935
PROA	92	PROA	93	5.070926
PROA	92	PROA	94	2.366432
PROA	92	PROA	97	1.994109
PROA	92	PROA	98	2.070805
PROA	92	PROA	99	0.404520
PROA	92	PROA	100	0.091287
PROA	92	PROA	348	0.424264
PROA	93	PROA	94	4.000000
PROA	93	PROA	97	0.194461
PROA	93	PROA	348	0.478091
PROA	93	PROA	355	0.064820
PROA	94	PROA	95	3.372266
PROA	94	PROA	96	2.001190
PROA	94	PROA	97	4.213324
PROA	94	PROA	98	0.907485
PROA	94	PROA	348	1.494036
PROA	95	PROA	96	3.198684
PROA	95	PROA	97	0.667698
PROA	95	PROA	98	2.114377
PROA	95	PROA	341	0.059235
PROA	95	PROA	344	1.173878
PROA	95	PROA	345	2.547100
PROA	95	PROA	348	3.077935
PROA	96	PROA	97	4.320948
PROA	96	PROA	98	0.688847
PROA	96	PROA	99	0.055048
PROA	97	PROA	98	2.000000
PROA	97	PROA	99	2.016642
PROA	98	PROA	99	3.154235
PROA	98	PROA	101	1.455214
PROA	98	PROA	344	2.275186
PROA	98	PROA	347	1.224113
PROA	98	PROA	348	2.440468
PROA	98	PROA	351	0.518563
PROA	99	PROA	100	3.077287
PROA	99	PROA	101	0.479702
PROA	99	PROA	344	0.227273
PROA	100	PROA	101	3.536270
PROA	100	PROA	102	1.448864
PROA	101	PROA	102	3.655150
PROA	101	PROA	103	1.720618
PROA	101	PROA	347	0.802955
PROA	101	PROA	351	0.467707
PROA	102	PROA	103	2.503131
PROA	102	PROA	104	0.381881
PROA	103	PROA	104	3.211820
PROA	103	PROA	105	1.947452
PROA	103	PROA	351	0.122628
PROA	104	PROA	105	3.152963
PROA	105	PROA	106	3.290658
PROA	105	PROA	107	0.278207
PROA	106	PROA	107	2.715291
PROA	106	PROA	108	1.050210
PROA	106	PROA	164	0.984732
PROA	107	PROA	108	3.282848
PROA	107	PROA	109	1.480872
PROA	107	PROA	158	0.061314
PROA	108	PROA	109	3.005877
PROA	108	PROA	110	1.037126
PROA	108	PROA	156	3.561055
PROA	108	PROA	157	2.948999
PROA	108	PROA	158	2.268713
PROA	108	PROA	162	0.980196
PROA	108	PROA	163	0.500773
PROA	108	PROA	164	2.637147
PROA	109	PROA	110	3.174302
PROA	109	PROA	157	0.710819
PROA	109	PROA	158	2.622249
PROA	109	PROA	159	2.691256
PROA	109	PROA	160	0.069007
PROA	110	PROA	111	5.246314
PROA	110	PROA	112	0.122628
PROA	110	PROA	114	2.222231
PROA	110	PROA	115	2.820441
PROA	110	PROA	156	0.613139
PROA	110	PROA	157	3.924092
PROA	110	PROA	158	0.142857
PROA	111	PROA	112	2.649065
PROA	111	PROA	113	2.204793
PROA	111	PROA	114	4.615931
PROA	111	PROA	115	0.728493
PROA	111	PROA	116	0.066227
PROA	111	PROA	152	0.385758
PROA	111	PROA	153	2.001893
PROA	111	PROA	155	0.662266
PROA	111	PROA	156	2.582838
PROA	111	PROA	157	1.523212
PROA	112	PROA	113	2.152693
PROA	112	PROA	114	0.391293
PROA	112	PROA	115	1.947368
PROA	112	PROA	116	1.526316
PROA	112	PROA	121	1.052632
PROA	112	PROA	129	0.923381
PROA	112	PROA	133	0.315789
PROA	112	PROA	152	3.433580
PROA	112	PROA	153	0.138343
PROA	112	PROA	155	2.842105
PROA	112	PROA	156	0.210526
PROA	112	PROA	157	2.263158
PROA	112	PROA	163	0.526316
PROA	112	PROA	217	0.947368
PROA	112	PROA	221	2.114377
PROA	113	PROA	114	3.256695
PROA	113	PROA	115	0.450564
PROA	113	PROA	116	1.451816
PROA	113	PROA	117	2.465783
PROA	113	PROA	118	0.058321
PROA	113	PROA	152	3.091023
PROA	113	PROA	153	2.500216
PROA	113	PROA	155	0.050063
PROA	114	PROA	115	1.711906
PROA	114	PROA	116	0.684762
PROA	114	PROA	117	1.409091
PROA	114	PROA	118	1.196586
PROA	114	PROA	119	0.051709
PROA	115	PROA	116	2.105263
PROA	115	PROA	117	0.733674
PROA	115	PROA	118	2.759127
PROA	115	PROA	119	3.449772
PROA	115	PROA	121	2.315789
PROA	115	PROA	129	0.974679
PROA	115	PROA	157	2.157895
PROA	115	PROA	161	0.345857
PROA	116	PROA	117	2.494492
PROA	116	PROA	118	0.674453
PROA	116	PROA	119	0.778981
PROA	116	PROA	121	2.105263
PROA	116	PROA	152	0.245256
PROA	116	PROA	220	2.547100
PROA	116	PROA	221	2.003094
PROA	116	PROA	224	4.291975
PROA	116	PROA	225	0.046829
PROA	117	PROA	118	2.792034
PROA	117	PROA	119	0.361961
PROA	117	PROA	224	0.056980
PROA	117	PROA	225	0.609272
PROA	118	PROA	119	4.991169
PROA	119	PROA	120	3.235294
PROA	119	PROA	121	2.114377
PROA	119	PROA	224	0.259281
PROA	120	PROA	121	3.060282
PROA	120	PROA	122	0.292509
PROA	120	PROA	224	1.944611
PROA	121	PROA	122	2.905201
PROA	121	PROA	123	0.245256
PROA	121	PROA	125	0.278207
PROA	121	PROA	126	3.105263
PROA	121	PROA	129	0.974679
PROA	121	PROA	221	1.836169
PROA	121	PROA	224	0.674453
PROA	122	PROA	123	3.142710
PROA	122	PROA	124	1.566699
PROA	122	PROA	125	3.363853
PROA	122	PROA	126	1.936800
PROA	122	PROA	127	0.090909
PROA	123	PROA	124	3.626129
PROA	123	PROA	125	0.713024
PROA	123	PROA	126	2.329929
PROA	123	PROA	127	1.289317
PROA	123	PROA	128	0.058321
PROA	123	PROA	282	0.253546
PROA	123	PROA	283	1.928792
PROA	123	PROA	286	0.084515
PROA	123	PROA	312	1.341387
PROA	124	PROA	125	3.430686
PROA	124	PROA	126	0.993399
PROA	124	PROA	127	2.524126
PROA	124	PROA	128	0.944911
PROA	124	PROA	129	0.064550
PROA	124	PROA	316	1.385870
PROA	125	PROA	126	2.336943
PROA	125	PROA	127	0.950654
PROA	125	PROA	128	1.746545
PROA	125	PROA	129	1.464281
PROA	125	PROA	130	0.055641
PROA	125	PROA	161	1.023781
PROA	126	PROA	127	3.389401
PROA	126	PROA	128	0.500626
PROA	126	PROA	129	1.744163
PROA	126	PROA	130	1.052632
PROA	126	PROA	131	0.050063
PROA	126	PROA	218	0.947368
PROA	126	PROA	221	3.561055
PROA	126	PROA	222	1.526316
PROA	126	PROA	312	0.550689
PROA	127	PROA	128	2.697602
PROA	127	PROA	129	0.809040
PROA	127	PROA	130	2.351829
PROA	127	PROA	131	0.855337
PROA	127	PROA	132	0.073127
PROA	127	PROA	312	2.763397
PROA	127	PROA	313	1.798458
PROA	127	PROA	316	1.644879
PROA	128	PROA	129	1.951800
PROA	128	PROA	130	0.550689
PROA	128	PROA	131	1.333333
PROA	128	PROA	132	3.863570
PROA	128	PROA	133	0.050063
PROA	128	PROA	160	0.466569
PROA	128	PROA	161	2.039650
PROA	128	PROA	162	1.511858
PROA	128	PROA	316	3.666667
PROA	129	PROA	130	2.051957
PROA	129	PROA	131	0.634335
PROA	129	PROA	132	2.386235
PROA	129	PROA	133	1.898060
PROA	129	PROA	134	0.051299
PROA	129	PROA	157	2.257152
PROA	129	PROA	161	3.303579
PROA	129	PROA	162	0.193649
PROA	129	PROA	163	2.924038
PROA	129	PROA	221	0.650791
PROA	130	PROA	131	2.002505
PROA	130	PROA	132	0.445132
PROA	130	PROA	133	2.421053
PROA	130	PROA	134	3.578947
PROA	130	PROA	135	0.046829
PROA	130	PROA	214	0.917663
PROA	130	PROA	218	2.736842
PROA	130	PROA	221	0.834622
PROA	130	PROA	289	1.105263
PROA	130	PROA	293	0.333849
PROA	130	PROA	312	1.001252
PROA	130	PROA	313	2.315789
PROA	131	PROA	132	2.857983
PROA	131	PROA	133	0.550689
PROA	131	PROA	134	1.201503
PROA	131	PROA	135	1.959916
PROA	131	PROA	136	0.082479
PROA	131	PROA	308	2.252818
PROA	131	PROA	313	3.254070
PROA	131	PROA	316	2.666667
PROA	131	PROA	317	1.142857
PROA	131	PROA	318	1.070899
PROA	131	PROA	321	1.070899
PROA	132	PROA	133	2.281301
PROA	132	PROA	134	0.445132
PROA	132	PROA	135	1.188177
PROA	132	PROA	136	1.008368
PROA	132	PROA	161	0.804400
PROA	132	PROA	162	1.260252
PROA	132	PROA	163	3.282848
PROA	132	PROA	165	0.111283
PROA	133	PROA	134	2.842105
PROA	133	PROA	135	0.421464
PROA	133	PROA	136	1.213954
PROA	133	PROA	137	1.000000
PROA	133	PROA	138	0.048912
PROA	133	PROA	150	0.263158
PROA	133	PROA	155	2.157895
PROA	133	PROA	163	2.894737
PROA	133	PROA	165	1.157895
PROA	133	PROA	214	3.039758
PROA	133	PROA	217	0.631579
PROA	133	PROA	221	0.945905
PROA	134	PROA	135	1.732684
PROA	134	PROA	136	1.213954
PROA	134	PROA	137	2.210526
PROA	134	PROA	138	0.586939
PROA	134	PROA	211	1.105263
PROA	134	PROA	214	1.491202
PROA	134	PROA	289	0.736842
PROA	134	PROA	293	1.279754
PROA	134	PROA	304	1.433848
PROA	134	PROA	307	2.394072
PROA	134	PROA	308	2.789474
PROA	134	PROA	313	1.421053
PROA	135	PROA	136	3.317522
PROA	135	PROA	137	0.561951
PROA	135	PROA	138	0.913908
PROA	135	PROA	139	0.356348
PROA	135	PROA	308	1.826342
PROA	135	PROA	321	3.005204
PROA	135	PROA	322	0.368932
PROA	135	PROA	323	0.436436
PROA	136	PROA	137	2.774752
PROA	136	PROA	138	0.725241
PROA	136	PROA	139	1.567094
PROA	136	PROA	140	1.820931
PROA	136	PROA	165	1.907642
PROA	137	PROA	138	2.152110
PROA	137	PROA	139	0.650814
PROA	137	PROA	140	3.736842
PROA	137	PROA	141	2.281301
PROA	137	PROA	142	0.069171
PROA	137	PROA	150	0.157895
PROA	137	PROA	165	0.631579
PROA	137	PROA	210	2.516611
PROA	137	PROA	211	2.578947
PROA	137	PROA	214	1.319140
PROA	137	PROA	304	1.433848
PROA	138	PROA	139	2.093589
PROA	138	PROA	140	0.538028
PROA	138	PROA	141	0.620505
PROA	138	PROA	142	1.221366
PROA	138	PROA	143	0.067420
PROA	138	PROA	304	3.464512
PROA	138	PROA	305	1.596397
PROA	138	PROA	308	1.369525
PROA	138	PROA	322	2.091831
PROA	138	PROA	323	0.227921
PROA	139	PROA	140	2.302880
PROA	139	PROA	141	0.317554
PROA	139	PROA	142	2.302831
PROA	139	PROA	143	0.966092
PROA	139	PROA	323	1.574672
PROA	139	PROA	324	0.200250
PROA	139	PROA	325	0.414039
PROA	139	PROA	326	0.056344
PROA	140	PROA	141	3.672338
PROA	140	PROA	142	1.106743
PROA	140	PROA	143	1.378405
PROA	140	PROA	144	0.429198
PROA	140	PROA	145	2.122096
PROA	140	PROA	146	0.157895
PROA	140	PROA	147	1.335396
PROA	140	PROA	165	1.842105
PROA	140	PROA	168	1.487669
PROA	141	PROA	142	2.851962
PROA	141	PROA	143	0.843661
PROA	141	PROA	144	1.555689
PROA	141	PROA	145	1.455214
PROA	141	PROA	146	1.780528
PROA	141	PROA	147	0.235294
PROA	141	PROA	207	2.843982
PROA	141	PROA	210	1.190238
PROA	141	PROA	211	0.055641
PROA	141	PROA	304	0.060634
PROA	142	PROA	143	4.099889
PROA	142	PROA	144	1.369899
PROA	142	PROA	325	0.762770
PROA	142	PROA	328	0.725241
PROA	142	PROA	329	0.067420
PROA	143	PROA	144	3.718679
PROA	143	PROA	145	1.976424
PROA	143	PROA	328	1.183216
PROA	143	PROA	329	2.757716
PROA	144	PROA	145	3.407581
PROA	144	PROA	146	0.306570
PROA	144	PROA	172	0.054554
PROA	144	PROA	173	2.472166
PROA	144	PROA	174	3.465132
PROA	144	PROA	207	1.652428
PROA	144	PROA	328	1.214286
PROA	144	PROA	329	0.657376
PROA	145	PROA	146	3.613298
PROA	145	PROA	147	0.970143
PROA	145	PROA	168	0.614919
PROA	145	PROA	171	1.502082
PROA	145	PROA	172	1.275776
PROA	145	PROA	173	2.125000
PROA	145	PROA	174	0.790569
PROA	145	PROA	329	1.173936
PROA	146	PROA	147	1.947452
PROA	146	PROA	148	2.107318
PROA	146	PROA	171	0.870572
PROA	146	PROA	172	1.592196
PROA	146	PROA	173	0.458831
PROA	146	PROA	174	4.497953
PROA	146	PROA	175	0.529813
PROA	146	PROA	185	0.061314
PROA	146	PROA	206	0.061314
PROA	146	PROA	207	0.782586
PROA	146	PROA	210	0.264906
PROA	147	PROA	148	3.267487
PROA	147	PROA	149	0.350070
PROA	147	PROA	150	2.392584
PROA	147	PROA	154	1.490869
PROA	147	PROA	165	0.945905
PROA	147	PROA	166	0.438763
PROA	147	PROA	167	0.980196
PROA	147	PROA	168	3.308189
PROA	147	PROA	170	0.111283
PROA	147	PROA	171	2.761074
PROA	147	PROA	172	0.099015
PROA	147	PROA	210	0.420084
PROA	148	PROA	149	3.358757
PROA	148	PROA	150	0.515122
PROA	148	PROA	154	0.109109
PROA	148	PROA	170	2.856587
PROA	148	PROA	171	2.001041
PROA	148	PROA	172	3.208333
PROA	148	PROA	178	0.049507
PROA	148	PROA	185	0.872872
PROA	148	PROA	186	2.898755
PROA	148	PROA	188	0.561341
PROA	148	PROA	210	0.176777
PROA	149	PROA	150	2.384158
PROA	149	PROA	151	3.692745
PROA	149	PROA	154	0.848668
PROA	149	PROA	170	1.324532
PROA	149	PROA	188	4.257958
PROA	149	PROA	190	0.462910
PROA	150	PROA	151	3.032519
PROA	150	PROA	152	0.061314
PROA	150	PROA	154	1.226279
PROA	150	PROA	155	0.947368
PROA	150	PROA	165	0.631579
PROA	150	PROA	188	0.057354
PROA	150	PROA	193	0.400501
PROA	150	PROA	210	1.920572
PROA	150	PROA	213	2.628515
PROA	150	PROA	214	1.777972
PROA	150	PROA	217	1.263158
PROA	151	PROA	152	3.589758
PROA	151	PROA	153	2.507015
PROA	151	PROA	154	4.387482
PROA	151	PROA	155	0.635851
PROA	151	PROA	167	0.061546
PROA	151	PROA	190	0.683763
PROA	151	PROA	193	1.535299
PROA	151	PROA	213	0.064282
PROA	151	PROA	217	0.929320
PROA	152	PROA	153	3.626203
PROA	152	PROA	154	0.714286
PROA	152	PROA	155	2.023360
PROA	152	PROA	193	1.924599
PROA	152	PROA	217	2.575185
PROA	152	PROA	220	0.621059
PROA	153	PROA	154	3.062127
PROA	153	PROA	155	0.830057
PROA	153	PROA	156	0.276686
PROA	154	PROA	155	3.617522
PROA	154	PROA	156	0.429198
PROA	154	PROA	164	0.056980
PROA	154	PROA	165	0.429198
PROA	154	PROA	166	2.739798
PROA	154	PROA	167	1.620185
PROA	155	PROA	156	2.736842
PROA	155	PROA	157	0.473684
PROA	155	PROA	163	2.947368
PROA	155	PROA	164	0.586939
PROA	155	PROA	165	2.421053
PROA	155	PROA	166	0.622543
PROA	155	PROA	217	1.105263
PROA	156	PROA	157	3.157895
PROA	156	PROA	162	0.066227
PROA	156	PROA	163	0.736842
PROA	156	PROA	164	2.005376
PROA	156	PROA	165	0.157895
PROA	156	PROA	166	3.043544
PROA	157	PROA	158	3.678836
PROA	157	PROA	159	0.306570
PROA	157	PROA	161	1.314257
PROA	157	PROA	162	0.993399
PROA	157	PROA	163	2.210526
PROA	157	PROA	164	0.293470
PROA	158	PROA	159	3.142857
PROA	158	PROA	160	2.571429
PROA	158	PROA	161	1.531064
PROA	158	PROA	162	3.857584
PROA	158	PROA	163	0.122628
PROA	159	PROA	160	4.071429
PROA	159	PROA	161	1.531064
PROA	160	PROA	161	3.626203
PROA	160	PROA	162	1.851640
PROA	161	PROA	162	3.481553
PROA	161	PROA	163	0.553372
PROA	162	PROA	163	2.317932
PROA	162	PROA	164	0.430820
PROA	163	PROA	164	3.032519
PROA	163	PROA	165	0.947368
PROA	164	PROA	165	2.152110
PROA	164	PROA	166	1.221366
PROA	165	PROA	166	3.596915
PROA	165	PROA	168	1.179875
PROA	166	PROA	167	3.046359
PROA	166	PROA	168	0.809040
PROA	167	PROA	168	3.550235
PROA	167	PROA	169	1.854852
PROA	167	PROA	170	0.066227
PROA	168	PROA	169	3.127071
PROA	168	PROA	170	0.410391
PROA	168	PROA	171	3.464823
PROA	169	PROA	170	3.295018
PROA	169	PROA	171	1.553797
PROA	170	PROA	171	2.684262
PROA	170	PROA	172	0.515122
PROA	170	PROA	188	0.057354
PROA	171	PROA	172	3.162936
PROA	171	PROA	331	0.070711
PROA	172	PROA	173	2.602583
PROA	172	PROA	174	0.322749
PROA	172	PROA	186	0.843274
PROA	172	PROA	331	0.593366
PROA	172	PROA	334	0.368932
PROA	173	PROA	174	3.715676
PROA	173	PROA	175	0.577350
PROA	173	PROA	329	0.894427
PROA	173	PROA	330	0.533002
PROA	173	PROA	331	2.180166
PROA	174	PROA	175	3.103761
PROA	174	PROA	176	0.169031
PROA	174	PROA	207	1.618080
PROA	175	PROA	176	5.092011
PROA	175	PROA	177	1.666667
PROA	175	PROA	178	2.380476
PROA	175	PROA	205	0.125988
PROA	176	PROA	177	4.089039
PROA	176	PROA	178	0.648204
PROA	176	PROA	203	0.227921
PROA	176	PROA	204	2.929442
PROA	176	PROA	205	3.499271
PROA	177	PROA	178	4.270854
PROA	177	PROA	202	0.261116
PROA	177	PROA	203	1.846372
PROA	177	PROA	204	1.854852
PROA	177	PROA	205	0.503953
PROA	178	PROA	185	2.916917
PROA	178	PROA	203	0.051709
PROA	178	PROA	205	1.164363
PROA	185	PROA	186	4.416420
PROA	185	PROA	187	0.408248
PROA	185	PROA	198	1.226279
PROA	185	PROA	205	2.391169
PROA	185	PROB	71	1.036535
PROA	186	PROA	187	2.141057
PROA	186	PROA	188	0.516398
PROA	187	PROA	188	2.454951
PROA	187	PROA	189	0.276026
PROA	187	PROA	194	1.870829
PROA	187	PROA	198	1.501879
PROA	187	PROA	199	1.164363
PROA	187	PROA	233	0.428571
PROA	187	PROB	68	2.310088
PROA	187	PROB	69	1.451816
PROA	187	PROB	71	3.118048
PROA	188	PROA	189	4.110961
PROA	188	PROA	190	3.541211
PROA	188	PROA	191	0.510310
PROA	188	PROA	194	2.551552
PROA	189	PROA	190	3.380617
PROA	189	PROA	191	2.323790
PROA	189	PROA	194	0.451848
PROA	190	PROA	191	3.546041
PROA	190	PROA	192	2.509506
PROA	190	PROA	193	1.807957
PROA	190	PROA	194	0.709208
PROA	191	PROA	192	1.666667
PROA	191	PROA	193	0.489979
PROA	191	PROA	194	4.166667
PROA	191	PROA	230	0.848668
PROA	191	PROA	231	1.566699
PROA	191	PROA	232	0.544581
PROA	191	PROA	233	0.133631
PROA	191	PROA	236	1.683251
PROA	191	PROB	68	0.158114
PROA	192	PROA	193	3.429853
PROA	192	PROA	194	0.416667
PROA	192	PROA	216	0.061546
PROA	192	PROA	226	1.800298
PROA	192	PROA	228	1.049802
PROA	192	PROA	229	1.309307
PROA	192	PROA	230	0.540062
PROA	192	PROA	231	0.870388
PROA	192	PROA	236	0.990148
PROA	193	PROA	194	1.648111
PROA	193	PROA	195	0.345033
PROA	193	PROA	212	0.400892
PROA	193	PROA	213	2.171241
PROA	193	PROA	216	2.039650
PROA	193	PROA	217	1.551941
PROA	193	PROA	220	0.788811
PROA	193	PROA	226	0.058321
PROA	193	PROA	228	0.097590
PROA	193	PROA	236	0.105851
PROA	194	PROA	195	3.485685
PROA	194	PROA	196	0.054554
PROA	194	PROA	198	0.468293
PROA	194	PROA	199	2.178325
PROA	194	PROA	212	0.583333
PROA	194	PROA	228	0.045644
PROA	194	PROA	233	0.044544
PROA	194	PROA	236	1.534729
PROA	194	PROA	240	0.468293
PROA	194	PROB	68	0.105409
PROA	195	PROA	196	4.817379
PROA	195	PROA	197	1.796292
PROA	195	PROA	198	3.047000
PROA	195	PROA	199	1.610626
PROA	195	PROA	209	2.466619
PROA	195	PROA	212	3.098387
PROA	195	PROA	240	0.943119
PROA	195	PROA	301	0.774597
PROA	196	PROA	197	4.554433
PROA	196	PROA	198	0.797081
PROA	196	PROA	199	2.139072
PROA	196	PROA	200	2.084674
PROA	196	PROA	212	2.018515
PROA	196	PROA	237	1.226279
PROA	196	PROA	240	2.636499
PROA	196	PROA	244	0.061314
PROA	196	PROA	255	0.061314
PROA	196	PROA	296	2.988072
PROA	196	PROA	298	0.071429
PROA	196	PROA	301	1.254753
PROA	197	PROA	198	4.383382
PROA	197	PROA	199	0.751469
PROA	197	PROA	200	1.836282
PROA	197	PROA	201	2.760262
PROA	197	PROA	205	0.676123
PROA	197	PROA	206	0.276026
PROA	197	PROA	209	1.125463
PROA	197	PROA	255	1.006993
PROA	197	PROA	296	0.057735
PROA	197	PROA	298	2.691256
PROA	197	PROA	301	1.739253
PROA	197	PROB	71	0.052705
PROA	198	PROA	199	3.449772
PROA	198	PROA	200	0.631579
PROA	198	PROA	201	0.797081
PROA	198	PROA	205	2.403006
PROA	198	PROA	209	1.736842
PROA	198	PROB	71	1.685854
PROA	199	PROA	200	3.282848
PROA	199	PROA	201	0.453743
PROA	199	PROA	233	2.910909
PROA	199	PROA	236	0.823529
PROA	199	PROA	237	2.003094
PROA	199	PROA	240	0.723339
PROA	199	PROB	71	1.336699
PROA	199	PROB	73	0.064820
PROA	200	PROA	201	4.108034
PROA	200	PROA	233	0.250313
PROA	200	PROA	237	2.789474
PROA	200	PROA	255	2.105263
PROA	200	PROA	257	1.103651
PROA	200	PROA	260	2.248976
PROA	200	PROA	263	0.100125
PROA	200	PROA	264	0.894737
PROA	200	PROA	296	0.256495
PROA	200	PROB	71	1.451708
PROA	200	PROB	73	1.042337
PROA	201	PROA	202	2.900963
PROA	201	PROA	203	1.139606
PROA	201	PROA	205	1.574672
PROA	201	PROA	255	3.372266
PROA	201	PROA	256	2.145988
PROA	201	PROA	257	2.571429
PROA	201	PROB	71	2.564060
PROA	202	PROA	203	4.178358
PROA	202	PROA	205	1.644879
PROA	202	PROA	256	0.069171
PROA	202	PROA	257	0.241747
PROA	202	PROB	69	0.207514
PROA	202	PROB	70	0.545455
PROA	202	PROB	71	3.385016
PROA	203	PROA	204	3.223292
PROA	203	PROA	205	1.628347
PROA	203	PROA	256	3.032519
PROA	204	PROA	205	2.969230
PROA	204	PROA	206	0.606092
PROA	204	PROA	299	0.091670
PROA	205	PROA	206	3.324308
PROA	205	PROA	207	0.093048
PROA	205	PROA	209	0.550689
PROA	205	PROB	71	1.024501
PROA	206	PROA	207	2.849014
PROA	206	PROA	208	3.706786
PROA	206	PROA	209	2.023360
PROA	206	PROA	298	2.714286
PROA	206	PROA	299	1.620509
PROA	206	PROA	301	0.218218
PROA	207	PROA	208	2.507015
PROA	207	PROA	209	0.538028
PROA	207	PROA	210	0.123091
PROA	207	PROA	211	0.048912
PROA	208	PROA	209	4.426973
PROA	208	PROA	210	0.783349
PROA	208	PROA	211	1.660115
PROA	208	PROA	212	0.677003
PROA	208	PROA	298	1.369899
PROA	208	PROA	301	3.200379
PROA	209	PROA	210	2.913971
PROA	209	PROA	211	0.526316
PROA	209	PROA	212	1.966830
PROA	209	PROA	213	1.175915
PROA	209	PROA	214	0.057354
PROA	209	PROA	301	1.170732
PROA	210	PROA	211	2.516611
PROA	210	PROA	212	0.883883
PROA	210	PROA	213	3.046359
PROA	210	PROA	214	1.804220
PROA	210	PROA	215	0.109109
PROA	211	PROA	212	1.966830
PROA	211	PROA	213	0.830057
PROA	211	PROA	214	1.950034
PROA	211	PROA	215	0.953821
PROA	211	PROA	216	0.069171
PROA	211	PROA	293	4.117470
PROA	211	PROA	301	0.234146
PROA	211	PROA	302	1.578947
PROA	211	PROA	303	0.059235
PROA	211	PROA	304	1.605910
PROA	211	PROA	307	0.362738
PROA	212	PROA	213	3.077287
PROA	212	PROA	214	0.663403
PROA	212	PROA	215	1.311578
PROA	212	PROA	216	2.031010
PROA	212	PROA	228	0.912871
PROA	212	PROA	240	2.060489
PROA	212	PROA	244	0.796098
PROA	212	PROA	293	0.891133
PROA	212	PROA	294	3.465368
PROA	212	PROA	295	0.927426
PROA	212	PROA	296	0.456435
PROA	212	PROA	301	2.166667
PROA	213	PROA	214	3.768892
PROA	213	PROA	215	1.367527
PROA	213	PROA	216	3.000000
PROA	213	PROA	217	2.144315
PROA	214	PROA	215	3.779645
PROA	214	PROA	216	0.979912
PROA	214	PROA	217	2.867697
PROA	214	PROA	218	0.917663
PROA	214	PROA	293	1.515848
PROA	215	PROA	216	3.874660
PROA	215	PROA	217	1.040532
PROA	215	PROA	218	3.034885
PROA	215	PROA	219	1.434274
PROA	215	PROA	220	0.097590
PROA	215	PROA	227	0.086711
PROA	215	PROA	290	1.820931
PROA	215	PROA	293	3.391784
PROA	215	PROA	294	2.341197
PROA	216	PROA	217	2.628515
PROA	216	PROA	218	0.622543
PROA	216	PROA	219	1.811579
PROA	216	PROA	220	1.012049
PROA	216	PROA	227	2.005972
PROA	216	PROA	228	0.674200
PROA	216	PROA	294	2.213486
PROA	217	PROA	218	2.263158
PROA	217	PROA	219	0.580381
PROA	217	PROA	220	1.895516
PROA	217	PROA	221	2.726433
PROA	217	PROA	222	0.052632
PROA	218	PROA	219	3.337191
PROA	218	PROA	220	0.888523
PROA	218	PROA	221	3.449772
PROA	218	PROA	222	2.578947
PROA	218	PROA	223	0.069171
PROA	218	PROA	286	0.290191
PROA	218	PROA	289	0.263158
PROA	218	PROA	290	2.473684
PROA	218	PROA	293	0.278207
PROA	218	PROA	312	0.400501
PROA	219	PROA	220	3.265986
PROA	219	PROA	221	0.613572
PROA	219	PROA	222	2.829357
PROA	219	PROA	223	1.334848
PROA	219	PROA	224	0.084515
PROA	219	PROA	225	0.064550
PROA	219	PROA	227	2.248976
PROA	219	PROA	279	2.687006
PROA	219	PROA	290	2.466619
PROA	219	PROA	294	0.580381
PROA	220	PROA	221	2.755387
PROA	220	PROA	222	1.066228
PROA	220	PROA	223	1.946247
PROA	220	PROA	224	1.380131
PROA	220	PROA	225	1.423025
PROA	220	PROA	226	2.001190
PROA	220	PROA	227	0.355409
PROA	221	PROA	222	2.336943
PROA	221	PROA	223	0.731272
PROA	221	PROA	224	0.518563
PROA	222	PROA	223	3.527744
PROA	222	PROA	224	0.490511
PROA	222	PROA	279	2.154555
PROA	222	PROA	281	1.962046
PROA	222	PROA	282	3.264643
PROA	222	PROA	283	0.066227
PROA	222	PROA	286	0.362738
PROA	222	PROA	287	0.421053
PROA	222	PROA	290	0.684211
PROA	223	PROA	224	4.270862
PROA	223	PROA	225	2.031010
PROA	223	PROA	279	1.685500
PROA	223	PROA	281	0.322329
PROA	224	PROA	225	2.891387
PROA	225	PROA	226	3.327823
PROA	225	PROA	227	0.187317
PROA	226	PROA	227	2.697813
PROA	226	PROA	228	1.135467
PROA	226	PROA	229	2.214286
PROA	227	PROA	228	5.027294
PROA	227	PROA	229	0.674453
PROA	227	PROA	239	0.055641
PROA	227	PROA	243	1.526316
PROA	227	PROA	275	0.468293
PROA	227	PROA	278	0.473684
PROA	227	PROA	279	0.769484
PROA	227	PROA	294	0.789474
PROA	228	PROA	229	3.286879
PROA	228	PROA	230	0.676123
PROA	228	PROA	236	2.223537
PROA	228	PROA	239	1.789676
PROA	228	PROA	240	2.975337
PROA	228	PROA	243	1.025978
PROA	228	PROA	244	0.102598
PROA	228	PROA	275	0.091287
PROA	228	PROA	294	1.025978
PROA	229	PROA	230	4.040610
PROA	229	PROA	231	0.398862
PROA	229	PROA	236	0.777844
PROA	229	PROA	239	2.203893
PROA	230	PROA	231	3.142710
PROA	230	PROA	232	1.008368
PROA	230	PROA	235	0.872872
PROA	230	PROA	236	4.675162
PROA	230	PROA	239	1.558387
PROA	231	PROA	232	2.999109
PROA	231	PROA	236	0.103418
PROA	232	PROA	233	2.169950
PROA	232	PROA	234	0.612056
PROA	232	PROA	235	3.430686
PROA	232	PROA	236	1.529412
PROA	232	PROA	237	0.055641
PROA	233	PROA	234	4.355448
PROA	233	PROA	235	0.503953
PROA	233	PROA	236	0.846810
PROA	233	PROA	237	0.400501
PROA	233	PROB	67	0.048795
PROA	233	PROB	68	2.422776
PROA	233	PROB	71	0.890871
PROA	233	PROB	72	0.222718
PROA	233	PROB	73	1.807957
PROA	233	PROB	76	1.752192
PROA	234	PROA	235	2.516611
PROA	234	PROA	236	0.723339
PROA	234	PROA	237	2.210526
PROA	234	PROA	238	1.962046
PROA	234	PROA	239	0.055641
PROA	234	PROA	263	0.901127
PROA	234	PROB	73	2.145988
PROA	234	PROB	76	1.421053
PROA	234	PROB	77	1.900732
PROA	234	PROB	80	0.344124
PROA	235	PROA	236	2.800560
PROA	235	PROA	237	0.596040
PROA	235	PROA	238	2.391702
PROA	235	PROA	239	2.170434
PROA	235	PROA	240	0.066227
PROA	236	PROA	237	2.058735
PROA	236	PROA	238	0.842665
PROA	236	PROA	239	2.823529
PROA	236	PROA	240	1.391037
PROA	236	PROA	241	0.055641
PROA	237	PROA	238	2.697813
PROA	237	PROA	239	0.723339
PROA	237	PROA	240	1.947368
PROA	237	PROA	241	3.105263
PROA	237	PROA	242	0.086711
PROA	237	PROA	263	0.400501
PROA	237	PROA	264	0.526316
PROA	237	PROA	267	0.052632
PROA	237	PROA	296	0.461690
PROA	237	PROB	73	0.183942
PROA	238	PROA	239	2.657635
PROA	238	PROA	240	0.674453
PROA	238	PROA	241	2.759127
PROA	238	PROA	242	1.010153
PROA	238	PROA	267	0.061314
PROA	238	PROA	270	0.113961
PROA	239	PROA	240	2.281301
PROA	239	PROA	241	0.556415
PROA	239	PROA	242	1.375048
PROA	239	PROA	243	0.612056
PROA	240	PROA	241	2.263158
PROA	240	PROA	242	0.953821
PROA	240	PROA	243	1.052632
PROA	240	PROA	244	2.526316
PROA	240	PROA	245	0.260133
PROA	240	PROA	296	0.718185
PROA	241	PROA	242	2.948174
PROA	241	PROA	243	0.684211
PROA	241	PROA	244	0.631579
PROA	241	PROA	245	3.208307
PROA	241	PROA	246	1.106743
PROA	241	PROA	247	0.674453
PROA	241	PROA	264	0.894737
PROA	241	PROA	267	1.000000
PROA	241	PROA	270	1.173878
PROA	241	PROA	296	0.820783
PROA	242	PROA	243	3.641862
PROA	242	PROA	244	0.520266
PROA	242	PROA	245	0.714286
PROA	242	PROA	270	2.175722
PROA	242	PROA	273	0.944911
PROA	243	PROA	244	4.157895
PROA	243	PROA	245	0.780399
PROA	243	PROA	271	0.061314
PROA	243	PROA	272	0.440204
PROA	243	PROA	273	3.441236
PROA	243	PROA	275	1.077074
PROA	243	PROA	278	2.421053
PROA	244	PROA	245	3.641862
PROA	244	PROA	246	0.138343
PROA	244	PROA	272	3.081431
PROA	244	PROA	273	0.229416
PROA	244	PROA	275	0.796098
PROA	244	PROA	294	0.947368
PROA	244	PROA	295	0.367884
PROA	244	PROA	296	2.103256
PROA	245	PROA	246	3.988620
PROA	245	PROA	247	1.010153
PROA	245	PROA	270	2.256304
PROA	245	PROA	271	1.717259
PROA	245	PROA	272	0.966988
PROA	245	PROA	296	0.169031
PROA	246	PROA	247	4.834938
PROA	246	PROA	248	0.363636
PROA	246	PROA	264	0.069171
PROA	246	PROA	268	0.080582
PROA	246	PROA	269	3.729489
PROA	246	PROA	270	2.185603
PROA	246	PROA	271	0.161165
PROA	247	PROA	248	3.706786
PROA	247	PROA	249	0.388922
PROA	247	PROA	251	1.465882
PROA	247	PROA	252	3.310952
PROA	247	PROA	264	2.023360
PROA	247	PROA	296	2.749026
PROA	248	PROA	249	3.290726
PROA	248	PROA	250	0.856349
PROA	248	PROA	251	2.524126
PROA	248	PROA	252	1.106743
PROA	248	PROA	253	0.080582
PROA	249	PROA	250	2.191785
PROA	249	PROA	251	0.700140
PROA	249	PROA	252	2.448225
PROA	249	PROA	253	2.203893
PROA	249	PROA	254	0.073127
PROA	249	PROA	265	0.055641
PROA	249	PROA	269	0.058824
PROA	250	PROA	251	3.354102
PROA	250	PROA	252	0.473879
PROA	250	PROA	253	2.277216
PROA	250	PROA	254	0.778499
PROA	250	PROA	297	0.414039
PROA	250	PROA	300	1.651446
PROA	251	PROA	252	2.384158
PROA	251	PROA	253	1.157275
PROA	251	PROA	254	2.263010
PROA	251	PROA	255	0.397360
PROA	251	PROA	296	0.258199
PROA	251	PROA	297	3.857584
PROA	251	PROA	300	1.907918
PROA	252	PROA	253	3.127011
PROA	252	PROA	254	0.760886
PROA	252	PROA	255	1.368421
PROA	252	PROA	261	2.856587
PROA	252	PROA	264	3.105263
PROA	252	PROA	265	2.210526
PROA	252	PROA	296	0.051299
PROA	253	PROA	254	2.820380
PROA	253	PROA	255	1.042337
PROA	253	PROA	261	1.691189
PROA	254	PROA	255	3.251058
PROA	254	PROA	256	0.415029
PROA	254	PROA	297	1.611646
PROA	254	PROA	298	0.322329
PROA	254	PROA	299	0.438763
PROA	255	PROA	256	2.578947
PROA	255	PROA	257	1.900732
PROA	255	PROA	260	0.507833
PROA	255	PROA	261	2.575611
PROA	255	PROA	264	1.000000
PROA	255	PROA	296	0.666886
PROA	255	PROA	298	0.061314
PROA	256	PROA	257	3.004383
PROA	256	PROA	258	0.315789
PROA	256	PROA	261	0.608781
PROA	257	PROA	258	2.329929
PROA	257	PROA	259	0.968665
PROA	257	PROA	260	4.901895
PROA	257	PROA	261	1.254753
PROA	257	PROA	262	0.071429
PROA	257	PROB	70	0.322329
PROA	257	PROB	71	1.472971
PROA	257	PROB	72	0.600099
PROA	257	PROB	73	0.071429
PROA	258	PROA	259	3.619458
PROA	258	PROA	260	0.870572
PROA	258	PROA	261	2.762928
PROA	258	PROA	262	2.145988
PROA	258	PROA	263	0.050063
PROA	259	PROA	260	2.696799
PROA	259	PROA	261	0.435194
PROA	259	PROA	262	1.196586
PROA	259	PROA	263	0.465242
PROA	259	PROB	16	0.683763
PROA	259	PROB	18	0.440386
PROA	259	PROB	19	2.646467
PROA	259	PROB	72	3.568592
PROA	259	PROB	73	0.056980
PROA	259	PROB	74	0.738549
PROA	260	PROA	261	2.388340
PROA	260	PROA	262	0.845154
PROA	260	PROA	263	2.139203
PROA	260	PROA	264	0.943119
PROA	260	PROA	265	0.072548
PROA	260	PROB	71	0.451848
PROA	260	PROB	72	0.258199
PROA	260	PROB	73	2.958040
PROA	260	PROB	74	0.182574
PROA	261	PROA	262	2.400397
PROA	261	PROA	263	0.623610
PROA	261	PROA	264	1.685854
PROA	261	PROA	265	0.796098
PROA	261	PROA	266	0.061546
PROA	262	PROA	263	1.982920
PROA	262	PROA	264	0.674453
PROA	262	PROA	265	2.329929
PROA	262	PROA	266	0.966988
PROA	263	PROA	264	2.302880
PROA	263	PROA	265	0.550689
PROA	263	PROA	266	1.250108
PROA	263	PROA	267	1.952442
PROA	263	PROB	73	2.566132
PROA	263	PROB	74	3.023716
PROA	263	PROB	77	1.283066
PROA	264	PROA	265	2.105263
PROA	264	PROA	266	0.553372
PROA	264	PROA	267	1.368421
PROA	264	PROA	269	0.166924
PROA	264	PROA	296	0.872082
PROA	265	PROA	266	3.320229
PROA	265	PROA	267	0.421053
PROA	265	PROA	269	0.778981
PROA	266	PROA	267	3.735258
PROA	266	PROA	268	0.402911
PROA	266	PROA	269	0.073127
PROA	267	PROA	268	4.291975
PROA	267	PROA	269	1.057188
PROA	268	PROA	269	2.657635
PROA	268	PROA	270	0.512823
PROA	269	PROA	270	2.792274
PROA	269	PROA	271	0.064820
PROA	270	PROA	271	2.735054
PROA	270	PROA	272	0.181818
PROA	271	PROA	272	2.507133
PROA	271	PROA	273	0.534522
PROA	272	PROA	273	2.718309
PROA	272	PROA	274	0.683763
PROA	272	PROA	275	1.175024
PROA	272	PROA	291	1.230915
PROA	273	PROA	274	4.142549
PROA	273	PROA	275	0.306186
PROA	273	PROA	277	0.102062
PROA	273	PROA	278	2.580927
PROA	274	PROA	275	1.854852
PROA	274	PROA	276	1.571429
PROA	274	PROA	277	2.400397
PROA	274	PROA	278	1.042337
PROA	275	PROA	276	2.073070
PROA	275	PROA	277	0.583333
PROA	275	PROA	278	3.231221
PROA	275	PROA	279	2.053960
PROA	275	PROA	287	2.341465
PROA	275	PROA	290	1.404879
PROA	275	PROA	291	3.005204
PROA	275	PROA	294	2.154147
PROA	276	PROA	277	2.891387
PROA	276	PROA	278	0.674453
PROA	276	PROA	279	0.956183
PROA	276	PROA	280	0.500000
PROA	276	PROA	287	2.145988
PROA	277	PROA	278	2.060489
PROA	277	PROA	279	0.319505
PROA	277	PROA	280	0.109109
PROA	278	PROA	279	3.488326
PROA	278	PROA	280	0.674453
PROA	279	PROA	280	3.167356
PROA	279	PROA	281	1.195229
PROA	279	PROA	282	2.545584
PROA	279	PROA	287	2.308451
PROA	279	PROA	290	1.025978
PROA	280	PROA	281	3.857143
PROA	280	PROA	282	0.676123
PROA	281	PROA	282	3.634163
PROA	281	PROA	283	0.308607
PROA	282	PROA	283	4.564355
PROA	282	PROA	284	0.381385
PROA	282	PROA	286	1.000000
PROA	282	PROA	287	3.047000
PROA	283	PROA	284	3.742670
PROA	283	PROA	285	3.631199
PROA	283	PROA	286	4.746929
PROA	283	PROA	287	1.456986
PROA	283	PROA	288	0.083333
PROA	283	PROA	312	1.259882
PROA	284	PROA	285	3.214122
PROA	284	PROA	286	1.239501
PROA	284	PROA	287	1.660115
PROA	284	PROA	288	1.044466
PROA	285	PROA	286	2.764219
PROA	285	PROA	287	0.391293
PROA	285	PROA	288	1.415552
PROA	285	PROA	289	0.342381
PROA	285	PROA	310	0.155126
PROA	285	PROA	311	1.994310
PROA	285	PROA	312	2.977549
PROA	286	PROA	287	3.845024
PROA	286	PROA	288	1.186732
PROA	286	PROA	289	1.523500
PROA	286	PROA	290	1.088214
PROA	286	PROA	291	0.091287
PROA	286	PROA	312	3.795361
PROA	287	PROA	288	2.317932
PROA	287	PROA	289	0.578947
PROA	287	PROA	290	2.736842
PROA	287	PROA	291	0.993399
PROA	287	PROA	292	0.048912
PROA	288	PROA	289	2.384158
PROA	288	PROA	290	0.463586
PROA	288	PROA	291	1.500000
PROA	288	PROA	292	1.477098
PROA	288	PROA	310	1.750350
PROA	289	PROA	290	2.421053
PROA	289	PROA	291	0.860946
PROA	289	PROA	292	1.907552
PROA	289	PROA	293	2.392584
PROA	289	PROA	294	0.052632
PROA	289	PROA	302	1.578947
PROA	289	PROA	307	2.684262
PROA	289	PROA	310	4.618244
PROA	289	PROA	312	0.801002
PROA	289	PROA	313	0.631579
PROA	290	PROA	291	2.847745
PROA	290	PROA	292	0.538028
PROA	290	PROA	293	2.448225
PROA	290	PROA	294	3.000000
PROA	291	PROA	292	2.708013
PROA	291	PROA	293	0.910182
PROA	291	PROA	294	1.059626
PROA	291	PROA	295	1.157275
PROA	292	PROA	293	2.016642
PROA	292	PROA	294	0.293470
PROA	292	PROA	295	1.253566
PROA	292	PROA	301	0.522233
PROA	292	PROA	302	4.108574
PROA	292	PROA	310	2.171768
PROA	293	PROA	294	2.893357
PROA	293	PROA	295	0.518563
PROA	293	PROA	301	0.643596
PROA	293	PROA	302	1.836169
PROA	293	PROA	307	0.076696
PROA	294	PROA	295	2.452557
PROA	294	PROA	296	0.205196
PROA	294	PROA	301	0.140488
PROA	295	PROA	296	2.749026
PROA	295	PROA	297	1.857143
PROA	295	PROA	298	0.071429
PROA	295	PROA	300	1.139606
PROA	295	PROA	301	3.055050
PROA	295	PROA	302	0.061314
PROA	296	PROA	297	2.988072
PROA	296	PROA	298	0.597614
PROA	296	PROA	301	0.867227
PROA	297	PROA	298	4.357143
PROA	297	PROA	299	2.009432
PROA	297	PROA	300	5.299167
PROA	297	PROA	301	1.036535
PROA	298	PROA	299	4.213324
PROA	298	PROA	300	0.569803
PROA	298	PROA	301	4.091585
PROA	299	PROA	300	2.533730
PROA	299	PROA	301	0.495074
PROA	300	PROA	301	1.827815
PROA	300	PROA	302	0.195646
PROA	301	PROA	302	1.873172
PROA	301	PROA	303	0.316228
PROA	302	PROA	303	3.791033
PROA	302	PROA	304	0.401478
PROA	302	PROA	306	2.615150
PROA	302	PROA	307	3.337191
PROA	302	PROA	310	0.778981
PROA	303	PROA	304	2.581989
PROA	303	PROA	305	0.866667
PROA	303	PROA	306	1.816050
PROA	303	PROA	307	0.734847
PROA	304	PROA	305	3.679334
PROA	304	PROA	306	0.424437
PROA	304	PROA	307	2.371708
PROA	304	PROA	308	1.376494
PROA	304	PROA	309	0.079057
PROA	305	PROA	306	2.442275
PROA	305	PROA	307	1.143095
PROA	305	PROA	308	2.013986
PROA	305	PROA	309	1.061446
PROA	306	PROA	307	3.374646
PROA	306	PROA	308	0.612056
PROA	306	PROA	309	2.300895
PROA	306	PROA	310	0.882353
PROA	307	PROA	308	3.119548
PROA	307	PROA	309	1.300000
PROA	307	PROA	310	1.994109
PROA	307	PROA	313	0.870572
PROA	308	PROA	309	2.756810
PROA	308	PROA	310	0.612056
PROA	308	PROA	313	1.789474
PROA	308	PROA	317	0.801002
PROA	309	PROA	310	2.837770
PROA	309	PROA	311	0.507093
PROA	309	PROA	313	0.072548
PROA	309	PROA	317	0.966092
PROA	310	PROA	311	4.472606
PROA	310	PROA	312	1.376066
PROA	310	PROA	313	1.168471
PROA	310	PROA	314	0.250490
PROA	311	PROA	312	2.682774
PROA	311	PROA	313	0.674453
PROA	311	PROA	314	2.346223
PROA	311	PROA	315	0.129641
PROA	312	PROA	313	3.003757
PROA	312	PROA	314	0.563436
PROA	312	PROA	315	0.052926
PROA	313	PROA	314	2.250926
PROA	313	PROA	315	0.556415
PROA	313	PROA	316	1.501879
PROA	313	PROA	317	0.951190
PROA	314	PROA	315	4.508815
PROA	314	PROA	316	0.676123
PROA	314	PROA	317	2.028370
PROA	315	PROA	316	2.593355
PROA	315	PROA	317	0.582182
PROA	316	PROA	317	1.714286
PROA	316	PROA	318	0.566947
PROA	317	PROA	318	3.149704
PROA	317	PROA	319	2.216205
PROA	318	PROA	319	4.706252
PROA	318	PROA	320	3.220437
PROA	318	PROA	321	3.750000
PROA	318	PROA	322	0.074536
PROA	319	PROA	320	3.787368
PROA	319	PROA	321	0.540062
PROA	319	PROA	322	0.414039
PROA	320	PROA	321	3.394514
PROA	320	PROA	322	1.167748
PROA	321	PROA	322	3.055960
PROA	321	PROA	323	0.540062
PROA	322	PROA	323	4.968472
PROA	322	PROA	324	0.177705
PROA	323	PROA	324	3.065697
PROA	323	PROA	325	0.760639
PROA	324	PROA	325	3.047000
PROA	324	PROA	326	2.606335
PROA	325	PROA	326	4.245782
PROA	325	PROA	327	0.300000
PROA	326	PROA	327	4.164133
PROA	326	PROA	328	0.345033
PROA	327	PROA	328	4.817379
PROA	327	PROA	329	0.212132
PROA	328	PROA	329	2.509980
PROA	328	PROA	330	0.284901
PROA	329	PROA	330	2.812715
PROA	329	PROA	331	1.200000
PROA	330	PROA	331	2.574349
PROA	330	PROA	332	0.615457
PROA	331	PROA	332	2.840188
PROA	331	PROA	333	0.976187
PROA	331	PROA	334	0.173205
PROA	332	PROA	333	3.850770
PROA	333	PROA	334	3.318989
PROA	333	PROA	335	0.890264
PROA	333	PROA	338	0.945905
PROA	333	PROA	342	0.051709
PROA	333	PROA	346	2.058735
PROA	334	PROA	335	4.027972
PROA	334	PROA	336	2.310604
PROA	334	PROA	337	0.149071
PROA	334	PROA	338	1.125463
PROA	335	PROA	336	2.582838
PROA	335	PROA	337	0.264906
PROA	335	PROA	338	3.157895
PROA	335	PROA	343	3.105263
PROA	335	PROA	346	0.736842
PROA	336	PROA	337	3.500000
PROA	336	PROA	338	0.662266
PROA	337	PROA	338	3.046424
PROA	337	PROA	339	0.617213
PROA	338	PROA	339	3.494894
PROA	338	PROA	340	0.146735
PROA	338	PROA	342	2.152110
PROA	338	PROA	343	3.210526
PROA	338	PROA	346	1.000000
PROA	339	PROA	340	1.937330
PROA	339	PROA	341	0.966092
PROA	339	PROA	342	2.222231
PROA	339	PROA	343	0.981023
PROA	339	PROA	344	0.056980
PROA	340	PROA	341	2.256976
PROA	340	PROA	342	0.409091
PROA	340	PROA	343	1.614083
PROA	340	PROA	344	0.545455
PROA	340	PROA	345	0.055048
PROA	341	PROA	342	1.981735
PROA	341	PROA	343	0.710819
PROA	341	PROA	344	2.587265
PROA	341	PROA	345	0.866667
PROA	342	PROA	343	2.445580
PROA	342	PROA	344	0.636364
PROA	342	PROA	345	3.578132
PROA	342	PROA	346	3.619458
PROA	342	PROA	347	0.048912
PROA	343	PROA	344	1.711906
PROA	343	PROA	345	0.770054
PROA	343	PROA	346	2.578947
PROA	343	PROA	347	1.105263
PROA	343	PROA	348	0.051299
PROA	344	PROA	345	2.642313
PROA	344	PROA	346	0.489116
PROA	344	PROA	347	1.124967
PROA	344	PROA	348	0.762770
PROA	345	PROA	346	3.731798
PROA	345	PROA	347	0.533114
PROA	345	PROA	348	2.193931
PROA	345	PROA	349	2.000000
PROA	346	PROA	347	2.000000
PROA	346	PROA	348	0.718185
PROA	346	PROA	349	1.895516
PROA	346	PROA	350	0.770054
PROA	347	PROA	348	2.154555
PROA	347	PROA	349	0.414644
PROA	347	PROA	350	0.888523
PROA	347	PROA	351	2.391243
PROA	348	PROA	349	3.406367
PROA	348	PROA	350	0.692820
PROA	348	PROA	351	1.434274
PROA	348	PROA	352	0.565685
PROA	349	PROA	350	3.066667
PROA	349	PROA	351	0.552052
PROA	349	PROA	352	1.143095
PROA	350	PROA	351	3.588341
PROA	350	PROA	352	0.816497
PROA	350	PROA	353	0.210819
PROA	351	PROA	352	3.465132
PROA	351	PROA	353	0.545545
PROA	351	PROA	354	0.836660
PROA	351	PROA	355	1.231587
PROA	352	PROA	353	2.646539
PROA	352	PROA	354	0.777817
PROA	352	PROA	355	3.297949
PROA	352	PROA	358	2.001190
PROA	353	PROA	354	4.107919
PROA	353	PROA	355	0.643596
PROA	353	PROA	358	1.425393
PROA	353	PROA	359	0.333333
PROA	353	PROA	360	4.596194
PROA	354	PROA	355	3.742050
PROA	354	PROA	356	0.298807
PROA	354	PROA	358	0.048795
PROA	355	PROA	356	3.694761
PROA	355	PROA	357	0.550019
PROA	355	PROA	358	2.064099
PROA	356	PROA	357	3.030458
PROA	356	PROA	358	0.874818
PROA	357	PROA	358	3.629059
PROA	357	PROA	359	0.308607
PROA	358	PROA	359	2.316264
PROA	358	PROA	360	0.188982
PROA	359	PROA	360	2.887353
PROB	1	PROB	2	2.761074
PROB	1	PROB	3	0.563602
PROB	1	PROB	4	2.434578
PROB	1	PROB	5	1.008368
PROB	1	PROB	6	0.064820
PROB	1	PROB	50	0.062622
PROB	1	PROB	56	0.070014
PROB	1	PROB	57	1.861516
PROB	2	PROB	3	3.755884
PROB	2	PROB	4	1.035098
PROB	2	PROB	5	2.031889
PROB	2	PROB	6	1.098701
PROB	3	PROB	4	2.591806
PROB	3	PROB	5	1.073490
PROB	3	PROB	6	1.725164
PROB	3	PROB	7	0.355409
PROB	3	PROB	82	1.464934
PROB	3	PROB	86	1.936492
PROB	4	PROB	5	3.299144
PROB	4	PROB	6	0.699854
PROB	4	PROB	7	1.101378
PROB	4	PROB	8	2.703381
PROB	4	PROB	50	1.295903
PROB	4	PROB	55	1.051315
PROB	4	PROB	56	1.196887
PROB	4	PROB	57	2.977549
PROB	4	PROB	60	0.550689
PROB	4	PROB	82	0.714286
PROB	5	PROB	6	3.434519
PROB	5	PROB	7	0.953821
PROB	5	PROB	8	2.774752
PROB	5	PROB	9	1.558387
PROB	5	PROB	10	0.109109
PROB	6	PROB	7	3.065697
PROB	6	PROB	8	0.797081
PROB	6	PROB	9	1.685330
PROB	6	PROB	10	2.314550
PROB	6	PROB	11	0.061314
PROB	6	PROB	85	0.163663
PROB	7	PROB	8	3.526316
PROB	7	PROB	9	0.778981
PROB	7	PROB	10	2.384158
PROB	7	PROB	11	3.000000
PROB	7	PROB	12	0.061314
PROB	7	PROB	60	1.473684
PROB	7	PROB	63	0.263158
PROB	7	PROB	78	1.224113
PROB	7	PROB	79	2.294157
PROB	7	PROB	82	2.603256
PROB	7	PROB	85	0.093659
PROB	8	PROB	9	2.170018
PROB	8	PROB	10	0.794719
PROB	8	PROB	11	2.631579
PROB	8	PROB	12	1.287593
PROB	8	PROB	13	0.061314
PROB	8	PROB	43	0.138343
PROB	8	PROB	46	4.309109
PROB	8	PROB	55	1.473684
PROB	8	PROB	60	0.105263
PROB	8	PROB	63	0.473684
PROB	9	PROB	10	2.380476
PROB	9	PROB	11	0.500773
PROB	9	PROB	12	3.759582
PROB	9	PROB	13	1.944611
PROB	9	PROB	14	0.064820
PROB	9	PROB	43	1.023781
PROB	10	PROB	11	2.649065
PROB	10	PROB	12	1.002972
PROB	10	PROB	13	2.854612
PROB	10	PROB	14	1.774489
PROB	10	PROB	15	0.066227
PROB	10	PROB	78	0.560112
PROB	10	PROB	85	0.058926
PROB	11	PROB	12	2.207302
PROB	11	PROB	13	0.858395
PROB	11	PROB	14	1.532848
PROB	11	PROB	15	3.421053
PROB	11	PROB	46	2.411049
PROB	11	PROB	63	0.736842
PROB	11	PROB	67	1.436370
PROB	11	PROB	75	2.736842
PROB	11	PROB	78	2.003094
PROB	11	PROB	79	0.344124
PROB	12	PROB	13	3.714286
PROB	12	PROB	14	0.714286
PROB	12	PROB	15	1.164965
PROB	12	PROB	41	1.071429
PROB	12	PROB	42	2.323351
PROB	12	PROB	43	3.303874
PROB	12	PROB	46	0.896421
PROB	13	PROB	14	4.357143
PROB	13	PROB	15	0.306570
PROB	14	PROB	15	2.820441
PROB	14	PROB	16	0.571429
PROB	14	PROB	19	0.077152
PROB	14	PROB	72	0.109109
PROB	14	PROB	75	0.858395
PROB	14	PROB	78	2.009432
PROB	15	PROB	16	3.188325
PROB	15	PROB	17	0.157895
PROB	15	PROB	19	1.920572
PROB	15	PROB	20	3.105263
PROB	15	PROB	23	1.789474
PROB	15	PROB	42	0.433555
PROB	15	PROB	45	0.046829
PROB	15	PROB	46	0.923381
PROB	15	PROB	67	0.307794
PROB	15	PROB	72	0.187317
PROB	15	PROB	75	2.526316
PROB	16	PROB	17	2.943069
PROB	16	PROB	18	2.208210
PROB	16	PROB	19	3.857584
PROB	16	PROB	20	0.797081
PROB	16	PROB	21	0.069007
PROB	17	PROB	18	2.547100
PROB	17	PROB	19	0.662266
PROB	17	PROB	20	2.578947
PROB	17	PROB	21	2.250926
PROB	17	PROB	24	0.489116
PROB	17	PROB	39	0.105263
PROB	17	PROB	40	3.678836
PROB	17	PROB	41	0.061314
PROB	18	PROB	19	3.652244
PROB	18	PROB	20	0.710819
PROB	18	PROB	21	2.000000
PROB	18	PROB	22	1.502938
PROB	19	PROB	20	2.516611
PROB	19	PROB	21	0.894427
PROB	19	PROB	22	2.590518
PROB	19	PROB	23	1.059626
PROB	19	PROB	72	1.767767
PROB	19	PROB	75	0.066227
PROB	20	PROB	21	2.487865
PROB	20	PROB	22	0.723339
PROB	20	PROB	23	2.526316
PROB	20	PROB	24	3.912928
PROB	20	PROB	25	0.069171
PROB	20	PROB	39	0.894737
PROB	20	PROB	40	1.287593
PROB	20	PROB	41	2.084674
PROB	20	PROB	42	2.514619
PROB	20	PROB	45	1.498537
PROB	21	PROB	22	3.381611
PROB	21	PROB	23	0.473879
PROB	21	PROB	24	4.128614
PROB	21	PROB	25	1.323448
PROB	22	PROB	23	3.004640
PROB	22	PROB	24	0.723923
PROB	22	PROB	25	2.340072
PROB	22	PROB	26	0.997054
PROB	22	PROB	27	0.073127
PROB	22	PROB	70	1.316290
PROB	23	PROB	24	2.347757
PROB	23	PROB	25	0.760886
PROB	23	PROB	26	1.378405
PROB	23	PROB	27	0.691714
PROB	23	PROB	45	2.388294
PROB	23	PROB	46	0.102598
PROB	23	PROB	66	2.947368
PROB	23	PROB	67	1.538968
PROB	23	PROB	70	1.729286
PROB	23	PROB	72	0.515122
PROB	23	PROB	75	0.684211
PROB	24	PROB	25	2.571297
PROB	24	PROB	26	0.943880
PROB	24	PROB	27	1.864191
PROB	24	PROB	28	0.363636
PROB	24	PROB	36	2.956992
PROB	24	PROB	37	0.275241
PROB	24	PROB	39	1.467348
PROB	24	PROB	40	0.398862
PROB	24	PROB	45	2.219490
PROB	25	PROB	26	3.718504
PROB	25	PROB	27	0.909091
PROB	25	PROB	28	1.864191
PROB	26	PROB	27	3.813850
PROB	26	PROB	28	0.809040
PROB	26	PROB	29	0.163299
PROB	26	PROB	66	2.031334
PROB	26	PROB	69	2.176429
PROB	26	PROB	70	1.334848
PROB	27	PROB	28	2.249885
PROB	27	PROB	29	0.467099
PROB	27	PROB	30	1.740777
PROB	27	PROB	31	1.521772
PROB	27	PROB	45	0.800095
PROB	27	PROB	49	0.622543
PROB	27	PROB	62	1.579084
PROB	27	PROB	66	1.936800
PROB	27	PROB	69	0.138343
PROB	28	PROB	29	2.477168
PROB	28	PROB	30	0.430820
PROB	28	PROB	31	0.293470
PROB	28	PROB	32	0.284901
PROB	29	PROB	30	3.503173
PROB	29	PROB	31	0.414644
PROB	29	PROB	32	0.345033
PROB	30	PROB	31	3.973597
PROB	30	PROB	32	0.771517
PROB	30	PROB	54	0.553912
PROB	30	PROB	62	1.574852
PROB	30	PROB	65	0.070014
PROB	31	PROB	32	3.433580
PROB	31	PROB	33	1.106743
PROB	31	PROB	48	1.333772
PROB	31	PROB	49	0.947368
PROB	31	PROB	52	1.836169
PROB	31	PROB	54	2.054287
PROB	31	PROB	62	0.250313
PROB	32	PROB	33	2.820380
PROB	32	PROB	34	0.138013
PROB	33	PROB	34	3.658945
PROB	33	PROB	35	2.507015
PROB	33	PROB	36	3.818182
PROB	33	PROB	37	0.155700
PROB	33	PROB	48	1.685500
PROB	34	PROB	35	2.422120
PROB	34	PROB	36	1.401298
PROB	34	PROB	37	1.400000
PROB	34	PROB	38	0.600000
PROB	35	PROB	36	2.764145
PROB	35	PROB	37	0.880771
PROB	35	PROB	38	3.853373
PROB	35	PROB	39	2.543403
PROB	35	PROB	48	0.905789
PROB	36	PROB	37	3.191846
PROB	36	PROB	38	0.778499
PROB	36	PROB	39	0.760886
PROB	37	PROB	38	3.933333
PROB	37	PROB	39	0.355409
PROB	37	PROB	40	0.069007
PROB	38	PROB	39	2.784040
PROB	38	PROB	40	0.483046
PROB	39	PROB	40	3.004383
PROB	39	PROB	41	1.778104
PROB	39	PROB	44	2.248976
PROB	39	PROB	45	2.200977
PROB	39	PROB	48	1.333772
PROB	40	PROB	41	3.642857
PROB	41	PROB	42	4.343656
PROB	41	PROB	43	2.336887
PROB	41	PROB	44	2.789009
PROB	41	PROB	45	0.709208
PROB	42	PROB	43	3.760699
PROB	42	PROB	44	1.314751
PROB	42	PROB	45	3.086067
PROB	42	PROB	46	3.127071
PROB	42	PROB	47	0.113961
PROB	43	PROB	44	3.813850
PROB	43	PROB	45	0.677003
PROB	43	PROB	46	2.359700
PROB	43	PROB	47	1.272727
PROB	44	PROB	45	2.452889
PROB	44	PROB	46	0.919239
PROB	44	PROB	47	2.955734
PROB	44	PROB	48	0.989949
PROB	44	PROB	49	0.072548
PROB	45	PROB	46	3.195048
PROB	45	PROB	47	0.738549
PROB	45	PROB	48	2.008316
PROB	45	PROB	49	3.699514
PROB	45	PROB	50	0.052705
PROB	45	PROB	62	0.044544
PROB	45	PROB	63	0.140488
PROB	45	PROB	66	1.123903
PROB	45	PROB	67	0.045644
PROB	46	PROB	47	2.629379
PROB	46	PROB	48	0.650000
PROB	46	PROB	49	2.411049
PROB	46	PROB	50	0.808290
PROB	46	PROB	51	0.067420
PROB	46	PROB	55	2.205853
PROB	46	PROB	63	0.974679
PROB	46	PROB	67	0.400000
PROB	47	PROB	48	2.831639
PROB	47	PROB	49	0.760886
PROB	47	PROB	50	1.868397
PROB	47	PROB	51	1.272727
PROB	47	PROB	52	0.073127
PROB	47	PROB	55	0.069171
PROB	48	PROB	49	3.334430
PROB	48	PROB	50	0.692820
PROB	48	PROB	51	1.685500
PROB	48	PROB	52	3.145492
PROB	48	PROB	53	0.059761
PROB	49	PROB	50	2.191691
PROB	49	PROB	51	0.760886
PROB	49	PROB	52	1.335396
PROB	49	PROB	53	0.429198
PROB	49	PROB	54	2.641226
PROB	49	PROB	55	2.052632
PROB	49	PROB	62	1.451816
PROB	49	PROB	63	1.000000
PROB	49	PROB	66	0.157895
PROB	50	PROB	51	3.191846
PROB	50	PROB	52	0.814092
PROB	50	PROB	53	1.449138
PROB	50	PROB	54	0.495434
PROB	50	PROB	55	3.257919
PROB	50	PROB	56	0.521749
PROB	51	PROB	52	2.998217
PROB	51	PROB	53	1.047570
PROB	52	PROB	53	2.787276
PROB	52	PROB	54	2.378603
PROB	53	PROB	54	2.336192
PROB	53	PROB	55	0.735767
PROB	54	PROB	55	2.396668
PROB	54	PROB	56	0.061546
PROB	54	PROB	59	0.056980
PROB	54	PROB	62	2.558832
PROB	54	PROB	63	0.097823
PROB	55	PROB	56	4.768316
PROB	55	PROB	59	0.735767
PROB	55	PROB	60	1.315789
PROB	55	PROB	62	0.150188
PROB	55	PROB	63	3.105263
PROB	56	PROB	57	3.754290
PROB	56	PROB	58	2.000000
PROB	56	PROB	59	3.857584
PROB	56	PROB	60	0.794719
PROB	57	PROB	58	4.369748
PROB	57	PROB	59	0.569803
PROB	57	PROB	60	0.146735
PROB	57	PROB	82	0.093048
PROB	58	PROB	59	3.626129
PROB	58	PROB	60	0.463586
PROB	59	PROB	60	3.494894
PROB	59	PROB	61	2.417469
PROB	59	PROB	62	0.174964
PROB	60	PROB	61	2.421001
PROB	60	PROB	62	0.400501
PROB	60	PROB	63	3.210526
PROB	60	PROB	64	1.836282
PROB	60	PROB	65	0.055641
PROB	60	PROB	79	2.695635
PROB	60	PROB	82	1.051315
PROB	60	PROB	83	1.826342
PROB	61	PROB	62	2.763397
PROB	61	PROB	63	0.553372
PROB	61	PROB	64	2.335497
PROB	61	PROB	65	1.096909
PROB	61	PROB	66	0.069171
PROB	62	PROB	63	2.953694
PROB	62	PROB	64	0.788811
PROB	62	PROB	65	2.857983
PROB	62	PROB	66	2.953694
PROB	62	PROB	67	0.048795
PROB	63	PROB	64	2.961744
PROB	63	PROB	65	0.778981
PROB	63	PROB	66	2.000000
PROB	63	PROB	67	3.693522
PROB	63	PROB	68	0.059235
PROB	63	PROB	79	0.630893
PROB	64	PROB	65	2.254407
PROB	64	PROB	66	0.710819
PROB	64	PROB	67	2.309401
PROB	64	PROB	68	0.800000
PROB	64	PROB	76	3.139449
PROB	64	PROB	79	2.323790
PROB	64	PROB	83	1.317616
PROB	65	PROB	66	3.227206
PROB	65	PROB	67	0.650791
PROB	65	PROB	68	1.753428
PROB	65	PROB	69	3.839263
PROB	65	PROB	70	0.073127
PROB	66	PROB	67	3.488326
PROB	66	PROB	68	0.770054
PROB	66	PROB	69	3.263158
PROB	66	PROB	70	1.729286
PROB	66	PROB	71	0.093659
PROB	67	PROB	68	2.136196
PROB	67	PROB	69	0.410391
PROB	67	PROB	70	1.078720
PROB	67	PROB	71	0.547723
PROB	67	PROB	72	2.601682
PROB	67	PROB	73	0.059761
PROB	67	PROB	75	3.283131
PROB	67	PROB	76	3.488326
PROB	67	PROB	79	0.838525
PROB	68	PROB	69	3.198684
PROB	68	PROB	70	0.778499
PROB	68	PROB	71	1.686548
PROB	68	PROB	72	0.158114
PROB	68	PROB	76	1.243933
PROB	69	PROB	70	3.043544
PROB	69	PROB	71	1.873172
PROB	70	PROB	71	3.631199
PROB	70	PROB	72	1.046278
PROB	71	PROB	72	1.958333
PROB	71	PROB	73	0.818317
PROB	72	PROB	73	3.327823
PROB	72	PROB	74	2.533799
PROB	72	PROB	75	5.947320
PROB	72	PROB	76	0.608781
PROB	72	PROB	77	0.054554
PROB	73	PROB	74	4.089039
PROB	73	PROB	75	0.429198
PROB	73	PROB	76	2.023360
PROB	73	PROB	77	1.357143
PROB	74	PROB	75	4.039824
PROB	74	PROB	76	0.860946
PROB	74	PROB	77	2.237399
PROB	74	PROB	78	1.400280
PROB	75	PROB	76	2.000000
PROB	75	PROB	77	0.858395
PROB	75	PROB	78	3.227206
PROB	75	PROB	79	0.516185
PROB	76	PROB	77	3.065697
PROB	76	PROB	78	0.778981
PROB	76	PROB	79	2.236803
PROB	76	PROB	80	1.089725
PROB	77	PROB	78	2.916917
PROB	77	PROB	79	1.002230
PROB	77	PROB	80	2.806243
PROB	77	PROB	81	1.774489
PROB	77	PROB	82	0.058321
PROB	78	PROB	79	3.152963
PROB	78	PROB	80	0.909509
PROB	78	PROB	81	2.170434
PROB	78	PROB	82	0.899735
PROB	78	PROB	83	0.049507
PROB	78	PROB	85	0.198030
PROB	79	PROB	80	2.875000
PROB	79	PROB	81	0.721688
PROB	79	PROB	82	1.636634
PROB	79	PROB	83	3.265986
PROB	80	PROB	81	3.391933
PROB	80	PROB	82	0.763763
PROB	80	PROB	83	1.888148
PROB	80	PROB	84	1.002230
PROB	81	PROB	82	3.086710
PROB	81	PROB	83	0.707107
PROB	81	PROB	84	1.851640
PROB	81	PROB	85	3.830162
PROB	81	PROB	86	0.072169
PROB	82	PROB	83	2.271721
PROB	82	PROB	84	0.466569
PROB	82	PROB	85	2.984417
PROB	82	PROB	86	4.528021
PROB	82	PROB	87	0.150188
PROB	83	PROB	84	2.127624
PROB	83	PROB	85	0.291667
PROB	83	PROB	86	0.969590
PROB	83	PROB	87	2.856587
PROB	84	PROB	85	2.727724
PROB	84	PROB	86	0.534522
PROB	84	PROB	87	0.122628
PROB	84	PROB	88	1.481487
PROB	85	PROB	86	3.929390
PROB	85	PROB	87	0.187317
PROB	85	PROB	88	1.566699
PROB	86	PROB	87	2.695635
PROB	86	PROB	88	0.852803
PROB	87	PROB	88	2.201022
PROB	87	PROB	89	0.410391
PROB	88	PROB	89	2.908061
