PROA	11	PROA	12	2.969287
PROA	11	PROA	13	1.515848
PROA	11	PROA	14	0.375000
PROA	11	PROA	19	0.055902
PROA	11	PROA	28	1.605910
PROA	12	PROA	13	3.694723
PROA	12	PROA	14	0.064550
PROA	12	PROA	18	0.710047
PROA	12	PROA	19	0.866025
PROA	13	PROA	14	3.031695
PROA	13	PROA	15	0.099015
PROA	13	PROA	16	0.550019
PROA	13	PROA	17	1.235294
PROA	13	PROA	18	2.425356
PROA	13	PROA	19	0.488094
PROA	14	PROA	15	3.521142
PROA	14	PROA	16	0.944911
PROA	14	PROA	17	1.758383
PROA	14	PROA	18	0.437500
PROA	14	PROA	19	2.683282
PROA	14	PROA	28	0.573539
PROA	14	PROA	30	1.472971
PROA	14	PROA	38	1.879651
PROA	14	PROA	40	1.055290
PROA	15	PROA	16	2.546005
PROA	15	PROA	17	0.940640
PROA	15	PROA	30	3.429853
PROA	15	PROA	33	0.105409
PROA	15	PROA	38	1.881280
PROA	16	PROA	17	3.850134
PROA	17	PROA	18	3.152963
PROA	17	PROA	19	0.216930
PROA	17	PROA	38	1.058824
PROA	17	PROA	55	1.654681
PROA	18	PROA	19	3.018692
PROA	18	PROA	20	0.144338
PROA	18	PROA	55	1.599005
PROA	18	PROA	102	0.272772
PROA	19	PROA	20	3.356586
PROA	19	PROA	21	2.515576
PROA	19	PROA	28	2.667544
PROA	19	PROA	38	1.138885
PROA	19	PROA	39	0.223607
PROA	19	PROA	40	1.887760
PROA	19	PROA	53	1.385071
PROA	19	PROA	54	0.238366
PROA	19	PROA	55	2.240637
PROA	19	PROA	102	2.537340
PROA	20	PROA	21	3.969283
PROA	20	PROA	22	0.763763
PROA	20	PROA	90	0.132453
PROA	20	PROA	102	2.078805
PROA	21	PROA	22	4.063118
PROA	21	PROA	23	0.133631
PROA	21	PROA	24	0.153093
PROA	21	PROA	25	2.564060
PROA	21	PROA	28	2.236803
PROA	21	PROA	53	2.179449
PROA	21	PROA	90	3.211820
PROA	21	PROA	102	1.854852
PROA	22	PROA	23	5.151778
PROA	22	PROA	24	0.771517
PROA	22	PROA	25	0.659829
PROA	22	PROA	90	0.260133
PROA	23	PROA	24	2.509506
PROA	23	PROA	25	0.641533
PROA	23	PROA	26	0.357143
PROA	23	PROA	45	0.142857
PROA	24	PROA	25	6.280639
PROA	24	PROA	26	0.490990
PROA	24	PROA	43	0.133631
PROA	24	PROA	44	2.887353
PROA	24	PROA	45	2.673169
PROA	24	PROA	46	3.521142
PROA	24	PROA	47	1.800298
PROA	24	PROA	87	0.218218
PROA	24	PROA	88	1.473139
PROA	25	PROA	26	2.916059
PROA	25	PROA	28	0.250313
PROA	25	PROA	42	1.104105
PROA	25	PROA	43	0.714286
PROA	25	PROA	44	2.645751
PROA	25	PROA	45	0.524891
PROA	25	PROA	51	1.691189
PROA	25	PROA	53	1.602004
PROA	25	PROA	87	0.058321
PROA	25	PROA	88	1.700840
PROA	25	PROA	90	1.501879
PROA	25	PROA	104	3.491486
PROA	26	PROA	27	5.357143
PROA	26	PROA	28	0.674453
PROA	26	PROA	42	1.098701
PROA	26	PROA	43	3.324308
PROA	26	PROA	44	0.308607
PROA	26	PROA	45	2.642857
PROA	27	PROA	28	2.452557
PROA	27	PROA	29	0.564076
PROA	27	PROA	41	0.322329
PROA	27	PROA	42	0.845154
PROA	27	PROA	43	1.691314
PROA	28	PROA	29	2.766858
PROA	28	PROA	30	0.050063
PROA	28	PROA	40	1.452600
PROA	28	PROA	41	0.760886
PROA	28	PROA	42	2.176429
PROA	28	PROA	53	0.736842
PROA	29	PROA	30	2.566012
PROA	29	PROA	31	0.760886
PROA	29	PROA	40	1.727273
PROA	29	PROA	41	3.818182
PROA	29	PROA	42	0.190693
PROA	30	PROA	31	2.653319
PROA	30	PROA	32	4.866238
PROA	30	PROA	33	1.633965
PROA	30	PROA	38	0.899735
PROA	30	PROA	39	0.709208
PROA	30	PROA	40	1.908060
PROA	30	PROA	41	0.263181
PROA	31	PROA	32	3.641862
PROA	31	PROA	39	3.269174
PROA	31	PROA	40	2.697686
PROA	31	PROA	41	3.389401
PROA	31	PROA	52	1.233310
PROA	31	PROA	53	0.052632
PROA	31	PROA	107	0.684211
PROA	32	PROA	33	4.001190
PROA	32	PROA	34	0.571429
PROA	32	PROA	38	0.275010
PROA	32	PROA	39	1.984313
PROA	33	PROA	34	4.684320
PROA	33	PROA	37	0.975900
PROA	33	PROA	38	2.379652
PROA	33	PROA	39	0.903696
PROA	34	PROA	35	3.824732
PROA	34	PROA	36	0.824786
PROA	34	PROA	37	3.285714
PROA	34	PROA	38	0.458349
PROA	34	PROA	39	1.795331
PROA	35	PROA	36	5.175492
PROA	35	PROA	37	0.956183
PROA	36	PROA	37	2.639316
PROA	36	PROA	55	0.232621
PROA	36	PROA	56	2.853569
PROA	36	PROA	57	2.302831
PROA	36	PROA	58	0.174964
PROA	36	PROA	64	2.047619
PROA	36	PROA	67	1.202676
PROA	36	PROA	68	2.041241
PROA	36	PROA	169	0.082479
PROA	37	PROA	38	3.758464
PROA	37	PROA	39	0.755929
PROA	37	PROA	55	1.853393
PROA	37	PROA	56	0.173422
PROA	37	PROA	57	0.341882
PROA	38	PROA	39	2.425356
PROA	38	PROA	40	0.511891
PROA	38	PROA	53	0.055641
PROA	38	PROA	54	0.258544
PROA	38	PROA	55	2.792274
PROA	39	PROA	40	3.768892
PROA	39	PROA	41	0.075378
PROA	39	PROA	52	0.316228
PROA	39	PROA	53	1.089725
PROA	39	PROA	54	3.144711
PROA	39	PROA	55	0.319801
PROA	40	PROA	41	3.909091
PROA	40	PROA	42	0.762770
PROA	40	PROA	51	0.075378
PROA	40	PROA	52	0.667424
PROA	40	PROA	53	2.490172
PROA	40	PROA	54	0.257130
PROA	41	PROA	42	4.862659
PROA	41	PROA	50	0.061546
PROA	41	PROA	51	0.753778
PROA	41	PROA	52	1.430194
PROA	41	PROA	53	0.345857
PROA	41	PROA	107	2.005972
PROA	42	PROA	43	2.829269
PROA	42	PROA	44	0.365148
PROA	42	PROA	49	0.079057
PROA	42	PROA	50	1.549193
PROA	42	PROA	51	4.348132
PROA	42	PROA	52	0.400000
PROA	42	PROA	53	1.958786
PROA	42	PROA	107	0.290191
PROA	43	PROA	44	3.716651
PROA	43	PROA	45	2.566132
PROA	43	PROA	48	1.814444
PROA	43	PROA	49	1.418416
PROA	43	PROA	50	4.187093
PROA	43	PROA	51	0.545545
PROA	44	PROA	45	4.089039
PROA	44	PROA	46	1.443376
PROA	44	PROA	47	2.005944
PROA	44	PROA	48	1.169369
PROA	44	PROA	49	3.175426
PROA	44	PROA	50	0.589256
PROA	44	PROA	51	3.175426
PROA	45	PROA	46	3.006689
PROA	45	PROA	47	0.285714
PROA	45	PROA	48	1.652428
PROA	46	PROA	47	4.008919
PROA	46	PROA	48	2.078707
PROA	47	PROA	48	3.190896
PROA	47	PROA	49	2.271721
PROA	47	PROA	87	0.071429
PROA	48	PROA	49	2.771609
PROA	48	PROA	50	0.043519
PROA	49	PROA	50	3.317017
PROA	49	PROA	51	1.812500
PROA	50	PROA	51	2.704645
PROA	50	PROA	107	1.826342
PROA	51	PROA	52	4.031904
PROA	51	PROA	53	1.720618
PROA	51	PROA	87	0.267261
PROA	51	PROA	104	1.625000
PROA	51	PROA	105	0.727607
PROA	51	PROA	106	0.505181
PROA	51	PROA	107	2.236803
PROA	52	PROA	53	3.409738
PROA	52	PROA	54	0.269680
PROA	52	PROA	103	0.072548
PROA	52	PROA	104	0.711512
PROA	52	PROA	105	2.454288
PROA	52	PROA	106	1.278019
PROA	52	PROA	107	3.627381
PROA	52	PROA	108	0.306786
PROA	53	PROA	54	2.543403
PROA	53	PROA	55	0.342381
PROA	53	PROA	90	0.842105
PROA	53	PROA	102	1.301628
PROA	53	PROA	103	0.894737
PROA	53	PROA	104	4.703023
PROA	53	PROA	105	0.333849
PROA	54	PROA	55	2.090909
PROA	54	PROA	56	3.179254
PROA	54	PROA	71	0.990867
PROA	54	PROA	75	0.097823
PROA	54	PROA	86	0.048912
PROA	54	PROA	101	0.106600
PROA	54	PROA	102	0.558291
PROA	54	PROA	103	4.499867
PROA	54	PROA	104	0.213201
PROA	54	PROA	105	1.913224
PROA	55	PROA	56	2.445580
PROA	55	PROA	57	0.385695
PROA	55	PROA	100	2.646467
PROA	55	PROA	101	0.266501
PROA	55	PROA	102	4.373276
PROA	55	PROA	103	0.097823
PROA	56	PROA	57	3.251058
PROA	56	PROA	58	2.145988
PROA	56	PROA	68	1.839418
PROA	56	PROA	71	0.059235
PROA	56	PROA	72	0.105263
PROA	56	PROA	100	1.258306
PROA	56	PROA	101	3.785360
PROA	56	PROA	102	0.250313
PROA	56	PROA	103	2.368421
PROA	57	PROA	58	4.109697
PROA	57	PROA	59	0.202260
PROA	57	PROA	64	0.263181
PROA	57	PROA	100	4.177864
PROA	57	PROA	101	0.301511
PROA	58	PROA	59	5.139483
PROA	58	PROA	60	0.759072
PROA	58	PROA	61	0.842665
PROA	58	PROA	64	2.157884
PROA	58	PROA	65	2.659216
PROA	58	PROA	68	2.571429
PROA	58	PROA	100	0.231455
PROA	58	PROA	101	1.336306
PROA	58	PROA	347	1.226279
PROA	59	PROA	60	2.655811
PROA	59	PROA	61	0.488094
PROA	59	PROA	65	0.809040
PROA	59	PROA	98	2.548933
PROA	59	PROA	99	0.524404
PROA	59	PROA	100	0.064550
PROA	59	PROA	101	1.118034
PROA	59	PROA	340	0.858116
PROA	59	PROA	343	0.102598
PROA	59	PROA	344	4.719640
PROA	59	PROA	347	2.308451
PROA	59	PROA	348	0.100000
PROA	60	PROA	61	3.882591
PROA	60	PROA	62	0.250490
PROA	60	PROA	65	0.233550
PROA	60	PROA	340	1.100964
PROA	60	PROA	344	0.055048
PROA	61	PROA	62	2.235294
PROA	61	PROA	63	1.037126
PROA	61	PROA	64	5.027933
PROA	61	PROA	65	1.608799
PROA	61	PROA	340	1.034175
PROA	62	PROA	63	3.435480
PROA	62	PROA	64	0.582182
PROA	62	PROA	65	2.120690
PROA	62	PROA	66	3.058824
PROA	62	PROA	335	0.166924
PROA	62	PROA	336	0.140028
PROA	62	PROA	338	0.667698
PROA	62	PROA	339	1.101946
PROA	62	PROA	340	2.999109
PROA	62	PROA	343	1.557962
PROA	63	PROA	64	3.207665
PROA	63	PROA	65	0.886405
PROA	63	PROA	66	1.879791
PROA	63	PROA	67	2.073070
PROA	63	PROA	68	0.071429
PROA	64	PROA	65	2.829192
PROA	64	PROA	66	0.635107
PROA	64	PROA	67	1.514480
PROA	64	PROA	68	1.866278
PROA	64	PROA	69	0.050063
PROA	65	PROA	66	3.071344
PROA	65	PROA	67	0.615457
PROA	65	PROA	68	1.772811
PROA	65	PROA	69	0.830057
PROA	65	PROA	70	0.061546
PROA	65	PROA	335	0.138343
PROA	65	PROA	340	1.478496
PROA	65	PROA	343	3.112715
PROA	65	PROA	347	0.622543
PROA	66	PROA	67	2.376354
PROA	66	PROA	68	0.713024
PROA	66	PROA	69	0.778981
PROA	66	PROA	70	2.376354
PROA	66	PROA	71	0.062622
PROA	66	PROA	335	3.672338
PROA	66	PROA	336	1.680336
PROA	66	PROA	343	1.836169
PROA	67	PROA	68	3.000496
PROA	67	PROA	69	0.374634
PROA	67	PROA	70	1.333333
PROA	67	PROA	71	0.632456
PROA	67	PROA	168	0.045644
PROA	67	PROA	169	3.857584
PROA	67	PROA	170	1.404879
PROA	68	PROA	69	2.329929
PROA	68	PROA	70	0.709208
PROA	68	PROA	71	1.449138
PROA	68	PROA	72	1.410220
PROA	68	PROA	169	0.202031
PROA	68	PROA	347	0.490511
PROA	69	PROA	70	2.013659
PROA	69	PROA	71	0.770054
PROA	69	PROA	72	3.052632
PROA	69	PROA	73	2.005376
PROA	69	PROA	74	0.052632
PROA	69	PROA	335	2.263158
PROA	69	PROA	338	0.052632
PROA	69	PROA	343	1.894737
PROA	69	PROA	346	1.842105
PROA	69	PROA	347	3.052632
PROA	69	PROA	350	0.473879
PROA	70	PROA	71	2.319004
PROA	70	PROA	72	0.468293
PROA	70	PROA	73	0.652791
PROA	70	PROA	74	1.077074
PROA	70	PROA	75	0.046829
PROA	70	PROA	168	0.593366
PROA	70	PROA	169	1.157275
PROA	70	PROA	170	0.187317
PROA	70	PROA	171	1.290994
PROA	70	PROA	172	2.875000
PROA	70	PROA	331	1.369306
PROA	70	PROA	334	0.948683
PROA	70	PROA	335	3.371709
PROA	70	PROA	336	1.178511
PROA	71	PROA	72	3.198684
PROA	71	PROA	73	0.440386
PROA	71	PROA	74	1.125463
PROA	71	PROA	75	3.139449
PROA	71	PROA	76	0.059235
PROA	71	PROA	86	0.059235
PROA	71	PROA	103	0.059235
PROA	71	PROA	167	1.118034
PROA	71	PROA	168	3.521837
PROA	71	PROA	169	1.463850
PROA	72	PROA	73	2.592315
PROA	72	PROA	74	0.368421
PROA	72	PROA	75	1.210526
PROA	72	PROA	76	2.736842
PROA	72	PROA	77	0.046829
PROA	72	PROA	86	0.789474
PROA	72	PROA	89	0.736842
PROA	72	PROA	101	0.229416
PROA	72	PROA	103	1.578947
PROA	72	PROA	347	0.736842
PROA	72	PROA	350	0.059235
PROA	72	PROA	351	0.306570
PROA	72	PROA	354	0.051299
PROA	73	PROA	74	1.956464
PROA	73	PROA	75	0.635851
PROA	73	PROA	76	2.396668
PROA	73	PROA	77	0.609272
PROA	73	PROA	78	0.047673
PROA	73	PROA	329	0.953463
PROA	73	PROA	331	0.572078
PROA	73	PROA	332	1.907918
PROA	73	PROA	350	2.422120
PROA	73	PROA	353	1.000947
PROA	74	PROA	75	2.684211
PROA	74	PROA	76	0.421053
PROA	74	PROA	77	1.077074
PROA	74	PROA	78	2.616245
PROA	74	PROA	83	0.157895
PROA	74	PROA	145	1.777972
PROA	74	PROA	168	3.334430
PROA	74	PROA	171	1.450953
PROA	74	PROA	172	0.046829
PROA	74	PROA	329	1.692864
PROA	74	PROA	331	1.385071
PROA	75	PROA	76	2.052632
PROA	75	PROA	77	0.468293
PROA	75	PROA	78	0.769484
PROA	75	PROA	79	0.234146
PROA	75	PROA	83	1.210526
PROA	75	PROA	84	3.105263
PROA	75	PROA	86	2.315789
PROA	75	PROA	105	0.667698
PROA	75	PROA	165	0.052632
PROA	75	PROA	166	0.345857
PROA	75	PROA	167	0.264906
PROA	75	PROA	168	2.000658
PROA	76	PROA	77	1.826342
PROA	76	PROA	78	0.359092
PROA	76	PROA	79	0.936586
PROA	76	PROA	86	0.894737
PROA	76	PROA	89	0.105263
PROA	76	PROA	350	0.296174
PROA	76	PROA	353	2.294635
PROA	76	PROA	354	1.179875
PROA	77	PROA	78	3.697127
PROA	77	PROA	79	0.583333
PROA	77	PROA	139	0.044544
PROA	77	PROA	325	0.064550
PROA	77	PROA	327	1.484644
PROA	77	PROA	328	0.218218
PROA	77	PROA	329	3.240692
PROA	78	PROA	79	1.825742
PROA	78	PROA	80	1.030420
PROA	78	PROA	83	3.539625
PROA	78	PROA	139	1.903005
PROA	78	PROA	140	0.974679
PROA	78	PROA	143	1.909188
PROA	78	PROA	145	2.347871
PROA	78	PROA	168	0.450000
PROA	78	PROA	325	0.070711
PROA	78	PROA	329	1.050000
PROA	79	PROA	80	2.326847
PROA	79	PROA	83	0.046829
PROA	79	PROA	85	0.077152
PROA	79	PROA	86	0.046829
PROA	79	PROA	139	0.222718
PROA	80	PROA	81	4.884549
PROA	80	PROA	82	2.852096
PROA	80	PROA	83	4.451319
PROA	80	PROA	135	0.148522
PROA	80	PROA	136	1.466718
PROA	80	PROA	139	3.598942
PROA	80	PROA	140	0.055641
PROA	80	PROA	164	0.103418
PROA	80	PROA	165	0.222566
PROA	80	PROA	323	0.064820
PROA	81	PROA	82	3.450328
PROA	81	PROA	83	0.473879
PROA	81	PROA	135	1.106797
PROA	81	PROA	163	0.059235
PROA	81	PROA	164	0.990867
PROA	82	PROA	83	2.943069
PROA	82	PROA	84	0.183942
PROA	82	PROA	132	3.176198
PROA	82	PROA	135	0.163663
PROA	82	PROA	136	1.111168
PROA	82	PROA	163	3.433580
PROA	82	PROA	164	2.564113
PROA	82	PROA	165	2.084674
PROA	83	PROA	84	3.000000
PROA	83	PROA	85	0.346844
PROA	83	PROA	136	0.086711
PROA	83	PROA	139	0.650814
PROA	83	PROA	140	1.684211
PROA	83	PROA	164	1.516260
PROA	83	PROA	165	3.105263
PROA	83	PROA	168	1.487669
PROA	84	PROA	85	4.942527
PROA	84	PROA	86	0.473684
PROA	84	PROA	105	2.392584
PROA	84	PROA	106	1.192079
PROA	84	PROA	108	0.667698
PROA	84	PROA	156	1.105263
PROA	84	PROA	164	3.081431
PROA	84	PROA	165	1.000000
PROA	84	PROA	166	2.421001
PROA	84	PROA	167	0.198680
PROA	84	PROA	168	0.307794
PROA	85	PROA	86	3.641862
PROA	85	PROA	87	0.505076
PROA	85	PROA	105	1.283378
PROA	85	PROA	106	1.200198
PROA	85	PROA	164	0.322329
PROA	86	PROA	87	3.249638
PROA	86	PROA	88	1.523212
PROA	86	PROA	89	1.368421
PROA	86	PROA	103	2.736842
PROA	86	PROA	104	0.802955
PROA	86	PROA	105	2.893357
PROA	86	PROA	354	1.590266
PROA	87	PROA	88	3.857584
PROA	87	PROA	104	2.338536
PROA	87	PROA	105	1.685330
PROA	87	PROA	106	1.774489
PROA	87	PROA	354	0.657376
PROA	88	PROA	89	3.774917
PROA	88	PROA	90	0.860946
PROA	88	PROA	102	0.125988
PROA	88	PROA	103	0.463586
PROA	88	PROA	104	4.113621
PROA	88	PROA	354	2.065591
PROA	88	PROA	356	0.077152
PROA	89	PROA	90	3.157895
PROA	89	PROA	91	1.311220
PROA	89	PROA	101	1.663264
PROA	89	PROA	102	1.201503
PROA	89	PROA	103	4.526316
PROA	89	PROA	104	0.573539
PROA	89	PROA	351	2.943069
PROA	89	PROA	354	3.796120
PROA	89	PROA	355	0.945905
PROA	90	PROA	91	2.528782
PROA	90	PROA	100	0.066227
PROA	90	PROA	101	0.229416
PROA	90	PROA	102	3.103882
PROA	90	PROA	103	0.105263
PROA	90	PROA	104	1.892680
PROA	90	PROA	355	0.278207
PROA	91	PROA	92	4.518481
PROA	91	PROA	93	1.145644
PROA	91	PROA	94	0.109109
PROA	91	PROA	98	1.386207
PROA	91	PROA	99	0.043519
PROA	91	PROA	100	0.176777
PROA	91	PROA	101	1.377838
PROA	91	PROA	102	0.267261
PROA	91	PROA	347	0.046829
PROA	91	PROA	348	2.921187
PROA	91	PROA	349	0.263523
PROA	91	PROA	351	3.218714
PROA	91	PROA	352	1.807392
PROA	91	PROA	355	3.861575
PROA	92	PROA	93	5.155441
PROA	92	PROA	94	1.774824
PROA	92	PROA	97	1.073751
PROA	92	PROA	98	2.530984
PROA	92	PROA	99	0.606780
PROA	92	PROA	348	0.494975
PROA	93	PROA	94	4.500000
PROA	93	PROA	97	0.129641
PROA	93	PROA	348	0.776899
PROA	94	PROA	95	3.740150
PROA	94	PROA	96	2.760262
PROA	94	PROA	97	3.046558
PROA	94	PROA	98	1.166767
PROA	94	PROA	348	2.211173
PROA	95	PROA	96	3.968737
PROA	95	PROA	97	0.333849
PROA	95	PROA	98	2.225660
PROA	95	PROA	341	0.059235
PROA	95	PROA	344	3.081431
PROA	95	PROA	345	2.428630
PROA	95	PROA	348	4.206511
PROA	96	PROA	97	4.634060
PROA	96	PROA	98	0.751469
PROA	96	PROA	344	0.110096
PROA	97	PROA	98	2.235294
PROA	97	PROA	99	0.982467
PROA	98	PROA	99	3.154235
PROA	98	PROA	101	1.091410
PROA	98	PROA	344	1.396137
PROA	98	PROA	347	0.278207
PROA	98	PROA	348	1.735444
PROA	98	PROA	351	0.064820
PROA	99	PROA	100	3.261925
PROA	99	PROA	101	0.319801
PROA	99	PROA	102	0.046524
PROA	100	PROA	101	3.464102
PROA	100	PROA	102	1.637846
PROA	101	PROA	102	2.782278
PROA	101	PROA	103	1.605910
PROA	101	PROA	347	1.204433
PROA	101	PROA	351	0.601338
PROA	102	PROA	103	2.102630
PROA	102	PROA	104	0.600099
PROA	103	PROA	104	3.039758
PROA	103	PROA	105	2.058735
PROA	104	PROA	105	4.062472
PROA	105	PROA	106	3.290658
PROA	105	PROA	107	0.222566
PROA	106	PROA	107	2.582838
PROA	106	PROA	108	0.910182
PROA	106	PROA	164	0.307729
PROA	107	PROA	108	2.782074
PROA	107	PROA	109	0.770054
PROA	107	PROA	158	0.122628
PROA	108	PROA	109	2.567520
PROA	108	PROA	110	0.842665
PROA	108	PROA	156	4.061829
PROA	108	PROA	157	2.392584
PROA	108	PROA	158	2.981737
PROA	108	PROA	162	1.680336
PROA	108	PROA	163	0.723339
PROA	108	PROA	164	2.120060
PROA	109	PROA	110	3.174302
PROA	109	PROA	157	0.592349
PROA	109	PROA	158	3.105295
PROA	109	PROA	159	1.794170
PROA	110	PROA	111	4.783404
PROA	110	PROA	114	2.678074
PROA	110	PROA	115	1.900732
PROA	110	PROA	156	0.797081
PROA	110	PROA	157	2.820441
PROA	110	PROA	158	0.428571
PROA	111	PROA	112	2.582838
PROA	111	PROA	113	2.330781
PROA	111	PROA	114	4.677477
PROA	111	PROA	115	0.860946
PROA	111	PROA	116	0.066227
PROA	111	PROA	152	0.385758
PROA	111	PROA	153	2.001893
PROA	111	PROA	155	1.059626
PROA	111	PROA	156	2.980198
PROA	111	PROA	157	2.053025
PROA	112	PROA	113	1.902379
PROA	112	PROA	114	0.342381
PROA	112	PROA	115	2.421053
PROA	112	PROA	116	3.473684
PROA	112	PROA	121	1.105263
PROA	112	PROA	129	0.872082
PROA	112	PROA	133	0.421053
PROA	112	PROA	152	4.291975
PROA	112	PROA	153	0.069171
PROA	112	PROA	155	3.578947
PROA	112	PROA	156	0.210526
PROA	112	PROA	157	2.894737
PROA	112	PROA	163	0.052632
PROA	112	PROA	217	0.842105
PROA	112	PROA	221	2.503867
PROA	113	PROA	114	3.396267
PROA	113	PROA	115	0.450564
PROA	113	PROA	116	1.051315
PROA	113	PROA	117	0.418718
PROA	113	PROA	152	2.391169
PROA	113	PROA	153	3.552939
PROA	113	PROA	155	0.100125
PROA	113	PROA	192	0.044544
PROA	114	PROA	115	1.662994
PROA	114	PROA	116	0.489116
PROA	114	PROA	117	0.909091
PROA	114	PROA	118	0.911685
PROA	115	PROA	116	2.473684
PROA	115	PROA	117	0.684762
PROA	115	PROA	118	2.943069
PROA	115	PROA	119	2.003094
PROA	115	PROA	121	2.421053
PROA	115	PROA	129	1.025978
PROA	115	PROA	157	1.736842
PROA	116	PROA	117	2.103199
PROA	116	PROA	118	0.613139
PROA	116	PROA	119	0.667698
PROA	116	PROA	121	2.315789
PROA	116	PROA	152	1.471534
PROA	116	PROA	217	0.052632
PROA	116	PROA	220	2.310161
PROA	116	PROA	221	2.559508
PROA	116	PROA	224	2.145988
PROA	117	PROA	118	2.678074
PROA	117	PROA	119	0.465379
PROA	117	PROA	224	0.056980
PROA	118	PROA	119	4.148504
PROA	119	PROA	120	3.823529
PROA	119	PROA	121	2.225660
PROA	119	PROA	122	0.292509
PROA	119	PROA	224	0.388922
PROA	120	PROA	121	2.559508
PROA	120	PROA	122	0.219382
PROA	120	PROA	224	2.268713
PROA	121	PROA	122	3.251058
PROA	121	PROA	123	0.183942
PROA	121	PROA	125	0.111283
PROA	121	PROA	126	3.000000
PROA	121	PROA	129	0.615587
PROA	121	PROA	221	2.559508
PROA	121	PROA	224	0.797081
PROA	122	PROA	123	3.223292
PROA	122	PROA	124	2.437087
PROA	122	PROA	125	4.095126
PROA	122	PROA	126	1.798458
PROA	122	PROA	127	0.090909
PROA	123	PROA	124	3.240370
PROA	123	PROA	125	0.648204
PROA	123	PROA	126	1.594162
PROA	123	PROA	127	1.208734
PROA	123	PROA	283	2.160247
PROA	123	PROA	285	0.113961
PROA	123	PROA	286	0.084515
PROA	123	PROA	312	1.458030
PROA	124	PROA	125	3.080616
PROA	124	PROA	126	0.596040
PROA	124	PROA	127	2.611165
PROA	124	PROA	128	0.755929
PROA	124	PROA	129	0.064550
PROA	124	PROA	316	1.007905
PROA	125	PROA	126	2.114377
PROA	125	PROA	127	1.023781
PROA	125	PROA	128	1.058512
PROA	125	PROA	129	1.789676
PROA	125	PROA	130	0.055641
PROA	125	PROA	161	2.340072
PROA	125	PROA	316	0.105851
PROA	126	PROA	127	3.043544
PROA	126	PROA	128	0.500626
PROA	126	PROA	129	1.692864
PROA	126	PROA	130	1.210526
PROA	126	PROA	131	0.050063
PROA	126	PROA	218	1.052632
PROA	126	PROA	221	3.561055
PROA	126	PROA	222	2.052632
PROA	126	PROA	312	1.001252
PROA	127	PROA	128	2.566012
PROA	127	PROA	129	0.674200
PROA	127	PROA	130	1.383429
PROA	127	PROA	131	0.921132
PROA	127	PROA	132	0.073127
PROA	127	PROA	312	4.210891
PROA	127	PROA	313	2.075143
PROA	127	PROA	316	1.908060
PROA	128	PROA	129	2.390955
PROA	128	PROA	130	0.600751
PROA	128	PROA	131	1.809524
PROA	128	PROA	132	3.863570
PROA	128	PROA	133	0.050063
PROA	128	PROA	160	0.174964
PROA	128	PROA	161	1.644879
PROA	128	PROA	162	0.503953
PROA	128	PROA	316	4.095238
PROA	129	PROA	130	2.051957
PROA	129	PROA	131	0.536745
PROA	129	PROA	132	2.765863
PROA	129	PROA	133	1.795462
PROA	129	PROA	134	0.051299
PROA	129	PROA	157	3.385729
PROA	129	PROA	158	0.119523
PROA	129	PROA	161	2.022600
PROA	129	PROA	162	0.258199
PROA	129	PROA	163	2.872739
PROA	129	PROA	221	0.596559
PROA	130	PROA	131	2.302880
PROA	130	PROA	132	0.778981
PROA	130	PROA	133	2.052632
PROA	130	PROA	134	3.578947
PROA	130	PROA	135	0.046829
PROA	130	PROA	214	1.032371
PROA	130	PROA	218	3.263158
PROA	130	PROA	221	0.834622
PROA	130	PROA	289	1.368421
PROA	130	PROA	293	1.001547
PROA	130	PROA	312	1.201503
PROA	130	PROA	313	1.789474
PROA	131	PROA	132	2.752132
PROA	131	PROA	133	0.500626
PROA	131	PROA	134	1.251565
PROA	131	PROA	135	2.271721
PROA	131	PROA	136	0.082479
PROA	131	PROA	308	2.653319
PROA	131	PROA	313	3.304133
PROA	131	PROA	316	2.666667
PROA	131	PROA	317	1.380952
PROA	131	PROA	318	1.133893
PROA	132	PROA	133	2.392584
PROA	132	PROA	134	0.556415
PROA	132	PROA	135	1.039655
PROA	132	PROA	136	0.916698
PROA	132	PROA	137	0.055641
PROA	132	PROA	161	0.731272
PROA	132	PROA	162	0.910182
PROA	132	PROA	163	4.061829
PROA	133	PROA	134	2.210526
PROA	133	PROA	135	0.421464
PROA	133	PROA	136	0.953821
PROA	133	PROA	137	2.052632
PROA	133	PROA	150	0.368421
PROA	133	PROA	155	2.473684
PROA	133	PROA	163	2.421053
PROA	133	PROA	165	0.105263
PROA	133	PROA	214	1.720618
PROA	133	PROA	217	0.473684
PROA	133	PROA	221	0.834622
PROA	134	PROA	135	1.920001
PROA	134	PROA	136	0.780399
PROA	134	PROA	137	1.526316
PROA	134	PROA	138	0.440204
PROA	134	PROA	211	0.684211
PROA	134	PROA	214	1.835326
PROA	134	PROA	289	0.894737
PROA	134	PROA	293	0.667698
PROA	134	PROA	304	2.007388
PROA	134	PROA	307	2.611715
PROA	134	PROA	308	2.421053
PROA	134	PROA	313	0.947368
PROA	135	PROA	136	3.086067
PROA	135	PROA	137	0.374634
PROA	135	PROA	138	0.696311
PROA	135	PROA	139	0.267261
PROA	135	PROA	304	0.102062
PROA	135	PROA	308	2.762928
PROA	135	PROA	318	0.058926
PROA	135	PROA	321	1.178511
PROA	135	PROA	322	0.737865
PROA	135	PROA	323	5.291784
PROA	136	PROA	137	2.774752
PROA	136	PROA	138	1.128152
PROA	136	PROA	139	2.061965
PROA	136	PROA	140	1.300665
PROA	136	PROA	165	0.433555
PROA	136	PROA	323	0.303046
PROA	137	PROA	138	1.809729
PROA	137	PROA	139	0.600751
PROA	137	PROA	140	2.736842
PROA	137	PROA	141	2.503867
PROA	137	PROA	142	0.069171
PROA	137	PROA	147	0.111283
PROA	137	PROA	150	1.368421
PROA	137	PROA	165	0.526316
PROA	137	PROA	210	0.993399
PROA	137	PROA	211	2.105263
PROA	137	PROA	214	1.319140
PROA	137	PROA	304	0.688247
PROA	138	PROA	139	2.186638
PROA	138	PROA	140	0.782586
PROA	138	PROA	141	1.241010
PROA	138	PROA	142	1.607061
PROA	138	PROA	143	0.067420
PROA	138	PROA	304	2.132007
PROA	138	PROA	305	2.146879
PROA	138	PROA	308	0.195646
PROA	138	PROA	322	1.816590
PROA	138	PROA	323	4.216541
PROA	138	PROA	324	1.858641
PROA	139	PROA	140	2.953694
PROA	139	PROA	141	0.370479
PROA	139	PROA	142	1.447494
PROA	139	PROA	143	0.897085
PROA	139	PROA	323	2.274526
PROA	139	PROA	324	1.151440
PROA	139	PROA	325	3.795361
PROA	140	PROA	141	3.115923
PROA	140	PROA	142	0.830057
PROA	140	PROA	143	1.813691
PROA	140	PROA	144	0.367884
PROA	140	PROA	145	2.408865
PROA	140	PROA	146	0.105263
PROA	140	PROA	147	1.057188
PROA	140	PROA	165	1.263158
PROA	140	PROA	168	0.820783
PROA	141	PROA	142	2.778835
PROA	141	PROA	143	1.073751
PROA	141	PROA	144	0.713024
PROA	141	PROA	145	0.303170
PROA	141	PROA	207	3.154235
PROA	141	PROA	208	0.073127
PROA	141	PROA	210	0.490098
PROA	141	PROA	211	1.724886
PROA	141	PROA	304	1.030776
PROA	142	PROA	143	3.623158
PROA	142	PROA	144	0.886405
PROA	142	PROA	323	0.161165
PROA	142	PROA	324	2.005972
PROA	142	PROA	325	3.337119
PROA	142	PROA	327	0.095346
PROA	142	PROA	328	0.725241
PROA	143	PROA	144	3.127071
PROA	143	PROA	145	2.846050
PROA	143	PROA	173	0.079057
PROA	143	PROA	325	3.300000
PROA	143	PROA	327	0.300000
PROA	143	PROA	328	2.535463
PROA	143	PROA	329	1.909188
PROA	144	PROA	145	2.939874
PROA	144	PROA	146	0.367884
PROA	144	PROA	172	0.054554
PROA	144	PROA	173	2.672612
PROA	144	PROA	174	3.296102
PROA	144	PROA	207	1.139606
PROA	144	PROA	328	1.928571
PROA	144	PROA	329	0.298807
PROA	145	PROA	146	3.728006
PROA	145	PROA	147	0.848875
PROA	145	PROA	168	0.223607
PROA	145	PROA	171	0.474342
PROA	145	PROA	172	0.765466
PROA	145	PROA	173	2.500000
PROA	145	PROA	174	0.711512
PROA	145	PROA	329	1.732953
PROA	145	PROA	331	0.055902
PROA	146	PROA	147	2.058735
PROA	146	PROA	148	3.840002
PROA	146	PROA	171	0.870572
PROA	146	PROA	172	1.264391
PROA	146	PROA	173	0.458831
PROA	146	PROA	174	3.845024
PROA	146	PROA	175	0.529813
PROA	146	PROA	185	0.061314
PROA	146	PROA	207	0.782586
PROA	146	PROA	210	0.331133
PROA	147	PROA	148	2.722906
PROA	147	PROA	149	0.070014
PROA	147	PROA	150	1.947452
PROA	147	PROA	154	1.879791
PROA	147	PROA	165	1.446679
PROA	147	PROA	166	0.658145
PROA	147	PROA	167	1.120224
PROA	147	PROA	168	2.820096
PROA	147	PROA	170	0.222566
PROA	147	PROA	171	2.147502
PROA	147	PROA	172	0.049507
PROA	147	PROA	210	0.140028
PROA	148	PROA	149	2.592725
PROA	148	PROA	150	0.468293
PROA	148	PROA	154	0.218218
PROA	148	PROA	170	1.826342
PROA	148	PROA	171	0.903696
PROA	148	PROA	172	1.833333
PROA	148	PROA	173	0.051031
PROA	148	PROA	174	0.193649
PROA	148	PROA	175	0.648181
PROA	148	PROA	178	0.198030
PROA	148	PROA	185	0.436436
PROA	148	PROA	186	0.632456
PROA	148	PROA	188	0.459279
PROA	148	PROA	210	0.117851
PROA	149	PROA	150	2.582838
PROA	149	PROA	151	4.308202
PROA	149	PROA	154	1.002972
PROA	149	PROA	170	0.993399
PROA	149	PROA	188	4.546633
PROA	149	PROA	189	0.273861
PROA	149	PROA	190	0.540062
PROA	150	PROA	151	3.228166
PROA	150	PROA	154	1.655476
PROA	150	PROA	155	0.578947
PROA	150	PROA	165	0.210526
PROA	150	PROA	193	0.300376
PROA	150	PROA	210	1.523212
PROA	150	PROA	213	2.559344
PROA	150	PROA	214	1.147079
PROA	150	PROA	217	2.000000
PROA	151	PROA	152	3.646738
PROA	151	PROA	153	2.699862
PROA	151	PROA	154	4.102581
PROA	151	PROA	155	0.586939
PROA	151	PROA	167	0.123091
PROA	151	PROA	190	1.196586
PROA	151	PROA	193	1.163105
PROA	151	PROA	213	0.064282
PROA	151	PROA	217	0.978232
PROA	152	PROA	153	3.062127
PROA	152	PROA	154	0.785714
PROA	152	PROA	155	2.513871
PROA	152	PROA	193	1.807957
PROA	152	PROA	217	3.188325
PROA	152	PROA	220	0.966092
PROA	153	PROA	154	3.303874
PROA	153	PROA	155	0.899229
PROA	153	PROA	156	0.138343
PROA	153	PROA	166	0.272727
PROA	154	PROA	155	3.678836
PROA	154	PROA	156	0.367884
PROA	154	PROA	164	0.170941
PROA	154	PROA	165	1.042337
PROA	154	PROA	166	3.303874
PROA	154	PROA	167	1.851640
PROA	155	PROA	156	2.421053
PROA	155	PROA	157	0.578947
PROA	155	PROA	163	1.789474
PROA	155	PROA	164	0.489116
PROA	155	PROA	165	1.421053
PROA	155	PROA	166	0.553372
PROA	155	PROA	217	0.736842
PROA	156	PROA	157	3.210526
PROA	156	PROA	162	0.066227
PROA	156	PROA	163	0.684211
PROA	156	PROA	164	2.739050
PROA	156	PROA	165	0.157895
PROA	156	PROA	166	2.351829
PROA	157	PROA	158	3.494894
PROA	157	PROA	161	0.207514
PROA	157	PROA	162	0.993399
PROA	157	PROA	163	2.578947
PROA	157	PROA	164	0.195646
PROA	158	PROA	159	3.357143
PROA	158	PROA	160	2.071429
PROA	158	PROA	161	2.256304
PROA	158	PROA	162	4.243342
PROA	158	PROA	163	0.061314
PROA	159	PROA	160	3.357143
PROA	159	PROA	161	1.208734
PROA	160	PROA	161	3.867950
PROA	160	PROA	162	2.931764
PROA	161	PROA	162	3.568592
PROA	161	PROA	163	0.276686
PROA	162	PROA	163	3.046424
PROA	162	PROA	164	0.430820
PROA	163	PROA	164	3.864016
PROA	163	PROA	165	0.894737
PROA	164	PROA	165	2.445580
PROA	164	PROA	166	0.385695
PROA	165	PROA	166	3.873601
PROA	165	PROA	168	1.949359
PROA	166	PROA	167	4.526019
PROA	166	PROA	168	1.280980
PROA	167	PROA	168	4.066633
PROA	167	PROA	169	1.418416
PROA	167	PROA	170	0.066227
PROA	167	PROA	171	0.091287
PROA	168	PROA	169	2.789009
PROA	168	PROA	170	0.512989
PROA	168	PROA	171	3.818377
PROA	169	PROA	170	3.555151
PROA	169	PROA	171	1.314751
PROA	170	PROA	171	3.337191
PROA	170	PROA	172	0.561951
PROA	170	PROA	186	0.059235
PROA	170	PROA	188	0.516185
PROA	171	PROA	172	3.227486
PROA	171	PROA	331	0.353553
PROA	172	PROA	173	2.806707
PROA	172	PROA	174	0.322749
PROA	172	PROA	186	0.105409
PROA	172	PROA	331	0.821584
PROA	172	PROA	334	1.212206
PROA	172	PROA	336	1.237437
PROA	173	PROA	174	4.585303
PROA	173	PROA	175	0.505181
PROA	173	PROA	329	1.118034
PROA	173	PROA	330	0.639602
PROA	173	PROA	331	1.341641
PROA	174	PROA	175	4.016632
PROA	174	PROA	176	0.253546
PROA	174	PROA	207	1.011300
PROA	175	PROA	176	4.397645
PROA	175	PROA	177	0.916667
PROA	175	PROA	178	3.500700
PROA	175	PROA	205	0.125988
PROA	176	PROA	177	4.397645
PROA	176	PROA	178	0.583383
PROA	176	PROA	203	0.113961
PROA	176	PROA	204	1.212183
PROA	176	PROA	205	1.458030
PROA	177	PROA	178	2.940588
PROA	177	PROA	185	0.308607
PROA	177	PROA	202	0.609272
PROA	177	PROA	203	3.754290
PROA	177	PROA	204	2.727724
PROA	177	PROA	205	1.763834
PROA	178	PROA	185	3.241019
PROA	178	PROA	203	0.051709
PROA	178	PROA	205	1.164363
PROA	185	PROA	186	4.278406
PROA	185	PROA	198	2.268616
PROA	185	PROA	205	2.974380
PROA	185	PROA	209	0.122628
PROA	185	PROB	71	1.091089
PROA	186	PROA	187	2.253745
PROA	186	PROA	188	0.710047
PROA	186	PROA	198	0.059235
PROA	186	PROB	71	0.210819
PROA	187	PROA	188	2.618615
PROA	187	PROA	189	0.207020
PROA	187	PROA	194	3.118048
PROA	187	PROA	198	1.602004
PROA	187	PROA	199	0.740959
PROA	187	PROA	233	0.666667
PROA	187	PROB	68	2.760837
PROA	187	PROB	69	1.852317
PROA	187	PROB	71	3.429853
PROA	188	PROA	189	3.320392
PROA	188	PROA	190	2.338536
PROA	188	PROA	191	0.255155
PROA	188	PROA	194	1.939179
PROA	189	PROA	190	3.887710
PROA	189	PROA	191	1.871942
PROA	189	PROA	194	0.258199
PROA	190	PROA	191	3.436932
PROA	190	PROA	192	2.236733
PROA	190	PROA	193	2.332847
PROA	190	PROA	194	0.763763
PROA	191	PROA	192	1.916667
PROA	191	PROA	193	0.489979
PROA	191	PROA	194	3.791667
PROA	191	PROA	230	0.617213
PROA	191	PROA	231	1.827815
PROA	191	PROA	232	0.297044
PROA	191	PROA	236	1.287192
PROA	191	PROB	68	0.158114
PROA	192	PROA	193	4.008919
PROA	192	PROA	194	0.416667
PROA	192	PROA	216	0.123091
PROA	192	PROA	226	2.400397
PROA	192	PROA	228	0.958514
PROA	192	PROA	229	1.145644
PROA	192	PROA	230	1.080123
PROA	192	PROA	231	0.130558
PROA	192	PROA	236	1.386207
PROA	193	PROA	194	1.737198
PROA	193	PROA	195	0.276026
PROA	193	PROA	212	0.222718
PROA	193	PROA	213	1.447494
PROA	193	PROA	216	1.908060
PROA	193	PROA	217	1.501879
PROA	193	PROA	220	0.845154
PROA	193	PROA	226	0.116642
PROA	193	PROA	228	0.048795
PROA	193	PROA	236	0.105851
PROA	194	PROA	195	2.969287
PROA	194	PROA	196	0.272772
PROA	194	PROA	198	2.107318
PROA	194	PROA	199	1.930788
PROA	194	PROA	212	0.541667
PROA	194	PROA	228	0.136931
PROA	194	PROA	233	0.044544
PROA	194	PROA	236	1.336699
PROA	194	PROA	240	0.280976
PROA	194	PROB	68	0.105409
PROA	195	PROA	196	5.408987
PROA	195	PROA	197	2.449490
PROA	195	PROA	198	3.772477
PROA	195	PROA	199	1.073751
PROA	195	PROA	209	2.756810
PROA	195	PROA	212	2.259240
PROA	195	PROA	240	0.290191
PROA	195	PROA	301	0.516398
PROA	196	PROA	197	4.347413
PROA	196	PROA	198	0.735767
PROA	196	PROA	199	2.009432
PROA	196	PROA	200	2.513871
PROA	196	PROA	201	0.071429
PROA	196	PROA	212	2.291288
PROA	196	PROA	237	1.594162
PROA	196	PROA	240	2.759127
PROA	196	PROA	296	2.270934
PROA	196	PROA	298	0.071429
PROA	196	PROA	301	1.036535
PROA	197	PROA	198	3.791033
PROA	197	PROA	199	0.876714
PROA	197	PROA	200	2.724805
PROA	197	PROA	201	2.898275
PROA	197	PROA	205	1.183216
PROA	197	PROA	206	0.276026
PROA	197	PROA	208	0.155700
PROA	197	PROA	209	2.132456
PROA	197	PROA	296	0.057735
PROA	197	PROA	298	1.311125
PROA	197	PROA	301	1.633843
PROA	197	PROB	71	0.052705
PROA	198	PROA	199	3.227206
PROA	198	PROA	200	0.578947
PROA	198	PROA	201	0.613139
PROA	198	PROA	205	1.301628
PROA	198	PROA	209	2.210526
PROA	198	PROA	233	0.050063
PROA	198	PROB	71	1.639025
PROA	199	PROA	200	3.060282
PROA	199	PROA	201	0.453743
PROA	199	PROA	233	3.916495
PROA	199	PROA	236	1.294118
PROA	199	PROA	237	3.672338
PROA	199	PROA	240	0.612056
PROA	199	PROB	71	1.485221
PROA	199	PROB	73	0.064820
PROA	200	PROA	201	3.985406
PROA	200	PROA	233	0.250313
PROA	200	PROA	237	2.000000
PROA	200	PROA	255	2.736842
PROA	200	PROA	257	0.981023
PROA	200	PROA	260	2.321524
PROA	200	PROA	264	1.526316
PROA	200	PROA	296	0.872082
PROA	200	PROB	71	0.936586
PROA	200	PROB	73	0.490511
PROA	201	PROA	202	3.384456
PROA	201	PROA	203	1.082625
PROA	201	PROA	205	1.516351
PROA	201	PROA	255	1.778104
PROA	201	PROA	256	2.881755
PROA	201	PROA	257	2.642857
PROA	201	PROA	260	0.084515
PROA	201	PROB	71	1.582080
PROA	202	PROA	203	3.021274
PROA	202	PROA	205	1.118518
PROA	202	PROA	256	0.069171
PROA	202	PROA	257	0.161165
PROA	202	PROB	69	0.069171
PROA	202	PROB	70	0.454545
PROA	202	PROB	71	2.154101
PROA	203	PROA	204	4.029115
PROA	203	PROA	205	2.000541
PROA	203	PROA	256	2.885784
PROA	204	PROA	205	2.886751
PROA	204	PROA	206	0.606092
PROA	204	PROA	256	1.994353
PROA	205	PROA	206	3.615913
PROA	205	PROA	209	1.602004
PROA	205	PROB	71	0.668153
PROA	206	PROA	207	2.735054
PROA	206	PROA	208	3.867950
PROA	206	PROA	209	2.023360
PROA	206	PROA	298	1.500000
PROA	206	PROA	299	0.064820
PROA	206	PROA	301	0.218218
PROA	207	PROA	208	2.507015
PROA	207	PROA	209	0.782586
PROA	207	PROA	210	0.553912
PROA	207	PROA	211	0.391293
PROA	208	PROA	209	3.181887
PROA	208	PROA	210	0.696311
PROA	208	PROA	211	2.144315
PROA	208	PROA	212	0.615457
PROA	208	PROA	298	1.692228
PROA	208	PROA	301	3.200379
PROA	209	PROA	210	2.913971
PROA	209	PROA	211	0.789474
PROA	209	PROA	212	1.264391
PROA	209	PROA	213	0.622543
PROA	209	PROA	298	0.061314
PROA	209	PROA	301	1.170732
PROA	210	PROA	211	3.510011
PROA	210	PROA	212	0.824958
PROA	210	PROA	213	2.785242
PROA	210	PROA	214	1.082532
PROA	211	PROA	212	1.826342
PROA	211	PROA	213	0.899229
PROA	211	PROA	214	3.326528
PROA	211	PROA	215	0.693688
PROA	211	PROA	293	1.391037
PROA	211	PROA	301	0.093659
PROA	211	PROA	302	0.631579
PROA	211	PROA	303	0.059235
PROA	211	PROA	304	2.236803
PROA	212	PROA	213	2.831104
PROA	212	PROA	214	0.765466
PROA	212	PROA	215	1.311578
PROA	212	PROA	216	1.846372
PROA	212	PROA	217	0.046829
PROA	212	PROA	228	1.551881
PROA	212	PROA	240	2.107318
PROA	212	PROA	244	0.936586
PROA	212	PROA	293	0.742611
PROA	212	PROA	294	2.388294
PROA	212	PROA	295	1.036535
PROA	212	PROA	296	0.821584
PROA	212	PROA	301	2.041667
PROA	213	PROA	214	3.693514
PROA	213	PROA	215	1.025645
PROA	213	PROA	216	3.454545
PROA	213	PROA	217	2.974372
PROA	213	PROA	218	0.069171
PROA	214	PROA	215	3.685154
PROA	214	PROA	216	0.829156
PROA	214	PROA	217	1.605910
PROA	214	PROA	218	1.204433
PROA	214	PROA	219	0.079057
PROA	214	PROA	293	1.758383
PROA	215	PROA	216	3.760699
PROA	215	PROA	217	0.953821
PROA	215	PROA	218	2.254486
PROA	215	PROA	219	1.912366
PROA	215	PROA	220	0.097590
PROA	215	PROA	227	0.173422
PROA	215	PROA	290	1.907642
PROA	215	PROA	293	3.300115
PROA	215	PROA	294	4.075417
PROA	216	PROA	217	2.974372
PROA	216	PROA	218	0.622543
PROA	216	PROA	219	1.811579
PROA	216	PROA	220	0.934199
PROA	216	PROA	227	1.936800
PROA	216	PROA	228	0.606780
PROA	216	PROA	294	2.005972
PROA	217	PROA	218	2.157895
PROA	217	PROA	219	0.943119
PROA	217	PROA	220	1.777047
PROA	217	PROA	221	2.170018
PROA	217	PROA	222	0.052632
PROA	218	PROA	219	3.264643
PROA	218	PROA	220	0.710819
PROA	218	PROA	221	2.782074
PROA	218	PROA	222	3.789474
PROA	218	PROA	223	0.069171
PROA	218	PROA	286	1.015667
PROA	218	PROA	289	0.526316
PROA	218	PROA	290	3.473684
PROA	218	PROA	293	1.836169
PROA	218	PROA	312	0.300376
PROA	219	PROA	220	3.184337
PROA	219	PROA	221	0.766965
PROA	219	PROA	222	2.829357
PROA	219	PROA	223	1.716233
PROA	219	PROA	224	0.084515
PROA	219	PROA	225	0.064550
PROA	219	PROA	227	3.047000
PROA	219	PROA	279	1.979899
PROA	219	PROA	290	2.466619
PROA	219	PROA	294	0.652929
PROA	220	PROA	221	2.818009
PROA	220	PROA	222	0.533114
PROA	220	PROA	223	1.790548
PROA	220	PROA	224	1.449138
PROA	220	PROA	225	2.319004
PROA	220	PROA	226	1.587151
PROA	220	PROA	227	0.533114
PROA	221	PROA	222	2.058735
PROA	221	PROA	223	0.731272
PROA	221	PROA	224	0.648204
PROA	222	PROA	223	3.320229
PROA	222	PROA	224	0.367884
PROA	222	PROA	279	1.795462
PROA	222	PROA	282	2.031334
PROA	222	PROA	283	0.264906
PROA	222	PROA	286	1.886238
PROA	222	PROA	287	0.473684
PROA	222	PROA	290	1.210526
PROA	222	PROA	312	0.100125
PROA	223	PROA	224	3.948533
PROA	223	PROA	225	2.338738
PROA	223	PROA	227	0.138343
PROA	223	PROA	279	2.090020
PROA	224	PROA	225	2.454951
PROA	225	PROA	226	4.255249
PROA	225	PROA	227	0.280976
PROA	225	PROA	278	0.046829
PROA	226	PROA	227	2.329929
PROA	226	PROA	228	1.254990
PROA	226	PROA	229	2.642857
PROA	227	PROA	228	4.360408
PROA	227	PROA	229	0.674453
PROA	227	PROA	239	0.055641
PROA	227	PROA	243	1.263158
PROA	227	PROA	278	1.473684
PROA	227	PROA	279	0.923381
PROA	227	PROA	294	0.578947
PROA	228	PROA	229	3.585686
PROA	228	PROA	230	0.929670
PROA	228	PROA	236	2.223537
PROA	228	PROA	239	1.952374
PROA	228	PROA	240	2.616245
PROA	228	PROA	243	1.846761
PROA	228	PROA	244	0.205196
PROA	228	PROA	294	0.769484
PROA	229	PROA	230	3.939595
PROA	229	PROA	231	0.170941
PROA	229	PROA	236	0.583383
PROA	229	PROA	239	2.592815
PROA	230	PROA	231	2.900963
PROA	230	PROA	232	0.916698
PROA	230	PROA	235	0.654654
PROA	230	PROA	236	4.583492
PROA	230	PROA	239	1.466718
PROA	231	PROA	232	3.878158
PROA	231	PROA	233	0.046524
PROA	231	PROA	235	0.123091
PROA	231	PROA	236	0.155126
PROA	232	PROA	233	1.958248
PROA	232	PROA	234	0.556415
PROA	232	PROA	235	3.080616
PROA	232	PROA	236	1.235294
PROA	232	PROA	237	0.055641
PROA	233	PROA	234	3.904884
PROA	233	PROA	235	0.818923
PROA	233	PROA	236	0.793884
PROA	233	PROA	237	1.702129
PROA	233	PROA	238	0.058321
PROA	233	PROB	67	0.048795
PROA	233	PROB	68	2.873524
PROA	233	PROB	71	1.469937
PROA	233	PROB	72	0.356348
PROA	233	PROB	73	1.807957
PROA	233	PROB	76	1.301628
PROA	234	PROA	235	2.715291
PROA	234	PROA	236	0.389490
PROA	234	PROA	237	2.315789
PROA	234	PROA	238	1.042337
PROA	234	PROA	239	0.055641
PROA	234	PROA	263	0.650814
PROA	234	PROB	73	1.716790
PROA	234	PROB	76	2.789474
PROA	234	PROB	77	2.513871
PROA	234	PROB	80	2.007388
PROA	235	PROA	236	2.730546
PROA	235	PROA	237	0.860946
PROA	235	PROA	238	2.391702
PROA	235	PROA	239	1.750350
PROA	235	PROA	240	0.066227
PROA	236	PROA	237	2.281301
PROA	236	PROA	238	0.842665
PROA	236	PROA	239	2.882353
PROA	236	PROA	240	1.557962
PROA	236	PROA	241	0.055641
PROA	237	PROA	238	2.575185
PROA	237	PROA	239	0.778981
PROA	237	PROA	240	2.684211
PROA	237	PROA	241	1.736842
PROA	237	PROA	242	0.086711
PROA	237	PROA	263	0.300376
PROA	237	PROA	264	0.157895
PROA	237	PROA	296	0.102598
PROA	237	PROB	73	0.490511
PROA	238	PROA	239	2.527995
PROA	238	PROA	240	0.674453
PROA	238	PROA	241	1.716790
PROA	238	PROA	242	0.909137
PROA	238	PROA	243	0.061314
PROA	238	PROA	270	0.911685
PROA	239	PROA	240	2.281301
PROA	239	PROA	241	0.389490
PROA	239	PROA	242	1.375048
PROA	239	PROA	243	1.279754
PROA	239	PROA	244	0.055641
PROA	240	PROA	241	3.000000
PROA	240	PROA	242	1.213954
PROA	240	PROA	243	1.315789
PROA	240	PROA	244	2.000000
PROA	240	PROA	245	0.260133
PROA	240	PROA	296	1.385071
PROA	241	PROA	242	2.861463
PROA	241	PROA	243	0.421053
PROA	241	PROA	244	0.473684
PROA	241	PROA	245	2.167775
PROA	241	PROA	246	1.660115
PROA	241	PROA	247	1.410220
PROA	241	PROA	263	0.100125
PROA	241	PROA	264	2.052632
PROA	241	PROA	267	0.789474
PROA	241	PROA	270	2.298845
PROA	241	PROA	296	1.077277
PROA	242	PROA	243	3.468440
PROA	242	PROA	244	0.606977
PROA	242	PROA	245	1.857143
PROA	242	PROA	270	1.047570
PROA	242	PROA	271	0.404061
PROA	242	PROA	272	0.322329
PROA	242	PROA	273	0.755929
PROA	243	PROA	244	3.789474
PROA	243	PROA	245	0.867110
PROA	243	PROA	272	0.440204
PROA	243	PROA	273	2.351511
PROA	243	PROA	275	0.093659
PROA	243	PROA	278	2.105263
PROA	243	PROA	294	0.105263
PROA	244	PROA	245	3.555151
PROA	244	PROA	246	0.138343
PROA	244	PROA	272	1.027144
PROA	244	PROA	273	0.114708
PROA	244	PROA	275	0.608781
PROA	244	PROA	294	1.631579
PROA	244	PROA	295	0.797081
PROA	244	PROA	296	2.154555
PROA	245	PROA	246	3.988620
PROA	245	PROA	247	0.404061
PROA	245	PROA	270	1.369899
PROA	245	PROA	271	1.616244
PROA	245	PROA	272	2.900963
PROA	245	PROA	273	0.188982
PROA	246	PROA	247	5.157267
PROA	246	PROA	248	0.363636
PROA	246	PROA	268	0.080582
PROA	246	PROA	269	2.340072
PROA	246	PROA	270	3.728381
PROA	246	PROA	271	0.161165
PROA	247	PROA	248	3.867950
PROA	247	PROA	249	0.259281
PROA	247	PROA	251	2.160247
PROA	247	PROA	252	3.617522
PROA	247	PROA	255	0.122628
PROA	247	PROA	264	0.981023
PROA	247	PROA	296	0.717137
PROA	248	PROA	249	3.071344
PROA	248	PROA	250	1.634848
PROA	248	PROA	251	4.351941
PROA	248	PROA	252	1.106743
PROA	248	PROA	253	0.080582
PROA	248	PROA	300	0.514259
PROA	249	PROA	250	2.504897
PROA	249	PROA	251	0.630126
PROA	249	PROA	252	3.115923
PROA	249	PROA	253	1.685330
PROA	249	PROA	254	0.073127
PROA	249	PROA	265	0.278207
PROA	250	PROA	251	4.173994
PROA	250	PROA	252	1.006993
PROA	250	PROA	253	1.173111
PROA	250	PROA	254	1.167748
PROA	250	PROA	297	0.828079
PROA	250	PROA	300	2.146879
PROA	251	PROA	252	2.715291
PROA	251	PROA	253	0.771517
PROA	251	PROA	254	2.175971
PROA	251	PROA	255	0.662266
PROA	251	PROA	296	0.839146
PROA	251	PROA	297	3.780432
PROA	251	PROA	300	1.969464
PROA	252	PROA	253	4.537231
PROA	252	PROA	254	0.830057
PROA	252	PROA	255	1.421053
PROA	252	PROA	261	1.264391
PROA	252	PROA	264	1.315789
PROA	252	PROA	265	2.736842
PROA	252	PROA	296	0.051299
PROA	253	PROA	254	3.062127
PROA	253	PROA	255	0.858395
PROA	253	PROA	261	2.182179
PROA	253	PROA	265	0.061314
PROA	254	PROA	255	3.804430
PROA	254	PROA	256	0.553372
PROA	254	PROA	297	1.047570
PROA	254	PROA	298	0.483494
PROA	254	PROA	299	0.585018
PROA	255	PROA	256	2.789474
PROA	255	PROA	257	2.391243
PROA	255	PROA	258	0.052632
PROA	255	PROA	260	0.507833
PROA	255	PROA	261	1.358049
PROA	255	PROA	264	1.000000
PROA	255	PROA	296	0.718185
PROA	256	PROA	257	2.759127
PROA	256	PROA	258	0.263158
PROA	257	PROA	258	2.268616
PROA	257	PROA	259	1.082625
PROA	257	PROA	260	4.986410
PROA	257	PROA	261	0.818317
PROA	257	PROA	262	0.071429
PROA	257	PROB	71	0.872872
PROA	257	PROB	72	0.763763
PROA	257	PROB	73	0.214286
PROA	258	PROA	259	3.179254
PROA	258	PROA	260	0.652929
PROA	258	PROA	261	2.997075
PROA	258	PROA	262	2.636499
PROA	259	PROA	260	2.494539
PROA	259	PROA	261	0.652791
PROA	259	PROA	262	2.564113
PROA	259	PROA	263	0.511766
PROA	259	PROB	14	0.056980
PROA	259	PROB	16	1.424507
PROA	259	PROB	19	1.969464
PROA	259	PROB	72	3.089878
PROA	259	PROB	73	0.056980
PROA	259	PROB	74	0.430820
PROA	260	PROA	261	2.323790
PROA	260	PROA	262	0.929670
PROA	260	PROA	263	1.725164
PROA	260	PROA	264	1.015667
PROA	260	PROB	71	0.193649
PROA	260	PROB	72	0.258199
PROA	260	PROB	73	3.465132
PROA	260	PROB	74	0.091287
PROA	261	PROA	262	4.255249
PROA	261	PROA	263	0.489979
PROA	261	PROA	264	1.779513
PROA	261	PROA	265	2.107318
PROA	261	PROA	266	0.061546
PROA	262	PROA	263	2.099563
PROA	262	PROA	264	0.735767
PROA	262	PROA	265	1.471534
PROA	262	PROA	266	1.611646
PROA	263	PROA	264	3.854822
PROA	263	PROA	265	0.350438
PROA	263	PROA	266	1.908060
PROA	263	PROA	267	2.052567
PROA	263	PROB	73	2.507811
PROA	263	PROB	74	2.456769
PROA	263	PROB	77	2.157884
PROA	264	PROA	265	1.894737
PROA	264	PROA	266	0.968400
PROA	264	PROA	267	2.473684
PROA	264	PROA	296	0.359092
PROA	264	PROB	73	0.061314
PROA	265	PROA	266	3.320229
PROA	265	PROA	267	0.842105
PROA	266	PROA	267	3.320229
PROA	266	PROA	268	0.483494
PROA	267	PROA	268	3.924092
PROA	267	PROA	269	0.333849
PROA	267	PROA	270	0.782586
PROA	268	PROA	269	2.333533
PROA	268	PROA	270	0.512823
PROA	269	PROA	270	2.275186
PROA	269	PROA	271	0.259281
PROA	270	PROA	271	2.450152
PROA	270	PROA	272	0.181818
PROA	271	PROA	272	2.393172
PROA	271	PROA	273	0.267261
PROA	272	PROA	273	3.038110
PROA	272	PROA	274	0.911685
PROA	273	PROA	274	4.543441
PROA	273	PROA	275	0.306186
PROA	273	PROA	277	0.357217
PROA	273	PROA	278	2.982405
PROA	274	PROA	275	1.745743
PROA	274	PROA	276	0.928571
PROA	274	PROA	277	3.546041
PROA	274	PROA	278	1.042337
PROA	274	PROA	279	0.059761
PROA	275	PROA	276	2.836833
PROA	275	PROA	277	0.500000
PROA	275	PROA	278	2.716099
PROA	275	PROA	279	1.734455
PROA	275	PROA	287	2.294635
PROA	275	PROA	290	1.732684
PROA	275	PROA	291	3.299832
PROA	275	PROA	294	1.170732
PROA	276	PROA	277	3.818813
PROA	276	PROA	278	0.674453
PROA	276	PROA	279	1.254990
PROA	276	PROA	280	0.500000
PROA	276	PROA	284	0.241747
PROA	276	PROA	287	1.839418
PROA	277	PROA	278	1.873172
PROA	277	PROA	279	0.639010
PROA	277	PROA	280	0.709208
PROA	278	PROA	279	4.309109
PROA	278	PROA	280	0.674453
PROA	278	PROA	287	0.052632
PROA	279	PROA	280	2.868549
PROA	279	PROA	281	0.537853
PROA	279	PROA	282	2.899138
PROA	279	PROA	287	2.462348
PROA	279	PROA	290	1.385071
PROA	280	PROA	281	4.571429
PROA	280	PROA	282	0.591608
PROA	281	PROA	282	3.549648
PROA	281	PROA	283	0.308607
PROA	282	PROA	283	4.199206
PROA	282	PROA	284	0.572078
PROA	282	PROA	286	0.500000
PROA	282	PROA	287	3.119548
PROA	283	PROA	284	3.655631
PROA	283	PROA	285	3.569653
PROA	283	PROA	286	3.925345
PROA	283	PROA	287	1.324532
PROA	283	PROA	312	0.881917
PROA	284	PROA	285	3.278404
PROA	284	PROA	286	0.953463
PROA	284	PROA	287	2.144315
PROA	284	PROA	288	0.957427
PROA	285	PROA	286	2.494539
PROA	285	PROA	287	0.489116
PROA	285	PROA	288	1.415552
PROA	285	PROA	289	0.440204
PROA	285	PROA	290	0.048912
PROA	285	PROA	310	0.051709
PROA	285	PROA	311	1.082625
PROA	285	PROA	312	3.210171
PROA	286	PROA	287	3.337191
PROA	286	PROA	288	1.186732
PROA	286	PROA	289	1.378405
PROA	286	PROA	290	1.305857
PROA	286	PROA	291	0.091287
PROA	286	PROA	312	3.726354
PROA	287	PROA	288	2.384158
PROA	287	PROA	289	0.526316
PROA	287	PROA	290	3.368421
PROA	287	PROA	291	0.993399
PROA	287	PROA	292	0.048912
PROA	288	PROA	289	2.847745
PROA	288	PROA	290	0.728493
PROA	288	PROA	291	1.666667
PROA	288	PROA	292	3.015742
PROA	288	PROA	310	1.680336
PROA	288	PROA	311	0.154303
PROA	289	PROA	290	2.157895
PROA	289	PROA	291	0.662266
PROA	289	PROA	292	1.369525
PROA	289	PROA	293	2.837716
PROA	289	PROA	302	1.842105
PROA	289	PROA	307	2.829357
PROA	289	PROA	310	4.451319
PROA	289	PROA	312	1.001252
PROA	289	PROA	313	1.157895
PROA	290	PROA	291	3.178878
PROA	290	PROA	292	0.586939
PROA	290	PROA	293	2.058735
PROA	290	PROA	294	3.157895
PROA	291	PROA	292	3.323470
PROA	291	PROA	293	0.700140
PROA	291	PROA	294	1.854345
PROA	291	PROA	295	0.925820
PROA	292	PROA	293	1.913224
PROA	292	PROA	294	0.489116
PROA	292	PROA	295	1.253566
PROA	292	PROA	301	0.478714
PROA	292	PROA	302	3.374900
PROA	292	PROA	310	1.551263
PROA	293	PROA	294	2.392584
PROA	293	PROA	295	0.842665
PROA	293	PROA	301	0.742611
PROA	293	PROA	302	2.225660
PROA	293	PROA	307	0.153393
PROA	294	PROA	295	2.636499
PROA	294	PROA	296	0.205196
PROA	295	PROA	296	2.749026
PROA	295	PROA	297	2.071429
PROA	295	PROA	300	2.393172
PROA	295	PROA	301	3.764259
PROA	295	PROA	302	0.061314
PROA	296	PROA	297	3.346640
PROA	296	PROA	298	0.537853
PROA	296	PROA	301	0.821584
PROA	297	PROA	298	4.428571
PROA	297	PROA	299	2.139072
PROA	297	PROA	300	4.957285
PROA	297	PROA	301	1.254753
PROA	298	PROA	299	4.213324
PROA	298	PROA	300	0.569803
PROA	298	PROA	301	4.582576
PROA	299	PROA	300	2.275186
PROA	299	PROA	301	0.594089
PROA	300	PROA	301	1.914854
PROA	300	PROA	302	0.195646
PROA	301	PROA	302	1.966830
PROA	301	PROA	303	0.316228
PROA	302	PROA	303	3.613328
PROA	302	PROA	304	0.286770
PROA	302	PROA	306	1.724886
PROA	302	PROA	307	4.135215
PROA	302	PROA	310	1.446679
PROA	303	PROA	304	2.646539
PROA	303	PROA	305	0.733333
PROA	303	PROA	306	2.129163
PROA	303	PROA	307	1.061446
PROA	304	PROA	305	2.904738
PROA	304	PROA	306	0.848875
PROA	304	PROA	307	2.529822
PROA	304	PROA	308	1.491202
PROA	304	PROA	309	0.079057
PROA	305	PROA	306	2.692764
PROA	305	PROA	307	0.898146
PROA	305	PROA	308	1.895516
PROA	305	PROA	309	0.816497
PROA	305	PROA	317	0.056344
PROA	305	PROA	322	0.066667
PROA	306	PROA	307	2.761074
PROA	306	PROA	308	0.667698
PROA	306	PROA	309	2.147502
PROA	306	PROA	310	0.823529
PROA	307	PROA	308	2.901905
PROA	307	PROA	309	1.000000
PROA	307	PROA	310	2.454288
PROA	307	PROA	313	0.725476
PROA	308	PROA	309	2.756810
PROA	308	PROA	310	0.723339
PROA	308	PROA	313	1.789474
PROA	308	PROA	317	1.301628
PROA	308	PROA	323	0.367884
PROA	309	PROA	310	3.221253
PROA	309	PROA	311	0.422577
PROA	309	PROA	313	0.072548
PROA	309	PROA	317	3.381321
PROA	310	PROA	311	4.407785
PROA	310	PROA	312	0.952661
PROA	310	PROA	313	1.168471
PROA	310	PROA	314	0.125245
PROA	311	PROA	312	2.332847
PROA	311	PROA	313	0.551825
PROA	311	PROA	314	1.173111
PROA	312	PROA	313	4.055072
PROA	312	PROA	314	0.507093
PROA	312	PROA	315	0.052926
PROA	313	PROA	314	2.013986
PROA	313	PROA	315	0.556415
PROA	313	PROA	316	1.451816
PROA	313	PROA	317	1.151440
PROA	314	PROA	315	4.759305
PROA	314	PROA	316	0.563436
PROA	314	PROA	317	1.014185
PROA	315	PROA	316	3.228462
PROA	315	PROA	317	0.317554
PROA	316	PROA	317	2.000000
PROA	316	PROA	318	0.629941
PROA	317	PROA	318	2.645751
PROA	317	PROA	319	4.257446
PROA	318	PROA	319	4.243342
PROA	318	PROA	320	2.959320
PROA	318	PROA	321	0.750000
PROA	319	PROA	320	3.465039
PROA	319	PROA	321	0.617213
PROA	319	PROA	322	0.069007
PROA	320	PROA	321	4.264903
PROA	320	PROA	322	0.233550
PROA	321	PROA	322	3.801316
PROA	321	PROA	323	0.462910
PROA	322	PROA	323	4.347413
PROA	322	PROA	324	2.191691
PROA	323	PROA	324	2.636499
PROA	323	PROA	325	0.338062
PROA	324	PROA	325	4.425405
PROA	324	PROA	326	0.770054
PROA	325	PROA	326	3.265986
PROA	325	PROA	327	1.700000
PROA	326	PROA	327	4.164133
PROA	326	PROA	328	0.276026
PROA	327	PROA	328	5.408987
PROA	327	PROA	329	0.424264
PROA	328	PROA	329	2.450219
PROA	328	PROA	330	0.341882
PROA	329	PROA	330	4.004543
PROA	329	PROA	331	3.200000
PROA	329	PROA	332	0.064550
PROA	330	PROA	331	2.574349
PROA	330	PROA	332	0.307729
PROA	331	PROA	332	2.775638
PROA	331	PROA	333	1.464281
PROA	331	PROA	334	0.866025
PROA	331	PROA	335	0.051299
PROA	332	PROA	333	3.850770
PROA	332	PROA	350	0.149071
PROA	333	PROA	334	3.318989
PROA	333	PROA	335	0.890264
PROA	333	PROA	338	1.724886
PROA	333	PROA	342	0.051709
PROA	333	PROA	346	1.891811
PROA	334	PROA	335	4.146442
PROA	334	PROA	336	1.863390
PROA	334	PROA	337	0.223607
PROA	334	PROA	338	0.651584
PROA	335	PROA	336	2.781518
PROA	335	PROA	337	0.596040
PROA	335	PROA	338	3.157895
PROA	335	PROA	343	2.736842
PROA	335	PROA	346	0.157895
PROA	336	PROA	337	3.083333
PROA	336	PROA	338	0.728493
PROA	337	PROA	338	3.311331
PROA	337	PROA	339	0.694365
PROA	338	PROA	339	3.372266
PROA	338	PROA	340	0.195646
PROA	338	PROA	342	2.445580
PROA	338	PROA	343	2.578947
PROA	338	PROA	346	1.052632
PROA	339	PROA	340	2.279212
PROA	339	PROA	341	2.001190
PROA	339	PROA	342	1.481487
PROA	339	PROA	343	1.103651
PROA	339	PROA	344	0.056980
PROA	340	PROA	341	5.174530
PROA	340	PROA	342	0.454545
PROA	340	PROA	343	2.249934
PROA	340	PROA	344	0.727273
PROA	340	PROA	345	0.055048
PROA	341	PROA	342	1.926687
PROA	341	PROA	343	0.651584
PROA	341	PROA	344	2.201928
PROA	341	PROA	345	0.866667
PROA	342	PROA	343	2.494492
PROA	342	PROA	344	0.727273
PROA	342	PROA	345	4.128614
PROA	342	PROA	346	3.277077
PROA	342	PROA	347	0.048912
PROA	343	PROA	344	1.760818
PROA	343	PROA	345	0.829288
PROA	343	PROA	346	2.526316
PROA	343	PROA	347	1.368421
PROA	343	PROA	348	0.051299
PROA	344	PROA	345	2.642313
PROA	344	PROA	346	0.440204
PROA	344	PROA	347	1.271702
PROA	344	PROA	348	0.715097
PROA	344	PROA	349	0.055048
PROA	345	PROA	346	3.080214
PROA	345	PROA	347	0.710819
PROA	345	PROA	348	2.309401
PROA	345	PROA	349	1.800000
PROA	345	PROA	350	0.066667
PROA	346	PROA	347	2.210526
PROA	346	PROA	348	0.718185
PROA	346	PROA	349	1.303168
PROA	346	PROA	350	1.836282
PROA	346	PROA	351	0.061314
PROA	347	PROA	348	2.205853
PROA	347	PROA	349	0.473879
PROA	347	PROA	350	0.947758
PROA	347	PROA	351	2.145988
PROA	348	PROA	349	3.117691
PROA	348	PROA	350	0.461880
PROA	348	PROA	351	1.314751
PROA	348	PROA	352	0.353553
PROA	349	PROA	350	2.600000
PROA	349	PROA	351	0.759072
PROA	349	PROA	352	1.469694
PROA	349	PROA	353	0.052705
PROA	350	PROA	351	3.105295
PROA	350	PROA	352	1.061446
PROA	350	PROA	353	3.109573
PROA	350	PROA	354	0.115470
PROA	351	PROA	352	3.211586
PROA	351	PROA	353	1.418416
PROA	351	PROA	354	2.390457
PROA	351	PROA	355	1.426048
PROA	352	PROA	353	2.840188
PROA	352	PROA	354	0.989949
PROA	352	PROA	355	3.067860
PROA	352	PROA	358	0.276026
PROA	353	PROA	354	3.925345
PROA	353	PROA	355	0.544581
PROA	353	PROA	358	2.138090
PROA	354	PROA	355	3.633585
PROA	354	PROA	356	0.418330
PROA	355	PROA	356	4.148504
PROA	355	PROA	357	0.550019
PROA	355	PROA	358	1.058512
PROA	356	PROA	357	3.131473
PROA	356	PROA	358	0.583212
PROA	357	PROA	358	2.804273
PROA	357	PROA	359	0.617213
PROA	358	PROA	359	3.518940
PROA	358	PROA	360	2.078805
PROA	359	PROA	360	2.710576
PROB	1	PROB	2	2.607681
PROB	1	PROB	3	0.375735
PROB	1	PROB	4	2.222876
PROB	1	PROB	5	0.733359
PROB	1	PROB	6	0.064820
PROB	1	PROB	57	2.171768
PROB	2	PROB	3	4.082483
PROB	2	PROB	4	0.621059
PROB	2	PROB	5	1.434274
PROB	2	PROB	6	1.605793
PROB	3	PROB	4	2.253745
PROB	3	PROB	5	0.780720
PROB	3	PROB	6	2.691256
PROB	3	PROB	7	0.592349
PROB	3	PROB	8	0.059235
PROB	3	PROB	82	1.690309
PROB	3	PROB	86	1.226445
PROB	4	PROB	5	3.216666
PROB	4	PROB	6	0.816497
PROB	4	PROB	7	1.301628
PROB	4	PROB	8	3.754696
PROB	4	PROB	9	0.052926
PROB	4	PROB	46	0.048795
PROB	4	PROB	50	1.521278
PROB	4	PROB	55	1.702129
PROB	4	PROB	56	0.818923
PROB	4	PROB	57	3.675413
PROB	4	PROB	60	0.450564
PROB	4	PROB	82	1.571429
PROB	5	PROB	6	3.333503
PROB	5	PROB	7	1.127243
PROB	5	PROB	8	3.121596
PROB	5	PROB	9	3.391784
PROB	5	PROB	10	0.109109
PROB	6	PROB	7	2.513871
PROB	6	PROB	8	0.490511
PROB	6	PROB	9	1.101946
PROB	6	PROB	10	0.848668
PROB	6	PROB	82	0.058321
PROB	7	PROB	8	3.684211
PROB	7	PROB	9	0.612056
PROB	7	PROB	10	0.927173
PROB	7	PROB	11	3.421053
PROB	7	PROB	12	0.061314
PROB	7	PROB	60	1.315789
PROB	7	PROB	63	0.157895
PROB	7	PROB	78	1.279754
PROB	7	PROB	79	2.408865
PROB	7	PROB	82	3.053820
PROB	8	PROB	9	3.115923
PROB	8	PROB	10	0.463586
PROB	8	PROB	11	2.157895
PROB	8	PROB	12	1.226279
PROB	8	PROB	43	0.138343
PROB	8	PROB	46	4.001316
PROB	8	PROB	55	0.789474
PROB	8	PROB	63	0.052632
PROB	9	PROB	10	2.450490
PROB	9	PROB	11	0.778981
PROB	9	PROB	12	2.203893
PROB	9	PROB	13	0.713024
PROB	9	PROB	43	0.438763
PROB	10	PROB	11	2.649065
PROB	10	PROB	12	0.771517
PROB	10	PROB	13	3.008915
PROB	10	PROB	14	0.925820
PROB	10	PROB	78	1.400280
PROB	11	PROB	12	2.697813
PROB	11	PROB	13	0.981023
PROB	11	PROB	14	1.410220
PROB	11	PROB	15	2.210526
PROB	11	PROB	46	1.436370
PROB	11	PROB	63	0.105263
PROB	11	PROB	67	0.615587
PROB	11	PROB	75	3.526316
PROB	11	PROB	78	2.003094
PROB	11	PROB	79	1.032371
PROB	12	PROB	13	3.142857
PROB	12	PROB	14	0.785714
PROB	12	PROB	15	2.207302
PROB	12	PROB	41	0.857143
PROB	12	PROB	42	3.232488
PROB	12	PROB	43	2.900963
PROB	12	PROB	46	0.896421
PROB	13	PROB	14	3.857143
PROB	13	PROB	15	0.735767
PROB	13	PROB	16	0.071429
PROB	14	PROB	15	2.636499
PROB	14	PROB	16	0.642857
PROB	14	PROB	19	0.077152
PROB	14	PROB	72	0.109109
PROB	14	PROB	74	0.231455
PROB	14	PROB	75	1.103651
PROB	14	PROB	78	0.324102
PROB	15	PROB	16	3.617522
PROB	15	PROB	19	1.854345
PROB	15	PROB	20	2.263158
PROB	15	PROB	23	1.842105
PROB	15	PROB	42	1.300665
PROB	15	PROB	45	0.140488
PROB	15	PROB	46	0.923381
PROB	15	PROB	67	0.205196
PROB	15	PROB	72	0.280976
PROB	15	PROB	75	2.000000
PROB	16	PROB	17	2.513871
PROB	16	PROB	18	1.173111
PROB	16	PROB	19	5.169162
PROB	16	PROB	20	0.735767
PROB	16	PROB	72	0.054554
PROB	17	PROB	18	3.257919
PROB	17	PROB	19	0.728493
PROB	17	PROB	20	1.578947
PROB	17	PROB	21	1.006993
PROB	17	PROB	24	0.048912
PROB	17	PROB	40	1.900732
PROB	18	PROB	19	2.683282
PROB	18	PROB	20	0.710819
PROB	18	PROB	21	2.066667
PROB	18	PROB	22	0.313112
PROB	19	PROB	20	2.516611
PROB	19	PROB	21	0.670820
PROB	19	PROB	22	1.120224
PROB	19	PROB	23	1.655665
PROB	19	PROB	72	1.414214
PROB	19	PROB	75	0.066227
PROB	20	PROB	21	2.606335
PROB	20	PROB	22	0.612056
PROB	20	PROB	23	3.894737
PROB	20	PROB	24	3.668370
PROB	20	PROB	25	0.069171
PROB	20	PROB	39	0.684211
PROB	20	PROB	40	0.858395
PROB	20	PROB	41	1.532848
PROB	20	PROB	42	1.820931
PROB	20	PROB	45	2.435123
PROB	21	PROB	22	2.692764
PROB	21	PROB	23	0.592349
PROB	21	PROB	24	3.688229
PROB	21	PROB	25	1.089899
PROB	21	PROB	37	0.066667
PROB	22	PROB	23	2.281301
PROB	22	PROB	24	0.413670
PROB	22	PROB	25	2.778835
PROB	22	PROB	26	0.843661
PROB	22	PROB	70	0.219382
PROB	23	PROB	24	1.858641
PROB	23	PROB	25	0.830057
PROB	23	PROB	26	1.668595
PROB	23	PROB	27	0.622543
PROB	23	PROB	45	3.324880
PROB	23	PROB	66	1.368421
PROB	23	PROB	67	1.077277
PROB	23	PROB	70	1.383429
PROB	23	PROB	72	0.468293
PROB	23	PROB	75	0.421053
PROB	24	PROB	25	2.764145
PROB	24	PROB	26	0.741620
PROB	24	PROB	27	1.092801
PROB	24	PROB	28	0.454545
PROB	24	PROB	35	0.090909
PROB	24	PROB	36	4.049793
PROB	24	PROB	37	0.495434
PROB	24	PROB	39	2.836873
PROB	24	PROB	40	0.626783
PROB	24	PROB	45	1.784296
PROB	24	PROB	48	0.047673
PROB	25	PROB	26	3.623158
PROB	25	PROB	27	1.090909
PROB	25	PROB	28	1.542778
PROB	25	PROB	36	0.363636
PROB	26	PROB	27	4.481274
PROB	26	PROB	28	0.674200
PROB	26	PROB	29	0.163299
PROB	26	PROB	30	0.182574
PROB	26	PROB	45	0.064550
PROB	26	PROB	62	0.138013
PROB	26	PROB	66	2.829357
PROB	26	PROB	69	1.378405
PROB	26	PROB	70	0.953463
PROB	27	PROB	28	2.314168
PROB	27	PROB	29	0.544949
PROB	27	PROB	30	2.001893
PROB	27	PROB	31	1.521772
PROB	27	PROB	45	0.923186
PROB	27	PROB	48	1.078720
PROB	27	PROB	49	0.830057
PROB	27	PROB	62	2.302831
PROB	27	PROB	66	1.798458
PROB	28	PROB	29	4.183662
PROB	28	PROB	30	0.615457
PROB	28	PROB	31	0.440204
PROB	28	PROB	34	0.055048
PROB	28	PROB	36	0.771389
PROB	28	PROB	48	0.047673
PROB	29	PROB	30	3.726780
PROB	29	PROB	31	0.414644
PROB	30	PROB	31	3.642464
PROB	30	PROB	32	0.771517
PROB	30	PROB	54	0.430820
PROB	30	PROB	62	1.826828
PROB	30	PROB	66	0.066227
PROB	31	PROB	32	4.659859
PROB	31	PROB	33	2.351829
PROB	31	PROB	35	0.097823
PROB	31	PROB	48	2.770142
PROB	31	PROB	49	1.210526
PROB	31	PROB	52	4.451319
PROB	31	PROB	54	1.418436
PROB	31	PROB	62	0.050063
PROB	32	PROB	33	3.223292
PROB	32	PROB	34	0.276026
PROB	32	PROB	52	1.166767
PROB	33	PROB	34	3.425395
PROB	33	PROB	35	3.278404
PROB	33	PROB	48	0.471940
PROB	33	PROB	52	1.535672
PROB	34	PROB	35	3.688229
PROB	34	PROB	36	1.245598
PROB	34	PROB	37	0.066667
PROB	34	PROB	38	0.066667
PROB	34	PROB	48	0.057735
PROB	35	PROB	36	2.571297
PROB	35	PROB	37	0.440386
PROB	35	PROB	38	1.486301
PROB	35	PROB	39	2.152110
PROB	35	PROB	48	1.954598
PROB	35	PROB	52	0.723923
PROB	36	PROB	37	3.814645
PROB	36	PROB	38	0.778499
PROB	36	PROB	39	0.830057
PROB	37	PROB	38	2.933333
PROB	37	PROB	39	0.473879
PROB	37	PROB	40	0.069007
PROB	38	PROB	39	2.902510
PROB	38	PROB	40	0.483046
PROB	39	PROB	40	3.188325
PROB	39	PROB	41	1.348907
PROB	39	PROB	44	3.337191
PROB	39	PROB	45	1.966830
PROB	39	PROB	48	1.590266
PROB	40	PROB	41	3.642857
PROB	40	PROB	44	0.338062
PROB	41	PROB	42	4.747717
PROB	41	PROB	43	2.417469
PROB	41	PROB	44	3.803194
PROB	41	PROB	45	0.600099
PROB	42	PROB	43	3.532778
PROB	42	PROB	44	1.434274
PROB	42	PROB	45	2.083095
PROB	42	PROB	46	2.366432
PROB	42	PROB	47	0.113961
PROB	43	PROB	44	3.909197
PROB	43	PROB	45	0.615457
PROB	43	PROB	46	2.022600
PROB	43	PROB	47	1.272727
PROB	44	PROB	45	2.388340
PROB	44	PROB	46	0.707107
PROB	44	PROB	47	2.765042
PROB	44	PROB	48	0.777817
PROB	45	PROB	46	3.697127
PROB	45	PROB	47	0.800095
PROB	45	PROB	48	2.008316
PROB	45	PROB	49	2.528782
PROB	45	PROB	50	0.052705
PROB	45	PROB	63	0.608781
PROB	45	PROB	66	1.264391
PROB	45	PROB	67	0.684653
PROB	46	PROB	47	2.561959
PROB	46	PROB	48	0.350000
PROB	46	PROB	49	1.436370
PROB	46	PROB	50	0.692820
PROB	46	PROB	51	0.067420
PROB	46	PROB	55	2.359750
PROB	46	PROB	63	1.077277
PROB	46	PROB	67	0.350000
PROB	47	PROB	48	2.899059
PROB	47	PROB	49	0.691714
PROB	47	PROB	50	1.946247
PROB	47	PROB	51	1.454545
PROB	47	PROB	52	0.073127
PROB	47	PROB	55	0.069171
PROB	48	PROB	49	3.898718
PROB	48	PROB	50	0.635085
PROB	48	PROB	51	1.752920
PROB	48	PROB	52	2.874329
PROB	49	PROB	50	2.073221
PROB	49	PROB	51	0.622543
PROB	49	PROB	52	1.168471
PROB	49	PROB	53	0.429198
PROB	49	PROB	54	3.032519
PROB	49	PROB	55	2.684211
PROB	49	PROB	62	1.902379
PROB	49	PROB	63	1.052632
PROB	49	PROB	66	0.210526
PROB	50	PROB	51	3.269696
PROB	50	PROB	52	0.563602
PROB	50	PROB	53	1.035098
PROB	50	PROB	54	0.330289
PROB	50	PROB	55	3.850268
PROB	50	PROB	56	0.596285
PROB	51	PROB	52	3.217599
PROB	51	PROB	53	1.128152
PROB	52	PROB	53	2.916917
PROB	52	PROB	54	0.827340
PROB	53	PROB	54	2.450152
PROB	53	PROB	55	0.674453
PROB	54	PROB	55	2.347757
PROB	54	PROB	59	0.056980
PROB	54	PROB	62	5.350284
PROB	54	PROB	63	0.097823
PROB	55	PROB	56	4.635863
PROB	55	PROB	59	0.735767
PROB	55	PROB	60	1.473684
PROB	55	PROB	62	0.100125
PROB	55	PROB	63	2.157895
PROB	56	PROB	57	3.815836
PROB	56	PROB	58	2.250000
PROB	56	PROB	59	3.317522
PROB	56	PROB	60	0.596040
PROB	57	PROB	58	4.062019
PROB	57	PROB	59	0.569803
PROB	57	PROB	60	0.146735
PROB	57	PROB	82	0.558291
PROB	57	PROB	87	0.244558
PROB	58	PROB	59	3.857584
PROB	58	PROB	60	0.596040
PROB	58	PROB	82	0.251976
PROB	58	PROB	87	2.384158
PROB	59	PROB	60	4.291975
PROB	59	PROB	61	2.820380
PROB	59	PROB	62	0.058321
PROB	59	PROB	63	0.061314
PROB	59	PROB	87	0.061314
PROB	60	PROB	61	2.490172
PROB	60	PROB	62	0.400501
PROB	60	PROB	63	3.736842
PROB	60	PROB	64	1.243933
PROB	60	PROB	65	0.055641
PROB	60	PROB	79	2.294157
PROB	60	PROB	82	1.401753
PROB	60	PROB	83	0.468293
PROB	60	PROB	87	0.842105
PROB	61	PROB	62	2.829192
PROB	61	PROB	63	0.830057
PROB	61	PROB	64	2.958296
PROB	61	PROB	65	1.023781
PROB	61	PROB	66	0.069171
PROB	62	PROB	63	3.153945
PROB	62	PROB	64	0.788811
PROB	62	PROB	65	1.799471
PROB	62	PROB	66	3.454321
PROB	62	PROB	67	0.048795
PROB	63	PROB	64	2.665570
PROB	63	PROB	65	0.834622
PROB	63	PROB	66	1.842105
PROB	63	PROB	67	2.564946
PROB	63	PROB	68	0.059235
PROB	63	PROB	79	0.917663
PROB	64	PROB	65	2.755387
PROB	64	PROB	66	0.592349
PROB	64	PROB	67	1.327906
PROB	64	PROB	68	0.800000
PROB	64	PROB	69	0.059235
PROB	64	PROB	76	1.540107
PROB	64	PROB	79	0.322749
PROB	64	PROB	80	0.064550
PROB	64	PROB	83	0.105409
PROB	65	PROB	66	3.505414
PROB	65	PROB	67	0.542326
PROB	65	PROB	68	1.315071
PROB	65	PROB	69	3.505414
PROB	65	PROB	70	0.073127
PROB	66	PROB	67	2.718843
PROB	66	PROB	68	0.770054
PROB	66	PROB	69	3.315789
PROB	66	PROB	70	2.490172
PROB	66	PROB	71	0.093659
PROB	67	PROB	68	2.078461
PROB	67	PROB	69	0.410391
PROB	67	PROB	70	1.280980
PROB	67	PROB	71	0.456435
PROB	67	PROB	72	1.734455
PROB	67	PROB	75	2.257152
PROB	67	PROB	76	2.872739
PROB	67	PROB	79	1.229837
PROB	68	PROB	69	3.257919
PROB	68	PROB	70	0.934199
PROB	68	PROB	71	1.370320
PROB	68	PROB	72	0.158114
PROB	68	PROB	76	0.888523
PROB	69	PROB	70	3.596915
PROB	69	PROB	71	1.451708
PROB	70	PROB	71	3.261925
PROB	70	PROB	72	1.169369
PROB	71	PROB	72	1.958333
PROB	71	PROB	73	0.600099
PROB	72	PROB	73	2.782278
PROB	72	PROB	74	2.239171
PROB	72	PROB	75	4.495612
PROB	72	PROB	76	0.561951
PROB	72	PROB	77	0.054554
PROB	73	PROB	74	3.934735
PROB	73	PROB	75	0.429198
PROB	73	PROB	76	1.716790
PROB	73	PROB	77	1.642857
PROB	73	PROB	78	0.064820
PROB	74	PROB	75	4.238504
PROB	74	PROB	76	0.860946
PROB	74	PROB	77	2.854612
PROB	74	PROB	78	0.980196
PROB	75	PROB	76	2.210526
PROB	75	PROB	77	0.735767
PROB	75	PROB	78	1.224113
PROB	75	PROB	79	0.917663
PROB	76	PROB	77	2.697813
PROB	76	PROB	78	0.667698
PROB	76	PROB	79	2.810343
PROB	76	PROB	80	3.154466
PROB	76	PROB	81	0.066227
PROB	77	PROB	78	3.241019
PROB	77	PROB	79	0.734968
PROB	77	PROB	80	1.603567
PROB	77	PROB	81	1.002972
PROB	78	PROB	79	2.425356
PROB	78	PROB	80	0.606339
PROB	78	PROB	81	1.470294
PROB	78	PROB	82	0.582182
PROB	79	PROB	80	3.250000
PROB	79	PROB	81	0.793857
PROB	79	PROB	82	1.472971
PROB	79	PROB	83	1.020621
PROB	79	PROB	84	0.066815
PROB	80	PROB	81	3.103258
PROB	80	PROB	82	0.654654
PROB	80	PROB	83	1.377838
PROB	80	PROB	84	1.536752
PROB	80	PROB	85	0.051031
PROB	81	PROB	82	2.519763
PROB	81	PROB	83	0.707107
PROB	81	PROB	84	2.083095
PROB	81	PROB	85	1.237437
PROB	81	PROB	86	0.288675
PROB	82	PROB	83	2.182633
PROB	82	PROB	84	0.524891
PROB	82	PROB	85	0.579066
PROB	82	PROB	86	3.818813
PROB	82	PROB	87	3.153945
PROB	83	PROB	84	3.055050
PROB	83	PROB	85	0.416667
PROB	83	PROB	86	0.306186
PROB	83	PROB	87	3.465368
PROB	83	PROB	88	0.130558
PROB	84	PROB	85	6.000992
PROB	84	PROB	86	0.467707
PROB	84	PROB	87	0.245256
PROB	84	PROB	89	0.478091
PROB	85	PROB	86	3.112893
PROB	85	PROB	87	0.374634
PROB	86	PROB	87	3.728006
PROB	86	PROB	88	0.213201
PROB	87	PROB	88	1.858641
PROB	87	PROB	89	0.410391
PROB	88	PROB	89	2.908061
