PROA	11	PROA	12	3.098387
PROA	11	PROA	13	1.515848
PROA	11	PROA	18	2.562500
PROA	11	PROA	19	0.055902
PROA	11	PROA	20	0.288675
PROA	12	PROA	13	3.444234
PROA	12	PROA	17	0.062622
PROA	12	PROA	18	0.968246
PROA	12	PROA	19	0.808290
PROA	12	PROA	20	0.521749
PROA	12	PROA	21	0.064550
PROA	12	PROA	22	0.195180
PROA	12	PROA	28	0.533114
PROA	13	PROA	14	2.667892
PROA	13	PROA	15	0.148522
PROA	13	PROA	16	2.475086
PROA	13	PROA	17	2.000000
PROA	13	PROA	18	2.971061
PROA	13	PROA	19	0.759257
PROA	13	PROA	28	0.111283
PROA	14	PROA	15	3.010831
PROA	14	PROA	16	1.322876
PROA	14	PROA	17	1.819017
PROA	14	PROA	18	0.250000
PROA	14	PROA	19	2.515576
PROA	14	PROA	28	1.433848
PROA	14	PROA	30	2.127624
PROA	14	PROA	38	0.545705
PROA	14	PROA	40	0.603023
PROA	15	PROA	16	2.546005
PROA	15	PROA	17	0.594089
PROA	15	PROA	30	3.830744
PROA	15	PROA	38	0.495074
PROA	16	PROA	17	2.841765
PROA	17	PROA	18	3.638034
PROA	17	PROA	19	0.542326
PROA	17	PROA	38	1.764706
PROA	17	PROA	55	1.034175
PROA	18	PROA	19	3.018692
PROA	18	PROA	20	2.092895
PROA	18	PROA	55	0.746203
PROA	18	PROA	102	0.436436
PROA	19	PROA	20	3.162936
PROA	19	PROA	21	2.012461
PROA	19	PROA	28	0.820783
PROA	19	PROA	38	1.301583
PROA	19	PROA	39	0.614919
PROA	19	PROA	40	2.764219
PROA	19	PROA	53	1.487669
PROA	19	PROA	54	0.286039
PROA	19	PROA	55	2.574349
PROA	19	PROA	102	2.146980
PROA	20	PROA	21	3.319764
PROA	20	PROA	22	1.309307
PROA	20	PROA	55	0.123091
PROA	20	PROA	102	2.267787
PROA	21	PROA	22	4.252100
PROA	21	PROA	23	0.200446
PROA	21	PROA	24	0.357217
PROA	21	PROA	25	3.600595
PROA	21	PROA	26	0.133631
PROA	21	PROA	28	1.835326
PROA	21	PROA	42	0.395285
PROA	21	PROA	53	3.154466
PROA	21	PROA	90	0.688247
PROA	21	PROA	102	1.636634
PROA	22	PROA	23	4.949747
PROA	22	PROA	24	1.080123
PROA	22	PROA	25	1.154701
PROA	23	PROA	24	2.618615
PROA	23	PROA	25	0.408248
PROA	23	PROA	26	0.071429
PROA	23	PROA	45	0.500000
PROA	24	PROA	25	5.835204
PROA	24	PROA	26	0.272772
PROA	24	PROA	43	0.044544
PROA	24	PROA	44	2.474874
PROA	24	PROA	45	2.618615
PROA	24	PROA	46	4.082483
PROA	24	PROA	47	1.309307
PROA	24	PROA	88	0.471405
PROA	25	PROA	26	3.149344
PROA	25	PROA	28	0.450564
PROA	25	PROA	42	1.380131
PROA	25	PROA	43	1.190476
PROA	25	PROA	44	3.086710
PROA	25	PROA	45	0.583212
PROA	25	PROA	51	1.309307
PROA	25	PROA	53	1.702129
PROA	25	PROA	88	0.629941
PROA	25	PROA	90	1.301628
PROA	25	PROA	104	1.582080
PROA	26	PROA	27	3.857143
PROA	26	PROA	28	1.900732
PROA	26	PROA	42	1.436762
PROA	26	PROA	43	3.499271
PROA	26	PROA	44	0.231455
PROA	26	PROA	45	2.285714
PROA	27	PROA	28	3.188325
PROA	27	PROA	29	0.483494
PROA	27	PROA	41	0.241747
PROA	27	PROA	42	0.760639
PROA	27	PROA	43	1.691314
PROA	27	PROA	50	1.145644
PROA	28	PROA	29	2.559344
PROA	28	PROA	30	0.150188
PROA	28	PROA	40	1.245086
PROA	28	PROA	41	0.415029
PROA	28	PROA	42	1.813691
PROA	28	PROA	43	0.050063
PROA	28	PROA	53	0.052632
PROA	29	PROA	30	2.697602
PROA	29	PROA	31	1.521772
PROA	29	PROA	39	0.075378
PROA	29	PROA	40	1.818182
PROA	29	PROA	41	4.181818
PROA	29	PROA	42	0.286039
PROA	30	PROA	31	3.003757
PROA	30	PROA	32	4.618802
PROA	30	PROA	33	1.464934
PROA	30	PROA	38	1.428992
PROA	30	PROA	39	0.600099
PROA	30	PROA	40	0.789542
PROA	30	PROA	41	0.065795
PROA	31	PROA	32	3.468440
PROA	31	PROA	39	3.154466
PROA	31	PROA	40	2.144315
PROA	31	PROA	41	4.219458
PROA	31	PROA	52	0.580381
PROA	31	PROA	53	0.052632
PROA	31	PROA	107	0.736842
PROA	31	PROA	108	0.055641
PROA	32	PROA	33	3.610830
PROA	32	PROA	34	0.142857
PROA	32	PROA	38	0.550019
PROA	32	PROA	39	2.267787
PROA	33	PROA	34	4.391550
PROA	33	PROA	37	2.049390
PROA	33	PROA	38	3.381611
PROA	33	PROA	39	1.290994
PROA	34	PROA	35	3.705209
PROA	34	PROA	36	0.824786
PROA	34	PROA	37	3.857143
PROA	34	PROA	38	0.916698
PROA	34	PROA	39	1.606349
PROA	34	PROA	54	0.241747
PROA	35	PROA	36	4.761452
PROA	35	PROA	37	1.195229
PROA	35	PROA	64	0.414039
PROA	35	PROA	67	0.903696
PROA	36	PROA	37	2.639316
PROA	36	PROA	54	0.093048
PROA	36	PROA	55	0.232621
PROA	36	PROA	56	3.103882
PROA	36	PROA	57	1.973855
PROA	36	PROA	58	0.991460
PROA	36	PROA	64	2.571429
PROA	36	PROA	67	2.093546
PROA	36	PROA	68	2.741096
PROA	36	PROA	71	0.112687
PROA	36	PROA	169	0.247436
PROA	37	PROA	38	3.483454
PROA	37	PROA	39	0.566947
PROA	37	PROA	55	0.725241
PROA	37	PROA	56	0.173422
PROA	37	PROA	57	0.227921
PROA	38	PROA	39	2.789160
PROA	38	PROA	40	0.365636
PROA	38	PROA	54	0.310253
PROA	38	PROA	55	1.034175
PROA	39	PROA	40	3.844270
PROA	39	PROA	41	0.376889
PROA	39	PROA	52	0.316228
PROA	39	PROA	53	0.802955
PROA	39	PROA	54	3.357911
PROA	39	PROA	55	0.266501
PROA	40	PROA	41	4.454545
PROA	40	PROA	42	1.430194
PROA	40	PROA	52	0.476731
PROA	40	PROA	53	2.351829
PROA	40	PROA	54	0.321412
PROA	40	PROA	55	0.064282
PROA	41	PROA	42	4.195235
PROA	41	PROA	50	0.061546
PROA	41	PROA	51	0.829156
PROA	41	PROA	52	1.811579
PROA	41	PROA	53	0.553372
PROA	41	PROA	107	2.213486
PROA	42	PROA	43	3.450328
PROA	42	PROA	44	0.365148
PROA	42	PROA	49	0.079057
PROA	42	PROA	50	0.710047
PROA	42	PROA	51	3.715676
PROA	42	PROA	52	0.400000
PROA	42	PROA	53	2.031334
PROA	42	PROA	107	0.072548
PROA	43	PROA	44	3.401680
PROA	43	PROA	45	1.166424
PROA	43	PROA	48	2.512307
PROA	43	PROA	49	0.272772
PROA	43	PROA	50	2.227177
PROA	43	PROA	51	0.654654
PROA	44	PROA	45	3.317522
PROA	44	PROA	46	2.525907
PROA	44	PROA	47	3.163219
PROA	44	PROA	48	1.600189
PROA	44	PROA	49	2.165064
PROA	44	PROA	50	0.235702
PROA	44	PROA	51	1.804220
PROA	45	PROA	46	2.939874
PROA	45	PROA	47	0.357143
PROA	45	PROA	48	2.336192
PROA	46	PROA	47	4.810702
PROA	46	PROA	48	0.906103
PROA	47	PROA	48	2.507133
PROA	47	PROA	49	2.538982
PROA	48	PROA	49	2.398508
PROA	48	PROA	50	0.043519
PROA	49	PROA	50	2.959800
PROA	49	PROA	51	1.312500
PROA	50	PROA	51	2.806707
PROA	50	PROA	107	1.170732
PROA	51	PROA	52	4.822473
PROA	51	PROA	53	1.319140
PROA	51	PROA	87	0.200446
PROA	51	PROA	104	2.000000
PROA	51	PROA	105	0.788241
PROA	51	PROA	106	0.288675
PROA	51	PROA	107	1.548556
PROA	52	PROA	53	3.699929
PROA	52	PROA	54	0.202260
PROA	52	PROA	103	0.145095
PROA	52	PROA	104	1.581139
PROA	52	PROA	105	2.684377
PROA	52	PROA	106	0.912871
PROA	52	PROA	107	3.627381
PROA	52	PROA	108	0.306786
PROA	53	PROA	54	2.543403
PROA	53	PROA	55	0.342381
PROA	53	PROA	90	0.421053
PROA	53	PROA	102	1.451816
PROA	53	PROA	103	1.263158
PROA	53	PROA	104	3.785360
PROA	53	PROA	105	0.278207
PROA	54	PROA	55	2.045455
PROA	54	PROA	56	1.809729
PROA	54	PROA	71	0.110096
PROA	54	PROA	101	0.159901
PROA	54	PROA	102	0.325669
PROA	54	PROA	103	3.619458
PROA	54	PROA	104	0.213201
PROA	54	PROA	105	1.085884
PROA	54	PROA	167	0.123091
PROA	55	PROA	56	2.787961
PROA	55	PROA	57	1.028519
PROA	55	PROA	99	0.181818
PROA	55	PROA	100	2.831104
PROA	55	PROA	101	0.479702
PROA	55	PROA	102	3.163646
PROA	55	PROA	103	0.195646
PROA	56	PROA	57	3.181887
PROA	56	PROA	58	2.636499
PROA	56	PROA	68	1.839418
PROA	56	PROA	72	0.052632
PROA	56	PROA	99	0.048912
PROA	56	PROA	100	1.125853
PROA	56	PROA	101	3.498590
PROA	56	PROA	102	0.250313
PROA	56	PROA	103	1.789474
PROA	57	PROA	58	3.867950
PROA	57	PROA	59	0.539360
PROA	57	PROA	60	0.233550
PROA	57	PROA	64	0.065795
PROA	57	PROA	99	2.057038
PROA	57	PROA	100	2.785242
PROA	57	PROA	101	0.301511
PROA	58	PROA	59	6.215189
PROA	58	PROA	60	0.483046
PROA	58	PROA	61	0.259281
PROA	58	PROA	64	1.866278
PROA	58	PROA	65	1.450481
PROA	58	PROA	68	2.000000
PROA	58	PROA	99	0.455842
PROA	58	PROA	100	0.385758
PROA	58	PROA	101	0.868599
PROA	58	PROA	347	0.306570
PROA	59	PROA	60	2.424871
PROA	59	PROA	61	0.379628
PROA	59	PROA	64	0.048795
PROA	59	PROA	65	1.415820
PROA	59	PROA	98	1.952374
PROA	59	PROA	99	1.144155
PROA	59	PROA	101	0.391312
PROA	59	PROA	340	0.715097
PROA	59	PROA	343	0.256495
PROA	59	PROA	344	4.528947
PROA	59	PROA	347	1.333772
PROA	60	PROA	61	4.571437
PROA	60	PROA	64	0.450749
PROA	60	PROA	65	0.155700
PROA	60	PROA	340	1.431253
PROA	61	PROA	62	2.235294
PROA	61	PROA	63	1.555689
PROA	61	PROA	64	2.699206
PROA	61	PROA	65	1.096909
PROA	61	PROA	66	0.058824
PROA	61	PROA	340	1.706389
PROA	62	PROA	63	3.305839
PROA	62	PROA	64	0.476331
PROA	62	PROA	65	1.974436
PROA	62	PROA	66	3.529412
PROA	62	PROA	67	0.049507
PROA	62	PROA	335	0.222566
PROA	62	PROA	336	0.770154
PROA	62	PROA	337	0.840168
PROA	62	PROA	338	1.001547
PROA	62	PROA	339	0.324102
PROA	62	PROA	340	2.016642
PROA	62	PROA	343	1.057188
PROA	63	PROA	64	3.149344
PROA	63	PROA	65	0.805823
PROA	63	PROA	66	2.009432
PROA	63	PROA	67	2.127624
PROA	63	PROA	68	0.071429
PROA	64	PROA	65	3.092373
PROA	64	PROA	66	0.740959
PROA	64	PROA	67	2.672612
PROA	64	PROA	68	1.399708
PROA	64	PROA	69	0.050063
PROA	65	PROA	66	2.851962
PROA	65	PROA	67	0.553912
PROA	65	PROA	68	1.772811
PROA	65	PROA	69	0.899229
PROA	65	PROA	70	0.061546
PROA	65	PROA	335	0.069171
PROA	65	PROA	340	0.642824
PROA	65	PROA	343	2.974372
PROA	65	PROA	347	0.899229
PROA	66	PROA	67	2.079310
PROA	66	PROA	68	0.518563
PROA	66	PROA	69	1.001547
PROA	66	PROA	70	1.881280
PROA	66	PROA	335	3.394131
PROA	66	PROA	336	1.330266
PROA	66	PROA	337	0.070014
PROA	66	PROA	338	0.055641
PROA	66	PROA	343	1.502320
PROA	67	PROA	68	2.182179
PROA	67	PROA	69	0.374634
PROA	67	PROA	70	1.166667
PROA	67	PROA	71	0.685160
PROA	67	PROA	72	0.046829
PROA	67	PROA	169	2.237399
PROA	67	PROA	170	2.388294
PROA	68	PROA	69	2.268616
PROA	68	PROA	70	0.436436
PROA	68	PROA	71	1.518144
PROA	68	PROA	72	1.594162
PROA	68	PROA	73	0.056980
PROA	68	PROA	347	0.858395
PROA	69	PROA	70	1.966830
PROA	69	PROA	71	0.473879
PROA	69	PROA	72	2.052632
PROA	69	PROA	73	1.662994
PROA	69	PROA	331	0.051299
PROA	69	PROA	335	2.842105
PROA	69	PROA	338	0.052632
PROA	69	PROA	343	1.684211
PROA	69	PROA	346	2.842105
PROA	69	PROA	347	4.684211
PROA	69	PROA	350	0.947758
PROA	70	PROA	71	2.108185
PROA	70	PROA	72	0.327805
PROA	70	PROA	73	1.000947
PROA	70	PROA	74	1.123903
PROA	70	PROA	168	0.045644
PROA	70	PROA	169	0.385758
PROA	70	PROA	170	0.187317
PROA	70	PROA	171	1.097345
PROA	70	PROA	172	3.166667
PROA	70	PROA	331	1.825742
PROA	70	PROA	335	2.060489
PROA	70	PROA	336	0.176777
PROA	71	PROA	72	2.665570
PROA	71	PROA	73	0.440386
PROA	71	PROA	74	1.599342
PROA	71	PROA	75	2.784040
PROA	71	PROA	86	0.651584
PROA	71	PROA	105	0.062622
PROA	71	PROA	167	0.894427
PROA	71	PROA	168	3.002221
PROA	71	PROA	169	3.513240
PROA	71	PROA	331	0.057735
PROA	72	PROA	73	2.690138
PROA	72	PROA	74	0.368421
PROA	72	PROA	75	0.578947
PROA	72	PROA	76	1.000000
PROA	72	PROA	86	1.315789
PROA	72	PROA	89	0.842105
PROA	72	PROA	101	0.172062
PROA	72	PROA	103	0.631579
PROA	72	PROA	347	1.473684
PROA	72	PROA	350	1.599342
PROA	72	PROA	351	1.042337
PROA	73	PROA	74	2.103199
PROA	73	PROA	75	0.293470
PROA	73	PROA	76	0.244558
PROA	73	PROA	77	0.174078
PROA	73	PROA	329	0.619751
PROA	73	PROA	331	1.716233
PROA	73	PROA	332	2.215647
PROA	73	PROA	350	1.926687
PROA	74	PROA	75	4.315789
PROA	74	PROA	76	0.526316
PROA	74	PROA	77	0.749269
PROA	74	PROA	78	2.308451
PROA	74	PROA	79	0.093659
PROA	74	PROA	83	0.052632
PROA	74	PROA	140	0.105263
PROA	74	PROA	145	0.688247
PROA	74	PROA	168	2.513647
PROA	74	PROA	171	2.394072
PROA	74	PROA	172	0.093659
PROA	74	PROA	329	0.769484
PROA	74	PROA	331	1.385071
PROA	75	PROA	76	2.736842
PROA	75	PROA	77	0.515122
PROA	75	PROA	78	0.512989
PROA	75	PROA	79	1.920001
PROA	75	PROA	83	0.842105
PROA	75	PROA	84	0.947368
PROA	75	PROA	85	3.121596
PROA	75	PROA	86	3.894737
PROA	75	PROA	105	0.723339
PROA	75	PROA	167	0.132453
PROA	75	PROA	168	2.205853
PROA	76	PROA	77	2.294635
PROA	76	PROA	78	0.205196
PROA	76	PROA	79	3.605855
PROA	76	PROA	86	1.578947
PROA	76	PROA	89	0.263158
PROA	76	PROA	350	0.118470
PROA	76	PROA	353	1.123903
PROA	76	PROA	354	1.641565
PROA	77	PROA	78	4.290493
PROA	77	PROA	79	1.416667
PROA	77	PROA	139	0.890871
PROA	77	PROA	325	2.904738
PROA	77	PROA	326	1.212206
PROA	77	PROA	327	1.226445
PROA	77	PROA	328	0.327327
PROA	77	PROA	329	1.414950
PROA	78	PROA	79	2.099603
PROA	78	PROA	80	0.867722
PROA	78	PROA	83	1.744163
PROA	78	PROA	139	4.342755
PROA	78	PROA	140	2.462348
PROA	78	PROA	143	1.202082
PROA	78	PROA	145	0.223607
PROA	78	PROA	329	1.750000
PROA	79	PROA	80	2.722906
PROA	79	PROA	83	1.217562
PROA	79	PROA	84	0.327805
PROA	79	PROA	85	2.854612
PROA	79	PROA	86	0.889757
PROA	79	PROA	87	0.218218
PROA	79	PROA	139	0.267261
PROA	79	PROA	354	0.091287
PROA	80	PROA	81	5.573396
PROA	80	PROA	82	3.694761
PROA	80	PROA	83	4.785168
PROA	80	PROA	135	0.297044
PROA	80	PROA	136	1.558387
PROA	80	PROA	139	1.905322
PROA	80	PROA	164	0.103418
PROA	80	PROA	165	0.055641
PROA	80	PROA	323	1.101946
PROA	81	PROA	82	4.209400
PROA	81	PROA	83	0.473879
PROA	81	PROA	163	0.059235
PROA	81	PROA	164	1.156012
PROA	81	PROA	323	0.138013
PROA	82	PROA	83	2.943069
PROA	82	PROA	84	0.183942
PROA	82	PROA	132	3.370659
PROA	82	PROA	135	0.818317
PROA	82	PROA	136	2.626397
PROA	82	PROA	163	1.471534
PROA	82	PROA	164	2.450152
PROA	82	PROA	165	1.471534
PROA	83	PROA	84	3.052632
PROA	83	PROA	85	0.693688
PROA	83	PROA	136	1.994353
PROA	83	PROA	137	0.105263
PROA	83	PROA	139	0.450564
PROA	83	PROA	140	1.263158
PROA	83	PROA	164	1.418436
PROA	83	PROA	165	3.263158
PROA	83	PROA	166	0.069171
PROA	83	PROA	168	2.051957
PROA	84	PROA	85	4.682394
PROA	84	PROA	105	2.170018
PROA	84	PROA	106	0.596040
PROA	84	PROA	108	1.446679
PROA	84	PROA	156	1.315789
PROA	84	PROA	164	2.885784
PROA	84	PROA	165	1.000000
PROA	84	PROA	166	4.011944
PROA	84	PROA	167	0.066227
PROA	84	PROA	168	0.102598
PROA	85	PROA	86	3.381729
PROA	85	PROA	87	0.505076
PROA	85	PROA	105	1.466718
PROA	85	PROA	106	0.109109
PROA	86	PROA	87	3.310952
PROA	86	PROA	88	1.390759
PROA	86	PROA	89	1.473684
PROA	86	PROA	103	4.052632
PROA	86	PROA	104	0.516185
PROA	86	PROA	105	1.780528
PROA	86	PROA	354	0.307794
PROA	87	PROA	88	4.243342
PROA	87	PROA	103	0.122628
PROA	87	PROA	104	2.338536
PROA	87	PROA	105	2.074252
PROA	87	PROA	106	2.237399
PROA	87	PROA	354	0.717137
PROA	88	PROA	89	4.106050
PROA	88	PROA	90	0.993399
PROA	88	PROA	102	0.062994
PROA	88	PROA	103	0.794719
PROA	88	PROA	104	4.763140
PROA	88	PROA	354	2.001041
PROA	89	PROA	90	3.736842
PROA	89	PROA	91	0.749269
PROA	89	PROA	101	1.204433
PROA	89	PROA	102	0.750939
PROA	89	PROA	103	3.263158
PROA	89	PROA	104	0.516185
PROA	89	PROA	350	0.118470
PROA	89	PROA	351	4.108034
PROA	89	PROA	354	5.283789
PROA	89	PROA	355	1.613603
PROA	90	PROA	91	2.341465
PROA	90	PROA	101	0.688247
PROA	90	PROA	102	3.954947
PROA	90	PROA	103	0.263158
PROA	90	PROA	104	1.261787
PROA	90	PROA	355	1.168471
PROA	91	PROA	92	4.389381
PROA	91	PROA	93	0.763763
PROA	91	PROA	94	0.327327
PROA	91	PROA	98	2.079310
PROA	91	PROA	100	0.412479
PROA	91	PROA	101	2.500521
PROA	91	PROA	102	0.400892
PROA	91	PROA	347	0.046829
PROA	91	PROA	348	4.792572
PROA	91	PROA	349	0.052705
PROA	91	PROA	351	2.782278
PROA	91	PROA	352	1.549193
PROA	91	PROA	355	3.118965
PROA	92	PROA	93	4.732864
PROA	92	PROA	94	2.197401
PROA	92	PROA	97	2.300895
PROA	92	PROA	98	0.613572
PROA	92	PROA	100	0.091287
PROA	92	PROA	348	0.424264
PROA	92	PROA	355	0.153393
PROA	93	PROA	94	4.142857
PROA	93	PROA	97	0.129641
PROA	93	PROA	348	0.179284
PROA	93	PROA	355	0.064820
PROA	94	PROA	95	3.127011
PROA	94	PROA	96	2.277216
PROA	94	PROA	97	3.241019
PROA	94	PROA	98	0.648204
PROA	94	PROA	348	1.494036
PROA	95	PROA	96	2.961744
PROA	95	PROA	97	0.778981
PROA	95	PROA	98	2.948999
PROA	95	PROA	341	0.059235
PROA	95	PROA	344	2.201022
PROA	95	PROA	345	1.303168
PROA	95	PROA	348	3.334430
PROA	96	PROA	97	3.444234
PROA	96	PROA	98	0.626224
PROA	97	PROA	98	2.176471
PROA	97	PROA	99	0.361961
PROA	98	PROA	99	2.533730
PROA	98	PROA	100	0.210042
PROA	98	PROA	101	1.273312
PROA	98	PROA	344	2.688856
PROA	98	PROA	347	0.556415
PROA	98	PROA	348	2.440468
PROA	98	PROA	351	0.324102
PROA	99	PROA	100	5.662209
PROA	99	PROA	101	0.373101
PROA	99	PROA	344	0.045455
PROA	100	PROA	101	3.175426
PROA	100	PROA	102	1.385870
PROA	101	PROA	102	3.327823
PROA	101	PROA	103	2.179449
PROA	101	PROA	347	0.401478
PROA	101	PROA	351	0.734968
PROA	102	PROA	103	2.352943
PROA	102	PROA	104	0.327327
PROA	103	PROA	104	3.498590
PROA	103	PROA	105	1.724886
PROA	103	PROA	351	0.122628
PROA	104	PROA	105	3.516767
PROA	105	PROA	106	3.500700
PROA	105	PROA	107	0.389490
PROA	105	PROA	166	0.146254
PROA	106	PROA	107	2.384158
PROA	106	PROA	108	0.700140
PROA	107	PROA	108	3.449772
PROA	107	PROA	109	2.724805
PROA	107	PROA	158	0.122628
PROA	108	PROA	109	3.256366
PROA	108	PROA	110	0.777844
PROA	108	PROA	156	4.006187
PROA	108	PROA	157	1.279754
PROA	108	PROA	158	2.463174
PROA	108	PROA	162	0.070014
PROA	108	PROA	164	1.189302
PROA	109	PROA	110	3.174302
PROA	109	PROA	111	0.149071
PROA	110	PROA	111	4.783404
PROA	110	PROA	112	0.061314
PROA	110	PROA	114	0.113961
PROA	110	PROA	115	0.613139
PROA	110	PROA	155	0.061314
PROA	110	PROA	156	0.674453
PROA	110	PROA	157	3.372266
PROA	110	PROA	158	0.071429
PROA	111	PROA	112	2.715291
PROA	111	PROA	113	2.582757
PROA	111	PROA	114	3.815836
PROA	111	PROA	115	0.662266
PROA	111	PROA	152	0.308607
PROA	111	PROA	153	0.783349
PROA	111	PROA	155	0.596040
PROA	111	PROA	156	2.053025
PROA	111	PROA	157	1.125853
PROA	112	PROA	113	2.152693
PROA	112	PROA	114	0.391293
PROA	112	PROA	115	2.315789
PROA	112	PROA	116	3.736842
PROA	112	PROA	121	0.315789
PROA	112	PROA	129	0.410391
PROA	112	PROA	133	0.473684
PROA	112	PROA	152	4.230661
PROA	112	PROA	155	3.842105
PROA	112	PROA	156	0.263158
PROA	112	PROA	157	2.578947
PROA	112	PROA	163	0.421053
PROA	112	PROA	217	1.052632
PROA	112	PROA	221	1.168471
PROA	113	PROA	114	3.396267
PROA	113	PROA	115	0.550689
PROA	113	PROA	116	1.151440
PROA	113	PROA	117	2.419259
PROA	113	PROA	152	3.499271
PROA	113	PROA	153	2.171241
PROA	113	PROA	155	0.050063
PROA	113	PROA	192	0.044544
PROA	114	PROA	115	1.760818
PROA	114	PROA	116	0.538028
PROA	114	PROA	117	2.090909
PROA	114	PROA	118	1.139606
PROA	115	PROA	116	2.842105
PROA	115	PROA	117	0.586939
PROA	115	PROA	118	1.962046
PROA	115	PROA	119	1.836169
PROA	115	PROA	121	1.578947
PROA	115	PROA	129	0.769484
PROA	115	PROA	157	1.526316
PROA	116	PROA	117	2.005376
PROA	116	PROA	118	0.735767
PROA	116	PROA	119	0.333849
PROA	116	PROA	121	1.526316
PROA	116	PROA	152	1.226279
PROA	116	PROA	217	0.368421
PROA	116	PROA	220	2.013986
PROA	116	PROA	221	3.060282
PROA	116	PROA	224	3.004383
PROA	117	PROA	118	2.905995
PROA	117	PROA	119	0.258544
PROA	117	PROA	224	0.113961
PROA	118	PROA	119	5.055989
PROA	119	PROA	120	3.588235
PROA	119	PROA	121	1.557962
PROA	119	PROA	224	0.388922
PROA	120	PROA	121	2.670791
PROA	120	PROA	122	0.219382
PROA	120	PROA	222	0.222566
PROA	120	PROA	223	0.146254
PROA	120	PROA	224	1.037126
PROA	120	PROA	281	0.972306
PROA	121	PROA	122	3.112715
PROA	121	PROA	123	0.245256
PROA	121	PROA	125	0.389490
PROA	121	PROA	126	3.894737
PROA	121	PROA	129	0.820783
PROA	121	PROA	221	2.058735
PROA	121	PROA	224	0.551825
PROA	122	PROA	123	3.303874
PROA	122	PROA	124	2.785242
PROA	122	PROA	125	3.290726
PROA	122	PROA	126	1.729286
PROA	122	PROA	127	0.090909
PROA	123	PROA	124	3.008915
PROA	123	PROA	125	0.518563
PROA	123	PROA	126	3.127011
PROA	123	PROA	127	1.128152
PROA	123	PROA	128	0.058321
PROA	123	PROA	283	2.160247
PROA	123	PROA	285	0.284901
PROA	123	PROA	286	0.084515
PROA	123	PROA	312	1.458030
PROA	124	PROA	125	4.900980
PROA	124	PROA	126	0.529813
PROA	124	PROA	127	1.653738
PROA	124	PROA	128	0.755929
PROA	124	PROA	316	0.692935
PROA	125	PROA	126	2.559508
PROA	125	PROA	127	1.023781
PROA	125	PROA	128	1.376066
PROA	125	PROA	129	1.952374
PROA	125	PROA	130	0.055641
PROA	125	PROA	161	0.658145
PROA	126	PROA	127	3.181887
PROA	126	PROA	128	0.500626
PROA	126	PROA	129	1.744163
PROA	126	PROA	130	1.052632
PROA	126	PROA	131	0.050063
PROA	126	PROA	218	0.842105
PROA	126	PROA	221	2.893357
PROA	126	PROA	222	2.210526
PROA	126	PROA	312	1.251565
PROA	127	PROA	128	2.697602
PROA	127	PROA	129	0.809040
PROA	127	PROA	130	1.590943
PROA	127	PROA	131	0.789542
PROA	127	PROA	132	0.073127
PROA	127	PROA	312	2.763397
PROA	127	PROA	313	2.628515
PROA	127	PROA	315	0.658145
PROA	127	PROA	316	1.579084
PROA	128	PROA	129	2.244570
PROA	128	PROA	130	0.350438
PROA	128	PROA	131	1.333333
PROA	128	PROA	132	3.175537
PROA	128	PROA	160	0.408248
PROA	128	PROA	161	2.171241
PROA	128	PROA	162	1.322876
PROA	128	PROA	316	3.809524
PROA	129	PROA	130	2.000658
PROA	129	PROA	131	0.487950
PROA	129	PROA	132	2.006607
PROA	129	PROA	133	1.231174
PROA	129	PROA	157	2.103256
PROA	129	PROA	158	0.059761
PROA	129	PROA	161	2.831639
PROA	129	PROA	162	0.064550
PROA	129	PROA	163	2.924038
PROA	129	PROA	221	0.488094
PROA	130	PROA	131	2.352943
PROA	130	PROA	132	0.612056
PROA	130	PROA	133	2.421053
PROA	130	PROA	134	2.684211
PROA	130	PROA	135	0.046829
PROA	130	PROA	214	0.802955
PROA	130	PROA	218	3.421053
PROA	130	PROA	221	2.170018
PROA	130	PROA	289	0.736842
PROA	130	PROA	293	0.778981
PROA	130	PROA	312	1.101378
PROA	130	PROA	313	2.000000
PROA	131	PROA	132	2.910909
PROA	131	PROA	133	0.550689
PROA	131	PROA	134	1.802254
PROA	131	PROA	135	3.207135
PROA	131	PROA	136	0.082479
PROA	131	PROA	308	2.052567
PROA	131	PROA	313	2.653319
PROA	131	PROA	316	1.809524
PROA	131	PROA	317	1.857143
PROA	131	PROA	318	1.511858
PROA	132	PROA	133	2.225660
PROA	132	PROA	134	0.556415
PROA	132	PROA	135	1.386207
PROA	132	PROA	136	0.825029
PROA	132	PROA	137	0.055641
PROA	132	PROA	161	0.950654
PROA	132	PROA	162	1.260252
PROA	132	PROA	163	4.840809
PROA	132	PROA	165	0.111283
PROA	133	PROA	134	2.842105
PROA	133	PROA	135	0.468293
PROA	133	PROA	136	1.040532
PROA	133	PROA	137	1.473684
PROA	133	PROA	138	0.048912
PROA	133	PROA	150	1.315789
PROA	133	PROA	155	2.842105
PROA	133	PROA	163	2.263158
PROA	133	PROA	165	1.263158
PROA	133	PROA	214	1.491202
PROA	133	PROA	217	1.263158
PROA	133	PROA	221	0.612056
PROA	134	PROA	135	1.920001
PROA	134	PROA	136	1.127243
PROA	134	PROA	137	2.473684
PROA	134	PROA	138	0.733674
PROA	134	PROA	211	0.789474
PROA	134	PROA	214	1.261787
PROA	134	PROA	289	0.105263
PROA	134	PROA	293	1.446679
PROA	134	PROA	304	1.548556
PROA	134	PROA	307	1.378405
PROA	134	PROA	308	3.578947
PROA	134	PROA	313	1.105263
PROA	135	PROA	136	2.854612
PROA	135	PROA	137	0.515122
PROA	135	PROA	138	2.698204
PROA	135	PROA	139	0.267261
PROA	135	PROA	308	2.060489
PROA	135	PROA	317	0.044544
PROA	135	PROA	318	0.824958
PROA	135	PROA	319	0.109109
PROA	135	PROA	320	1.907918
PROA	135	PROA	321	0.294628
PROA	135	PROA	323	0.163663
PROA	136	PROA	137	2.688041
PROA	136	PROA	138	1.289317
PROA	136	PROA	139	1.319658
PROA	136	PROA	140	0.780399
PROA	136	PROA	165	2.167775
PROA	137	PROA	138	2.005376
PROA	137	PROA	139	0.400501
PROA	137	PROA	140	3.157895
PROA	137	PROA	141	2.615150
PROA	137	PROA	150	0.263158
PROA	137	PROA	165	1.157895
PROA	137	PROA	210	2.715291
PROA	137	PROA	211	0.263158
PROA	137	PROA	214	1.261787
PROA	137	PROA	304	1.605910
PROA	138	PROA	139	2.558832
PROA	138	PROA	140	0.440204
PROA	138	PROA	141	1.137593
PROA	138	PROA	142	0.835672
PROA	138	PROA	304	1.545705
PROA	138	PROA	305	2.201928
PROA	138	PROA	308	1.418436
PROA	138	PROA	319	0.227921
PROA	138	PROA	320	0.771389
PROA	138	PROA	321	0.800095
PROA	138	PROA	322	2.642313
PROA	139	PROA	140	2.503131
PROA	139	PROA	141	0.476331
PROA	139	PROA	142	0.855337
PROA	139	PROA	143	0.414039
PROA	139	PROA	322	2.253745
PROA	139	PROA	323	3.557592
PROA	139	PROA	325	0.138013
PROA	140	PROA	141	2.837716
PROA	140	PROA	142	0.553372
PROA	140	PROA	143	1.378405
PROA	140	PROA	144	0.429198
PROA	140	PROA	145	2.294157
PROA	140	PROA	146	0.052632
PROA	140	PROA	147	0.945905
PROA	140	PROA	165	0.315789
PROA	140	PROA	168	1.282473
PROA	141	PROA	142	3.071344
PROA	141	PROA	143	0.997054
PROA	141	PROA	144	1.296407
PROA	141	PROA	145	0.363803
PROA	141	PROA	146	0.333849
PROA	141	PROA	207	0.775632
PROA	141	PROA	208	0.073127
PROA	141	PROA	210	0.560112
PROA	141	PROA	304	2.182821
PROA	142	PROA	143	3.337119
PROA	142	PROA	144	1.047570
PROA	142	PROA	322	1.323448
PROA	143	PROA	144	3.972225
PROA	143	PROA	145	2.687936
PROA	143	PROA	173	0.395285
PROA	143	PROA	329	1.060660
PROA	144	PROA	145	2.939874
PROA	144	PROA	146	0.429198
PROA	144	PROA	172	0.054554
PROA	144	PROA	173	1.737198
PROA	144	PROA	174	2.789009
PROA	144	PROA	207	2.905995
PROA	145	PROA	146	3.670652
PROA	145	PROA	147	0.485071
PROA	145	PROA	168	0.111803
PROA	145	PROA	171	1.343968
PROA	145	PROA	172	1.071652
PROA	145	PROA	173	3.000000
PROA	145	PROA	174	0.395285
PROA	145	PROA	210	0.072169
PROA	145	PROA	329	1.006231
PROA	145	PROA	331	0.279508
PROA	146	PROA	147	2.225660
PROA	146	PROA	148	2.669270
PROA	146	PROA	170	0.052632
PROA	146	PROA	171	1.015667
PROA	146	PROA	172	1.123903
PROA	146	PROA	173	0.516185
PROA	146	PROA	174	3.990119
PROA	146	PROA	175	0.264906
PROA	146	PROA	185	0.061314
PROA	146	PROA	207	0.489116
PROA	146	PROA	209	2.526316
PROA	146	PROA	210	1.258306
PROA	147	PROA	148	3.416009
PROA	147	PROA	149	0.420084
PROA	147	PROA	150	2.726433
PROA	147	PROA	154	1.685330
PROA	147	PROA	165	1.112830
PROA	147	PROA	166	0.731272
PROA	147	PROA	167	0.770154
PROA	147	PROA	168	3.037026
PROA	147	PROA	170	0.333849
PROA	147	PROA	171	2.761074
PROA	147	PROA	172	0.049507
PROA	147	PROA	210	0.280056
PROA	148	PROA	149	2.415948
PROA	148	PROA	150	0.468293
PROA	148	PROA	154	0.163663
PROA	148	PROA	170	2.154147
PROA	148	PROA	171	0.451848
PROA	148	PROA	172	1.375000
PROA	148	PROA	173	0.102062
PROA	148	PROA	174	0.193649
PROA	148	PROA	175	0.176777
PROA	148	PROA	178	0.445566
PROA	148	PROA	185	1.745743
PROA	148	PROA	186	4.848826
PROA	148	PROA	188	0.051031
PROA	148	PROA	209	0.280976
PROA	148	PROA	210	0.058926
PROA	149	PROA	150	2.450385
PROA	149	PROA	151	2.646467
PROA	149	PROA	154	0.462910
PROA	149	PROA	188	1.154701
PROA	149	PROA	189	0.091287
PROA	149	PROA	190	0.077152
PROA	149	PROA	193	1.196887
PROA	149	PROA	194	1.590990
PROA	149	PROA	213	0.348155
PROA	150	PROA	151	3.228166
PROA	150	PROA	152	0.061314
PROA	150	PROA	154	3.004383
PROA	150	PROA	155	2.421053
PROA	150	PROA	165	2.052632
PROA	150	PROA	166	0.069171
PROA	150	PROA	193	0.400501
PROA	150	PROA	213	0.622543
PROA	150	PROA	214	0.688247
PROA	150	PROA	217	1.789474
PROA	151	PROA	152	3.646738
PROA	151	PROA	153	1.864191
PROA	151	PROA	154	3.760699
PROA	151	PROA	155	0.831497
PROA	151	PROA	188	0.053300
PROA	151	PROA	189	0.067420
PROA	151	PROA	190	1.424507
PROA	151	PROA	193	2.744928
PROA	151	PROA	217	1.369525
PROA	152	PROA	153	3.465039
PROA	152	PROA	154	0.785714
PROA	152	PROA	155	2.636499
PROA	152	PROA	193	1.399708
PROA	152	PROA	217	3.127011
PROA	152	PROA	220	0.621059
PROA	153	PROA	154	3.626203
PROA	153	PROA	155	0.760886
PROA	153	PROA	156	0.345857
PROA	154	PROA	155	3.188325
PROA	154	PROA	156	0.551825
PROA	154	PROA	164	0.056980
PROA	154	PROA	165	0.735767
PROA	154	PROA	166	2.417469
PROA	154	PROA	167	0.540062
PROA	155	PROA	156	2.894737
PROA	155	PROA	157	0.473684
PROA	155	PROA	163	1.736842
PROA	155	PROA	164	0.440204
PROA	155	PROA	165	2.736842
PROA	155	PROA	166	0.415029
PROA	155	PROA	217	1.631579
PROA	156	PROA	157	2.315789
PROA	156	PROA	162	0.066227
PROA	156	PROA	163	0.473684
PROA	156	PROA	164	2.103199
PROA	156	PROA	165	0.210526
PROA	156	PROA	166	2.628515
PROA	157	PROA	158	3.801464
PROA	157	PROA	159	0.122628
PROA	157	PROA	161	0.691714
PROA	157	PROA	162	0.927173
PROA	157	PROA	163	3.578947
PROA	157	PROA	164	0.440204
PROA	158	PROA	159	3.571429
PROA	158	PROA	160	1.857143
PROA	158	PROA	161	1.611646
PROA	158	PROA	162	3.934735
PROA	158	PROA	163	0.245256
PROA	158	PROA	164	0.512823
PROA	159	PROA	160	4.285714
PROA	159	PROA	161	1.047570
PROA	159	PROA	162	0.154303
PROA	160	PROA	161	3.867950
PROA	160	PROA	162	3.780432
PROA	161	PROA	162	3.220437
PROA	161	PROA	163	0.691714
PROA	162	PROA	163	2.516611
PROA	162	PROA	164	1.169369
PROA	163	PROA	164	4.157486
PROA	163	PROA	165	0.578947
PROA	164	PROA	165	2.298845
PROA	164	PROA	166	0.449977
PROA	165	PROA	166	3.458572
PROA	165	PROA	168	1.949359
PROA	166	PROA	167	4.351941
PROA	166	PROA	168	1.483240
PROA	167	PROA	168	3.614784
PROA	167	PROA	169	1.636634
PROA	168	PROA	169	3.127071
PROA	168	PROA	170	0.410391
PROA	168	PROA	171	3.252691
PROA	169	PROA	170	3.728573
PROA	169	PROA	171	1.314751
PROA	170	PROA	171	2.829357
PROA	170	PROA	172	0.280976
PROA	170	PROA	186	1.243933
PROA	170	PROA	188	0.286770
PROA	171	PROA	172	2.711088
PROA	171	PROA	331	0.353553
PROA	172	PROA	173	2.857738
PROA	172	PROA	174	0.322749
PROA	172	PROA	186	0.210819
PROA	172	PROA	331	0.912871
PROA	172	PROA	334	0.210819
PROA	172	PROA	336	0.294628
PROA	173	PROA	174	4.743416
PROA	173	PROA	175	0.577350
PROA	173	PROA	329	0.782624
PROA	173	PROA	330	0.479702
PROA	173	PROA	331	1.677051
PROA	174	PROA	175	4.290493
PROA	174	PROA	176	0.253546
PROA	174	PROA	207	1.415820
PROA	175	PROA	176	5.014859
PROA	175	PROA	177	2.166667
PROA	175	PROA	178	4.410882
PROA	175	PROA	205	0.755929
PROA	176	PROA	177	4.397645
PROA	176	PROA	178	0.583383
PROA	176	PROA	203	0.455842
PROA	176	PROA	204	3.030458
PROA	176	PROA	205	3.382629
PROA	177	PROA	178	5.671134
PROA	177	PROA	185	0.308607
PROA	177	PROA	203	4.185111
PROA	177	PROA	204	0.545545
PROA	177	PROA	205	1.133893
PROA	178	PROA	185	2.852096
PROA	178	PROA	205	1.270215
PROA	185	PROA	186	4.071387
PROA	185	PROA	187	1.982920
PROA	185	PROA	198	1.778104
PROA	185	PROA	205	2.799417
PROA	185	PROA	209	0.429198
PROA	185	PROB	71	0.381881
PROA	186	PROA	187	2.141057
PROA	186	PROA	188	3.937533
PROA	186	PROA	194	0.210819
PROA	187	PROA	188	2.564060
PROA	187	PROA	189	0.138013
PROA	187	PROA	191	0.044544
PROA	187	PROA	194	1.648111
PROA	187	PROA	198	1.602004
PROA	187	PROA	199	0.952661
PROA	187	PROA	233	0.904762
PROA	187	PROB	68	2.084714
PROA	187	PROB	69	0.851064
PROA	187	PROB	71	3.207135
PROA	188	PROA	189	4.427189
PROA	188	PROA	190	0.467707
PROA	188	PROA	191	0.306186
PROA	188	PROA	194	1.786086
PROA	189	PROA	190	3.887710
PROA	189	PROA	191	1.549193
PROA	189	PROA	194	0.322749
PROA	190	PROA	191	3.709704
PROA	190	PROA	192	3.600595
PROA	190	PROA	193	1.166424
PROA	190	PROA	194	0.436436
PROA	190	PROA	231	0.170941
PROA	191	PROA	192	1.666667
PROA	191	PROA	193	0.267261
PROA	191	PROA	194	2.291667
PROA	191	PROA	199	0.445566
PROA	191	PROA	230	0.385758
PROA	191	PROA	231	1.479660
PROA	191	PROA	232	0.099015
PROA	191	PROA	233	1.024501
PROA	191	PROA	236	2.475369
PROA	191	PROB	68	0.895979
PROA	192	PROA	193	3.875288
PROA	192	PROA	194	0.458333
PROA	192	PROA	216	0.369274
PROA	192	PROA	226	1.254753
PROA	192	PROA	228	1.095445
PROA	192	PROA	229	1.254753
PROA	192	PROA	230	1.002972
PROA	192	PROA	231	0.609272
PROA	192	PROA	236	1.485221
PROA	193	PROA	194	1.692655
PROA	193	PROA	195	0.276026
PROA	193	PROA	212	0.311805
PROA	193	PROA	213	3.092373
PROA	193	PROA	216	2.500216
PROA	193	PROA	217	1.101378
PROA	193	PROA	220	0.845154
PROA	193	PROA	226	0.058321
PROA	194	PROA	195	3.872983
PROA	194	PROA	196	0.490990
PROA	194	PROA	198	1.592196
PROA	194	PROA	199	1.633743
PROA	194	PROA	212	0.500000
PROA	194	PROA	213	0.123091
PROA	194	PROA	236	0.198030
PROA	194	PROA	240	0.187317
PROA	195	PROA	196	4.817379
PROA	195	PROA	197	2.449490
PROA	195	PROA	198	3.337191
PROA	195	PROA	199	0.766965
PROA	195	PROA	208	0.190693
PROA	195	PROA	209	2.394072
PROA	195	PROA	212	2.711088
PROA	195	PROA	213	0.095346
PROA	195	PROA	301	0.451848
PROA	196	PROA	197	4.416420
PROA	196	PROA	198	0.858395
PROA	196	PROA	199	1.944611
PROA	196	PROA	200	2.943069
PROA	196	PROA	201	0.071429
PROA	196	PROA	212	3.273268
PROA	196	PROA	237	0.061314
PROA	196	PROA	240	2.513871
PROA	196	PROA	296	2.151411
PROA	196	PROA	298	0.071429
PROA	196	PROA	301	1.200198
PROA	197	PROA	198	4.324147
PROA	197	PROA	199	0.939336
PROA	197	PROA	200	2.606335
PROA	197	PROA	201	3.657347
PROA	197	PROA	205	0.338062
PROA	197	PROA	206	0.621059
PROA	197	PROA	208	0.467099
PROA	197	PROA	209	0.473879
PROA	197	PROA	255	0.059235
PROA	197	PROA	296	0.057735
PROA	197	PROA	298	2.346223
PROA	197	PROA	301	1.581139
PROA	198	PROA	199	3.171565
PROA	198	PROA	200	0.473684
PROA	198	PROA	201	0.981023
PROA	198	PROA	205	2.803507
PROA	198	PROA	209	1.526316
PROA	198	PROB	71	1.545367
PROA	199	PROA	200	2.225660
PROA	199	PROA	201	0.453743
PROA	199	PROA	233	4.339900
PROA	199	PROA	236	1.235294
PROA	199	PROA	237	2.503867
PROA	199	PROA	240	0.612056
PROA	199	PROB	71	1.287192
PROA	200	PROA	201	3.740150
PROA	200	PROA	202	0.276686
PROA	200	PROA	233	0.200250
PROA	200	PROA	237	1.315789
PROA	200	PROA	241	0.105263
PROA	200	PROA	255	3.421053
PROA	200	PROA	257	1.042337
PROA	200	PROA	260	2.829357
PROA	200	PROA	263	0.050063
PROA	200	PROA	264	2.157895
PROA	200	PROA	296	1.538968
PROA	200	PROB	71	0.983415
PROA	200	PROB	73	0.061314
PROA	201	PROA	202	2.900963
PROA	201	PROA	203	1.082625
PROA	201	PROA	204	0.101015
PROA	201	PROA	205	0.524891
PROA	201	PROA	254	0.080582
PROA	201	PROA	255	2.023360
PROA	201	PROA	256	1.962046
PROA	201	PROA	257	2.928571
PROA	201	PROB	71	2.127624
PROA	202	PROA	203	4.435488
PROA	202	PROA	205	0.986928
PROA	202	PROA	257	0.805823
PROA	202	PROB	69	0.069171
PROA	202	PROB	70	0.636364
PROA	202	PROB	71	3.385016
PROA	203	PROA	204	2.981545
PROA	203	PROA	205	1.209629
PROA	203	PROA	256	0.293470
PROA	203	PROA	257	0.056980
PROA	204	PROA	205	2.886751
PROA	204	PROA	206	0.707107
PROA	204	PROA	256	2.167775
PROA	205	PROA	206	2.391169
PROA	205	PROA	207	0.139573
PROA	205	PROA	209	0.200250
PROA	205	PROB	71	1.069045
PROA	206	PROA	207	3.019955
PROA	206	PROA	208	3.142710
PROA	206	PROA	209	0.674453
PROA	206	PROA	298	1.428571
PROA	206	PROA	299	1.037126
PROA	207	PROA	208	2.699862
PROA	207	PROA	209	0.440204
PROA	208	PROA	209	3.735258
PROA	208	PROA	210	0.522233
PROA	208	PROA	211	2.282658
PROA	208	PROA	212	0.369274
PROA	208	PROA	298	2.498051
PROA	208	PROA	301	2.954196
PROA	208	PROA	302	0.069171
PROA	209	PROA	210	3.311331
PROA	209	PROA	211	0.684211
PROA	209	PROA	212	0.842927
PROA	209	PROA	213	0.830057
PROA	209	PROA	301	0.234146
PROA	210	PROA	211	3.112651
PROA	210	PROA	212	0.766032
PROA	210	PROA	213	2.785242
PROA	210	PROA	214	1.732051
PROA	210	PROA	215	0.109109
PROA	210	PROA	304	0.072169
PROA	211	PROA	212	2.341465
PROA	211	PROA	213	0.691714
PROA	211	PROA	214	2.122096
PROA	211	PROA	215	0.693688
PROA	211	PROA	293	3.171565
PROA	211	PROA	301	1.498537
PROA	211	PROA	302	1.947368
PROA	211	PROA	303	0.236940
PROA	211	PROA	304	1.663264
PROA	211	PROA	307	1.160762
PROA	212	PROA	213	2.892650
PROA	212	PROA	214	0.612372
PROA	212	PROA	215	1.080123
PROA	212	PROA	216	1.723281
PROA	212	PROA	228	1.369306
PROA	212	PROA	240	1.404879
PROA	212	PROA	244	1.123903
PROA	212	PROA	293	0.396059
PROA	212	PROA	294	4.214636
PROA	212	PROA	295	0.872872
PROA	212	PROA	296	1.460593
PROA	212	PROA	301	2.583333
PROA	213	PROA	214	3.467380
PROA	213	PROA	215	1.367527
PROA	213	PROA	216	2.818182
PROA	213	PROA	217	1.175915
PROA	214	PROA	215	3.874136
PROA	214	PROA	216	1.055290
PROA	214	PROA	217	2.179449
PROA	214	PROA	218	0.860309
PROA	214	PROA	219	0.079057
PROA	214	PROA	293	0.727607
PROA	215	PROA	216	4.102581
PROA	215	PROA	217	1.040532
PROA	215	PROA	218	3.034885
PROA	215	PROA	219	1.553797
PROA	215	PROA	220	0.097590
PROA	215	PROA	227	0.086711
PROA	215	PROA	290	1.907642
PROA	215	PROA	293	1.375048
PROA	215	PROA	294	2.427908
PROA	216	PROA	217	2.628515
PROA	216	PROA	218	0.622543
PROA	216	PROA	219	2.097618
PROA	216	PROA	220	1.089899
PROA	216	PROA	226	0.080582
PROA	216	PROA	227	1.175915
PROA	216	PROA	228	0.471940
PROA	216	PROA	290	0.069171
PROA	216	PROA	294	1.660115
PROA	217	PROA	218	2.315789
PROA	217	PROA	219	0.652929
PROA	217	PROA	220	1.836282
PROA	217	PROA	221	2.281301
PROA	217	PROA	222	0.052632
PROA	218	PROA	219	3.119548
PROA	218	PROA	220	0.947758
PROA	218	PROA	221	4.562602
PROA	218	PROA	222	3.894737
PROA	218	PROA	223	0.069171
PROA	218	PROA	286	1.088214
PROA	218	PROA	289	0.263158
PROA	218	PROA	290	2.947368
PROA	218	PROA	293	0.278207
PROA	218	PROA	312	0.300376
PROA	219	PROA	220	3.429286
PROA	219	PROA	221	0.766965
PROA	219	PROA	222	1.668595
PROA	219	PROA	223	1.811579
PROA	219	PROA	224	0.253546
PROA	219	PROA	225	0.322749
PROA	219	PROA	226	0.422577
PROA	219	PROA	227	2.611715
PROA	219	PROA	279	2.262742
PROA	219	PROA	290	1.813691
PROA	219	PROA	294	0.217643
PROA	220	PROA	221	2.317030
PROA	220	PROA	222	0.473879
PROA	220	PROA	223	1.323448
PROA	220	PROA	224	1.725164
PROA	220	PROA	225	1.633843
PROA	220	PROA	226	3.105295
PROA	220	PROA	227	0.059235
PROA	221	PROA	222	2.392584
PROA	221	PROA	223	0.511891
PROA	221	PROA	224	0.648204
PROA	222	PROA	223	2.766858
PROA	222	PROA	224	0.429198
PROA	222	PROA	279	2.154555
PROA	222	PROA	282	3.699929
PROA	222	PROA	283	0.264906
PROA	222	PROA	286	2.176429
PROA	222	PROA	287	0.789474
PROA	222	PROA	290	0.526316
PROA	222	PROA	312	0.250313
PROA	223	PROA	224	4.351444
PROA	223	PROA	225	4.369748
PROA	223	PROA	278	0.069171
PROA	223	PROA	279	2.629379
PROA	224	PROA	225	2.618615
PROA	225	PROA	226	3.382377
PROA	225	PROA	227	0.140488
PROA	225	PROA	278	0.796098
PROA	225	PROA	280	0.054554
PROA	226	PROA	227	2.759127
PROA	226	PROA	228	1.553797
PROA	226	PROA	229	2.642857
PROA	227	PROA	228	5.899376
PROA	227	PROA	229	0.551825
PROA	227	PROA	243	2.210526
PROA	227	PROA	275	1.311220
PROA	227	PROA	278	1.315789
PROA	227	PROA	279	0.461690
PROA	227	PROA	294	1.315789
PROA	228	PROA	229	3.406402
PROA	228	PROA	230	0.760639
PROA	228	PROA	236	2.169305
PROA	228	PROA	239	2.060839
PROA	228	PROA	240	3.129234
PROA	228	PROA	243	1.025978
PROA	228	PROA	244	0.461690
PROA	228	PROA	275	0.045644
PROA	228	PROA	294	1.025978
PROA	229	PROA	230	4.646702
PROA	229	PROA	231	0.341882
PROA	229	PROA	236	0.713024
PROA	229	PROA	239	2.203893
PROA	230	PROA	231	3.706786
PROA	230	PROA	232	0.275010
PROA	230	PROA	235	0.654654
PROA	230	PROA	236	3.941804
PROA	230	PROA	239	2.200076
PROA	231	PROA	232	2.843982
PROA	231	PROA	233	0.232621
PROA	231	PROA	235	0.246183
PROA	231	PROA	236	0.723923
PROA	231	PROA	239	0.051709
PROA	232	PROA	233	1.958248
PROA	232	PROA	234	0.612056
PROA	232	PROA	235	2.520504
PROA	232	PROA	236	1.117647
PROA	232	PROA	237	0.055641
PROA	232	PROB	64	0.187867
PROA	233	PROA	234	2.853569
PROA	233	PROA	235	0.440959
PROA	233	PROA	236	0.952661
PROA	233	PROA	237	1.051315
PROA	233	PROA	238	0.058321
PROA	233	PROB	67	0.195180
PROA	233	PROB	68	4.507489
PROA	233	PROB	71	1.336306
PROA	233	PROB	72	0.311805
PROA	233	PROB	73	0.933139
PROA	233	PROB	76	1.101378
PROA	234	PROA	235	3.112651
PROA	234	PROA	236	0.556415
PROA	234	PROA	237	2.052632
PROA	234	PROA	238	2.023360
PROA	234	PROA	263	0.600751
PROA	234	PROB	73	1.839418
PROA	234	PROB	76	3.789474
PROA	234	PROB	77	1.778104
PROA	234	PROB	80	2.122096
PROA	235	PROA	236	3.010602
PROA	235	PROA	237	0.794719
PROA	235	PROA	238	1.928792
PROA	235	PROA	239	1.400280
PROA	236	PROA	237	2.336943
PROA	236	PROA	238	0.842665
PROA	236	PROA	239	3.000000
PROA	236	PROA	240	1.502320
PROA	237	PROA	238	2.636499
PROA	237	PROA	239	0.778981
PROA	237	PROA	240	2.789474
PROA	237	PROA	241	2.210526
PROA	237	PROA	242	0.086711
PROA	237	PROA	263	0.600751
PROA	237	PROA	264	0.210526
PROA	237	PROA	296	0.153897
PROA	237	PROB	73	1.042337
PROA	238	PROA	239	2.268713
PROA	238	PROA	240	0.858395
PROA	238	PROA	241	1.716790
PROA	238	PROA	242	1.010153
PROA	238	PROA	263	0.233285
PROA	239	PROA	240	2.281301
PROA	239	PROA	241	0.500773
PROA	239	PROA	242	1.283378
PROA	239	PROA	243	0.834622
PROA	240	PROA	241	2.789474
PROA	240	PROA	242	0.953821
PROA	240	PROA	243	0.631579
PROA	240	PROA	244	1.263158
PROA	240	PROA	296	1.077277
PROA	241	PROA	242	3.034885
PROA	241	PROA	243	0.368421
PROA	241	PROA	244	0.578947
PROA	241	PROA	245	1.127243
PROA	241	PROA	247	1.042337
PROA	241	PROA	263	0.150188
PROA	241	PROA	264	2.210526
PROA	241	PROA	267	1.684211
PROA	241	PROA	296	0.769484
PROA	242	PROA	243	3.555151
PROA	242	PROA	244	0.780399
PROA	242	PROA	245	1.285714
PROA	242	PROA	270	0.241747
PROA	242	PROA	271	0.101015
PROA	242	PROA	272	0.080582
PROA	242	PROA	273	0.472456
PROA	243	PROA	244	4.421053
PROA	243	PROA	245	0.693688
PROA	243	PROA	272	0.586939
PROA	243	PROA	273	2.466219
PROA	243	PROA	275	0.842927
PROA	243	PROA	278	1.947368
PROA	244	PROA	245	2.688041
PROA	244	PROA	246	0.138343
PROA	244	PROA	272	3.423812
PROA	244	PROA	273	0.114708
PROA	244	PROA	275	0.796098
PROA	244	PROA	294	1.421053
PROA	244	PROA	295	0.306570
PROA	244	PROA	296	2.205853
PROA	245	PROA	246	3.646738
PROA	245	PROA	247	0.808122
PROA	245	PROA	270	1.128152
PROA	245	PROA	271	1.515229
PROA	245	PROA	272	2.336887
PROA	246	PROA	247	5.157267
PROA	246	PROA	248	0.363636
PROA	246	PROA	268	0.241747
PROA	246	PROA	269	1.901308
PROA	246	PROA	270	2.249885
PROA	246	PROA	271	0.402911
PROA	246	PROA	272	0.128565
PROA	247	PROA	248	3.787368
PROA	247	PROA	251	1.851640
PROA	247	PROA	252	1.839418
PROA	247	PROA	264	2.329929
PROA	247	PROA	267	0.429198
PROA	247	PROA	296	0.298807
PROA	248	PROA	249	3.144471
PROA	248	PROA	250	1.868397
PROA	248	PROA	251	5.396407
PROA	248	PROA	252	1.521772
PROA	248	PROA	253	0.080582
PROA	249	PROA	250	3.256366
PROA	249	PROA	251	0.840168
PROA	249	PROA	252	1.836169
PROA	249	PROA	253	2.074252
PROA	249	PROA	265	0.166924
PROA	250	PROA	251	2.906888
PROA	250	PROA	252	0.710819
PROA	250	PROA	253	1.863177
PROA	250	PROA	254	1.634848
PROA	250	PROA	297	1.104105
PROA	250	PROA	300	1.706494
PROA	251	PROA	252	2.980198
PROA	251	PROA	253	0.771517
PROA	251	PROA	254	1.914854
PROA	251	PROA	255	1.059626
PROA	251	PROA	296	0.903696
PROA	251	PROA	297	3.703280
PROA	251	PROA	300	0.123091
PROA	252	PROA	253	3.617522
PROA	252	PROA	254	0.899229
PROA	252	PROA	255	2.105263
PROA	252	PROA	261	3.090733
PROA	252	PROA	264	1.894737
PROA	252	PROA	265	3.842105
PROA	253	PROA	254	3.465039
PROA	253	PROA	255	0.735767
PROA	253	PROA	261	2.073070
PROA	254	PROA	255	3.043544
PROA	254	PROA	256	0.553372
PROA	254	PROA	261	0.123091
PROA	254	PROA	297	2.175722
PROA	254	PROA	298	0.483494
PROA	254	PROA	299	1.170036
PROA	255	PROA	256	2.421053
PROA	255	PROA	257	2.329929
PROA	255	PROA	258	0.052632
PROA	255	PROA	260	1.523500
PROA	255	PROA	261	2.903416
PROA	255	PROA	264	1.684211
PROA	255	PROA	296	0.615587
PROA	256	PROA	257	2.575185
PROA	256	PROA	258	0.684211
PROA	256	PROA	261	0.702439
PROA	257	PROA	258	2.759127
PROA	257	PROA	259	1.766389
PROA	257	PROA	260	4.310287
PROA	257	PROA	261	0.763763
PROA	257	PROB	70	0.080582
PROA	257	PROB	71	1.309307
PROA	257	PROB	72	0.272772
PROA	257	PROB	73	0.071429
PROA	258	PROA	259	2.103199
PROA	258	PROA	260	0.725476
PROA	258	PROA	261	3.137562
PROA	258	PROA	262	1.287593
PROA	258	PROA	263	0.050063
PROA	259	PROA	260	2.629379
PROA	259	PROA	261	0.478714
PROA	259	PROA	262	1.709409
PROA	259	PROA	263	0.651339
PROA	259	PROB	14	0.113961
PROA	259	PROB	16	0.284901
PROA	259	PROB	19	1.969464
PROA	259	PROB	71	0.043519
PROA	259	PROB	72	4.090825
PROA	259	PROB	73	0.284901
PROA	259	PROB	74	0.861640
PROA	260	PROA	261	2.517439
PROA	260	PROA	262	0.845154
PROA	260	PROA	263	2.346223
PROA	260	PROA	264	1.886238
PROA	260	PROA	265	0.072548
PROA	260	PROB	71	0.129099
PROA	260	PROB	73	1.183216
PROA	261	PROA	262	2.509506
PROA	261	PROA	263	0.579066
PROA	261	PROA	264	0.889757
PROA	261	PROA	265	0.842927
PROA	262	PROA	263	2.332847
PROA	262	PROA	264	0.551825
PROA	262	PROA	265	1.778104
PROA	262	PROA	266	1.047570
PROA	263	PROA	264	3.704634
PROA	263	PROA	265	0.650814
PROA	263	PROA	266	1.710674
PROA	263	PROA	267	1.602004
PROA	263	PROB	73	3.265986
PROA	263	PROB	74	2.393775
PROA	263	PROB	77	0.758175
PROA	264	PROA	265	1.947368
PROA	264	PROA	266	0.760886
PROA	264	PROA	267	3.263158
PROA	264	PROA	296	0.872082
PROA	265	PROA	266	3.043544
PROA	265	PROA	267	0.473684
PROA	266	PROA	267	2.905201
PROA	266	PROA	268	0.483494
PROA	267	PROA	268	4.414603
PROA	267	PROA	269	0.278207
PROA	268	PROA	269	2.333533
PROA	268	PROA	270	1.424507
PROA	269	PROA	270	2.482021
PROA	269	PROA	271	0.129641
PROA	270	PROA	271	2.393172
PROA	270	PROA	272	0.181818
PROA	271	PROA	272	3.133916
PROA	271	PROA	273	0.467707
PROA	271	PROA	274	0.071429
PROA	272	PROA	273	2.824909
PROA	272	PROA	274	0.683763
PROA	272	PROA	275	1.044466
PROA	272	PROA	291	1.230915
PROA	273	PROA	274	4.276180
PROA	273	PROA	275	0.357217
PROA	273	PROA	277	1.581962
PROA	273	PROA	278	1.319140
PROA	274	PROA	275	1.800298
PROA	274	PROA	276	1.071429
PROA	274	PROA	277	3.873368
PROA	274	PROA	278	0.367884
PROA	275	PROA	276	2.400397
PROA	275	PROA	277	0.625000
PROA	275	PROA	278	2.809757
PROA	275	PROA	279	1.962672
PROA	275	PROA	287	2.903416
PROA	275	PROA	290	1.123903
PROA	275	PROA	291	3.594459
PROA	275	PROA	294	1.311220
PROA	276	PROA	277	2.236733
PROA	276	PROA	278	0.858395
PROA	276	PROA	279	2.569742
PROA	276	PROA	280	2.071429
PROA	276	PROA	287	1.594162
PROA	277	PROA	278	2.575611
PROA	277	PROA	279	0.456435
PROA	277	PROA	280	0.109109
PROA	278	PROA	279	4.052614
PROA	278	PROA	280	0.674453
PROA	279	PROA	280	2.988072
PROA	279	PROA	281	0.478091
PROA	279	PROA	282	3.040559
PROA	279	PROA	287	3.744821
PROA	279	PROA	290	0.923381
PROA	280	PROA	281	4.214286
PROA	280	PROA	282	0.676123
PROA	281	PROA	282	2.958040
PROA	281	PROA	283	0.308607
PROA	282	PROA	283	4.199206
PROA	282	PROA	284	0.476731
PROA	282	PROA	286	0.800000
PROA	282	PROA	287	2.974453
PROA	283	PROA	284	3.742670
PROA	283	PROA	285	3.569653
PROA	283	PROA	286	4.290493
PROA	283	PROA	287	0.993399
PROA	283	PROA	288	0.083333
PROA	283	PROA	312	1.259882
PROA	284	PROA	285	3.085557
PROA	284	PROA	286	1.239501
PROA	284	PROA	287	2.005972
PROA	284	PROA	288	2.088932
PROA	284	PROA	289	0.069171
PROA	285	PROA	286	2.696799
PROA	285	PROA	287	0.489116
PROA	285	PROA	288	1.784827
PROA	285	PROA	289	0.733674
PROA	285	PROA	290	0.048912
PROA	285	PROA	311	1.652428
PROA	285	PROA	312	3.954558
PROA	286	PROA	287	3.772477
PROA	286	PROA	288	0.912871
PROA	286	PROA	289	1.450953
PROA	286	PROA	290	1.160762
PROA	286	PROA	291	0.091287
PROA	286	PROA	312	4.140393
PROA	287	PROA	288	2.450385
PROA	287	PROA	289	0.684211
PROA	287	PROA	290	3.000000
PROA	287	PROA	291	0.993399
PROA	287	PROA	292	0.048912
PROA	288	PROA	289	2.384158
PROA	288	PROA	290	0.662266
PROA	288	PROA	291	1.916667
PROA	288	PROA	292	0.677003
PROA	288	PROA	310	0.070014
PROA	289	PROA	290	2.631579
PROA	289	PROA	291	0.728493
PROA	289	PROA	292	0.929320
PROA	289	PROA	293	3.394131
PROA	289	PROA	294	0.052632
PROA	289	PROA	302	0.526316
PROA	289	PROA	307	2.248976
PROA	289	PROA	310	3.783621
PROA	289	PROA	312	1.501879
PROA	289	PROA	313	1.105263
PROA	290	PROA	291	2.847745
PROA	290	PROA	292	0.635851
PROA	290	PROA	293	2.114377
PROA	290	PROA	294	3.263158
PROA	291	PROA	292	3.815836
PROA	291	PROA	293	0.630126
PROA	291	PROA	294	1.390759
PROA	291	PROA	295	1.311578
PROA	292	PROA	293	2.120060
PROA	292	PROA	294	0.684762
PROA	292	PROA	295	2.507133
PROA	292	PROA	300	0.090909
PROA	292	PROA	301	0.609272
PROA	292	PROA	302	2.690138
PROA	292	PROA	310	0.103418
PROA	293	PROA	294	2.782074
PROA	293	PROA	295	0.777844
PROA	293	PROA	301	1.039655
PROA	293	PROA	302	2.336943
PROA	293	PROA	307	1.610626
PROA	293	PROA	313	0.055641
PROA	294	PROA	295	2.513871
PROA	294	PROA	296	0.205196
PROA	294	PROA	301	0.327805
PROA	295	PROA	296	3.047833
PROA	295	PROA	297	1.571429
PROA	295	PROA	298	0.071429
PROA	295	PROA	300	2.165251
PROA	295	PROA	301	3.709704
PROA	295	PROA	302	0.122628
PROA	296	PROA	297	3.047833
PROA	296	PROA	298	0.478091
PROA	296	PROA	301	0.867227
PROA	297	PROA	298	4.428571
PROA	297	PROA	299	2.333533
PROA	297	PROA	300	3.304857
PROA	297	PROA	301	1.254753
PROA	298	PROA	299	4.148504
PROA	298	PROA	300	0.569803
PROA	298	PROA	301	4.964457
PROA	299	PROA	300	2.482021
PROA	299	PROA	301	0.643596
PROA	300	PROA	301	1.697257
PROA	300	PROA	302	0.146735
PROA	301	PROA	302	2.622440
PROA	301	PROA	303	0.263523
PROA	302	PROA	303	3.909503
PROA	302	PROA	304	0.286770
PROA	302	PROA	306	2.114377
PROA	302	PROA	307	2.756810
PROA	302	PROA	310	1.391037
PROA	303	PROA	304	2.581989
PROA	303	PROA	305	0.600000
PROA	303	PROA	306	2.254407
PROA	303	PROA	307	1.061446
PROA	304	PROA	305	2.775638
PROA	304	PROA	306	0.485071
PROA	304	PROA	307	2.134537
PROA	304	PROA	308	1.433848
PROA	305	PROA	306	2.880632
PROA	305	PROA	307	0.816497
PROA	305	PROA	308	1.599342
PROA	305	PROA	309	0.653197
PROA	305	PROA	317	0.056344
PROA	305	PROA	322	0.200000
PROA	306	PROA	307	3.144556
PROA	306	PROA	308	0.612056
PROA	306	PROA	309	2.224198
PROA	306	PROA	310	1.823529
PROA	307	PROA	308	2.901905
PROA	307	PROA	309	1.000000
PROA	307	PROA	310	2.684377
PROA	307	PROA	313	0.652929
PROA	308	PROA	309	2.611715
PROA	308	PROA	310	0.778981
PROA	308	PROA	313	2.052632
PROA	308	PROA	317	2.002505
PROA	309	PROA	310	3.528039
PROA	309	PROA	311	0.422577
PROA	309	PROA	313	0.145095
PROA	309	PROA	317	3.726354
PROA	310	PROA	311	3.824402
PROA	310	PROA	312	0.793884
PROA	310	PROA	313	1.112830
PROA	310	PROA	314	0.500979
PROA	311	PROA	312	2.449490
PROA	311	PROA	313	0.674453
PROA	311	PROA	314	1.932184
PROA	311	PROA	315	0.064820
PROA	312	PROA	313	4.255322
PROA	312	PROA	314	0.619780
PROA	312	PROA	315	0.264628
PROA	313	PROA	314	2.191691
PROA	313	PROA	315	0.834622
PROA	313	PROA	316	0.600751
PROA	313	PROA	317	0.951190
PROA	314	PROA	315	3.632101
PROA	314	PROA	316	0.450749
PROA	314	PROA	317	1.239560
PROA	315	PROA	316	3.387239
PROA	315	PROA	317	0.370479
PROA	316	PROA	317	1.857143
PROA	316	PROA	318	0.314970
PROA	317	PROA	318	3.401680
PROA	317	PROA	319	4.140804
PROA	318	PROA	319	4.551949
PROA	318	PROA	320	4.003786
PROA	319	PROA	320	3.465039
PROA	319	PROA	321	0.540062
PROA	320	PROA	321	3.829708
PROA	320	PROA	322	0.311400
PROA	321	PROA	322	4.099458
PROA	321	PROA	323	0.462910
PROA	322	PROA	323	3.588341
PROA	322	PROA	324	0.355409
PROA	323	PROA	324	2.145988
PROA	323	PROA	325	0.676123
PROA	324	PROA	325	3.917572
PROA	325	PROA	326	3.592585
PROA	325	PROA	327	0.300000
PROA	326	PROA	327	5.062279
PROA	327	PROA	328	5.831564
PROA	327	PROA	329	0.282843
PROA	328	PROA	329	2.330696
PROA	328	PROA	330	0.512823
PROA	329	PROA	330	4.052216
PROA	329	PROA	331	2.050000
PROA	330	PROA	331	2.765042
PROA	330	PROA	332	0.246183
PROA	331	PROA	332	2.452889
PROA	331	PROA	333	0.705024
PROA	331	PROA	335	0.102598
PROA	332	PROA	333	4.270854
PROA	332	PROA	350	0.074536
PROA	333	PROA	334	3.506856
PROA	333	PROA	335	1.724886
PROA	333	PROA	338	0.890264
PROA	333	PROA	342	0.465379
PROA	333	PROA	346	1.112830
PROA	334	PROA	335	2.784040
PROA	334	PROA	336	1.267105
PROA	334	PROA	337	0.074536
PROA	334	PROA	338	0.651584
PROA	335	PROA	336	2.582838
PROA	335	PROA	337	0.397360
PROA	335	PROA	338	3.631579
PROA	335	PROA	343	2.157895
PROA	335	PROA	346	0.842105
PROA	336	PROA	337	3.916667
PROA	336	PROA	338	0.794719
PROA	337	PROA	338	3.841144
PROA	337	PROA	339	0.617213
PROA	338	PROA	339	4.169348
PROA	338	PROA	340	0.146735
PROA	338	PROA	342	2.054287
PROA	338	PROA	343	3.789474
PROA	338	PROA	346	1.105263
PROA	339	PROA	340	2.165251
PROA	339	PROA	341	0.621059
PROA	339	PROA	342	2.336192
PROA	339	PROA	343	1.410220
PROA	340	PROA	341	2.036783
PROA	340	PROA	342	0.545455
PROA	340	PROA	343	2.005376
PROA	340	PROA	344	0.409091
PROA	341	PROA	342	1.816590
PROA	341	PROA	343	0.651584
PROA	341	PROA	344	3.798325
PROA	341	PROA	345	1.000000
PROA	342	PROA	343	3.032519
PROA	342	PROA	344	0.636364
PROA	342	PROA	345	2.917554
PROA	342	PROA	346	3.032519
PROA	343	PROA	344	1.662994
PROA	343	PROA	345	0.710819
PROA	343	PROA	346	2.789474
PROA	343	PROA	347	1.421053
PROA	343	PROA	348	0.051299
PROA	344	PROA	345	2.477168
PROA	344	PROA	346	0.489116
PROA	344	PROA	347	1.027144
PROA	344	PROA	348	1.144155
PROA	344	PROA	349	0.055048
PROA	345	PROA	346	3.080214
PROA	345	PROA	347	0.414644
PROA	345	PROA	348	1.789786
PROA	345	PROA	349	0.800000
PROA	346	PROA	347	2.684211
PROA	346	PROA	348	0.666886
PROA	346	PROA	349	1.658577
PROA	346	PROA	350	1.125463
PROA	346	PROA	351	0.061314
PROA	347	PROA	348	2.308451
PROA	347	PROA	349	0.592349
PROA	347	PROA	350	2.013986
PROA	347	PROA	351	2.636499
PROA	348	PROA	349	2.367136
PROA	348	PROA	350	0.346410
PROA	348	PROA	351	1.553797
PROA	348	PROA	352	0.636396
PROA	349	PROA	350	3.600000
PROA	349	PROA	351	0.759072
PROA	349	PROA	352	1.796292
PROA	349	PROA	353	0.052705
PROA	350	PROA	351	3.588341
PROA	350	PROA	352	0.898146
PROA	350	PROA	353	0.158114
PROA	350	PROA	354	0.346410
PROA	351	PROA	352	3.127071
PROA	351	PROA	353	0.381881
PROA	351	PROA	354	1.733081
PROA	351	PROA	355	1.555689
PROA	352	PROA	353	2.840188
PROA	352	PROA	354	1.131371
PROA	352	PROA	355	2.454288
PROA	352	PROA	358	1.518144
PROA	353	PROA	354	3.012474
PROA	353	PROA	355	0.544581
PROA	353	PROA	358	2.984417
PROA	354	PROA	355	4.013213
PROA	354	PROA	356	0.358569
PROA	355	PROA	356	4.018863
PROA	355	PROA	357	0.550019
PROA	355	PROA	358	0.582182
PROA	356	PROA	357	3.232488
PROA	356	PROA	358	0.408248
PROA	357	PROA	358	2.639316
PROA	357	PROA	359	0.694365
PROA	357	PROA	360	2.182179
PROA	358	PROA	359	5.701573
PROA	358	PROA	360	0.566947
PROA	359	PROA	360	2.474874
PROB	1	PROB	2	3.221253
PROB	1	PROB	3	0.688847
PROB	1	PROB	4	3.016760
PROB	1	PROB	5	1.191708
PROB	1	PROB	6	0.064820
PROB	1	PROB	50	0.187867
PROB	1	PROB	57	0.568796
PROB	2	PROB	3	3.919184
PROB	2	PROB	4	1.035098
PROB	2	PROB	5	2.031889
PROB	2	PROB	6	1.098701
PROB	3	PROB	4	2.366432
PROB	3	PROB	5	1.171080
PROB	3	PROB	6	2.139203
PROB	3	PROB	7	0.533114
PROB	3	PROB	82	1.239560
PROB	3	PROB	86	2.840188
PROB	4	PROB	5	3.299144
PROB	4	PROB	6	0.699854
PROB	4	PROB	7	1.602004
PROB	4	PROB	8	2.653319
PROB	4	PROB	50	1.014185
PROB	4	PROB	55	1.802254
PROB	4	PROB	56	2.015811
PROB	4	PROB	57	2.651880
PROB	4	PROB	60	0.650814
PROB	4	PROB	82	2.047619
PROB	5	PROB	6	3.131473
PROB	5	PROB	7	1.213954
PROB	5	PROB	8	2.774752
PROB	5	PROB	9	2.566756
PROB	5	PROB	10	0.109109
PROB	6	PROB	7	2.636499
PROB	6	PROB	8	0.674453
PROB	6	PROB	9	2.009432
PROB	6	PROB	10	1.620185
PROB	7	PROB	8	4.157895
PROB	7	PROB	9	0.778981
PROB	7	PROB	10	2.053025
PROB	7	PROB	11	3.210526
PROB	7	PROB	12	0.061314
PROB	7	PROB	60	1.631579
PROB	7	PROB	63	0.263158
PROB	7	PROB	78	1.446679
PROB	7	PROB	79	3.842714
PROB	7	PROB	82	3.254070
PROB	8	PROB	9	2.448225
PROB	8	PROB	10	0.794719
PROB	8	PROB	11	3.052632
PROB	8	PROB	12	1.287593
PROB	8	PROB	13	0.061314
PROB	8	PROB	43	0.069171
PROB	8	PROB	46	2.975337
PROB	8	PROB	55	1.842105
PROB	8	PROB	60	0.210526
PROB	8	PROB	63	0.526316
PROB	8	PROB	79	0.057354
PROB	9	PROB	10	2.520504
PROB	9	PROB	11	0.723339
PROB	9	PROB	12	2.592815
PROB	9	PROB	13	1.296407
PROB	9	PROB	14	0.064820
PROB	9	PROB	43	0.073127
PROB	10	PROB	11	2.781518
PROB	10	PROB	12	0.617213
PROB	10	PROB	13	0.925820
PROB	10	PROB	14	0.540062
PROB	10	PROB	78	0.980196
PROB	11	PROB	12	2.820441
PROB	11	PROB	13	0.490511
PROB	11	PROB	14	1.042337
PROB	11	PROB	15	1.736842
PROB	11	PROB	46	1.949359
PROB	11	PROB	63	1.000000
PROB	11	PROB	67	1.795462
PROB	11	PROB	75	3.263158
PROB	11	PROB	76	0.052632
PROB	11	PROB	78	1.224113
PROB	11	PROB	79	2.007388
PROB	12	PROB	13	3.357143
PROB	12	PROB	14	0.785714
PROB	12	PROB	15	2.391243
PROB	12	PROB	42	2.323351
PROB	12	PROB	43	3.384456
PROB	12	PROB	46	1.075706
PROB	13	PROB	14	2.500000
PROB	13	PROB	15	0.674453
PROB	14	PROB	15	3.065697
PROB	14	PROB	16	0.571429
PROB	14	PROB	19	0.077152
PROB	14	PROB	72	0.872872
PROB	14	PROB	74	0.385758
PROB	14	PROB	75	1.226279
PROB	14	PROB	78	0.583383
PROB	15	PROB	16	3.985406
PROB	15	PROB	17	0.105263
PROB	15	PROB	19	1.655665
PROB	15	PROB	20	3.105263
PROB	15	PROB	23	1.263158
PROB	15	PROB	42	1.734220
PROB	15	PROB	45	0.468293
PROB	15	PROB	46	0.820783
PROB	15	PROB	67	0.102598
PROB	15	PROB	72	0.187317
PROB	15	PROB	75	1.578947
PROB	16	PROB	17	2.452557
PROB	16	PROB	18	0.966092
PROB	16	PROB	19	4.397645
PROB	16	PROB	20	0.981023
PROB	16	PROB	21	0.069007
PROB	17	PROB	18	2.547100
PROB	17	PROB	19	0.662266
PROB	17	PROB	20	2.789474
PROB	17	PROB	21	1.421637
PROB	17	PROB	24	0.097823
PROB	17	PROB	39	0.105263
PROB	17	PROB	40	1.962046
PROB	17	PROB	41	0.122628
PROB	18	PROB	19	3.279566
PROB	18	PROB	20	0.829288
PROB	18	PROB	21	1.866667
PROB	18	PROB	22	2.003918
PROB	19	PROB	20	2.781518
PROB	19	PROB	21	0.819892
PROB	19	PROB	22	1.750350
PROB	19	PROB	23	1.059626
PROB	19	PROB	72	0.707107
PROB	20	PROB	21	2.547100
PROB	20	PROB	22	0.556415
PROB	20	PROB	23	2.210526
PROB	20	PROB	24	4.402044
PROB	20	PROB	25	0.069171
PROB	20	PROB	39	1.052632
PROB	20	PROB	40	0.797081
PROB	20	PROB	41	1.716790
PROB	20	PROB	42	2.514619
PROB	20	PROB	44	0.072548
PROB	20	PROB	45	1.592196
PROB	21	PROB	22	4.007835
PROB	21	PROB	23	0.710819
PROB	21	PROB	24	3.798325
PROB	21	PROB	25	1.401298
PROB	21	PROB	26	0.081650
PROB	22	PROB	23	2.336943
PROB	22	PROB	24	0.310253
PROB	22	PROB	25	2.193817
PROB	22	PROB	26	0.920358
PROB	22	PROB	70	0.585018
PROB	23	PROB	24	1.858641
PROB	23	PROB	25	0.760886
PROB	23	PROB	26	1.813691
PROB	23	PROB	27	0.830057
PROB	23	PROB	45	2.388294
PROB	23	PROB	66	1.578947
PROB	23	PROB	67	1.898060
PROB	23	PROB	70	1.867629
PROB	23	PROB	72	1.545367
PROB	23	PROB	75	1.421053
PROB	24	PROB	25	2.378450
PROB	24	PROB	26	1.078720
PROB	24	PROB	27	1.928473
PROB	24	PROB	28	1.409091
PROB	24	PROB	29	0.055048
PROB	24	PROB	36	2.378450
PROB	24	PROB	37	0.660578
PROB	24	PROB	39	2.201022
PROB	24	PROB	40	0.056980
PROB	24	PROB	45	1.610218
PROB	25	PROB	26	3.527812
PROB	25	PROB	27	1.000000
PROB	25	PROB	28	2.956992
PROB	25	PROB	29	1.323448
PROB	26	PROB	27	3.718504
PROB	26	PROB	28	0.674200
PROB	26	PROB	29	2.204541
PROB	26	PROB	30	0.639010
PROB	26	PROB	66	3.047000
PROB	26	PROB	69	1.886238
PROB	26	PROB	70	1.239501
PROB	27	PROB	28	2.571297
PROB	27	PROB	29	1.089899
PROB	27	PROB	30	1.827815
PROB	27	PROB	31	2.282658
PROB	27	PROB	45	1.538644
PROB	27	PROB	48	0.067420
PROB	27	PROB	49	0.691714
PROB	27	PROB	62	1.513289
PROB	27	PROB	66	2.490172
PROB	28	PROB	29	2.256976
PROB	28	PROB	30	0.861640
PROB	28	PROB	31	1.320613
PROB	28	PROB	32	0.170941
PROB	28	PROB	33	2.057038
PROB	28	PROB	36	1.542778
PROB	28	PROB	37	1.706494
PROB	29	PROB	30	2.608746
PROB	29	PROB	31	0.473879
PROB	30	PROB	31	5.099450
PROB	30	PROB	32	0.540062
PROB	30	PROB	62	1.511858
PROB	30	PROB	66	0.662266
PROB	30	PROB	69	0.066227
PROB	31	PROB	32	4.843801
PROB	31	PROB	33	1.452600
PROB	31	PROB	48	0.153897
PROB	31	PROB	49	0.052632
PROB	31	PROB	52	0.556415
PROB	31	PROB	54	0.538028
PROB	31	PROB	62	1.702129
PROB	32	PROB	33	2.820380
PROB	32	PROB	34	0.276026
PROB	33	PROB	34	3.503245
PROB	33	PROB	35	1.478496
PROB	33	PROB	36	3.363636
PROB	33	PROB	37	0.077850
PROB	33	PROB	48	1.348400
PROB	34	PROB	35	4.073566
PROB	34	PROB	36	0.544949
PROB	34	PROB	37	0.866667
PROB	35	PROB	36	2.571297
PROB	35	PROB	37	1.211060
PROB	35	PROB	38	3.357939
PROB	35	PROB	39	0.489116
PROB	35	PROB	48	0.143019
PROB	36	PROB	37	3.736795
PROB	36	PROB	38	1.167748
PROB	36	PROB	39	3.942772
PROB	36	PROB	45	0.123091
PROB	36	PROB	48	0.943880
PROB	37	PROB	38	2.800000
PROB	37	PROB	39	0.710819
PROB	37	PROB	40	0.207020
PROB	38	PROB	39	2.665570
PROB	38	PROB	40	0.759072
PROB	39	PROB	40	3.249638
PROB	39	PROB	41	1.287593
PROB	39	PROB	44	3.337191
PROB	39	PROB	45	2.669270
PROB	39	PROB	48	2.462348
PROB	40	PROB	41	3.500000
PROB	40	PROB	44	0.507093
PROB	41	PROB	42	4.141625
PROB	41	PROB	43	1.933975
PROB	41	PROB	44	3.972225
PROB	41	PROB	45	0.327327
PROB	42	PROB	43	4.102581
PROB	42	PROB	44	1.912366
PROB	42	PROB	45	2.005944
PROB	42	PROB	46	1.436762
PROB	42	PROB	47	0.113961
PROB	43	PROB	44	4.099889
PROB	43	PROB	45	0.677003
PROB	43	PROB	46	1.887760
PROB	43	PROB	47	1.363636
PROB	43	PROB	48	0.067420
PROB	44	PROB	45	2.259240
PROB	44	PROB	46	0.424264
PROB	44	PROB	47	2.574349
PROB	44	PROB	48	0.919239
PROB	45	PROB	46	2.829900
PROB	45	PROB	47	0.861640
PROB	45	PROB	48	2.282177
PROB	45	PROB	49	2.388294
PROB	45	PROB	50	0.052705
PROB	45	PROB	62	0.089087
PROB	45	PROB	63	0.234146
PROB	45	PROB	66	1.264391
PROB	45	PROB	67	0.456435
PROB	46	PROB	47	2.696799
PROB	46	PROB	48	0.800000
PROB	46	PROB	49	3.077935
PROB	46	PROB	50	0.923760
PROB	46	PROB	51	0.067420
PROB	46	PROB	55	2.103256
PROB	46	PROB	63	1.179875
PROB	46	PROB	67	0.500000
PROB	47	PROB	48	2.764219
PROB	47	PROB	49	0.622543
PROB	47	PROB	50	2.646896
PROB	47	PROB	51	1.909091
PROB	47	PROB	52	0.073127
PROB	48	PROB	49	2.564946
PROB	48	PROB	50	0.692820
PROB	48	PROB	51	1.550660
PROB	48	PROB	52	0.921954
PROB	49	PROB	50	2.310161
PROB	49	PROB	51	0.830057
PROB	49	PROB	52	1.279754
PROB	49	PROB	53	0.429198
PROB	49	PROB	54	2.347757
PROB	49	PROB	55	2.263158
PROB	49	PROB	62	2.052567
PROB	49	PROB	63	0.842105
PROB	50	PROB	51	4.359594
PROB	50	PROB	52	0.626224
PROB	50	PROB	53	0.897085
PROB	50	PROB	54	0.330289
PROB	50	PROB	55	2.724805
PROB	50	PROB	56	0.074536
PROB	51	PROB	52	2.925090
PROB	51	PROB	53	1.208734
PROB	52	PROB	53	3.111378
PROB	52	PROB	54	2.999109
PROB	53	PROB	54	2.621093
PROB	53	PROB	55	0.674453
PROB	53	PROB	59	0.071429
PROB	54	PROB	55	2.152110
PROB	54	PROB	59	0.569803
PROB	54	PROB	62	2.093589
PROB	55	PROB	56	3.576237
PROB	55	PROB	59	1.410220
PROB	55	PROB	60	1.473684
PROB	55	PROB	62	0.150188
PROB	55	PROB	63	2.210526
PROB	56	PROB	57	3.754290
PROB	56	PROB	58	1.666667
PROB	56	PROB	59	4.166190
PROB	56	PROB	60	0.728493
PROB	57	PROB	58	6.400758
PROB	57	PROB	59	0.512823
PROB	57	PROB	60	0.146735
PROB	57	PROB	82	0.697863
PROB	57	PROB	87	0.538028
PROB	58	PROB	59	3.008915
PROB	58	PROB	60	0.397360
PROB	58	PROB	82	0.188982
PROB	58	PROB	87	1.920572
PROB	59	PROB	60	3.678836
PROB	59	PROB	61	2.498051
PROB	59	PROB	62	0.349927
PROB	60	PROB	61	2.974372
PROB	60	PROB	62	0.550689
PROB	60	PROB	63	3.210526
PROB	60	PROB	64	0.888523
PROB	60	PROB	65	0.055641
PROB	60	PROB	79	2.810343
PROB	60	PROB	82	1.351691
PROB	60	PROB	83	1.685854
PROB	60	PROB	87	0.368421
PROB	61	PROB	62	2.697602
PROB	61	PROB	63	0.553372
PROB	61	PROB	64	2.257647
PROB	61	PROB	65	2.340072
PROB	62	PROB	63	3.053820
PROB	62	PROB	64	0.676123
PROB	62	PROB	65	1.323140
PROB	62	PROB	66	3.103882
PROB	63	PROB	64	2.665570
PROB	63	PROB	65	0.667698
PROB	63	PROB	66	1.526316
PROB	63	PROB	67	2.616245
PROB	63	PROB	68	0.059235
PROB	63	PROB	76	0.105263
PROB	63	PROB	79	2.064742
PROB	64	PROB	65	3.819968
PROB	64	PROB	66	0.592349
PROB	64	PROB	67	0.981495
PROB	64	PROB	68	0.800000
PROB	64	PROB	76	2.310161
PROB	64	PROB	79	0.580948
PROB	64	PROB	83	0.474342
PROB	65	PROB	66	2.615150
PROB	65	PROB	67	0.325396
PROB	65	PROB	68	1.502938
PROB	65	PROB	69	1.836169
PROB	66	PROB	67	2.564946
PROB	66	PROB	68	0.829288
PROB	66	PROB	69	2.789474
PROB	66	PROB	70	1.106743
PROB	66	PROB	71	0.046829
PROB	67	PROB	68	2.136196
PROB	67	PROB	69	0.461690
PROB	67	PROB	70	1.213560
PROB	67	PROB	71	0.456435
PROB	67	PROB	72	2.829900
PROB	67	PROB	73	0.119523
PROB	67	PROB	75	4.206511
PROB	67	PROB	76	3.693522
PROB	67	PROB	79	1.062132
PROB	68	PROB	69	3.198684
PROB	68	PROB	70	0.856349
PROB	68	PROB	71	1.370320
PROB	68	PROB	72	0.316228
PROB	68	PROB	76	0.651584
PROB	69	PROB	70	3.112715
PROB	69	PROB	71	1.732684
PROB	70	PROB	71	3.877382
PROB	70	PROB	72	1.969464
PROB	71	PROB	72	2.083333
PROB	71	PROB	73	0.654654
PROB	72	PROB	73	2.618615
PROB	72	PROB	74	2.651650
PROB	72	PROB	75	5.900491
PROB	72	PROB	76	0.702439
PROB	73	PROB	74	4.474797
PROB	73	PROB	75	0.797081
PROB	73	PROB	76	2.268616
PROB	73	PROB	77	1.285714
PROB	74	PROB	75	3.311331
PROB	74	PROB	76	0.728493
PROB	74	PROB	77	1.851640
PROB	74	PROB	78	0.770154
PROB	75	PROB	76	2.263158
PROB	75	PROB	77	0.735767
PROB	75	PROB	78	1.335396
PROB	75	PROB	79	0.458831
PROB	76	PROB	77	2.697813
PROB	76	PROB	78	0.778981
PROB	76	PROB	79	2.810343
PROB	76	PROB	80	2.007388
PROB	76	PROB	81	0.066227
PROB	77	PROB	78	3.629941
PROB	77	PROB	79	0.935414
PROB	77	PROB	80	2.672612
PROB	77	PROB	81	2.160247
PROB	77	PROB	82	0.058321
PROB	78	PROB	79	2.607258
PROB	78	PROB	80	0.606339
PROB	78	PROB	81	2.100420
PROB	78	PROB	82	0.635107
PROB	79	PROB	80	3.500000
PROB	79	PROB	81	0.938194
PROB	79	PROB	82	1.363862
PROB	79	PROB	83	1.939179
PROB	79	PROB	84	0.066815
PROB	80	PROB	81	3.247595
PROB	80	PROB	82	0.600099
PROB	80	PROB	83	2.500521
PROB	80	PROB	84	1.804013
PROB	81	PROB	82	2.456769
PROB	81	PROB	83	0.530330
PROB	81	PROB	84	2.623157
PROB	81	PROB	85	1.296362
PROB	81	PROB	86	0.072169
PROB	82	PROB	83	2.494438
PROB	82	PROB	84	0.816497
PROB	82	PROB	85	0.757240
PROB	82	PROB	86	3.109605
PROB	82	PROB	87	2.653319
PROB	83	PROB	84	2.509506
PROB	83	PROB	85	0.416667
PROB	83	PROB	86	0.357217
PROB	83	PROB	87	3.184392
PROB	83	PROB	88	0.304636
PROB	84	PROB	85	4.364358
PROB	84	PROB	86	0.267261
PROB	84	PROB	87	0.122628
PROB	84	PROB	88	1.082625
PROB	85	PROB	86	2.959800
PROB	85	PROB	87	0.374634
PROB	85	PROB	88	1.131505
PROB	86	PROB	87	3.097112
PROB	86	PROB	88	0.692902
PROB	86	PROB	89	0.391312
PROB	87	PROB	88	2.396668
PROB	87	PROB	89	0.512989
PROB	88	PROB	89	2.288310
