PROA	11	PROA	12	2.840188
PROA	11	PROA	13	0.788241
PROA	11	PROA	18	1.125000
PROA	11	PROA	19	0.111803
PROA	11	PROA	20	1.732051
PROA	12	PROA	13	2.692764
PROA	12	PROA	14	0.193649
PROA	12	PROA	17	0.062622
PROA	12	PROA	18	0.451848
PROA	12	PROA	19	1.674316
PROA	12	PROA	20	1.118034
PROA	12	PROA	21	0.129099
PROA	12	PROA	22	0.195180
PROA	12	PROA	27	0.069007
PROA	12	PROA	28	1.303168
PROA	13	PROA	14	3.031695
PROA	13	PROA	15	0.148522
PROA	13	PROA	16	2.291746
PROA	13	PROA	17	1.941176
PROA	13	PROA	18	1.333946
PROA	13	PROA	19	0.596559
PROA	13	PROA	28	0.166924
PROA	14	PROA	15	3.725266
PROA	14	PROA	16	1.039402
PROA	14	PROA	17	2.061553
PROA	14	PROA	18	0.187500
PROA	14	PROA	19	2.124265
PROA	14	PROA	28	1.663264
PROA	14	PROA	29	0.150756
PROA	14	PROA	30	1.636634
PROA	14	PROA	38	1.637115
PROA	14	PROA	40	1.658312
PROA	15	PROA	16	2.391702
PROA	15	PROA	17	1.930788
PROA	15	PROA	30	4.098006
PROA	15	PROA	38	0.198030
PROA	16	PROA	17	5.683531
PROA	16	PROA	18	0.377964
PROA	17	PROA	18	2.728526
PROA	17	PROA	19	0.542326
PROA	17	PROA	38	1.882353
PROA	17	PROA	55	0.258544
PROA	18	PROA	19	3.074593
PROA	18	PROA	20	2.092895
PROA	18	PROA	38	0.121268
PROA	18	PROA	55	1.439105
PROA	18	PROA	102	0.490990
PROA	19	PROA	20	2.646539
PROA	19	PROA	21	2.012461
PROA	19	PROA	22	0.084515
PROA	19	PROA	28	3.026636
PROA	19	PROA	38	1.789676
PROA	19	PROA	39	0.111803
PROA	19	PROA	40	2.022600
PROA	19	PROA	42	0.070711
PROA	19	PROA	53	1.949359
PROA	19	PROA	54	0.095346
PROA	19	PROA	55	1.811579
PROA	19	PROA	102	1.951800
PROA	20	PROA	21	3.391933
PROA	20	PROA	22	0.763763
PROA	20	PROA	28	0.066227
PROA	20	PROA	102	1.511858
PROA	21	PROA	22	4.252100
PROA	21	PROA	24	0.051031
PROA	21	PROA	25	3.109605
PROA	21	PROA	28	1.319140
PROA	21	PROA	53	2.925051
PROA	21	PROA	90	2.695635
PROA	21	PROA	102	1.745743
PROA	21	PROA	104	0.312500
PROA	22	PROA	23	5.353808
PROA	22	PROA	24	1.002972
PROA	22	PROA	25	1.732051
PROA	22	PROA	26	0.101015
PROA	23	PROA	24	2.236733
PROA	23	PROA	25	0.349927
PROA	23	PROA	26	0.571429
PROA	23	PROA	45	0.285714
PROA	24	PROA	25	6.280639
PROA	24	PROA	26	0.545545
PROA	24	PROA	43	0.133631
PROA	24	PROA	44	3.005204
PROA	24	PROA	45	2.345842
PROA	24	PROA	46	3.521142
PROA	24	PROA	47	1.363862
PROA	24	PROA	88	0.589256
PROA	25	PROA	26	2.624453
PROA	25	PROA	27	0.058321
PROA	25	PROA	28	0.550689
PROA	25	PROA	42	1.035098
PROA	25	PROA	43	0.523810
PROA	25	PROA	44	2.582757
PROA	25	PROA	45	0.408248
PROA	25	PROA	51	1.145644
PROA	25	PROA	53	1.652066
PROA	25	PROA	87	0.174964
PROA	25	PROA	88	1.889822
PROA	25	PROA	90	1.101378
PROA	25	PROA	104	1.854852
PROA	26	PROA	27	5.357143
PROA	26	PROA	28	0.919709
PROA	26	PROA	42	1.098701
PROA	26	PROA	43	2.566132
PROA	26	PROA	44	0.231455
PROA	26	PROA	45	2.785714
PROA	27	PROA	28	2.820441
PROA	27	PROA	29	0.483494
PROA	27	PROA	41	0.322329
PROA	27	PROA	42	1.014185
PROA	27	PROA	43	1.574672
PROA	27	PROA	45	0.071429
PROA	28	PROA	29	2.421001
PROA	28	PROA	40	0.968400
PROA	28	PROA	41	0.691714
PROA	28	PROA	42	2.611715
PROA	28	PROA	43	0.050063
PROA	28	PROA	53	0.421053
PROA	29	PROA	30	2.894987
PROA	29	PROA	31	1.590943
PROA	29	PROA	39	0.075378
PROA	29	PROA	40	2.545455
PROA	29	PROA	41	4.000000
PROA	29	PROA	42	0.095346
PROA	30	PROA	31	3.103882
PROA	30	PROA	32	4.866238
PROA	30	PROA	33	2.366432
PROA	30	PROA	38	0.688033
PROA	30	PROA	39	0.436436
PROA	30	PROA	40	1.250108
PROA	30	PROA	41	0.131590
PROA	31	PROA	32	3.468440
PROA	31	PROA	39	3.039758
PROA	31	PROA	40	2.836029
PROA	31	PROA	41	4.288630
PROA	31	PROA	52	0.290191
PROA	31	PROA	107	0.894737
PROA	32	PROA	33	4.196370
PROA	32	PROA	38	0.550019
PROA	32	PROA	39	2.834734
PROA	33	PROA	34	4.001190
PROA	33	PROA	37	1.366260
PROA	33	PROA	38	2.630142
PROA	33	PROA	39	1.807392
PROA	34	PROA	35	4.063777
PROA	34	PROA	36	0.824786
PROA	34	PROA	37	2.714286
PROA	34	PROA	38	0.550019
PROA	34	PROA	39	0.944911
PROA	34	PROA	54	0.161165
PROA	35	PROA	36	4.209400
PROA	35	PROA	37	0.836660
PROA	36	PROA	37	3.381623
PROA	36	PROA	55	0.186097
PROA	36	PROA	56	3.103882
PROA	36	PROA	57	2.368626
PROA	36	PROA	58	1.341387
PROA	36	PROA	64	1.904762
PROA	36	PROA	67	1.603567
PROA	36	PROA	68	2.974380
PROA	36	PROA	71	0.112687
PROA	36	PROA	169	0.577350
PROA	37	PROA	38	3.850134
PROA	37	PROA	39	0.755929
PROA	37	PROA	55	1.531064
PROA	37	PROA	56	0.260133
PROA	37	PROA	57	0.227921
PROA	38	PROA	39	3.092329
PROA	38	PROA	40	0.219382
PROA	38	PROA	54	0.258544
PROA	38	PROA	55	2.999109
PROA	39	PROA	40	4.145781
PROA	39	PROA	41	0.226134
PROA	39	PROA	52	0.316228
PROA	39	PROA	53	0.688247
PROA	39	PROA	54	3.571112
PROA	39	PROA	55	0.319801
PROA	40	PROA	41	4.272727
PROA	40	PROA	42	0.667424
PROA	40	PROA	51	0.075378
PROA	40	PROA	52	0.572078
PROA	40	PROA	53	2.766858
PROA	40	PROA	54	0.257130
PROA	41	PROA	42	4.290582
PROA	41	PROA	50	0.061546
PROA	41	PROA	51	0.527645
PROA	41	PROA	52	0.667424
PROA	41	PROA	53	0.484200
PROA	41	PROA	107	2.351829
PROA	42	PROA	43	3.450328
PROA	42	PROA	44	0.365148
PROA	42	PROA	49	0.079057
PROA	42	PROA	50	0.903696
PROA	42	PROA	51	3.794733
PROA	42	PROA	52	0.200000
PROA	42	PROA	53	2.248976
PROA	42	PROA	107	0.290191
PROA	43	PROA	44	3.842639
PROA	43	PROA	45	1.807957
PROA	43	PROA	48	1.814444
PROA	43	PROA	49	1.963961
PROA	43	PROA	50	1.692655
PROA	43	PROA	51	0.600099
PROA	44	PROA	45	3.626129
PROA	44	PROA	46	1.804220
PROA	44	PROA	47	2.314550
PROA	44	PROA	48	1.169369
PROA	44	PROA	49	3.824946
PROA	44	PROA	50	0.235702
PROA	44	PROA	51	2.309401
PROA	44	PROA	104	0.072169
PROA	45	PROA	46	3.942103
PROA	45	PROA	47	0.285714
PROA	45	PROA	48	1.253566
PROA	45	PROA	49	0.066815
PROA	46	PROA	47	3.741657
PROA	46	PROA	48	1.172604
PROA	47	PROA	48	2.735054
PROA	47	PROA	49	2.004459
PROA	48	PROA	49	2.451808
PROA	49	PROA	50	3.010831
PROA	49	PROA	51	2.562500
PROA	49	PROA	87	0.066815
PROA	50	PROA	51	2.449490
PROA	50	PROA	107	2.762928
PROA	50	PROA	109	0.105409
PROA	51	PROA	52	3.715676
PROA	51	PROA	53	1.548556
PROA	51	PROA	87	1.804013
PROA	51	PROA	104	2.375000
PROA	51	PROA	105	0.788241
PROA	51	PROA	106	0.433013
PROA	51	PROA	107	2.580927
PROA	52	PROA	53	3.264643
PROA	52	PROA	54	0.741620
PROA	52	PROA	84	0.145095
PROA	52	PROA	103	0.217643
PROA	52	PROA	104	1.502082
PROA	52	PROA	105	4.525093
PROA	52	PROA	106	1.917029
PROA	52	PROA	107	3.627381
PROA	52	PROA	108	0.153393
PROA	53	PROA	54	2.592315
PROA	53	PROA	55	0.342381
PROA	53	PROA	90	0.157895
PROA	53	PROA	102	1.401753
PROA	53	PROA	103	0.789474
PROA	53	PROA	104	3.383882
PROA	53	PROA	105	0.222566
PROA	54	PROA	55	1.590909
PROA	54	PROA	56	2.005376
PROA	54	PROA	71	0.330289
PROA	54	PROA	101	0.159901
PROA	54	PROA	102	0.465242
PROA	54	PROA	103	2.347757
PROA	54	PROA	104	0.159901
PROA	54	PROA	105	2.016642
PROA	54	PROA	167	1.477098
PROA	55	PROA	56	3.081431
PROA	55	PROA	57	0.578542
PROA	55	PROA	100	2.092555
PROA	55	PROA	101	0.692902
PROA	55	PROA	102	3.489316
PROA	55	PROA	103	0.195646
PROA	56	PROA	57	3.181887
PROA	56	PROA	58	2.575185
PROA	56	PROA	68	2.207302
PROA	56	PROA	72	0.105263
PROA	56	PROA	99	0.048912
PROA	56	PROA	100	0.728493
PROA	56	PROA	101	3.670652
PROA	56	PROA	102	0.350438
PROA	56	PROA	103	2.421053
PROA	57	PROA	58	4.673773
PROA	57	PROA	59	0.471940
PROA	57	PROA	64	0.065795
PROA	57	PROA	99	0.257130
PROA	57	PROA	100	2.698204
PROA	57	PROA	101	0.376889
PROA	58	PROA	59	5.318767
PROA	58	PROA	60	0.897085
PROA	58	PROA	61	0.648204
PROA	58	PROA	64	2.274526
PROA	58	PROA	65	2.498051
PROA	58	PROA	68	2.571429
PROA	58	PROA	99	0.170941
PROA	58	PROA	100	0.077152
PROA	58	PROA	101	0.668153
PROA	58	PROA	347	0.183942
PROA	59	PROA	60	2.020726
PROA	59	PROA	61	0.542326
PROA	59	PROA	65	1.887760
PROA	59	PROA	98	1.898142
PROA	59	PROA	99	1.334848
PROA	59	PROA	100	0.064550
PROA	59	PROA	101	0.782624
PROA	59	PROA	340	2.812715
PROA	59	PROA	343	0.153897
PROA	59	PROA	344	4.004543
PROA	59	PROA	347	1.231174
PROA	60	PROA	61	3.882591
PROA	60	PROA	62	0.125245
PROA	60	PROA	64	0.732467
PROA	60	PROA	340	0.055048
PROA	61	PROA	62	4.764706
PROA	61	PROA	63	1.620509
PROA	61	PROA	64	3.334314
PROA	61	PROA	65	0.585018
PROA	61	PROA	340	0.103418
PROA	62	PROA	63	4.472606
PROA	62	PROA	64	0.423405
PROA	62	PROA	65	1.828181
PROA	62	PROA	66	1.176471
PROA	62	PROA	338	0.055641
PROA	62	PROA	340	1.085884
PROA	62	PROA	343	0.667698
PROA	63	PROA	64	3.149344
PROA	63	PROA	65	1.208734
PROA	63	PROA	66	4.083683
PROA	63	PROA	67	3.055050
PROA	63	PROA	68	0.071429
PROA	63	PROA	70	0.054554
PROA	64	PROA	65	2.566012
PROA	64	PROA	66	0.529256
PROA	64	PROA	67	2.895330
PROA	64	PROA	68	1.399708
PROA	64	PROA	69	0.050063
PROA	65	PROA	66	3.436980
PROA	65	PROA	67	0.677003
PROA	65	PROA	68	1.933975
PROA	65	PROA	69	0.830057
PROA	65	PROA	70	0.061546
PROA	65	PROA	335	0.069171
PROA	65	PROA	340	0.835672
PROA	65	PROA	343	2.213486
PROA	65	PROA	347	0.968400
PROA	66	PROA	67	2.227832
PROA	66	PROA	68	0.842665
PROA	66	PROA	69	1.112830
PROA	66	PROA	70	3.911083
PROA	66	PROA	71	0.062622
PROA	66	PROA	335	3.616697
PROA	66	PROA	336	2.170434
PROA	66	PROA	338	0.055641
PROA	66	PROA	343	1.947452
PROA	67	PROA	68	2.673169
PROA	67	PROA	69	0.280976
PROA	67	PROA	70	1.500000
PROA	67	PROA	71	0.632456
PROA	67	PROA	72	0.046829
PROA	67	PROA	169	1.311578
PROA	67	PROA	170	1.170732
PROA	68	PROA	69	2.145988
PROA	68	PROA	70	0.654654
PROA	68	PROA	71	1.656157
PROA	68	PROA	72	2.145988
PROA	68	PROA	73	0.056980
PROA	68	PROA	347	0.797081
PROA	69	PROA	70	2.154147
PROA	69	PROA	71	0.770054
PROA	69	PROA	72	2.736842
PROA	69	PROA	73	3.032519
PROA	69	PROA	74	0.052632
PROA	69	PROA	333	0.055641
PROA	69	PROA	335	2.631579
PROA	69	PROA	343	0.947368
PROA	69	PROA	346	2.000000
PROA	69	PROA	347	4.473684
PROA	69	PROA	350	1.006993
PROA	70	PROA	71	1.844662
PROA	70	PROA	72	0.468293
PROA	70	PROA	73	0.957427
PROA	70	PROA	74	0.936586
PROA	70	PROA	75	0.046829
PROA	70	PROA	169	0.077152
PROA	70	PROA	171	0.322749
PROA	70	PROA	172	2.916667
PROA	70	PROA	329	0.045644
PROA	70	PROA	331	1.780098
PROA	70	PROA	334	0.948683
PROA	70	PROA	335	3.840002
PROA	70	PROA	336	1.355288
PROA	71	PROA	72	3.257919
PROA	71	PROA	73	0.385337
PROA	71	PROA	74	1.125463
PROA	71	PROA	75	2.902510
PROA	71	PROA	76	0.059235
PROA	71	PROA	103	0.118470
PROA	71	PROA	105	0.062622
PROA	71	PROA	167	0.894427
PROA	71	PROA	168	3.233162
PROA	71	PROA	169	3.513240
PROA	71	PROA	171	0.081650
PROA	72	PROA	73	2.152110
PROA	72	PROA	74	0.526316
PROA	72	PROA	75	1.000000
PROA	72	PROA	76	2.578947
PROA	72	PROA	77	0.046829
PROA	72	PROA	86	0.052632
PROA	72	PROA	89	1.263158
PROA	72	PROA	101	0.114708
PROA	72	PROA	103	1.526316
PROA	72	PROA	347	1.578947
PROA	72	PROA	350	1.184698
PROA	72	PROA	351	0.245256
PROA	73	PROA	74	2.347757
PROA	73	PROA	75	0.244558
PROA	73	PROA	76	0.880409
PROA	73	PROA	77	0.609272
PROA	73	PROA	329	1.906925
PROA	73	PROA	331	0.858116
PROA	73	PROA	332	1.969464
PROA	73	PROA	350	2.146879
PROA	74	PROA	75	3.052632
PROA	74	PROA	76	0.631579
PROA	74	PROA	77	1.498537
PROA	74	PROA	78	2.564946
PROA	74	PROA	145	3.728006
PROA	74	PROA	168	2.154555
PROA	74	PROA	171	1.668595
PROA	74	PROA	172	0.561951
PROA	74	PROA	173	0.229416
PROA	74	PROA	329	1.641565
PROA	74	PROA	331	0.461690
PROA	75	PROA	76	2.105263
PROA	75	PROA	77	0.608781
PROA	75	PROA	78	1.898060
PROA	75	PROA	83	0.631579
PROA	75	PROA	84	1.684211
PROA	75	PROA	85	0.086711
PROA	75	PROA	86	3.157895
PROA	75	PROA	105	0.333849
PROA	75	PROA	166	0.069171
PROA	75	PROA	167	0.529813
PROA	75	PROA	168	2.667544
PROA	76	PROA	77	1.732684
PROA	76	PROA	78	0.564288
PROA	76	PROA	86	2.315789
PROA	76	PROA	89	1.000000
PROA	76	PROA	350	1.303168
PROA	76	PROA	351	0.122628
PROA	76	PROA	353	2.294635
PROA	76	PROA	354	1.795462
PROA	77	PROA	78	2.236534
PROA	77	PROA	79	0.208333
PROA	77	PROA	139	0.044544
PROA	77	PROA	143	0.193649
PROA	77	PROA	325	0.064550
PROA	77	PROA	326	1.159502
PROA	77	PROA	327	2.130141
PROA	77	PROA	328	0.381881
PROA	77	PROA	329	2.419108
PROA	78	PROA	79	2.145247
PROA	78	PROA	80	0.705024
PROA	78	PROA	83	3.642223
PROA	78	PROA	139	1.854210
PROA	78	PROA	140	1.898060
PROA	78	PROA	143	0.919239
PROA	78	PROA	145	2.124265
PROA	78	PROA	168	1.550000
PROA	79	PROA	80	2.227832
PROA	79	PROA	139	1.291763
PROA	79	PROA	324	2.997075
PROA	79	PROA	326	0.105409
PROA	80	PROA	81	3.757346
PROA	80	PROA	82	3.565120
PROA	80	PROA	83	2.837716
PROA	80	PROA	135	2.871428
PROA	80	PROA	136	1.833397
PROA	80	PROA	139	4.181123
PROA	80	PROA	323	1.426048
PROA	81	PROA	82	3.795361
PROA	81	PROA	83	0.414644
PROA	81	PROA	135	2.371708
PROA	81	PROA	163	0.059235
PROA	81	PROA	164	0.880771
PROA	81	PROA	323	0.138013
PROA	82	PROA	83	2.759127
PROA	82	PROA	84	0.122628
PROA	82	PROA	132	3.629941
PROA	82	PROA	133	0.061314
PROA	82	PROA	135	2.509506
PROA	82	PROA	136	3.131473
PROA	82	PROA	163	1.103651
PROA	82	PROA	164	2.450152
PROA	82	PROA	165	0.981023
PROA	83	PROA	84	2.894737
PROA	83	PROA	85	0.520266
PROA	83	PROA	136	1.820931
PROA	83	PROA	139	1.251565
PROA	83	PROA	140	2.263158
PROA	83	PROA	164	1.320613
PROA	83	PROA	165	2.631579
PROA	83	PROA	166	0.138343
PROA	83	PROA	168	1.692864
PROA	84	PROA	85	4.162128
PROA	84	PROA	86	0.526316
PROA	84	PROA	105	3.060282
PROA	84	PROA	106	4.039824
PROA	84	PROA	108	0.834622
PROA	84	PROA	164	2.103199
PROA	84	PROA	165	1.105263
PROA	84	PROA	166	3.527744
PROA	84	PROA	167	0.529813
PROA	84	PROA	168	0.410391
PROA	85	PROA	86	3.988706
PROA	85	PROA	87	0.707107
PROA	85	PROA	105	1.191708
PROA	85	PROA	106	2.618615
PROA	85	PROA	164	0.644658
PROA	86	PROA	87	3.310952
PROA	86	PROA	88	1.523212
PROA	86	PROA	89	1.157895
PROA	86	PROA	103	1.631579
PROA	86	PROA	104	1.147079
PROA	86	PROA	105	2.893357
PROA	86	PROA	106	0.066227
PROA	86	PROA	354	1.077277
PROA	87	PROA	88	3.394674
PROA	87	PROA	104	3.407581
PROA	87	PROA	105	2.333533
PROA	87	PROA	106	0.925820
PROA	87	PROA	354	0.597614
PROA	88	PROA	89	3.841144
PROA	88	PROA	90	2.053025
PROA	88	PROA	102	0.062994
PROA	88	PROA	103	0.463586
PROA	88	PROA	104	5.051815
PROA	88	PROA	105	0.070014
PROA	88	PROA	354	2.259240
PROA	89	PROA	90	3.421053
PROA	89	PROA	91	0.608781
PROA	89	PROA	101	0.975017
PROA	89	PROA	102	1.051315
PROA	89	PROA	103	4.315789
PROA	89	PROA	104	0.630893
PROA	89	PROA	351	3.310952
PROA	89	PROA	354	3.231832
PROA	89	PROA	355	0.890264
PROA	90	PROA	91	2.341465
PROA	90	PROA	101	0.458831
PROA	90	PROA	102	3.904884
PROA	90	PROA	103	0.263158
PROA	90	PROA	104	1.491202
PROA	90	PROA	355	0.500773
PROA	91	PROA	92	4.905779
PROA	91	PROA	93	0.818317
PROA	91	PROA	94	0.109109
PROA	91	PROA	98	1.584236
PROA	91	PROA	100	0.176777
PROA	91	PROA	101	1.377838
PROA	91	PROA	102	0.267261
PROA	91	PROA	347	0.093659
PROA	91	PROA	348	5.066434
PROA	91	PROA	349	0.316228
PROA	91	PROA	351	3.273268
PROA	91	PROA	352	1.355544
PROA	91	PROA	355	3.416009
PROA	92	PROA	93	4.817379
PROA	92	PROA	94	2.281916
PROA	92	PROA	97	1.917412
PROA	92	PROA	98	2.070805
PROA	92	PROA	99	0.337100
PROA	92	PROA	100	0.091287
PROA	92	PROA	348	1.060660
PROA	93	PROA	94	4.357143
PROA	93	PROA	97	0.324102
PROA	93	PROA	348	0.657376
PROA	94	PROA	95	3.310952
PROA	94	PROA	96	3.312315
PROA	94	PROA	97	3.629941
PROA	94	PROA	98	0.648204
PROA	94	PROA	348	1.792843
PROA	95	PROA	96	3.435623
PROA	95	PROA	97	0.834622
PROA	95	PROA	98	2.948999
PROA	95	PROA	341	0.059235
PROA	95	PROA	344	2.298845
PROA	95	PROA	345	2.724805
PROA	95	PROA	348	3.334430
PROA	96	PROA	97	4.070458
PROA	96	PROA	98	0.563602
PROA	96	PROA	344	0.055048
PROA	97	PROA	98	2.176471
PROA	97	PROA	99	1.241010
PROA	98	PROA	99	2.895691
PROA	98	PROA	100	0.210042
PROA	98	PROA	101	1.576482
PROA	98	PROA	344	2.947400
PROA	98	PROA	347	1.613603
PROA	98	PROA	348	2.982794
PROA	98	PROA	351	0.583383
PROA	99	PROA	100	3.446562
PROA	99	PROA	101	0.586302
PROA	99	PROA	344	0.090909
PROA	100	PROA	101	3.608439
PROA	100	PROA	102	0.188982
PROA	101	PROA	102	2.564060
PROA	101	PROA	103	1.032371
PROA	101	PROA	347	0.573539
PROA	101	PROA	351	0.400892
PROA	102	PROA	103	2.102630
PROA	102	PROA	104	0.436436
PROA	103	PROA	104	3.326528
PROA	103	PROA	105	1.613603
PROA	104	PROA	105	3.577400
PROA	105	PROA	106	3.290658
PROA	105	PROA	107	0.222566
PROA	105	PROA	167	0.070014
PROA	106	PROA	107	3.046424
PROA	106	PROA	108	1.190238
PROA	106	PROA	164	2.523376
PROA	107	PROA	108	3.227206
PROA	107	PROA	109	1.480872
PROA	107	PROA	158	0.183942
PROA	108	PROA	109	3.131121
PROA	108	PROA	110	0.648204
PROA	108	PROA	156	4.506961
PROA	108	PROA	157	1.947452
PROA	108	PROA	158	1.814970
PROA	108	PROA	162	0.420084
PROA	108	PROA	163	0.445132
PROA	108	PROA	164	2.688856
PROA	108	PROA	166	0.585018
PROA	109	PROA	110	2.967282
PROA	109	PROA	157	0.592349
PROA	109	PROA	158	3.036288
PROA	109	PROA	159	4.830459
PROA	109	PROA	160	0.069007
PROA	110	PROA	111	4.011887
PROA	110	PROA	112	0.429198
PROA	110	PROA	115	3.617522
PROA	110	PROA	156	0.858395
PROA	110	PROA	157	3.372266
PROA	110	PROA	158	0.214286
PROA	110	PROA	159	0.142857
PROA	111	PROA	112	2.317932
PROA	111	PROA	113	1.259882
PROA	111	PROA	114	3.569653
PROA	111	PROA	115	0.662266
PROA	111	PROA	152	0.154303
PROA	111	PROA	153	0.870388
PROA	111	PROA	155	0.463586
PROA	111	PROA	156	4.106050
PROA	111	PROA	157	0.331133
PROA	112	PROA	113	2.102630
PROA	112	PROA	114	0.342381
PROA	112	PROA	115	2.368421
PROA	112	PROA	116	3.684211
PROA	112	PROA	117	0.048912
PROA	112	PROA	121	0.736842
PROA	112	PROA	129	1.025978
PROA	112	PROA	133	0.684211
PROA	112	PROA	152	3.924092
PROA	112	PROA	153	0.138343
PROA	112	PROA	155	2.894737
PROA	112	PROA	156	0.421053
PROA	112	PROA	157	1.000000
PROA	112	PROA	163	0.842105
PROA	112	PROA	217	0.421053
PROA	112	PROA	221	1.001547
PROA	113	PROA	114	3.582364
PROA	113	PROA	115	0.700877
PROA	113	PROA	116	1.451816
PROA	113	PROA	117	3.628888
PROA	113	PROA	118	0.058321
PROA	113	PROA	152	2.916059
PROA	113	PROA	153	3.026578
PROA	113	PROA	155	0.050063
PROA	113	PROA	220	0.056344
PROA	114	PROA	115	1.662994
PROA	114	PROA	116	0.342381
PROA	114	PROA	117	1.409091
PROA	114	PROA	118	1.709409
PROA	114	PROA	119	0.051709
PROA	114	PROA	153	0.064282
PROA	115	PROA	116	2.947368
PROA	115	PROA	117	0.586939
PROA	115	PROA	118	1.532848
PROA	115	PROA	119	3.115923
PROA	115	PROA	121	1.315789
PROA	115	PROA	129	1.025978
PROA	115	PROA	157	0.894737
PROA	116	PROA	117	2.201022
PROA	116	PROA	118	0.674453
PROA	116	PROA	119	1.001547
PROA	116	PROA	120	0.055641
PROA	116	PROA	121	1.947368
PROA	116	PROA	152	1.103651
PROA	116	PROA	220	0.473879
PROA	116	PROA	221	3.338489
PROA	116	PROA	224	2.636499
PROA	117	PROA	118	2.735054
PROA	117	PROA	119	0.517088
PROA	117	PROA	224	1.139606
PROA	117	PROA	225	0.696311
PROA	117	PROA	226	0.113961
PROA	118	PROA	119	3.759582
PROA	119	PROA	120	3.235294
PROA	119	PROA	121	0.667698
PROA	119	PROA	224	0.648204
PROA	120	PROA	121	2.114377
PROA	120	PROA	122	0.292509
PROA	120	PROA	223	0.073127
PROA	120	PROA	224	2.852096
PROA	121	PROA	122	4.011944
PROA	121	PROA	123	0.245256
PROA	121	PROA	125	2.225660
PROA	121	PROA	126	3.526316
PROA	121	PROA	129	1.898060
PROA	121	PROA	221	0.778981
PROA	121	PROA	224	0.306570
PROA	122	PROA	123	2.981545
PROA	122	PROA	124	1.218544
PROA	122	PROA	125	2.413199
PROA	122	PROA	126	1.798458
PROA	122	PROA	127	0.090909
PROA	123	PROA	124	3.086067
PROA	123	PROA	125	0.648204
PROA	123	PROA	126	2.513871
PROA	123	PROA	127	1.128152
PROA	123	PROA	128	0.058321
PROA	123	PROA	283	2.083095
PROA	123	PROA	285	0.056980
PROA	123	PROA	286	0.169031
PROA	123	PROA	312	1.807957
PROA	124	PROA	125	3.360672
PROA	124	PROA	126	0.728493
PROA	124	PROA	127	1.914854
PROA	124	PROA	128	0.818923
PROA	124	PROA	129	0.064550
PROA	124	PROA	316	0.629941
PROA	125	PROA	126	2.336943
PROA	125	PROA	127	0.804400
PROA	125	PROA	128	1.217289
PROA	125	PROA	129	2.494700
PROA	125	PROA	130	0.055641
PROA	125	PROA	161	0.219382
PROA	126	PROA	127	2.974372
PROA	126	PROA	128	0.500626
PROA	126	PROA	129	1.590266
PROA	126	PROA	130	1.315789
PROA	126	PROA	131	0.050063
PROA	126	PROA	218	0.842105
PROA	126	PROA	221	3.004640
PROA	126	PROA	222	1.105263
PROA	126	PROA	312	1.101378
PROA	127	PROA	128	2.566012
PROA	127	PROA	129	0.741620
PROA	127	PROA	130	1.245086
PROA	127	PROA	131	0.855337
PROA	127	PROA	312	3.684529
PROA	127	PROA	313	2.282658
PROA	127	PROA	315	0.292509
PROA	127	PROA	316	1.513289
PROA	128	PROA	129	2.830110
PROA	128	PROA	130	0.350438
PROA	128	PROA	131	2.000000
PROA	128	PROA	132	2.540429
PROA	128	PROA	160	0.116642
PROA	128	PROA	161	1.447494
PROA	128	PROA	162	0.125988
PROA	128	PROA	316	3.523810
PROA	129	PROA	130	2.411049
PROA	129	PROA	131	0.634335
PROA	129	PROA	132	1.735444
PROA	129	PROA	133	1.436370
PROA	129	PROA	134	0.051299
PROA	129	PROA	157	2.154555
PROA	129	PROA	161	1.348400
PROA	129	PROA	163	3.283131
PROA	129	PROA	221	0.271163
PROA	130	PROA	131	2.052567
PROA	130	PROA	132	0.556415
PROA	130	PROA	133	3.473684
PROA	130	PROA	134	3.631579
PROA	130	PROA	135	0.046829
PROA	130	PROA	163	0.052632
PROA	130	PROA	214	0.917663
PROA	130	PROA	217	0.052632
PROA	130	PROA	218	2.947368
PROA	130	PROA	221	1.391037
PROA	130	PROA	289	1.105263
PROA	130	PROA	293	1.001547
PROA	130	PROA	312	0.600751
PROA	130	PROA	313	2.578947
PROA	131	PROA	132	3.704793
PROA	131	PROA	133	0.550689
PROA	131	PROA	134	0.951190
PROA	131	PROA	135	2.049003
PROA	131	PROA	136	0.082479
PROA	131	PROA	308	2.002505
PROA	131	PROA	313	2.252818
PROA	131	PROA	316	2.619048
PROA	131	PROA	317	1.238095
PROA	131	PROA	318	0.062994
PROA	131	PROA	321	0.125988
PROA	132	PROA	133	2.336943
PROA	132	PROA	134	0.556415
PROA	132	PROA	135	1.732758
PROA	132	PROA	136	1.008368
PROA	132	PROA	137	0.055641
PROA	132	PROA	161	0.585018
PROA	132	PROA	162	1.120224
PROA	132	PROA	163	3.950546
PROA	132	PROA	164	0.051709
PROA	133	PROA	134	3.421053
PROA	133	PROA	135	0.421464
PROA	133	PROA	136	1.387376
PROA	133	PROA	137	0.894737
PROA	133	PROA	138	0.048912
PROA	133	PROA	150	0.105263
PROA	133	PROA	155	3.210526
PROA	133	PROA	163	2.526316
PROA	133	PROA	165	1.263158
PROA	133	PROA	214	1.605910
PROA	133	PROA	217	0.526316
PROA	133	PROA	221	0.445132
PROA	134	PROA	135	1.639025
PROA	134	PROA	136	1.213954
PROA	134	PROA	137	2.736842
PROA	134	PROA	138	0.684762
PROA	134	PROA	211	0.315789
PROA	134	PROA	214	1.835326
PROA	134	PROA	289	0.526316
PROA	134	PROA	293	0.500773
PROA	134	PROA	304	0.975017
PROA	134	PROA	307	2.176429
PROA	134	PROA	308	2.210526
PROA	134	PROA	313	1.210526
PROA	135	PROA	136	3.086067
PROA	135	PROA	137	0.468293
PROA	135	PROA	138	1.740777
PROA	135	PROA	139	0.400892
PROA	135	PROA	308	1.920001
PROA	135	PROA	321	1.473139
PROA	135	PROA	323	1.363862
PROA	136	PROA	137	2.774752
PROA	136	PROA	138	1.047570
PROA	136	PROA	139	1.649572
PROA	136	PROA	140	1.474087
PROA	136	PROA	165	1.820931
PROA	137	PROA	138	2.054287
PROA	137	PROA	139	0.700877
PROA	137	PROA	140	3.842105
PROA	137	PROA	141	1.279754
PROA	137	PROA	142	0.069171
PROA	137	PROA	150	0.894737
PROA	137	PROA	165	1.263158
PROA	137	PROA	210	2.317932
PROA	137	PROA	211	1.263158
PROA	137	PROA	214	1.319140
PROA	137	PROA	304	2.122096
PROA	138	PROA	139	2.419259
PROA	138	PROA	140	0.391293
PROA	138	PROA	141	1.344428
PROA	138	PROA	142	1.285649
PROA	138	PROA	304	3.198011
PROA	138	PROA	305	2.312024
PROA	138	PROA	308	1.565171
PROA	138	PROA	317	0.046524
PROA	138	PROA	321	0.184637
PROA	138	PROA	323	1.139606
PROA	139	PROA	140	2.202755
PROA	139	PROA	141	0.740959
PROA	139	PROA	142	1.447494
PROA	139	PROA	143	0.690066
PROA	139	PROA	323	1.341387
PROA	139	PROA	324	1.051315
PROA	139	PROA	325	1.449138
PROA	139	PROA	326	0.056344
PROA	140	PROA	141	2.837716
PROA	140	PROA	142	0.691714
PROA	140	PROA	143	1.523500
PROA	140	PROA	144	0.429198
PROA	140	PROA	145	3.555944
PROA	140	PROA	146	0.368421
PROA	140	PROA	147	0.945905
PROA	140	PROA	150	0.052632
PROA	140	PROA	165	1.736842
PROA	140	PROA	168	1.538968
PROA	141	PROA	142	3.144471
PROA	141	PROA	143	0.997054
PROA	141	PROA	144	1.166767
PROA	141	PROA	145	0.424437
PROA	141	PROA	207	3.619614
PROA	141	PROA	208	0.146254
PROA	141	PROA	210	0.070014
PROA	141	PROA	304	2.971061
PROA	142	PROA	143	3.718504
PROA	142	PROA	144	1.128152
PROA	142	PROA	207	0.064282
PROA	142	PROA	325	1.525540
PROA	142	PROA	328	0.725241
PROA	143	PROA	144	4.310287
PROA	143	PROA	145	2.766993
PROA	143	PROA	173	0.079057
PROA	143	PROA	327	0.200000
PROA	143	PROA	328	2.028370
PROA	143	PROA	329	2.050610
PROA	144	PROA	145	2.739428
PROA	144	PROA	146	0.429198
PROA	144	PROA	172	0.054554
PROA	144	PROA	173	2.071275
PROA	144	PROA	174	2.873524
PROA	144	PROA	207	2.450152
PROA	144	PROA	328	3.428571
PROA	144	PROA	329	0.358569
PROA	145	PROA	146	3.670652
PROA	145	PROA	147	0.788241
PROA	145	PROA	168	0.894427
PROA	145	PROA	171	0.474342
PROA	145	PROA	172	0.714435
PROA	145	PROA	173	1.937500
PROA	145	PROA	174	0.395285
PROA	145	PROA	329	0.950329
PROA	146	PROA	147	1.891811
PROA	146	PROA	148	1.077074
PROA	146	PROA	168	0.051299
PROA	146	PROA	171	0.798024
PROA	146	PROA	172	2.060489
PROA	146	PROA	173	1.147079
PROA	146	PROA	174	3.917572
PROA	146	PROA	175	0.331133
PROA	146	PROA	185	0.367884
PROA	146	PROA	206	0.061314
PROA	146	PROA	207	0.635851
PROA	146	PROA	210	0.596040
PROA	147	PROA	148	2.920935
PROA	147	PROA	149	0.770154
PROA	147	PROA	150	3.282848
PROA	147	PROA	154	1.166767
PROA	147	PROA	165	1.112830
PROA	147	PROA	166	0.731272
PROA	147	PROA	167	0.980196
PROA	147	PROA	168	3.633585
PROA	147	PROA	170	0.222566
PROA	147	PROA	171	2.070805
PROA	147	PROA	172	0.198030
PROA	147	PROA	210	0.140028
PROA	148	PROA	149	2.769502
PROA	148	PROA	150	0.702439
PROA	148	PROA	170	1.358049
PROA	148	PROA	171	1.032796
PROA	148	PROA	172	2.708333
PROA	148	PROA	178	0.346552
PROA	148	PROA	185	1.418416
PROA	148	PROA	186	2.687936
PROA	148	PROA	188	1.275776
PROA	149	PROA	150	2.251705
PROA	149	PROA	151	3.385016
PROA	149	PROA	154	0.462910
PROA	149	PROA	170	1.324532
PROA	149	PROA	188	3.464102
PROA	149	PROA	190	0.308607
PROA	150	PROA	151	3.228166
PROA	150	PROA	152	0.061314
PROA	150	PROA	154	0.674453
PROA	150	PROA	155	1.736842
PROA	150	PROA	165	1.368421
PROA	150	PROA	188	0.057354
PROA	150	PROA	193	0.350438
PROA	150	PROA	210	0.993399
PROA	150	PROA	213	0.760886
PROA	150	PROA	214	0.860309
PROA	150	PROA	217	1.842105
PROA	151	PROA	152	3.703719
PROA	151	PROA	153	2.764145
PROA	151	PROA	154	3.589758
PROA	151	PROA	155	1.320613
PROA	151	PROA	190	0.740744
PROA	151	PROA	192	0.174078
PROA	151	PROA	193	1.860968
PROA	151	PROA	217	1.173878
PROA	152	PROA	153	3.545621
PROA	152	PROA	154	0.714286
PROA	152	PROA	155	2.881755
PROA	152	PROA	193	0.991460
PROA	152	PROA	217	2.391243
PROA	152	PROA	220	1.173111
PROA	152	PROA	221	0.064820
PROA	153	PROA	154	3.062127
PROA	153	PROA	155	0.830057
PROA	153	PROA	156	0.830057
PROA	154	PROA	155	3.556208
PROA	154	PROA	156	1.226279
PROA	154	PROA	164	0.056980
PROA	154	PROA	165	0.551825
PROA	154	PROA	166	2.820380
PROA	154	PROA	167	1.851640
PROA	155	PROA	156	3.368421
PROA	155	PROA	157	0.105263
PROA	155	PROA	163	1.315789
PROA	155	PROA	164	0.391293
PROA	155	PROA	165	3.315789
PROA	155	PROA	166	0.760886
PROA	155	PROA	214	0.057354
PROA	155	PROA	217	1.789474
PROA	156	PROA	157	2.842105
PROA	156	PROA	162	0.066227
PROA	156	PROA	163	1.368421
PROA	156	PROA	164	1.222790
PROA	156	PROA	165	0.157895
PROA	156	PROA	166	2.766858
PROA	157	PROA	158	3.372266
PROA	157	PROA	159	0.183942
PROA	157	PROA	161	2.282658
PROA	157	PROA	162	1.390759
PROA	157	PROA	163	3.789474
PROA	157	PROA	164	0.293470
PROA	158	PROA	159	3.357143
PROA	158	PROA	160	2.857143
PROA	158	PROA	161	1.611646
PROA	158	PROA	162	4.243342
PROA	158	PROA	163	0.183942
PROA	158	PROA	164	0.056980
PROA	159	PROA	160	2.571429
PROA	159	PROA	161	1.128152
PROA	160	PROA	161	3.787368
PROA	160	PROA	162	2.083095
PROA	161	PROA	162	3.655631
PROA	161	PROA	163	0.415029
PROA	162	PROA	163	2.450385
PROA	162	PROA	164	0.553912
PROA	163	PROA	164	3.864016
PROA	163	PROA	165	0.368421
PROA	164	PROA	165	2.445580
PROA	164	PROA	166	1.092801
PROA	165	PROA	166	3.942772
PROA	165	PROA	168	1.385071
PROA	166	PROA	167	3.307475
PROA	166	PROA	168	0.674200
PROA	167	PROA	168	3.356586
PROA	167	PROA	169	1.636634
PROA	168	PROA	169	2.958040
PROA	168	PROA	170	0.410391
PROA	168	PROA	171	3.606245
PROA	169	PROA	170	3.641862
PROA	169	PROA	171	1.553797
PROA	170	PROA	171	3.192096
PROA	170	PROA	172	0.327805
PROA	171	PROA	172	3.679334
PROA	171	PROA	331	0.070711
PROA	172	PROA	173	2.806707
PROA	172	PROA	174	0.258199
PROA	172	PROA	186	0.158114
PROA	172	PROA	331	0.410792
PROA	172	PROA	334	0.368932
PROA	172	PROA	336	0.235702
PROA	173	PROA	174	3.873790
PROA	173	PROA	175	0.649519
PROA	173	PROA	329	1.788854
PROA	173	PROA	330	0.159901
PROA	173	PROA	331	1.956559
PROA	174	PROA	175	3.742771
PROA	174	PROA	176	0.253546
PROA	174	PROA	207	2.090020
PROA	175	PROA	176	4.397645
PROA	175	PROA	177	2.916667
PROA	175	PROA	178	3.010602
PROA	175	PROA	185	0.077152
PROA	175	PROA	205	0.188982
PROA	176	PROA	177	3.394674
PROA	176	PROA	178	0.453743
PROA	176	PROA	203	0.512823
PROA	176	PROA	204	3.030458
PROA	176	PROA	205	2.916059
PROA	177	PROA	178	4.830966
PROA	177	PROA	185	0.154303
PROA	177	PROA	202	0.087039
PROA	177	PROA	203	4.000473
PROA	177	PROA	204	0.436436
PROA	177	PROA	205	0.440959
PROA	178	PROA	185	3.176198
PROA	178	PROA	186	0.062622
PROA	178	PROA	205	1.323140
PROA	185	PROA	186	4.140393
PROA	185	PROA	187	0.233285
PROA	185	PROA	188	0.066815
PROA	185	PROA	198	2.943069
PROA	185	PROA	205	2.566132
PROA	185	PROA	209	0.306570
PROA	185	PROB	71	0.109109
PROA	186	PROA	187	2.310088
PROA	186	PROA	188	0.968246
PROA	186	PROA	198	0.118470
PROA	186	PROB	71	0.052705
PROA	187	PROA	188	2.618615
PROA	187	PROA	189	0.345033
PROA	187	PROA	194	2.316264
PROA	187	PROA	198	1.752192
PROA	187	PROA	199	1.058512
PROA	187	PROA	233	0.857143
PROA	187	PROB	68	1.183216
PROA	187	PROB	69	1.401753
PROA	187	PROB	71	3.474396
PROA	188	PROA	189	3.715676
PROA	188	PROA	190	1.469937
PROA	188	PROA	191	0.102062
PROA	188	PROA	194	2.041241
PROA	189	PROA	190	3.803194
PROA	189	PROA	191	0.774597
PROA	189	PROA	194	0.516398
PROA	190	PROA	191	2.891387
PROA	190	PROA	192	2.673169
PROA	190	PROA	193	0.699854
PROA	190	PROA	194	0.709208
PROA	191	PROA	192	1.541667
PROA	191	PROA	193	0.356348
PROA	191	PROA	194	3.333333
PROA	191	PROA	230	0.154303
PROA	191	PROA	231	1.218544
PROA	191	PROA	232	1.386207
PROA	191	PROA	233	0.044544
PROA	191	PROA	236	1.336699
PROA	192	PROA	193	3.919832
PROA	192	PROA	194	0.500000
PROA	192	PROA	216	0.123091
PROA	192	PROA	220	0.052705
PROA	192	PROA	226	2.345842
PROA	192	PROA	228	1.323663
PROA	192	PROA	229	1.145644
PROA	192	PROA	231	0.087039
PROA	192	PROA	236	1.287192
PROA	193	PROA	194	1.781742
PROA	193	PROA	195	0.483046
PROA	193	PROA	209	0.050063
PROA	193	PROA	212	0.489979
PROA	193	PROA	213	1.973855
PROA	193	PROA	216	2.105445
PROA	193	PROA	217	1.902379
PROA	193	PROA	220	0.901498
PROA	193	PROA	228	0.048795
PROA	193	PROA	236	0.052926
PROA	194	PROA	195	2.517439
PROA	194	PROA	196	0.272772
PROA	194	PROA	198	0.187317
PROA	194	PROA	199	2.277339
PROA	194	PROA	212	0.625000
PROA	194	PROA	228	0.045644
PROA	194	PROA	233	0.044544
PROA	194	PROA	236	0.891133
PROA	194	PROA	240	0.468293
PROA	195	PROA	196	4.141256
PROA	195	PROA	197	3.592585
PROA	195	PROA	198	2.611715
PROA	195	PROA	199	0.920358
PROA	195	PROA	209	2.829357
PROA	195	PROA	212	3.679334
PROA	195	PROA	213	0.095346
PROA	195	PROA	240	0.072548
PROA	195	PROA	301	0.580948
PROA	196	PROA	197	3.657347
PROA	196	PROA	198	0.674453
PROA	196	PROA	199	2.333533
PROA	196	PROA	200	2.881755
PROA	196	PROA	201	0.214286
PROA	196	PROA	212	2.618615
PROA	196	PROA	237	0.613139
PROA	196	PROA	240	2.145988
PROA	196	PROA	296	3.466163
PROA	196	PROA	301	0.327327
PROA	197	PROA	198	5.034965
PROA	197	PROA	199	0.626224
PROA	197	PROA	200	1.066228
PROA	197	PROA	201	2.967282
PROA	197	PROA	205	1.802996
PROA	197	PROA	206	0.276026
PROA	197	PROA	208	0.155700
PROA	197	PROA	209	1.658577
PROA	197	PROA	296	0.057735
PROA	197	PROA	298	1.035098
PROA	197	PROA	301	1.423025
PROA	198	PROA	199	2.726433
PROA	198	PROA	200	0.526316
PROA	198	PROA	201	0.735767
PROA	198	PROA	205	2.903632
PROA	198	PROA	209	1.947368
PROA	198	PROA	233	0.050063
PROA	198	PROB	71	1.779513
PROA	199	PROA	200	3.783621
PROA	199	PROA	201	0.453743
PROA	199	PROA	233	3.440165
PROA	199	PROA	236	1.294118
PROA	199	PROA	237	1.112830
PROA	199	PROA	240	0.389490
PROA	199	PROB	71	1.039655
PROA	199	PROB	73	0.064820
PROA	200	PROA	201	4.598545
PROA	200	PROA	233	0.400501
PROA	200	PROA	237	1.631579
PROA	200	PROA	255	3.000000
PROA	200	PROA	257	0.858395
PROA	200	PROA	260	3.192096
PROA	200	PROA	263	0.100125
PROA	200	PROA	264	1.526316
PROA	200	PROA	296	1.128576
PROA	200	PROB	71	1.498537
PROA	200	PROB	73	0.735767
PROA	201	PROA	202	3.626203
PROA	201	PROA	203	0.911685
PROA	201	PROA	205	1.399708
PROA	201	PROA	255	2.881755
PROA	201	PROA	256	1.962046
PROA	201	PROA	257	2.071429
PROA	201	PROA	260	0.084515
PROA	201	PROB	71	2.182179
PROA	202	PROA	203	3.728381
PROA	202	PROA	205	1.579084
PROA	202	PROA	256	0.069171
PROA	202	PROA	257	0.080582
PROA	202	PROB	69	0.069171
PROA	202	PROB	70	0.545455
PROA	202	PROB	71	3.261925
PROA	203	PROA	204	3.626203
PROA	203	PROA	205	2.279686
PROA	203	PROA	256	0.342381
PROA	204	PROA	205	3.711537
PROA	204	PROA	206	0.707107
PROA	204	PROA	256	0.260133
PROA	205	PROA	206	3.032702
PROA	205	PROA	209	0.700877
PROA	205	PROB	71	0.534522
PROA	206	PROA	207	3.133916
PROA	206	PROA	208	2.900963
PROA	206	PROA	209	1.287593
PROA	206	PROA	298	2.428571
PROA	206	PROA	299	1.101946
PROA	206	PROA	301	0.054554
PROA	207	PROA	208	2.699862
PROA	207	PROA	209	0.635851
PROA	207	PROA	210	0.492366
PROA	207	PROA	211	0.146735
PROA	208	PROA	209	3.251058
PROA	208	PROA	210	1.392621
PROA	208	PROA	211	3.389401
PROA	208	PROA	212	0.861640
PROA	208	PROA	213	0.090909
PROA	208	PROA	298	2.336887
PROA	208	PROA	301	2.954196
PROA	209	PROA	210	3.311331
PROA	209	PROA	211	0.631579
PROA	209	PROA	212	1.498537
PROA	209	PROA	213	2.144315
PROA	209	PROA	214	0.057354
PROA	209	PROA	301	0.749269
PROA	210	PROA	211	2.649065
PROA	210	PROA	212	0.707107
PROA	210	PROA	213	3.220437
PROA	210	PROA	214	1.587713
PROA	210	PROA	215	0.109109
PROA	211	PROA	212	2.013659
PROA	211	PROA	213	0.830057
PROA	211	PROA	214	1.204433
PROA	211	PROA	215	0.780399
PROA	211	PROA	293	2.837716
PROA	211	PROA	301	1.404879
PROA	211	PROA	302	2.684211
PROA	211	PROA	303	0.710819
PROA	211	PROA	304	2.122096
PROA	211	PROA	307	0.290191
PROA	212	PROA	213	3.446562
PROA	212	PROA	214	0.510310
PROA	212	PROA	215	1.311578
PROA	212	PROA	216	1.846372
PROA	212	PROA	217	0.046829
PROA	212	PROA	228	1.369306
PROA	212	PROA	240	1.639025
PROA	212	PROA	244	1.123903
PROA	212	PROA	293	0.693103
PROA	212	PROA	294	2.247806
PROA	212	PROA	295	1.254753
PROA	212	PROA	296	1.004158
PROA	212	PROA	301	2.708333
PROA	213	PROA	214	3.618136
PROA	213	PROA	215	1.253566
PROA	213	PROA	216	3.181818
PROA	213	PROA	217	2.144315
PROA	213	PROA	218	0.069171
PROA	214	PROA	215	3.496171
PROA	214	PROA	216	1.130668
PROA	214	PROA	217	4.072129
PROA	214	PROA	218	1.261787
PROA	214	PROA	219	0.079057
PROA	214	PROA	293	0.606339
PROA	215	PROA	216	3.760699
PROA	215	PROA	217	0.867110
PROA	215	PROA	218	2.254486
PROA	215	PROA	219	1.553797
PROA	215	PROA	220	0.097590
PROA	215	PROA	227	0.086711
PROA	215	PROA	290	1.647509
PROA	215	PROA	293	3.300115
PROA	215	PROA	294	3.034885
PROA	216	PROA	217	2.905201
PROA	216	PROA	218	0.760886
PROA	216	PROA	219	2.383656
PROA	216	PROA	220	1.089899
PROA	216	PROA	221	0.073127
PROA	216	PROA	227	1.521772
PROA	216	PROA	228	0.539360
PROA	216	PROA	294	1.798458
PROA	217	PROA	218	2.210526
PROA	217	PROA	219	0.580381
PROA	217	PROA	220	2.013986
PROA	217	PROA	221	1.669245
PROA	217	PROA	222	0.052632
PROA	218	PROA	219	3.047000
PROA	218	PROA	220	0.770054
PROA	218	PROA	221	4.284395
PROA	218	PROA	222	2.157895
PROA	218	PROA	286	0.580381
PROA	218	PROA	289	0.368421
PROA	218	PROA	290	3.263158
PROA	218	PROA	293	1.557962
PROA	218	PROA	312	0.150188
PROA	219	PROA	220	3.510935
PROA	219	PROA	221	0.997054
PROA	219	PROA	222	2.684262
PROA	219	PROA	223	1.144155
PROA	219	PROA	225	0.193649
PROA	219	PROA	227	3.482286
PROA	219	PROA	279	1.838478
PROA	219	PROA	290	2.611715
PROA	219	PROA	294	0.580381
PROA	220	PROA	221	2.755387
PROA	220	PROA	222	0.829288
PROA	220	PROA	223	1.556998
PROA	220	PROA	224	0.966092
PROA	220	PROA	225	2.055480
PROA	220	PROA	226	2.415229
PROA	220	PROA	227	0.473879
PROA	221	PROA	222	2.726433
PROA	221	PROA	223	0.731272
PROA	221	PROA	224	0.518563
PROA	222	PROA	223	3.458572
PROA	222	PROA	224	0.367884
PROA	222	PROA	279	1.385071
PROA	222	PROA	282	2.756810
PROA	222	PROA	283	0.132453
PROA	222	PROA	286	0.725476
PROA	222	PROA	287	1.157895
PROA	222	PROA	290	0.736842
PROA	223	PROA	224	3.867950
PROA	223	PROA	225	3.692745
PROA	223	PROA	279	1.483240
PROA	224	PROA	225	2.454951
PROA	225	PROA	226	3.655150
PROA	225	PROA	227	0.187317
PROA	225	PROA	279	0.136931
PROA	226	PROA	227	2.329929
PROA	226	PROA	228	1.195229
PROA	226	PROA	229	2.928571
PROA	227	PROA	228	5.488984
PROA	227	PROA	229	0.674453
PROA	227	PROA	239	0.055641
PROA	227	PROA	243	2.210526
PROA	227	PROA	275	0.749269
PROA	227	PROA	278	0.842105
PROA	227	PROA	279	1.333772
PROA	227	PROA	290	0.315789
PROA	227	PROA	294	1.578947
PROA	228	PROA	229	3.525924
PROA	228	PROA	230	0.507093
PROA	228	PROA	236	1.952374
PROA	228	PROA	239	1.084652
PROA	228	PROA	240	3.950017
PROA	228	PROA	243	1.128576
PROA	228	PROA	244	0.769484
PROA	228	PROA	294	0.820783
PROA	229	PROA	230	4.444671
PROA	229	PROA	231	0.512823
PROA	229	PROA	236	0.972306
PROA	229	PROA	239	1.166767
PROA	230	PROA	231	3.706786
PROA	230	PROA	232	0.916698
PROA	230	PROA	235	0.981981
PROA	230	PROA	236	3.575124
PROA	230	PROA	239	2.016737
PROA	231	PROA	232	3.723031
PROA	231	PROA	235	0.369274
PROA	231	PROA	236	0.258544
PROA	232	PROA	233	2.275801
PROA	232	PROA	234	0.500773
PROA	232	PROA	235	3.640728
PROA	232	PROA	236	1.529412
PROA	232	PROA	237	0.055641
PROA	233	PROA	234	4.055072
PROA	233	PROA	235	0.944911
PROA	233	PROA	236	0.952661
PROA	233	PROA	237	0.600751
PROA	233	PROA	238	0.058321
PROA	233	PROB	68	2.366432
PROA	233	PROB	71	0.801784
PROA	233	PROB	72	0.267261
PROA	233	PROB	73	1.924599
PROA	233	PROB	76	2.052567
PROA	234	PROA	235	2.980198
PROA	234	PROA	236	0.612056
PROA	234	PROA	237	1.578947
PROA	234	PROA	238	1.594162
PROA	234	PROA	239	0.055641
PROA	234	PROA	263	1.001252
PROA	234	PROB	73	1.962046
PROA	234	PROB	76	3.473684
PROA	234	PROB	77	1.900732
PROA	234	PROB	80	1.605910
PROA	235	PROA	236	2.450490
PROA	235	PROA	237	0.596040
PROA	235	PROA	238	2.700309
PROA	235	PROA	239	1.750350
PROA	235	PROA	240	0.066227
PROA	236	PROA	237	2.003094
PROA	236	PROA	238	0.842665
PROA	236	PROA	239	2.352941
PROA	236	PROA	240	1.613603
PROA	236	PROA	241	0.055641
PROA	237	PROA	238	2.881755
PROA	237	PROA	239	0.500773
PROA	237	PROA	240	2.526316
PROA	237	PROA	241	3.736842
PROA	237	PROA	242	0.086711
PROA	237	PROA	263	0.901127
PROA	237	PROA	264	1.421053
PROA	237	PROA	267	0.894737
PROA	237	PROA	296	0.410391
PROA	237	PROB	73	0.183942
PROA	238	PROA	239	2.398354
PROA	238	PROA	240	0.674453
PROA	238	PROA	241	1.226279
PROA	238	PROA	242	1.010153
PROA	238	PROA	267	0.061314
PROA	239	PROA	240	2.281301
PROA	239	PROA	241	0.500773
PROA	239	PROA	242	1.741727
PROA	239	PROA	243	0.834622
PROA	239	PROA	244	0.055641
PROA	240	PROA	241	3.263158
PROA	240	PROA	242	1.127243
PROA	240	PROA	243	1.052632
PROA	240	PROA	244	2.473684
PROA	240	PROA	245	0.173422
PROA	240	PROA	296	0.512989
PROA	241	PROA	242	2.948174
PROA	241	PROA	243	0.368421
PROA	241	PROA	244	0.894737
PROA	241	PROA	245	2.774752
PROA	241	PROA	246	0.968400
PROA	241	PROA	247	0.735767
PROA	241	PROA	264	2.157895
PROA	241	PROA	267	1.105263
PROA	241	PROA	270	0.929320
PROA	241	PROA	296	1.025978
PROA	242	PROA	243	3.121596
PROA	242	PROA	244	0.693688
PROA	242	PROA	245	0.714286
PROA	242	PROA	270	1.450481
PROA	242	PROA	272	0.080582
PROA	242	PROA	273	1.039402
PROA	243	PROA	244	4.000000
PROA	243	PROA	245	0.606977
PROA	243	PROA	272	0.586939
PROA	243	PROA	273	1.663264
PROA	243	PROA	275	0.889757
PROA	243	PROA	278	2.052632
PROA	243	PROA	294	0.052632
PROA	244	PROA	245	3.295018
PROA	244	PROA	246	0.138343
PROA	244	PROA	272	2.005376
PROA	244	PROA	273	0.114708
PROA	244	PROA	275	0.655610
PROA	244	PROA	294	1.947368
PROA	244	PROA	295	0.981023
PROA	244	PROA	296	0.769484
PROA	245	PROA	246	3.874660
PROA	245	PROA	247	0.505076
PROA	245	PROA	270	1.772811
PROA	245	PROA	271	1.616244
PROA	245	PROA	272	2.175722
PROA	245	PROA	273	0.094491
PROA	246	PROA	247	4.996102
PROA	246	PROA	248	0.363636
PROA	246	PROA	264	0.207514
PROA	246	PROA	268	0.322329
PROA	246	PROA	269	3.071344
PROA	246	PROA	270	2.378450
PROA	246	PROA	271	0.322329
PROA	247	PROA	248	3.465039
PROA	247	PROA	249	0.129641
PROA	247	PROA	251	2.546005
PROA	247	PROA	252	2.636499
PROA	247	PROA	255	0.061314
PROA	247	PROA	264	2.268616
PROA	247	PROA	269	0.194461
PROA	247	PROA	296	1.733081
PROA	248	PROA	249	2.925090
PROA	248	PROA	250	1.479148
PROA	248	PROA	251	5.048252
PROA	248	PROA	252	1.106743
PROA	248	PROA	300	0.449977
PROA	249	PROA	250	2.504897
PROA	249	PROA	251	0.840168
PROA	249	PROA	252	1.335396
PROA	249	PROA	253	0.907485
PROA	250	PROA	251	2.981424
PROA	250	PROA	252	0.592349
PROA	250	PROA	253	2.760262
PROA	250	PROA	254	0.233550
PROA	250	PROA	297	0.276026
PROA	250	PROA	300	0.495434
PROA	251	PROA	252	2.450385
PROA	251	PROA	253	0.925820
PROA	251	PROA	254	1.653738
PROA	251	PROA	255	0.066227
PROA	251	PROA	296	0.258199
PROA	251	PROA	297	4.320494
PROA	251	PROA	300	1.969464
PROA	252	PROA	253	2.759127
PROA	252	PROA	254	1.314257
PROA	252	PROA	255	1.578947
PROA	252	PROA	261	3.324880
PROA	252	PROA	264	1.368421
PROA	252	PROA	265	2.789474
PROA	252	PROA	296	0.051299
PROA	253	PROA	254	2.900963
PROA	253	PROA	255	0.797081
PROA	253	PROA	256	0.061314
PROA	253	PROA	261	1.145644
PROA	254	PROA	255	2.836029
PROA	254	PROA	256	0.691714
PROA	254	PROA	296	0.539360
PROA	254	PROA	297	2.175722
PROA	254	PROA	298	0.966988
PROA	254	PROA	299	0.585018
PROA	255	PROA	256	2.578947
PROA	255	PROA	257	2.759127
PROA	255	PROA	258	0.052632
PROA	255	PROA	260	3.192096
PROA	255	PROA	261	4.682929
PROA	255	PROA	264	1.526316
PROA	255	PROA	296	1.282473
PROA	256	PROA	257	3.004383
PROA	256	PROA	258	0.315789
PROA	256	PROA	261	0.842927
PROA	257	PROA	258	2.513871
PROA	257	PROA	259	1.595448
PROA	257	PROA	260	4.901895
PROA	257	PROA	261	1.418416
PROA	257	PROA	262	0.071429
PROA	257	PROB	70	0.241747
PROA	257	PROB	71	1.145644
PROA	257	PROB	72	0.272772
PROA	257	PROB	73	0.071429
PROA	258	PROA	259	3.668370
PROA	258	PROA	260	1.015667
PROA	258	PROA	261	3.652685
PROA	258	PROA	262	3.740150
PROA	258	PROA	263	0.050063
PROA	259	PROA	260	2.561959
PROA	259	PROA	261	0.348155
PROA	259	PROA	262	1.823369
PROA	259	PROA	263	0.651339
PROA	259	PROA	264	0.048912
PROA	259	PROB	16	1.025645
PROA	259	PROB	19	1.907918
PROA	259	PROB	71	0.043519
PROA	259	PROB	72	2.741723
PROA	259	PROB	73	0.227921
PROA	259	PROB	74	0.369274
PROA	260	PROA	261	2.517439
PROA	260	PROA	262	1.183216
PROA	260	PROA	263	2.001190
PROA	260	PROA	264	1.015667
PROA	260	PROA	265	0.072548
PROA	260	PROB	71	0.129099
PROA	260	PROB	73	1.774824
PROA	261	PROA	262	2.564060
PROA	261	PROA	263	0.445435
PROA	261	PROA	264	1.170732
PROA	261	PROA	265	0.796098
PROA	261	PROA	266	0.061546
PROA	262	PROA	263	2.099563
PROA	262	PROA	264	0.674453
PROA	262	PROA	265	1.716790
PROA	262	PROA	266	1.369899
PROA	263	PROA	264	2.703381
PROA	263	PROA	265	0.350438
PROA	263	PROA	266	2.368626
PROA	263	PROA	267	3.354195
PROA	263	PROB	73	4.024162
PROA	263	PROB	74	2.771739
PROA	263	PROB	77	0.816497
PROA	264	PROA	265	2.105263
PROA	264	PROA	266	1.037572
PROA	264	PROA	267	3.105263
PROA	264	PROA	269	0.166924
PROA	264	PROA	296	1.282473
PROA	265	PROA	266	3.112715
PROA	265	PROA	267	0.473684
PROA	265	PROA	269	1.502320
PROA	266	PROA	267	3.320229
PROA	266	PROA	268	0.241747
PROA	266	PROA	269	0.073127
PROA	267	PROA	268	4.414603
PROA	267	PROA	269	0.890264
PROA	268	PROA	269	2.981737
PROA	268	PROA	270	0.740744
PROA	269	PROA	270	2.430312
PROA	270	PROA	271	2.905995
PROA	270	PROA	272	0.136364
PROA	271	PROA	272	3.760699
PROA	271	PROA	273	0.200446
PROA	272	PROA	273	3.144711
PROA	272	PROA	274	1.823369
PROA	272	PROA	275	1.436141
PROA	272	PROA	291	0.430820
PROA	273	PROA	274	3.808473
PROA	273	PROA	275	0.306186
PROA	273	PROA	277	0.459279
PROA	273	PROA	278	0.573539
PROA	274	PROA	275	1.745743
PROA	274	PROA	276	0.642857
PROA	274	PROA	277	4.255249
PROA	274	PROA	278	0.551825
PROA	275	PROA	276	2.182179
PROA	275	PROA	277	0.583333
PROA	275	PROA	278	2.575611
PROA	275	PROA	279	1.597524
PROA	275	PROA	287	2.154147
PROA	275	PROA	290	1.826342
PROA	275	PROA	291	2.946278
PROA	275	PROA	294	1.358049
PROA	276	PROA	277	2.509506
PROA	276	PROA	278	0.613139
PROA	276	PROA	279	1.075706
PROA	276	PROA	280	2.571429
PROA	276	PROA	287	0.981023
PROA	277	PROA	278	2.013659
PROA	277	PROA	279	0.365148
PROA	277	PROA	280	0.272772
PROA	278	PROA	279	5.129892
PROA	278	PROA	280	0.735767
PROA	279	PROA	280	2.928310
PROA	279	PROA	281	0.537853
PROA	279	PROA	282	2.192031
PROA	279	PROA	287	2.462348
PROA	279	PROA	290	0.872082
PROA	280	PROA	281	4.285714
PROA	280	PROA	282	0.591608
PROA	281	PROA	282	3.042555
PROA	281	PROA	283	0.231455
PROA	282	PROA	283	3.560197
PROA	282	PROA	284	0.381385
PROA	282	PROA	286	0.200000
PROA	282	PROA	287	2.539167
PROA	283	PROA	284	3.568592
PROA	283	PROA	285	3.569653
PROA	283	PROA	286	4.016632
PROA	283	PROA	287	1.258306
PROA	283	PROA	288	0.083333
PROA	283	PROA	312	0.818923
PROA	284	PROA	285	2.828427
PROA	284	PROA	286	1.144155
PROA	284	PROA	287	2.559344
PROA	284	PROA	288	1.131505
PROA	284	PROA	289	0.069171
PROA	285	PROA	286	2.427120
PROA	285	PROA	287	0.586939
PROA	285	PROA	288	1.538644
PROA	285	PROA	289	0.489116
PROA	285	PROA	310	0.103418
PROA	285	PROA	311	0.683763
PROA	285	PROA	312	2.698404
PROA	286	PROA	287	3.482286
PROA	286	PROA	288	0.912871
PROA	286	PROA	289	1.233310
PROA	286	PROA	290	0.943119
PROA	286	PROA	312	4.485426
PROA	287	PROA	288	2.450385
PROA	287	PROA	289	0.526316
PROA	287	PROA	290	3.263158
PROA	287	PROA	291	0.860946
PROA	288	PROA	289	2.781518
PROA	288	PROA	290	0.794719
PROA	288	PROA	291	2.250000
PROA	288	PROA	292	2.277193
PROA	288	PROA	310	2.030406
PROA	289	PROA	290	2.105263
PROA	289	PROA	291	0.596040
PROA	289	PROA	292	1.320613
PROA	289	PROA	293	2.948999
PROA	289	PROA	302	0.947368
PROA	289	PROA	307	2.248976
PROA	289	PROA	310	4.673885
PROA	289	PROA	312	1.451816
PROA	289	PROA	313	2.263158
PROA	290	PROA	291	3.046424
PROA	290	PROA	292	0.391293
PROA	290	PROA	293	1.947452
PROA	290	PROA	294	2.894737
PROA	291	PROA	292	3.200379
PROA	291	PROA	293	0.840168
PROA	291	PROA	294	1.721892
PROA	291	PROA	295	0.540062
PROA	292	PROA	293	2.016642
PROA	292	PROA	294	0.391293
PROA	292	PROA	295	0.398862
PROA	292	PROA	300	0.045455
PROA	292	PROA	301	0.478714
PROA	292	PROA	302	3.228166
PROA	292	PROA	310	1.861516
PROA	293	PROA	294	2.837716
PROA	293	PROA	295	0.388922
PROA	293	PROA	301	0.940640
PROA	293	PROA	302	2.392584
PROA	293	PROA	307	0.076696
PROA	294	PROA	295	2.820441
PROA	294	PROA	301	0.140488
PROA	295	PROA	296	2.629503
PROA	295	PROA	297	1.428571
PROA	295	PROA	300	1.367527
PROA	295	PROA	301	3.491486
PROA	296	PROA	297	3.047833
PROA	296	PROA	298	0.537853
PROA	296	PROA	301	0.912871
PROA	297	PROA	298	4.000000
PROA	297	PROA	299	2.333533
PROA	297	PROA	300	4.387482
PROA	297	PROA	301	1.745743
PROA	298	PROA	299	4.926348
PROA	298	PROA	300	0.626783
PROA	298	PROA	301	5.782774
PROA	299	PROA	300	2.430312
PROA	299	PROA	301	0.544581
PROA	300	PROA	301	1.784296
PROA	300	PROA	302	0.146735
PROA	301	PROA	302	2.341465
PROA	301	PROA	303	0.263523
PROA	302	PROA	303	4.146442
PROA	302	PROA	304	0.229416
PROA	302	PROA	306	1.613603
PROA	302	PROA	307	3.409738
PROA	302	PROA	310	0.667698
PROA	303	PROA	304	2.711088
PROA	303	PROA	305	0.800000
PROA	303	PROA	306	2.630142
PROA	303	PROA	307	0.898146
PROA	304	PROA	305	3.937533
PROA	304	PROA	306	0.485071
PROA	304	PROA	307	1.581139
PROA	304	PROA	308	0.573539
PROA	305	PROA	306	4.320948
PROA	305	PROA	307	1.061446
PROA	305	PROA	308	2.073221
PROA	305	PROA	309	0.489898
PROA	305	PROA	317	0.169031
PROA	306	PROA	307	2.837770
PROA	306	PROA	308	0.667698
PROA	306	PROA	309	2.377591
PROA	306	PROA	310	0.529412
PROA	307	PROA	308	3.337191
PROA	307	PROA	309	1.000000
PROA	307	PROA	310	1.380537
PROA	307	PROA	313	0.725476
PROA	308	PROA	309	2.611715
PROA	308	PROA	310	0.500773
PROA	308	PROA	313	2.000000
PROA	308	PROA	314	0.059235
PROA	308	PROA	317	3.204008
PROA	309	PROA	310	2.991163
PROA	309	PROA	311	0.507093
PROA	309	PROA	314	0.489898
PROA	309	PROA	317	3.105295
PROA	310	PROA	311	4.602246
PROA	310	PROA	312	1.058512
PROA	310	PROA	313	0.945905
PROA	310	PROA	314	0.688847
PROA	311	PROA	312	2.216205
PROA	311	PROA	313	0.735767
PROA	311	PROA	314	2.622249
PROA	311	PROA	315	0.194461
PROA	312	PROA	313	4.205260
PROA	312	PROA	314	0.619780
PROA	312	PROA	315	0.211702
PROA	313	PROA	314	2.250926
PROA	313	PROA	315	0.890264
PROA	313	PROA	316	0.951190
PROA	313	PROA	317	0.700877
PROA	314	PROA	315	2.630142
PROA	314	PROA	316	0.563436
PROA	314	PROA	317	1.183216
PROA	315	PROA	316	3.440165
PROA	315	PROA	317	0.317554
PROA	316	PROA	317	2.142857
PROA	316	PROA	318	0.251976
PROA	317	PROA	318	4.031621
PROA	317	PROA	319	2.682774
PROA	318	PROA	319	4.397645
PROA	318	PROA	320	3.046359
PROA	318	PROA	321	2.500000
PROA	319	PROA	320	3.626203
PROA	319	PROA	321	0.617213
PROA	319	PROA	322	0.069007
PROA	320	PROA	321	3.742670
PROA	320	PROA	322	1.323448
PROA	321	PROA	322	3.577709
PROA	321	PROA	323	1.620185
PROA	322	PROA	323	3.519334
PROA	322	PROA	324	0.355409
PROA	323	PROA	324	2.697813
PROA	323	PROA	325	0.676123
PROA	324	PROA	325	2.829357
PROA	324	PROA	326	2.547100
PROA	325	PROA	326	4.409082
PROA	325	PROA	327	0.700000
PROA	326	PROA	327	3.919184
PROA	326	PROA	328	0.276026
PROA	327	PROA	328	5.070926
PROA	327	PROA	329	0.353553
PROA	328	PROA	329	2.091650
PROA	328	PROA	330	0.341882
PROA	329	PROA	330	3.289446
PROA	329	PROA	331	2.600000
PROA	330	PROA	331	2.288310
PROA	330	PROA	332	0.492366
PROA	331	PROA	332	2.646539
PROA	331	PROA	333	1.410048
PROA	331	PROA	334	0.288675
PROA	331	PROA	335	0.359092
PROA	332	PROA	333	4.130826
PROA	332	PROA	350	0.074536
PROA	333	PROA	334	3.068499
PROA	333	PROA	335	1.669245
PROA	333	PROA	338	1.391037
PROA	333	PROA	342	0.051709
PROA	333	PROA	346	1.947452
PROA	334	PROA	335	4.264912
PROA	334	PROA	336	2.981424
PROA	334	PROA	337	0.149071
PROA	334	PROA	338	0.592349
PROA	335	PROA	336	2.649065
PROA	335	PROA	337	0.463586
PROA	335	PROA	338	3.052632
PROA	335	PROA	343	2.368421
PROA	335	PROA	346	0.368421
PROA	336	PROA	337	3.666667
PROA	336	PROA	338	0.860946
PROA	337	PROA	338	3.510011
PROA	337	PROA	339	0.540062
PROA	338	PROA	339	4.169348
PROA	338	PROA	340	0.244558
PROA	338	PROA	342	1.124967
PROA	338	PROA	343	3.157895
PROA	338	PROA	346	0.947368
PROA	339	PROA	340	2.165251
PROA	339	PROA	341	2.484236
PROA	339	PROA	342	2.450152
PROA	339	PROA	343	0.919709
PROA	340	PROA	341	6.440638
PROA	340	PROA	342	0.454545
PROA	340	PROA	343	2.054287
PROA	340	PROA	344	2.000000
PROA	340	PROA	345	0.055048
PROA	341	PROA	342	1.981735
PROA	341	PROA	343	0.651584
PROA	341	PROA	344	3.412988
PROA	341	PROA	345	0.733333
PROA	342	PROA	343	2.543403
PROA	342	PROA	344	0.681818
PROA	342	PROA	345	4.183662
PROA	342	PROA	346	4.402044
PROA	342	PROA	347	0.048912
PROA	342	PROA	349	0.055048
PROA	343	PROA	344	2.054287
PROA	343	PROA	345	0.770054
PROA	343	PROA	346	3.157895
PROA	343	PROA	347	1.315789
PROA	343	PROA	348	0.051299
PROA	344	PROA	345	2.477168
PROA	344	PROA	346	0.489116
PROA	344	PROA	347	0.929320
PROA	344	PROA	348	0.619751
PROA	345	PROA	346	2.487865
PROA	345	PROA	347	0.473879
PROA	345	PROA	348	1.962991
PROA	345	PROA	349	0.933333
PROA	346	PROA	347	2.263158
PROA	346	PROA	348	0.615587
PROA	346	PROA	349	1.066228
PROA	346	PROA	350	0.770054
PROA	347	PROA	348	1.898060
PROA	347	PROA	349	0.414644
PROA	347	PROA	350	1.777047
PROA	347	PROA	351	1.716790
PROA	348	PROA	349	2.598076
PROA	348	PROA	350	0.519615
PROA	348	PROA	351	1.314751
PROA	348	PROA	352	0.565685
PROA	349	PROA	350	2.400000
PROA	349	PROA	351	1.104105
PROA	349	PROA	352	2.204541
PROA	349	PROA	353	0.052705
PROA	350	PROA	351	3.726354
PROA	350	PROA	352	0.898146
PROA	350	PROA	353	0.263523
PROA	350	PROA	354	0.115470
PROA	351	PROA	352	3.380617
PROA	351	PROA	353	0.381881
PROA	351	PROA	354	1.912366
PROA	351	PROA	355	2.074252
PROA	352	PROA	353	2.904738
PROA	352	PROA	354	1.060660
PROA	352	PROA	355	2.377591
PROA	352	PROA	358	0.069007
PROA	353	PROA	354	4.518711
PROA	353	PROA	355	0.594089
PROA	353	PROA	358	2.494438
PROA	354	PROA	355	3.904748
PROA	354	PROA	356	0.119523
PROA	355	PROA	356	4.407785
PROA	355	PROA	357	0.550019
PROA	355	PROA	358	0.529256
PROA	356	PROA	357	3.333503
PROA	356	PROA	358	0.524891
PROA	357	PROA	358	3.051709
PROA	357	PROA	359	2.160247
PROA	358	PROA	359	4.098006
PROA	358	PROA	360	2.330781
PROA	359	PROA	360	2.533799
PROB	1	PROB	2	2.837770
PROB	1	PROB	3	0.688847
PROB	1	PROB	4	2.275801
PROB	1	PROB	5	1.008368
PROB	1	PROB	6	0.064820
PROB	1	PROB	50	0.062622
PROB	1	PROB	56	0.350070
PROB	1	PROB	57	3.774740
PROB	2	PROB	3	3.755884
PROB	2	PROB	4	0.897085
PROB	2	PROB	5	1.792843
PROB	2	PROB	6	1.943855
PROB	2	PROB	7	0.072548
PROB	3	PROB	4	2.028370
PROB	3	PROB	5	0.780720
PROB	3	PROB	6	2.553243
PROB	3	PROB	7	0.651584
PROB	3	PROB	82	1.690309
PROB	3	PROB	86	0.903696
PROB	4	PROB	5	3.629059
PROB	4	PROB	6	0.874818
PROB	4	PROB	7	1.602004
PROB	4	PROB	8	3.153945
PROB	4	PROB	50	1.239560
PROB	4	PROB	55	1.201503
PROB	4	PROB	56	1.763834
PROB	4	PROB	57	3.349743
PROB	4	PROB	59	0.058321
PROB	4	PROB	60	0.951190
PROB	4	PROB	82	1.761905
PROB	5	PROB	6	3.535534
PROB	5	PROB	7	1.040532
PROB	5	PROB	8	2.341197
PROB	5	PROB	9	1.466718
PROB	6	PROB	7	2.636499
PROB	6	PROB	8	0.674453
PROB	6	PROB	9	2.722456
PROB	6	PROB	10	0.771517
PROB	7	PROB	8	3.736842
PROB	7	PROB	9	0.612056
PROB	7	PROB	10	1.523212
PROB	7	PROB	11	2.157895
PROB	7	PROB	60	1.315789
PROB	7	PROB	63	0.421053
PROB	7	PROB	78	2.670791
PROB	7	PROB	79	1.319140
PROB	7	PROB	82	2.302880
PROB	8	PROB	9	2.114377
PROB	8	PROB	10	0.794719
PROB	8	PROB	11	2.578947
PROB	8	PROB	12	1.226279
PROB	8	PROB	13	0.061314
PROB	8	PROB	43	0.069171
PROB	8	PROB	46	3.539625
PROB	8	PROB	55	0.263158
PROB	8	PROB	60	0.157895
PROB	8	PROB	63	0.684211
PROB	9	PROB	10	2.870574
PROB	9	PROB	11	0.556415
PROB	9	PROB	12	1.426048
PROB	9	PROB	13	1.361228
PROB	10	PROB	11	2.847745
PROB	10	PROB	12	0.694365
PROB	10	PROB	13	1.928792
PROB	10	PROB	14	1.002972
PROB	10	PROB	78	2.450490
PROB	11	PROB	12	2.329929
PROB	11	PROB	13	0.797081
PROB	11	PROB	14	1.410220
PROB	11	PROB	15	1.842105
PROB	11	PROB	46	1.641565
PROB	11	PROB	63	0.842105
PROB	11	PROB	67	1.333772
PROB	11	PROB	75	3.210526
PROB	11	PROB	78	3.672338
PROB	11	PROB	79	0.401478
PROB	12	PROB	13	3.357143
PROB	12	PROB	14	0.714286
PROB	12	PROB	15	1.778104
PROB	12	PROB	41	0.714286
PROB	12	PROB	42	2.828427
PROB	12	PROB	43	2.820380
PROB	12	PROB	46	1.075706
PROB	13	PROB	14	2.642857
PROB	13	PROB	15	0.613139
PROB	14	PROB	15	2.575185
PROB	14	PROB	16	0.357143
PROB	14	PROB	19	0.077152
PROB	14	PROB	72	0.109109
PROB	14	PROB	74	0.077152
PROB	14	PROB	75	1.226279
PROB	14	PROB	78	0.129641
PROB	15	PROB	16	3.617522
PROB	15	PROB	17	0.421053
PROB	15	PROB	19	2.384158
PROB	15	PROB	20	2.684211
PROB	15	PROB	23	1.578947
PROB	15	PROB	42	0.520266
PROB	15	PROB	45	0.234146
PROB	15	PROB	46	0.615587
PROB	15	PROB	67	0.512989
PROB	15	PROB	72	0.374634
PROB	15	PROB	75	1.947368
PROB	16	PROB	17	3.249638
PROB	16	PROB	18	1.863177
PROB	16	PROB	19	4.474797
PROB	16	PROB	20	0.981023
PROB	17	PROB	18	2.784040
PROB	17	PROB	19	0.596040
PROB	17	PROB	20	2.631579
PROB	17	PROB	21	0.829288
PROB	17	PROB	40	0.735767
PROB	17	PROB	41	0.613139
PROB	17	PROB	42	0.086711
PROB	18	PROB	19	2.757817
PROB	18	PROB	20	0.829288
PROB	18	PROB	21	1.400000
PROB	18	PROB	22	0.438357
PROB	19	PROB	20	2.649065
PROB	19	PROB	21	0.670820
PROB	19	PROB	22	1.470294
PROB	19	PROB	23	1.258306
PROB	19	PROB	72	1.885618
PROB	19	PROB	75	0.066227
PROB	20	PROB	21	3.494858
PROB	20	PROB	22	0.612056
PROB	20	PROB	23	2.368421
PROB	20	PROB	24	3.130342
PROB	20	PROB	25	0.069171
PROB	20	PROB	39	0.842105
PROB	20	PROB	40	0.919709
PROB	20	PROB	41	1.655476
PROB	20	PROB	42	2.601330
PROB	20	PROB	45	1.170732
PROB	21	PROB	22	2.943254
PROB	21	PROB	23	0.533114
PROB	21	PROB	24	4.458903
PROB	21	PROB	25	1.012049
PROB	22	PROB	23	3.060282
PROB	22	PROB	24	0.775632
PROB	22	PROB	25	1.755054
PROB	22	PROB	26	0.920358
PROB	22	PROB	27	0.073127
PROB	22	PROB	70	0.731272
PROB	23	PROB	24	2.054287
PROB	23	PROB	25	0.830057
PROB	23	PROB	26	1.233310
PROB	23	PROB	27	0.968400
PROB	23	PROB	28	0.048912
PROB	23	PROB	45	3.043904
PROB	23	PROB	66	2.421053
PROB	23	PROB	67	1.538968
PROB	23	PROB	70	1.729286
PROB	23	PROB	72	0.936586
PROB	23	PROB	75	0.263158
PROB	24	PROB	25	2.442733
PROB	24	PROB	26	0.539360
PROB	24	PROB	27	1.285649
PROB	24	PROB	28	1.363636
PROB	24	PROB	29	0.055048
PROB	24	PROB	36	1.028519
PROB	24	PROB	37	1.376205
PROB	24	PROB	39	2.543403
PROB	24	PROB	40	0.341882
PROB	24	PROB	45	0.957427
PROB	25	PROB	26	3.909197
PROB	25	PROB	27	0.909091
PROB	25	PROB	28	2.571297
PROB	25	PROB	29	0.700649
PROB	26	PROB	27	3.909197
PROB	26	PROB	28	0.943880
PROB	26	PROB	29	1.714643
PROB	26	PROB	30	0.730297
PROB	26	PROB	66	1.378405
PROB	26	PROB	69	1.233310
PROB	26	PROB	70	0.476731
PROB	27	PROB	28	2.314168
PROB	27	PROB	29	0.778499
PROB	27	PROB	30	1.827815
PROB	27	PROB	31	2.213486
PROB	27	PROB	45	1.477098
PROB	27	PROB	48	0.269680
PROB	27	PROB	49	0.622543
PROB	27	PROB	62	1.513289
PROB	27	PROB	66	1.798458
PROB	28	PROB	29	1.981735
PROB	28	PROB	30	0.738549
PROB	28	PROB	31	0.831497
PROB	28	PROB	33	0.064282
PROB	28	PROB	36	1.799908
PROB	28	PROB	37	2.036783
PROB	29	PROB	30	3.130495
PROB	29	PROB	31	0.177705
PROB	30	PROB	31	3.841144
PROB	30	PROB	32	0.617213
PROB	30	PROB	54	0.061546
PROB	30	PROB	62	1.133893
PROB	30	PROB	66	0.066227
PROB	31	PROB	32	4.475917
PROB	31	PROB	33	0.968400
PROB	31	PROB	48	1.590266
PROB	31	PROB	49	0.947368
PROB	31	PROB	52	1.502320
PROB	31	PROB	54	0.684762
PROB	31	PROB	62	1.401753
PROB	32	PROB	33	3.384456
PROB	32	PROB	48	0.059761
PROB	32	PROB	52	0.064820
PROB	33	PROB	34	4.048195
PROB	33	PROB	35	2.185603
PROB	33	PROB	36	3.272727
PROB	33	PROB	48	1.483240
PROB	33	PROB	52	0.585018
PROB	34	PROB	35	2.917554
PROB	34	PROB	36	0.934199
PROB	34	PROB	37	0.200000
PROB	34	PROB	38	0.133333
PROB	35	PROB	36	3.085557
PROB	35	PROB	37	0.715626
PROB	35	PROB	38	3.302891
PROB	35	PROB	39	0.586939
PROB	35	PROB	48	0.810443
PROB	35	PROB	52	0.051709
PROB	36	PROB	37	3.892495
PROB	36	PROB	38	0.778499
PROB	36	PROB	39	2.351829
PROB	36	PROB	48	1.887760
PROB	37	PROB	38	3.200000
PROB	37	PROB	39	1.421637
PROB	37	PROB	40	0.069007
PROB	38	PROB	39	2.843275
PROB	38	PROB	40	0.759072
PROB	39	PROB	40	2.881755
PROB	39	PROB	41	1.594162
PROB	39	PROB	42	0.086711
PROB	39	PROB	44	4.280310
PROB	39	PROB	45	2.013659
PROB	39	PROB	48	1.436370
PROB	40	PROB	41	4.000000
PROB	40	PROB	44	0.338062
PROB	41	PROB	42	4.141625
PROB	41	PROB	43	2.900963
PROB	41	PROB	44	3.211586
PROB	41	PROB	45	0.381881
PROB	42	PROB	43	3.532778
PROB	42	PROB	44	1.434274
PROB	42	PROB	45	2.623157
PROB	42	PROB	46	2.112886
PROB	42	PROB	47	0.113961
PROB	43	PROB	44	4.004543
PROB	43	PROB	45	0.738549
PROB	43	PROB	46	1.685500
PROB	43	PROB	47	1.272727
PROB	43	PROB	48	0.067420
PROB	44	PROB	45	2.452889
PROB	44	PROB	46	0.494975
PROB	44	PROB	47	2.479003
PROB	44	PROB	48	1.060660
PROB	44	PROB	49	0.072548
PROB	45	PROB	46	3.423266
PROB	45	PROB	47	0.861640
PROB	45	PROB	48	2.008316
PROB	45	PROB	49	2.247806
PROB	45	PROB	62	0.133631
PROB	45	PROB	63	0.561951
PROB	45	PROB	66	1.826342
PROB	45	PROB	67	0.273861
PROB	46	PROB	47	2.427120
PROB	46	PROB	48	0.500000
PROB	46	PROB	49	2.000658
PROB	46	PROB	50	0.923760
PROB	46	PROB	55	1.231174
PROB	46	PROB	63	1.231174
PROB	46	PROB	67	0.350000
PROB	47	PROB	48	2.561959
PROB	47	PROB	49	0.968400
PROB	47	PROB	50	2.958296
PROB	47	PROB	51	1.181818
PROB	48	PROB	49	3.693522
PROB	48	PROB	50	0.577350
PROB	48	PROB	51	1.415820
PROB	48	PROB	52	2.874329
PROB	49	PROB	50	2.310161
PROB	49	PROB	51	0.622543
PROB	49	PROB	52	1.724886
PROB	49	PROB	53	0.429198
PROB	49	PROB	54	3.668370
PROB	49	PROB	55	2.894737
PROB	49	PROB	62	2.152693
PROB	49	PROB	63	0.789474
PROB	49	PROB	66	0.052632
PROB	50	PROB	51	2.646896
PROB	50	PROB	52	0.876714
PROB	50	PROB	53	1.449138
PROB	50	PROB	54	0.385337
PROB	50	PROB	55	1.895516
PROB	50	PROB	56	0.074536
PROB	51	PROB	52	3.729489
PROB	51	PROB	53	0.966988
PROB	52	PROB	53	2.722456
PROB	52	PROB	54	2.275186
PROB	53	PROB	54	3.019955
PROB	53	PROB	55	0.551825
PROB	54	PROB	55	2.494492
PROB	54	PROB	59	0.056980
PROB	54	PROB	62	3.256695
PROB	55	PROB	56	3.377558
PROB	55	PROB	59	1.594162
PROB	55	PROB	60	1.421053
PROB	55	PROB	61	0.138343
PROB	55	PROB	62	0.901127
PROB	55	PROB	63	3.210526
PROB	56	PROB	57	3.261925
PROB	56	PROB	58	1.583333
PROB	56	PROB	59	4.629100
PROB	56	PROB	60	0.264906
PROB	57	PROB	58	4.062019
PROB	57	PROB	59	0.569803
PROB	57	PROB	60	0.146735
PROB	57	PROB	82	0.697863
PROB	57	PROB	87	0.195646
PROB	58	PROB	59	3.626129
PROB	58	PROB	60	1.456986
PROB	58	PROB	82	0.503953
PROB	58	PROB	87	3.112651
PROB	59	PROB	60	3.127011
PROB	59	PROB	61	1.531064
PROB	59	PROB	62	0.058321
PROB	60	PROB	61	2.766858
PROB	60	PROB	62	0.350438
PROB	60	PROB	63	3.105263
PROB	60	PROB	64	0.592349
PROB	60	PROB	79	3.383882
PROB	60	PROB	82	1.501879
PROB	60	PROB	83	1.123903
PROB	60	PROB	87	0.526316
PROB	61	PROB	62	2.894987
PROB	61	PROB	63	0.553372
PROB	61	PROB	64	3.191846
PROB	61	PROB	65	0.950654
PROB	61	PROB	83	1.415552
PROB	62	PROB	63	2.553193
PROB	62	PROB	64	0.732467
PROB	62	PROB	65	1.587768
PROB	62	PROB	66	3.053820
PROB	62	PROB	67	0.048795
PROB	63	PROB	64	2.547100
PROB	63	PROB	65	0.612056
PROB	63	PROB	66	1.210526
PROB	63	PROB	67	2.924038
PROB	63	PROB	68	0.059235
PROB	63	PROB	79	2.007388
PROB	64	PROB	65	3.068499
PROB	64	PROB	66	0.533114
PROB	64	PROB	67	2.020726
PROB	64	PROB	68	1.933333
PROB	64	PROB	69	0.059235
PROB	64	PROB	76	2.784040
PROB	64	PROB	79	1.097345
PROB	64	PROB	83	1.897367
PROB	65	PROB	66	3.561055
PROB	65	PROB	67	0.488094
PROB	65	PROB	68	1.816050
PROB	65	PROB	69	3.672338
PROB	65	PROB	70	0.073127
PROB	66	PROB	67	2.154555
PROB	66	PROB	68	0.592349
PROB	66	PROB	69	4.000000
PROB	66	PROB	70	2.075143
PROB	66	PROB	71	0.093659
PROB	67	PROB	68	2.136196
PROB	67	PROB	69	0.359092
PROB	67	PROB	70	1.280980
PROB	67	PROB	71	0.502079
PROB	67	PROB	72	2.966831
PROB	67	PROB	75	3.180533
PROB	67	PROB	76	3.231832
PROB	67	PROB	79	0.726722
PROB	68	PROB	69	3.198684
PROB	68	PROB	70	0.778499
PROB	68	PROB	71	1.212206
PROB	68	PROB	72	0.210819
PROB	68	PROB	76	2.724805
PROB	69	PROB	70	3.596915
PROB	69	PROB	71	2.013659
PROB	70	PROB	71	3.938928
PROB	70	PROB	72	1.107823
PROB	71	PROB	72	1.916667
PROB	71	PROB	73	0.654654
PROB	72	PROB	73	2.836833
PROB	72	PROB	74	2.946278
PROB	72	PROB	75	4.589270
PROB	72	PROB	76	0.842927
PROB	72	PROB	77	0.054554
PROB	73	PROB	74	4.397645
PROB	73	PROB	75	0.429198
PROB	73	PROB	76	2.145988
PROB	73	PROB	77	1.285714
PROB	74	PROB	75	4.900770
PROB	74	PROB	76	0.794719
PROB	74	PROB	77	1.928792
PROB	74	PROB	78	0.560112
PROB	75	PROB	76	2.000000
PROB	75	PROB	77	0.981023
PROB	75	PROB	78	2.058735
PROB	75	PROB	79	0.630893
PROB	76	PROB	77	2.513871
PROB	76	PROB	78	0.612056
PROB	76	PROB	79	1.777972
PROB	76	PROB	80	1.261787
PROB	76	PROB	83	0.046829
PROB	77	PROB	78	3.305839
PROB	77	PROB	79	0.935414
PROB	77	PROB	80	2.405351
PROB	77	PROB	81	1.697337
PROB	77	PROB	82	0.058321
PROB	78	PROB	79	2.667892
PROB	78	PROB	80	0.545705
PROB	78	PROB	81	1.680336
PROB	78	PROB	82	0.476331
PROB	79	PROB	80	2.812500
PROB	79	PROB	81	0.793857
PROB	79	PROB	82	0.981981
PROB	79	PROB	83	2.551552
PROB	80	PROB	81	3.031089
PROB	80	PROB	82	0.654654
PROB	80	PROB	83	2.245366
PROB	80	PROB	84	2.739428
PROB	80	PROB	85	0.051031
PROB	81	PROB	82	2.582757
PROB	81	PROB	83	0.707107
PROB	81	PROB	84	1.697337
PROB	81	PROB	85	2.887353
PROB	81	PROB	86	0.360844
PROB	82	PROB	83	2.360808
PROB	82	PROB	84	0.583212
PROB	82	PROB	85	0.489979
PROB	82	PROB	86	4.309803
PROB	82	PROB	87	2.753444
PROB	83	PROB	84	2.945942
PROB	83	PROB	85	0.250000
PROB	83	PROB	86	0.408248
PROB	83	PROB	87	2.435123
PROB	83	PROB	89	2.647326
PROB	84	PROB	85	2.673169
PROB	84	PROB	86	0.467707
PROB	84	PROB	87	0.061314
PROB	84	PROB	89	0.059761
PROB	85	PROB	86	2.500521
PROB	85	PROB	87	0.140488
PROB	86	PROB	87	3.613298
PROB	86	PROB	88	0.159901
PROB	87	PROB	88	2.543403
PROB	87	PROB	89	2.770142
PROB	88	PROB	89	2.097618
