PROA	11	PROA	12	2.969287
PROA	11	PROA	13	1.819017
PROA	11	PROA	18	2.187500
PROA	11	PROA	19	0.055902
PROA	11	PROA	20	0.216506
PROA	12	PROA	13	3.819968
PROA	12	PROA	14	0.258199
PROA	12	PROA	17	0.062622
PROA	12	PROA	18	0.903696
PROA	12	PROA	19	1.154701
PROA	12	PROA	20	0.819892
PROA	12	PROA	21	0.064550
PROA	12	PROA	28	0.473879
PROA	13	PROA	14	2.789160
PROA	13	PROA	15	0.148522
PROA	13	PROA	16	0.825029
PROA	13	PROA	17	0.764706
PROA	13	PROA	18	0.909509
PROA	13	PROA	19	0.596559
PROA	13	PROA	28	0.055641
PROA	14	PROA	15	4.031452
PROA	14	PROA	16	1.228385
PROA	14	PROA	17	1.819017
PROA	14	PROA	18	0.375000
PROA	14	PROA	19	3.298200
PROA	14	PROA	28	1.663264
PROA	14	PROA	30	1.036535
PROA	14	PROA	38	0.848875
PROA	14	PROA	40	0.829156
PROA	15	PROA	16	2.237399
PROA	15	PROA	17	0.891133
PROA	15	PROA	30	2.004459
PROA	15	PROA	38	1.089162
PROA	16	PROA	17	5.041842
PROA	16	PROA	18	0.188982
PROA	17	PROA	18	3.092329
PROA	17	PROA	19	0.488094
PROA	17	PROA	38	1.117647
PROA	17	PROA	55	0.361961
PROA	18	PROA	19	3.018692
PROA	18	PROA	20	1.876388
PROA	18	PROA	55	1.865506
PROA	18	PROA	102	1.091089
PROA	19	PROA	20	2.646539
PROA	19	PROA	21	2.627380
PROA	19	PROA	28	1.487669
PROA	19	PROA	38	1.138885
PROA	19	PROA	39	0.111803
PROA	19	PROA	40	2.427120
PROA	19	PROA	53	2.308451
PROA	19	PROA	54	0.047673
PROA	19	PROA	55	1.668560
PROA	19	PROA	102	2.586135
PROA	20	PROA	21	3.464102
PROA	20	PROA	22	0.654654
PROA	20	PROA	55	0.061546
PROA	20	PROA	90	0.397360
PROA	20	PROA	92	0.091287
PROA	20	PROA	102	2.897728
PROA	21	PROA	22	4.346591
PROA	21	PROA	23	0.133631
PROA	21	PROA	24	0.153093
PROA	21	PROA	25	2.236733
PROA	21	PROA	28	1.720618
PROA	21	PROA	42	0.079057
PROA	21	PROA	53	3.039758
PROA	21	PROA	90	2.867697
PROA	21	PROA	102	1.582080
PROA	21	PROA	104	0.062500
PROA	22	PROA	23	5.555839
PROA	22	PROA	24	0.694365
PROA	22	PROA	25	0.742307
PROA	22	PROA	90	0.086711
PROA	23	PROA	24	2.945942
PROA	23	PROA	25	0.641533
PROA	24	PROA	25	5.167051
PROA	24	PROA	26	0.218218
PROA	24	PROA	43	0.044544
PROA	24	PROA	44	2.239171
PROA	24	PROA	45	1.527525
PROA	24	PROA	46	5.001042
PROA	24	PROA	47	1.527525
PROA	24	PROA	87	2.073070
PROA	24	PROA	88	0.766032
PROA	25	PROA	26	3.265986
PROA	25	PROA	28	0.350438
PROA	25	PROA	42	1.104105
PROA	25	PROA	43	1.000000
PROA	25	PROA	44	2.582757
PROA	25	PROA	45	0.699854
PROA	25	PROA	51	1.254753
PROA	25	PROA	53	1.201503
PROA	25	PROA	87	1.574672
PROA	25	PROA	88	0.251976
PROA	25	PROA	90	1.051315
PROA	25	PROA	104	2.454951
PROA	26	PROA	27	6.000000
PROA	26	PROA	28	0.797081
PROA	26	PROA	42	0.845154
PROA	26	PROA	43	3.265986
PROA	26	PROA	44	0.154303
PROA	26	PROA	45	1.142857
PROA	27	PROA	28	2.636499
PROA	27	PROA	29	0.725241
PROA	27	PROA	41	0.161165
PROA	27	PROA	42	1.014185
PROA	27	PROA	43	1.807957
PROA	27	PROA	50	0.600099
PROA	28	PROA	29	2.559344
PROA	28	PROA	30	0.200250
PROA	28	PROA	40	0.622543
PROA	28	PROA	41	0.415029
PROA	28	PROA	42	2.103881
PROA	28	PROA	43	0.050063
PROA	28	PROA	53	0.526316
PROA	29	PROA	30	2.500216
PROA	29	PROA	31	1.452600
PROA	29	PROA	40	1.454545
PROA	29	PROA	41	4.090909
PROA	29	PROA	42	0.572078
PROA	29	PROA	50	0.430820
PROA	30	PROA	31	2.903632
PROA	30	PROA	32	3.051709
PROA	30	PROA	33	1.014185
PROA	30	PROA	38	2.011173
PROA	30	PROA	39	0.436436
PROA	30	PROA	40	1.973855
PROA	30	PROA	41	0.263181
PROA	31	PROA	32	4.335550
PROA	31	PROA	39	2.752989
PROA	31	PROA	40	1.245086
PROA	31	PROA	41	2.282658
PROA	32	PROA	33	3.415650
PROA	32	PROA	34	0.571429
PROA	32	PROA	38	0.733359
PROA	32	PROA	39	3.212698
PROA	32	PROA	40	0.113961
PROA	33	PROA	34	4.977090
PROA	33	PROA	37	1.366260
PROA	33	PROA	38	1.816050
PROA	33	PROA	39	1.226445
PROA	34	PROA	35	3.705209
PROA	34	PROA	36	0.742307
PROA	34	PROA	37	3.571429
PROA	34	PROA	38	0.733359
PROA	34	PROA	39	2.267787
PROA	35	PROA	36	4.554433
PROA	35	PROA	37	1.075706
PROA	36	PROA	37	3.299144
PROA	36	PROA	55	0.139573
PROA	36	PROA	56	2.603256
PROA	36	PROA	57	1.513289
PROA	36	PROA	64	1.380952
PROA	36	PROA	67	0.935414
PROA	37	PROA	38	3.391784
PROA	37	PROA	39	0.755929
PROA	37	PROA	55	1.853393
PROA	37	PROA	56	0.433555
PROA	37	PROA	57	0.341882
PROA	38	PROA	39	3.031695
PROA	38	PROA	40	1.096909
PROA	38	PROA	53	0.055641
PROA	38	PROA	54	0.206835
PROA	38	PROA	55	2.378603
PROA	39	PROA	40	3.844270
PROA	39	PROA	41	0.376889
PROA	39	PROA	52	0.079057
PROA	39	PROA	53	0.286770
PROA	39	PROA	54	3.038110
PROA	39	PROA	55	0.213201
PROA	40	PROA	41	4.181818
PROA	40	PROA	42	0.381385
PROA	40	PROA	52	0.381385
PROA	40	PROA	53	2.351829
PROA	40	PROA	54	0.192847
PROA	40	PROA	55	0.064282
PROA	41	PROA	42	4.671967
PROA	41	PROA	50	0.307729
PROA	41	PROA	51	1.281423
PROA	41	PROA	52	2.002271
PROA	41	PROA	53	0.553372
PROA	41	PROA	107	1.175915
PROA	42	PROA	43	2.829269
PROA	42	PROA	44	0.365148
PROA	42	PROA	49	0.079057
PROA	42	PROA	50	1.290994
PROA	42	PROA	51	3.794733
PROA	42	PROA	52	0.400000
PROA	42	PROA	53	2.248976
PROA	42	PROA	107	0.072548
PROA	43	PROA	44	3.590662
PROA	43	PROA	45	1.166424
PROA	43	PROA	48	1.814444
PROA	43	PROA	49	2.018515
PROA	43	PROA	50	3.207135
PROA	43	PROA	51	0.490990
PROA	44	PROA	45	3.240370
PROA	44	PROA	46	2.092895
PROA	44	PROA	47	3.240370
PROA	44	PROA	48	1.107823
PROA	44	PROA	49	3.031089
PROA	44	PROA	50	0.353553
PROA	44	PROA	51	2.453739
PROA	44	PROA	87	0.925820
PROA	45	PROA	46	3.207135
PROA	45	PROA	47	0.428571
PROA	45	PROA	48	3.418817
PROA	46	PROA	47	3.608027
PROA	46	PROA	48	1.225904
PROA	47	PROA	48	2.450152
PROA	47	PROA	49	2.204905
PROA	47	PROA	87	0.928571
PROA	48	PROA	49	2.398508
PROA	49	PROA	50	3.674235
PROA	49	PROA	51	0.937500
PROA	49	PROA	107	0.057354
PROA	50	PROA	51	3.061862
PROA	50	PROA	107	1.966830
PROA	51	PROA	52	4.190018
PROA	51	PROA	53	1.319140
PROA	51	PROA	87	0.801784
PROA	51	PROA	104	1.687500
PROA	51	PROA	105	1.030776
PROA	51	PROA	106	0.938194
PROA	51	PROA	107	2.179449
PROA	52	PROA	53	3.192096
PROA	52	PROA	54	1.213560
PROA	52	PROA	103	0.072548
PROA	52	PROA	104	0.711512
PROA	52	PROA	105	3.911521
PROA	52	PROA	106	1.004158
PROA	52	PROA	107	2.176429
PROA	52	PROA	108	0.153393
PROA	53	PROA	54	3.081431
PROA	53	PROA	55	0.342381
PROA	53	PROA	90	0.578947
PROA	53	PROA	102	1.101378
PROA	53	PROA	103	0.842105
PROA	53	PROA	104	3.326528
PROA	53	PROA	105	0.333849
PROA	54	PROA	55	1.863636
PROA	54	PROA	56	1.271702
PROA	54	PROA	101	0.053300
PROA	54	PROA	102	0.186097
PROA	54	PROA	103	1.760818
PROA	54	PROA	104	0.266501
PROA	54	PROA	105	2.895691
PROA	54	PROA	156	0.048912
PROA	55	PROA	56	3.032519
PROA	55	PROA	57	0.578542
PROA	55	PROA	99	0.045455
PROA	55	PROA	100	1.784827
PROA	55	PROA	101	0.586302
PROA	55	PROA	102	4.094131
PROA	55	PROA	103	0.195646
PROA	56	PROA	57	3.873601
PROA	56	PROA	58	2.636499
PROA	56	PROA	64	0.050063
PROA	56	PROA	68	0.919709
PROA	56	PROA	100	0.529813
PROA	56	PROA	101	3.613298
PROA	56	PROA	102	0.250313
PROA	56	PROA	103	1.578947
PROA	57	PROA	58	4.673773
PROA	57	PROA	59	0.471940
PROA	57	PROA	60	0.077850
PROA	57	PROA	61	0.073127
PROA	57	PROA	64	0.197386
PROA	57	PROA	99	0.707107
PROA	57	PROA	100	3.307475
PROA	57	PROA	101	0.376889
PROA	58	PROA	59	5.677336
PROA	58	PROA	60	0.552052
PROA	58	PROA	61	1.361228
PROA	58	PROA	64	2.799417
PROA	58	PROA	65	2.498051
PROA	58	PROA	68	2.357143
PROA	58	PROA	100	0.848668
PROA	58	PROA	101	1.135860
PROA	58	PROA	347	0.245256
PROA	59	PROA	60	2.424871
PROA	59	PROA	61	0.596559
PROA	59	PROA	65	1.213560
PROA	59	PROA	68	0.059761
PROA	59	PROA	98	2.332002
PROA	59	PROA	99	1.048809
PROA	59	PROA	100	2.065591
PROA	59	PROA	101	0.894427
PROA	59	PROA	340	0.619751
PROA	59	PROA	341	0.057735
PROA	59	PROA	344	3.766177
PROA	59	PROA	347	2.000658
PROA	60	PROA	61	4.508815
PROA	60	PROA	62	0.187867
PROA	60	PROA	99	0.165145
PROA	60	PROA	340	1.486301
PROA	61	PROA	62	2.117647
PROA	61	PROA	63	0.907485
PROA	61	PROA	64	3.757718
PROA	61	PROA	65	1.243163
PROA	61	PROA	340	0.620505
PROA	62	PROA	63	3.176198
PROA	62	PROA	64	0.370479
PROA	62	PROA	65	1.535672
PROA	62	PROA	66	2.058824
PROA	62	PROA	335	0.222566
PROA	62	PROA	336	1.190238
PROA	62	PROA	337	0.420084
PROA	62	PROA	338	1.168471
PROA	62	PROA	339	0.324102
PROA	62	PROA	340	1.085884
PROA	62	PROA	343	1.502320
PROA	63	PROA	64	3.907519
PROA	63	PROA	65	1.047570
PROA	63	PROA	66	1.296407
PROA	63	PROA	67	1.909407
PROA	63	PROA	68	0.071429
PROA	64	PROA	65	2.566012
PROA	64	PROA	66	0.529256
PROA	64	PROA	67	2.360808
PROA	64	PROA	68	1.166424
PROA	64	PROA	69	0.050063
PROA	65	PROA	66	2.851962
PROA	65	PROA	67	0.677003
PROA	65	PROA	68	1.933975
PROA	65	PROA	69	0.830057
PROA	65	PROA	70	0.061546
PROA	65	PROA	340	0.771389
PROA	65	PROA	343	3.251058
PROA	65	PROA	344	0.128565
PROA	65	PROA	347	1.452600
PROA	66	PROA	67	2.425861
PROA	66	PROA	68	0.713024
PROA	66	PROA	69	0.890264
PROA	66	PROA	70	2.227832
PROA	66	PROA	71	0.062622
PROA	66	PROA	169	0.091670
PROA	66	PROA	335	3.839263
PROA	66	PROA	336	2.940588
PROA	66	PROA	343	1.947452
PROA	67	PROA	68	2.564060
PROA	67	PROA	69	0.280976
PROA	67	PROA	70	0.958333
PROA	67	PROA	71	0.685160
PROA	67	PROA	167	0.058926
PROA	67	PROA	168	0.045644
PROA	67	PROA	169	4.474797
PROA	67	PROA	170	3.278050
PROA	67	PROA	188	0.051031
PROA	68	PROA	69	2.759127
PROA	68	PROA	70	0.709208
PROA	68	PROA	71	1.380131
PROA	68	PROA	72	2.575185
PROA	68	PROA	73	0.056980
PROA	68	PROA	101	1.269491
PROA	68	PROA	103	0.183942
PROA	68	PROA	169	0.202031
PROA	68	PROA	347	1.226279
PROA	69	PROA	70	1.779513
PROA	69	PROA	71	0.533114
PROA	69	PROA	72	2.736842
PROA	69	PROA	73	1.271702
PROA	69	PROA	74	0.052632
PROA	69	PROA	331	2.154555
PROA	69	PROA	335	0.578947
PROA	69	PROA	343	0.631579
PROA	69	PROA	346	2.526316
PROA	69	PROA	347	4.105263
PROA	69	PROA	350	1.421637
PROA	70	PROA	71	1.950071
PROA	70	PROA	72	0.280976
PROA	70	PROA	73	0.739830
PROA	70	PROA	74	0.983415
PROA	70	PROA	75	0.046829
PROA	70	PROA	168	0.273861
PROA	70	PROA	169	1.465882
PROA	70	PROA	170	0.608781
PROA	70	PROA	171	1.226445
PROA	70	PROA	172	3.166667
PROA	70	PROA	329	0.319505
PROA	70	PROA	331	0.958514
PROA	70	PROA	335	1.873172
PROA	70	PROA	336	0.117851
PROA	71	PROA	72	3.554093
PROA	71	PROA	73	0.660578
PROA	71	PROA	74	1.125463
PROA	71	PROA	75	3.257919
PROA	71	PROA	76	0.059235
PROA	71	PROA	103	0.059235
PROA	71	PROA	167	0.670820
PROA	71	PROA	168	4.387862
PROA	71	PROA	169	2.049390
PROA	71	PROA	171	0.081650
PROA	72	PROA	73	3.325989
PROA	72	PROA	74	0.315789
PROA	72	PROA	75	1.684211
PROA	72	PROA	76	0.684211
PROA	72	PROA	86	0.210526
PROA	72	PROA	89	1.947368
PROA	72	PROA	101	0.057354
PROA	72	PROA	103	1.578947
PROA	72	PROA	347	0.842105
PROA	72	PROA	350	0.473879
PROA	72	PROA	351	0.981023
PROA	73	PROA	74	1.907552
PROA	73	PROA	75	0.391293
PROA	73	PROA	76	2.298845
PROA	73	PROA	77	0.652791
PROA	73	PROA	329	1.144155
PROA	73	PROA	331	0.953463
PROA	73	PROA	350	2.972602
PROA	73	PROA	354	0.047673
PROA	74	PROA	75	2.631579
PROA	74	PROA	76	0.526316
PROA	74	PROA	77	1.639025
PROA	74	PROA	78	2.770142
PROA	74	PROA	83	0.052632
PROA	74	PROA	140	0.157895
PROA	74	PROA	145	1.777972
PROA	74	PROA	168	2.308451
PROA	74	PROA	171	2.248976
PROA	74	PROA	172	0.468293
PROA	74	PROA	329	1.949359
PROA	75	PROA	76	2.052632
PROA	75	PROA	77	0.561951
PROA	75	PROA	78	0.461690
PROA	75	PROA	79	0.655610
PROA	75	PROA	83	0.684211
PROA	75	PROA	84	1.631579
PROA	75	PROA	86	4.315789
PROA	75	PROA	103	0.473684
PROA	75	PROA	166	0.138343
PROA	75	PROA	167	0.066227
PROA	75	PROA	168	1.949359
PROA	76	PROA	77	2.247806
PROA	76	PROA	78	0.410391
PROA	76	PROA	79	3.090733
PROA	76	PROA	86	1.263158
PROA	76	PROA	89	0.052632
PROA	76	PROA	353	0.046829
PROA	76	PROA	354	1.641565
PROA	77	PROA	78	5.066434
PROA	77	PROA	79	0.500000
PROA	77	PROA	139	0.044544
PROA	77	PROA	143	0.129099
PROA	77	PROA	145	0.051031
PROA	77	PROA	326	1.264911
PROA	77	PROA	327	0.774597
PROA	77	PROA	328	0.545545
PROA	77	PROA	329	2.601682
PROA	78	PROA	79	1.871385
PROA	78	PROA	80	0.921954
PROA	78	PROA	83	1.692864
PROA	78	PROA	139	1.854210
PROA	78	PROA	140	2.359750
PROA	78	PROA	143	1.484924
PROA	78	PROA	145	1.900658
PROA	78	PROA	329	0.200000
PROA	79	PROA	80	2.227832
PROA	79	PROA	83	0.421464
PROA	79	PROA	85	0.077152
PROA	79	PROA	86	0.093659
PROA	79	PROA	139	0.133631
PROA	79	PROA	354	0.045644
PROA	80	PROA	81	3.757346
PROA	80	PROA	82	3.435480
PROA	80	PROA	83	3.950546
PROA	80	PROA	135	0.049507
PROA	80	PROA	136	1.008368
PROA	80	PROA	139	4.498677
PROA	80	PROA	164	0.103418
PROA	80	PROA	165	0.055641
PROA	81	PROA	82	3.036288
PROA	81	PROA	83	0.414644
PROA	81	PROA	163	0.059235
PROA	81	PROA	164	1.651446
PROA	82	PROA	83	2.759127
PROA	82	PROA	84	0.122628
PROA	82	PROA	132	3.500300
PROA	82	PROA	135	0.327327
PROA	82	PROA	136	1.616244
PROA	82	PROA	163	2.207302
PROA	82	PROA	164	2.507133
PROA	82	PROA	165	1.164965
PROA	83	PROA	84	3.789474
PROA	83	PROA	85	0.520266
PROA	83	PROA	136	0.433555
PROA	83	PROA	139	0.650814
PROA	83	PROA	140	1.473684
PROA	83	PROA	164	1.711906
PROA	83	PROA	165	3.052632
PROA	83	PROA	166	0.069171
PROA	83	PROA	168	2.000658
PROA	84	PROA	85	4.769105
PROA	84	PROA	86	0.894737
PROA	84	PROA	105	2.893357
PROA	84	PROA	106	2.317932
PROA	84	PROA	108	1.168471
PROA	84	PROA	156	1.368421
PROA	84	PROA	164	2.739050
PROA	84	PROA	165	0.894737
PROA	84	PROA	166	3.320229
PROA	84	PROA	167	0.132453
PROA	84	PROA	168	0.820783
PROA	85	PROA	86	3.208307
PROA	85	PROA	87	0.404061
PROA	85	PROA	104	0.094491
PROA	85	PROA	105	0.825029
PROA	85	PROA	106	4.473467
PROA	85	PROA	164	0.564076
PROA	86	PROA	87	3.617522
PROA	86	PROA	89	0.842105
PROA	86	PROA	103	0.947368
PROA	86	PROA	104	1.089725
PROA	86	PROA	105	1.780528
PROA	86	PROA	106	0.331133
PROA	87	PROA	88	3.317522
PROA	87	PROA	89	0.674453
PROA	87	PROA	104	3.407581
PROA	87	PROA	105	0.259281
PROA	88	PROA	89	3.311331
PROA	88	PROA	90	0.794719
PROA	88	PROA	104	0.360844
PROA	88	PROA	354	2.517439
PROA	89	PROA	90	3.263158
PROA	89	PROA	91	0.468293
PROA	89	PROA	101	0.917663
PROA	89	PROA	102	0.300376
PROA	89	PROA	103	2.947368
PROA	89	PROA	104	0.172062
PROA	89	PROA	351	2.881755
PROA	89	PROA	354	2.000658
PROA	89	PROA	355	0.723339
PROA	90	PROA	91	2.809757
PROA	90	PROA	101	0.573539
PROA	90	PROA	102	3.654571
PROA	90	PROA	103	0.526316
PROA	90	PROA	104	1.720618
PROA	90	PROA	355	0.667698
PROA	91	PROA	92	4.712130
PROA	91	PROA	93	0.927426
PROA	91	PROA	94	0.109109
PROA	91	PROA	98	1.633743
PROA	91	PROA	100	0.235702
PROA	91	PROA	101	1.122683
PROA	91	PROA	102	0.400892
PROA	91	PROA	347	0.140488
PROA	91	PROA	348	4.427424
PROA	91	PROA	349	0.158114
PROA	91	PROA	351	3.218714
PROA	91	PROA	352	1.871942
PROA	91	PROA	355	3.515024
PROA	92	PROA	93	5.155441
PROA	92	PROA	94	1.859339
PROA	92	PROA	97	1.227144
PROA	92	PROA	98	1.840716
PROA	92	PROA	99	0.404520
PROA	92	PROA	348	0.424264
PROA	92	PROA	355	0.076696
PROA	93	PROA	94	4.214286
PROA	93	PROA	97	0.194461
PROA	93	PROA	348	0.597614
PROA	93	PROA	355	0.064820
PROA	94	PROA	95	3.372266
PROA	94	PROA	96	2.070197
PROA	94	PROA	97	2.463174
PROA	94	PROA	98	0.648204
PROA	94	PROA	348	1.852604
PROA	95	PROA	96	3.731798
PROA	95	PROA	97	0.612056
PROA	95	PROA	98	2.893357
PROA	95	PROA	344	1.467348
PROA	95	PROA	345	1.243933
PROA	95	PROA	348	3.488326
PROA	96	PROA	97	2.880632
PROA	96	PROA	98	0.688847
PROA	97	PROA	98	2.588235
PROA	97	PROA	99	0.517088
PROA	98	PROA	99	2.326895
PROA	98	PROA	100	0.560112
PROA	98	PROA	101	0.909509
PROA	98	PROA	344	2.482021
PROA	98	PROA	347	1.224113
PROA	98	PROA	348	1.681211
PROA	98	PROA	351	0.064820
PROA	99	PROA	100	6.277666
PROA	99	PROA	102	0.046524
PROA	99	PROA	344	0.045455
PROA	100	PROA	101	3.247595
PROA	100	PROA	102	0.377964
PROA	101	PROA	102	3.327823
PROA	101	PROA	103	2.064742
PROA	101	PROA	347	0.630893
PROA	101	PROA	351	0.200446
PROA	102	PROA	103	2.453068
PROA	102	PROA	104	0.490990
PROA	103	PROA	104	3.326528
PROA	103	PROA	105	0.333849
PROA	104	PROA	105	3.152963
PROA	104	PROA	106	0.216506
PROA	105	PROA	106	3.990798
PROA	105	PROA	107	0.222566
PROA	105	PROA	108	0.294118
PROA	105	PROA	156	0.834622
PROA	105	PROA	166	0.511891
PROA	106	PROA	107	2.781518
PROA	106	PROA	108	1.400280
PROA	106	PROA	164	0.123091
PROA	107	PROA	108	3.561055
PROA	107	PROA	109	1.184698
PROA	107	PROA	158	0.306570
PROA	108	PROA	109	2.755387
PROA	108	PROA	110	0.907485
PROA	108	PROA	156	4.117470
PROA	108	PROA	157	1.836169
PROA	108	PROA	158	3.435480
PROA	108	PROA	162	0.140028
PROA	108	PROA	163	0.111283
PROA	108	PROA	164	2.120060
PROA	109	PROA	110	3.588341
PROA	109	PROA	157	0.651584
PROA	109	PROA	158	3.036288
PROA	109	PROA	159	2.415229
PROA	109	PROA	160	0.069007
PROA	110	PROA	111	4.937707
PROA	110	PROA	112	0.183942
PROA	110	PROA	114	1.367527
PROA	110	PROA	115	2.820441
PROA	110	PROA	156	0.674453
PROA	110	PROA	157	3.924092
PROA	110	PROA	158	0.071429
PROA	111	PROA	112	2.649065
PROA	111	PROA	113	2.330781
PROA	111	PROA	114	4.492839
PROA	111	PROA	115	0.860946
PROA	111	PROA	116	0.066227
PROA	111	PROA	152	0.385758
PROA	111	PROA	153	2.437087
PROA	111	PROA	154	0.077152
PROA	111	PROA	155	0.728493
PROA	111	PROA	156	2.516611
PROA	111	PROA	157	1.589439
PROA	112	PROA	113	2.002505
PROA	112	PROA	114	0.391293
PROA	112	PROA	115	1.842105
PROA	112	PROA	116	3.526316
PROA	112	PROA	117	0.048912
PROA	112	PROA	121	0.526316
PROA	112	PROA	129	1.128576
PROA	112	PROA	133	0.315789
PROA	112	PROA	152	3.310952
PROA	112	PROA	153	0.207514
PROA	112	PROA	155	3.263158
PROA	112	PROA	156	0.263158
PROA	112	PROA	157	3.684211
PROA	112	PROA	163	0.263158
PROA	112	PROA	217	1.105263
PROA	112	PROA	221	1.947452
PROA	113	PROA	114	3.721937
PROA	113	PROA	115	0.500626
PROA	113	PROA	116	1.001252
PROA	113	PROA	117	1.767920
PROA	113	PROA	152	2.449490
PROA	113	PROA	153	1.973855
PROA	114	PROA	115	1.809729
PROA	114	PROA	116	0.635851
PROA	114	PROA	117	1.727273
PROA	114	PROA	118	1.025645
PROA	115	PROA	116	2.263158
PROA	115	PROA	117	0.684762
PROA	115	PROA	118	3.004383
PROA	115	PROA	119	2.559508
PROA	115	PROA	121	1.368421
PROA	115	PROA	125	0.055641
PROA	115	PROA	129	0.769484
PROA	115	PROA	157	1.842105
PROA	116	PROA	117	1.907552
PROA	116	PROA	118	0.735767
PROA	116	PROA	119	0.667698
PROA	116	PROA	120	0.055641
PROA	116	PROA	121	1.789474
PROA	116	PROA	152	0.490511
PROA	116	PROA	217	0.052632
PROA	116	PROA	220	2.369396
PROA	116	PROA	221	2.503867
PROA	116	PROA	224	4.414603
PROA	117	PROA	118	2.507133
PROA	117	PROA	119	0.310253
PROA	117	PROA	224	0.170941
PROA	118	PROA	119	4.861528
PROA	119	PROA	120	3.000000
PROA	119	PROA	121	1.057188
PROA	119	PROA	125	0.058824
PROA	119	PROA	224	0.583383
PROA	120	PROA	121	3.505414
PROA	120	PROA	122	0.292509
PROA	120	PROA	126	0.055641
PROA	120	PROA	222	0.445132
PROA	120	PROA	223	0.438763
PROA	120	PROA	224	1.426048
PROA	121	PROA	122	3.251058
PROA	121	PROA	123	0.183942
PROA	121	PROA	125	1.335396
PROA	121	PROA	126	3.631579
PROA	121	PROA	129	1.487669
PROA	121	PROA	221	2.003094
PROA	121	PROA	224	0.306570
PROA	122	PROA	123	3.142710
PROA	122	PROA	124	2.611165
PROA	122	PROA	125	3.583235
PROA	122	PROA	126	1.867629
PROA	122	PROA	127	0.090909
PROA	123	PROA	124	3.163219
PROA	123	PROA	125	0.713024
PROA	123	PROA	126	2.391243
PROA	123	PROA	127	1.289317
PROA	123	PROA	128	0.058321
PROA	123	PROA	283	1.157275
PROA	123	PROA	286	0.253546
PROA	123	PROA	312	1.632993
PROA	124	PROA	125	4.130826
PROA	124	PROA	126	0.728493
PROA	124	PROA	127	2.524126
PROA	124	PROA	128	0.755929
PROA	124	PROA	316	0.440959
PROA	125	PROA	126	2.726433
PROA	125	PROA	127	1.096909
PROA	125	PROA	128	1.217289
PROA	125	PROA	129	1.355815
PROA	125	PROA	130	0.055641
PROA	125	PROA	161	0.731272
PROA	126	PROA	127	3.112715
PROA	126	PROA	128	0.450564
PROA	126	PROA	129	1.231174
PROA	126	PROA	130	0.842105
PROA	126	PROA	131	0.050063
PROA	126	PROA	218	1.052632
PROA	126	PROA	221	4.173112
PROA	126	PROA	222	2.421053
PROA	126	PROA	312	1.001252
PROA	127	PROA	128	2.631807
PROA	127	PROA	129	0.674200
PROA	127	PROA	130	1.798458
PROA	127	PROA	131	0.921132
PROA	127	PROA	132	0.073127
PROA	127	PROA	312	3.223963
PROA	127	PROA	313	1.936800
PROA	127	PROA	316	1.315903
PROA	128	PROA	129	2.098185
PROA	128	PROA	130	0.550689
PROA	128	PROA	131	2.857143
PROA	128	PROA	132	4.234049
PROA	128	PROA	133	0.050063
PROA	128	PROA	160	0.349927
PROA	128	PROA	161	1.710674
PROA	128	PROA	162	1.763834
PROA	128	PROA	316	1.666667
PROA	129	PROA	130	1.846761
PROA	129	PROA	131	0.634335
PROA	129	PROA	132	2.223537
PROA	129	PROA	133	1.538968
PROA	129	PROA	134	0.051299
PROA	129	PROA	157	3.077935
PROA	129	PROA	161	2.359700
PROA	129	PROA	162	0.258199
PROA	129	PROA	163	2.411049
PROA	129	PROA	221	1.084652
PROA	130	PROA	131	2.152693
PROA	130	PROA	132	0.500773
PROA	130	PROA	133	1.421053
PROA	130	PROA	134	3.263158
PROA	130	PROA	135	0.046829
PROA	130	PROA	214	1.032371
PROA	130	PROA	218	3.368421
PROA	130	PROA	221	1.279754
PROA	130	PROA	289	1.421053
PROA	130	PROA	293	1.557962
PROA	130	PROA	312	1.652066
PROA	130	PROA	313	2.210526
PROA	131	PROA	132	3.281388
PROA	131	PROA	133	0.450564
PROA	131	PROA	134	1.101378
PROA	131	PROA	135	3.251678
PROA	131	PROA	136	0.082479
PROA	131	PROA	308	0.951190
PROA	131	PROA	313	2.052567
PROA	131	PROA	316	3.714286
PROA	131	PROA	317	2.190476
PROA	131	PROA	318	0.377964
PROA	132	PROA	133	2.225660
PROA	132	PROA	134	0.612056
PROA	132	PROA	135	1.534729
PROA	132	PROA	136	0.916698
PROA	132	PROA	137	0.055641
PROA	132	PROA	161	0.585018
PROA	132	PROA	162	1.680336
PROA	132	PROA	163	4.173112
PROA	132	PROA	165	0.055641
PROA	133	PROA	134	2.842105
PROA	133	PROA	135	0.515122
PROA	133	PROA	136	1.213954
PROA	133	PROA	137	2.526316
PROA	133	PROA	138	0.048912
PROA	133	PROA	150	0.684211
PROA	133	PROA	155	3.052632
PROA	133	PROA	163	3.263158
PROA	133	PROA	165	0.684211
PROA	133	PROA	214	2.466219
PROA	133	PROA	217	1.052632
PROA	133	PROA	221	0.500773
PROA	134	PROA	135	1.873172
PROA	134	PROA	136	0.953821
PROA	134	PROA	137	1.105263
PROA	134	PROA	138	0.782586
PROA	134	PROA	211	0.736842
PROA	134	PROA	214	0.802955
PROA	134	PROA	289	0.578947
PROA	134	PROA	293	2.114377
PROA	134	PROA	304	2.523573
PROA	134	PROA	307	2.466619
PROA	134	PROA	308	3.315789
PROA	134	PROA	313	1.315789
PROA	135	PROA	136	2.546005
PROA	135	PROA	137	0.280976
PROA	135	PROA	138	1.436141
PROA	135	PROA	139	0.534522
PROA	135	PROA	308	2.622440
PROA	135	PROA	317	1.024501
PROA	135	PROA	320	0.677003
PROA	136	PROA	137	3.295018
PROA	136	PROA	138	1.289317
PROA	136	PROA	139	2.226922
PROA	136	PROA	140	0.693688
PROA	136	PROA	141	0.091670
PROA	136	PROA	165	1.994353
PROA	137	PROA	138	1.956464
PROA	137	PROA	139	0.600751
PROA	137	PROA	140	2.526316
PROA	137	PROA	141	1.001547
PROA	137	PROA	142	0.069171
PROA	137	PROA	147	0.612056
PROA	137	PROA	150	1.526316
PROA	137	PROA	165	2.421053
PROA	137	PROA	210	0.662266
PROA	137	PROA	211	0.210526
PROA	137	PROA	214	1.261787
PROA	137	PROA	304	0.401478
PROA	138	PROA	139	2.186638
PROA	138	PROA	140	0.538028
PROA	138	PROA	141	1.861516
PROA	138	PROA	142	1.349931
PROA	138	PROA	304	3.304611
PROA	138	PROA	305	3.082699
PROA	138	PROA	308	0.586939
PROA	138	PROA	322	1.651446
PROA	138	PROA	323	0.284901
PROA	139	PROA	140	2.903632
PROA	139	PROA	141	0.476331
PROA	139	PROA	142	1.250108
PROA	139	PROA	143	0.069007
PROA	139	PROA	323	1.866278
PROA	140	PROA	141	2.392584
PROA	140	PROA	142	1.106743
PROA	140	PROA	143	1.160762
PROA	140	PROA	144	0.367884
PROA	140	PROA	145	3.957421
PROA	140	PROA	146	0.473684
PROA	140	PROA	147	1.446679
PROA	140	PROA	165	0.210526
PROA	140	PROA	168	0.256495
PROA	141	PROA	142	2.998217
PROA	141	PROA	143	0.997054
PROA	141	PROA	144	1.231587
PROA	141	PROA	145	0.727607
PROA	141	PROA	146	0.389490
PROA	141	PROA	207	0.827340
PROA	141	PROA	303	0.125245
PROA	141	PROA	304	1.152044
PROA	142	PROA	143	3.813850
PROA	142	PROA	144	0.886405
PROA	142	PROA	322	0.622799
PROA	142	PROA	323	3.223292
PROA	143	PROA	144	3.634163
PROA	143	PROA	145	3.162278
PROA	143	PROA	173	0.395285
PROA	144	PROA	145	2.538982
PROA	144	PROA	146	0.490511
PROA	144	PROA	172	0.054554
PROA	144	PROA	173	1.403122
PROA	144	PROA	174	1.690309
PROA	144	PROA	207	2.165251
PROA	145	PROA	146	3.670652
PROA	145	PROA	147	0.303170
PROA	145	PROA	171	0.553399
PROA	145	PROA	172	1.632993
PROA	145	PROA	173	2.750000
PROA	145	PROA	174	0.395285
PROA	145	PROA	329	0.838525
PROA	146	PROA	147	2.058735
PROA	146	PROA	148	3.652685
PROA	146	PROA	171	0.580381
PROA	146	PROA	172	1.030244
PROA	146	PROA	173	0.344124
PROA	146	PROA	174	3.337191
PROA	146	PROA	175	0.066227
PROA	146	PROA	185	0.061314
PROA	146	PROA	207	1.222790
PROA	146	PROA	209	1.157895
PROA	146	PROA	210	0.860946
PROA	147	PROA	148	3.069457
PROA	147	PROA	149	0.420084
PROA	147	PROA	150	2.948999
PROA	147	PROA	151	0.051709
PROA	147	PROA	154	2.139072
PROA	147	PROA	165	1.669245
PROA	147	PROA	166	0.804400
PROA	147	PROA	167	1.540308
PROA	147	PROA	168	2.115072
PROA	147	PROA	170	0.278207
PROA	147	PROA	171	2.147502
PROA	147	PROA	172	0.049507
PROA	147	PROA	210	0.210042
PROA	148	PROA	149	3.005204
PROA	148	PROA	150	0.374634
PROA	148	PROA	154	0.054554
PROA	148	PROA	170	2.247806
PROA	148	PROA	171	0.774597
PROA	148	PROA	172	1.416667
PROA	148	PROA	173	0.051031
PROA	148	PROA	174	0.645497
PROA	148	PROA	175	0.707107
PROA	148	PROA	178	0.346552
PROA	148	PROA	185	2.782278
PROA	148	PROA	186	2.002776
PROA	148	PROA	209	0.749269
PROA	148	PROA	210	0.412479
PROA	149	PROA	150	2.516611
PROA	149	PROA	151	3.015742
PROA	149	PROA	154	0.540062
PROA	149	PROA	170	0.662266
PROA	149	PROA	186	0.223607
PROA	149	PROA	188	1.659882
PROA	149	PROA	194	2.298097
PROA	149	PROA	210	0.083333
PROA	150	PROA	151	3.032519
PROA	150	PROA	154	2.513871
PROA	150	PROA	155	1.368421
PROA	150	PROA	165	0.684211
PROA	150	PROA	193	0.650814
PROA	150	PROA	210	0.529813
PROA	150	PROA	213	1.660115
PROA	150	PROA	214	1.605910
PROA	150	PROA	217	1.842105
PROA	151	PROA	152	3.703719
PROA	151	PROA	153	2.185603
PROA	151	PROA	154	3.703719
PROA	151	PROA	155	0.440204
PROA	151	PROA	167	0.061546
PROA	151	PROA	188	0.159901
PROA	151	PROA	190	0.683763
PROA	151	PROA	193	2.233162
PROA	151	PROA	217	1.076055
PROA	152	PROA	153	2.900963
PROA	152	PROA	154	0.642857
PROA	152	PROA	155	1.594162
PROA	152	PROA	193	2.624453
PROA	152	PROA	217	2.636499
PROA	152	PROA	220	1.587151
PROA	153	PROA	154	3.545621
PROA	153	PROA	155	0.691714
PROA	153	PROA	156	0.484200
PROA	153	PROA	166	0.090909
PROA	154	PROA	155	3.556208
PROA	154	PROA	156	0.429198
PROA	154	PROA	164	0.113961
PROA	154	PROA	165	0.981023
PROA	154	PROA	166	2.820380
PROA	154	PROA	167	3.008915
PROA	155	PROA	156	2.736842
PROA	155	PROA	157	1.315789
PROA	155	PROA	163	3.368421
PROA	155	PROA	164	0.586939
PROA	155	PROA	165	1.526316
PROA	155	PROA	166	0.415029
PROA	155	PROA	217	1.578947
PROA	156	PROA	157	3.000000
PROA	156	PROA	158	0.183942
PROA	156	PROA	162	0.066227
PROA	156	PROA	163	0.684211
PROA	156	PROA	164	2.005376
PROA	156	PROA	165	0.157895
PROA	156	PROA	166	2.559344
PROA	157	PROA	158	2.759127
PROA	157	PROA	161	0.345857
PROA	157	PROA	162	0.794719
PROA	157	PROA	163	2.947368
PROA	157	PROA	164	0.195646
PROA	158	PROA	159	3.142857
PROA	158	PROA	160	2.000000
PROA	158	PROA	161	1.531064
PROA	158	PROA	162	3.394674
PROA	158	PROA	163	0.122628
PROA	158	PROA	164	0.398862
PROA	159	PROA	160	3.857143
PROA	159	PROA	161	1.128152
PROA	160	PROA	161	3.303874
PROA	160	PROA	162	3.471825
PROA	161	PROA	162	3.481553
PROA	161	PROA	163	0.553372
PROA	162	PROA	163	2.582838
PROA	162	PROA	164	0.861640
PROA	163	PROA	164	3.961840
PROA	163	PROA	165	1.157895
PROA	164	PROA	165	2.201022
PROA	164	PROA	166	0.578542
PROA	165	PROA	166	3.596915
PROA	165	PROA	168	1.692864
PROA	166	PROA	167	4.177864
PROA	166	PROA	168	1.415820
PROA	167	PROA	168	3.485685
PROA	167	PROA	169	0.981981
PROA	167	PROA	171	0.091287
PROA	168	PROA	169	2.958040
PROA	168	PROA	170	0.615587
PROA	168	PROA	171	3.889087
PROA	169	PROA	170	3.468440
PROA	169	PROA	171	1.434274
PROA	170	PROA	171	2.829357
PROA	170	PROA	172	1.826342
PROA	170	PROA	186	2.013986
PROA	170	PROA	188	0.344124
PROA	171	PROA	172	3.679334
PROA	171	PROA	329	0.070711
PROA	172	PROA	173	2.857738
PROA	172	PROA	174	0.322749
PROA	172	PROA	186	0.737865
PROA	172	PROA	329	0.821584
PROA	172	PROA	331	0.045644
PROA	173	PROA	174	4.664360
PROA	173	PROA	175	0.505181
PROA	173	PROA	328	0.334077
PROA	173	PROA	329	2.683282
PROA	174	PROA	175	3.560197
PROA	174	PROA	176	0.507093
PROA	174	PROA	207	1.618080
PROA	175	PROA	176	5.169162
PROA	175	PROA	177	2.083333
PROA	175	PROA	178	4.130826
PROA	175	PROA	185	0.154303
PROA	175	PROA	205	0.125988
PROA	176	PROA	177	4.706252
PROA	176	PROA	178	0.518563
PROA	176	PROA	203	0.056980
PROA	176	PROA	204	0.606092
PROA	176	PROA	205	1.866278
PROA	177	PROA	178	4.060812
PROA	177	PROA	202	0.087039
PROA	177	PROA	203	3.446562
PROA	177	PROA	204	0.436436
PROA	177	PROA	205	1.007905
PROA	178	PROA	185	2.981737
PROA	178	PROA	203	0.103418
PROA	178	PROA	205	1.376066
PROA	185	PROA	186	4.071387
PROA	185	PROA	187	0.524891
PROA	185	PROA	194	0.109109
PROA	185	PROA	198	3.740150
PROA	185	PROA	205	2.216205
PROA	185	PROA	209	2.145988
PROA	186	PROA	187	2.648150
PROA	186	PROA	188	1.355544
PROA	186	PROA	194	0.579751
PROA	186	PROA	198	0.296174
PROA	187	PROA	188	2.454951
PROA	187	PROA	189	0.345033
PROA	187	PROA	194	2.316264
PROA	187	PROA	198	2.252818
PROA	187	PROA	199	2.064099
PROA	187	PROA	233	0.809524
PROA	187	PROB	68	1.464934
PROA	187	PROB	69	1.551941
PROA	187	PROB	71	2.939874
PROA	188	PROA	189	3.715676
PROA	188	PROA	190	0.601338
PROA	188	PROA	194	1.888148
PROA	189	PROA	190	3.972225
PROA	189	PROA	191	0.064550
PROA	189	PROA	194	0.258199
PROA	190	PROA	191	3.218714
PROA	190	PROA	192	2.564060
PROA	190	PROA	193	1.166424
PROA	190	PROA	194	0.709208
PROA	191	PROA	192	1.916667
PROA	191	PROA	193	0.400892
PROA	191	PROA	194	1.416667
PROA	191	PROA	199	1.584236
PROA	191	PROA	230	0.771517
PROA	191	PROA	231	1.349102
PROA	191	PROA	232	2.524876
PROA	191	PROA	233	2.761699
PROA	191	PROA	236	3.168472
PROA	191	PROB	68	1.423025
PROA	192	PROA	193	4.053462
PROA	192	PROA	194	0.416667
PROA	192	PROA	216	0.677003
PROA	192	PROA	220	0.052705
PROA	192	PROA	226	2.727724
PROA	192	PROA	228	0.867227
PROA	192	PROA	229	1.200198
PROA	192	PROA	230	0.925820
PROA	192	PROA	231	0.391675
PROA	192	PROA	236	1.435714
PROA	193	PROA	194	1.737198
PROA	193	PROA	195	0.276026
PROA	193	PROA	212	0.133631
PROA	193	PROA	213	2.894987
PROA	193	PROA	216	2.039650
PROA	193	PROA	217	1.551941
PROA	193	PROA	220	1.183216
PROA	193	PROA	226	0.408248
PROA	194	PROA	195	3.292036
PROA	194	PROA	196	0.327327
PROA	194	PROA	198	2.107318
PROA	194	PROA	199	1.237684
PROA	194	PROA	212	0.541667
PROA	194	PROA	213	0.307729
PROA	194	PROA	236	0.099015
PROA	194	PROA	240	0.093659
PROA	195	PROA	196	4.986410
PROA	195	PROA	197	3.021037
PROA	195	PROA	198	2.901905
PROA	195	PROA	199	0.766965
PROA	195	PROA	209	2.466619
PROA	195	PROA	212	3.098387
PROA	195	PROA	213	0.572078
PROA	195	PROA	301	0.387298
PROA	196	PROA	197	4.554433
PROA	196	PROA	198	0.919709
PROA	196	PROA	199	2.333533
PROA	196	PROA	200	1.962046
PROA	196	PROA	201	0.214286
PROA	196	PROA	212	2.945942
PROA	196	PROA	237	0.367884
PROA	196	PROA	240	1.410220
PROA	196	PROA	296	2.151411
PROA	196	PROA	301	0.654654
PROA	197	PROA	198	4.324147
PROA	197	PROA	199	0.814092
PROA	197	PROA	200	1.125463
PROA	197	PROA	201	3.105295
PROA	197	PROA	205	1.633965
PROA	197	PROA	206	0.207020
PROA	197	PROA	208	0.077850
PROA	197	PROA	209	1.895516
PROA	197	PROA	296	0.057735
PROA	197	PROA	298	1.587151
PROA	197	PROA	301	1.423025
PROA	198	PROA	199	2.726433
PROA	198	PROA	200	0.526316
PROA	198	PROA	201	0.797081
PROA	198	PROA	205	3.454321
PROA	198	PROA	209	2.052632
PROA	198	PROB	71	1.123903
PROA	199	PROA	200	2.782074
PROA	199	PROA	201	0.453743
PROA	199	PROA	232	0.058824
PROA	199	PROA	233	2.963834
PROA	199	PROA	236	1.058824
PROA	199	PROA	237	1.724886
PROA	199	PROA	240	0.222566
PROA	199	PROB	71	1.089162
PROA	200	PROA	201	4.291975
PROA	200	PROA	233	0.400501
PROA	200	PROA	237	2.473684
PROA	200	PROA	255	1.684211
PROA	200	PROA	257	1.042337
PROA	200	PROA	260	3.047000
PROA	200	PROA	263	0.050063
PROA	200	PROA	264	1.105263
PROA	200	PROA	296	0.820783
PROA	200	PROB	71	1.264391
PROA	200	PROB	73	0.306570
PROA	201	PROA	202	3.223292
PROA	201	PROA	203	1.481487
PROA	201	PROA	204	0.101015
PROA	201	PROA	205	1.807957
PROA	201	PROA	254	0.080582
PROA	201	PROA	255	1.778104
PROA	201	PROA	256	1.778104
PROA	201	PROA	257	2.428571
PROA	201	PROB	71	1.854852
PROA	202	PROA	203	4.692618
PROA	202	PROA	205	1.184313
PROA	202	PROA	256	0.069171
PROA	202	PROA	257	0.161165
PROA	202	PROB	69	0.069171
PROA	202	PROB	70	0.181818
PROA	202	PROB	71	3.323470
PROA	203	PROA	204	3.384456
PROA	203	PROA	205	1.395726
PROA	203	PROA	256	1.271702
PROA	204	PROA	205	2.721794
PROA	204	PROA	206	0.808122
PROA	204	PROA	256	3.468440
PROA	205	PROA	206	2.682774
PROA	205	PROA	209	0.400501
PROA	205	PROB	71	0.489979
PROA	206	PROA	207	2.279212
PROA	206	PROA	208	2.739798
PROA	206	PROA	209	1.226279
PROA	206	PROA	298	1.928571
PROA	206	PROA	299	0.518563
PROA	207	PROA	208	2.249885
PROA	207	PROA	209	0.586939
PROA	207	PROA	211	0.048912
PROA	208	PROA	209	3.320229
PROA	208	PROA	210	0.522233
PROA	208	PROA	211	2.075143
PROA	208	PROA	212	0.307729
PROA	208	PROA	298	1.611646
PROA	208	PROA	301	3.508107
PROA	208	PROA	302	0.069171
PROA	208	PROA	303	0.077850
PROA	209	PROA	210	3.576237
PROA	209	PROA	211	0.631579
PROA	209	PROA	212	0.796098
PROA	209	PROA	213	0.553372
PROA	209	PROA	301	0.842927
PROA	210	PROA	211	2.847745
PROA	210	PROA	212	0.824958
PROA	210	PROA	213	2.785242
PROA	210	PROA	214	1.443376
PROA	210	PROA	215	0.109109
PROA	211	PROA	212	1.966830
PROA	211	PROA	213	0.968400
PROA	211	PROA	214	1.950034
PROA	211	PROA	215	0.867110
PROA	211	PROA	293	2.837716
PROA	211	PROA	301	1.498537
PROA	211	PROA	302	1.631579
PROA	211	PROA	303	0.177705
PROA	211	PROA	304	1.548556
PROA	212	PROA	213	3.385016
PROA	212	PROA	214	0.765466
PROA	212	PROA	215	1.620185
PROA	212	PROA	216	0.984732
PROA	212	PROA	217	0.046829
PROA	212	PROA	228	1.643168
PROA	212	PROA	240	1.873172
PROA	212	PROA	244	1.030244
PROA	212	PROA	293	0.742611
PROA	212	PROA	294	4.542441
PROA	212	PROA	295	1.036535
PROA	212	PROA	296	0.775940
PROA	212	PROA	301	1.875000
PROA	213	PROA	214	3.542758
PROA	213	PROA	215	1.937330
PROA	213	PROA	216	2.000000
PROA	213	PROA	217	1.660115
PROA	213	PROA	218	0.069171
PROA	214	PROA	215	3.779645
PROA	214	PROA	216	0.829156
PROA	214	PROA	217	2.523573
PROA	214	PROA	218	1.147079
PROA	214	PROA	219	0.079057
PROA	214	PROA	293	1.576482
PROA	215	PROA	216	3.532778
PROA	215	PROA	217	0.953821
PROA	215	PROA	218	2.774752
PROA	215	PROA	219	1.314751
PROA	215	PROA	220	0.097590
PROA	215	PROA	227	0.086711
PROA	215	PROA	290	1.647509
PROA	215	PROA	293	2.383416
PROA	215	PROA	294	3.815284
PROA	216	PROA	217	3.251058
PROA	216	PROA	218	0.899229
PROA	216	PROA	219	1.811579
PROA	216	PROA	220	1.167748
PROA	216	PROA	221	0.073127
PROA	216	PROA	226	0.080582
PROA	216	PROA	227	1.729286
PROA	216	PROA	228	0.943880
PROA	216	PROA	290	0.069171
PROA	216	PROA	294	2.075143
PROA	217	PROA	218	2.210526
PROA	217	PROA	219	0.580381
PROA	217	PROA	220	2.013986
PROA	217	PROA	221	3.060282
PROA	217	PROA	222	0.052632
PROA	218	PROA	219	3.119548
PROA	218	PROA	220	0.710819
PROA	218	PROA	221	3.449772
PROA	218	PROA	222	1.894737
PROA	218	PROA	286	0.362738
PROA	218	PROA	289	0.631579
PROA	218	PROA	290	4.263158
PROA	218	PROA	293	0.723339
PROA	218	PROA	312	0.400501
PROA	219	PROA	220	3.347636
PROA	219	PROA	221	0.690268
PROA	219	PROA	222	3.047000
PROA	219	PROA	223	1.430194
PROA	219	PROA	224	0.084515
PROA	219	PROA	225	0.064550
PROA	219	PROA	227	2.974453
PROA	219	PROA	275	0.258199
PROA	219	PROA	279	0.989949
PROA	219	PROA	290	3.337191
PROA	219	PROA	294	0.507833
PROA	220	PROA	221	2.630142
PROA	220	PROA	222	0.888523
PROA	220	PROA	223	1.790548
PROA	220	PROA	224	1.587151
PROA	220	PROA	225	1.844662
PROA	220	PROA	226	2.484236
PROA	220	PROA	227	0.118470
PROA	221	PROA	222	2.170018
PROA	221	PROA	223	0.804400
PROA	221	PROA	224	0.259281
PROA	222	PROA	223	3.666087
PROA	222	PROA	224	0.306570
PROA	222	PROA	279	1.898060
PROA	222	PROA	282	1.668595
PROA	222	PROA	283	0.066227
PROA	222	PROA	286	0.217643
PROA	222	PROA	287	1.526316
PROA	222	PROA	290	1.052632
PROA	222	PROA	312	0.050063
PROA	223	PROA	224	4.351444
PROA	223	PROA	225	3.938928
PROA	223	PROA	279	1.280980
PROA	224	PROA	225	3.327823
PROA	225	PROA	226	3.764259
PROA	225	PROA	227	0.140488
PROA	226	PROA	227	2.575185
PROA	226	PROA	228	1.434274
PROA	226	PROA	229	2.000000
PROA	227	PROA	228	5.488984
PROA	227	PROA	229	0.613139
PROA	227	PROA	239	0.055641
PROA	227	PROA	243	2.789474
PROA	227	PROA	275	1.639025
PROA	227	PROA	278	0.578947
PROA	227	PROA	279	0.359092
PROA	227	PROA	290	0.052632
PROA	227	PROA	294	1.157895
PROA	228	PROA	229	3.286879
PROA	228	PROA	230	0.760639
PROA	228	PROA	236	2.115072
PROA	228	PROA	239	1.410048
PROA	228	PROA	240	2.411049
PROA	228	PROA	243	1.744163
PROA	228	PROA	244	1.077277
PROA	228	PROA	275	0.228218
PROA	228	PROA	294	1.846761
PROA	229	PROA	230	4.040610
PROA	229	PROA	231	0.512823
PROA	229	PROA	236	0.583383
PROA	229	PROA	239	2.657635
PROA	230	PROA	231	3.223292
PROA	230	PROA	232	0.916698
PROA	230	PROA	235	0.872872
PROA	230	PROA	236	4.491823
PROA	230	PROA	239	1.558387
PROA	231	PROA	232	3.154235
PROA	231	PROA	235	0.123091
PROA	231	PROA	236	0.051709
PROA	232	PROA	233	2.222876
PROA	232	PROA	234	0.556415
PROA	232	PROA	235	2.870574
PROA	232	PROA	236	1.058824
PROA	232	PROA	237	0.055641
PROA	233	PROA	234	3.904884
PROA	233	PROA	235	0.881917
PROA	233	PROA	236	0.740959
PROA	233	PROA	237	2.152693
PROA	233	PROA	238	0.058321
PROA	233	PROB	67	0.097590
PROA	233	PROB	68	2.028370
PROA	233	PROB	71	1.024501
PROA	233	PROB	72	0.356348
PROA	233	PROB	73	1.749636
PROA	233	PROB	76	1.602004
PROA	234	PROA	235	2.913971
PROA	234	PROA	236	0.612056
PROA	234	PROA	237	1.947368
PROA	234	PROA	238	1.042337
PROA	234	PROA	263	0.951190
PROA	234	PROB	73	2.023360
PROA	234	PROB	74	0.066227
PROA	234	PROB	76	2.578947
PROA	234	PROB	77	2.697813
PROA	234	PROB	80	1.605910
PROA	235	PROA	236	2.590518
PROA	235	PROA	237	0.794719
PROA	235	PROA	238	2.700309
PROA	235	PROA	239	1.540308
PROA	235	PROA	240	0.066227
PROA	236	PROA	237	2.782074
PROA	236	PROA	238	0.907485
PROA	236	PROA	239	2.176471
PROA	236	PROA	240	2.670791
PROA	237	PROA	238	2.145988
PROA	237	PROA	239	0.612056
PROA	237	PROA	240	3.368421
PROA	237	PROA	241	1.210526
PROA	237	PROA	242	0.086711
PROA	237	PROA	263	0.100125
PROA	237	PROA	264	0.052632
PROA	237	PROA	296	0.205196
PROA	237	PROB	73	0.245256
PROA	238	PROA	239	2.463174
PROA	238	PROA	240	0.613139
PROA	238	PROA	241	1.103651
PROA	238	PROA	242	1.010153
PROA	238	PROA	270	2.165251
PROA	239	PROA	240	2.225660
PROA	239	PROA	241	0.667698
PROA	239	PROA	242	1.741727
PROA	239	PROA	243	1.057188
PROA	239	PROA	244	0.055641
PROA	240	PROA	241	3.157895
PROA	240	PROA	242	0.867110
PROA	240	PROA	243	0.526316
PROA	240	PROA	244	1.578947
PROA	240	PROA	245	0.086711
PROA	240	PROA	296	0.718185
PROA	241	PROA	242	2.774752
PROA	241	PROA	243	0.315789
PROA	241	PROA	244	0.947368
PROA	241	PROA	245	2.948174
PROA	241	PROA	246	1.452600
PROA	241	PROA	247	2.268616
PROA	241	PROA	264	1.263158
PROA	241	PROA	267	0.842105
PROA	241	PROA	270	2.690138
PROA	241	PROA	271	0.061314
PROA	241	PROA	296	0.718185
PROA	242	PROA	243	3.555151
PROA	242	PROA	244	0.867110
PROA	242	PROA	245	0.857143
PROA	242	PROA	270	1.853393
PROA	242	PROA	271	0.505076
PROA	242	PROA	272	0.080582
PROA	242	PROA	273	0.566947
PROA	243	PROA	244	4.263158
PROA	243	PROA	245	0.693688
PROA	243	PROA	271	0.122628
PROA	243	PROA	272	0.538028
PROA	243	PROA	273	2.695635
PROA	243	PROA	275	1.217562
PROA	243	PROA	278	1.842105
PROA	244	PROA	245	3.641862
PROA	244	PROA	272	3.472724
PROA	244	PROA	273	0.229416
PROA	244	PROA	275	0.936586
PROA	244	PROA	291	0.066227
PROA	244	PROA	294	1.578947
PROA	244	PROA	295	0.122628
PROA	244	PROA	296	0.666886
PROA	245	PROA	246	3.646738
PROA	245	PROA	247	0.606092
PROA	245	PROA	270	1.128152
PROA	245	PROA	271	2.020305
PROA	245	PROA	272	2.739798
PROA	245	PROA	273	0.094491
PROA	246	PROA	247	5.318432
PROA	246	PROA	248	0.363636
PROA	246	PROA	267	0.069171
PROA	246	PROA	268	0.241747
PROA	246	PROA	269	1.243163
PROA	246	PROA	270	2.699862
PROA	246	PROA	271	0.322329
PROA	247	PROA	248	3.626203
PROA	247	PROA	249	0.129641
PROA	247	PROA	251	2.237399
PROA	247	PROA	252	2.697813
PROA	247	PROA	255	0.061314
PROA	247	PROA	264	2.759127
PROA	247	PROA	296	0.418330
PROA	248	PROA	249	3.290726
PROA	248	PROA	250	2.413347
PROA	248	PROA	251	6.005679
PROA	248	PROA	252	1.521772
PROA	248	PROA	253	0.080582
PROA	249	PROA	250	2.379652
PROA	249	PROA	251	0.840168
PROA	249	PROA	252	3.672338
PROA	249	PROA	253	2.333533
PROA	249	PROA	254	0.073127
PROA	249	PROA	261	0.990148
PROA	249	PROA	265	0.166924
PROA	250	PROA	251	2.683282
PROA	250	PROA	252	0.651584
PROA	250	PROA	253	1.587151
PROA	250	PROA	254	0.778499
PROA	250	PROA	297	1.242118
PROA	250	PROA	300	2.422120
PROA	251	PROA	252	2.847745
PROA	251	PROA	253	0.694365
PROA	251	PROA	254	2.088932
PROA	251	PROA	255	0.993399
PROA	251	PROA	296	2.711088
PROA	251	PROA	297	2.314550
PROA	251	PROA	300	0.061546
PROA	252	PROA	253	2.759127
PROA	252	PROA	254	0.830057
PROA	252	PROA	255	2.684211
PROA	252	PROA	261	4.963905
PROA	252	PROA	264	1.894737
PROA	252	PROA	265	1.315789
PROA	252	PROA	296	0.153897
PROA	253	PROA	254	3.223292
PROA	253	PROA	255	0.674453
PROA	253	PROA	261	1.363862
PROA	254	PROA	255	3.458572
PROA	254	PROA	256	0.830057
PROA	254	PROA	296	0.269680
PROA	254	PROA	297	2.820380
PROA	254	PROA	298	1.289317
PROA	254	PROA	299	1.243163
PROA	255	PROA	256	3.210526
PROA	255	PROA	257	2.452557
PROA	255	PROA	258	0.105263
PROA	255	PROA	260	1.015667
PROA	255	PROA	261	1.264391
PROA	255	PROA	264	0.947368
PROA	255	PROA	296	0.974679
PROA	256	PROA	257	2.636499
PROA	256	PROA	258	0.263158
PROA	257	PROA	258	2.452557
PROA	257	PROA	259	1.766389
PROA	257	PROA	260	5.662534
PROA	257	PROA	261	0.709208
PROA	257	PROB	70	0.161165
PROA	257	PROB	71	1.582080
PROA	257	PROB	72	0.327327
PROA	257	PROB	73	0.214286
PROA	258	PROA	259	3.032519
PROA	258	PROA	260	1.015667
PROA	258	PROA	261	2.856587
PROA	258	PROA	262	3.372266
PROA	258	PROA	263	0.050063
PROA	259	PROA	260	2.494539
PROA	259	PROA	261	0.478714
PROA	259	PROA	262	1.709409
PROA	259	PROA	263	0.558291
PROA	259	PROB	14	0.056980
PROA	259	PROB	16	1.880350
PROA	259	PROB	18	0.055048
PROA	259	PROB	19	1.907918
PROA	259	PROB	71	0.043519
PROA	259	PROB	72	4.395461
PROA	259	PROB	73	0.227921
PROA	259	PROB	74	0.492366
PROA	260	PROA	261	2.517439
PROA	260	PROA	262	0.760639
PROA	260	PROA	263	1.587151
PROA	260	PROA	264	1.958786
PROA	260	PROA	265	0.072548
PROA	260	PROB	71	0.193649
PROA	260	PROB	73	1.436762
PROA	261	PROA	262	2.618615
PROA	261	PROA	263	0.534522
PROA	261	PROA	264	1.639025
PROA	261	PROA	265	1.826342
PROA	262	PROA	263	2.099563
PROA	262	PROA	264	0.613139
PROA	262	PROA	265	2.820441
PROA	262	PROA	266	0.725241
PROA	263	PROA	264	3.704634
PROA	263	PROA	265	0.650814
PROA	263	PROA	266	0.921132
PROA	263	PROA	267	2.903632
PROA	263	PROB	73	4.315768
PROA	263	PROB	74	2.834734
PROA	263	PROB	77	1.632993
PROA	264	PROA	265	2.000000
PROA	264	PROA	266	0.415029
PROA	264	PROA	267	2.684211
PROA	264	PROA	296	0.307794
PROA	265	PROA	266	4.496144
PROA	265	PROA	267	0.526316
PROA	266	PROA	267	2.836029
PROA	266	PROA	268	0.402911
PROA	267	PROA	268	4.966429
PROA	267	PROA	269	0.166924
PROA	267	PROA	270	1.076055
PROA	268	PROA	269	2.203893
PROA	268	PROA	270	1.196586
PROA	269	PROA	270	3.826449
PROA	269	PROA	271	1.166767
PROA	270	PROA	271	2.450152
PROA	271	PROA	272	2.905995
PROA	271	PROA	273	0.467707
PROA	272	PROA	273	3.304611
PROA	272	PROA	274	1.196586
PROA	272	PROA	275	0.957427
PROA	272	PROA	291	1.661735
PROA	273	PROA	274	4.209365
PROA	273	PROA	275	0.408248
PROA	273	PROA	277	1.530931
PROA	273	PROA	278	3.326528
PROA	274	PROA	275	1.854852
PROA	274	PROA	276	0.857143
PROA	274	PROA	277	5.291784
PROA	274	PROA	278	0.429198
PROA	275	PROA	276	2.018515
PROA	275	PROA	277	0.583333
PROA	275	PROA	278	3.090733
PROA	275	PROA	279	1.825742
PROA	275	PROA	287	2.575611
PROA	275	PROA	290	2.060489
PROA	275	PROA	291	2.769502
PROA	275	PROA	294	1.311220
PROA	276	PROA	277	2.236733
PROA	276	PROA	278	0.735767
PROA	276	PROA	279	2.091650
PROA	276	PROA	280	2.142857
PROA	276	PROA	281	0.142857
PROA	276	PROA	282	0.422577
PROA	276	PROA	287	1.532848
PROA	277	PROA	278	2.528782
PROA	277	PROA	279	0.410792
PROA	278	PROA	279	3.590924
PROA	278	PROA	280	0.490511
PROA	279	PROA	280	3.286879
PROA	279	PROA	281	0.418330
PROA	279	PROA	282	2.121320
PROA	279	PROA	287	2.462348
PROA	279	PROA	290	0.615587
PROA	280	PROA	281	3.857143
PROA	280	PROA	282	0.760639
PROA	281	PROA	282	3.380617
PROA	281	PROA	283	0.308607
PROA	282	PROA	283	4.016632
PROA	282	PROA	284	0.381385
PROA	282	PROA	286	0.400000
PROA	282	PROA	287	3.192096
PROA	283	PROA	284	3.742670
PROA	283	PROA	285	4.123565
PROA	283	PROA	286	5.477226
PROA	283	PROA	287	1.589439
PROA	283	PROA	288	0.083333
PROA	283	PROA	312	0.755929
PROA	284	PROA	285	3.535534
PROA	284	PROA	286	0.953463
PROA	284	PROA	287	1.660115
PROA	284	PROA	288	1.218544
PROA	285	PROA	286	2.494539
PROA	285	PROA	287	0.489116
PROA	285	PROA	288	1.600189
PROA	285	PROA	289	0.342381
PROA	285	PROA	311	1.082625
PROA	285	PROA	312	1.256154
PROA	286	PROA	287	4.062667
PROA	286	PROA	288	1.004158
PROA	286	PROA	289	1.233310
PROA	286	PROA	290	0.725476
PROA	286	PROA	312	4.209400
PROA	287	PROA	288	2.317932
PROA	287	PROA	289	0.736842
PROA	287	PROA	290	3.052632
PROA	287	PROA	291	0.728493
PROA	287	PROA	292	0.048912
PROA	288	PROA	289	2.649065
PROA	288	PROA	290	0.728493
PROA	288	PROA	291	1.666667
PROA	288	PROA	292	3.261925
PROA	288	PROA	310	0.420084
PROA	289	PROA	290	2.210526
PROA	289	PROA	291	0.794719
PROA	289	PROA	292	2.298845
PROA	289	PROA	293	3.171565
PROA	289	PROA	294	0.052632
PROA	289	PROA	302	1.736842
PROA	289	PROA	307	3.482286
PROA	289	PROA	310	2.392584
PROA	289	PROA	312	0.650814
PROA	289	PROA	313	1.000000
PROA	290	PROA	291	2.847745
PROA	290	PROA	292	0.684762
PROA	290	PROA	293	1.836169
PROA	290	PROA	294	2.947368
PROA	291	PROA	292	3.015742
PROA	291	PROA	293	0.910182
PROA	291	PROA	294	1.589439
PROA	291	PROA	295	1.080123
PROA	292	PROA	293	1.964933
PROA	292	PROA	294	0.440204
PROA	292	PROA	295	1.481487
PROA	292	PROA	301	0.609272
PROA	292	PROA	302	3.325989
PROA	292	PROA	310	1.809807
PROA	293	PROA	294	2.503867
PROA	293	PROA	295	0.713024
PROA	293	PROA	301	1.039655
PROA	293	PROA	302	2.559508
PROA	293	PROA	307	0.997054
PROA	293	PROA	313	0.055641
PROA	294	PROA	295	2.575185
PROA	294	PROA	296	0.205196
PROA	294	PROA	301	0.140488
PROA	295	PROA	296	2.749026
PROA	295	PROA	297	1.928571
PROA	295	PROA	298	0.071429
PROA	295	PROA	300	1.709409
PROA	295	PROA	301	3.873368
PROA	295	PROA	302	0.061314
PROA	296	PROA	297	3.525924
PROA	296	PROA	298	0.478091
PROA	296	PROA	301	0.821584
PROA	297	PROA	298	4.357143
PROA	297	PROA	299	2.463174
PROA	297	PROA	300	3.760699
PROA	297	PROA	301	1.254753
PROA	298	PROA	299	3.500300
PROA	298	PROA	300	0.455842
PROA	298	PROA	301	3.873368
PROA	299	PROA	300	2.482021
PROA	299	PROA	301	0.594089
PROA	300	PROA	301	1.740777
PROA	300	PROA	302	0.244558
PROA	301	PROA	302	2.388294
PROA	301	PROA	303	0.368932
PROA	302	PROA	303	3.850268
PROA	302	PROA	304	0.172062
PROA	302	PROA	306	2.225660
PROA	302	PROA	307	3.192096
PROA	302	PROA	310	1.279754
PROA	303	PROA	304	2.775638
PROA	303	PROA	305	0.733333
PROA	303	PROA	306	3.256366
PROA	303	PROA	307	1.061446
PROA	303	PROA	308	0.059235
PROA	304	PROA	305	4.389381
PROA	304	PROA	306	0.666973
PROA	304	PROA	307	1.818310
PROA	304	PROA	308	1.605910
PROA	305	PROA	306	2.630142
PROA	305	PROA	307	0.816497
PROA	305	PROA	308	2.843275
PROA	305	PROA	309	1.224745
PROA	305	PROA	317	1.014185
PROA	305	PROA	322	0.400000
PROA	306	PROA	307	2.991163
PROA	306	PROA	308	0.612056
PROA	306	PROA	309	2.377591
PROA	306	PROA	310	1.352941
PROA	307	PROA	308	2.974453
PROA	307	PROA	309	1.200000
PROA	307	PROA	310	2.454288
PROA	307	PROA	313	1.088214
PROA	308	PROA	309	2.539167
PROA	308	PROA	310	0.723339
PROA	308	PROA	313	2.105263
PROA	308	PROA	314	0.059235
PROA	308	PROA	317	4.906137
PROA	309	PROA	310	3.374646
PROA	309	PROA	311	0.338062
PROA	309	PROA	317	1.104105
PROA	310	PROA	311	4.796708
PROA	310	PROA	312	0.846810
PROA	310	PROA	313	0.890264
PROA	310	PROA	314	0.438357
PROA	311	PROA	312	2.449490
PROA	311	PROA	313	0.551825
PROA	311	PROA	314	2.070197
PROA	312	PROA	313	4.255322
PROA	312	PROA	314	0.563436
PROA	313	PROA	314	2.310161
PROA	313	PROA	315	0.445132
PROA	313	PROA	316	0.750939
PROA	313	PROA	317	1.001252
PROA	314	PROA	315	2.818009
PROA	314	PROA	316	0.450749
PROA	314	PROA	317	1.126872
PROA	315	PROA	316	3.704793
PROA	315	PROA	317	0.370479
PROA	316	PROA	317	2.047619
PROA	316	PROA	318	0.377964
PROA	317	PROA	318	3.212698
PROA	317	PROA	319	0.116642
PROA	318	PROA	319	4.629100
PROA	318	PROA	320	0.348155
PROA	319	PROA	320	2.820380
PROA	320	PROA	321	5.048252
PROA	320	PROA	322	0.544949
PROA	321	PROA	322	3.354102
PROA	321	PROA	323	0.231455
PROA	322	PROA	323	4.761452
PROA	322	PROA	324	0.296174
PROA	323	PROA	324	2.329929
PROA	323	PROA	325	0.507093
PROA	324	PROA	325	3.119548
PROA	324	PROA	326	0.710819
PROA	325	PROA	326	3.592585
PROA	326	PROA	327	3.674235
PROA	326	PROA	328	0.414039
PROA	327	PROA	328	4.817379
PROA	327	PROA	329	0.353553
PROA	328	PROA	329	2.330696
PROA	328	PROA	330	0.797724
PROA	329	PROA	330	3.098753
PROA	329	PROA	331	0.750000
PROA	330	PROA	331	3.623158
PROA	330	PROA	332	2.769559
PROA	331	PROA	332	2.904738
PROA	331	PROA	333	1.355815
PROA	331	PROA	335	2.975337
PROA	331	PROA	346	0.102598
PROA	331	PROA	350	0.115470
PROA	332	PROA	333	4.200840
PROA	333	PROA	334	3.694723
PROA	333	PROA	335	1.446679
PROA	333	PROA	338	1.947452
PROA	333	PROA	342	0.310253
PROA	333	PROA	346	2.503867
PROA	334	PROA	335	3.080214
PROA	334	PROA	336	0.521749
PROA	334	PROA	337	0.223607
PROA	334	PROA	338	0.888523
PROA	335	PROA	336	2.516611
PROA	335	PROA	337	0.596040
PROA	335	PROA	338	2.157895
PROA	335	PROA	343	1.421053
PROA	335	PROA	346	0.421053
PROA	336	PROA	337	3.750000
PROA	336	PROA	338	0.728493
PROA	337	PROA	338	2.913971
PROA	337	PROA	339	0.462910
PROA	338	PROA	339	4.843801
PROA	338	PROA	340	0.244558
PROA	338	PROA	342	2.543403
PROA	338	PROA	343	3.578947
PROA	338	PROA	346	0.842105
PROA	339	PROA	340	1.937330
PROA	339	PROA	341	1.104105
PROA	339	PROA	342	1.994310
PROA	339	PROA	343	1.042337
PROA	340	PROA	341	3.027650
PROA	340	PROA	342	0.454545
PROA	340	PROA	343	2.298845
PROA	340	PROA	344	0.590909
PROA	341	PROA	342	1.871638
PROA	341	PROA	343	0.651584
PROA	341	PROA	344	3.578132
PROA	341	PROA	345	0.733333
PROA	342	PROA	343	2.103199
PROA	342	PROA	344	0.545455
PROA	342	PROA	345	3.633180
PROA	342	PROA	346	1.956464
PROA	342	PROA	347	0.048912
PROA	343	PROA	344	1.956464
PROA	343	PROA	345	0.592349
PROA	343	PROA	346	2.157895
PROA	343	PROA	347	1.684211
PROA	343	PROA	348	0.051299
PROA	344	PROA	345	2.367072
PROA	344	PROA	346	0.586939
PROA	344	PROA	347	2.152110
PROA	344	PROA	348	0.715097
PROA	344	PROA	349	0.055048
PROA	345	PROA	346	3.257919
PROA	345	PROA	347	0.770054
PROA	345	PROA	348	2.193931
PROA	345	PROA	349	3.066667
PROA	345	PROA	350	0.066667
PROA	346	PROA	347	2.157895
PROA	346	PROA	348	0.718185
PROA	346	PROA	349	1.954751
PROA	346	PROA	350	1.362402
PROA	346	PROA	351	0.061314
PROA	347	PROA	348	2.257152
PROA	347	PROA	349	0.355409
PROA	347	PROA	350	1.066228
PROA	347	PROA	351	2.023360
PROA	348	PROA	349	3.579572
PROA	348	PROA	350	0.519615
PROA	348	PROA	351	1.374513
PROA	348	PROA	352	0.636396
PROA	349	PROA	350	2.666667
PROA	349	PROA	351	0.828079
PROA	349	PROA	352	2.041241
PROA	349	PROA	353	0.052705
PROA	350	PROA	351	3.795361
PROA	350	PROA	352	0.979796
PROA	350	PROA	353	0.210819
PROA	350	PROA	354	0.288675
PROA	351	PROA	352	3.718679
PROA	351	PROA	353	0.600099
PROA	351	PROA	354	2.091650
PROA	351	PROA	355	1.685330
PROA	352	PROA	353	2.969287
PROA	352	PROA	354	1.060660
PROA	352	PROA	355	1.994109
PROA	352	PROA	358	2.139203
PROA	353	PROA	354	3.925345
PROA	353	PROA	355	0.544581
PROA	353	PROA	358	1.915372
PROA	354	PROA	355	2.928561
PROA	354	PROA	356	0.119523
PROA	355	PROA	356	4.537426
PROA	355	PROA	357	0.275010
PROA	355	PROA	358	0.529256
PROA	356	PROA	357	3.333503
PROA	356	PROA	358	0.349927
PROA	357	PROA	358	2.639316
PROA	357	PROA	359	0.848668
PROA	357	PROA	360	3.164159
PROA	358	PROA	359	4.187093
PROA	358	PROA	360	0.566947
PROA	359	PROA	360	2.710576
PROB	1	PROB	2	2.837770
PROB	1	PROB	3	0.688847
PROB	1	PROB	4	1.958248
PROB	1	PROB	5	0.733359
PROB	1	PROB	6	0.064820
PROB	1	PROB	57	1.344428
PROB	2	PROB	3	4.000833
PROB	2	PROB	4	0.621059
PROB	2	PROB	5	1.195229
PROB	2	PROB	6	1.774824
PROB	2	PROB	7	0.072548
PROB	3	PROB	4	2.197401
PROB	3	PROB	5	0.683130
PROB	3	PROB	6	2.139203
PROB	3	PROB	7	0.829288
PROB	3	PROB	8	0.059235
PROB	3	PROB	82	1.126872
PROB	3	PROB	86	3.421135
PROB	4	PROB	5	3.464102
PROB	4	PROB	6	0.758175
PROB	4	PROB	7	1.902379
PROB	4	PROB	8	2.653319
PROB	4	PROB	50	1.239560
PROB	4	PROB	55	1.451816
PROB	4	PROB	56	1.133893
PROB	4	PROB	57	4.512848
PROB	4	PROB	60	0.700877
PROB	4	PROB	82	1.619048
PROB	5	PROB	6	3.333503
PROB	5	PROB	7	1.300665
PROB	5	PROB	8	3.901995
PROB	5	PROB	9	1.558387
PROB	5	PROB	10	0.109109
PROB	6	PROB	7	3.127011
PROB	6	PROB	8	0.735767
PROB	6	PROB	9	1.750150
PROB	6	PROB	10	1.002972
PROB	6	PROB	11	0.061314
PROB	7	PROB	8	3.052632
PROB	7	PROB	9	0.723339
PROB	7	PROB	10	1.986799
PROB	7	PROB	11	2.947368
PROB	7	PROB	12	0.061314
PROB	7	PROB	60	1.684211
PROB	7	PROB	78	1.502320
PROB	7	PROB	79	0.745601
PROB	7	PROB	82	4.205260
PROB	8	PROB	9	2.281301
PROB	8	PROB	10	0.662266
PROB	8	PROB	11	2.894737
PROB	8	PROB	12	1.348907
PROB	8	PROB	13	0.061314
PROB	8	PROB	43	0.345857
PROB	8	PROB	46	3.334430
PROB	8	PROB	47	0.069171
PROB	8	PROB	55	0.842105
PROB	8	PROB	60	0.105263
PROB	9	PROB	10	3.010602
PROB	9	PROB	11	0.723339
PROB	9	PROB	12	2.463174
PROB	9	PROB	13	1.879791
PROB	9	PROB	14	0.064820
PROB	9	PROB	43	0.658145
PROB	10	PROB	11	2.516611
PROB	10	PROB	12	0.771517
PROB	10	PROB	13	2.391702
PROB	10	PROB	14	0.848668
PROB	10	PROB	75	0.066227
PROB	10	PROB	78	0.910182
PROB	11	PROB	12	2.575185
PROB	11	PROB	13	0.735767
PROB	11	PROB	14	1.103651
PROB	11	PROB	15	1.578947
PROB	11	PROB	46	2.462348
PROB	11	PROB	60	0.105263
PROB	11	PROB	63	0.736842
PROB	11	PROB	67	0.872082
PROB	11	PROB	75	3.210526
PROB	11	PROB	78	1.279754
PROB	11	PROB	79	0.745601
PROB	12	PROB	13	3.428571
PROB	12	PROB	14	0.928571
PROB	12	PROB	15	1.716790
PROB	12	PROB	41	1.071429
PROB	12	PROB	42	4.545686
PROB	12	PROB	43	3.062127
PROB	12	PROB	46	0.896421
PROB	13	PROB	14	3.000000
PROB	13	PROB	15	0.613139
PROB	14	PROB	15	2.636499
PROB	14	PROB	16	0.357143
PROB	14	PROB	19	0.154303
PROB	14	PROB	72	1.527525
PROB	14	PROB	74	2.083095
PROB	14	PROB	75	3.433580
PROB	14	PROB	78	2.074252
PROB	15	PROB	16	3.433580
PROB	15	PROB	17	0.052632
PROB	15	PROB	19	2.715291
PROB	15	PROB	20	2.631579
PROB	15	PROB	23	1.526316
PROB	15	PROB	42	0.953821
PROB	15	PROB	45	0.093659
PROB	15	PROB	46	0.974679
PROB	15	PROB	67	0.461690
PROB	15	PROB	72	0.608781
PROB	15	PROB	75	2.526316
PROB	16	PROB	17	2.575185
PROB	16	PROB	18	2.277216
PROB	16	PROB	19	6.249286
PROB	16	PROB	20	0.858395
PROB	16	PROB	21	0.069007
PROB	16	PROB	72	0.381881
PROB	17	PROB	18	2.843275
PROB	17	PROB	19	0.794719
PROB	17	PROB	20	1.263158
PROB	17	PROB	21	0.829288
PROB	17	PROB	40	1.716790
PROB	18	PROB	19	3.726780
PROB	18	PROB	20	0.710819
PROB	18	PROB	21	1.733333
PROB	18	PROB	22	1.127204
PROB	19	PROB	20	3.112651
PROB	19	PROB	21	0.968963
PROB	19	PROB	22	1.610322
PROB	19	PROB	23	1.920572
PROB	19	PROB	24	0.061546
PROB	19	PROB	72	1.649916
PROB	20	PROB	21	2.487865
PROB	20	PROB	22	0.556415
PROB	20	PROB	23	2.210526
PROB	20	PROB	24	3.766193
PROB	20	PROB	25	0.069171
PROB	20	PROB	39	1.000000
PROB	20	PROB	40	1.532848
PROB	20	PROB	41	1.655476
PROB	20	PROB	42	1.994353
PROB	20	PROB	45	1.732684
PROB	21	PROB	22	3.256366
PROB	21	PROB	23	0.651584
PROB	21	PROB	24	3.633180
PROB	21	PROB	25	0.778499
PROB	21	PROB	40	0.069007
PROB	22	PROB	23	2.726433
PROB	22	PROB	24	0.517088
PROB	22	PROB	25	2.120690
PROB	22	PROB	26	0.997054
PROB	22	PROB	70	0.365636
PROB	23	PROB	24	2.054287
PROB	23	PROB	25	0.760886
PROB	23	PROB	26	1.886238
PROB	23	PROB	27	0.622543
PROB	23	PROB	45	2.013659
PROB	23	PROB	46	0.051299
PROB	23	PROB	66	1.631579
PROB	23	PROB	67	1.333772
PROB	23	PROB	70	1.521772
PROB	23	PROB	72	0.187317
PROB	23	PROB	75	0.315789
PROB	24	PROB	25	2.378450
PROB	24	PROB	26	0.809040
PROB	24	PROB	27	1.542778
PROB	24	PROB	28	0.363636
PROB	24	PROB	36	3.406969
PROB	24	PROB	37	0.825723
PROB	24	PROB	39	1.858641
PROB	24	PROB	40	0.569803
PROB	24	PROB	45	2.132451
PROB	24	PROB	48	0.047673
PROB	25	PROB	26	3.623158
PROB	25	PROB	27	1.181818
PROB	25	PROB	28	2.956992
PROB	26	PROB	27	3.432465
PROB	26	PROB	28	0.741620
PROB	26	PROB	30	0.091287
PROB	26	PROB	62	0.138013
PROB	26	PROB	66	1.958786
PROB	26	PROB	70	0.190693
PROB	27	PROB	28	2.314168
PROB	27	PROB	29	0.467099
PROB	27	PROB	30	3.133398
PROB	27	PROB	31	1.936800
PROB	27	PROB	45	0.800095
PROB	27	PROB	48	0.134840
PROB	27	PROB	49	0.622543
PROB	27	PROB	54	0.128565
PROB	27	PROB	62	1.513289
PROB	27	PROB	66	0.069171
PROB	28	PROB	29	3.523084
PROB	28	PROB	30	0.615457
PROB	28	PROB	31	0.635851
PROB	28	PROB	32	0.227921
PROB	29	PROB	30	2.906888
PROB	29	PROB	31	0.888523
PROB	29	PROB	32	0.483046
PROB	30	PROB	31	3.311331
PROB	30	PROB	32	0.385758
PROB	30	PROB	54	2.461830
PROB	30	PROB	62	1.511858
PROB	30	PROB	66	0.066227
PROB	31	PROB	32	4.659859
PROB	31	PROB	33	1.383429
PROB	31	PROB	48	2.103256
PROB	31	PROB	49	1.315789
PROB	31	PROB	52	3.561055
PROB	31	PROB	54	1.907552
PROB	32	PROB	33	3.303874
PROB	33	PROB	34	3.892495
PROB	33	PROB	35	2.442733
PROB	33	PROB	36	2.454545
PROB	33	PROB	48	1.483240
PROB	34	PROB	35	2.917554
PROB	34	PROB	36	0.622799
PROB	34	PROB	37	0.333333
PROB	34	PROB	38	0.266667
PROB	35	PROB	36	2.571297
PROB	35	PROB	37	0.605530
PROB	35	PROB	38	4.679096
PROB	35	PROB	39	2.005376
PROB	35	PROB	48	0.381385
PROB	36	PROB	37	3.191846
PROB	36	PROB	38	0.856349
PROB	36	PROB	39	1.660115
PROB	36	PROB	48	0.404520
PROB	37	PROB	38	3.066667
PROB	37	PROB	39	0.533114
PROB	37	PROB	40	0.138013
PROB	38	PROB	39	2.843275
PROB	38	PROB	40	1.035098
PROB	39	PROB	40	3.127011
PROB	39	PROB	41	1.226279
PROB	39	PROB	44	2.829357
PROB	39	PROB	45	2.528782
PROB	39	PROB	48	2.103256
PROB	40	PROB	41	3.857143
PROB	40	PROB	42	0.101015
PROB	40	PROB	44	0.169031
PROB	41	PROB	42	3.737564
PROB	41	PROB	43	2.014557
PROB	41	PROB	44	3.718679
PROB	41	PROB	45	0.763763
PROB	42	PROB	43	3.532778
PROB	42	PROB	44	1.434274
PROB	42	PROB	45	2.083095
PROB	42	PROB	46	2.450947
PROB	42	PROB	47	0.113961
PROB	43	PROB	44	4.004543
PROB	43	PROB	45	0.677003
PROB	43	PROB	46	1.820340
PROB	43	PROB	47	1.818182
PROB	44	PROB	45	2.775638
PROB	44	PROB	46	0.494975
PROB	44	PROB	47	2.574349
PROB	44	PROB	48	0.989949
PROB	45	PROB	46	3.149405
PROB	45	PROB	47	0.800095
PROB	45	PROB	48	2.875543
PROB	45	PROB	49	3.278050
PROB	45	PROB	50	0.052705
PROB	45	PROB	62	0.133631
PROB	45	PROB	63	0.234146
PROB	45	PROB	66	0.280976
PROB	45	PROB	67	0.136931
PROB	46	PROB	47	2.696799
PROB	46	PROB	48	0.750000
PROB	46	PROB	49	3.231832
PROB	46	PROB	50	0.923760
PROB	46	PROB	51	0.067420
PROB	46	PROB	55	2.103256
PROB	46	PROB	63	0.769484
PROB	46	PROB	67	0.350000
PROB	46	PROB	75	0.051299
PROB	47	PROB	48	2.764219
PROB	47	PROB	49	0.553372
PROB	47	PROB	50	2.569047
PROB	47	PROB	51	1.454545
PROB	47	PROB	55	0.069171
PROB	48	PROB	49	2.924038
PROB	48	PROB	50	0.808290
PROB	48	PROB	51	1.685500
PROB	48	PROB	52	2.115072
PROB	49	PROB	50	2.547100
PROB	49	PROB	51	0.622543
PROB	49	PROB	52	1.168471
PROB	49	PROB	53	0.429198
PROB	49	PROB	54	2.445580
PROB	49	PROB	55	3.105263
PROB	49	PROB	62	0.750939
PROB	49	PROB	63	0.842105
PROB	50	PROB	51	3.036146
PROB	50	PROB	52	0.876714
PROB	50	PROB	53	1.035098
PROB	50	PROB	54	0.220193
PROB	50	PROB	55	4.264912
PROB	50	PROB	56	0.596285
PROB	50	PROB	57	1.596397
PROB	51	PROB	52	3.583235
PROB	51	PROB	53	0.886405
PROB	52	PROB	53	3.176198
PROB	52	PROB	54	1.241010
PROB	53	PROB	54	2.621093
PROB	53	PROB	55	0.613139
PROB	54	PROB	55	2.054287
PROB	54	PROB	56	0.123091
PROB	54	PROB	62	2.000541
PROB	54	PROB	63	0.048912
PROB	55	PROB	56	4.172277
PROB	55	PROB	59	0.306570
PROB	55	PROB	60	1.789474
PROB	55	PROB	62	0.050063
PROB	55	PROB	63	1.842105
PROB	56	PROB	57	3.200379
PROB	56	PROB	58	1.000000
PROB	56	PROB	59	2.546005
PROB	56	PROB	60	0.463586
PROB	57	PROB	58	2.400284
PROB	57	PROB	59	0.569803
PROB	57	PROB	60	0.097823
PROB	57	PROB	82	0.651339
PROB	57	PROB	87	0.048912
PROB	58	PROB	59	3.780432
PROB	58	PROB	60	0.264906
PROB	58	PROB	82	0.566947
PROB	58	PROB	87	2.384158
PROB	59	PROB	60	3.127011
PROB	59	PROB	61	2.498051
PROB	59	PROB	62	0.058321
PROB	59	PROB	82	0.058321
PROB	59	PROB	83	0.054554
PROB	60	PROB	61	2.559344
PROB	60	PROB	62	0.400501
PROB	60	PROB	63	3.315789
PROB	60	PROB	64	0.829288
PROB	60	PROB	65	0.055641
PROB	60	PROB	79	3.900067
PROB	60	PROB	82	1.802254
PROB	60	PROB	83	1.451708
PROB	61	PROB	62	2.500216
PROB	61	PROB	63	0.622543
PROB	61	PROB	64	2.491197
PROB	61	PROB	65	0.877527
PROB	61	PROB	83	0.615457
PROB	62	PROB	63	3.304133
PROB	62	PROB	64	0.788811
PROB	62	PROB	65	1.746545
PROB	62	PROB	66	2.803507
PROB	62	PROB	67	0.048795
PROB	63	PROB	64	2.784040
PROB	63	PROB	65	0.834622
PROB	63	PROB	66	1.789474
PROB	63	PROB	67	3.334430
PROB	63	PROB	68	0.059235
PROB	63	PROB	76	0.052632
PROB	63	PROB	79	1.433848
PROB	64	PROB	65	2.692764
PROB	64	PROB	66	0.473879
PROB	64	PROB	67	1.674316
PROB	64	PROB	68	1.000000
PROB	64	PROB	76	3.317154
PROB	64	PROB	79	2.001041
PROB	64	PROB	80	0.193649
PROB	64	PROB	83	1.739253
PROB	65	PROB	66	4.061829
PROB	65	PROB	67	0.650791
PROB	65	PROB	68	2.003918
PROB	65	PROB	69	2.670791
PROB	65	PROB	70	0.073127
PROB	65	PROB	76	0.055641
PROB	66	PROB	67	2.770142
PROB	66	PROB	68	0.829288
PROB	66	PROB	69	1.315789
PROB	66	PROB	70	2.005972
PROB	66	PROB	71	0.046829
PROB	67	PROB	68	2.136196
PROB	67	PROB	69	0.307794
PROB	67	PROB	70	1.685500
PROB	67	PROB	71	0.547723
PROB	67	PROB	72	2.373464
PROB	67	PROB	75	3.590924
PROB	67	PROB	76	3.026636
PROB	67	PROB	79	0.782624
PROB	68	PROB	69	3.909503
PROB	68	PROB	70	0.700649
PROB	68	PROB	71	1.054093
PROB	68	PROB	72	0.105409
PROB	68	PROB	76	0.947758
PROB	69	PROB	70	2.766858
PROB	69	PROB	71	1.826342
PROB	70	PROB	71	3.877382
PROB	70	PROB	72	0.800095
PROB	71	PROB	72	1.916667
PROB	71	PROB	73	0.600099
PROB	72	PROB	73	3.218714
PROB	72	PROB	74	2.828427
PROB	72	PROB	75	4.870246
PROB	72	PROB	76	1.077074
PROB	73	PROB	74	5.169162
PROB	73	PROB	75	0.613139
PROB	73	PROB	76	2.391243
PROB	73	PROB	77	1.500000
PROB	74	PROB	75	3.642464
PROB	74	PROB	76	0.927173
PROB	74	PROB	77	2.700309
PROB	74	PROB	78	1.890378
PROB	75	PROB	76	2.000000
PROB	75	PROB	77	0.735767
PROB	75	PROB	78	2.448225
PROB	75	PROB	79	0.975017
PROB	76	PROB	77	2.759127
PROB	76	PROB	78	0.834622
PROB	76	PROB	79	2.638281
PROB	76	PROB	80	1.720618
PROB	76	PROB	81	0.066227
PROB	76	PROB	83	0.046829
PROB	77	PROB	78	3.241019
PROB	77	PROB	79	0.734968
PROB	77	PROB	80	1.469937
PROB	77	PROB	81	1.311578
PROB	77	PROB	82	0.058321
PROB	78	PROB	79	2.425356
PROB	78	PROB	80	0.485071
PROB	78	PROB	81	1.890378
PROB	78	PROB	82	0.582182
PROB	79	PROB	80	3.625000
PROB	79	PROB	81	1.010363
PROB	79	PROB	82	1.200198
PROB	79	PROB	83	3.112893
PROB	79	PROB	84	0.066815
PROB	80	PROB	81	3.031089
PROB	80	PROB	82	0.600099
PROB	80	PROB	83	2.500521
PROB	80	PROB	84	1.737198
PROB	80	PROB	85	0.051031
PROB	81	PROB	82	2.456769
PROB	81	PROB	83	0.648181
PROB	81	PROB	84	2.854612
PROB	81	PROB	85	2.533799
PROB	81	PROB	86	0.072169
PROB	82	PROB	83	3.118048
PROB	82	PROB	84	0.641533
PROB	82	PROB	85	0.534522
PROB	82	PROB	86	2.782278
PROB	82	PROB	87	2.202755
PROB	83	PROB	84	2.236733
PROB	83	PROB	85	0.291667
PROB	83	PROB	86	0.306186
PROB	83	PROB	87	3.933660
PROB	83	PROB	89	0.273861
PROB	84	PROB	85	4.037031
PROB	84	PROB	86	0.400892
PROB	84	PROB	87	0.061314
PROB	84	PROB	89	1.015944
PROB	85	PROB	86	2.908769
PROB	85	PROB	87	0.374634
PROB	85	PROB	89	0.136931
PROB	86	PROB	87	3.269174
PROB	86	PROB	88	0.213201
PROB	87	PROB	88	2.201022
PROB	87	PROB	89	0.718185
PROB	88	PROB	89	2.717368
