PROA	11	PROA	12	3.292036
PROA	11	PROA	13	0.666973
PROA	11	PROA	18	1.437500
PROA	11	PROA	19	0.782624
PROA	11	PROA	20	1.371207
PROA	11	PROA	21	0.062500
PROA	11	PROA	22	0.094491
PROA	12	PROA	13	3.068499
PROA	12	PROA	14	0.710047
PROA	12	PROA	17	0.187867
PROA	12	PROA	18	0.322749
PROA	12	PROA	19	2.136196
PROA	12	PROA	20	0.149071
PROA	12	PROA	21	0.064550
PROA	12	PROA	25	0.056344
PROA	12	PROA	26	1.380131
PROA	12	PROA	27	1.104105
PROA	12	PROA	28	2.902510
PROA	13	PROA	14	2.546624
PROA	13	PROA	15	0.198030
PROA	13	PROA	16	2.383416
PROA	13	PROA	17	0.705882
PROA	13	PROA	18	2.485990
PROA	13	PROA	19	0.325396
PROA	14	PROA	15	2.959800
PROA	14	PROA	16	2.173296
PROA	14	PROA	17	2.425356
PROA	14	PROA	18	0.062500
PROA	14	PROA	19	0.782624
PROA	14	PROA	28	1.663264
PROA	14	PROA	29	1.130668
PROA	14	PROA	30	1.472971
PROA	14	PROA	38	0.121268
PROA	14	PROA	40	0.979912
PROA	15	PROA	16	2.468854
PROA	15	PROA	17	0.891133
PROA	15	PROA	30	4.098006
PROA	15	PROA	38	0.198030
PROA	16	PROA	17	3.300115
PROA	16	PROA	18	0.661438
PROA	17	PROA	18	3.395499
PROA	17	PROA	19	2.060839
PROA	17	PROA	38	2.294118
PROA	17	PROA	55	1.964933
PROA	18	PROA	19	3.018692
PROA	18	PROA	20	1.154701
PROA	18	PROA	55	2.132007
PROA	18	PROA	102	0.654654
PROA	19	PROA	20	2.130141
PROA	19	PROA	21	1.621149
PROA	19	PROA	28	2.924038
PROA	19	PROA	38	1.626978
PROA	19	PROA	39	0.279508
PROA	19	PROA	40	2.359700
PROA	19	PROA	53	1.385071
PROA	19	PROA	54	0.286039
PROA	19	PROA	55	2.431330
PROA	19	PROA	102	2.000595
PROA	20	PROA	21	3.608439
PROA	20	PROA	22	0.545545
PROA	20	PROA	55	0.061546
PROA	20	PROA	90	0.331133
PROA	20	PROA	102	3.149704
PROA	21	PROA	22	4.346591
PROA	21	PROA	23	0.133631
PROA	21	PROA	24	0.102062
PROA	21	PROA	25	2.564060
PROA	21	PROA	26	0.066815
PROA	21	PROA	28	1.605910
PROA	21	PROA	53	1.835326
PROA	21	PROA	90	3.670652
PROA	21	PROA	102	1.963961
PROA	22	PROA	23	5.252793
PROA	22	PROA	24	0.694365
PROA	22	PROA	25	1.649572
PROA	22	PROA	26	0.707107
PROA	23	PROA	24	2.509506
PROA	23	PROA	25	0.641533
PROA	23	PROA	26	0.714286
PROA	23	PROA	45	0.500000
PROA	24	PROA	25	6.325183
PROA	24	PROA	26	0.272772
PROA	24	PROA	43	0.044544
PROA	24	PROA	44	2.592725
PROA	24	PROA	45	2.127624
PROA	24	PROA	46	6.174755
PROA	24	PROA	47	1.909407
PROA	24	PROA	87	0.054554
PROA	24	PROA	88	0.176777
PROA	25	PROA	26	2.857738
PROA	25	PROA	28	0.050063
PROA	25	PROA	42	0.828079
PROA	25	PROA	43	0.476190
PROA	25	PROA	44	2.582757
PROA	25	PROA	45	1.108103
PROA	25	PROA	51	1.418416
PROA	25	PROA	53	1.151440
PROA	25	PROA	88	1.637846
PROA	25	PROA	90	1.652066
PROA	25	PROA	104	2.018515
PROA	26	PROA	27	4.428571
PROA	26	PROA	28	1.042337
PROA	26	PROA	42	1.098701
PROA	26	PROA	43	1.691314
PROA	26	PROA	44	0.154303
PROA	26	PROA	45	2.642857
PROA	27	PROA	28	3.127011
PROA	27	PROA	29	0.564076
PROA	27	PROA	41	0.161165
PROA	27	PROA	42	0.676123
PROA	27	PROA	43	0.933139
PROA	27	PROA	50	1.254753
PROA	28	PROA	29	2.766858
PROA	28	PROA	40	2.351829
PROA	28	PROA	41	1.245086
PROA	28	PROA	42	3.264643
PROA	28	PROA	43	0.050063
PROA	28	PROA	50	0.093659
PROA	28	PROA	53	1.789474
PROA	29	PROA	30	2.697602
PROA	29	PROA	31	0.622543
PROA	29	PROA	40	2.090909
PROA	29	PROA	41	3.181818
PROA	29	PROA	42	0.476731
PROA	29	PROA	50	0.984732
PROA	30	PROA	31	3.354195
PROA	30	PROA	32	4.371366
PROA	30	PROA	33	0.788811
PROA	30	PROA	38	1.217289
PROA	30	PROA	39	0.218218
PROA	30	PROA	40	0.855337
PROA	30	PROA	41	0.197386
PROA	31	PROA	32	3.815284
PROA	31	PROA	38	0.055641
PROA	31	PROA	39	3.154466
PROA	31	PROA	40	1.936800
PROA	31	PROA	41	3.112715
PROA	31	PROA	107	0.421053
PROA	32	PROA	33	3.415650
PROA	32	PROA	34	0.571429
PROA	32	PROA	38	1.100038
PROA	32	PROA	39	2.645751
PROA	32	PROA	40	0.113961
PROA	33	PROA	34	3.806010
PROA	33	PROA	35	0.163299
PROA	33	PROA	37	0.585540
PROA	33	PROA	38	2.191785
PROA	33	PROA	39	0.451848
PROA	34	PROA	35	3.824732
PROA	34	PROA	36	0.577350
PROA	34	PROA	37	3.285714
PROA	34	PROA	38	0.458349
PROA	34	PROA	39	1.322876
PROA	35	PROA	36	4.623439
PROA	35	PROA	37	1.075706
PROA	35	PROA	67	0.387298
PROA	36	PROA	37	2.886751
PROA	36	PROA	55	0.139573
PROA	36	PROA	56	1.602004
PROA	36	PROA	57	1.447494
PROA	36	PROA	58	0.524891
PROA	36	PROA	64	2.952381
PROA	36	PROA	67	2.093546
PROA	36	PROA	68	1.574672
PROA	37	PROA	38	3.025105
PROA	37	PROA	39	0.661438
PROA	37	PROA	55	1.047570
PROA	37	PROA	56	0.173422
PROA	37	PROA	57	0.341882
PROA	38	PROA	39	3.274231
PROA	38	PROA	40	1.243163
PROA	38	PROA	53	0.055641
PROA	38	PROA	54	0.206835
PROA	38	PROA	55	1.447846
PROA	39	PROA	40	4.221159
PROA	39	PROA	41	0.075378
PROA	39	PROA	52	0.395285
PROA	39	PROA	53	1.089725
PROA	39	PROA	54	2.984810
PROA	39	PROA	55	0.266501
PROA	40	PROA	41	3.909091
PROA	40	PROA	42	0.572078
PROA	40	PROA	51	0.075378
PROA	40	PROA	52	0.572078
PROA	40	PROA	53	2.490172
PROA	40	PROA	54	0.257130
PROA	41	PROA	42	4.385928
PROA	41	PROA	50	3.138833
PROA	41	PROA	51	0.527645
PROA	41	PROA	52	0.858116
PROA	41	PROA	53	0.553372
PROA	41	PROA	107	2.213486
PROA	42	PROA	43	3.312315
PROA	42	PROA	44	0.365148
PROA	42	PROA	49	0.079057
PROA	42	PROA	50	4.195732
PROA	42	PROA	51	3.557562
PROA	42	PROA	52	0.300000
PROA	42	PROA	53	2.176429
PROA	42	PROA	107	0.072548
PROA	43	PROA	44	3.968627
PROA	43	PROA	45	2.566132
PROA	43	PROA	48	2.372735
PROA	43	PROA	49	1.418416
PROA	43	PROA	50	2.761699
PROA	43	PROA	51	0.490990
PROA	44	PROA	45	3.240370
PROA	44	PROA	46	1.587713
PROA	44	PROA	47	2.546005
PROA	44	PROA	48	1.477098
PROA	44	PROA	49	3.897114
PROA	44	PROA	50	0.412479
PROA	44	PROA	51	3.103258
PROA	45	PROA	46	3.340766
PROA	45	PROA	47	0.500000
PROA	45	PROA	48	1.025645
PROA	46	PROA	47	3.207135
PROA	46	PROA	48	0.906103
PROA	47	PROA	48	2.905995
PROA	47	PROA	49	2.271721
PROA	48	PROA	49	2.611709
PROA	49	PROA	50	2.959800
PROA	49	PROA	51	1.562500
PROA	50	PROA	51	2.806707
PROA	50	PROA	52	0.129099
PROA	50	PROA	107	2.481952
PROA	51	PROA	52	4.110961
PROA	51	PROA	53	1.835326
PROA	51	PROA	87	1.002230
PROA	51	PROA	104	2.125000
PROA	51	PROA	105	0.788241
PROA	51	PROA	106	0.649519
PROA	51	PROA	107	1.663264
PROA	52	PROA	53	3.917572
PROA	52	PROA	54	0.471940
PROA	52	PROA	103	0.217643
PROA	52	PROA	104	1.027740
PROA	52	PROA	105	2.530984
PROA	52	PROA	106	1.186732
PROA	52	PROA	107	4.135215
PROA	52	PROA	108	0.306786
PROA	53	PROA	54	2.934696
PROA	53	PROA	55	0.342381
PROA	53	PROA	90	0.157895
PROA	53	PROA	102	0.901127
PROA	53	PROA	103	0.894737
PROA	53	PROA	104	3.326528
PROA	53	PROA	105	0.278207
PROA	54	PROA	55	1.590909
PROA	54	PROA	56	1.858641
PROA	54	PROA	71	0.055048
PROA	54	PROA	101	0.053300
PROA	54	PROA	102	0.697863
PROA	54	PROA	103	3.277077
PROA	54	PROA	104	0.373101
PROA	54	PROA	105	0.930758
PROA	54	PROA	167	0.123091
PROA	55	PROA	56	2.690138
PROA	55	PROA	57	1.349931
PROA	55	PROA	99	0.090909
PROA	55	PROA	100	2.031010
PROA	55	PROA	101	0.319801
PROA	55	PROA	102	3.908034
PROA	55	PROA	103	0.097823
PROA	56	PROA	57	3.320229
PROA	56	PROA	58	2.636499
PROA	56	PROA	68	1.655476
PROA	56	PROA	72	0.263158
PROA	56	PROA	100	0.596040
PROA	56	PROA	101	3.555944
PROA	56	PROA	102	0.400501
PROA	56	PROA	103	2.210526
PROA	57	PROA	58	4.673773
PROA	57	PROA	59	0.404520
PROA	57	PROA	60	0.467099
PROA	57	PROA	99	0.964237
PROA	57	PROA	100	2.350048
PROA	57	PROA	101	0.226134
PROA	58	PROA	59	6.095666
PROA	58	PROA	60	0.621059
PROA	58	PROA	61	0.259281
PROA	58	PROA	64	2.157884
PROA	58	PROA	65	4.673773
PROA	58	PROA	68	1.000000
PROA	58	PROA	99	0.170941
PROA	58	PROA	100	0.231455
PROA	58	PROA	101	0.801784
PROA	58	PROA	347	0.367884
PROA	59	PROA	60	2.136196
PROA	59	PROA	61	0.542326
PROA	59	PROA	62	0.054233
PROA	59	PROA	64	0.048795
PROA	59	PROA	65	2.629379
PROA	59	PROA	98	0.650791
PROA	59	PROA	99	0.905789
PROA	59	PROA	101	0.614919
PROA	59	PROA	340	1.954598
PROA	59	PROA	343	0.820783
PROA	59	PROA	344	3.241773
PROA	59	PROA	347	1.128576
PROA	60	PROA	61	2.692764
PROA	60	PROA	64	1.070529
PROA	60	PROA	65	0.155700
PROA	60	PROA	340	1.211060
PROA	61	PROA	62	3.117647
PROA	61	PROA	63	3.111378
PROA	61	PROA	64	3.704793
PROA	61	PROA	65	0.731272
PROA	61	PROA	340	1.602972
PROA	62	PROA	63	4.083683
PROA	62	PROA	64	0.582182
PROA	62	PROA	65	1.535672
PROA	62	PROA	66	3.294118
PROA	62	PROA	67	0.049507
PROA	62	PROA	336	0.070014
PROA	62	PROA	340	2.585438
PROA	62	PROA	343	1.168471
PROA	63	PROA	64	3.265986
PROA	63	PROA	65	0.483494
PROA	63	PROA	66	2.333533
PROA	63	PROA	67	0.600099
PROA	64	PROA	65	3.092373
PROA	64	PROA	66	0.582182
PROA	64	PROA	67	0.890871
PROA	64	PROA	68	0.991460
PROA	64	PROA	69	0.050063
PROA	65	PROA	66	2.925090
PROA	65	PROA	67	0.677003
PROA	65	PROA	68	2.336887
PROA	65	PROA	69	1.175915
PROA	65	PROA	70	0.061546
PROA	65	PROA	340	0.707107
PROA	65	PROA	343	1.936800
PROA	65	PROA	347	0.276686
PROA	66	PROA	67	1.881280
PROA	66	PROA	68	0.777844
PROA	66	PROA	69	1.057188
PROA	66	PROA	70	3.267487
PROA	66	PROA	71	0.062622
PROA	66	PROA	335	1.780528
PROA	66	PROA	336	1.890378
PROA	66	PROA	338	0.055641
PROA	66	PROA	343	2.448225
PROA	67	PROA	68	3.600595
PROA	67	PROA	69	0.327805
PROA	67	PROA	70	1.208333
PROA	67	PROA	71	0.895979
PROA	67	PROA	72	0.046829
PROA	67	PROA	167	0.117851
PROA	67	PROA	169	4.937707
PROA	67	PROA	170	2.388294
PROA	68	PROA	69	2.391243
PROA	68	PROA	70	0.709208
PROA	68	PROA	71	2.277216
PROA	68	PROA	72	1.962046
PROA	68	PROA	73	0.056980
PROA	68	PROA	169	0.101015
PROA	68	PROA	347	0.122628
PROA	69	PROA	70	2.060489
PROA	69	PROA	71	0.710819
PROA	69	PROA	72	1.368421
PROA	69	PROA	73	1.565171
PROA	69	PROA	74	0.052632
PROA	69	PROA	331	0.051299
PROA	69	PROA	335	3.000000
PROA	69	PROA	343	1.947368
PROA	69	PROA	346	1.736842
PROA	69	PROA	347	3.421053
PROA	69	PROA	350	0.118470
PROA	70	PROA	71	1.844662
PROA	70	PROA	72	0.374634
PROA	70	PROA	73	0.783349
PROA	70	PROA	74	0.936586
PROA	70	PROA	169	0.154303
PROA	70	PROA	171	0.129099
PROA	70	PROA	172	2.833333
PROA	70	PROA	331	1.825742
PROA	70	PROA	334	0.052705
PROA	70	PROA	335	3.418538
PROA	70	PROA	336	2.121320
PROA	71	PROA	72	3.317154
PROA	71	PROA	73	0.605530
PROA	71	PROA	74	2.132456
PROA	71	PROA	75	4.087207
PROA	71	PROA	76	0.059235
PROA	71	PROA	167	0.819892
PROA	71	PROA	168	3.233162
PROA	71	PROA	169	3.318060
PROA	72	PROA	73	2.249934
PROA	72	PROA	74	0.684211
PROA	72	PROA	75	2.052632
PROA	72	PROA	76	2.105263
PROA	72	PROA	86	2.210526
PROA	72	PROA	89	0.736842
PROA	72	PROA	101	0.286770
PROA	72	PROA	103	1.894737
PROA	72	PROA	347	0.578947
PROA	72	PROA	351	0.122628
PROA	73	PROA	74	2.103199
PROA	73	PROA	75	0.489116
PROA	73	PROA	76	2.494492
PROA	73	PROA	77	0.391675
PROA	73	PROA	78	0.047673
PROA	73	PROA	329	0.429058
PROA	73	PROA	331	1.001136
PROA	73	PROA	333	0.206835
PROA	73	PROA	350	2.312024
PROA	74	PROA	75	2.684211
PROA	74	PROA	76	0.736842
PROA	74	PROA	77	0.561951
PROA	74	PROA	78	2.513647
PROA	74	PROA	79	0.046829
PROA	74	PROA	83	0.052632
PROA	74	PROA	145	1.491202
PROA	74	PROA	168	2.770142
PROA	74	PROA	171	1.886238
PROA	74	PROA	172	0.093659
PROA	74	PROA	329	1.385071
PROA	74	PROA	331	0.872082
PROA	75	PROA	76	1.947368
PROA	75	PROA	77	0.374634
PROA	75	PROA	78	0.410391
PROA	75	PROA	79	0.655610
PROA	75	PROA	83	0.526316
PROA	75	PROA	84	1.947368
PROA	75	PROA	85	1.213954
PROA	75	PROA	86	2.473684
PROA	75	PROA	103	0.105263
PROA	75	PROA	105	1.391037
PROA	75	PROA	166	0.138343
PROA	75	PROA	167	0.264906
PROA	75	PROA	168	1.385071
PROA	76	PROA	77	1.966830
PROA	76	PROA	78	0.359092
PROA	76	PROA	79	1.358049
PROA	76	PROA	86	1.947368
PROA	76	PROA	89	0.684211
PROA	76	PROA	350	0.059235
PROA	76	PROA	354	1.282473
PROA	77	PROA	78	4.381780
PROA	77	PROA	79	2.250000
PROA	77	PROA	139	0.133631
PROA	77	PROA	326	1.581139
PROA	77	PROA	329	0.045644
PROA	78	PROA	79	2.282177
PROA	78	PROA	80	0.596559
PROA	78	PROA	83	1.538968
PROA	78	PROA	139	1.561440
PROA	78	PROA	140	1.128576
PROA	78	PROA	143	2.333452
PROA	78	PROA	145	1.285739
PROA	78	PROA	326	1.443376
PROA	78	PROA	327	0.070711
PROA	78	PROA	329	2.300000
PROA	79	PROA	80	2.623891
PROA	79	PROA	83	1.170732
PROA	79	PROA	84	0.234146
PROA	79	PROA	85	2.005944
PROA	79	PROA	86	0.093659
PROA	79	PROA	139	0.712697
PROA	80	PROA	81	5.573396
PROA	80	PROA	82	3.565120
PROA	80	PROA	83	4.506961
PROA	80	PROA	135	0.198030
PROA	80	PROA	136	1.558387
PROA	80	PROA	139	4.498677
PROA	80	PROA	164	0.258544
PROA	80	PROA	165	0.055641
PROA	81	PROA	82	4.554433
PROA	81	PROA	83	0.473879
PROA	81	PROA	135	0.105409
PROA	81	PROA	162	0.074536
PROA	81	PROA	163	0.059235
PROA	81	PROA	164	1.376205
PROA	82	PROA	83	3.004383
PROA	82	PROA	84	0.122628
PROA	82	PROA	132	3.046558
PROA	82	PROA	133	0.061314
PROA	82	PROA	135	0.818317
PROA	82	PROA	136	2.828427
PROA	82	PROA	162	0.154303
PROA	82	PROA	163	1.410220
PROA	82	PROA	164	2.792034
PROA	82	PROA	165	1.410220
PROA	83	PROA	84	3.210526
PROA	83	PROA	85	0.520266
PROA	83	PROA	136	1.213954
PROA	83	PROA	139	0.901127
PROA	83	PROA	140	1.684211
PROA	83	PROA	164	1.662994
PROA	83	PROA	165	3.526316
PROA	83	PROA	166	0.069171
PROA	83	PROA	168	1.487669
PROA	84	PROA	85	4.855816
PROA	84	PROA	105	3.950546
PROA	84	PROA	106	1.390759
PROA	84	PROA	108	1.112830
PROA	84	PROA	164	2.592315
PROA	84	PROA	165	0.736842
PROA	84	PROA	166	2.075143
PROA	84	PROA	167	0.132453
PROA	84	PROA	168	0.102598
PROA	85	PROA	86	3.295018
PROA	85	PROA	87	0.404061
PROA	85	PROA	105	2.658426
PROA	85	PROA	106	0.109109
PROA	85	PROA	164	0.080582
PROA	86	PROA	87	2.820441
PROA	86	PROA	88	1.788119
PROA	86	PROA	89	2.894737
PROA	86	PROA	103	2.842105
PROA	86	PROA	104	1.147079
PROA	86	PROA	105	2.726433
PROA	86	PROA	354	0.359092
PROA	87	PROA	88	4.089039
PROA	87	PROA	104	3.207135
PROA	87	PROA	105	2.268713
PROA	87	PROA	106	2.083095
PROA	87	PROA	354	0.418330
PROA	88	PROA	89	3.443784
PROA	88	PROA	90	1.258306
PROA	88	PROA	102	0.062994
PROA	88	PROA	103	0.397360
PROA	88	PROA	104	4.546633
PROA	88	PROA	354	1.613743
PROA	89	PROA	90	2.947368
PROA	89	PROA	91	0.608781
PROA	89	PROA	101	0.917663
PROA	89	PROA	102	0.901127
PROA	89	PROA	103	3.736842
PROA	89	PROA	104	0.573539
PROA	89	PROA	347	0.052632
PROA	89	PROA	351	3.494894
PROA	89	PROA	354	3.385729
PROA	89	PROA	355	0.778981
PROA	90	PROA	91	2.716099
PROA	90	PROA	101	0.344124
PROA	90	PROA	102	2.953694
PROA	90	PROA	103	0.210526
PROA	90	PROA	104	1.376494
PROA	90	PROA	355	0.333849
PROA	91	PROA	92	4.647580
PROA	91	PROA	93	0.818317
PROA	91	PROA	94	0.109109
PROA	91	PROA	98	1.089162
PROA	91	PROA	99	0.043519
PROA	91	PROA	100	0.353553
PROA	91	PROA	101	1.275776
PROA	91	PROA	102	0.579066
PROA	91	PROA	347	0.140488
PROA	91	PROA	348	4.792572
PROA	91	PROA	349	0.158114
PROA	91	PROA	351	2.345842
PROA	91	PROA	352	1.484644
PROA	91	PROA	355	4.059605
PROA	92	PROA	93	4.479318
PROA	92	PROA	94	1.859339
PROA	92	PROA	97	1.764019
PROA	92	PROA	98	1.917412
PROA	92	PROA	99	0.269680
PROA	92	PROA	100	0.091287
PROA	92	PROA	348	0.707107
PROA	93	PROA	94	4.642857
PROA	93	PROA	97	0.194461
PROA	93	PROA	348	0.537853
PROA	93	PROA	355	0.064820
PROA	94	PROA	95	3.127011
PROA	94	PROA	96	3.519334
PROA	94	PROA	97	3.046558
PROA	94	PROA	98	0.777844
PROA	94	PROA	348	1.733081
PROA	95	PROA	96	3.317154
PROA	95	PROA	97	0.556415
PROA	95	PROA	98	2.782074
PROA	95	PROA	344	0.831497
PROA	95	PROA	345	0.888523
PROA	95	PROA	348	4.257810
PROA	96	PROA	97	4.320948
PROA	96	PROA	98	0.688847
PROA	97	PROA	98	2.235294
PROA	97	PROA	99	0.310253
PROA	98	PROA	99	2.637147
PROA	98	PROA	100	0.210042
PROA	98	PROA	101	1.091410
PROA	98	PROA	344	3.050817
PROA	98	PROA	347	1.001547
PROA	98	PROA	348	3.091259
PROA	99	PROA	100	6.523849
PROA	99	PROA	101	0.266501
PROA	99	PROA	344	0.363636
PROA	100	PROA	101	3.247595
PROA	100	PROA	102	1.448864
PROA	101	PROA	102	2.836833
PROA	101	PROA	103	1.720618
PROA	101	PROA	347	2.122096
PROA	101	PROA	351	0.334077
PROA	102	PROA	103	2.503131
PROA	102	PROA	104	0.436436
PROA	103	PROA	104	3.154466
PROA	103	PROA	105	1.613603
PROA	104	PROA	105	3.638034
PROA	105	PROA	106	3.290658
PROA	105	PROA	107	0.389490
PROA	106	PROA	107	2.649065
PROA	106	PROA	108	1.960392
PROA	106	PROA	158	0.077152
PROA	106	PROA	164	0.492366
PROA	107	PROA	108	3.839263
PROA	107	PROA	109	0.236940
PROA	107	PROA	158	0.367884
PROA	107	PROA	159	0.122628
PROA	108	PROA	109	2.567520
PROA	108	PROA	110	0.324102
PROA	108	PROA	156	3.394131
PROA	108	PROA	157	0.834622
PROA	108	PROA	158	2.333533
PROA	108	PROA	159	0.064820
PROA	108	PROA	164	1.551263
PROA	108	PROA	166	0.146254
PROA	109	PROA	110	4.554433
PROA	109	PROA	156	0.059235
PROA	109	PROA	157	1.362402
PROA	109	PROA	158	2.139203
PROA	109	PROA	159	2.070197
PROA	110	PROA	111	4.551949
PROA	110	PROA	112	0.122628
PROA	110	PROA	114	1.538468
PROA	110	PROA	115	1.900732
PROA	110	PROA	155	0.061314
PROA	110	PROA	156	0.735767
PROA	110	PROA	157	3.494894
PROA	110	PROA	158	0.142857
PROA	111	PROA	112	2.847745
PROA	111	PROA	113	1.826828
PROA	111	PROA	114	3.877382
PROA	111	PROA	115	0.529813
PROA	111	PROA	152	0.462910
PROA	111	PROA	153	2.437087
PROA	111	PROA	154	0.077152
PROA	111	PROA	155	1.059626
PROA	111	PROA	156	3.245104
PROA	111	PROA	157	0.397360
PROA	112	PROA	113	2.002505
PROA	112	PROA	114	0.635851
PROA	112	PROA	115	2.578947
PROA	112	PROA	116	2.263158
PROA	112	PROA	121	0.842105
PROA	112	PROA	129	1.641565
PROA	112	PROA	133	0.157895
PROA	112	PROA	152	4.353289
PROA	112	PROA	153	0.207514
PROA	112	PROA	155	2.789474
PROA	112	PROA	156	0.263158
PROA	112	PROA	163	0.947368
PROA	112	PROA	217	0.842105
PROA	112	PROA	221	0.945905
PROA	113	PROA	114	1.814444
PROA	113	PROA	115	0.600751
PROA	113	PROA	116	2.102630
PROA	113	PROA	117	2.837977
PROA	113	PROA	152	2.391169
PROA	113	PROA	153	3.026578
PROA	114	PROA	115	1.907552
PROA	114	PROA	116	0.635851
PROA	114	PROA	117	1.409091
PROA	114	PROA	118	0.911685
PROA	115	PROA	116	2.421053
PROA	115	PROA	117	0.684762
PROA	115	PROA	118	1.716790
PROA	115	PROA	119	3.783621
PROA	115	PROA	121	1.368421
PROA	115	PROA	129	0.820783
PROA	115	PROA	157	0.631579
PROA	116	PROA	117	2.249934
PROA	116	PROA	118	0.674453
PROA	116	PROA	119	0.890264
PROA	116	PROA	120	0.055641
PROA	116	PROA	121	1.789474
PROA	116	PROA	152	1.594162
PROA	116	PROA	217	0.052632
PROA	116	PROA	220	1.717812
PROA	116	PROA	221	1.502320
PROA	116	PROA	224	3.372266
PROA	117	PROA	118	2.621093
PROA	117	PROA	119	0.413670
PROA	117	PROA	224	0.113961
PROA	118	PROA	119	4.796708
PROA	119	PROA	120	3.000000
PROA	119	PROA	121	1.001547
PROA	119	PROA	224	0.518563
PROA	120	PROA	121	2.336943
PROA	120	PROA	122	0.292509
PROA	120	PROA	224	1.361228
PROA	121	PROA	122	3.112715
PROA	121	PROA	123	0.306570
PROA	121	PROA	125	0.389490
PROA	121	PROA	126	3.263158
PROA	121	PROA	129	1.436370
PROA	121	PROA	221	2.392584
PROA	121	PROA	224	0.122628
PROA	122	PROA	123	3.223292
PROA	122	PROA	124	2.263010
PROA	122	PROA	125	3.510108
PROA	122	PROA	126	2.005972
PROA	122	PROA	127	0.090909
PROA	123	PROA	124	4.243342
PROA	123	PROA	125	0.842665
PROA	123	PROA	126	3.127011
PROA	123	PROA	127	1.369899
PROA	123	PROA	128	0.058321
PROA	123	PROA	283	2.314550
PROA	123	PROA	285	0.056980
PROA	123	PROA	286	0.084515
PROA	123	PROA	312	2.041241
PROA	124	PROA	125	4.270854
PROA	124	PROA	126	0.860946
PROA	124	PROA	127	1.914854
PROA	124	PROA	128	0.881917
PROA	124	PROA	129	0.064550
PROA	125	PROA	126	2.503867
PROA	125	PROA	127	0.877527
PROA	125	PROA	128	1.746545
PROA	125	PROA	129	2.277770
PROA	125	PROA	130	0.055641
PROA	126	PROA	127	2.836029
PROA	126	PROA	128	0.550689
PROA	126	PROA	129	1.436370
PROA	126	PROA	130	1.000000
PROA	126	PROA	131	0.050063
PROA	126	PROA	218	1.105263
PROA	126	PROA	221	3.004640
PROA	126	PROA	222	1.368421
PROA	126	PROA	312	1.001252
PROA	127	PROA	128	2.302831
PROA	127	PROA	129	0.404520
PROA	127	PROA	130	1.590943
PROA	127	PROA	131	0.723747
PROA	127	PROA	312	4.605662
PROA	127	PROA	313	2.697686
PROA	127	PROA	315	0.731272
PROA	127	PROA	316	0.460566
PROA	128	PROA	129	2.830110
PROA	128	PROA	130	0.400501
PROA	128	PROA	131	1.476190
PROA	128	PROA	132	3.916495
PROA	128	PROA	157	0.100125
PROA	128	PROA	161	1.315903
PROA	128	PROA	162	0.629941
PROA	128	PROA	163	0.050063
PROA	128	PROA	316	2.190476
PROA	129	PROA	130	1.846761
PROA	129	PROA	131	0.487950
PROA	129	PROA	132	2.765863
PROA	129	PROA	133	1.538968
PROA	129	PROA	134	0.051299
PROA	129	PROA	157	1.333772
PROA	129	PROA	161	0.067420
PROA	129	PROA	163	2.564946
PROA	129	PROA	221	0.705024
PROA	130	PROA	131	2.052567
PROA	130	PROA	132	0.723339
PROA	130	PROA	133	2.578947
PROA	130	PROA	134	3.368421
PROA	130	PROA	135	0.046829
PROA	130	PROA	214	0.917663
PROA	130	PROA	218	3.210526
PROA	130	PROA	221	1.001547
PROA	130	PROA	289	1.157895
PROA	130	PROA	293	0.667698
PROA	130	PROA	308	0.052632
PROA	130	PROA	312	1.301628
PROA	130	PROA	313	3.368421
PROA	131	PROA	132	4.392826
PROA	131	PROA	133	0.650814
PROA	131	PROA	134	1.201503
PROA	131	PROA	135	3.563483
PROA	131	PROA	136	0.082479
PROA	131	PROA	308	1.501879
PROA	131	PROA	313	1.852317
PROA	131	PROA	316	2.523810
PROA	132	PROA	133	2.559508
PROA	132	PROA	134	0.667698
PROA	132	PROA	135	1.237684
PROA	132	PROA	136	0.825029
PROA	132	PROA	137	0.055641
PROA	132	PROA	157	0.111283
PROA	132	PROA	161	0.146254
PROA	132	PROA	162	0.840168
PROA	132	PROA	163	3.950546
PROA	133	PROA	134	3.210526
PROA	133	PROA	135	0.515122
PROA	133	PROA	136	1.127243
PROA	133	PROA	137	0.842105
PROA	133	PROA	138	0.048912
PROA	133	PROA	150	0.421053
PROA	133	PROA	155	2.263158
PROA	133	PROA	163	1.157895
PROA	133	PROA	165	0.263158
PROA	133	PROA	214	2.351511
PROA	133	PROA	217	1.578947
PROA	133	PROA	221	0.945905
PROA	134	PROA	135	1.732684
PROA	134	PROA	136	0.953821
PROA	134	PROA	137	1.105263
PROA	134	PROA	138	0.635851
PROA	134	PROA	211	0.736842
PROA	134	PROA	214	1.777972
PROA	134	PROA	289	0.315789
PROA	134	PROA	293	1.502320
PROA	134	PROA	304	2.638281
PROA	134	PROA	307	2.756810
PROA	134	PROA	308	3.473684
PROA	134	PROA	313	1.052632
PROA	135	PROA	136	2.777460
PROA	135	PROA	137	0.374634
PROA	135	PROA	138	1.523179
PROA	135	PROA	139	0.356348
PROA	135	PROA	308	2.575611
PROA	135	PROA	316	0.222718
PROA	135	PROA	317	0.089087
PROA	135	PROA	318	0.058926
PROA	136	PROA	137	2.774752
PROA	136	PROA	138	1.128152
PROA	136	PROA	139	1.649572
PROA	136	PROA	140	1.213954
PROA	136	PROA	165	1.560798
PROA	137	PROA	138	2.103199
PROA	137	PROA	139	0.600751
PROA	137	PROA	140	3.526316
PROA	137	PROA	141	1.947452
PROA	137	PROA	142	0.069171
PROA	137	PROA	147	0.055641
PROA	137	PROA	150	2.157895
PROA	137	PROA	165	0.631579
PROA	137	PROA	210	2.715291
PROA	137	PROA	211	0.736842
PROA	137	PROA	214	1.089725
PROA	137	PROA	304	1.605910
PROA	138	PROA	139	2.047065
PROA	138	PROA	140	0.440204
PROA	138	PROA	141	1.499554
PROA	138	PROA	142	1.221366
PROA	138	PROA	304	2.185307
PROA	138	PROA	305	2.752409
PROA	138	PROA	308	1.173878
PROA	138	PROA	322	1.266108
PROA	139	PROA	140	3.254070
PROA	139	PROA	141	0.529256
PROA	139	PROA	142	1.447494
PROA	139	PROA	143	0.483046
PROA	139	PROA	326	0.957841
PROA	140	PROA	141	2.392584
PROA	140	PROA	142	0.899229
PROA	140	PROA	143	2.176429
PROA	140	PROA	144	0.490511
PROA	140	PROA	145	2.810343
PROA	140	PROA	146	0.105263
PROA	140	PROA	147	0.945905
PROA	140	PROA	150	0.368421
PROA	140	PROA	165	0.684211
PROA	140	PROA	168	1.179875
PROA	141	PROA	142	3.290726
PROA	141	PROA	143	0.843661
PROA	141	PROA	144	1.296407
PROA	141	PROA	145	0.181902
PROA	141	PROA	207	1.913224
PROA	141	PROA	208	0.146254
PROA	141	PROA	210	0.140028
PROA	141	PROA	304	0.121268
PROA	142	PROA	143	3.337119
PROA	142	PROA	144	1.531064
PROA	142	PROA	325	1.811579
PROA	142	PROA	326	1.634848
PROA	142	PROA	327	0.190693
PROA	142	PROA	328	0.644658
PROA	143	PROA	144	4.563833
PROA	143	PROA	145	3.162278
PROA	143	PROA	173	0.158114
PROA	143	PROA	326	2.204541
PROA	143	PROA	327	1.200000
PROA	143	PROA	328	1.521278
PROA	143	PROA	329	2.050610
PROA	144	PROA	145	2.873058
PROA	144	PROA	146	0.735767
PROA	144	PROA	172	0.054554
PROA	144	PROA	173	1.536752
PROA	144	PROA	174	3.296102
PROA	144	PROA	207	0.683763
PROA	144	PROA	328	3.071429
PROA	144	PROA	329	0.298807
PROA	145	PROA	146	3.498590
PROA	145	PROA	147	0.363803
PROA	145	PROA	168	0.335410
PROA	145	PROA	171	1.343968
PROA	145	PROA	172	1.224745
PROA	145	PROA	173	2.250000
PROA	145	PROA	174	0.395285
PROA	145	PROA	329	2.124265
PROA	146	PROA	147	2.225660
PROA	146	PROA	148	3.699514
PROA	146	PROA	168	0.051299
PROA	146	PROA	171	1.160762
PROA	146	PROA	172	1.545367
PROA	146	PROA	173	0.630893
PROA	146	PROA	174	4.497953
PROA	146	PROA	175	0.463586
PROA	146	PROA	185	0.061314
PROA	146	PROA	210	0.662266
PROA	147	PROA	148	2.475369
PROA	147	PROA	149	1.260252
PROA	147	PROA	150	3.227206
PROA	147	PROA	151	0.206835
PROA	147	PROA	154	1.879791
PROA	147	PROA	165	1.891811
PROA	147	PROA	166	0.585018
PROA	147	PROA	167	1.050210
PROA	147	PROA	168	3.253957
PROA	147	PROA	170	0.111283
PROA	147	PROA	171	2.070805
PROA	147	PROA	172	0.049507
PROA	147	PROA	210	0.070014
PROA	148	PROA	149	2.651650
PROA	148	PROA	150	0.093659
PROA	148	PROA	151	0.087039
PROA	148	PROA	170	1.873172
PROA	148	PROA	171	1.549193
PROA	148	PROA	172	2.208333
PROA	148	PROA	173	0.051031
PROA	148	PROA	174	0.129099
PROA	148	PROA	175	0.176777
PROA	148	PROA	178	0.247537
PROA	148	PROA	185	1.254753
PROA	148	PROA	186	3.109573
PROA	148	PROA	210	0.058926
PROA	149	PROA	150	3.112651
PROA	149	PROA	151	2.584921
PROA	149	PROA	154	0.308607
PROA	149	PROA	189	0.091287
PROA	149	PROA	190	0.077152
PROA	149	PROA	193	0.692935
PROA	149	PROA	194	1.296362
PROA	149	PROA	210	0.083333
PROA	149	PROA	213	0.435194
PROA	150	PROA	151	2.347757
PROA	150	PROA	152	0.061314
PROA	150	PROA	154	0.490511
PROA	150	PROA	155	0.263158
PROA	150	PROA	165	2.000000
PROA	150	PROA	168	0.051299
PROA	150	PROA	193	0.400501
PROA	150	PROA	210	0.860946
PROA	150	PROA	213	1.660115
PROA	150	PROA	214	1.491202
PROA	150	PROA	217	2.052632
PROA	151	PROA	152	3.532778
PROA	151	PROA	153	1.928473
PROA	151	PROA	154	4.159561
PROA	151	PROA	155	1.124967
PROA	151	PROA	189	0.067420
PROA	151	PROA	190	0.170941
PROA	151	PROA	193	1.256154
PROA	151	PROA	217	1.076055
PROA	152	PROA	153	3.465039
PROA	152	PROA	154	0.714286
PROA	152	PROA	155	2.145988
PROA	152	PROA	193	1.341387
PROA	152	PROA	217	2.391243
PROA	152	PROA	220	1.242118
PROA	152	PROA	221	0.064820
PROA	153	PROA	154	3.142710
PROA	153	PROA	155	0.760886
PROA	153	PROA	156	0.415029
PROA	154	PROA	155	3.249638
PROA	154	PROA	156	1.042337
PROA	154	PROA	164	0.056980
PROA	154	PROA	165	0.981023
PROA	154	PROA	166	1.933975
PROA	154	PROA	167	1.543033
PROA	155	PROA	156	3.210526
PROA	155	PROA	157	0.210526
PROA	155	PROA	163	2.421053
PROA	155	PROA	164	0.978232
PROA	155	PROA	165	2.473684
PROA	155	PROA	166	0.415029
PROA	155	PROA	217	1.000000
PROA	156	PROA	157	2.842105
PROA	156	PROA	158	0.183942
PROA	156	PROA	162	0.066227
PROA	156	PROA	163	1.368421
PROA	156	PROA	164	1.271702
PROA	156	PROA	165	0.157895
PROA	156	PROA	166	2.559344
PROA	157	PROA	158	3.801464
PROA	157	PROA	161	2.974372
PROA	157	PROA	162	1.258306
PROA	157	PROA	163	3.263158
PROA	157	PROA	164	0.195646
PROA	158	PROA	159	3.928571
PROA	158	PROA	160	2.428571
PROA	158	PROA	161	2.739798
PROA	158	PROA	162	2.854612
PROA	158	PROA	163	0.061314
PROA	158	PROA	164	0.170941
PROA	159	PROA	160	4.285714
PROA	159	PROA	161	1.208734
PROA	160	PROA	161	3.706786
PROA	160	PROA	162	1.157275
PROA	161	PROA	162	3.307475
PROA	161	PROA	163	0.276686
PROA	162	PROA	163	2.847745
PROA	162	PROA	164	1.169369
PROA	163	PROA	164	2.885784
PROA	163	PROA	165	0.052632
PROA	164	PROA	165	2.445580
PROA	164	PROA	166	0.771389
PROA	165	PROA	166	4.011944
PROA	165	PROA	168	1.898060
PROA	166	PROA	167	4.613058
PROA	166	PROA	168	1.415820
PROA	167	PROA	168	3.033837
PROA	167	PROA	169	0.981981
PROA	167	PROA	170	0.132453
PROA	168	PROA	169	3.042555
PROA	168	PROA	170	0.615587
PROA	168	PROA	171	3.535534
PROA	169	PROA	170	3.901995
PROA	169	PROA	171	1.075706
PROA	170	PROA	171	2.829357
PROA	170	PROA	172	0.515122
PROA	170	PROA	186	0.059235
PROA	171	PROA	172	3.679334
PROA	172	PROA	173	2.551552
PROA	172	PROA	174	0.258199
PROA	172	PROA	331	0.091287
PROA	172	PROA	336	0.117851
PROA	173	PROA	174	4.269075
PROA	173	PROA	175	0.577350
PROA	173	PROA	329	2.403773
PROA	173	PROA	330	0.426401
PROA	173	PROA	331	0.279508
PROA	174	PROA	175	3.377622
PROA	174	PROA	176	0.591608
PROA	175	PROA	176	4.783404
PROA	175	PROA	177	1.750000
PROA	175	PROA	178	3.920784
PROA	175	PROA	185	0.077152
PROA	175	PROA	205	0.377964
PROA	176	PROA	177	3.934735
PROA	176	PROA	178	0.453743
PROA	176	PROA	203	0.227921
PROA	176	PROA	204	1.717259
PROA	176	PROA	205	2.974380
PROA	177	PROA	178	3.850770
PROA	177	PROA	185	0.308607
PROA	177	PROA	202	0.522233
PROA	177	PROA	203	3.446562
PROA	177	PROA	204	0.763763
PROA	177	PROA	205	1.196887
PROA	178	PROA	185	2.787276
PROA	178	PROA	205	0.688033
PROA	185	PROA	186	4.209400
PROA	185	PROA	187	0.874818
PROA	185	PROA	198	2.207302
PROA	185	PROA	205	2.332847
PROA	185	PROA	209	0.122628
PROA	185	PROB	71	0.054554
PROA	186	PROA	187	2.760837
PROA	186	PROA	188	0.258199
PROA	186	PROA	189	0.489898
PROA	186	PROA	194	0.527046
PROA	186	PROA	198	0.059235
PROA	187	PROA	188	2.673169
PROA	187	PROA	189	1.173111
PROA	187	PROA	194	1.291763
PROA	187	PROA	198	1.752192
PROA	187	PROA	199	1.323140
PROA	187	PROA	233	0.666667
PROA	187	PROB	68	1.633965
PROA	187	PROB	69	0.750939
PROA	187	PROB	71	3.697114
PROA	188	PROA	189	3.399448
PROA	188	PROA	190	0.334077
PROA	189	PROA	190	3.803194
PROA	189	PROA	191	0.387298
PROA	189	PROA	194	1.290994
PROA	190	PROA	191	2.891387
PROA	190	PROA	192	2.345842
PROA	190	PROA	193	0.233285
PROA	190	PROA	194	1.036535
PROA	191	PROA	192	1.708333
PROA	191	PROA	193	0.400892
PROA	191	PROA	194	1.916667
PROA	191	PROA	199	0.891133
PROA	191	PROA	230	0.771517
PROA	191	PROA	231	0.870388
PROA	191	PROA	232	2.425861
PROA	191	PROA	233	2.271721
PROA	191	PROA	236	3.069457
PROA	191	PROB	68	1.106797
PROA	192	PROA	193	3.162591
PROA	192	PROA	194	0.500000
PROA	192	PROA	216	0.307729
PROA	192	PROA	226	2.618615
PROA	192	PROA	228	0.593366
PROA	192	PROA	229	1.363862
PROA	192	PROA	230	0.925820
PROA	192	PROA	231	1.697257
PROA	192	PROA	236	1.287192
PROA	193	PROA	194	1.870829
PROA	193	PROA	195	0.345033
PROA	193	PROA	212	0.579066
PROA	193	PROA	213	3.026578
PROA	193	PROA	216	3.026578
PROA	193	PROA	217	1.752192
PROA	193	PROA	220	0.845154
PROA	194	PROA	195	3.356586
PROA	194	PROA	196	0.327327
PROA	194	PROA	198	1.966830
PROA	194	PROA	199	2.673398
PROA	194	PROA	212	0.750000
PROA	194	PROA	236	0.148522
PROA	194	PROA	240	0.093659
PROA	195	PROA	196	4.732864
PROA	195	PROA	197	3.184337
PROA	195	PROA	198	2.466619
PROA	195	PROA	199	1.227144
PROA	195	PROA	209	2.684262
PROA	195	PROA	212	3.679334
PROA	195	PROA	301	0.839146
PROA	196	PROA	197	4.692446
PROA	196	PROA	198	0.674453
PROA	196	PROA	199	2.398354
PROA	196	PROA	200	1.348907
PROA	196	PROA	201	0.142857
PROA	196	PROA	212	3.055050
PROA	196	PROA	237	0.858395
PROA	196	PROA	240	2.513871
PROA	196	PROA	244	0.061314
PROA	196	PROA	296	2.091650
PROA	196	PROA	301	0.872872
PROA	197	PROA	198	4.975731
PROA	197	PROA	199	0.939336
PROA	197	PROA	200	1.303168
PROA	197	PROA	201	3.243308
PROA	197	PROA	205	0.507093
PROA	197	PROA	206	0.276026
PROA	197	PROA	208	0.155700
PROA	197	PROA	209	1.066228
PROA	197	PROA	255	0.059235
PROA	197	PROA	296	0.057735
PROA	197	PROA	298	1.035098
PROA	197	PROA	301	1.475730
PROA	198	PROA	199	2.782074
PROA	198	PROA	200	0.526316
PROA	198	PROA	201	1.348907
PROA	198	PROA	205	3.504383
PROA	198	PROA	209	1.947368
PROA	198	PROB	71	1.358049
PROA	199	PROA	200	2.670791
PROA	199	PROA	201	0.518563
PROA	199	PROA	212	0.049507
PROA	199	PROA	233	1.746545
PROA	199	PROA	236	1.470588
PROA	199	PROA	237	1.780528
PROA	199	PROA	240	0.890264
PROA	199	PROB	71	1.089162
PROA	199	PROB	73	0.064820
PROA	200	PROA	201	4.537231
PROA	200	PROA	202	0.138343
PROA	200	PROA	233	0.300376
PROA	200	PROA	237	3.210526
PROA	200	PROA	241	0.157895
PROA	200	PROA	255	1.736842
PROA	200	PROA	257	1.103651
PROA	200	PROA	260	3.264643
PROA	200	PROA	263	0.650814
PROA	200	PROA	264	2.000000
PROA	200	PROA	296	0.564288
PROA	200	PROB	71	1.311220
PROA	200	PROB	73	1.103651
PROA	201	PROA	202	3.062127
PROA	201	PROA	203	0.968665
PROA	201	PROA	205	1.749636
PROA	201	PROA	255	2.329929
PROA	201	PROA	256	2.697813
PROA	201	PROA	257	2.714286
PROA	201	PROB	71	2.127624
PROA	202	PROA	203	4.049793
PROA	202	PROA	205	1.973855
PROA	202	PROA	256	0.069171
PROA	202	PROA	257	0.241747
PROA	202	PROB	71	2.400284
PROA	203	PROA	204	3.787368
PROA	203	PROA	205	1.535299
PROA	203	PROA	256	1.467348
PROA	204	PROA	205	3.051709
PROA	204	PROA	206	0.707107
PROA	204	PROA	256	2.861463
PROA	205	PROA	206	2.624453
PROA	205	PROA	209	0.951190
PROA	205	PROA	256	0.050063
PROA	205	PROB	71	0.623610
PROA	206	PROA	207	3.019955
PROA	206	PROA	208	2.820380
PROA	206	PROA	209	1.900732
PROA	206	PROA	298	2.785714
PROA	206	PROA	299	1.685330
PROA	207	PROA	208	2.956992
PROA	207	PROA	209	0.489116
PROA	208	PROA	209	3.112715
PROA	208	PROA	210	0.261116
PROA	208	PROA	211	1.314257
PROA	208	PROA	212	0.307729
PROA	208	PROA	298	3.062127
PROA	208	PROA	299	0.073127
PROA	208	PROA	301	2.769559
PROA	208	PROA	302	0.069171
PROA	209	PROA	210	3.443784
PROA	209	PROA	211	0.789474
PROA	209	PROA	212	0.889757
PROA	209	PROA	213	0.415029
PROA	209	PROA	301	0.889757
PROA	210	PROA	211	2.384158
PROA	210	PROA	212	0.766032
PROA	210	PROA	213	2.698204
PROA	210	PROA	214	1.226869
PROA	211	PROA	212	2.294635
PROA	211	PROA	213	0.968400
PROA	211	PROA	214	2.695635
PROA	211	PROA	215	0.867110
PROA	211	PROA	216	0.069171
PROA	211	PROA	293	3.227206
PROA	211	PROA	301	1.264391
PROA	211	PROA	302	3.000000
PROA	211	PROA	303	1.125463
PROA	211	PROA	304	2.695635
PROA	211	PROA	307	0.798024
PROA	212	PROA	213	2.769559
PROA	212	PROA	214	0.612372
PROA	212	PROA	215	1.157275
PROA	212	PROA	216	1.784827
PROA	212	PROA	217	0.046829
PROA	212	PROA	228	1.232376
PROA	212	PROA	240	1.685854
PROA	212	PROA	244	0.796098
PROA	212	PROA	293	0.643596
PROA	212	PROA	294	3.933660
PROA	212	PROA	295	0.272772
PROA	212	PROA	296	0.456435
PROA	212	PROA	301	1.958333
PROA	213	PROA	214	3.995025
PROA	213	PROA	215	1.481487
PROA	213	PROA	216	3.181818
PROA	213	PROA	217	1.521772
PROA	214	PROA	215	3.874136
PROA	214	PROA	216	1.130668
PROA	214	PROA	217	3.097112
PROA	214	PROA	218	0.860309
PROA	214	PROA	293	0.606339
PROA	215	PROA	216	3.646738
PROA	215	PROA	217	1.213954
PROA	215	PROA	218	2.341197
PROA	215	PROA	219	1.553797
PROA	215	PROA	220	0.097590
PROA	215	PROA	290	1.300665
PROA	215	PROA	293	1.741727
PROA	215	PROA	294	2.774752
PROA	216	PROA	217	2.836029
PROA	216	PROA	218	0.760886
PROA	216	PROA	219	1.811579
PROA	216	PROA	220	0.856349
PROA	216	PROA	221	0.073127
PROA	216	PROA	227	0.276686
PROA	216	PROA	228	0.067420
PROA	216	PROA	294	1.590943
PROA	217	PROA	218	2.263158
PROA	217	PROA	219	0.507833
PROA	217	PROA	220	1.480872
PROA	217	PROA	221	2.782074
PROA	218	PROA	219	3.047000
PROA	218	PROA	220	0.888523
PROA	218	PROA	221	3.616697
PROA	218	PROA	222	2.578947
PROA	218	PROA	286	1.450953
PROA	218	PROA	289	0.368421
PROA	218	PROA	290	2.894737
PROA	218	PROA	293	0.055641
PROA	218	PROA	312	0.450564
PROA	219	PROA	220	3.102687
PROA	219	PROA	221	0.843661
PROA	219	PROA	222	3.192096
PROA	219	PROA	223	1.334848
PROA	219	PROA	224	0.084515
PROA	219	PROA	225	0.193649
PROA	219	PROA	227	2.611715
PROA	219	PROA	279	2.404163
PROA	219	PROA	290	2.321524
PROA	219	PROA	294	0.507833
PROA	220	PROA	221	3.005877
PROA	220	PROA	222	0.770054
PROA	220	PROA	223	1.712698
PROA	220	PROA	224	2.346223
PROA	220	PROA	225	1.791957
PROA	220	PROA	226	0.690066
PROA	220	PROA	227	0.059235
PROA	220	PROA	279	0.057735
PROA	221	PROA	222	2.281301
PROA	221	PROA	223	0.804400
PROA	221	PROA	224	0.324102
PROA	222	PROA	223	3.666087
PROA	222	PROA	224	0.245256
PROA	222	PROA	279	3.744821
PROA	222	PROA	282	2.321524
PROA	222	PROA	283	0.132453
PROA	222	PROA	286	0.580381
PROA	222	PROA	287	0.894737
PROA	222	PROA	290	0.842105
PROA	223	PROA	224	3.867950
PROA	223	PROA	225	1.415552
PROA	223	PROA	227	0.276686
PROA	223	PROA	279	1.955180
PROA	224	PROA	225	2.727724
PROA	225	PROA	226	3.982476
PROA	225	PROA	227	0.280976
PROA	225	PROA	229	0.054554
PROA	226	PROA	227	2.391243
PROA	226	PROA	228	1.613559
PROA	226	PROA	229	3.642857
PROA	226	PROA	231	0.056980
PROA	226	PROA	236	0.064820
PROA	227	PROA	228	4.616903
PROA	227	PROA	229	0.735767
PROA	227	PROA	239	0.055641
PROA	227	PROA	243	1.210526
PROA	227	PROA	275	0.702439
PROA	227	PROA	278	1.684211
PROA	227	PROA	279	2.000658
PROA	227	PROA	290	0.052632
PROA	227	PROA	294	0.368421
PROA	228	PROA	229	3.824732
PROA	228	PROA	230	0.676123
PROA	228	PROA	236	1.898142
PROA	228	PROA	239	1.898142
PROA	228	PROA	240	2.975337
PROA	228	PROA	243	1.898060
PROA	228	PROA	244	0.820783
PROA	228	PROA	275	0.639010
PROA	228	PROA	294	1.282473
PROA	229	PROA	230	4.141625
PROA	229	PROA	231	2.507133
PROA	229	PROA	236	0.777844
PROA	229	PROA	239	2.916917
PROA	230	PROA	231	3.948533
PROA	230	PROA	232	1.191708
PROA	230	PROA	235	1.418416
PROA	230	PROA	236	3.850134
PROA	230	PROA	239	1.925067
PROA	231	PROA	232	3.516196
PROA	231	PROA	235	0.307729
PROA	232	PROA	233	2.011173
PROA	232	PROA	234	0.612056
PROA	232	PROA	235	2.870574
PROA	232	PROA	236	0.705882
PROA	232	PROB	83	0.198030
PROA	233	PROA	234	2.202755
PROA	233	PROA	235	0.755929
PROA	233	PROA	236	0.952661
PROA	233	PROA	237	1.551941
PROA	233	PROA	238	0.058321
PROA	233	PROB	64	0.056344
PROA	233	PROB	67	0.243975
PROA	233	PROB	68	4.225771
PROA	233	PROB	71	1.158132
PROA	233	PROB	72	0.445435
PROA	233	PROB	73	1.807957
PROA	233	PROB	76	1.652066
PROA	234	PROA	235	2.980198
PROA	234	PROA	236	0.612056
PROA	234	PROA	237	1.421053
PROA	234	PROA	238	1.042337
PROA	234	PROA	263	1.301628
PROA	234	PROB	73	1.594162
PROA	234	PROB	76	3.315789
PROA	234	PROB	77	1.962046
PROA	234	PROB	80	2.064742
PROA	235	PROA	236	2.450490
PROA	235	PROA	237	0.794719
PROA	235	PROA	238	4.089039
PROA	235	PROA	239	2.100420
PROA	235	PROA	240	0.066227
PROA	236	PROA	237	2.782074
PROA	236	PROA	238	1.037126
PROA	236	PROA	239	2.235294
PROA	236	PROA	240	2.281301
PROA	236	PROA	241	0.055641
PROA	237	PROA	238	2.329929
PROA	237	PROA	239	0.667698
PROA	237	PROA	240	2.526316
PROA	237	PROA	241	2.578947
PROA	237	PROA	242	0.086711
PROA	237	PROA	263	1.251565
PROA	237	PROA	264	0.157895
PROA	237	PROA	296	0.051299
PROA	237	PROB	73	0.981023
PROA	238	PROA	239	4.602246
PROA	238	PROA	240	0.735767
PROA	238	PROA	241	1.226279
PROA	238	PROA	242	1.111168
PROA	238	PROA	243	0.061314
PROA	238	PROA	263	0.466569
PROA	239	PROA	240	2.281301
PROA	239	PROA	241	0.445132
PROA	239	PROA	242	1.375048
PROA	239	PROA	243	1.335396
PROA	239	PROA	244	0.055641
PROA	240	PROA	241	3.736842
PROA	240	PROA	242	0.953821
PROA	240	PROA	243	0.736842
PROA	240	PROA	244	2.000000
PROA	240	PROA	245	0.260133
PROA	240	PROA	296	0.820783
PROA	241	PROA	242	2.861463
PROA	241	PROA	243	0.368421
PROA	241	PROA	244	0.842105
PROA	241	PROA	245	2.688041
PROA	241	PROA	246	0.207514
PROA	241	PROA	247	0.735767
PROA	241	PROA	263	0.750939
PROA	241	PROA	264	1.157895
PROA	241	PROA	267	1.578947
PROA	241	PROA	270	0.244558
PROA	241	PROA	296	1.282473
PROA	242	PROA	243	3.468440
PROA	242	PROA	244	0.693688
PROA	242	PROA	245	1.714286
PROA	242	PROA	270	1.128152
PROA	242	PROA	271	0.101015
PROA	242	PROA	273	0.283473
PROA	243	PROA	244	3.421053
PROA	243	PROA	245	0.693688
PROA	243	PROA	272	0.635851
PROA	243	PROA	273	2.122096
PROA	243	PROA	275	0.983415
PROA	243	PROA	278	2.157895
PROA	244	PROA	245	3.295018
PROA	244	PROA	246	0.138343
PROA	244	PROA	271	0.245256
PROA	244	PROA	272	3.472724
PROA	244	PROA	273	0.229416
PROA	244	PROA	275	1.170732
PROA	244	PROA	294	0.894737
PROA	244	PROA	295	0.061314
PROA	244	PROA	296	1.231174
PROA	245	PROA	246	3.988620
PROA	245	PROA	247	0.606092
PROA	245	PROA	270	2.336887
PROA	245	PROA	271	1.515229
PROA	245	PROA	272	1.047570
PROA	246	PROA	247	4.754355
PROA	246	PROA	248	0.272727
PROA	246	PROA	267	0.415029
PROA	246	PROA	268	0.564076
PROA	246	PROA	269	2.047563
PROA	246	PROA	270	3.085557
PROA	246	PROA	271	0.322329
PROA	247	PROA	248	3.142710
PROA	247	PROA	249	0.324102
PROA	247	PROA	251	0.771517
PROA	247	PROA	252	2.759127
PROA	247	PROA	264	2.207302
PROA	247	PROA	267	0.122628
PROA	247	PROA	296	1.374513
PROA	248	PROA	249	2.778835
PROA	248	PROA	250	1.634848
PROA	248	PROA	251	4.003786
PROA	248	PROA	252	0.968400
PROA	248	PROA	253	0.080582
PROA	248	PROA	300	0.449977
PROA	249	PROA	250	3.506856
PROA	249	PROA	251	0.980196
PROA	249	PROA	252	2.837716
PROA	249	PROA	253	2.074252
PROA	249	PROA	254	0.073127
PROA	249	PROA	265	0.667698
PROA	250	PROA	251	2.683282
PROA	250	PROA	252	0.533114
PROA	250	PROA	253	1.863177
PROA	250	PROA	254	0.934199
PROA	250	PROA	297	0.069007
PROA	251	PROA	252	2.317932
PROA	251	PROA	253	0.694365
PROA	251	PROA	254	2.088932
PROA	251	PROA	255	0.794719
PROA	251	PROA	296	0.580948
PROA	251	PROA	297	4.089039
PROA	251	PROA	300	1.784827
PROA	252	PROA	253	3.249638
PROA	252	PROA	254	0.760886
PROA	252	PROA	255	2.105263
PROA	252	PROA	261	2.669270
PROA	252	PROA	262	0.061314
PROA	252	PROA	264	3.631579
PROA	252	PROA	265	2.631579
PROA	252	PROA	296	0.051299
PROA	253	PROA	254	3.303874
PROA	253	PROA	255	0.981023
PROA	253	PROA	261	3.164159
PROA	254	PROA	255	3.181887
PROA	254	PROA	256	1.175915
PROA	254	PROA	261	0.123091
PROA	254	PROA	297	0.966988
PROA	254	PROA	299	0.073127
PROA	255	PROA	256	2.684211
PROA	255	PROA	257	2.023360
PROA	255	PROA	258	0.105263
PROA	255	PROA	260	1.378405
PROA	255	PROA	261	2.435123
PROA	255	PROA	264	1.842105
PROA	255	PROA	296	0.307794
PROA	256	PROA	257	2.820441
PROA	256	PROA	258	0.578947
PROA	256	PROA	261	0.468293
PROA	257	PROA	258	2.820441
PROA	257	PROA	259	1.424507
PROA	257	PROA	260	5.070926
PROA	257	PROA	261	0.872872
PROA	257	PROB	70	0.080582
PROA	257	PROB	71	1.745743
PROA	257	PROB	72	0.163663
PROA	258	PROA	259	3.570547
PROA	258	PROA	260	0.580381
PROA	258	PROA	261	3.980490
PROA	258	PROA	262	0.306570
PROA	259	PROA	260	2.359700
PROA	259	PROA	261	0.783349
PROA	259	PROA	262	2.336192
PROA	259	PROA	263	0.139573
PROA	259	PROB	16	0.683763
PROA	259	PROB	18	0.165145
PROA	259	PROB	19	1.600189
PROA	259	PROB	71	0.043519
PROA	259	PROB	72	2.001893
PROA	259	PROB	74	0.184637
PROA	260	PROA	261	2.775638
PROA	260	PROA	262	1.098701
PROA	260	PROA	263	1.242118
PROA	260	PROA	264	1.305857
PROA	260	PROB	71	0.258199
PROA	260	PROB	72	0.064550
PROA	260	PROB	73	1.014185
PROA	260	PROB	74	0.091287
PROA	261	PROA	262	2.236733
PROA	261	PROA	263	0.445435
PROA	261	PROA	264	1.779513
PROA	261	PROA	265	1.358049
PROA	261	PROA	266	0.061546
PROA	262	PROA	263	2.041241
PROA	262	PROA	264	0.674453
PROA	262	PROA	265	2.575185
PROA	262	PROA	266	1.450481
PROA	262	PROB	74	1.234427
PROA	263	PROA	264	3.654571
PROA	263	PROA	265	0.650814
PROA	263	PROA	266	2.631807
PROA	263	PROA	267	3.053820
PROA	263	PROB	73	3.499271
PROA	263	PROB	74	2.582757
PROA	263	PROB	77	0.758175
PROA	264	PROA	265	1.947368
PROA	264	PROA	266	0.622543
PROA	264	PROA	267	1.736842
PROA	264	PROA	296	0.666886
PROA	265	PROA	266	2.559344
PROA	265	PROA	267	0.526316
PROA	266	PROA	267	3.181887
PROA	266	PROA	268	0.644658
PROA	267	PROA	268	3.924092
PROA	267	PROA	269	0.111283
PROA	268	PROA	269	2.592815
PROA	268	PROA	270	0.512823
PROA	269	PROA	270	3.309361
PROA	269	PROA	271	0.583383
PROA	270	PROA	271	3.304857
PROA	270	PROA	272	0.181818
PROA	271	PROA	272	2.962975
PROA	271	PROA	273	0.400892
PROA	272	PROA	273	3.784313
PROA	272	PROA	274	0.740744
PROA	272	PROA	275	1.610218
PROA	272	PROA	291	1.477098
PROA	273	PROA	274	5.211594
PROA	273	PROA	275	0.408248
PROA	273	PROA	277	1.275776
PROA	273	PROA	278	1.204433
PROA	274	PROA	275	1.745743
PROA	274	PROA	276	2.214286
PROA	274	PROA	277	2.673169
PROA	274	PROA	278	0.306570
PROA	275	PROA	276	1.963961
PROA	275	PROA	277	0.500000
PROA	275	PROA	278	2.435123
PROA	275	PROA	279	2.053960
PROA	275	PROA	287	2.903416
PROA	275	PROA	290	2.481952
PROA	275	PROA	291	3.123055
PROA	275	PROA	294	1.826342
PROA	276	PROA	277	3.436932
PROA	276	PROA	278	0.674453
PROA	276	PROA	279	1.553797
PROA	276	PROA	280	0.357143
PROA	276	PROA	282	0.084515
PROA	276	PROA	287	1.778104
PROA	277	PROA	278	2.622440
PROA	277	PROA	279	0.365148
PROA	278	PROA	279	3.796120
PROA	278	PROA	280	0.613139
PROA	279	PROA	280	3.525924
PROA	279	PROA	281	0.597614
PROA	279	PROA	282	2.404163
PROA	279	PROA	287	1.436370
PROA	279	PROA	290	0.564288
PROA	280	PROA	281	5.142857
PROA	280	PROA	282	0.929670
PROA	281	PROA	282	3.718679
PROA	281	PROA	283	0.308607
PROA	282	PROA	283	4.290493
PROA	282	PROA	284	0.572078
PROA	282	PROA	286	0.100000
PROA	282	PROA	287	2.539167
PROA	283	PROA	284	3.568592
PROA	283	PROA	285	3.385016
PROA	283	PROA	286	2.647326
PROA	283	PROA	287	1.125853
PROA	283	PROA	312	1.385870
PROA	284	PROA	285	3.278404
PROA	284	PROA	286	1.334848
PROA	284	PROA	287	2.905201
PROA	284	PROA	288	1.218544
PROA	284	PROA	289	0.069171
PROA	285	PROA	286	2.629379
PROA	285	PROA	287	0.635851
PROA	285	PROA	288	1.969464
PROA	285	PROA	289	0.586939
PROA	285	PROA	290	0.048912
PROA	285	PROA	310	0.051709
PROA	285	PROA	311	1.139606
PROA	285	PROA	312	2.837977
PROA	286	PROA	287	3.482286
PROA	286	PROA	288	0.730297
PROA	286	PROA	289	1.741143
PROA	286	PROA	290	1.305857
PROA	286	PROA	291	0.091287
PROA	286	PROA	312	3.174302
PROA	287	PROA	288	2.582838
PROA	287	PROA	289	0.789474
PROA	287	PROA	290	2.421053
PROA	287	PROA	291	0.927173
PROA	287	PROA	292	0.048912
PROA	288	PROA	289	3.112651
PROA	288	PROA	290	0.596040
PROA	288	PROA	291	1.750000
PROA	288	PROA	292	1.846372
PROA	288	PROA	310	0.280056
PROA	289	PROA	290	2.368421
PROA	289	PROA	291	0.662266
PROA	289	PROA	292	1.662994
PROA	289	PROA	293	2.948999
PROA	289	PROA	302	1.578947
PROA	289	PROA	307	2.611715
PROA	289	PROA	310	3.282848
PROA	289	PROA	312	1.151440
PROA	289	PROA	313	1.105263
PROA	290	PROA	291	3.178878
PROA	290	PROA	292	0.586939
PROA	290	PROA	293	1.836169
PROA	290	PROA	294	2.894737
PROA	290	PROA	295	0.061314
PROA	291	PROA	292	2.954196
PROA	291	PROA	293	0.980196
PROA	291	PROA	294	1.456986
PROA	291	PROA	295	1.234427
PROA	292	PROA	293	2.171768
PROA	292	PROA	294	0.489116
PROA	292	PROA	295	1.709409
PROA	292	PROA	300	0.045455
PROA	292	PROA	301	0.478714
PROA	292	PROA	302	3.912928
PROA	292	PROA	310	1.706389
PROA	293	PROA	294	2.726433
PROA	293	PROA	295	0.842665
PROA	293	PROA	301	1.138670
PROA	293	PROA	302	3.282848
PROA	293	PROA	307	1.457233
PROA	294	PROA	295	2.452557
PROA	294	PROA	296	0.410391
PROA	294	PROA	301	0.187317
PROA	295	PROA	296	2.988072
PROA	295	PROA	297	1.357143
PROA	295	PROA	298	0.071429
PROA	295	PROA	300	1.937330
PROA	295	PROA	301	3.273268
PROA	295	PROA	302	0.122628
PROA	296	PROA	297	2.868549
PROA	296	PROA	298	0.478091
PROA	296	PROA	301	0.775940
PROA	297	PROA	298	4.714286
PROA	297	PROA	299	1.944611
PROA	297	PROA	300	3.760699
PROA	297	PROA	301	1.254753
PROA	298	PROA	299	4.148504
PROA	298	PROA	300	0.797724
PROA	298	PROA	301	4.582576
PROA	299	PROA	300	2.326895
PROA	299	PROA	301	0.643596
PROA	300	PROA	301	1.784296
PROA	300	PROA	302	0.195646
PROA	301	PROA	302	2.341465
PROA	301	PROA	303	0.263523
PROA	302	PROA	303	4.146442
PROA	302	PROA	304	0.172062
PROA	302	PROA	306	2.615150
PROA	302	PROA	307	2.901905
PROA	302	PROA	310	1.279754
PROA	303	PROA	304	2.581989
PROA	303	PROA	305	1.533333
PROA	303	PROA	306	3.193744
PROA	303	PROA	307	1.306395
PROA	304	PROA	305	2.969287
PROA	304	PROA	306	0.727607
PROA	304	PROA	307	2.371708
PROA	304	PROA	308	1.605910
PROA	305	PROA	306	2.504897
PROA	305	PROA	307	1.061446
PROA	305	PROA	308	1.421637
PROA	305	PROA	309	0.734847
PROA	305	PROA	322	0.200000
PROA	306	PROA	307	3.374646
PROA	306	PROA	308	0.778981
PROA	306	PROA	309	2.684377
PROA	306	PROA	310	2.294118
PROA	307	PROA	308	3.482286
PROA	307	PROA	309	1.000000
PROA	307	PROA	310	1.610626
PROA	307	PROA	313	0.798024
PROA	308	PROA	309	2.539167
PROA	308	PROA	310	0.500773
PROA	308	PROA	313	1.421053
PROA	308	PROA	317	0.600751
PROA	309	PROA	310	3.988218
PROA	309	PROA	311	0.422577
PROA	309	PROA	314	0.244949
PROA	309	PROA	317	1.794170
PROA	310	PROA	311	4.213324
PROA	310	PROA	312	1.111438
PROA	310	PROA	313	1.335396
PROA	310	PROA	314	0.563602
PROA	311	PROA	312	2.332847
PROA	311	PROA	313	0.490511
PROA	311	PROA	314	2.001190
PROA	312	PROA	313	4.355448
PROA	312	PROA	314	0.563436
PROA	312	PROA	315	0.211702
PROA	313	PROA	314	2.310161
PROA	313	PROA	315	0.834622
PROA	313	PROA	316	1.251565
PROA	313	PROA	317	0.300376
PROA	314	PROA	315	2.880632
PROA	314	PROA	316	0.788811
PROA	314	PROA	317	2.479119
PROA	315	PROA	316	4.551603
PROA	315	PROA	317	0.582182
PROA	316	PROA	317	2.000000
PROA	316	PROA	318	0.314970
PROA	317	PROA	318	4.220603
PROA	317	PROA	319	0.116642
PROA	318	PROA	319	4.320494
PROA	318	PROA	320	3.307475
PROA	319	PROA	320	3.948533
PROA	319	PROA	321	0.385758
PROA	320	PROA	321	3.655631
PROA	320	PROA	322	0.544949
PROA	321	PROA	322	4.024922
PROA	321	PROA	323	0.154303
PROA	322	PROA	323	4.830459
PROA	322	PROA	324	0.296174
PROA	323	PROA	324	2.636499
PROA	323	PROA	325	0.422577
PROA	324	PROA	325	4.352858
PROA	324	PROA	326	0.236940
PROA	325	PROA	326	3.102687
PROA	325	PROA	327	0.300000
PROA	326	PROA	327	3.510935
PROA	326	PROA	328	0.345033
PROA	327	PROA	328	5.324472
PROA	327	PROA	329	0.494975
PROA	328	PROA	329	2.031889
PROA	328	PROA	330	0.284901
PROA	329	PROA	330	3.337119
PROA	329	PROA	331	1.950000
PROA	330	PROA	331	3.146427
PROA	330	PROA	332	2.892650
PROA	331	PROA	332	2.969287
PROA	331	PROA	333	1.464281
PROA	331	PROA	335	0.256495
PROA	332	PROA	333	4.200840
PROA	333	PROA	334	3.318989
PROA	333	PROA	335	2.615150
PROA	333	PROA	338	0.667698
PROA	333	PROA	346	1.391037
PROA	333	PROA	350	0.062622
PROA	334	PROA	335	2.369396
PROA	334	PROA	336	0.745356
PROA	334	PROA	337	0.149071
PROA	334	PROA	338	0.710819
PROA	335	PROA	336	2.781518
PROA	335	PROA	337	0.596040
PROA	335	PROA	338	2.684211
PROA	335	PROA	343	2.105263
PROA	335	PROA	346	1.000000
PROA	336	PROA	337	3.833333
PROA	336	PROA	338	0.596040
PROA	337	PROA	338	2.847745
PROA	337	PROA	339	0.540062
PROA	338	PROA	339	3.862778
PROA	338	PROA	340	0.195646
PROA	338	PROA	342	2.103199
PROA	338	PROA	343	1.473684
PROA	338	PROA	346	0.842105
PROA	339	PROA	340	2.222231
PROA	339	PROA	341	1.380131
PROA	339	PROA	342	2.962975
PROA	339	PROA	343	1.410220
PROA	340	PROA	341	1.981735
PROA	340	PROA	342	0.590909
PROA	340	PROA	343	2.494492
PROA	340	PROA	344	0.681818
PROA	340	PROA	345	0.055048
PROA	341	PROA	342	1.926687
PROA	341	PROA	343	0.651584
PROA	341	PROA	344	4.238710
PROA	341	PROA	345	0.866667
PROA	342	PROA	343	2.201022
PROA	342	PROA	344	0.590909
PROA	342	PROA	345	3.743277
PROA	342	PROA	346	1.956464
PROA	343	PROA	344	2.152110
PROA	343	PROA	345	0.829288
PROA	343	PROA	346	2.315789
PROA	343	PROA	347	0.894737
PROA	343	PROA	348	0.051299
PROA	344	PROA	345	2.697361
PROA	344	PROA	346	0.489116
PROA	344	PROA	347	1.173878
PROA	344	PROA	348	0.905789
PROA	344	PROA	349	0.055048
PROA	345	PROA	346	2.665570
PROA	345	PROA	347	0.592349
PROA	345	PROA	348	1.789786
PROA	345	PROA	349	1.933333
PROA	345	PROA	350	0.066667
PROA	346	PROA	347	2.315789
PROA	346	PROA	348	0.615587
PROA	346	PROA	349	1.184698
PROA	346	PROA	350	1.480872
PROA	346	PROA	351	0.061314
PROA	347	PROA	348	2.154555
PROA	347	PROA	349	0.533114
PROA	347	PROA	350	1.125463
PROA	347	PROA	351	2.759127
PROA	348	PROA	349	3.348632
PROA	348	PROA	350	0.461880
PROA	348	PROA	351	1.314751
PROA	348	PROA	352	0.707107
PROA	349	PROA	350	2.866667
PROA	349	PROA	351	0.828079
PROA	349	PROA	352	2.122891
PROA	349	PROA	353	0.052705
PROA	350	PROA	351	3.174302
PROA	350	PROA	352	1.143095
PROA	350	PROA	353	0.105409
PROA	350	PROA	354	0.173205
PROA	351	PROA	352	3.549648
PROA	351	PROA	353	0.490990
PROA	351	PROA	354	2.450219
PROA	351	PROA	355	1.685330
PROA	352	PROA	353	2.969287
PROA	352	PROA	354	0.989949
PROA	352	PROA	355	2.991163
PROA	353	PROA	354	1.962672
PROA	353	PROA	355	0.594089
PROA	353	PROA	357	0.077152
PROA	353	PROA	358	2.895330
PROA	353	PROA	359	0.833333
PROA	353	PROA	360	3.005204
PROA	354	PROA	355	3.850516
PROA	354	PROA	356	0.298807
PROA	355	PROA	356	3.889222
PROA	355	PROA	357	0.733359
PROA	356	PROA	357	3.434519
PROA	356	PROA	358	0.174964
PROA	357	PROA	358	2.804273
PROA	357	PROA	359	0.925820
PROA	358	PROA	359	3.073504
PROA	358	PROA	360	0.251976
PROA	359	PROA	360	2.533799
PROB	1	PROB	2	3.221253
PROB	1	PROB	3	0.876714
PROB	1	PROB	4	1.746545
PROB	1	PROB	5	1.008368
PROB	1	PROB	6	0.064820
PROB	1	PROB	57	1.396137
PROB	2	PROB	3	4.327432
PROB	2	PROB	4	0.621059
PROB	2	PROB	5	1.434274
PROB	2	PROB	6	1.774824
PROB	3	PROB	4	2.028370
PROB	3	PROB	5	0.487950
PROB	3	PROB	6	2.070197
PROB	3	PROB	7	0.592349
PROB	3	PROB	82	1.183216
PROB	3	PROB	86	3.808434
PROB	4	PROB	5	3.216666
PROB	4	PROB	6	0.699854
PROB	4	PROB	7	1.602004
PROB	4	PROB	8	1.902379
PROB	4	PROB	50	1.126872
PROB	4	PROB	55	1.351691
PROB	4	PROB	56	0.755929
PROB	4	PROB	57	4.931566
PROB	4	PROB	60	0.500626
PROB	4	PROB	82	2.380952
PROB	4	PROB	86	0.109109
PROB	5	PROB	6	3.434519
PROB	5	PROB	7	1.127243
PROB	5	PROB	8	2.167775
PROB	5	PROB	9	1.283378
PROB	5	PROB	10	0.109109
PROB	6	PROB	7	3.065697
PROB	6	PROB	8	0.490511
PROB	6	PROB	9	1.296407
PROB	6	PROB	10	1.543033
PROB	6	PROB	11	0.061314
PROB	7	PROB	8	3.052632
PROB	7	PROB	9	0.500773
PROB	7	PROB	10	1.125853
PROB	7	PROB	11	3.157895
PROB	7	PROB	12	0.061314
PROB	7	PROB	60	0.894737
PROB	7	PROB	63	0.157895
PROB	7	PROB	75	0.052632
PROB	7	PROB	78	2.058735
PROB	7	PROB	79	2.925051
PROB	7	PROB	81	0.066227
PROB	7	PROB	82	2.903632
PROB	8	PROB	9	2.114377
PROB	8	PROB	10	0.463586
PROB	8	PROB	11	2.684211
PROB	8	PROB	12	1.348907
PROB	8	PROB	13	0.061314
PROB	8	PROB	43	0.069171
PROB	8	PROB	46	4.360408
PROB	8	PROB	50	0.355409
PROB	8	PROB	55	1.157895
PROB	8	PROB	63	0.157895
PROB	9	PROB	10	2.940588
PROB	9	PROB	11	0.723339
PROB	9	PROB	12	3.176198
PROB	9	PROB	13	3.500300
PROB	9	PROB	14	0.064820
PROB	10	PROB	11	2.913971
PROB	10	PROB	12	0.848668
PROB	10	PROB	13	2.623157
PROB	10	PROB	14	1.234427
PROB	10	PROB	15	0.066227
PROB	10	PROB	78	1.820364
PROB	11	PROB	12	2.513871
PROB	11	PROB	13	0.674453
PROB	11	PROB	14	1.962046
PROB	11	PROB	15	2.000000
PROB	11	PROB	46	1.692864
PROB	11	PROB	63	0.315789
PROB	11	PROB	67	0.974679
PROB	11	PROB	75	3.473684
PROB	11	PROB	78	2.058735
PROB	11	PROB	79	0.917663
PROB	12	PROB	13	3.000000
PROB	12	PROB	14	0.928571
PROB	12	PROB	15	2.084674
PROB	12	PROB	41	0.214286
PROB	12	PROB	42	2.727412
PROB	12	PROB	43	2.256304
PROB	12	PROB	46	1.135467
PROB	13	PROB	14	2.928571
PROB	13	PROB	15	0.735767
PROB	14	PROB	15	3.310952
PROB	14	PROB	16	0.571429
PROB	14	PROB	19	0.077152
PROB	14	PROB	72	1.200198
PROB	14	PROB	74	0.771517
PROB	14	PROB	75	1.962046
PROB	14	PROB	78	0.907485
PROB	15	PROB	16	4.169348
PROB	15	PROB	17	0.052632
PROB	15	PROB	19	1.655665
PROB	15	PROB	20	1.894737
PROB	15	PROB	23	0.947368
PROB	15	PROB	42	0.606977
PROB	15	PROB	46	0.512989
PROB	15	PROB	67	0.153897
PROB	15	PROB	72	0.421464
PROB	15	PROB	75	1.842105
PROB	16	PROB	17	2.881755
PROB	16	PROB	18	0.897085
PROB	16	PROB	19	4.783404
PROB	16	PROB	20	0.858395
PROB	16	PROB	72	0.054554
PROB	17	PROB	18	2.547100
PROB	17	PROB	19	0.927173
PROB	17	PROB	20	2.105263
PROB	17	PROB	21	0.592349
PROB	17	PROB	40	1.655476
PROB	17	PROB	41	0.061314
PROB	18	PROB	19	2.832353
PROB	18	PROB	20	0.592349
PROB	18	PROB	21	1.200000
PROB	18	PROB	22	0.438357
PROB	19	PROB	20	2.582838
PROB	19	PROB	21	0.596285
PROB	19	PROB	22	1.260252
PROB	19	PROB	23	0.993399
PROB	19	PROB	72	1.296362
PROB	19	PROB	75	0.066227
PROB	20	PROB	21	2.606335
PROB	20	PROB	22	0.778981
PROB	20	PROB	23	2.526316
PROB	20	PROB	24	1.907552
PROB	20	PROB	25	0.069171
PROB	20	PROB	39	1.368421
PROB	20	PROB	40	1.532848
PROB	20	PROB	41	1.839418
PROB	20	PROB	42	1.387376
PROB	20	PROB	45	0.936586
PROB	21	PROB	22	2.630142
PROB	21	PROB	23	0.651584
PROB	21	PROB	24	2.091831
PROB	21	PROB	25	1.401298
PROB	21	PROB	26	0.081650
PROB	22	PROB	23	2.893357
PROB	22	PROB	24	0.672214
PROB	22	PROB	25	3.144471
PROB	22	PROB	26	3.144556
PROB	22	PROB	27	0.073127
PROB	22	PROB	69	0.389490
PROB	22	PROB	70	3.217599
PROB	23	PROB	24	2.005376
PROB	23	PROB	25	0.760886
PROB	23	PROB	26	1.886238
PROB	23	PROB	27	0.968400
PROB	23	PROB	45	3.418538
PROB	23	PROB	66	2.157895
PROB	23	PROB	67	1.744163
PROB	23	PROB	70	1.314257
PROB	23	PROB	72	0.046829
PROB	23	PROB	75	0.368421
PROB	24	PROB	25	2.314168
PROB	24	PROB	26	0.674200
PROB	24	PROB	27	1.349931
PROB	24	PROB	28	0.636364
PROB	24	PROB	36	1.478496
PROB	24	PROB	37	1.431253
PROB	24	PROB	38	0.165145
PROB	24	PROB	39	2.347757
PROB	24	PROB	40	0.056980
PROB	24	PROB	45	0.957427
PROB	25	PROB	26	4.195235
PROB	25	PROB	27	1.000000
PROB	25	PROB	28	1.928473
PROB	26	PROB	27	4.099889
PROB	26	PROB	28	0.674200
PROB	26	PROB	30	0.091287
PROB	26	PROB	66	2.901905
PROB	26	PROB	69	1.450953
PROB	26	PROB	70	0.762770
PROB	27	PROB	28	2.442733
PROB	27	PROB	29	0.700649
PROB	27	PROB	30	4.177864
PROB	27	PROB	31	1.590943
PROB	27	PROB	45	0.677003
PROB	27	PROB	48	0.067420
PROB	27	PROB	62	1.250108
PROB	27	PROB	66	2.421001
PROB	28	PROB	29	2.752409
PROB	28	PROB	30	0.553912
PROB	28	PROB	31	0.146735
PROB	28	PROB	36	0.128565
PROB	29	PROB	30	3.130495
PROB	29	PROB	31	0.533114
PROB	29	PROB	32	0.207020
PROB	30	PROB	31	3.708691
PROB	30	PROB	32	0.771517
PROB	30	PROB	54	0.553912
PROB	30	PROB	62	1.322876
PROB	30	PROB	66	0.066227
PROB	31	PROB	32	3.862778
PROB	31	PROB	33	1.314257
PROB	31	PROB	48	2.872739
PROB	31	PROB	49	1.052632
PROB	31	PROB	52	2.615150
PROB	31	PROB	54	1.711906
PROB	31	PROB	62	0.801002
PROB	32	PROB	33	3.062127
PROB	32	PROB	52	0.259281
PROB	33	PROB	34	3.970345
PROB	33	PROB	35	2.249885
PROB	33	PROB	36	2.909091
PROB	33	PROB	48	1.348400
PROB	33	PROB	52	0.365636
PROB	34	PROB	35	4.403855
PROB	34	PROB	36	0.544949
PROB	34	PROB	37	0.266667
PROB	35	PROB	36	2.249885
PROB	35	PROB	37	0.715626
PROB	35	PROB	38	2.807458
PROB	35	PROB	39	0.489116
PROB	36	PROB	37	3.814645
PROB	36	PROB	38	0.778499
PROB	36	PROB	39	2.213486
PROB	36	PROB	48	1.213560
PROB	37	PROB	38	3.533333
PROB	37	PROB	39	0.710819
PROB	38	PROB	39	2.310161
PROB	38	PROB	40	1.035098
PROB	39	PROB	40	2.575185
PROB	39	PROB	41	1.348907
PROB	39	PROB	44	3.699929
PROB	39	PROB	45	2.669270
PROB	39	PROB	48	2.462348
PROB	40	PROB	41	4.285714
PROB	40	PROB	44	0.169031
PROB	41	PROB	42	4.444671
PROB	41	PROB	43	2.336887
PROB	41	PROB	44	3.803194
PROB	41	PROB	45	0.600099
PROB	42	PROB	43	4.216541
PROB	42	PROB	44	1.792843
PROB	42	PROB	45	2.083095
PROB	42	PROB	46	1.943855
PROB	42	PROB	47	0.113961
PROB	43	PROB	44	3.909197
PROB	43	PROB	45	0.677003
PROB	43	PROB	46	2.022600
PROB	43	PROB	47	1.363636
PROB	43	PROB	48	0.067420
PROB	44	PROB	45	2.388340
PROB	44	PROB	46	0.777817
PROB	44	PROB	47	2.097618
PROB	44	PROB	48	0.989949
PROB	45	PROB	46	3.423266
PROB	45	PROB	47	0.615457
PROB	45	PROB	48	2.053960
PROB	45	PROB	49	3.512197
PROB	45	PROB	50	0.052705
PROB	45	PROB	62	0.044544
PROB	45	PROB	63	1.217562
PROB	45	PROB	66	1.498537
PROB	45	PROB	67	0.775940
PROB	46	PROB	47	3.033899
PROB	46	PROB	48	0.800000
PROB	46	PROB	49	2.667544
PROB	46	PROB	50	1.327906
PROB	46	PROB	51	0.067420
PROB	46	PROB	55	1.538968
PROB	46	PROB	63	0.666886
PROB	46	PROB	67	0.450000
PROB	47	PROB	48	2.764219
PROB	47	PROB	49	0.691714
PROB	47	PROB	50	2.646896
PROB	47	PROB	51	1.181818
PROB	48	PROB	49	3.385729
PROB	48	PROB	50	0.808290
PROB	48	PROB	51	1.752920
PROB	48	PROB	52	2.277770
PROB	49	PROB	50	2.606335
PROB	49	PROB	51	0.968400
PROB	49	PROB	52	1.224113
PROB	49	PROB	53	0.367884
PROB	49	PROB	54	2.934696
PROB	49	PROB	55	3.052632
PROB	49	PROB	62	1.501879
PROB	49	PROB	63	1.052632
PROB	49	PROB	66	0.105263
PROB	50	PROB	51	2.802596
PROB	50	PROB	52	0.688847
PROB	50	PROB	53	0.759072
PROB	50	PROB	54	0.165145
PROB	50	PROB	55	2.369396
PROB	50	PROB	56	0.149071
PROB	50	PROB	57	0.990867
PROB	51	PROB	52	4.168253
PROB	51	PROB	53	0.725241
PROB	52	PROB	53	2.722456
PROB	52	PROB	54	2.171768
PROB	53	PROB	54	2.564113
PROB	53	PROB	55	0.674453
PROB	54	PROB	55	2.298845
PROB	54	PROB	62	4.373276
PROB	54	PROB	63	0.097823
PROB	55	PROB	56	3.973597
PROB	55	PROB	59	0.858395
PROB	55	PROB	60	1.842105
PROB	55	PROB	62	0.150188
PROB	55	PROB	63	2.842105
PROB	56	PROB	57	3.692745
PROB	56	PROB	58	1.833333
PROB	56	PROB	59	3.780432
PROB	56	PROB	60	0.596040
PROB	57	PROB	58	2.338738
PROB	57	PROB	59	0.569803
PROB	57	PROB	60	0.244558
PROB	57	PROB	82	0.930484
PROB	57	PROB	87	0.635851
PROB	58	PROB	59	3.626129
PROB	58	PROB	60	1.059626
PROB	58	PROB	82	0.251976
PROB	58	PROB	87	2.450385
PROB	59	PROB	60	4.291975
PROB	59	PROB	61	2.498051
PROB	59	PROB	62	0.058321
PROB	59	PROB	87	0.122628
PROB	60	PROB	61	2.974372
PROB	60	PROB	62	0.500626
PROB	60	PROB	63	2.736842
PROB	60	PROB	64	1.480872
PROB	60	PROB	79	2.867697
PROB	60	PROB	82	2.352943
PROB	60	PROB	83	1.264391
PROB	60	PROB	87	1.368421
PROB	61	PROB	62	2.500216
PROB	61	PROB	63	0.830057
PROB	61	PROB	64	2.880446
PROB	61	PROB	65	2.486326
PROB	62	PROB	63	2.853569
PROB	62	PROB	64	0.619780
PROB	62	PROB	65	1.376066
PROB	62	PROB	66	3.404258
PROB	62	PROB	67	0.048795
PROB	63	PROB	64	2.843275
PROB	63	PROB	65	0.723339
PROB	63	PROB	66	1.684211
PROB	63	PROB	67	3.283131
PROB	63	PROB	68	0.059235
PROB	63	PROB	79	1.720618
PROB	64	PROB	65	2.630142
PROB	64	PROB	66	0.473879
PROB	64	PROB	67	1.327906
PROB	64	PROB	68	1.000000
PROB	64	PROB	76	2.487865
PROB	64	PROB	79	2.323790
PROB	64	PROB	80	0.258199
PROB	64	PROB	83	1.528434
PROB	65	PROB	66	2.114377
PROB	65	PROB	67	0.542326
PROB	65	PROB	68	2.066540
PROB	65	PROB	69	1.613603
PROB	65	PROB	70	0.073127
PROB	66	PROB	67	3.283131
PROB	66	PROB	68	0.710819
PROB	66	PROB	69	2.315789
PROB	66	PROB	70	2.282658
PROB	66	PROB	71	0.046829
PROB	67	PROB	68	1.962991
PROB	67	PROB	69	0.410391
PROB	67	PROB	70	2.157440
PROB	67	PROB	71	0.410792
PROB	67	PROB	72	1.734455
PROB	67	PROB	75	3.334430
PROB	67	PROB	76	1.025978
PROB	67	PROB	79	0.726722
PROB	68	PROB	69	2.902510
PROB	68	PROB	70	0.778499
PROB	68	PROB	71	0.948683
PROB	68	PROB	72	0.158114
PROB	68	PROB	76	0.177705
PROB	69	PROB	70	4.357801
PROB	69	PROB	71	1.873172
PROB	70	PROB	71	3.385016
PROB	70	PROB	72	1.230915
PROB	71	PROB	72	1.958333
PROB	71	PROB	73	0.872872
PROB	72	PROB	73	3.000496
PROB	72	PROB	74	2.887353
PROB	72	PROB	75	6.134637
PROB	72	PROB	76	0.702439
PROB	73	PROB	74	3.626129
PROB	73	PROB	75	0.490511
PROB	73	PROB	76	3.004383
PROB	73	PROB	77	1.285714
PROB	74	PROB	75	3.708691
PROB	74	PROB	76	0.728493
PROB	74	PROB	77	2.391702
PROB	74	PROB	78	0.560112
PROB	75	PROB	76	2.157895
PROB	75	PROB	77	0.674453
PROB	75	PROB	78	1.335396
PROB	75	PROB	79	0.802955
PROB	76	PROB	77	2.759127
PROB	76	PROB	78	0.778981
PROB	76	PROB	79	2.294157
PROB	76	PROB	80	2.351511
PROB	76	PROB	81	0.066227
PROB	77	PROB	78	2.981737
PROB	77	PROB	79	0.601338
PROB	77	PROB	80	2.071275
PROB	77	PROB	81	1.002972
PROB	78	PROB	79	2.425356
PROB	78	PROB	80	0.788241
PROB	78	PROB	81	1.750350
PROB	78	PROB	82	0.529256
PROB	79	PROB	80	3.375000
PROB	79	PROB	81	0.866025
PROB	79	PROB	82	1.636634
PROB	79	PROB	83	2.245366
PROB	79	PROB	84	0.066815
PROB	80	PROB	81	3.103258
PROB	80	PROB	82	0.763763
PROB	80	PROB	83	2.449490
PROB	80	PROB	84	2.271721
PROB	80	PROB	85	0.408248
PROB	81	PROB	82	2.456769
PROB	81	PROB	83	0.648181
PROB	81	PROB	84	1.697337
PROB	81	PROB	85	3.535534
PROB	81	PROB	86	0.288675
PROB	82	PROB	83	2.316264
PROB	82	PROB	84	0.524891
PROB	82	PROB	85	0.356348
PROB	82	PROB	86	4.418912
PROB	82	PROB	87	3.454321
PROB	83	PROB	84	2.236733
PROB	83	PROB	85	0.250000
PROB	83	PROB	86	0.306186
PROB	83	PROB	87	2.341465
PROB	83	PROB	89	0.136931
PROB	84	PROB	85	6.000992
PROB	84	PROB	86	0.467707
PROB	84	PROB	87	0.061314
PROB	84	PROB	89	1.075706
PROB	85	PROB	86	2.296397
PROB	85	PROB	87	0.187317
PROB	86	PROB	87	3.900067
PROB	86	PROB	88	0.266501
PROB	87	PROB	88	2.201022
PROB	87	PROB	89	0.410391
PROB	88	PROB	89	2.812715
