PROA	11	PROA	12	2.581989
PROA	11	PROA	13	0.788241
PROA	11	PROA	18	2.500000
PROA	11	PROA	20	1.948557
PROA	12	PROA	13	3.256366
PROA	12	PROA	14	0.129099
PROA	12	PROA	17	0.062622
PROA	12	PROA	18	0.516398
PROA	12	PROA	19	0.923760
PROA	12	PROA	20	1.192570
PROA	12	PROA	21	0.064550
PROA	12	PROA	28	0.177705
PROA	13	PROA	14	2.910428
PROA	13	PROA	15	0.247537
PROA	13	PROA	16	2.750095
PROA	13	PROA	17	2.294118
PROA	13	PROA	18	3.031695
PROA	13	PROA	19	0.650791
PROA	14	PROA	15	3.776297
PROA	14	PROA	16	1.511858
PROA	14	PROA	17	2.000919
PROA	14	PROA	18	0.125000
PROA	14	PROA	19	1.788854
PROA	14	PROA	28	2.007388
PROA	14	PROA	29	0.527645
PROA	14	PROA	30	0.763763
PROA	14	PROA	38	0.606339
PROA	14	PROA	40	0.753778
PROA	15	PROA	16	2.468854
PROA	15	PROA	17	1.386207
PROA	15	PROA	30	2.672612
PROA	15	PROA	38	0.099015
PROA	16	PROA	17	5.041842
PROA	16	PROA	18	0.377964
PROA	17	PROA	18	2.971061
PROA	17	PROA	19	0.488094
PROA	17	PROA	38	1.352941
PROA	17	PROA	55	0.103418
PROA	18	PROA	19	3.018692
PROA	18	PROA	20	2.092895
PROA	18	PROA	55	2.345208
PROA	18	PROA	102	0.545545
PROA	19	PROA	20	2.388340
PROA	19	PROA	21	2.906888
PROA	19	PROA	22	0.084515
PROA	19	PROA	28	2.257152
PROA	19	PROA	38	1.843909
PROA	19	PROA	39	0.335410
PROA	19	PROA	40	1.685500
PROA	19	PROA	53	1.949359
PROA	19	PROA	54	0.238366
PROA	19	PROA	55	2.574349
PROA	19	PROA	102	2.439750
PROA	20	PROA	21	3.031089
PROA	20	PROA	22	0.654654
PROA	20	PROA	55	0.061546
PROA	20	PROA	102	2.330781
PROA	21	PROA	22	4.441083
PROA	21	PROA	23	0.133631
PROA	21	PROA	24	0.051031
PROA	21	PROA	25	2.182179
PROA	21	PROA	28	1.892680
PROA	21	PROA	53	2.695635
PROA	21	PROA	90	1.892680
PROA	21	PROA	102	2.782278
PROA	21	PROA	104	0.250000
PROA	22	PROA	23	5.454824
PROA	22	PROA	24	0.848668
PROA	22	PROA	25	1.484615
PROA	22	PROA	26	0.101015
PROA	22	PROA	90	0.086711
PROA	23	PROA	24	2.509506
PROA	23	PROA	25	0.524891
PROA	23	PROA	26	0.500000
PROA	23	PROA	45	0.214286
PROA	24	PROA	25	5.033420
PROA	24	PROA	26	0.327327
PROA	24	PROA	43	0.044544
PROA	24	PROA	44	2.887353
PROA	24	PROA	45	2.509506
PROA	24	PROA	46	5.664445
PROA	24	PROA	47	1.691189
PROA	24	PROA	88	0.117851
PROA	25	PROA	26	2.916059
PROA	25	PROA	28	0.851064
PROA	25	PROA	42	1.587151
PROA	25	PROA	43	0.714286
PROA	25	PROA	44	2.519763
PROA	25	PROA	45	0.933139
PROA	25	PROA	51	1.636634
PROA	25	PROA	53	2.002505
PROA	25	PROA	88	1.133893
PROA	25	PROA	90	1.101378
PROA	25	PROA	104	2.454951
PROA	26	PROA	27	5.071429
PROA	26	PROA	28	1.778104
PROA	26	PROA	42	1.183216
PROA	26	PROA	43	2.216205
PROA	26	PROA	44	0.154303
PROA	26	PROA	45	3.142857
PROA	27	PROA	28	3.127011
PROA	27	PROA	29	0.725241
PROA	27	PROA	41	0.241747
PROA	27	PROA	42	0.929670
PROA	27	PROA	43	1.749636
PROA	27	PROA	45	0.071429
PROA	27	PROA	50	0.436436
PROA	28	PROA	29	2.628515
PROA	28	PROA	30	0.150188
PROA	28	PROA	40	0.830057
PROA	28	PROA	41	0.691714
PROA	28	PROA	42	2.901905
PROA	28	PROA	43	0.050063
PROA	28	PROA	53	0.473684
PROA	29	PROA	30	2.566012
PROA	29	PROA	31	1.106743
PROA	29	PROA	39	0.075378
PROA	29	PROA	40	2.545455
PROA	29	PROA	41	3.636364
PROA	29	PROA	42	0.476731
PROA	30	PROA	31	2.653319
PROA	30	PROA	32	3.958973
PROA	30	PROA	33	1.577621
PROA	30	PROA	38	1.799471
PROA	30	PROA	39	0.327327
PROA	30	PROA	40	1.381699
PROA	30	PROA	41	0.131590
PROA	31	PROA	32	3.641862
PROA	31	PROA	39	2.752989
PROA	31	PROA	40	3.251058
PROA	31	PROA	41	2.559344
PROA	31	PROA	52	0.435286
PROA	31	PROA	107	0.894737
PROA	31	PROA	108	0.055641
PROA	32	PROA	33	4.001190
PROA	32	PROA	38	0.825029
PROA	32	PROA	39	2.645751
PROA	33	PROA	34	3.806010
PROA	33	PROA	37	1.268670
PROA	33	PROA	38	2.943254
PROA	33	PROA	39	1.807392
PROA	34	PROA	35	4.063777
PROA	34	PROA	36	0.907265
PROA	34	PROA	37	2.857143
PROA	34	PROA	38	0.550019
PROA	34	PROA	39	2.173296
PROA	35	PROA	36	5.520524
PROA	35	PROA	37	0.836660
PROA	35	PROA	167	0.091287
PROA	36	PROA	37	3.051709
PROA	36	PROA	55	0.232621
PROA	36	PROA	56	3.754696
PROA	36	PROA	57	2.302831
PROA	36	PROA	58	0.816497
PROA	36	PROA	64	2.095238
PROA	36	PROA	67	1.247219
PROA	36	PROA	68	2.799417
PROA	36	PROA	71	0.225374
PROA	36	PROA	169	0.659829
PROA	37	PROA	38	3.208445
PROA	37	PROA	39	0.661438
PROA	37	PROA	55	1.933975
PROA	37	PROA	56	0.520266
PROA	37	PROA	57	0.569803
PROA	38	PROA	39	3.031695
PROA	38	PROA	40	0.731272
PROA	38	PROA	53	0.055641
PROA	38	PROA	54	0.258544
PROA	38	PROA	55	2.016642
PROA	39	PROA	40	3.995025
PROA	39	PROA	52	0.316228
PROA	39	PROA	53	0.573539
PROA	39	PROA	54	3.624412
PROA	39	PROA	55	0.373101
PROA	40	PROA	41	4.636364
PROA	40	PROA	42	0.381385
PROA	40	PROA	51	0.075378
PROA	40	PROA	52	0.953463
PROA	40	PROA	53	2.144315
PROA	40	PROA	54	0.321412
PROA	40	PROA	107	0.069171
PROA	41	PROA	42	4.767313
PROA	41	PROA	50	0.307729
PROA	41	PROA	51	1.206045
PROA	41	PROA	52	1.430194
PROA	41	PROA	53	0.415029
PROA	41	PROA	107	2.213486
PROA	42	PROA	43	2.967282
PROA	42	PROA	44	0.365148
PROA	42	PROA	49	0.079057
PROA	42	PROA	50	1.290994
PROA	42	PROA	51	3.873790
PROA	42	PROA	52	0.300000
PROA	42	PROA	53	2.103881
PROA	42	PROA	107	0.072548
PROA	43	PROA	44	3.842639
PROA	43	PROA	45	3.032702
PROA	43	PROA	48	2.977549
PROA	43	PROA	49	1.527525
PROA	43	PROA	50	2.583525
PROA	43	PROA	51	0.436436
PROA	44	PROA	45	3.626129
PROA	44	PROA	46	1.804220
PROA	44	PROA	47	3.240370
PROA	44	PROA	48	1.723281
PROA	44	PROA	49	3.247595
PROA	44	PROA	50	0.294628
PROA	44	PROA	51	2.020726
PROA	45	PROA	46	3.006689
PROA	45	PROA	47	0.500000
PROA	45	PROA	48	1.766389
PROA	46	PROA	47	3.541211
PROA	46	PROA	48	0.959403
PROA	47	PROA	48	2.905995
PROA	47	PROA	49	2.873058
PROA	48	PROA	49	2.398508
PROA	49	PROA	50	3.623204
PROA	49	PROA	51	0.937500
PROA	50	PROA	51	2.653614
PROA	50	PROA	107	1.732684
PROA	51	PROA	52	4.269075
PROA	51	PROA	53	2.007388
PROA	51	PROA	87	0.601338
PROA	51	PROA	104	2.187500
PROA	51	PROA	105	0.909509
PROA	51	PROA	106	0.649519
PROA	51	PROA	107	1.376494
PROA	52	PROA	53	3.482286
PROA	52	PROA	54	0.606780
PROA	52	PROA	103	0.072548
PROA	52	PROA	104	0.948683
PROA	52	PROA	105	2.914467
PROA	52	PROA	106	1.369306
PROA	52	PROA	107	4.207762
PROA	52	PROA	108	0.383482
PROA	53	PROA	54	2.739050
PROA	53	PROA	55	0.293470
PROA	53	PROA	90	0.105263
PROA	53	PROA	102	1.151440
PROA	53	PROA	103	1.052632
PROA	53	PROA	104	4.244191
PROA	53	PROA	105	0.278207
PROA	54	PROA	55	1.727273
PROA	54	PROA	56	1.369525
PROA	54	PROA	75	0.097823
PROA	54	PROA	84	0.097823
PROA	54	PROA	101	0.053300
PROA	54	PROA	102	0.372194
PROA	54	PROA	103	2.739050
PROA	54	PROA	104	0.213201
PROA	54	PROA	105	1.706389
PROA	54	PROA	166	0.514259
PROA	54	PROA	167	0.184637
PROA	55	PROA	56	2.836873
PROA	55	PROA	57	1.092801
PROA	55	PROA	100	1.723281
PROA	55	PROA	101	0.319801
PROA	55	PROA	102	3.908034
PROA	55	PROA	103	0.097823
PROA	56	PROA	57	3.596915
PROA	56	PROA	58	2.329929
PROA	56	PROA	68	1.042337
PROA	56	PROA	100	0.596040
PROA	56	PROA	101	3.383882
PROA	56	PROA	102	0.250313
PROA	56	PROA	103	1.473684
PROA	57	PROA	58	4.754355
PROA	57	PROA	59	0.539360
PROA	57	PROA	60	0.389249
PROA	57	PROA	64	0.065795
PROA	57	PROA	99	0.064282
PROA	57	PROA	100	2.959320
PROA	57	PROA	101	0.301511
PROA	58	PROA	59	5.916382
PROA	58	PROA	60	1.173111
PROA	58	PROA	61	0.713024
PROA	58	PROA	64	2.449490
PROA	58	PROA	65	1.369899
PROA	58	PROA	68	2.214286
PROA	58	PROA	99	0.113961
PROA	58	PROA	100	0.231455
PROA	58	PROA	101	0.334077
PROA	58	PROA	347	0.245256
PROA	59	PROA	60	2.136196
PROA	59	PROA	61	0.759257
PROA	59	PROA	65	0.876460
PROA	59	PROA	98	1.464281
PROA	59	PROA	99	0.810443
PROA	59	PROA	100	0.258199
PROA	59	PROA	101	0.726722
PROA	59	PROA	340	1.525540
PROA	59	PROA	343	0.102598
PROA	59	PROA	344	2.717368
PROA	59	PROA	347	1.846761
PROA	60	PROA	61	5.135039
PROA	60	PROA	62	0.187867
PROA	60	PROA	64	1.183216
PROA	61	PROA	62	2.529412
PROA	61	PROA	63	2.009432
PROA	61	PROA	64	4.128198
PROA	61	PROA	65	1.023781
PROA	61	PROA	340	0.051709
PROA	62	PROA	63	2.722456
PROA	62	PROA	64	0.370479
PROA	62	PROA	65	2.486326
PROA	62	PROA	66	2.058824
PROA	62	PROA	336	0.210042
PROA	62	PROA	338	0.612056
PROA	62	PROA	339	0.518563
PROA	62	PROA	340	2.430312
PROA	62	PROA	343	0.834622
PROA	63	PROA	64	3.615913
PROA	63	PROA	65	1.289317
PROA	63	PROA	66	2.592815
PROA	63	PROA	67	2.836833
PROA	63	PROA	68	0.071429
PROA	64	PROA	65	3.092373
PROA	64	PROA	66	0.635107
PROA	64	PROA	67	2.494438
PROA	64	PROA	68	1.866278
PROA	64	PROA	69	0.050063
PROA	65	PROA	66	3.071344
PROA	65	PROA	67	0.553912
PROA	65	PROA	68	2.014557
PROA	65	PROA	69	0.899229
PROA	65	PROA	70	0.061546
PROA	65	PROA	335	0.069171
PROA	65	PROA	340	0.514259
PROA	65	PROA	343	2.905201
PROA	65	PROA	347	1.729286
PROA	66	PROA	67	2.326847
PROA	66	PROA	68	0.842665
PROA	66	PROA	69	1.168471
PROA	66	PROA	70	2.970443
PROA	66	PROA	71	0.062622
PROA	66	PROA	335	3.282848
PROA	66	PROA	336	1.750350
PROA	66	PROA	343	2.114377
PROA	67	PROA	68	2.454951
PROA	67	PROA	69	0.327805
PROA	67	PROA	70	1.708333
PROA	67	PROA	71	0.737865
PROA	67	PROA	72	0.046829
PROA	67	PROA	168	0.045644
PROA	67	PROA	169	2.468854
PROA	67	PROA	170	1.732684
PROA	68	PROA	69	2.207302
PROA	68	PROA	70	0.763763
PROA	68	PROA	71	1.449138
PROA	68	PROA	72	1.655476
PROA	68	PROA	73	0.056980
PROA	68	PROA	169	0.202031
PROA	68	PROA	347	0.367884
PROA	69	PROA	70	2.200977
PROA	69	PROA	71	0.473879
PROA	69	PROA	72	2.789474
PROA	69	PROA	73	3.570547
PROA	69	PROA	74	0.052632
PROA	69	PROA	335	2.421053
PROA	69	PROA	343	0.947368
PROA	69	PROA	346	2.105263
PROA	69	PROA	347	2.315789
PROA	69	PROA	350	1.480872
PROA	70	PROA	71	2.424413
PROA	70	PROA	72	0.327805
PROA	70	PROA	73	0.957427
PROA	70	PROA	74	1.170732
PROA	70	PROA	168	0.091287
PROA	70	PROA	169	0.077152
PROA	70	PROA	171	0.258199
PROA	70	PROA	172	2.833333
PROA	70	PROA	331	3.605840
PROA	70	PROA	334	0.052705
PROA	70	PROA	335	2.528782
PROA	70	PROA	336	0.589256
PROA	71	PROA	72	3.198684
PROA	71	PROA	73	0.825723
PROA	71	PROA	74	1.717812
PROA	71	PROA	75	2.843275
PROA	71	PROA	76	0.059235
PROA	71	PROA	167	0.894427
PROA	71	PROA	168	3.810512
PROA	71	PROA	169	3.415650
PROA	71	PROA	171	0.081650
PROA	72	PROA	73	2.836873
PROA	72	PROA	74	0.578947
PROA	72	PROA	75	1.842105
PROA	72	PROA	76	0.842105
PROA	72	PROA	86	1.263158
PROA	72	PROA	89	0.631579
PROA	72	PROA	103	1.000000
PROA	72	PROA	347	0.684211
PROA	72	PROA	350	2.132456
PROA	72	PROA	351	0.735767
PROA	73	PROA	74	2.103199
PROA	73	PROA	75	0.586939
PROA	73	PROA	76	1.467348
PROA	73	PROA	77	0.435194
PROA	73	PROA	78	0.047673
PROA	73	PROA	329	0.429058
PROA	73	PROA	331	1.096482
PROA	73	PROA	332	2.708013
PROA	73	PROA	350	3.082699
PROA	74	PROA	75	2.526316
PROA	74	PROA	76	0.684211
PROA	74	PROA	77	0.796098
PROA	74	PROA	78	2.359750
PROA	74	PROA	79	0.093659
PROA	74	PROA	83	0.105263
PROA	74	PROA	140	0.157895
PROA	74	PROA	145	1.892680
PROA	74	PROA	168	3.077935
PROA	74	PROA	171	1.450953
PROA	74	PROA	172	0.046829
PROA	74	PROA	329	1.179875
PROA	74	PROA	331	1.385071
PROA	75	PROA	76	2.105263
PROA	75	PROA	77	0.374634
PROA	75	PROA	78	0.718185
PROA	75	PROA	79	1.264391
PROA	75	PROA	83	1.157895
PROA	75	PROA	84	1.052632
PROA	75	PROA	85	0.173422
PROA	75	PROA	86	1.789474
PROA	75	PROA	103	0.105263
PROA	75	PROA	105	0.667698
PROA	75	PROA	166	0.345857
PROA	75	PROA	167	0.264906
PROA	75	PROA	168	1.282473
PROA	76	PROA	77	2.669270
PROA	76	PROA	78	0.410391
PROA	76	PROA	79	0.842927
PROA	76	PROA	86	1.105263
PROA	76	PROA	350	0.355409
PROA	76	PROA	354	0.872082
PROA	77	PROA	78	4.701285
PROA	77	PROA	79	0.458333
PROA	77	PROA	139	1.069045
PROA	77	PROA	324	0.655610
PROA	77	PROA	325	0.710047
PROA	77	PROA	326	2.055480
PROA	77	PROA	329	1.049802
PROA	78	PROA	79	2.053960
PROA	78	PROA	80	1.084652
PROA	78	PROA	83	1.846761
PROA	78	PROA	139	2.830110
PROA	78	PROA	140	1.949359
PROA	78	PROA	143	1.838478
PROA	78	PROA	145	1.229837
PROA	78	PROA	324	0.051299
PROA	78	PROA	325	0.707107
PROA	78	PROA	329	1.350000
PROA	79	PROA	80	4.307142
PROA	79	PROA	83	2.435123
PROA	79	PROA	84	0.702439
PROA	79	PROA	85	4.706252
PROA	79	PROA	86	0.327805
PROA	79	PROA	87	0.054554
PROA	79	PROA	106	0.058926
PROA	79	PROA	139	0.178174
PROA	80	PROA	81	3.819968
PROA	80	PROA	82	2.981737
PROA	80	PROA	83	5.063375
PROA	80	PROA	84	0.055641
PROA	80	PROA	135	0.148522
PROA	80	PROA	136	1.008368
PROA	80	PROA	139	1.746545
PROA	80	PROA	140	0.055641
PROA	80	PROA	164	0.103418
PROA	80	PROA	323	0.064820
PROA	81	PROA	82	3.795361
PROA	81	PROA	83	0.473879
PROA	81	PROA	135	1.106797
PROA	81	PROA	163	0.059235
PROA	81	PROA	164	1.486301
PROA	82	PROA	83	2.697813
PROA	82	PROA	84	0.183942
PROA	82	PROA	132	3.629941
PROA	82	PROA	135	0.436436
PROA	82	PROA	136	1.616244
PROA	82	PROA	162	0.154303
PROA	82	PROA	163	1.778104
PROA	82	PROA	164	2.792034
PROA	82	PROA	165	1.532848
PROA	83	PROA	84	3.421053
PROA	83	PROA	85	0.520266
PROA	83	PROA	136	0.606977
PROA	83	PROA	139	0.350438
PROA	83	PROA	140	1.263158
PROA	83	PROA	164	1.076055
PROA	83	PROA	165	2.947368
PROA	83	PROA	166	0.069171
PROA	83	PROA	168	1.333772
PROA	84	PROA	85	4.682394
PROA	84	PROA	86	0.052632
PROA	84	PROA	105	3.338489
PROA	84	PROA	106	1.986799
PROA	84	PROA	108	0.556415
PROA	84	PROA	156	0.263158
PROA	84	PROA	164	3.423812
PROA	84	PROA	165	0.526316
PROA	84	PROA	166	1.729286
PROA	85	PROA	86	3.034885
PROA	85	PROA	87	0.606092
PROA	85	PROA	104	0.094491
PROA	85	PROA	105	2.200076
PROA	85	PROA	106	0.109109
PROA	86	PROA	87	2.697813
PROA	86	PROA	88	1.655665
PROA	86	PROA	89	2.473684
PROA	86	PROA	103	2.315789
PROA	86	PROA	104	0.458831
PROA	86	PROA	105	1.224113
PROA	86	PROA	354	2.308451
PROA	87	PROA	88	3.934735
PROA	87	PROA	103	0.061314
PROA	87	PROA	104	3.073504
PROA	87	PROA	105	2.139072
PROA	87	PROA	106	2.314550
PROA	87	PROA	354	0.119523
PROA	88	PROA	89	3.642464
PROA	88	PROA	90	1.854345
PROA	88	PROA	102	0.062994
PROA	88	PROA	103	0.596040
PROA	88	PROA	104	4.763140
PROA	88	PROA	354	0.839146
PROA	89	PROA	90	3.631579
PROA	89	PROA	91	0.796098
PROA	89	PROA	101	1.147079
PROA	89	PROA	102	1.001252
PROA	89	PROA	103	4.473684
PROA	89	PROA	104	0.630893
PROA	89	PROA	351	2.881755
PROA	89	PROA	354	4.052614
PROA	89	PROA	355	1.001547
PROA	90	PROA	91	2.997075
PROA	90	PROA	101	0.573539
PROA	90	PROA	102	2.553193
PROA	90	PROA	103	0.263158
PROA	90	PROA	104	1.147079
PROA	90	PROA	355	0.445132
PROA	91	PROA	92	4.260282
PROA	91	PROA	93	1.145644
PROA	91	PROA	94	0.436436
PROA	91	PROA	98	0.891133
PROA	91	PROA	100	0.235702
PROA	91	PROA	101	1.684024
PROA	91	PROA	102	0.311805
PROA	91	PROA	348	4.244850
PROA	91	PROA	349	0.105409
PROA	91	PROA	351	2.782278
PROA	91	PROA	352	1.678293
PROA	91	PROA	355	3.812068
PROA	92	PROA	93	4.732864
PROA	92	PROA	94	2.789009
PROA	92	PROA	97	2.070805
PROA	92	PROA	98	1.533930
PROA	92	PROA	99	0.202260
PROA	92	PROA	100	0.091287
PROA	92	PROA	348	0.282843
PROA	93	PROA	94	4.857143
PROA	93	PROA	97	0.064820
PROA	93	PROA	348	0.478091
PROA	93	PROA	355	0.064820
PROA	94	PROA	95	2.881755
PROA	94	PROA	96	1.725164
PROA	94	PROA	97	3.176198
PROA	94	PROA	98	0.583383
PROA	94	PROA	348	1.553797
PROA	95	PROA	96	4.087207
PROA	95	PROA	97	0.667698
PROA	95	PROA	98	2.726433
PROA	95	PROA	344	1.956464
PROA	95	PROA	345	1.480872
PROA	95	PROA	348	3.437027
PROA	96	PROA	97	3.632101
PROA	96	PROA	98	0.814092
PROA	97	PROA	98	2.117647
PROA	97	PROA	99	0.879049
PROA	98	PROA	99	2.688856
PROA	98	PROA	101	1.273312
PROA	98	PROA	344	2.068351
PROA	98	PROA	347	1.557962
PROA	98	PROA	348	2.169305
PROA	98	PROA	351	0.453743
PROA	99	PROA	100	3.200379
PROA	99	PROA	101	0.266501
PROA	100	PROA	101	3.391933
PROA	100	PROA	102	1.448864
PROA	101	PROA	102	3.546041
PROA	101	PROA	103	0.917663
PROA	101	PROA	347	0.344124
PROA	101	PROA	351	0.668153
PROA	102	PROA	103	1.952442
PROA	102	PROA	104	0.436436
PROA	103	PROA	104	3.269174
PROA	103	PROA	105	1.502320
PROA	104	PROA	105	3.819936
PROA	105	PROA	106	3.360672
PROA	105	PROA	107	0.222566
PROA	106	PROA	107	2.649065
PROA	106	PROA	108	0.560112
PROA	107	PROA	108	3.783621
PROA	107	PROA	109	0.947758
PROA	108	PROA	109	2.692764
PROA	108	PROA	110	0.583383
PROA	108	PROA	156	1.335396
PROA	108	PROA	157	1.502320
PROA	108	PROA	158	2.592815
PROA	108	PROA	162	1.330266
PROA	108	PROA	163	0.222566
PROA	108	PROA	164	2.482021
PROA	109	PROA	110	2.829269
PROA	109	PROA	157	0.592349
PROA	109	PROA	158	2.691256
PROA	109	PROA	159	2.001190
PROA	109	PROA	160	0.069007
PROA	110	PROA	111	5.323466
PROA	110	PROA	112	0.183942
PROA	110	PROA	114	1.481487
PROA	110	PROA	115	1.532848
PROA	110	PROA	156	0.551825
PROA	110	PROA	157	3.740150
PROA	110	PROA	158	0.285714
PROA	111	PROA	112	2.913971
PROA	111	PROA	113	2.267787
PROA	111	PROA	114	3.815836
PROA	111	PROA	115	0.927173
PROA	111	PROA	152	0.540062
PROA	111	PROA	153	1.914854
PROA	111	PROA	154	0.077152
PROA	111	PROA	155	1.059626
PROA	111	PROA	156	2.582838
PROA	111	PROA	157	1.390759
PROA	112	PROA	113	2.152693
PROA	112	PROA	114	0.489116
PROA	112	PROA	115	2.526316
PROA	112	PROA	116	3.421053
PROA	112	PROA	117	0.048912
PROA	112	PROA	121	0.157895
PROA	112	PROA	129	1.436370
PROA	112	PROA	133	0.421053
PROA	112	PROA	152	3.188325
PROA	112	PROA	153	0.069171
PROA	112	PROA	155	3.578947
PROA	112	PROA	156	0.210526
PROA	112	PROA	157	3.000000
PROA	112	PROA	163	0.894737
PROA	112	PROA	217	0.473684
PROA	112	PROA	221	1.168471
PROA	113	PROA	114	3.349743
PROA	113	PROA	115	0.600751
PROA	113	PROA	116	1.101378
PROA	113	PROA	117	3.256695
PROA	113	PROA	152	2.566132
PROA	113	PROA	153	1.973855
PROA	113	PROA	155	0.050063
PROA	114	PROA	115	1.858641
PROA	114	PROA	116	0.538028
PROA	114	PROA	117	1.590909
PROA	114	PROA	118	0.968665
PROA	114	PROA	119	0.051709
PROA	115	PROA	116	2.473684
PROA	115	PROA	117	0.440204
PROA	115	PROA	118	1.471534
PROA	115	PROA	119	2.893357
PROA	115	PROA	121	2.000000
PROA	115	PROA	129	0.872082
PROA	115	PROA	157	2.210526
PROA	116	PROA	117	1.907552
PROA	116	PROA	118	0.919709
PROA	116	PROA	119	1.112830
PROA	116	PROA	120	0.055641
PROA	116	PROA	121	1.421053
PROA	116	PROA	152	0.981023
PROA	116	PROA	217	0.157895
PROA	116	PROA	220	1.658577
PROA	116	PROA	221	2.392584
PROA	116	PROA	224	2.391243
PROA	117	PROA	118	2.905995
PROA	117	PROA	119	0.361961
PROA	118	PROA	119	4.148504
PROA	118	PROA	120	0.259281
PROA	119	PROA	120	2.764706
PROA	119	PROA	121	1.724886
PROA	119	PROA	224	0.583383
PROA	120	PROA	121	3.282848
PROA	120	PROA	122	0.292509
PROA	120	PROA	224	1.750150
PROA	121	PROA	122	3.458572
PROA	121	PROA	123	0.306570
PROA	121	PROA	125	0.834622
PROA	121	PROA	126	3.421053
PROA	121	PROA	129	0.974679
PROA	121	PROA	221	1.446679
PROA	121	PROA	224	0.183942
PROA	122	PROA	123	3.142710
PROA	122	PROA	124	1.914854
PROA	122	PROA	125	3.217599
PROA	122	PROA	126	1.867629
PROA	122	PROA	127	0.090909
PROA	123	PROA	124	3.703280
PROA	123	PROA	125	0.777844
PROA	123	PROA	126	2.759127
PROA	123	PROA	127	1.531064
PROA	123	PROA	128	0.058321
PROA	123	PROA	222	0.122628
PROA	123	PROA	283	0.540062
PROA	123	PROA	286	0.084515
PROA	123	PROA	312	1.458030
PROA	124	PROA	125	3.080616
PROA	124	PROA	126	0.662266
PROA	124	PROA	127	2.001893
PROA	124	PROA	128	0.755929
PROA	124	PROA	129	0.064550
PROA	124	PROA	316	1.322876
PROA	125	PROA	126	2.392584
PROA	125	PROA	127	1.023781
PROA	125	PROA	128	1.111438
PROA	125	PROA	129	2.223537
PROA	125	PROA	130	0.055641
PROA	125	PROA	161	1.608799
PROA	126	PROA	127	3.320229
PROA	126	PROA	128	0.450564
PROA	126	PROA	129	1.590266
PROA	126	PROA	130	1.000000
PROA	126	PROA	131	0.050063
PROA	126	PROA	218	0.894737
PROA	126	PROA	221	3.449772
PROA	126	PROA	222	2.578947
PROA	126	PROA	312	0.851064
PROA	127	PROA	128	2.434421
PROA	127	PROA	129	0.674200
PROA	127	PROA	130	1.521772
PROA	127	PROA	131	0.921132
PROA	127	PROA	132	0.073127
PROA	127	PROA	312	3.750325
PROA	127	PROA	313	2.144315
PROA	127	PROA	316	1.513289
PROA	128	PROA	129	1.951800
PROA	128	PROA	130	0.500626
PROA	128	PROA	131	2.571429
PROA	128	PROA	132	4.445751
PROA	128	PROA	133	0.050063
PROA	128	PROA	160	0.291606
PROA	128	PROA	161	2.237036
PROA	128	PROA	162	1.637846
PROA	128	PROA	316	3.000000
PROA	129	PROA	130	2.154555
PROA	129	PROA	131	0.829515
PROA	129	PROA	132	2.440468
PROA	129	PROA	133	2.103256
PROA	129	PROA	134	0.051299
PROA	129	PROA	157	2.257152
PROA	129	PROA	158	0.059761
PROA	129	PROA	161	2.764219
PROA	129	PROA	162	0.258199
PROA	129	PROA	163	3.642223
PROA	129	PROA	221	0.271163
PROA	130	PROA	131	2.152693
PROA	130	PROA	132	0.778981
PROA	130	PROA	133	4.157895
PROA	130	PROA	134	3.315789
PROA	130	PROA	135	0.046829
PROA	130	PROA	214	1.147079
PROA	130	PROA	218	2.473684
PROA	130	PROA	221	1.724886
PROA	130	PROA	289	0.789474
PROA	130	PROA	293	1.001547
PROA	130	PROA	312	1.401753
PROA	130	PROA	313	1.789474
PROA	131	PROA	132	3.281388
PROA	131	PROA	133	0.500626
PROA	131	PROA	134	1.001252
PROA	131	PROA	135	2.049003
PROA	131	PROA	136	0.082479
PROA	131	PROA	308	1.852317
PROA	131	PROA	313	2.903632
PROA	131	PROA	316	2.952381
PROA	131	PROA	317	1.714286
PROA	131	PROA	318	0.629941
PROA	132	PROA	133	2.170018
PROA	132	PROA	134	0.667698
PROA	132	PROA	135	0.990148
PROA	132	PROA	136	0.916698
PROA	132	PROA	137	0.055641
PROA	132	PROA	161	0.804400
PROA	132	PROA	162	1.540308
PROA	132	PROA	163	4.340036
PROA	132	PROA	165	0.111283
PROA	133	PROA	134	3.000000
PROA	133	PROA	135	0.327805
PROA	133	PROA	136	1.040532
PROA	133	PROA	137	1.052632
PROA	133	PROA	150	0.210526
PROA	133	PROA	155	2.263158
PROA	133	PROA	163	3.157895
PROA	133	PROA	165	0.684211
PROA	133	PROA	214	1.777972
PROA	133	PROA	217	0.315789
PROA	133	PROA	221	0.778981
PROA	134	PROA	135	1.639025
PROA	134	PROA	136	0.953821
PROA	134	PROA	137	2.210526
PROA	134	PROA	138	0.635851
PROA	134	PROA	211	0.947368
PROA	134	PROA	214	1.147079
PROA	134	PROA	289	0.368421
PROA	134	PROA	293	1.001547
PROA	134	PROA	304	2.294157
PROA	134	PROA	307	3.337191
PROA	134	PROA	308	2.578947
PROA	134	PROA	313	1.368421
PROA	135	PROA	136	3.008915
PROA	135	PROA	137	0.280976
PROA	135	PROA	138	1.262063
PROA	135	PROA	139	0.267261
PROA	135	PROA	308	2.762928
PROA	135	PROA	320	0.061546
PROA	135	PROA	321	0.117851
PROA	135	PROA	323	0.054554
PROA	136	PROA	137	2.688041
PROA	136	PROA	138	0.886405
PROA	136	PROA	139	1.484615
PROA	136	PROA	140	1.300665
PROA	136	PROA	141	0.091670
PROA	136	PROA	165	1.560798
PROA	137	PROA	138	2.152110
PROA	137	PROA	139	0.400501
PROA	137	PROA	140	3.000000
PROA	137	PROA	141	1.446679
PROA	137	PROA	142	0.069171
PROA	137	PROA	147	0.055641
PROA	137	PROA	150	0.736842
PROA	137	PROA	165	1.000000
PROA	137	PROA	210	2.847745
PROA	137	PROA	211	1.157895
PROA	137	PROA	214	0.975017
PROA	137	PROA	304	1.892680
PROA	138	PROA	139	3.070598
PROA	138	PROA	140	0.684762
PROA	138	PROA	141	1.861516
PROA	138	PROA	142	2.314168
PROA	138	PROA	143	0.067420
PROA	138	PROA	304	2.824909
PROA	138	PROA	305	1.761542
PROA	138	PROA	308	0.733674
PROA	138	PROA	322	2.477168
PROA	138	PROA	323	0.683763
PROA	139	PROA	140	3.103882
PROA	139	PROA	141	0.529256
PROA	139	PROA	142	1.513289
PROA	139	PROA	143	0.897085
PROA	139	PROA	323	2.391169
PROA	139	PROA	324	0.801002
PROA	139	PROA	325	2.829269
PROA	140	PROA	141	2.615150
PROA	140	PROA	142	0.830057
PROA	140	PROA	143	1.958786
PROA	140	PROA	144	0.429198
PROA	140	PROA	145	3.211820
PROA	140	PROA	146	0.105263
PROA	140	PROA	147	0.612056
PROA	140	PROA	165	0.421053
PROA	140	PROA	168	1.538968
PROA	141	PROA	142	4.241380
PROA	141	PROA	143	1.150447
PROA	141	PROA	144	1.231587
PROA	141	PROA	145	0.666973
PROA	141	PROA	146	0.333849
PROA	141	PROA	207	2.533730
PROA	141	PROA	208	0.365636
PROA	141	PROA	210	0.070014
PROA	141	PROA	304	2.485990
PROA	142	PROA	143	3.718504
PROA	142	PROA	144	1.128152
PROA	142	PROA	207	0.064282
PROA	142	PROA	325	2.383656
PROA	142	PROA	326	0.077850
PROA	143	PROA	144	3.972225
PROA	143	PROA	145	2.608879
PROA	143	PROA	173	0.079057
PROA	143	PROA	325	3.500000
PROA	143	PROA	326	0.244949
PROA	143	PROA	327	0.200000
PROA	143	PROA	328	0.676123
PROA	143	PROA	329	1.414214
PROA	144	PROA	145	3.073504
PROA	144	PROA	146	0.551825
PROA	144	PROA	172	0.054554
PROA	144	PROA	173	1.870829
PROA	144	PROA	174	3.296102
PROA	144	PROA	207	1.880350
PROA	144	PROA	328	2.857143
PROA	144	PROA	329	0.239046
PROA	145	PROA	146	3.670652
PROA	145	PROA	147	0.303170
PROA	145	PROA	168	0.503115
PROA	145	PROA	171	0.237171
PROA	145	PROA	172	0.714435
PROA	145	PROA	173	1.937500
PROA	145	PROA	174	0.474342
PROA	145	PROA	329	1.844756
PROA	146	PROA	147	2.170018
PROA	146	PROA	148	3.324880
PROA	146	PROA	168	0.051299
PROA	146	PROA	171	1.233310
PROA	146	PROA	172	1.826342
PROA	146	PROA	173	0.573539
PROA	146	PROA	174	3.772477
PROA	146	PROA	175	0.463586
PROA	146	PROA	206	0.122628
PROA	146	PROA	207	2.054287
PROA	146	PROA	210	0.397360
PROA	147	PROA	148	2.821920
PROA	147	PROA	149	0.770154
PROA	147	PROA	150	4.006187
PROA	147	PROA	151	0.155126
PROA	147	PROA	154	2.009432
PROA	147	PROA	165	1.057188
PROA	147	PROA	166	0.804400
PROA	147	PROA	167	1.190238
PROA	147	PROA	168	2.494700
PROA	147	PROA	170	0.389490
PROA	147	PROA	171	2.300895
PROA	147	PROA	172	0.099015
PROA	147	PROA	210	0.280056
PROA	148	PROA	149	2.415948
PROA	148	PROA	150	0.187317
PROA	148	PROA	151	0.043519
PROA	148	PROA	170	1.592196
PROA	148	PROA	171	1.420094
PROA	148	PROA	172	2.416667
PROA	148	PROA	174	0.064550
PROA	148	PROA	175	0.824958
PROA	148	PROA	178	1.188177
PROA	148	PROA	185	2.564060
PROA	148	PROA	186	0.843274
PROA	148	PROA	210	0.058926
PROA	149	PROA	150	2.516611
PROA	149	PROA	151	3.877382
PROA	149	PROA	154	0.231455
PROA	149	PROA	170	0.463586
PROA	149	PROA	188	2.814583
PROA	149	PROA	193	0.125988
PROA	149	PROA	210	0.083333
PROA	150	PROA	151	3.472724
PROA	150	PROA	152	0.061314
PROA	150	PROA	154	1.532848
PROA	150	PROA	155	1.631579
PROA	150	PROA	165	1.526316
PROA	150	PROA	193	0.100125
PROA	150	PROA	210	0.927173
PROA	150	PROA	213	0.622543
PROA	150	PROA	214	0.458831
PROA	150	PROA	217	0.947368
PROA	151	PROA	152	3.361837
PROA	151	PROA	153	2.442733
PROA	151	PROA	154	3.019955
PROA	151	PROA	155	0.684762
PROA	151	PROA	170	0.146735
PROA	151	PROA	188	0.053300
PROA	151	PROA	193	1.256154
PROA	151	PROA	217	1.516260
PROA	152	PROA	153	3.223292
PROA	152	PROA	154	0.714286
PROA	152	PROA	155	2.575185
PROA	152	PROA	193	1.866278
PROA	152	PROA	217	3.801464
PROA	152	PROA	220	0.207020
PROA	153	PROA	154	4.270862
PROA	153	PROA	155	0.760886
PROA	153	PROA	156	0.484200
PROA	154	PROA	155	3.127011
PROA	154	PROA	156	1.042337
PROA	154	PROA	164	0.056980
PROA	154	PROA	165	0.735767
PROA	154	PROA	166	2.336887
PROA	154	PROA	167	2.468854
PROA	155	PROA	156	3.157895
PROA	155	PROA	157	0.421053
PROA	155	PROA	163	2.684211
PROA	155	PROA	164	0.440204
PROA	155	PROA	165	1.631579
PROA	155	PROA	166	0.345857
PROA	155	PROA	217	1.052632
PROA	156	PROA	157	2.210526
PROA	156	PROA	162	0.066227
PROA	156	PROA	163	0.684211
PROA	156	PROA	164	2.298845
PROA	156	PROA	165	0.210526
PROA	156	PROA	166	2.766858
PROA	157	PROA	158	3.924092
PROA	157	PROA	161	0.830057
PROA	157	PROA	162	0.927173
PROA	157	PROA	163	2.052632
PROA	157	PROA	164	0.293470
PROA	158	PROA	159	3.857143
PROA	158	PROA	160	3.000000
PROA	158	PROA	161	1.933975
PROA	158	PROA	162	3.548977
PROA	158	PROA	163	0.061314
PROA	159	PROA	160	3.642857
PROA	159	PROA	161	0.966988
PROA	160	PROA	161	3.867950
PROA	160	PROA	162	2.160247
PROA	161	PROA	162	3.394514
PROA	161	PROA	163	0.484200
PROA	162	PROA	163	2.384158
PROA	162	PROA	164	0.430820
PROA	163	PROA	164	3.228166
PROA	163	PROA	165	1.000000
PROA	164	PROA	165	2.494492
PROA	164	PROA	166	0.642824
PROA	165	PROA	166	3.666087
PROA	165	PROA	168	1.282473
PROA	166	PROA	167	4.961213
PROA	166	PROA	168	1.348400
PROA	167	PROA	168	3.098387
PROA	167	PROA	169	1.091089
PROA	167	PROA	170	0.066227
PROA	167	PROA	171	0.091287
PROA	168	PROA	169	3.042555
PROA	168	PROA	170	0.512989
PROA	168	PROA	171	3.889087
PROA	169	PROA	170	3.988706
PROA	169	PROA	171	1.553797
PROA	170	PROA	171	2.829357
PROA	170	PROA	172	0.374634
PROA	170	PROA	188	0.172062
PROA	171	PROA	172	3.743884
PROA	171	PROA	331	0.212132
PROA	172	PROA	173	3.010831
PROA	172	PROA	174	0.322749
PROA	172	PROA	331	0.593366
PROA	172	PROA	334	0.158114
PROA	172	PROA	336	0.176777
PROA	173	PROA	174	3.557562
PROA	173	PROA	175	0.649519
PROA	173	PROA	328	0.267261
PROA	173	PROA	329	2.739183
PROA	173	PROA	330	0.533002
PROA	173	PROA	331	0.670820
PROA	174	PROA	175	3.651484
PROA	174	PROA	176	0.338062
PROA	174	PROA	207	1.887760
PROA	175	PROA	176	4.320494
PROA	175	PROA	177	2.000000
PROA	175	PROA	178	3.150630
PROA	175	PROA	185	0.077152
PROA	175	PROA	205	0.251976
PROA	176	PROA	177	3.471825
PROA	176	PROA	178	0.518563
PROA	176	PROA	203	0.227921
PROA	176	PROA	204	2.424366
PROA	176	PROA	205	3.499271
PROA	176	PROA	206	0.142857
PROA	177	PROA	178	4.130826
PROA	177	PROA	185	0.308607
PROA	177	PROA	202	0.087039
PROA	177	PROA	203	1.969464
PROA	177	PROA	204	0.545545
PROA	177	PROA	205	0.881917
PROA	178	PROA	185	2.981737
PROA	178	PROA	186	0.062622
PROA	178	PROA	205	1.217289
PROA	185	PROA	186	3.450328
PROA	185	PROA	187	0.349927
PROA	185	PROA	198	1.962046
PROA	185	PROA	205	2.974380
PROA	185	PROA	209	0.429198
PROA	186	PROA	187	2.479119
PROA	186	PROA	188	1.549193
PROA	186	PROA	198	0.177705
PROA	187	PROA	188	2.182179
PROA	187	PROA	189	0.345033
PROA	187	PROA	194	0.579066
PROA	187	PROA	198	1.852317
PROA	187	PROA	199	1.746545
PROA	187	PROB	68	2.141057
PROA	187	PROB	69	1.852317
PROA	187	PROB	71	2.939874
PROA	188	PROA	189	3.794733
PROA	188	PROA	190	1.069045
PROA	188	PROA	194	1.173714
PROA	189	PROA	190	3.887710
PROA	189	PROA	191	0.774597
PROA	189	PROA	194	1.032796
PROA	190	PROA	191	2.564060
PROA	190	PROA	192	2.454951
PROA	190	PROA	193	0.116642
PROA	190	PROA	194	0.709208
PROA	191	PROA	192	1.625000
PROA	191	PROA	193	0.311805
PROA	191	PROA	194	2.416667
PROA	191	PROA	228	0.091287
PROA	191	PROA	230	0.694365
PROA	191	PROA	231	1.479660
PROA	191	PROA	232	1.881280
PROA	191	PROA	233	1.069045
PROA	191	PROA	236	2.079310
PROA	191	PROB	68	1.212206
PROA	192	PROA	193	2.138090
PROA	192	PROA	194	0.500000
PROA	192	PROA	216	0.123091
PROA	192	PROA	220	0.052705
PROA	192	PROA	226	1.691189
PROA	192	PROA	228	0.639010
PROA	192	PROA	229	1.145644
PROA	192	PROA	230	0.077152
PROA	192	PROA	236	0.643596
PROA	193	PROA	194	1.692655
PROA	193	PROA	195	0.345033
PROA	193	PROA	212	0.178174
PROA	193	PROA	213	0.460566
PROA	193	PROA	216	2.039650
PROA	193	PROA	217	1.802254
PROA	193	PROA	220	1.464934
PROA	194	PROA	195	3.614784
PROA	194	PROA	196	0.436436
PROA	194	PROA	198	1.217562
PROA	194	PROA	199	2.178325
PROA	194	PROA	212	0.416667
PROA	194	PROA	236	0.643596
PROA	194	PROA	240	0.187317
PROA	194	PROB	68	0.105409
PROA	195	PROA	196	4.563833
PROA	195	PROA	197	2.531139
PROA	195	PROA	198	3.699929
PROA	195	PROA	199	0.920358
PROA	195	PROA	209	1.813691
PROA	195	PROA	212	2.517439
PROA	195	PROA	301	0.322749
PROA	196	PROA	197	4.140393
PROA	196	PROA	198	0.674453
PROA	196	PROA	199	2.916917
PROA	196	PROA	200	2.759127
PROA	196	PROA	201	0.214286
PROA	196	PROA	212	2.782278
PROA	196	PROA	240	1.655476
PROA	196	PROA	296	3.107594
PROA	196	PROA	301	0.709208
PROA	197	PROA	198	3.613328
PROA	197	PROA	199	0.688847
PROA	197	PROA	200	1.362402
PROA	197	PROA	201	3.450328
PROA	197	PROA	205	1.352247
PROA	197	PROA	206	0.138013
PROA	197	PROA	208	0.155700
PROA	197	PROA	209	1.243933
PROA	197	PROA	255	0.059235
PROA	197	PROA	296	0.057735
PROA	197	PROA	298	0.828079
PROA	197	PROA	301	1.686548
PROA	197	PROB	71	0.052705
PROA	198	PROA	199	2.559508
PROA	198	PROA	200	0.473684
PROA	198	PROA	201	0.797081
PROA	198	PROA	202	0.069171
PROA	198	PROA	205	2.152693
PROA	198	PROA	209	2.157895
PROA	198	PROB	71	1.077074
PROA	199	PROA	200	4.340036
PROA	199	PROA	201	0.648204
PROA	199	PROA	233	2.699206
PROA	199	PROA	236	1.058824
PROA	199	PROA	237	1.001547
PROA	199	PROA	240	1.057188
PROA	199	PROB	68	0.062622
PROA	199	PROB	71	1.683251
PROA	200	PROA	201	3.678836
PROA	200	PROA	233	1.401753
PROA	200	PROA	237	1.526316
PROA	200	PROA	241	0.105263
PROA	200	PROA	255	1.368421
PROA	200	PROA	257	1.164965
PROA	200	PROA	260	3.047000
PROA	200	PROA	263	0.150188
PROA	200	PROA	264	2.052632
PROA	200	PROA	296	0.974679
PROA	200	PROB	71	0.561951
PROA	200	PROB	73	0.367884
PROA	201	PROA	202	3.787368
PROA	201	PROA	203	1.253566
PROA	201	PROA	205	0.991460
PROA	201	PROA	255	1.655476
PROA	201	PROA	256	1.962046
PROA	201	PROA	257	2.357143
PROA	201	PROB	71	1.145644
PROA	202	PROA	203	4.371206
PROA	202	PROA	205	1.315903
PROA	202	PROA	256	0.069171
PROA	202	PROA	257	0.161165
PROA	202	PROB	71	3.631199
PROA	203	PROA	204	3.626203
PROA	203	PROA	205	1.535299
PROA	203	PROA	256	1.614083
PROA	204	PROA	205	2.804273
PROA	204	PROA	206	0.707107
PROA	204	PROA	256	1.474087
PROA	205	PROA	206	3.207665
PROA	205	PROA	209	0.650814
PROA	205	PROB	71	0.489979
PROA	206	PROA	207	2.905995
PROA	206	PROA	208	3.142710
PROA	206	PROA	209	1.042337
PROA	206	PROA	298	1.857143
PROA	206	PROA	299	0.713024
PROA	206	PROA	301	0.054554
PROA	207	PROA	208	2.185603
PROA	207	PROA	209	0.635851
PROA	207	PROA	210	0.307729
PROA	207	PROA	211	0.048912
PROA	208	PROA	209	2.905201
PROA	208	PROA	210	0.783349
PROA	208	PROA	211	1.660115
PROA	208	PROA	212	0.430820
PROA	208	PROA	298	1.853393
PROA	208	PROA	301	2.769559
PROA	209	PROA	210	3.178878
PROA	209	PROA	211	0.578947
PROA	209	PROA	212	1.123903
PROA	209	PROA	213	1.867629
PROA	209	PROA	214	0.057354
PROA	209	PROA	301	0.749269
PROA	210	PROA	211	2.781518
PROA	210	PROA	212	0.707107
PROA	210	PROA	213	3.655631
PROA	210	PROA	214	1.804220
PROA	210	PROA	215	0.109109
PROA	211	PROA	212	2.060489
PROA	211	PROA	213	0.968400
PROA	211	PROA	214	2.466219
PROA	211	PROA	215	0.606977
PROA	211	PROA	292	0.048912
PROA	211	PROA	293	3.561055
PROA	211	PROA	294	0.052632
PROA	211	PROA	301	1.358049
PROA	211	PROA	302	2.052632
PROA	211	PROA	303	0.236940
PROA	211	PROA	304	2.638281
PROA	211	PROA	307	1.160762
PROA	212	PROA	213	3.323470
PROA	212	PROA	214	0.510310
PROA	212	PROA	215	1.311578
PROA	212	PROA	216	1.169369
PROA	212	PROA	228	1.232376
PROA	212	PROA	240	1.779513
PROA	212	PROA	244	0.983415
PROA	212	PROA	293	1.138670
PROA	212	PROA	294	4.495612
PROA	212	PROA	295	0.927426
PROA	212	PROA	296	0.867227
PROA	212	PROA	301	2.333333
PROA	213	PROA	214	3.919647
PROA	213	PROA	215	1.481487
PROA	213	PROA	216	1.818182
PROA	213	PROA	217	2.005972
PROA	213	PROA	218	0.069171
PROA	214	PROA	215	3.496171
PROA	214	PROA	216	0.452267
PROA	214	PROA	217	2.236803
PROA	214	PROA	218	1.261787
PROA	214	PROA	221	0.121268
PROA	214	PROA	293	1.819017
PROA	215	PROA	216	3.760699
PROA	215	PROA	217	1.127243
PROA	215	PROA	218	3.381729
PROA	215	PROA	219	1.195229
PROA	215	PROA	290	2.081064
PROA	215	PROA	293	2.658426
PROA	215	PROA	294	3.381729
PROA	216	PROA	217	2.559344
PROA	216	PROA	218	0.760886
PROA	216	PROA	219	2.479003
PROA	216	PROA	220	1.167748
PROA	216	PROA	226	0.080582
PROA	216	PROA	227	1.798458
PROA	216	PROA	228	0.539360
PROA	216	PROA	290	0.138343
PROA	216	PROA	294	2.144315
PROA	217	PROA	218	2.000000
PROA	217	PROA	219	0.798024
PROA	217	PROA	220	1.421637
PROA	217	PROA	221	2.559508
PROA	218	PROA	219	3.047000
PROA	218	PROA	220	0.533114
PROA	218	PROA	221	4.117470
PROA	218	PROA	222	2.210526
PROA	218	PROA	286	1.160762
PROA	218	PROA	289	0.894737
PROA	218	PROA	290	3.105263
PROA	218	PROA	293	0.778981
PROA	218	PROA	312	0.450564
PROA	219	PROA	220	3.837534
PROA	219	PROA	221	0.920358
PROA	219	PROA	222	1.886238
PROA	219	PROA	223	1.906925
PROA	219	PROA	224	0.169031
PROA	219	PROA	225	0.258199
PROA	219	PROA	226	0.084515
PROA	219	PROA	227	2.466619
PROA	219	PROA	279	1.767767
PROA	219	PROA	290	2.103881
PROA	219	PROA	294	0.072548
PROA	220	PROA	221	2.254407
PROA	220	PROA	222	0.710819
PROA	220	PROA	223	1.479148
PROA	220	PROA	224	1.794170
PROA	220	PROA	225	1.844662
PROA	220	PROA	226	2.346223
PROA	220	PROA	227	0.118470
PROA	221	PROA	222	2.782074
PROA	221	PROA	223	0.585018
PROA	221	PROA	224	0.388922
PROA	222	PROA	223	2.697686
PROA	222	PROA	224	0.367884
PROA	222	PROA	279	1.025978
PROA	222	PROA	282	2.394072
PROA	222	PROA	283	0.066227
PROA	222	PROA	286	1.015667
PROA	222	PROA	287	0.578947
PROA	222	PROA	290	0.315789
PROA	222	PROA	312	0.100125
PROA	223	PROA	224	3.867950
PROA	223	PROA	225	4.739022
PROA	223	PROA	279	2.157440
PROA	224	PROA	225	2.400397
PROA	225	PROA	226	3.927922
PROA	225	PROA	227	0.187317
PROA	225	PROA	278	0.046829
PROA	225	PROA	280	0.109109
PROA	226	PROA	227	2.513871
PROA	226	PROA	228	0.896421
PROA	226	PROA	229	2.000000
PROA	227	PROA	228	5.591582
PROA	227	PROA	229	0.674453
PROA	227	PROA	239	0.055641
PROA	227	PROA	243	1.263158
PROA	227	PROA	275	1.077074
PROA	227	PROA	278	0.736842
PROA	227	PROA	279	1.128576
PROA	227	PROA	290	0.210526
PROA	227	PROA	294	1.105263
PROA	228	PROA	229	3.466163
PROA	228	PROA	230	0.676123
PROA	228	PROA	236	1.952374
PROA	228	PROA	239	1.898142
PROA	228	PROA	240	2.872739
PROA	228	PROA	243	1.179875
PROA	228	PROA	244	0.820783
PROA	228	PROA	275	0.045644
PROA	228	PROA	294	1.795462
PROA	229	PROA	230	4.646702
PROA	229	PROA	231	0.398862
PROA	229	PROA	236	0.453743
PROA	229	PROA	239	2.787276
PROA	230	PROA	231	2.820380
PROA	230	PROA	232	0.825029
PROA	230	PROA	235	2.727724
PROA	230	PROA	236	3.300115
PROA	230	PROA	239	2.108407
PROA	231	PROA	232	3.878158
PROA	231	PROA	235	0.738549
PROA	232	PROA	233	2.011173
PROA	232	PROA	234	0.612056
PROA	232	PROA	235	4.410882
PROA	232	PROA	236	0.764706
PROA	232	PROB	64	0.062622
PROA	233	PROA	234	3.003757
PROA	233	PROA	235	0.881917
PROA	233	PROA	236	1.005587
PROA	233	PROA	237	2.052567
PROA	233	PROB	67	0.195180
PROA	233	PROB	68	3.380617
PROA	233	PROB	71	1.202676
PROA	233	PROB	72	0.400892
PROA	233	PROB	73	2.216205
PROA	233	PROB	76	1.351691
PROA	234	PROA	235	2.450385
PROA	234	PROA	236	0.723339
PROA	234	PROA	237	3.578947
PROA	234	PROA	238	1.410220
PROA	234	PROA	239	0.055641
PROA	234	PROA	263	0.350438
PROA	234	PROB	73	2.023360
PROA	234	PROB	76	4.157895
PROA	234	PROB	77	1.348907
PROA	234	PROB	80	1.720618
PROA	235	PROA	236	3.570714
PROA	235	PROA	237	0.927173
PROA	235	PROA	238	2.468854
PROA	235	PROA	239	2.030406
PROA	235	PROA	240	0.066227
PROA	236	PROA	237	2.225660
PROA	236	PROA	238	0.777844
PROA	236	PROA	239	2.705882
PROA	236	PROA	240	2.114377
PROA	236	PROA	241	0.055641
PROA	237	PROA	238	3.127011
PROA	237	PROA	239	0.556415
PROA	237	PROA	240	0.947368
PROA	237	PROA	241	3.210526
PROA	237	PROA	242	0.173422
PROA	237	PROA	263	1.551941
PROA	237	PROA	264	0.368421
PROA	237	PROB	73	1.164965
PROA	238	PROA	239	2.268713
PROA	238	PROA	240	0.367884
PROA	238	PROA	241	0.981023
PROA	238	PROA	242	1.111168
PROA	238	PROA	243	0.061314
PROA	238	PROA	270	0.512823
PROA	239	PROA	240	2.448225
PROA	239	PROA	241	0.389490
PROA	239	PROA	242	1.375048
PROA	239	PROA	243	0.890264
PROA	239	PROA	244	0.055641
PROA	240	PROA	241	2.789474
PROA	240	PROA	242	1.040532
PROA	240	PROA	243	0.684211
PROA	240	PROA	244	3.000000
PROA	240	PROA	245	0.260133
PROA	240	PROA	296	1.025978
PROA	241	PROA	242	2.861463
PROA	241	PROA	243	0.263158
PROA	241	PROA	244	0.368421
PROA	241	PROA	245	2.601330
PROA	241	PROA	246	1.383429
PROA	241	PROA	247	1.655476
PROA	241	PROA	263	0.100125
PROA	241	PROA	264	1.578947
PROA	241	PROA	267	0.631579
PROA	241	PROA	270	1.076055
PROA	241	PROA	296	0.872082
PROA	242	PROA	243	3.121596
PROA	242	PROA	244	0.693688
PROA	242	PROA	245	1.714286
PROA	242	PROA	270	0.564076
PROA	242	PROA	271	0.101015
PROA	242	PROA	272	0.080582
PROA	242	PROA	273	0.944911
PROA	243	PROA	244	3.894737
PROA	243	PROA	245	0.780399
PROA	243	PROA	272	0.586939
PROA	243	PROA	273	3.842714
PROA	243	PROA	275	1.077074
PROA	243	PROA	278	2.052632
PROA	244	PROA	245	3.208307
PROA	244	PROA	246	0.138343
PROA	244	PROA	272	2.298845
PROA	244	PROA	273	0.172062
PROA	244	PROA	275	0.608781
PROA	244	PROA	291	0.066227
PROA	244	PROA	294	1.947368
PROA	244	PROA	295	0.183942
PROA	244	PROA	296	1.333772
PROA	245	PROA	246	3.988620
PROA	245	PROA	247	0.505076
PROA	245	PROA	270	1.450481
PROA	245	PROA	271	2.020305
PROA	245	PROA	272	2.175722
PROA	245	PROA	273	0.094491
PROA	246	PROA	247	4.512609
PROA	246	PROA	248	0.363636
PROA	246	PROA	267	0.207514
PROA	246	PROA	268	0.483494
PROA	246	PROA	269	1.316290
PROA	246	PROA	270	3.535534
PROA	246	PROA	271	0.402911
PROA	247	PROA	248	3.062127
PROA	247	PROA	249	0.388922
PROA	247	PROA	251	1.002972
PROA	247	PROA	252	1.778104
PROA	247	PROA	255	0.061314
PROA	247	PROA	264	1.287593
PROA	247	PROA	296	2.330696
PROA	248	PROA	249	3.363853
PROA	248	PROA	250	2.257647
PROA	248	PROA	251	4.526019
PROA	248	PROA	252	0.968400
PROA	248	PROA	253	0.080582
PROA	248	PROA	269	0.073127
PROA	248	PROA	300	0.064282
PROA	249	PROA	250	2.379652
PROA	249	PROA	251	0.910182
PROA	249	PROA	252	2.503867
PROA	249	PROA	253	0.388922
PROA	249	PROA	265	0.667698
PROA	249	PROA	269	0.117647
PROA	250	PROA	251	3.279566
PROA	250	PROA	252	0.592349
PROA	250	PROA	253	1.380131
PROA	250	PROA	254	0.467099
PROA	250	PROA	297	0.069007
PROA	250	PROA	300	0.605530
PROA	251	PROA	252	2.317932
PROA	251	PROA	253	1.080123
PROA	251	PROA	254	2.611165
PROA	251	PROA	255	0.397360
PROA	251	PROA	296	0.129099
PROA	251	PROA	297	4.089039
PROA	251	PROA	300	1.661735
PROA	252	PROA	253	2.759127
PROA	252	PROA	254	1.106743
PROA	252	PROA	255	2.473684
PROA	252	PROA	261	2.200977
PROA	252	PROA	264	2.105263
PROA	252	PROA	265	2.894737
PROA	253	PROA	254	3.384456
PROA	253	PROA	255	0.858395
PROA	253	PROA	256	0.061314
PROA	253	PROA	261	1.854852
PROA	254	PROA	255	3.181887
PROA	254	PROA	256	0.968400
PROA	254	PROA	297	1.450481
PROA	254	PROA	298	0.725241
PROA	254	PROA	299	0.585018
PROA	255	PROA	256	2.631579
PROA	255	PROA	257	2.084674
PROA	255	PROA	258	0.052632
PROA	255	PROA	260	1.233310
PROA	255	PROA	261	2.903416
PROA	255	PROA	264	1.789474
PROA	255	PROA	296	0.769484
PROA	256	PROA	257	2.697813
PROA	256	PROA	258	0.473684
PROA	256	PROA	261	0.046829
PROA	257	PROA	258	2.697813
PROA	257	PROA	259	1.595448
PROA	257	PROA	260	4.986410
PROA	257	PROA	261	1.091089
PROA	257	PROA	262	0.071429
PROA	257	PROB	71	1.036535
PROA	257	PROB	72	0.054554
PROA	258	PROA	259	1.956464
PROA	258	PROA	260	0.652929
PROA	258	PROA	261	2.013659
PROA	258	PROA	262	1.226279
PROA	259	PROA	260	2.561959
PROA	259	PROA	261	0.478714
PROA	259	PROA	262	1.424507
PROA	259	PROA	263	0.651339
PROA	259	PROA	264	0.048912
PROA	259	PROB	16	0.056980
PROA	259	PROB	19	0.246183
PROA	259	PROB	71	0.043519
PROA	259	PROB	72	3.916747
PROA	259	PROB	73	0.056980
PROA	259	PROB	74	0.492366
PROA	260	PROA	261	2.775638
PROA	260	PROA	262	1.014185
PROA	260	PROA	263	2.484236
PROA	260	PROA	264	2.829357
PROA	260	PROA	265	0.072548
PROA	260	PROB	71	0.064550
PROA	260	PROB	73	0.591608
PROA	261	PROA	262	2.673169
PROA	261	PROA	263	0.489979
PROA	261	PROA	264	1.451708
PROA	261	PROA	265	0.749269
PROA	261	PROA	266	0.061546
PROA	262	PROA	263	1.982920
PROA	262	PROA	264	0.429198
PROA	262	PROA	265	1.716790
PROA	262	PROA	266	0.966988
PROA	262	PROA	267	0.061314
PROA	263	PROA	264	3.404258
PROA	263	PROA	265	0.550689
PROA	263	PROA	266	0.986928
PROA	263	PROA	267	3.804759
PROA	263	PROB	73	2.391169
PROA	263	PROB	74	0.377964
PROA	263	PROB	77	0.116642
PROA	264	PROA	265	2.000000
PROA	264	PROA	266	0.691714
PROA	264	PROA	267	2.631579
PROA	264	PROA	296	0.615587
PROA	265	PROA	266	3.942772
PROA	265	PROA	267	0.578947
PROA	266	PROA	267	2.836029
PROA	266	PROA	268	0.483494
PROA	267	PROA	268	4.537231
PROA	267	PROA	269	0.222566
PROA	267	PROA	270	0.146735
PROA	268	PROA	269	2.398354
PROA	268	PROA	270	1.481487
PROA	269	PROA	270	2.533730
PROA	269	PROA	271	0.324102
PROA	270	PROA	271	2.393172
PROA	270	PROA	272	0.136364
PROA	271	PROA	272	3.532778
PROA	271	PROA	273	0.267261
PROA	271	PROA	274	0.071429
PROA	272	PROA	273	3.038110
PROA	272	PROA	274	0.911685
PROA	272	PROA	275	1.087985
PROA	272	PROA	291	1.538644
PROA	273	PROA	274	4.610256
PROA	273	PROA	275	0.408248
PROA	273	PROA	277	1.428869
PROA	273	PROA	278	2.007388
PROA	274	PROA	275	1.745743
PROA	274	PROA	276	0.642857
PROA	274	PROA	277	4.964457
PROA	274	PROA	278	0.490511
PROA	275	PROA	276	2.073070
PROA	275	PROA	277	0.583333
PROA	275	PROA	278	2.997075
PROA	275	PROA	279	1.962672
PROA	275	PROA	287	2.997075
PROA	275	PROA	290	1.873172
PROA	275	PROA	291	3.181981
PROA	275	PROA	294	0.936586
PROA	276	PROA	277	2.073070
PROA	276	PROA	278	0.735767
PROA	276	PROA	279	1.195229
PROA	276	PROA	280	0.071429
PROA	276	PROA	282	0.253546
PROA	276	PROA	284	0.644658
PROA	276	PROA	287	2.145988
PROA	277	PROA	278	2.481952
PROA	277	PROA	279	0.319505
PROA	278	PROA	279	4.103913
PROA	278	PROA	280	0.490511
PROA	279	PROA	280	3.167356
PROA	279	PROA	281	0.537853
PROA	279	PROA	282	2.474874
PROA	279	PROA	287	2.308451
PROA	279	PROA	290	0.872082
PROA	280	PROA	281	4.714286
PROA	280	PROA	282	0.591608
PROA	281	PROA	282	3.634163
PROA	281	PROA	283	0.308607
PROA	282	PROA	283	3.560197
PROA	282	PROA	284	0.381385
PROA	282	PROA	286	0.800000
PROA	282	PROA	287	3.119548
PROA	283	PROA	284	3.916747
PROA	283	PROA	285	3.692745
PROA	283	PROA	286	3.834058
PROA	283	PROA	287	1.192079
PROA	283	PROA	288	0.083333
PROA	283	PROA	312	0.188982
PROA	284	PROA	285	2.956992
PROA	284	PROA	286	0.953463
PROA	284	PROA	287	1.521772
PROA	284	PROA	288	1.044466
PROA	285	PROA	286	2.292280
PROA	285	PROA	287	0.342381
PROA	285	PROA	288	1.169369
PROA	285	PROA	289	0.489116
PROA	285	PROA	310	0.051709
PROA	285	PROA	311	1.139606
PROA	285	PROA	312	1.907493
PROA	286	PROA	287	4.352858
PROA	286	PROA	288	0.821584
PROA	286	PROA	289	1.378405
PROA	286	PROA	290	1.015667
PROA	286	PROA	291	0.091287
PROA	286	PROA	312	2.346223
PROA	287	PROA	288	2.317932
PROA	287	PROA	289	0.684211
PROA	287	PROA	290	3.315789
PROA	287	PROA	291	0.927173
PROA	288	PROA	289	2.582838
PROA	288	PROA	290	0.728493
PROA	288	PROA	291	2.333333
PROA	288	PROA	292	3.508107
PROA	288	PROA	310	0.910182
PROA	289	PROA	290	2.157895
PROA	289	PROA	291	0.728493
PROA	289	PROA	292	1.760818
PROA	289	PROA	293	3.282848
PROA	289	PROA	294	0.052632
PROA	289	PROA	302	1.210526
PROA	289	PROA	306	0.111283
PROA	289	PROA	307	2.901905
PROA	289	PROA	310	4.340036
PROA	289	PROA	312	1.451816
PROA	289	PROA	313	0.473684
PROA	290	PROA	291	3.046424
PROA	290	PROA	292	0.684762
PROA	290	PROA	293	1.891811
PROA	290	PROA	294	2.684211
PROA	290	PROA	295	0.061314
PROA	291	PROA	292	3.200379
PROA	291	PROA	293	0.700140
PROA	291	PROA	294	0.993399
PROA	291	PROA	295	0.925820
PROA	292	PROA	293	1.913224
PROA	292	PROA	294	0.538028
PROA	292	PROA	295	1.937330
PROA	292	PROA	301	0.609272
PROA	292	PROA	302	3.228166
PROA	292	PROA	310	1.085884
PROA	293	PROA	294	3.171565
PROA	293	PROA	295	0.972306
PROA	293	PROA	301	0.891133
PROA	293	PROA	302	1.780528
PROA	293	PROA	307	0.920358
PROA	294	PROA	295	2.513871
PROA	294	PROA	296	0.307794
PROA	294	PROA	301	0.140488
PROA	295	PROA	296	2.569742
PROA	295	PROA	297	2.214286
PROA	295	PROA	298	0.071429
PROA	295	PROA	300	1.880350
PROA	295	PROA	301	3.927922
PROA	295	PROA	302	0.061314
PROA	296	PROA	297	2.689264
PROA	296	PROA	298	0.597614
PROA	296	PROA	301	0.821584
PROA	297	PROA	298	4.785714
PROA	297	PROA	299	2.527995
PROA	297	PROA	300	4.273522
PROA	297	PROA	301	1.527525
PROA	298	PROA	299	4.667067
PROA	298	PROA	300	0.683763
PROA	298	PROA	301	4.855348
PROA	299	PROA	300	2.533730
PROA	299	PROA	301	0.594089
PROA	300	PROA	301	1.827815
PROA	300	PROA	302	0.244558
PROA	301	PROA	302	2.060489
PROA	301	PROA	303	0.368932
PROA	302	PROA	303	4.324147
PROA	302	PROA	304	0.458831
PROA	302	PROA	306	2.281301
PROA	302	PROA	307	3.264643
PROA	302	PROA	310	0.890264
PROA	303	PROA	304	2.775638
PROA	303	PROA	305	1.733333
PROA	303	PROA	306	3.569478
PROA	303	PROA	307	0.898146
PROA	303	PROA	308	0.059235
PROA	304	PROA	305	3.356586
PROA	304	PROA	306	0.606339
PROA	304	PROA	307	2.371708
PROA	304	PROA	308	0.745601
PROA	305	PROA	306	3.193744
PROA	305	PROA	307	0.898146
PROA	305	PROA	308	1.658577
PROA	305	PROA	309	1.306395
PROA	305	PROA	310	0.062622
PROA	305	PROA	322	0.400000
PROA	306	PROA	307	3.067860
PROA	306	PROA	308	0.723339
PROA	306	PROA	309	3.374646
PROA	306	PROA	310	1.411765
PROA	307	PROA	308	2.829357
PROA	307	PROA	309	0.800000
PROA	307	PROA	310	2.300895
PROA	307	PROA	313	0.725476
PROA	308	PROA	309	3.192096
PROA	308	PROA	310	0.723339
PROA	308	PROA	313	1.736842
PROA	308	PROA	317	1.802254
PROA	309	PROA	310	2.837770
PROA	309	PROA	311	0.422577
PROA	309	PROA	313	0.072548
PROA	309	PROA	314	0.081650
PROA	309	PROA	317	1.725164
PROA	310	PROA	311	4.667067
PROA	310	PROA	312	1.428992
PROA	310	PROA	313	0.945905
PROA	310	PROA	314	0.375735
PROA	311	PROA	312	2.391169
PROA	311	PROA	313	0.613139
PROA	311	PROA	314	2.277216
PROA	312	PROA	313	4.255322
PROA	312	PROA	314	0.450749
PROA	313	PROA	314	2.843275
PROA	313	PROA	315	0.445132
PROA	313	PROA	316	1.151440
PROA	313	PROA	317	0.901127
PROA	314	PROA	315	2.630142
PROA	314	PROA	316	0.507093
PROA	314	PROA	317	1.972027
PROA	315	PROA	316	2.540429
PROA	315	PROA	317	0.688033
PROA	316	PROA	317	2.000000
PROA	316	PROA	318	0.314970
PROA	317	PROA	318	4.346591
PROA	317	PROA	319	1.574672
PROA	318	PROA	319	4.629100
PROA	318	PROA	320	3.307475
PROA	319	PROA	320	3.867950
PROA	319	PROA	321	0.385758
PROA	320	PROA	321	4.264903
PROA	320	PROA	322	0.311400
PROA	321	PROA	322	3.130495
PROA	321	PROA	323	0.540062
PROA	322	PROA	323	4.278406
PROA	322	PROA	324	0.236940
PROA	323	PROA	324	3.004383
PROA	323	PROA	325	0.422577
PROA	324	PROA	325	3.627381
PROA	324	PROA	326	3.139449
PROA	325	PROA	326	4.164133
PROA	325	PROA	327	0.300000
PROA	326	PROA	327	4.082483
PROA	326	PROA	328	0.207020
PROA	327	PROA	328	4.901895
PROA	327	PROA	329	0.424264
PROA	328	PROA	329	2.031889
PROA	328	PROA	330	0.455842
PROA	329	PROA	330	3.813850
PROA	329	PROA	331	0.750000
PROA	330	PROA	331	2.669695
PROA	330	PROA	332	0.184637
PROA	331	PROA	332	2.775638
PROA	331	PROA	333	1.084652
PROA	331	PROA	334	0.230940
PROA	331	PROA	335	0.153897
PROA	332	PROA	333	4.270854
PROA	332	PROA	335	0.066227
PROA	332	PROA	350	0.074536
PROA	333	PROA	334	3.318989
PROA	333	PROA	335	2.336943
PROA	333	PROA	338	0.945905
PROA	333	PROA	346	1.446679
PROA	334	PROA	335	3.257919
PROA	334	PROA	336	0.819892
PROA	334	PROA	337	0.149071
PROA	334	PROA	338	0.651584
PROA	335	PROA	336	2.781518
PROA	335	PROA	337	0.463586
PROA	335	PROA	338	2.947368
PROA	335	PROA	343	2.210526
PROA	335	PROA	346	0.684211
PROA	336	PROA	337	3.333333
PROA	336	PROA	338	0.860946
PROA	337	PROA	338	3.377558
PROA	337	PROA	339	0.540062
PROA	338	PROA	339	3.801464
PROA	338	PROA	340	0.195646
PROA	338	PROA	342	1.369525
PROA	338	PROA	343	2.578947
PROA	338	PROA	346	0.947368
PROA	339	PROA	340	1.823369
PROA	339	PROA	341	1.587151
PROA	339	PROA	342	2.336192
PROA	339	PROA	343	0.797081
PROA	339	PROA	344	0.056980
PROA	340	PROA	341	5.394722
PROA	340	PROA	342	0.590909
PROA	340	PROA	343	1.760818
PROA	340	PROA	344	2.318182
PROA	340	PROA	345	0.055048
PROA	341	PROA	342	2.036783
PROA	341	PROA	343	0.592349
PROA	341	PROA	344	3.357939
PROA	341	PROA	345	0.800000
PROA	342	PROA	343	2.347757
PROA	342	PROA	344	0.545455
PROA	342	PROA	345	3.302891
PROA	342	PROA	346	1.418436
PROA	342	PROA	347	0.048912
PROA	343	PROA	344	1.956464
PROA	343	PROA	345	0.710819
PROA	343	PROA	346	2.842105
PROA	343	PROA	347	2.263158
PROA	343	PROA	348	0.051299
PROA	344	PROA	345	2.312024
PROA	344	PROA	346	0.538028
PROA	344	PROA	347	1.809729
PROA	344	PROA	348	0.715097
PROA	345	PROA	346	2.724805
PROA	345	PROA	347	0.651584
PROA	345	PROA	348	1.905256
PROA	345	PROA	349	1.666667
PROA	346	PROA	347	2.263158
PROA	346	PROA	348	0.615587
PROA	346	PROA	349	2.013986
PROA	346	PROA	350	0.770054
PROA	346	PROA	351	0.061314
PROA	347	PROA	348	2.154555
PROA	347	PROA	349	0.651584
PROA	347	PROA	350	1.243933
PROA	347	PROA	351	2.329929
PROA	348	PROA	349	2.944486
PROA	348	PROA	350	0.461880
PROA	348	PROA	351	1.494036
PROA	348	PROA	352	0.707107
PROA	349	PROA	350	2.800000
PROA	349	PROA	351	0.828079
PROA	349	PROA	352	1.959592
PROA	349	PROA	353	0.052705
PROA	350	PROA	351	3.174302
PROA	350	PROA	352	0.816497
PROA	350	PROA	353	0.105409
PROA	350	PROA	354	0.346410
PROA	351	PROA	352	3.042555
PROA	351	PROA	353	0.327327
PROA	351	PROA	354	1.972127
PROA	351	PROA	355	1.426048
PROA	352	PROA	353	3.098387
PROA	352	PROA	354	0.919239
PROA	352	PROA	355	3.067860
PROA	352	PROA	358	0.069007
PROA	353	PROA	354	2.099603
PROA	353	PROA	355	0.841625
PROA	353	PROA	358	4.944333
PROA	353	PROA	360	1.473139
PROA	354	PROA	355	3.850516
PROA	354	PROA	356	0.298807
PROA	354	PROA	358	0.048795
PROA	354	PROA	360	1.097345
PROA	355	PROA	356	4.731887
PROA	355	PROA	357	0.366679
PROA	355	PROA	358	0.582182
PROA	356	PROA	357	2.929442
PROA	356	PROA	358	0.524891
PROA	357	PROA	358	3.216666
PROA	357	PROA	359	1.543033
PROA	358	PROA	359	4.365267
PROA	358	PROA	360	2.204793
PROA	359	PROA	360	2.474874
PROB	1	PROB	2	2.684377
PROB	1	PROB	3	0.688847
PROB	1	PROB	4	2.593355
PROB	1	PROB	5	0.825029
PROB	1	PROB	6	0.064820
PROB	1	PROB	57	1.034175
PROB	2	PROB	3	3.837534
PROB	2	PROB	4	0.552052
PROB	2	PROB	5	1.434274
PROB	2	PROB	6	1.605793
PROB	3	PROB	4	2.197401
PROB	3	PROB	5	1.366260
PROB	3	PROB	6	1.863177
PROB	3	PROB	7	0.770054
PROB	3	PROB	8	0.059235
PROB	3	PROB	82	1.352247
PROB	3	PROB	86	2.388340
PROB	4	PROB	5	3.299144
PROB	4	PROB	6	0.641533
PROB	4	PROB	7	1.501879
PROB	4	PROB	8	3.103882
PROB	4	PROB	9	0.052926
PROB	4	PROB	50	1.408590
PROB	4	PROB	55	0.801002
PROB	4	PROB	56	1.259882
PROB	4	PROB	57	1.767920
PROB	4	PROB	60	1.001252
PROB	4	PROB	82	1.809524
PROB	5	PROB	6	4.141625
PROB	5	PROB	7	0.867110
PROB	5	PROB	8	1.907642
PROB	5	PROB	9	1.650057
PROB	6	PROB	7	2.207302
PROB	6	PROB	8	0.735767
PROB	6	PROB	9	2.852096
PROB	6	PROB	10	1.234427
PROB	6	PROB	11	0.061314
PROB	7	PROB	8	4.210526
PROB	7	PROB	9	0.778981
PROB	7	PROB	10	1.258306
PROB	7	PROB	11	2.578947
PROB	7	PROB	12	0.061314
PROB	7	PROB	60	1.947368
PROB	7	PROB	63	0.210526
PROB	7	PROB	78	1.891811
PROB	7	PROB	79	1.777972
PROB	7	PROB	82	1.952442
PROB	8	PROB	9	2.225660
PROB	8	PROB	10	0.397360
PROB	8	PROB	11	1.789474
PROB	8	PROB	12	1.226279
PROB	8	PROB	13	0.061314
PROB	8	PROB	43	0.069171
PROB	8	PROB	46	4.001316
PROB	8	PROB	55	0.473684
PROB	8	PROB	60	0.105263
PROB	8	PROB	63	0.421053
PROB	9	PROB	10	3.150630
PROB	9	PROB	11	0.500773
PROB	9	PROB	12	1.814970
PROB	9	PROB	13	1.620509
PROB	9	PROB	14	0.064820
PROB	9	PROB	43	0.146254
PROB	10	PROB	11	2.516611
PROB	10	PROB	12	0.694365
PROB	10	PROB	13	1.774489
PROB	10	PROB	14	1.080123
PROB	10	PROB	78	1.750350
PROB	11	PROB	12	2.329929
PROB	11	PROB	13	0.674453
PROB	11	PROB	14	1.226279
PROB	11	PROB	15	2.473684
PROB	11	PROB	46	1.692864
PROB	11	PROB	63	0.473684
PROB	11	PROB	67	1.436370
PROB	11	PROB	75	2.736842
PROB	11	PROB	78	3.616697
PROB	11	PROB	79	1.204433
PROB	12	PROB	13	4.357143
PROB	12	PROB	14	0.785714
PROB	12	PROB	15	2.329929
PROB	12	PROB	41	0.642857
PROB	12	PROB	42	3.737564
PROB	12	PROB	43	2.739798
PROB	12	PROB	46	1.195229
PROB	13	PROB	14	2.857143
PROB	13	PROB	15	0.613139
PROB	14	PROB	15	2.575185
PROB	14	PROB	16	0.571429
PROB	14	PROB	19	0.077152
PROB	14	PROB	72	0.109109
PROB	14	PROB	75	0.735767
PROB	14	PROB	78	1.490869
PROB	15	PROB	16	3.556208
PROB	15	PROB	17	0.157895
PROB	15	PROB	19	2.053025
PROB	15	PROB	20	1.473684
PROB	15	PROB	23	2.052632
PROB	15	PROB	42	0.520266
PROB	15	PROB	45	0.280976
PROB	15	PROB	46	0.820783
PROB	15	PROB	67	0.256495
PROB	15	PROB	72	0.046829
PROB	15	PROB	75	2.263158
PROB	16	PROB	17	2.820441
PROB	16	PROB	18	1.656157
PROB	16	PROB	19	5.092011
PROB	16	PROB	20	0.919709
PROB	16	PROB	72	0.054554
PROB	17	PROB	18	2.784040
PROB	17	PROB	19	0.794719
PROB	17	PROB	20	3.368421
PROB	17	PROB	21	0.710819
PROB	17	PROB	40	0.367884
PROB	17	PROB	41	0.306570
PROB	18	PROB	19	2.832353
PROB	18	PROB	20	0.888523
PROB	18	PROB	21	1.733333
PROB	18	PROB	22	0.751469
PROB	19	PROB	20	2.384158
PROB	19	PROB	21	0.894427
PROB	19	PROB	22	2.030406
PROB	19	PROB	23	1.920572
PROB	19	PROB	72	0.883883
PROB	19	PROB	75	0.066227
PROB	20	PROB	21	2.487865
PROB	20	PROB	22	0.723339
PROB	20	PROB	23	3.052632
PROB	20	PROB	24	4.304221
PROB	20	PROB	25	0.069171
PROB	20	PROB	39	0.631579
PROB	20	PROB	40	1.226279
PROB	20	PROB	41	2.513871
PROB	20	PROB	42	1.820931
PROB	20	PROB	45	1.030244
PROB	21	PROB	22	3.506856
PROB	21	PROB	23	0.355409
PROB	21	PROB	24	2.422120
PROB	21	PROB	25	2.024097
PROB	22	PROB	23	2.392584
PROB	22	PROB	24	0.465379
PROB	22	PROB	25	2.778835
PROB	22	PROB	26	0.997054
PROB	22	PROB	70	0.219382
PROB	23	PROB	24	1.858641
PROB	23	PROB	25	0.760886
PROB	23	PROB	26	1.813691
PROB	23	PROB	27	0.691714
PROB	23	PROB	45	3.465368
PROB	23	PROB	66	1.263158
PROB	23	PROB	67	0.718185
PROB	23	PROB	70	0.345857
PROB	23	PROB	75	0.368421
PROB	24	PROB	25	2.956992
PROB	24	PROB	26	0.876460
PROB	24	PROB	27	1.092801
PROB	24	PROB	28	0.409091
PROB	24	PROB	36	1.285649
PROB	24	PROB	37	2.532217
PROB	24	PROB	38	0.275241
PROB	24	PROB	39	2.739050
PROB	24	PROB	40	0.683763
PROB	24	PROB	45	1.262063
PROB	25	PROB	26	3.623158
PROB	25	PROB	27	1.000000
PROB	25	PROB	28	1.607061
PROB	25	PROB	29	0.077850
PROB	25	PROB	37	0.077850
PROB	26	PROB	27	4.099889
PROB	26	PROB	28	0.674200
PROB	26	PROB	29	0.163299
PROB	26	PROB	30	0.365148
PROB	26	PROB	45	0.064550
PROB	26	PROB	62	0.138013
PROB	26	PROB	66	2.466619
PROB	26	PROB	69	1.088214
PROB	27	PROB	28	2.442733
PROB	27	PROB	29	0.622799
PROB	27	PROB	30	2.175971
PROB	27	PROB	31	1.798458
PROB	27	PROB	36	0.181818
PROB	27	PROB	45	0.923186
PROB	27	PROB	48	0.337100
PROB	27	PROB	49	0.830057
PROB	27	PROB	62	1.447494
PROB	27	PROB	66	1.452600
PROB	28	PROB	29	3.302891
PROB	28	PROB	30	0.615457
PROB	28	PROB	31	0.586939
PROB	28	PROB	32	0.056980
PROB	28	PROB	33	0.064282
PROB	28	PROB	36	0.257130
PROB	28	PROB	37	1.981735
PROB	29	PROB	30	3.205031
PROB	29	PROB	31	0.710819
PROB	29	PROB	32	0.207020
PROB	30	PROB	31	3.311331
PROB	30	PROB	32	0.617213
PROB	30	PROB	54	0.123091
PROB	30	PROB	62	1.637846
PROB	30	PROB	66	0.066227
PROB	31	PROB	32	4.108034
PROB	31	PROB	33	1.245086
PROB	31	PROB	36	0.138343
PROB	31	PROB	48	2.308451
PROB	31	PROB	49	1.157895
PROB	31	PROB	52	3.394131
PROB	31	PROB	54	1.516260
PROB	31	PROB	62	0.300376
PROB	32	PROB	33	3.384456
PROB	33	PROB	34	3.269696
PROB	33	PROB	35	1.735626
PROB	33	PROB	36	3.363636
PROB	33	PROB	48	1.213560
PROB	33	PROB	52	0.146254
PROB	34	PROB	35	3.357939
PROB	34	PROB	36	0.622799
PROB	34	PROB	37	0.066667
PROB	34	PROB	38	0.133333
PROB	35	PROB	36	2.507015
PROB	35	PROB	37	0.550482
PROB	35	PROB	38	2.917554
PROB	35	PROB	39	0.391293
PROB	35	PROB	48	0.047673
PROB	36	PROB	37	3.269696
PROB	36	PROB	38	0.856349
PROB	36	PROB	39	3.873601
PROB	36	PROB	45	0.061546
PROB	36	PROB	48	1.483240
PROB	37	PROB	38	2.933333
PROB	37	PROB	39	1.125463
PROB	38	PROB	39	2.784040
PROB	38	PROB	40	1.104105
PROB	39	PROB	40	3.310952
PROB	39	PROB	41	1.348907
PROB	39	PROB	44	2.684262
PROB	39	PROB	45	2.669270
PROB	39	PROB	48	2.103256
PROB	40	PROB	41	3.571429
PROB	40	PROB	44	0.507093
PROB	41	PROB	42	4.949747
PROB	41	PROB	43	4.109697
PROB	41	PROB	44	4.732864
PROB	41	PROB	45	0.981981
PROB	41	PROB	46	0.059761
PROB	42	PROB	43	4.102581
PROB	42	PROB	44	1.314751
PROB	42	PROB	45	2.391702
PROB	42	PROB	46	2.281916
PROB	42	PROB	47	0.113961
PROB	43	PROB	44	4.099889
PROB	43	PROB	45	0.615457
PROB	43	PROB	46	1.887760
PROB	43	PROB	47	1.272727
PROB	44	PROB	45	2.711088
PROB	44	PROB	46	0.707107
PROB	44	PROB	47	2.479003
PROB	44	PROB	48	0.848528
PROB	44	PROB	49	0.072548
PROB	45	PROB	46	4.107919
PROB	45	PROB	47	0.800095
PROB	45	PROB	48	1.551881
PROB	45	PROB	49	3.043904
PROB	45	PROB	50	0.052705
PROB	45	PROB	62	0.044544
PROB	45	PROB	63	1.030244
PROB	45	PROB	66	1.077074
PROB	45	PROB	67	0.228218
PROB	46	PROB	47	2.764219
PROB	46	PROB	48	0.450000
PROB	46	PROB	49	2.308451
PROB	46	PROB	50	0.750555
PROB	46	PROB	51	0.067420
PROB	46	PROB	55	2.051957
PROB	46	PROB	63	1.590266
PROB	46	PROB	67	0.300000
PROB	47	PROB	48	2.966479
PROB	47	PROB	49	0.968400
PROB	47	PROB	50	2.024097
PROB	47	PROB	51	1.545455
PROB	47	PROB	52	0.073127
PROB	48	PROB	49	3.180533
PROB	48	PROB	50	0.577350
PROB	48	PROB	51	1.820340
PROB	48	PROB	52	2.765863
PROB	49	PROB	50	2.073221
PROB	49	PROB	51	0.622543
PROB	49	PROB	52	1.001547
PROB	49	PROB	53	0.429198
PROB	49	PROB	54	3.325989
PROB	49	PROB	55	3.894737
PROB	49	PROB	62	2.202755
PROB	49	PROB	63	1.000000
PROB	49	PROB	66	0.105263
PROB	50	PROB	51	3.425395
PROB	50	PROB	52	0.626224
PROB	50	PROB	53	0.966092
PROB	50	PROB	54	0.550482
PROB	50	PROB	55	4.027972
PROB	50	PROB	56	0.223607
PROB	51	PROB	52	3.071344
PROB	51	PROB	53	1.611646
PROB	52	PROB	53	3.824402
PROB	52	PROB	54	1.551263
PROB	53	PROB	54	2.564113
PROB	53	PROB	55	0.674453
PROB	54	PROB	55	2.885784
PROB	54	PROB	62	3.675413
PROB	55	PROB	56	3.245104
PROB	55	PROB	59	0.858395
PROB	55	PROB	60	2.315789
PROB	55	PROB	61	0.069171
PROB	55	PROB	62	0.400501
PROB	55	PROB	63	3.157895
PROB	56	PROB	57	4.000473
PROB	56	PROB	58	1.500000
PROB	56	PROB	59	4.474797
PROB	56	PROB	60	1.059626
PROB	57	PROB	58	3.631199
PROB	57	PROB	59	0.626783
PROB	57	PROB	60	0.097823
PROB	57	PROB	82	0.837436
PROB	57	PROB	87	0.293470
PROB	58	PROB	59	4.397645
PROB	58	PROB	60	0.264906
PROB	58	PROB	82	0.377964
PROB	58	PROB	87	2.582838
PROB	59	PROB	60	3.556208
PROB	59	PROB	61	0.966988
PROB	59	PROB	82	0.058321
PROB	59	PROB	87	0.183942
PROB	60	PROB	61	2.490172
PROB	60	PROB	62	0.400501
PROB	60	PROB	63	3.210526
PROB	60	PROB	64	0.651584
PROB	60	PROB	79	3.383882
PROB	60	PROB	82	1.952442
PROB	60	PROB	87	0.052632
PROB	61	PROB	62	2.631807
PROB	61	PROB	63	0.622543
PROB	61	PROB	64	3.347545
PROB	61	PROB	65	2.486326
PROB	61	PROB	66	0.069171
PROB	62	PROB	63	2.903632
PROB	62	PROB	64	0.845154
PROB	62	PROB	65	1.852396
PROB	62	PROB	66	3.304133
PROB	62	PROB	67	0.048795
PROB	63	PROB	64	3.080214
PROB	63	PROB	65	0.778981
PROB	63	PROB	66	2.157895
PROB	63	PROB	67	2.462348
PROB	63	PROB	79	2.064742
PROB	64	PROB	65	3.318989
PROB	64	PROB	66	0.651584
PROB	64	PROB	67	1.789786
PROB	64	PROB	68	0.400000
PROB	64	PROB	76	2.487865
PROB	64	PROB	79	1.807392
PROB	64	PROB	80	0.129099
PROB	65	PROB	66	2.281301
PROB	65	PROB	67	0.542326
PROB	65	PROB	68	1.064581
PROB	65	PROB	69	0.500773
PROB	65	PROB	70	0.073127
PROB	66	PROB	67	2.564946
PROB	66	PROB	68	0.533114
PROB	66	PROB	69	2.368421
PROB	66	PROB	70	1.245086
PROB	66	PROB	71	0.046829
PROB	67	PROB	68	2.251666
PROB	67	PROB	69	0.410391
PROB	67	PROB	70	2.157440
PROB	67	PROB	71	0.410792
PROB	67	PROB	72	1.551881
PROB	67	PROB	73	0.059761
PROB	67	PROB	75	3.642223
PROB	67	PROB	76	3.180533
PROB	67	PROB	79	1.397542
PROB	68	PROB	69	3.080214
PROB	68	PROB	70	0.934199
PROB	68	PROB	71	1.212206
PROB	68	PROB	72	0.210819
PROB	68	PROB	76	0.355409
PROB	69	PROB	70	2.905201
PROB	69	PROB	71	2.481952
PROB	70	PROB	71	3.631199
PROB	70	PROB	72	2.892650
PROB	70	PROB	75	0.069171
PROB	71	PROB	72	2.208333
PROB	71	PROB	73	0.600099
PROB	72	PROB	73	2.945942
PROB	72	PROB	74	2.828427
PROB	72	PROB	75	5.104393
PROB	72	PROB	76	0.468293
PROB	73	PROB	74	4.706252
PROB	73	PROB	75	0.613139
PROB	73	PROB	76	2.329929
PROB	73	PROB	77	1.214286
PROB	74	PROB	75	3.178878
PROB	74	PROB	76	0.794719
PROB	74	PROB	77	2.160247
PROB	74	PROB	78	0.350070
PROB	75	PROB	76	2.052632
PROB	75	PROB	77	0.797081
PROB	75	PROB	78	1.001547
PROB	75	PROB	79	0.286770
PROB	76	PROB	77	2.881755
PROB	76	PROB	78	0.723339
PROB	76	PROB	79	2.007388
PROB	76	PROB	80	2.982405
PROB	76	PROB	81	0.066227
PROB	77	PROB	78	3.435480
PROB	77	PROB	79	0.935414
PROB	77	PROB	80	1.403122
PROB	77	PROB	81	1.697337
PROB	77	PROB	82	0.058321
PROB	78	PROB	79	2.728526
PROB	78	PROB	80	0.545705
PROB	78	PROB	81	1.960392
PROB	78	PROB	82	0.635107
PROB	78	PROB	83	0.049507
PROB	79	PROB	80	3.062500
PROB	79	PROB	81	1.154701
PROB	79	PROB	82	1.309307
PROB	79	PROB	83	0.918559
PROB	79	PROB	84	0.066815
PROB	80	PROB	81	2.886751
PROB	80	PROB	82	0.545545
PROB	80	PROB	83	1.632993
PROB	80	PROB	84	3.273950
PROB	80	PROB	85	0.051031
PROB	81	PROB	82	2.708745
PROB	81	PROB	83	0.589256
PROB	81	PROB	84	1.697337
PROB	81	PROB	85	3.771236
PROB	81	PROB	86	0.216506
PROB	82	PROB	83	2.227177
PROB	82	PROB	84	0.466569
PROB	82	PROB	85	1.024501
PROB	82	PROB	86	4.037031
PROB	82	PROB	87	2.903632
PROB	83	PROB	84	3.109605
PROB	83	PROB	85	0.291667
PROB	83	PROB	86	0.102062
PROB	83	PROB	87	2.247806
PROB	83	PROB	88	0.217597
PROB	84	PROB	85	2.345842
PROB	84	PROB	86	0.133631
PROB	84	PROB	88	1.253566
PROB	85	PROB	86	4.082483
PROB	85	PROB	87	0.421464
PROB	85	PROB	88	0.739830
PROB	85	PROB	89	0.410792
PROB	86	PROB	87	3.957421
PROB	86	PROB	88	0.746203
PROB	86	PROB	89	2.347871
PROB	87	PROB	88	1.956464
PROB	87	PROB	89	0.461690
PROB	88	PROB	89	1.954598
