PROA	11	PROA	12	2.969287
PROA	11	PROA	13	0.666973
PROA	11	PROA	18	1.312500
PROA	11	PROA	19	0.055902
PROA	11	PROA	20	0.072169
PROA	12	PROA	13	3.193744
PROA	12	PROA	14	0.064550
PROA	12	PROA	17	0.062622
PROA	12	PROA	18	0.516398
PROA	12	PROA	19	0.981495
PROA	12	PROA	25	0.056344
PROA	12	PROA	26	0.966092
PROA	12	PROA	27	1.242118
PROA	12	PROA	28	3.494858
PROA	13	PROA	14	2.971061
PROA	13	PROA	16	0.275010
PROA	13	PROA	17	0.941176
PROA	13	PROA	18	2.364722
PROA	13	PROA	19	0.379628
PROA	14	PROA	15	3.725266
PROA	14	PROA	16	0.944911
PROA	14	PROA	17	1.940285
PROA	14	PROA	18	0.125000
PROA	14	PROA	19	1.173936
PROA	14	PROA	28	1.548556
PROA	14	PROA	29	1.582935
PROA	14	PROA	30	2.727724
PROA	14	PROA	40	1.432179
PROA	15	PROA	16	2.546005
PROA	15	PROA	17	1.485221
PROA	15	PROA	30	4.543441
PROA	15	PROA	38	1.485221
PROA	16	PROA	17	5.316851
PROA	16	PROA	18	0.377964
PROA	17	PROA	18	2.910428
PROA	17	PROA	19	1.626978
PROA	17	PROA	38	0.470588
PROA	17	PROA	55	1.189302
PROA	18	PROA	19	3.074593
PROA	18	PROA	20	1.515544
PROA	18	PROA	55	0.159901
PROA	18	PROA	100	0.072169
PROA	18	PROA	102	0.163663
PROA	19	PROA	20	2.194691
PROA	19	PROA	21	1.956559
PROA	19	PROA	22	0.084515
PROA	19	PROA	28	2.975337
PROA	19	PROA	38	1.084652
PROA	19	PROA	39	0.223607
PROA	19	PROA	40	1.820340
PROA	19	PROA	53	1.179875
PROA	19	PROA	55	2.192964
PROA	19	PROA	102	1.903005
PROA	20	PROA	21	2.886751
PROA	20	PROA	22	0.872872
PROA	20	PROA	90	0.264906
PROA	20	PROA	100	0.166667
PROA	20	PROA	102	2.645751
PROA	21	PROA	22	4.063118
PROA	21	PROA	23	0.133631
PROA	21	PROA	25	2.564060
PROA	21	PROA	28	1.605910
PROA	21	PROA	42	0.079057
PROA	21	PROA	53	3.039758
PROA	21	PROA	90	3.842714
PROA	21	PROA	102	3.436932
PROA	21	PROA	104	0.812500
PROA	22	PROA	23	5.555839
PROA	22	PROA	24	0.848668
PROA	22	PROA	25	1.649572
PROA	22	PROA	26	0.303046
PROA	22	PROA	90	0.260133
PROA	23	PROA	24	2.618615
PROA	23	PROA	25	0.874818
PROA	23	PROA	26	0.714286
PROA	23	PROA	45	0.357143
PROA	24	PROA	25	5.746117
PROA	24	PROA	26	0.327327
PROA	24	PROA	43	0.133631
PROA	24	PROA	44	2.710576
PROA	24	PROA	45	2.509506
PROA	24	PROA	46	3.674235
PROA	24	PROA	47	1.309307
PROA	24	PROA	87	0.054554
PROA	24	PROA	88	0.766032
PROA	25	PROA	26	2.916059
PROA	25	PROA	28	0.150188
PROA	25	PROA	42	1.173111
PROA	25	PROA	43	0.904762
PROA	25	PROA	44	2.204793
PROA	25	PROA	45	1.108103
PROA	25	PROA	51	1.472971
PROA	25	PROA	53	1.301628
PROA	25	PROA	87	0.174964
PROA	25	PROA	88	1.511858
PROA	25	PROA	90	1.652066
PROA	25	PROA	104	2.564060
PROA	26	PROA	27	5.214286
PROA	26	PROA	28	0.858395
PROA	26	PROA	42	1.352247
PROA	26	PROA	43	2.157884
PROA	26	PROA	44	0.154303
PROA	26	PROA	45	2.857143
PROA	27	PROA	28	3.310952
PROA	27	PROA	29	0.483494
PROA	27	PROA	41	0.241747
PROA	27	PROA	42	1.521278
PROA	27	PROA	43	1.574672
PROA	27	PROA	45	0.071429
PROA	27	PROA	50	1.582080
PROA	28	PROA	29	3.389401
PROA	28	PROA	40	2.351829
PROA	28	PROA	41	0.968400
PROA	28	PROA	42	3.192096
PROA	28	PROA	50	0.093659
PROA	28	PROA	53	1.526316
PROA	29	PROA	30	2.697602
PROA	29	PROA	31	0.553372
PROA	29	PROA	40	2.363636
PROA	29	PROA	41	3.363636
PROA	29	PROA	42	0.095346
PROA	29	PROA	50	0.061546
PROA	30	PROA	31	3.604508
PROA	30	PROA	32	3.958973
PROA	30	PROA	33	0.676123
PROA	30	PROA	38	1.428992
PROA	30	PROA	39	0.327327
PROA	30	PROA	40	1.118518
PROA	30	PROA	41	0.328976
PROA	31	PROA	32	4.075417
PROA	31	PROA	39	3.728006
PROA	31	PROA	40	2.766858
PROA	31	PROA	41	3.112715
PROA	31	PROA	107	0.526316
PROA	32	PROA	33	3.708420
PROA	32	PROA	34	0.571429
PROA	32	PROA	38	1.008368
PROA	32	PROA	39	3.874136
PROA	32	PROA	40	0.227921
PROA	33	PROA	34	4.391550
PROA	33	PROA	37	0.683130
PROA	33	PROA	38	3.694723
PROA	33	PROA	39	1.161895
PROA	34	PROA	35	3.824732
PROA	34	PROA	36	0.577350
PROA	34	PROA	37	2.857143
PROA	34	PROA	38	0.458349
PROA	34	PROA	39	1.606349
PROA	34	PROA	54	0.080582
PROA	35	PROA	36	5.865557
PROA	35	PROA	37	1.075706
PROA	35	PROA	64	0.069007
PROA	35	PROA	67	1.097345
PROA	36	PROA	37	2.969230
PROA	36	PROA	55	0.372194
PROA	36	PROA	56	3.904884
PROA	36	PROA	57	1.908060
PROA	36	PROA	58	0.991460
PROA	36	PROA	64	1.952381
PROA	36	PROA	67	2.583525
PROA	36	PROA	68	2.624453
PROA	36	PROA	71	0.281718
PROA	36	PROA	169	0.329914
PROA	37	PROA	38	3.483454
PROA	37	PROA	39	0.661438
PROA	37	PROA	55	2.739798
PROA	37	PROA	56	0.520266
PROA	37	PROA	57	0.455842
PROA	38	PROA	39	2.971061
PROA	38	PROA	40	0.365636
PROA	38	PROA	53	0.055641
PROA	38	PROA	54	0.206835
PROA	38	PROA	55	2.120060
PROA	39	PROA	40	3.995025
PROA	39	PROA	41	0.150756
PROA	39	PROA	52	0.474342
PROA	39	PROA	53	0.917663
PROA	39	PROA	54	3.997513
PROA	39	PROA	55	0.319801
PROA	40	PROA	41	4.181818
PROA	40	PROA	42	0.476731
PROA	40	PROA	51	0.075378
PROA	40	PROA	52	0.667424
PROA	40	PROA	53	3.389401
PROA	40	PROA	54	0.128565
PROA	41	PROA	42	4.385928
PROA	41	PROA	50	2.092555
PROA	41	PROA	51	0.603023
PROA	41	PROA	52	0.572078
PROA	41	PROA	53	0.553372
PROA	41	PROA	107	1.314257
PROA	42	PROA	43	3.381321
PROA	42	PROA	44	0.365148
PROA	42	PROA	49	0.079057
PROA	42	PROA	50	2.904738
PROA	42	PROA	51	3.399448
PROA	42	PROA	52	0.300000
PROA	42	PROA	53	2.394072
PROA	42	PROA	107	0.072548
PROA	43	PROA	44	3.590662
PROA	43	PROA	45	1.458030
PROA	43	PROA	48	2.512307
PROA	43	PROA	49	1.200198
PROA	43	PROA	50	3.919832
PROA	43	PROA	51	0.600099
PROA	44	PROA	45	3.548977
PROA	44	PROA	46	1.804220
PROA	44	PROA	47	2.160247
PROA	44	PROA	48	1.661735
PROA	44	PROA	49	3.536270
PROA	44	PROA	50	0.294628
PROA	44	PROA	51	2.092895
PROA	44	PROA	87	0.077152
PROA	45	PROA	46	2.806243
PROA	45	PROA	47	0.285714
PROA	45	PROA	48	1.880350
PROA	46	PROA	47	4.276180
PROA	46	PROA	48	1.225904
PROA	47	PROA	48	3.076936
PROA	47	PROA	49	2.806243
PROA	48	PROA	49	2.345208
PROA	49	PROA	50	2.908769
PROA	49	PROA	51	1.437500
PROA	50	PROA	51	2.806707
PROA	50	PROA	52	0.064550
PROA	50	PROA	107	1.217562
PROA	51	PROA	52	4.348132
PROA	51	PROA	53	1.720618
PROA	51	PROA	87	0.668153
PROA	51	PROA	104	2.062500
PROA	51	PROA	105	0.727607
PROA	51	PROA	106	0.288675
PROA	51	PROA	107	1.605910
PROA	52	PROA	53	3.192096
PROA	52	PROA	54	0.674200
PROA	52	PROA	103	0.072548
PROA	52	PROA	104	0.869626
PROA	52	PROA	105	3.067860
PROA	52	PROA	106	1.460593
PROA	52	PROA	107	3.627381
PROA	52	PROA	108	0.153393
PROA	53	PROA	54	2.494492
PROA	53	PROA	55	0.440204
PROA	53	PROA	90	0.052632
PROA	53	PROA	102	1.451816
PROA	53	PROA	103	0.473684
PROA	53	PROA	104	2.638281
PROA	53	PROA	105	0.166924
PROA	54	PROA	55	1.909091
PROA	54	PROA	56	1.467348
PROA	54	PROA	101	0.106600
PROA	54	PROA	102	0.418718
PROA	54	PROA	103	2.347757
PROA	54	PROA	104	0.266501
PROA	54	PROA	105	0.620505
PROA	54	PROA	156	0.293470
PROA	54	PROA	166	0.064282
PROA	55	PROA	56	2.592315
PROA	55	PROA	57	1.799908
PROA	55	PROA	100	2.523376
PROA	55	PROA	101	0.319801
PROA	55	PROA	102	2.977549
PROA	55	PROA	103	0.097823
PROA	56	PROA	57	3.666087
PROA	56	PROA	58	2.391243
PROA	56	PROA	68	1.226279
PROA	56	PROA	72	0.052632
PROA	56	PROA	99	0.048912
PROA	56	PROA	100	0.529813
PROA	56	PROA	101	3.039758
PROA	56	PROA	102	0.300376
PROA	56	PROA	103	2.052632
PROA	57	PROA	58	4.996102
PROA	57	PROA	59	0.809040
PROA	57	PROA	64	0.197386
PROA	57	PROA	99	0.771389
PROA	57	PROA	100	2.175971
PROA	57	PROA	101	0.376889
PROA	58	PROA	59	6.573757
PROA	58	PROA	60	0.621059
PROA	58	PROA	61	1.166767
PROA	58	PROA	64	2.624453
PROA	58	PROA	65	1.531064
PROA	58	PROA	68	2.500000
PROA	58	PROA	99	0.056980
PROA	58	PROA	101	0.133631
PROA	58	PROA	347	0.551825
PROA	59	PROA	60	2.655811
PROA	59	PROA	61	0.705024
PROA	59	PROA	65	0.943880
PROA	59	PROA	98	2.603165
PROA	59	PROA	99	1.144155
PROA	59	PROA	100	0.387298
PROA	59	PROA	101	1.341641
PROA	59	PROA	340	1.144155
PROA	59	PROA	341	0.057735
PROA	59	PROA	344	3.003407
PROA	59	PROA	347	1.949359
PROA	60	PROA	61	3.569478
PROA	60	PROA	62	0.187867
PROA	60	PROA	65	0.077850
PROA	60	PROA	340	2.752409
PROA	60	PROA	344	0.055048
PROA	61	PROA	62	2.117647
PROA	61	PROA	63	1.750150
PROA	61	PROA	64	4.075272
PROA	61	PROA	65	1.681927
PROA	61	PROA	340	0.930758
PROA	62	PROA	63	3.759582
PROA	62	PROA	64	0.635107
PROA	62	PROA	65	2.413199
PROA	62	PROA	66	2.000000
PROA	62	PROA	67	0.049507
PROA	62	PROA	336	0.210042
PROA	62	PROA	338	0.500773
PROA	62	PROA	339	1.101946
PROA	62	PROA	340	3.205944
PROA	62	PROA	343	0.890264
PROA	63	PROA	64	3.557592
PROA	63	PROA	65	0.805823
PROA	63	PROA	66	2.009432
PROA	63	PROA	67	1.091089
PROA	64	PROA	65	2.566012
PROA	64	PROA	66	0.476331
PROA	64	PROA	67	2.227177
PROA	64	PROA	68	1.632993
PROA	64	PROA	69	0.050063
PROA	65	PROA	66	2.998217
PROA	65	PROA	67	0.677003
PROA	65	PROA	68	2.256304
PROA	65	PROA	69	0.830057
PROA	65	PROA	70	0.061546
PROA	65	PROA	335	0.069171
PROA	65	PROA	340	1.285649
PROA	65	PROA	343	3.043544
PROA	65	PROA	344	0.257130
PROA	65	PROA	347	1.452600
PROA	66	PROA	67	2.376354
PROA	66	PROA	68	0.583383
PROA	66	PROA	69	1.001547
PROA	66	PROA	70	1.584236
PROA	66	PROA	71	0.062622
PROA	66	PROA	172	0.049507
PROA	66	PROA	335	3.004640
PROA	66	PROA	336	0.420084
PROA	66	PROA	343	2.392584
PROA	67	PROA	68	2.509506
PROA	67	PROA	69	0.421464
PROA	67	PROA	70	0.791667
PROA	67	PROA	71	0.737865
PROA	67	PROA	169	3.703280
PROA	67	PROA	170	1.358049
PROA	68	PROA	69	2.452557
PROA	68	PROA	70	0.600099
PROA	68	PROA	71	2.346223
PROA	68	PROA	72	1.778104
PROA	68	PROA	73	0.056980
PROA	68	PROA	169	0.202031
PROA	68	PROA	347	0.981023
PROA	69	PROA	70	2.060489
PROA	69	PROA	71	0.710819
PROA	69	PROA	72	1.368421
PROA	69	PROA	73	2.885784
PROA	69	PROA	333	0.055641
PROA	69	PROA	335	1.684211
PROA	69	PROA	343	2.052632
PROA	69	PROA	346	2.631579
PROA	69	PROA	347	3.578947
PROA	69	PROA	350	1.540107
PROA	70	PROA	71	2.055480
PROA	70	PROA	72	0.374634
PROA	70	PROA	73	0.826869
PROA	70	PROA	74	0.936586
PROA	70	PROA	75	0.046829
PROA	70	PROA	168	0.273861
PROA	70	PROA	169	0.771517
PROA	70	PROA	171	0.903696
PROA	70	PROA	172	3.375000
PROA	70	PROA	331	2.008316
PROA	70	PROA	333	0.049507
PROA	70	PROA	334	0.737865
PROA	70	PROA	335	4.401953
PROA	70	PROA	336	0.176777
PROA	71	PROA	72	3.317154
PROA	71	PROA	73	0.440386
PROA	71	PROA	74	1.362402
PROA	71	PROA	75	3.080214
PROA	71	PROA	76	0.059235
PROA	71	PROA	86	0.059235
PROA	71	PROA	103	0.059235
PROA	71	PROA	167	0.596285
PROA	71	PROA	168	3.868247
PROA	71	PROA	169	4.001190
PROA	72	PROA	73	2.152110
PROA	72	PROA	74	0.526316
PROA	72	PROA	75	1.315789
PROA	72	PROA	76	2.263158
PROA	72	PROA	77	0.046829
PROA	72	PROA	86	0.578947
PROA	72	PROA	89	1.210526
PROA	72	PROA	101	0.114708
PROA	72	PROA	103	1.210526
PROA	72	PROA	347	0.578947
PROA	72	PROA	350	1.895516
PROA	72	PROA	351	0.674453
PROA	72	PROA	354	0.051299
PROA	73	PROA	74	2.152110
PROA	73	PROA	75	0.293470
PROA	73	PROA	76	1.124967
PROA	73	PROA	77	0.609272
PROA	73	PROA	329	0.381385
PROA	73	PROA	331	0.715097
PROA	73	PROA	333	0.051709
PROA	73	PROA	335	0.048912
PROA	73	PROA	346	0.097823
PROA	73	PROA	350	2.312024
PROA	74	PROA	75	2.315789
PROA	74	PROA	76	0.368421
PROA	74	PROA	77	1.123903
PROA	74	PROA	78	1.898060
PROA	74	PROA	83	0.105263
PROA	74	PROA	140	0.105263
PROA	74	PROA	145	1.491202
PROA	74	PROA	168	2.257152
PROA	74	PROA	171	1.958786
PROA	74	PROA	173	0.057354
PROA	74	PROA	329	1.179875
PROA	74	PROA	331	1.282473
PROA	75	PROA	76	2.368421
PROA	75	PROA	77	0.374634
PROA	75	PROA	78	0.410391
PROA	75	PROA	79	0.655610
PROA	75	PROA	83	1.052632
PROA	75	PROA	84	2.052632
PROA	75	PROA	85	0.346844
PROA	75	PROA	86	2.947368
PROA	75	PROA	103	0.052632
PROA	75	PROA	105	0.723339
PROA	75	PROA	166	0.069171
PROA	75	PROA	167	0.132453
PROA	75	PROA	168	2.308451
PROA	76	PROA	77	1.685854
PROA	76	PROA	78	0.307794
PROA	76	PROA	79	2.997075
PROA	76	PROA	86	1.947368
PROA	76	PROA	89	0.421053
PROA	76	PROA	350	0.651584
PROA	76	PROA	353	1.451708
PROA	76	PROA	354	1.692864
PROA	77	PROA	78	6.024948
PROA	77	PROA	79	0.375000
PROA	77	PROA	139	0.935414
PROA	77	PROA	143	0.516398
PROA	77	PROA	145	0.051031
PROA	77	PROA	326	2.371708
PROA	77	PROA	327	0.774597
PROA	77	PROA	328	0.218218
PROA	77	PROA	329	2.784256
PROA	78	PROA	79	1.871385
PROA	78	PROA	80	1.247350
PROA	78	PROA	83	1.795462
PROA	78	PROA	139	3.854805
PROA	78	PROA	140	2.513647
PROA	78	PROA	143	1.202082
PROA	78	PROA	145	2.068363
PROA	78	PROA	329	1.000000
PROA	79	PROA	80	2.524876
PROA	79	PROA	83	0.140488
PROA	79	PROA	85	0.462910
PROA	79	PROA	86	0.093659
PROA	79	PROA	139	0.133631
PROA	80	PROA	81	5.135039
PROA	80	PROA	82	2.592815
PROA	80	PROA	83	3.672338
PROA	80	PROA	85	0.091670
PROA	80	PROA	135	0.198030
PROA	80	PROA	136	1.100038
PROA	80	PROA	139	2.381653
PROA	80	PROA	164	0.051709
PROA	81	PROA	82	3.864367
PROA	81	PROA	83	0.533114
PROA	81	PROA	135	1.686548
PROA	81	PROA	163	0.059235
PROA	81	PROA	164	1.596397
PROA	82	PROA	83	2.697813
PROA	82	PROA	84	0.122628
PROA	82	PROA	132	2.787276
PROA	82	PROA	135	2.673169
PROA	82	PROA	136	3.030458
PROA	82	PROA	162	0.077152
PROA	82	PROA	163	1.287593
PROA	82	PROA	164	1.766389
PROA	82	PROA	165	1.348907
PROA	83	PROA	84	2.789474
PROA	83	PROA	85	0.606977
PROA	83	PROA	136	1.820931
PROA	83	PROA	139	0.650814
PROA	83	PROA	140	1.105263
PROA	83	PROA	164	1.076055
PROA	83	PROA	165	3.263158
PROA	83	PROA	166	0.069171
PROA	83	PROA	168	1.590266
PROA	84	PROA	85	4.162128
PROA	84	PROA	86	0.210526
PROA	84	PROA	105	3.004640
PROA	84	PROA	106	1.125853
PROA	84	PROA	108	1.613603
PROA	84	PROA	156	0.842105
PROA	84	PROA	164	3.961840
PROA	84	PROA	165	1.210526
PROA	84	PROA	166	1.798458
PROA	84	PROA	167	0.132453
PROA	84	PROA	168	0.718185
PROA	85	PROA	86	3.381729
PROA	85	PROA	87	0.404061
PROA	85	PROA	104	0.094491
PROA	85	PROA	105	2.291746
PROA	85	PROA	106	0.218218
PROA	85	PROA	164	0.161165
PROA	86	PROA	87	3.065697
PROA	86	PROA	88	1.788119
PROA	86	PROA	89	1.473684
PROA	86	PROA	103	2.947368
PROA	86	PROA	104	0.975017
PROA	86	PROA	105	2.225660
PROA	86	PROA	354	0.205196
PROA	87	PROA	88	4.089039
PROA	87	PROA	104	3.207135
PROA	87	PROA	105	0.842665
PROA	87	PROA	106	0.462910
PROA	87	PROA	354	0.239046
PROA	88	PROA	89	3.774917
PROA	88	PROA	90	1.390759
PROA	88	PROA	102	0.062994
PROA	88	PROA	103	0.596040
PROA	88	PROA	104	4.041452
PROA	88	PROA	354	1.226445
PROA	89	PROA	90	3.210526
PROA	89	PROA	91	0.702439
PROA	89	PROA	101	0.975017
PROA	89	PROA	102	0.650814
PROA	89	PROA	103	2.473684
PROA	89	PROA	104	0.573539
PROA	89	PROA	350	0.059235
PROA	89	PROA	351	2.759127
PROA	89	PROA	354	5.232490
PROA	89	PROA	355	1.112830
PROA	90	PROA	91	2.575611
PROA	90	PROA	101	0.573539
PROA	90	PROA	102	3.304133
PROA	90	PROA	103	0.105263
PROA	90	PROA	104	1.376494
PROA	90	PROA	355	0.612056
PROA	91	PROA	92	4.324831
PROA	91	PROA	93	1.091089
PROA	91	PROA	94	0.272772
PROA	91	PROA	98	1.633743
PROA	91	PROA	100	0.412479
PROA	91	PROA	101	2.296397
PROA	91	PROA	102	0.356348
PROA	91	PROA	348	3.970989
PROA	91	PROA	349	0.105409
PROA	91	PROA	351	3.164159
PROA	91	PROA	352	2.646539
PROA	91	PROA	355	3.118965
PROA	92	PROA	93	4.648348
PROA	92	PROA	94	1.859339
PROA	92	PROA	97	1.687323
PROA	92	PROA	98	3.067860
PROA	92	PROA	99	0.202260
PROA	92	PROA	100	0.091287
PROA	92	PROA	348	0.141421
PROA	93	PROA	94	3.642857
PROA	93	PROA	97	0.064820
PROA	93	PROA	348	0.537853
PROA	93	PROA	355	0.064820
PROA	94	PROA	95	3.065697
PROA	94	PROA	96	2.691256
PROA	94	PROA	97	3.046558
PROA	94	PROA	98	0.907485
PROA	94	PROA	348	1.195229
PROA	95	PROA	96	4.324147
PROA	95	PROA	97	0.500773
PROA	95	PROA	98	2.670791
PROA	95	PROA	344	2.005376
PROA	95	PROA	345	1.777047
PROA	95	PROA	348	3.437027
PROA	96	PROA	97	3.005877
PROA	96	PROA	98	0.626224
PROA	96	PROA	99	0.495434
PROA	96	PROA	344	0.055048
PROA	97	PROA	98	2.000000
PROA	97	PROA	99	1.913224
PROA	98	PROA	99	2.688856
PROA	98	PROA	100	0.840168
PROA	98	PROA	101	1.515848
PROA	98	PROA	344	0.310253
PROA	98	PROA	347	1.057188
PROA	98	PROA	348	2.169305
PROA	98	PROA	351	0.259281
PROA	99	PROA	100	3.138833
PROA	99	PROA	101	0.213201
PROA	100	PROA	101	4.041452
PROA	100	PROA	102	2.960722
PROA	101	PROA	102	3.382377
PROA	101	PROA	103	1.319140
PROA	101	PROA	347	0.229416
PROA	101	PROA	351	0.801784
PROA	102	PROA	103	2.202755
PROA	102	PROA	104	0.600099
PROA	103	PROA	104	3.154466
PROA	103	PROA	105	1.279754
PROA	104	PROA	105	3.456133
PROA	105	PROA	106	3.430686
PROA	105	PROA	107	0.278207
PROA	106	PROA	107	2.980198
PROA	106	PROA	108	2.730546
PROA	106	PROA	164	0.369274
PROA	107	PROA	108	3.394131
PROA	107	PROA	109	0.236940
PROA	107	PROA	158	0.061314
PROA	108	PROA	109	2.442275
PROA	108	PROA	110	0.907485
PROA	108	PROA	156	2.837716
PROA	108	PROA	157	0.945905
PROA	108	PROA	158	2.139072
PROA	108	PROA	159	0.129641
PROA	108	PROA	164	1.241010
PROA	109	PROA	110	5.037479
PROA	109	PROA	115	0.059235
PROA	109	PROA	157	0.770054
PROA	109	PROA	158	0.897085
PROA	109	PROA	159	3.588341
PROA	110	PROA	111	4.706252
PROA	110	PROA	112	0.367884
PROA	110	PROA	114	0.797724
PROA	110	PROA	115	4.353289
PROA	110	PROA	155	0.061314
PROA	110	PROA	156	0.797081
PROA	110	PROA	157	3.494894
PROA	111	PROA	112	2.715291
PROA	111	PROA	113	2.015811
PROA	111	PROA	114	2.646467
PROA	111	PROA	115	1.059626
PROA	111	PROA	116	0.066227
PROA	111	PROA	152	0.462910
PROA	111	PROA	153	1.653738
PROA	111	PROA	154	0.077152
PROA	111	PROA	155	0.794719
PROA	111	PROA	156	2.847745
PROA	111	PROA	157	1.059626
PROA	112	PROA	113	2.052567
PROA	112	PROA	114	0.538028
PROA	112	PROA	115	2.368421
PROA	112	PROA	116	3.105263
PROA	112	PROA	117	0.048912
PROA	112	PROA	121	0.210526
PROA	112	PROA	129	1.282473
PROA	112	PROA	133	0.526316
PROA	112	PROA	152	4.537231
PROA	112	PROA	153	0.138343
PROA	112	PROA	155	3.684211
PROA	112	PROA	156	0.315789
PROA	112	PROA	157	2.631579
PROA	112	PROA	163	0.842105
PROA	112	PROA	217	1.315789
PROA	112	PROA	221	0.667698
PROA	113	PROA	114	3.070598
PROA	113	PROA	115	0.600751
PROA	113	PROA	116	1.752192
PROA	113	PROA	117	3.024074
PROA	113	PROA	152	2.566132
PROA	113	PROA	153	1.513289
PROA	113	PROA	220	0.056344
PROA	114	PROA	115	1.907552
PROA	114	PROA	116	0.440204
PROA	114	PROA	117	1.909091
PROA	114	PROA	118	1.082625
PROA	114	PROA	119	0.051709
PROA	115	PROA	116	2.105263
PROA	115	PROA	117	0.684762
PROA	115	PROA	118	1.471534
PROA	115	PROA	119	1.502320
PROA	115	PROA	121	0.578947
PROA	115	PROA	129	1.231174
PROA	115	PROA	157	2.631579
PROA	116	PROA	117	2.152110
PROA	116	PROA	118	0.490511
PROA	116	PROA	119	0.667698
PROA	116	PROA	120	0.055641
PROA	116	PROA	121	0.421053
PROA	116	PROA	152	1.532848
PROA	116	PROA	217	0.052632
PROA	116	PROA	220	1.777047
PROA	116	PROA	221	2.837716
PROA	116	PROA	224	1.655476
PROA	117	PROA	118	2.621093
PROA	117	PROA	119	0.310253
PROA	118	PROA	119	3.305839
PROA	119	PROA	120	3.941176
PROA	119	PROA	121	0.556415
PROA	120	PROA	121	2.615150
PROA	120	PROA	122	0.292509
PROA	120	PROA	224	1.037126
PROA	121	PROA	122	3.043544
PROA	121	PROA	123	0.306570
PROA	121	PROA	125	1.780528
PROA	121	PROA	126	4.315789
PROA	121	PROA	129	2.000658
PROA	121	PROA	221	1.669245
PROA	121	PROA	224	0.061314
PROA	122	PROA	123	3.223292
PROA	122	PROA	124	2.263010
PROA	122	PROA	125	3.875744
PROA	122	PROA	126	1.314257
PROA	122	PROA	127	0.090909
PROA	123	PROA	124	3.240370
PROA	123	PROA	125	0.713024
PROA	123	PROA	126	1.900732
PROA	123	PROA	127	1.208734
PROA	123	PROA	128	0.058321
PROA	123	PROA	283	1.851640
PROA	123	PROA	312	1.632993
PROA	124	PROA	125	2.870574
PROA	124	PROA	126	0.596040
PROA	124	PROA	127	2.698204
PROA	124	PROA	128	0.755929
PROA	124	PROA	129	0.064550
PROA	124	PROA	316	0.818923
PROA	125	PROA	126	2.281301
PROA	125	PROA	127	1.096909
PROA	125	PROA	128	1.217289
PROA	125	PROA	129	2.060839
PROA	125	PROA	130	0.055641
PROA	125	PROA	161	1.023781
PROA	126	PROA	127	3.320229
PROA	126	PROA	128	0.500626
PROA	126	PROA	129	1.282473
PROA	126	PROA	130	0.842105
PROA	126	PROA	131	0.050063
PROA	126	PROA	218	1.052632
PROA	126	PROA	221	3.950546
PROA	126	PROA	222	2.000000
PROA	126	PROA	312	0.801002
PROA	127	PROA	128	2.763397
PROA	127	PROA	129	0.809040
PROA	127	PROA	130	1.383429
PROA	127	PROA	131	0.921132
PROA	127	PROA	132	0.073127
PROA	127	PROA	312	2.434421
PROA	127	PROA	313	2.005972
PROA	127	PROA	315	0.146254
PROA	127	PROA	316	1.052723
PROA	128	PROA	129	2.634930
PROA	128	PROA	130	0.550689
PROA	128	PROA	131	2.285714
PROA	128	PROA	132	3.810644
PROA	128	PROA	133	0.050063
PROA	128	PROA	160	0.058321
PROA	128	PROA	161	1.644879
PROA	128	PROA	162	0.755929
PROA	128	PROA	316	3.666667
PROA	129	PROA	130	2.000658
PROA	129	PROA	131	0.341565
PROA	129	PROA	132	1.898142
PROA	129	PROA	133	1.436370
PROA	129	PROA	134	0.051299
PROA	129	PROA	157	2.257152
PROA	129	PROA	161	0.809040
PROA	129	PROA	163	1.436370
PROA	129	PROA	221	0.759257
PROA	130	PROA	131	2.403006
PROA	130	PROA	132	0.834622
PROA	130	PROA	133	2.578947
PROA	130	PROA	134	2.578947
PROA	130	PROA	135	0.046829
PROA	130	PROA	214	1.777972
PROA	130	PROA	215	0.086711
PROA	130	PROA	218	3.105263
PROA	130	PROA	221	1.279754
PROA	130	PROA	289	0.947368
PROA	130	PROA	293	0.834622
PROA	130	PROA	312	0.851064
PROA	130	PROA	313	1.789474
PROA	131	PROA	132	3.387239
PROA	131	PROA	133	0.500626
PROA	131	PROA	134	1.702129
PROA	131	PROA	135	1.870829
PROA	131	PROA	308	2.152693
PROA	131	PROA	313	3.604508
PROA	131	PROA	316	2.238095
PROA	131	PROA	317	1.047619
PROA	131	PROA	318	0.251976
PROA	132	PROA	133	2.336943
PROA	132	PROA	134	0.723339
PROA	132	PROA	135	1.881280
PROA	132	PROA	136	0.641689
PROA	132	PROA	137	0.055641
PROA	132	PROA	161	0.658145
PROA	132	PROA	162	1.330266
PROA	132	PROA	163	4.006187
PROA	132	PROA	165	0.055641
PROA	133	PROA	134	2.473684
PROA	133	PROA	135	0.655610
PROA	133	PROA	136	0.867110
PROA	133	PROA	137	1.052632
PROA	133	PROA	138	0.048912
PROA	133	PROA	150	0.789474
PROA	133	PROA	155	1.842105
PROA	133	PROA	163	3.210526
PROA	133	PROA	165	0.842105
PROA	133	PROA	214	2.122096
PROA	133	PROA	217	1.210526
PROA	133	PROA	221	0.389490
PROA	134	PROA	135	1.920001
PROA	134	PROA	136	0.693688
PROA	134	PROA	137	2.157895
PROA	134	PROA	138	0.635851
PROA	134	PROA	211	0.842105
PROA	134	PROA	214	1.892680
PROA	134	PROA	289	0.157895
PROA	134	PROA	293	1.446679
PROA	134	PROA	304	2.122096
PROA	134	PROA	307	2.684262
PROA	134	PROA	308	4.421053
PROA	134	PROA	313	1.000000
PROA	135	PROA	136	3.317522
PROA	135	PROA	137	0.468293
PROA	135	PROA	138	1.827815
PROA	135	PROA	139	0.178174
PROA	135	PROA	308	1.545367
PROA	136	PROA	137	2.688041
PROA	136	PROA	138	0.886405
PROA	136	PROA	139	1.732051
PROA	136	PROA	140	0.953821
PROA	136	PROA	165	1.907642
PROA	137	PROA	138	2.005376
PROA	137	PROA	139	0.550689
PROA	137	PROA	140	3.052632
PROA	137	PROA	141	2.003094
PROA	137	PROA	142	0.069171
PROA	137	PROA	150	0.105263
PROA	137	PROA	165	0.947368
PROA	137	PROA	210	1.655665
PROA	137	PROA	211	0.894737
PROA	137	PROA	214	0.745601
PROA	137	PROA	304	2.408865
PROA	138	PROA	139	2.093589
PROA	138	PROA	140	0.391293
PROA	138	PROA	141	1.447846
PROA	138	PROA	142	1.349931
PROA	138	PROA	143	0.067420
PROA	138	PROA	304	2.291908
PROA	138	PROA	305	1.541349
PROA	138	PROA	308	1.907552
PROA	138	PROA	322	1.816590
PROA	139	PROA	140	2.553193
PROA	139	PROA	141	0.476331
PROA	139	PROA	142	1.315903
PROA	139	PROA	143	0.690066
PROA	139	PROA	326	1.070529
PROA	140	PROA	141	2.615150
PROA	140	PROA	142	0.553372
PROA	140	PROA	143	1.305857
PROA	140	PROA	144	0.429198
PROA	140	PROA	145	4.072129
PROA	140	PROA	146	0.526316
PROA	140	PROA	147	1.557962
PROA	140	PROA	165	0.210526
PROA	140	PROA	168	0.205196
PROA	141	PROA	142	3.729489
PROA	141	PROA	143	0.843661
PROA	141	PROA	144	0.713024
PROA	141	PROA	145	0.666973
PROA	141	PROA	146	0.055641
PROA	141	PROA	207	1.551263
PROA	141	PROA	208	0.219382
PROA	141	PROA	210	0.140028
PROA	141	PROA	211	0.055641
PROA	141	PROA	304	3.092329
PROA	142	PROA	143	3.909197
PROA	142	PROA	144	0.886405
PROA	142	PROA	328	0.080582
PROA	143	PROA	144	4.901895
PROA	143	PROA	145	2.766993
PROA	143	PROA	173	0.079057
PROA	143	PROA	327	0.100000
PROA	143	PROA	328	2.112886
PROA	143	PROA	329	2.192031
PROA	144	PROA	145	2.873058
PROA	144	PROA	146	0.613139
PROA	144	PROA	173	2.004459
PROA	144	PROA	174	2.450947
PROA	144	PROA	207	0.797724
PROA	144	PROA	328	0.857143
PROA	144	PROA	329	0.418330
PROA	145	PROA	146	4.014775
PROA	145	PROA	147	0.303170
PROA	145	PROA	171	0.237171
PROA	145	PROA	172	0.612372
PROA	145	PROA	173	2.812500
PROA	145	PROA	174	0.316228
PROA	145	PROA	329	2.739183
PROA	146	PROA	147	2.225660
PROA	146	PROA	148	3.231221
PROA	146	PROA	171	0.943119
PROA	146	PROA	172	1.779513
PROA	146	PROA	173	0.802955
PROA	146	PROA	174	3.772477
PROA	146	PROA	175	0.264906
PROA	146	PROA	185	0.122628
PROA	146	PROA	207	0.880409
PROA	146	PROA	209	0.263158
PROA	146	PROA	210	0.331133
PROA	147	PROA	148	2.623891
PROA	147	PROA	149	0.350070
PROA	147	PROA	150	2.281301
PROA	147	PROA	154	1.944611
PROA	147	PROA	165	1.335396
PROA	147	PROA	166	0.731272
PROA	147	PROA	167	1.540308
PROA	147	PROA	168	2.494700
PROA	147	PROA	170	0.166924
PROA	147	PROA	171	1.840716
PROA	147	PROA	172	0.099015
PROA	148	PROA	149	3.476608
PROA	148	PROA	150	0.234146
PROA	148	PROA	154	0.109109
PROA	148	PROA	170	1.170732
PROA	148	PROA	171	1.290994
PROA	148	PROA	172	2.375000
PROA	148	PROA	173	0.102062
PROA	148	PROA	174	0.129099
PROA	148	PROA	175	0.117851
PROA	148	PROA	178	0.742611
PROA	148	PROA	185	3.382377
PROA	148	PROA	186	0.632456
PROA	148	PROA	209	0.468293
PROA	149	PROA	150	2.119252
PROA	149	PROA	151	0.553912
PROA	149	PROA	154	0.462910
PROA	149	PROA	185	0.077152
PROA	149	PROA	186	0.074536
PROA	149	PROA	188	0.216506
PROA	149	PROA	194	1.708841
PROA	149	PROA	210	0.083333
PROA	150	PROA	151	3.277077
PROA	150	PROA	154	2.636499
PROA	150	PROA	155	2.421053
PROA	150	PROA	165	0.631579
PROA	150	PROA	193	0.400501
PROA	150	PROA	210	0.198680
PROA	150	PROA	213	1.245086
PROA	150	PROA	214	0.917663
PROA	150	PROA	217	1.263158
PROA	151	PROA	152	3.817679
PROA	151	PROA	153	4.114076
PROA	151	PROA	154	3.646738
PROA	151	PROA	155	0.538028
PROA	151	PROA	190	0.512823
PROA	151	PROA	193	1.814444
PROA	151	PROA	213	0.064282
PROA	151	PROA	217	1.076055
PROA	152	PROA	153	3.142710
PROA	152	PROA	154	0.928571
PROA	152	PROA	155	2.023360
PROA	152	PROA	193	2.157884
PROA	152	PROA	217	3.127011
PROA	152	PROA	220	0.414039
PROA	153	PROA	154	3.787368
PROA	153	PROA	155	0.622543
PROA	153	PROA	156	0.345857
PROA	153	PROA	166	0.090909
PROA	154	PROA	155	3.678836
PROA	154	PROA	156	0.613139
PROA	154	PROA	164	0.056980
PROA	154	PROA	165	0.735767
PROA	154	PROA	166	3.142710
PROA	154	PROA	167	1.774489
PROA	155	PROA	156	3.473684
PROA	155	PROA	157	0.578947
PROA	155	PROA	163	2.315789
PROA	155	PROA	164	0.538028
PROA	155	PROA	165	3.210526
PROA	155	PROA	166	0.899229
PROA	155	PROA	217	1.157895
PROA	156	PROA	157	2.631579
PROA	156	PROA	158	0.245256
PROA	156	PROA	162	0.066227
PROA	156	PROA	163	0.421053
PROA	156	PROA	164	1.711906
PROA	156	PROA	165	0.157895
PROA	156	PROA	166	2.766858
PROA	157	PROA	158	3.065697
PROA	157	PROA	159	0.183942
PROA	157	PROA	161	0.345857
PROA	157	PROA	162	0.927173
PROA	157	PROA	163	3.263158
PROA	157	PROA	164	0.293470
PROA	158	PROA	159	3.714286
PROA	158	PROA	160	2.357143
PROA	158	PROA	161	2.014557
PROA	158	PROA	162	6.172134
PROA	158	PROA	163	0.306570
PROA	158	PROA	164	1.367527
PROA	159	PROA	160	4.714286
PROA	159	PROA	161	0.966988
PROA	160	PROA	161	3.867950
PROA	160	PROA	162	0.848668
PROA	161	PROA	162	3.655631
PROA	161	PROA	163	0.345857
PROA	162	PROA	163	2.715291
PROA	162	PROA	164	2.769559
PROA	163	PROA	164	3.521635
PROA	163	PROA	165	0.894737
PROA	164	PROA	165	2.445580
PROA	164	PROA	166	0.385695
PROA	165	PROA	166	3.389401
PROA	165	PROA	168	1.692864
PROA	166	PROA	167	4.787136
PROA	166	PROA	168	2.022600
PROA	167	PROA	168	4.518481
PROA	167	PROA	169	0.981981
PROA	167	PROA	170	0.198680
PROA	167	PROA	171	0.091287
PROA	168	PROA	169	2.958040
PROA	168	PROA	170	0.718185
PROA	168	PROA	171	2.757716
PROA	169	PROA	170	3.641862
PROA	169	PROA	171	1.314751
PROA	170	PROA	171	2.611715
PROA	170	PROA	172	0.796098
PROA	171	PROA	172	4.002083
PROA	171	PROA	331	0.353553
PROA	172	PROA	173	2.704645
PROA	172	PROA	174	0.193649
PROA	172	PROA	331	0.639010
PROA	172	PROA	334	0.158114
PROA	172	PROA	336	0.058926
PROA	173	PROA	174	4.031904
PROA	173	PROA	175	0.505181
PROA	173	PROA	329	1.732953
PROA	173	PROA	330	0.959403
PROA	173	PROA	331	1.677051
PROA	174	PROA	175	3.651484
PROA	174	PROA	176	0.169031
PROA	174	PROA	207	1.348400
PROA	175	PROA	176	5.092011
PROA	175	PROA	177	1.916667
PROA	175	PROA	178	4.060812
PROA	175	PROA	185	0.077152
PROA	175	PROA	205	0.440959
PROA	176	PROA	177	3.394674
PROA	176	PROA	178	0.453743
PROA	176	PROA	203	0.056980
PROA	176	PROA	204	0.808122
PROA	176	PROA	205	2.624453
PROA	177	PROA	178	4.340868
PROA	177	PROA	185	0.231455
PROA	177	PROA	202	0.087039
PROA	177	PROA	203	1.415552
PROA	177	PROA	205	1.511858
PROA	178	PROA	185	2.916917
PROA	178	PROA	186	0.062622
PROA	178	PROA	205	1.640694
PROA	185	PROA	186	3.519334
PROA	185	PROA	187	0.174964
PROA	185	PROA	194	0.654654
PROA	185	PROA	198	2.636499
PROA	185	PROA	205	1.982920
PROA	185	PROA	209	1.655476
PROA	185	PROB	71	0.054554
PROA	186	PROA	187	2.197401
PROA	186	PROA	188	0.968246
PROA	186	PROA	194	0.368932
PROA	186	PROA	198	0.236940
PROA	187	PROA	188	3.218714
PROA	187	PROA	191	0.356348
PROA	187	PROA	194	1.202676
PROA	187	PROA	198	1.151440
PROA	187	PROA	199	2.646281
PROA	187	PROA	233	1.428571
PROA	187	PROB	68	1.577621
PROA	187	PROB	69	1.551941
PROA	187	PROB	71	1.737198
PROA	188	PROA	189	5.217758
PROA	188	PROA	190	0.267261
PROA	188	PROA	194	1.020621
PROA	189	PROA	190	3.972225
PROA	189	PROA	191	1.161895
PROA	190	PROA	191	3.055050
PROA	190	PROA	192	3.491486
PROA	190	PROA	193	1.283066
PROA	190	PROA	194	0.163663
PROA	191	PROA	192	1.958333
PROA	191	PROA	193	0.400892
PROA	191	PROA	194	1.208333
PROA	191	PROA	199	0.346552
PROA	191	PROA	230	0.617213
PROA	191	PROA	231	0.696311
PROA	191	PROA	232	0.297044
PROA	191	PROA	233	0.489979
PROA	191	PROA	236	2.227832
PROA	191	PROB	68	0.843274
PROA	192	PROA	193	3.786201
PROA	192	PROA	194	0.416667
PROA	192	PROA	216	0.246183
PROA	192	PROA	226	1.800298
PROA	192	PROA	228	0.730297
PROA	192	PROA	229	1.418416
PROA	192	PROA	230	0.925820
PROA	192	PROA	231	0.174078
PROA	192	PROA	236	1.485221
PROA	193	PROA	194	1.603567
PROA	193	PROA	195	0.345033
PROA	193	PROA	212	0.489979
PROA	193	PROA	213	3.421349
PROA	193	PROA	216	1.710674
PROA	193	PROA	217	1.251565
PROA	193	PROA	220	1.070529
PROA	193	PROA	226	0.349927
PROA	194	PROA	195	4.195732
PROA	194	PROA	196	0.490990
PROA	194	PROA	198	1.873172
PROA	194	PROA	199	2.920935
PROA	194	PROA	209	0.046829
PROA	194	PROA	212	0.541667
PROA	194	PROA	213	0.184637
PROA	194	PROA	236	0.148522
PROA	194	PROA	240	0.140488
PROA	195	PROA	196	4.563833
PROA	195	PROA	197	3.429286
PROA	195	PROA	198	1.378405
PROA	195	PROA	199	0.997054
PROA	195	PROA	209	2.611715
PROA	195	PROA	212	3.550235
PROA	195	PROA	213	0.095346
PROA	195	PROA	301	0.968246
PROA	196	PROA	197	4.140393
PROA	196	PROA	198	0.674453
PROA	196	PROA	199	3.889222
PROA	196	PROA	200	1.839418
PROA	196	PROA	201	0.142857
PROA	196	PROA	212	2.345842
PROA	196	PROA	237	0.490511
PROA	196	PROA	240	2.452557
PROA	196	PROA	255	0.122628
PROA	196	PROA	296	1.792843
PROA	196	PROA	301	0.381881
PROA	197	PROA	198	5.212670
PROA	197	PROA	199	0.939336
PROA	197	PROA	200	1.125463
PROA	197	PROA	201	2.760262
PROA	197	PROA	205	0.225374
PROA	197	PROA	206	0.207020
PROA	197	PROA	208	0.155700
PROA	197	PROA	209	1.658577
PROA	197	PROA	255	0.355409
PROA	197	PROA	296	0.057735
PROA	197	PROA	298	1.518144
PROA	197	PROA	301	1.423025
PROA	198	PROA	199	2.837716
PROA	198	PROA	200	0.526316
PROA	198	PROA	201	1.226279
PROA	198	PROA	205	2.352943
PROA	198	PROA	206	0.122628
PROA	198	PROA	209	2.157895
PROA	198	PROB	71	1.217562
PROA	199	PROA	200	2.726433
PROA	199	PROA	201	0.453743
PROA	199	PROA	233	1.640694
PROA	199	PROA	236	1.117647
PROA	199	PROA	237	0.667698
PROA	199	PROA	240	1.112830
PROA	199	PROB	71	0.940640
PROA	200	PROA	201	3.924092
PROA	200	PROA	202	0.069171
PROA	200	PROA	233	1.401753
PROA	200	PROA	237	2.947368
PROA	200	PROA	241	0.052632
PROA	200	PROA	255	2.210526
PROA	200	PROA	257	1.042337
PROA	200	PROA	260	2.539167
PROA	200	PROA	263	0.100125
PROA	200	PROA	264	1.684211
PROA	200	PROA	296	0.718185
PROA	200	PROB	71	1.264391
PROA	200	PROB	73	0.429198
PROA	201	PROA	202	3.384456
PROA	201	PROA	203	1.595448
PROA	201	PROA	205	0.524891
PROA	201	PROA	255	2.329929
PROA	201	PROA	256	2.881755
PROA	201	PROA	257	2.500000
PROA	201	PROB	71	2.345842
PROA	202	PROA	203	4.049793
PROA	202	PROA	205	1.908060
PROA	202	PROA	256	0.069171
PROA	202	PROA	257	0.161165
PROA	202	PROB	69	0.138343
PROA	202	PROB	70	0.181818
PROA	202	PROB	71	3.569653
PROA	203	PROA	204	3.545621
PROA	203	PROA	205	1.674872
PROA	203	PROA	256	2.543403
PROA	204	PROA	205	3.299144
PROA	204	PROA	206	1.111168
PROA	204	PROA	256	1.213954
PROA	205	PROA	206	2.857738
PROA	205	PROA	209	0.050063
PROA	205	PROB	71	0.668153
PROA	206	PROA	207	2.849014
PROA	206	PROA	208	3.384456
PROA	206	PROA	209	1.716790
PROA	206	PROA	298	2.071429
PROA	206	PROA	299	0.648204
PROA	207	PROA	208	2.378450
PROA	207	PROA	209	1.076055
PROA	207	PROA	210	0.246183
PROA	207	PROA	211	0.097823
PROA	208	PROA	209	2.974372
PROA	208	PROA	210	0.783349
PROA	208	PROA	211	1.590943
PROA	208	PROA	212	0.307729
PROA	208	PROA	298	3.303874
PROA	208	PROA	301	3.815836
PROA	208	PROA	302	0.069171
PROA	209	PROA	210	3.245104
PROA	209	PROA	211	0.473684
PROA	209	PROA	212	0.889757
PROA	209	PROA	213	0.345857
PROA	209	PROA	301	1.123903
PROA	210	PROA	211	3.112651
PROA	210	PROA	212	0.824958
PROA	210	PROA	213	2.175971
PROA	210	PROA	214	1.371207
PROA	210	PROA	215	0.109109
PROA	211	PROA	212	1.920001
PROA	211	PROA	213	0.899229
PROA	211	PROA	214	2.523573
PROA	211	PROA	215	0.780399
PROA	211	PROA	216	0.069171
PROA	211	PROA	293	3.060282
PROA	211	PROA	301	1.732684
PROA	211	PROA	302	2.157895
PROA	211	PROA	303	0.592349
PROA	211	PROA	304	2.523573
PROA	211	PROA	307	0.217643
PROA	212	PROA	213	3.261925
PROA	212	PROA	214	0.510310
PROA	212	PROA	215	1.157275
PROA	212	PROA	216	1.784827
PROA	212	PROA	228	0.867227
PROA	212	PROA	240	1.966830
PROA	212	PROA	244	0.936586
PROA	212	PROA	293	0.792118
PROA	212	PROA	294	3.559026
PROA	212	PROA	295	0.763763
PROA	212	PROA	296	0.867227
PROA	212	PROA	301	2.541667
PROA	213	PROA	214	3.316625
PROA	213	PROA	215	1.595448
PROA	213	PROA	216	2.909091
PROA	213	PROA	217	1.452600
PROA	213	PROA	218	0.069171
PROA	214	PROA	215	4.157609
PROA	214	PROA	216	1.055290
PROA	214	PROA	217	1.605910
PROA	214	PROA	218	0.975017
PROA	214	PROA	293	1.152044
PROA	215	PROA	216	3.874660
PROA	215	PROA	217	1.213954
PROA	215	PROA	218	3.034885
PROA	215	PROA	219	1.434274
PROA	215	PROA	220	0.097590
PROA	215	PROA	290	1.820931
PROA	215	PROA	293	1.925067
PROA	215	PROA	294	1.647509
PROA	216	PROA	217	2.766858
PROA	216	PROA	218	0.760886
PROA	216	PROA	219	2.002271
PROA	216	PROA	220	1.167748
PROA	216	PROA	221	0.073127
PROA	216	PROA	226	0.080582
PROA	216	PROA	227	2.005972
PROA	216	PROA	228	0.539360
PROA	216	PROA	290	0.069171
PROA	216	PROA	294	1.660115
PROA	217	PROA	218	2.157895
PROA	217	PROA	219	0.580381
PROA	217	PROA	220	1.540107
PROA	217	PROA	221	2.726433
PROA	217	PROA	222	0.052632
PROA	218	PROA	219	3.192096
PROA	218	PROA	220	0.414644
PROA	218	PROA	221	3.060282
PROA	218	PROA	222	3.210526
PROA	218	PROA	286	1.015667
PROA	218	PROA	289	0.578947
PROA	218	PROA	290	3.263158
PROA	218	PROA	293	0.333849
PROA	218	PROA	312	0.350438
PROA	219	PROA	220	3.429286
PROA	219	PROA	221	0.997054
PROA	219	PROA	222	3.699929
PROA	219	PROA	223	1.430194
PROA	219	PROA	224	0.169031
PROA	219	PROA	225	0.129099
PROA	219	PROA	227	2.466619
PROA	219	PROA	279	0.424264
PROA	219	PROA	290	2.031334
PROA	219	PROA	294	0.145095
PROA	220	PROA	221	2.818009
PROA	220	PROA	222	0.592349
PROA	220	PROA	223	1.712698
PROA	220	PROA	224	2.001190
PROA	220	PROA	225	2.055480
PROA	220	PROA	226	2.346223
PROA	220	PROA	227	0.355409
PROA	221	PROA	222	2.003094
PROA	221	PROA	223	0.731272
PROA	221	PROA	224	0.648204
PROA	222	PROA	223	3.389401
PROA	222	PROA	224	0.306570
PROA	222	PROA	279	1.179875
PROA	222	PROA	282	1.813691
PROA	222	PROA	283	0.066227
PROA	222	PROA	286	0.435286
PROA	222	PROA	287	0.684211
PROA	222	PROA	290	0.842105
PROA	222	PROA	312	0.050063
PROA	223	PROA	224	4.512609
PROA	223	PROA	225	3.508107
PROA	223	PROA	279	1.415820
PROA	224	PROA	225	2.891387
PROA	225	PROA	226	3.218714
PROA	225	PROA	227	0.280976
PROA	226	PROA	227	2.329929
PROA	226	PROA	228	0.956183
PROA	226	PROA	229	2.857143
PROA	227	PROA	228	5.694180
PROA	227	PROA	229	0.919709
PROA	227	PROA	239	0.055641
PROA	227	PROA	243	1.578947
PROA	227	PROA	275	0.608781
PROA	227	PROA	278	0.315789
PROA	227	PROA	279	0.410391
PROA	227	PROA	294	0.842105
PROA	228	PROA	229	3.525924
PROA	228	PROA	230	0.676123
PROA	228	PROA	236	2.223537
PROA	228	PROA	239	1.410048
PROA	228	PROA	240	3.950017
PROA	228	PROA	243	1.590266
PROA	228	PROA	244	1.128576
PROA	228	PROA	275	0.182574
PROA	228	PROA	294	1.641565
PROA	229	PROA	230	4.242641
PROA	229	PROA	231	0.398862
PROA	229	PROA	236	0.777844
PROA	229	PROA	239	2.398354
PROA	230	PROA	231	2.659216
PROA	230	PROA	232	1.008368
PROA	230	PROA	235	1.200198
PROA	230	PROA	236	3.575124
PROA	230	PROA	239	1.925067
PROA	231	PROA	232	3.464488
PROA	231	PROA	233	0.139573
PROA	231	PROA	235	0.184637
PROA	232	PROA	233	2.011173
PROA	232	PROA	234	0.723339
PROA	232	PROA	235	3.220644
PROA	232	PROA	236	0.764706
PROA	232	PROA	237	0.055641
PROA	232	PROB	83	0.049507
PROA	233	PROA	234	2.803507
PROA	233	PROA	235	0.692935
PROA	233	PROA	236	0.899735
PROA	233	PROA	237	2.803507
PROA	233	PROB	67	0.097590
PROA	233	PROB	68	3.605991
PROA	233	PROB	71	0.935414
PROA	233	PROB	72	0.400892
PROA	233	PROB	73	1.283066
PROA	233	PROB	76	1.101378
PROA	234	PROA	235	2.847745
PROA	234	PROA	236	0.445132
PROA	234	PROA	237	2.052632
PROA	234	PROA	238	1.226279
PROA	234	PROA	263	0.951190
PROA	234	PROB	73	2.881755
PROA	234	PROB	74	0.066227
PROA	234	PROB	76	2.578947
PROA	234	PROB	77	2.759127
PROA	234	PROB	80	1.605910
PROA	235	PROA	236	2.660532
PROA	235	PROA	237	0.728493
PROA	235	PROA	238	2.546005
PROA	235	PROA	239	1.820364
PROA	235	PROA	240	0.066227
PROA	236	PROA	237	2.281301
PROA	236	PROA	238	0.907485
PROA	236	PROA	239	2.647059
PROA	236	PROA	240	2.670791
PROA	236	PROA	241	0.055641
PROA	237	PROA	238	2.207302
PROA	237	PROA	239	0.667698
PROA	237	PROA	240	1.315789
PROA	237	PROA	241	1.368421
PROA	237	PROA	242	0.173422
PROA	237	PROA	263	0.550689
PROA	237	PROA	264	0.210526
PROA	237	PROA	267	0.263158
PROA	237	PROB	73	1.103651
PROA	238	PROA	239	2.268713
PROA	238	PROA	240	0.429198
PROA	238	PROA	241	0.981023
PROA	238	PROA	242	1.212183
PROA	238	PROA	263	0.291606
PROA	238	PROA	267	0.919709
PROA	238	PROA	270	1.367527
PROA	239	PROA	240	2.336943
PROA	239	PROA	241	0.778981
PROA	239	PROA	242	2.016737
PROA	239	PROA	243	0.890264
PROA	239	PROA	244	0.055641
PROA	240	PROA	241	4.105263
PROA	240	PROA	242	1.300665
PROA	240	PROA	243	0.789474
PROA	240	PROA	244	2.000000
PROA	240	PROA	245	0.086711
PROA	240	PROA	296	0.359092
PROA	241	PROA	242	3.295018
PROA	241	PROA	243	0.631579
PROA	241	PROA	244	1.578947
PROA	241	PROA	245	2.861463
PROA	241	PROA	246	0.553372
PROA	241	PROA	247	1.839418
PROA	241	PROA	264	1.157895
PROA	241	PROA	267	1.052632
PROA	241	PROA	270	1.418436
PROA	241	PROA	296	1.128576
PROA	242	PROA	243	3.901995
PROA	242	PROA	244	0.693688
PROA	242	PROA	245	1.000000
PROA	242	PROA	270	3.303874
PROA	242	PROA	271	0.101015
PROA	242	PROA	273	0.661438
PROA	243	PROA	244	4.473684
PROA	243	PROA	245	0.953821
PROA	243	PROA	272	0.733674
PROA	243	PROA	273	4.186837
PROA	243	PROA	275	0.796098
PROA	243	PROA	278	2.000000
PROA	244	PROA	245	3.208307
PROA	244	PROA	246	0.207514
PROA	244	PROA	272	2.787961
PROA	244	PROA	273	0.172062
PROA	244	PROA	275	0.983415
PROA	244	PROA	291	0.066227
PROA	244	PROA	294	1.684211
PROA	244	PROA	295	0.245256
PROA	244	PROA	296	0.615587
PROA	245	PROA	246	3.874660
PROA	245	PROA	247	0.606092
PROA	245	PROA	270	2.014557
PROA	245	PROA	271	1.414214
PROA	245	PROA	272	2.659216
PROA	245	PROA	273	0.283473
PROA	246	PROA	247	4.915520
PROA	246	PROA	248	0.363636
PROA	246	PROA	267	0.207514
PROA	246	PROA	268	0.241747
PROA	246	PROA	269	1.681927
PROA	246	PROA	270	3.149839
PROA	246	PROA	271	0.322329
PROA	246	PROA	272	0.064282
PROA	247	PROA	248	3.303874
PROA	247	PROA	249	0.194461
PROA	247	PROA	251	1.851640
PROA	247	PROA	252	2.575185
PROA	247	PROA	264	2.329929
PROA	247	PROA	296	0.119523
PROA	248	PROA	249	2.925090
PROA	248	PROA	250	1.946247
PROA	248	PROA	251	4.003786
PROA	248	PROA	252	1.175915
PROA	248	PROA	253	0.080582
PROA	249	PROA	250	2.504897
PROA	249	PROA	251	0.840168
PROA	249	PROA	252	3.505414
PROA	249	PROA	253	1.490869
PROA	249	PROA	261	0.049507
PROA	249	PROA	265	0.890264
PROA	250	PROA	251	3.652244
PROA	250	PROA	252	0.473879
PROA	250	PROA	253	3.312315
PROA	250	PROA	254	0.700649
PROA	250	PROA	297	0.414039
PROA	250	PROA	300	1.376205
PROA	251	PROA	252	2.847745
PROA	251	PROA	253	0.848668
PROA	251	PROA	254	1.740777
PROA	251	PROA	255	0.529813
PROA	251	PROA	296	2.646539
PROA	251	PROA	297	1.234427
PROA	251	PROA	300	0.430820
PROA	252	PROA	253	2.391243
PROA	252	PROA	254	1.037572
PROA	252	PROA	255	1.578947
PROA	252	PROA	260	0.072548
PROA	252	PROA	261	3.137562
PROA	252	PROA	264	2.157895
PROA	252	PROA	265	2.105263
PROA	252	PROA	296	0.102598
PROA	253	PROA	254	3.223292
PROA	253	PROA	255	0.674453
PROA	253	PROA	261	1.691189
PROA	254	PROA	255	3.112715
PROA	254	PROA	256	0.691714
PROA	254	PROA	296	0.269680
PROA	254	PROA	297	2.659216
PROA	254	PROA	298	1.208734
PROA	254	PROA	299	1.389418
PROA	255	PROA	256	2.473684
PROA	255	PROA	257	2.145988
PROA	255	PROA	258	0.157895
PROA	255	PROA	260	1.450953
PROA	255	PROA	261	2.716099
PROA	255	PROA	264	0.947368
PROA	255	PROA	296	1.333772
PROA	256	PROA	257	2.881755
PROA	256	PROA	258	0.684211
PROA	257	PROA	258	2.759127
PROA	257	PROA	259	1.595448
PROA	257	PROA	260	5.239956
PROA	257	PROA	261	0.927426
PROA	257	PROB	70	0.080582
PROA	257	PROB	71	1.800298
PROA	257	PROB	72	0.327327
PROA	257	PROB	73	0.071429
PROA	258	PROA	259	2.054287
PROA	258	PROA	260	0.943119
PROA	258	PROA	261	3.090733
PROA	258	PROA	262	0.735767
PROA	258	PROA	263	0.050063
PROA	259	PROA	260	2.764219
PROA	259	PROA	261	0.522233
PROA	259	PROA	262	1.310547
PROA	259	PROA	263	0.651339
PROA	259	PROA	264	0.048912
PROA	259	PROB	18	0.055048
PROA	259	PROB	19	0.615457
PROA	259	PROB	71	0.043519
PROA	259	PROB	72	3.742670
PROA	259	PROB	73	0.056980
PROA	259	PROB	74	0.369274
PROA	260	PROA	261	2.646539
PROA	260	PROA	262	0.845154
PROA	260	PROA	263	1.794170
PROA	260	PROA	264	2.103881
PROA	260	PROA	265	0.072548
PROA	260	PROB	71	0.129099
PROA	260	PROB	73	0.422577
PROA	261	PROA	262	2.236733
PROA	261	PROA	263	0.534522
PROA	261	PROA	264	1.451708
PROA	261	PROA	265	0.702439
PROA	261	PROA	266	0.061546
PROA	262	PROA	263	2.332847
PROA	262	PROA	264	0.490511
PROA	262	PROA	265	2.084674
PROA	262	PROA	266	1.611646
PROA	263	PROA	264	2.703381
PROA	263	PROA	265	0.650814
PROA	263	PROA	266	2.500216
PROA	263	PROA	267	1.902379
PROA	263	PROB	73	3.149344
PROA	263	PROB	74	1.637846
PROA	263	PROB	77	0.583212
PROA	264	PROA	265	1.894737
PROA	264	PROA	266	0.830057
PROA	264	PROA	267	2.315789
PROA	264	PROA	296	0.461690
PROA	265	PROA	266	3.251058
PROA	265	PROA	267	0.368421
PROA	266	PROA	267	2.836029
PROA	266	PROA	268	0.483494
PROA	267	PROA	268	4.966429
PROA	267	PROA	269	0.333849
PROA	267	PROA	270	1.124967
PROA	268	PROA	269	2.074252
PROA	268	PROA	270	0.968665
PROA	269	PROA	270	3.309361
PROA	269	PROA	271	2.009432
PROA	270	PROA	271	2.564113
PROA	270	PROA	272	0.181818
PROA	271	PROA	272	2.108271
PROA	271	PROA	273	0.668153
PROA	272	PROA	273	3.144711
PROA	272	PROA	274	1.025645
PROA	272	PROA	275	1.305582
PROA	272	PROA	291	1.292461
PROA	273	PROA	274	4.543441
PROA	273	PROA	275	0.255155
PROA	273	PROA	277	0.306186
PROA	273	PROA	278	2.810343
PROA	274	PROA	275	1.800298
PROA	274	PROA	276	1.142857
PROA	274	PROA	277	3.055050
PROA	274	PROA	278	0.858395
PROA	275	PROA	276	2.127624
PROA	275	PROA	277	0.625000
PROA	275	PROA	278	3.465368
PROA	275	PROA	279	1.414950
PROA	275	PROA	287	3.324880
PROA	275	PROA	290	2.341465
PROA	275	PROA	291	3.476608
PROA	275	PROA	294	1.685854
PROA	276	PROA	277	2.891387
PROA	276	PROA	278	0.674453
PROA	276	PROA	279	1.015944
PROA	276	PROA	280	1.285714
PROA	276	PROA	287	1.594162
PROA	277	PROA	278	2.013659
PROA	277	PROA	279	0.456435
PROA	277	PROA	280	0.381881
PROA	278	PROA	279	4.668202
PROA	278	PROA	280	0.674453
PROA	279	PROA	280	3.346640
PROA	279	PROA	281	0.478091
PROA	279	PROA	282	2.545584
PROA	279	PROA	287	1.538968
PROA	279	PROA	290	0.564288
PROA	280	PROA	281	2.928571
PROA	280	PROA	282	0.929670
PROA	281	PROA	282	3.296102
PROA	281	PROA	283	0.308607
PROA	282	PROA	283	3.834058
PROA	282	PROA	284	0.476731
PROA	282	PROA	286	0.300000
PROA	282	PROA	287	2.611715
PROA	283	PROA	284	3.394514
PROA	283	PROA	285	3.508107
PROA	283	PROA	286	3.834058
PROA	283	PROA	287	1.192079
PROA	283	PROA	312	1.322876
PROA	284	PROA	285	2.956992
PROA	284	PROA	286	1.239501
PROA	284	PROA	287	2.005972
PROA	284	PROA	288	1.305582
PROA	284	PROA	289	0.069171
PROA	285	PROA	286	2.561959
PROA	285	PROA	287	0.586939
PROA	285	PROA	288	1.600189
PROA	285	PROA	289	0.586939
PROA	285	PROA	290	0.048912
PROA	285	PROA	311	1.823369
PROA	285	PROA	312	3.442792
PROA	286	PROA	287	3.990119
PROA	286	PROA	288	0.730297
PROA	286	PROA	289	1.958786
PROA	286	PROA	290	1.015667
PROA	286	PROA	312	4.071387
PROA	287	PROA	288	2.715291
PROA	287	PROA	289	0.789474
PROA	287	PROA	290	3.105263
PROA	287	PROA	291	0.794719
PROA	287	PROA	292	0.048912
PROA	288	PROA	289	2.649065
PROA	288	PROA	290	0.596040
PROA	288	PROA	291	1.250000
PROA	288	PROA	292	1.415552
PROA	288	PROA	310	0.140028
PROA	289	PROA	290	2.315789
PROA	289	PROA	291	0.463586
PROA	289	PROA	292	1.858641
PROA	289	PROA	293	3.505414
PROA	289	PROA	294	0.052632
PROA	289	PROA	302	1.526316
PROA	289	PROA	307	1.596048
PROA	289	PROA	310	2.225660
PROA	289	PROA	312	1.051315
PROA	289	PROA	313	0.631579
PROA	290	PROA	291	2.781518
PROA	290	PROA	292	0.684762
PROA	290	PROA	293	1.724886
PROA	290	PROA	294	2.947368
PROA	291	PROA	292	2.954196
PROA	291	PROA	293	0.700140
PROA	291	PROA	294	1.655665
PROA	291	PROA	295	1.080123
PROA	292	PROA	293	2.068351
PROA	292	PROA	294	0.489116
PROA	292	PROA	295	1.538468
PROA	292	PROA	301	0.478714
PROA	292	PROA	302	3.472724
PROA	292	PROA	310	1.861516
PROA	293	PROA	294	2.670791
PROA	293	PROA	295	0.777844
PROA	293	PROA	301	1.138670
PROA	293	PROA	302	2.837716
PROA	293	PROA	307	1.380537
PROA	294	PROA	295	2.575185
PROA	294	PROA	296	0.256495
PROA	294	PROA	301	0.187317
PROA	295	PROA	296	3.227117
PROA	295	PROA	297	2.142857
PROA	295	PROA	300	1.652428
PROA	295	PROA	301	2.236733
PROA	295	PROA	302	0.061314
PROA	296	PROA	297	3.107594
PROA	296	PROA	298	0.418330
PROA	296	PROA	301	0.775940
PROA	297	PROA	298	4.428571
PROA	297	PROA	299	2.657635
PROA	297	PROA	300	4.330502
PROA	297	PROA	301	1.254753
PROA	298	PROA	299	4.472606
PROA	298	PROA	300	0.911685
PROA	298	PROA	301	4.909903
PROA	299	PROA	300	2.275186
PROA	299	PROA	301	0.445566
PROA	300	PROA	301	1.697257
PROA	300	PROA	302	0.195646
PROA	301	PROA	302	2.435123
PROA	301	PROA	303	0.263523
PROA	302	PROA	303	3.435623
PROA	302	PROA	304	0.172062
PROA	302	PROA	306	1.947452
PROA	302	PROA	307	3.554834
PROA	302	PROA	310	2.058735
PROA	303	PROA	304	2.904738
PROA	303	PROA	305	1.000000
PROA	303	PROA	306	2.880632
PROA	303	PROA	307	1.224745
PROA	304	PROA	305	3.356586
PROA	304	PROA	306	0.485071
PROA	304	PROA	307	2.134537
PROA	304	PROA	308	2.064742
PROA	305	PROA	306	2.630142
PROA	305	PROA	307	1.143095
PROA	305	PROA	308	2.369396
PROA	305	PROA	309	1.224745
PROA	305	PROA	317	0.056344
PROA	305	PROA	322	0.400000
PROA	306	PROA	307	3.144556
PROA	306	PROA	308	0.389490
PROA	306	PROA	309	3.221253
PROA	306	PROA	310	1.529412
PROA	307	PROA	308	3.119548
PROA	307	PROA	309	1.200000
PROA	307	PROA	310	1.994109
PROA	307	PROA	313	0.507833
PROA	308	PROA	309	2.394072
PROA	308	PROA	310	0.556415
PROA	308	PROA	313	1.473684
PROA	308	PROA	317	2.703381
PROA	309	PROA	310	3.451342
PROA	309	PROA	311	0.422577
PROA	309	PROA	317	3.588341
PROA	310	PROA	311	4.018863
PROA	310	PROA	312	0.846810
PROA	310	PROA	313	0.500773
PROA	310	PROA	314	0.125245
PROA	311	PROA	312	2.624453
PROA	311	PROA	313	0.674453
PROA	311	PROA	314	2.070197
PROA	312	PROA	313	3.854822
PROA	312	PROA	314	0.676123
PROA	312	PROA	315	0.052926
PROA	313	PROA	314	2.073221
PROA	313	PROA	315	0.445132
PROA	313	PROA	316	0.851064
PROA	313	PROA	317	1.501879
PROA	314	PROA	315	2.567520
PROA	314	PROA	316	0.676123
PROA	314	PROA	317	1.295903
PROA	315	PROA	316	3.175537
PROA	315	PROA	317	0.370479
PROA	316	PROA	317	2.142857
PROA	316	PROA	318	0.314970
PROA	317	PROA	318	3.968627
PROA	317	PROA	319	3.382629
PROA	318	PROA	319	4.937707
PROA	318	PROA	320	3.394514
PROA	319	PROA	320	3.384456
PROA	319	PROA	321	0.231455
PROA	320	PROA	321	4.526019
PROA	320	PROA	322	0.389249
PROA	321	PROA	322	2.906888
PROA	321	PROA	323	0.385758
PROA	322	PROA	323	4.692446
PROA	322	PROA	324	0.177705
PROA	323	PROA	324	2.452557
PROA	323	PROA	325	2.873524
PROA	324	PROA	325	3.845024
PROA	324	PROA	326	0.236940
PROA	325	PROA	326	4.817330
PROA	326	PROA	327	3.755884
PROA	326	PROA	328	0.414039
PROA	327	PROA	328	5.493503
PROA	327	PROA	329	0.353553
PROA	328	PROA	329	2.031889
PROA	328	PROA	330	0.227921
PROA	329	PROA	330	2.479003
PROA	329	PROA	331	1.700000
PROA	330	PROA	331	2.574349
PROA	330	PROA	332	0.430820
PROA	331	PROA	332	2.904738
PROA	331	PROA	333	0.867722
PROA	332	PROA	333	3.920784
PROA	333	PROA	334	3.068499
PROA	333	PROA	335	0.945905
PROA	333	PROA	338	0.945905
PROA	333	PROA	342	0.155126
PROA	333	PROA	346	1.669245
PROA	334	PROA	335	2.606335
PROA	334	PROA	336	1.565248
PROA	334	PROA	337	0.223607
PROA	334	PROA	338	0.473879
PROA	335	PROA	336	2.715291
PROA	335	PROA	337	0.596040
PROA	335	PROA	338	3.052632
PROA	335	PROA	343	2.315789
PROA	335	PROA	346	0.421053
PROA	336	PROA	337	3.583333
PROA	336	PROA	338	0.662266
PROA	337	PROA	338	3.311331
PROA	337	PROA	339	0.540062
PROA	338	PROA	339	3.801464
PROA	338	PROA	340	0.146735
PROA	338	PROA	342	2.885784
PROA	338	PROA	343	2.526316
PROA	338	PROA	346	0.631579
PROA	339	PROA	340	2.108271
PROA	339	PROA	341	1.725164
PROA	339	PROA	342	2.849014
PROA	339	PROA	343	1.226279
PROA	340	PROA	341	5.229578
PROA	340	PROA	342	0.409091
PROA	340	PROA	343	1.711906
PROA	340	PROA	344	1.909091
PROA	341	PROA	342	1.981735
PROA	341	PROA	343	0.592349
PROA	341	PROA	344	4.018518
PROA	341	PROA	345	0.600000
PROA	342	PROA	343	3.130342
PROA	342	PROA	344	0.681818
PROA	342	PROA	345	1.816590
PROA	342	PROA	346	3.570547
PROA	343	PROA	344	1.760818
PROA	343	PROA	345	0.770054
PROA	343	PROA	346	2.631579
PROA	343	PROA	347	1.473684
PROA	343	PROA	348	0.051299
PROA	344	PROA	345	2.091831
PROA	344	PROA	346	0.440204
PROA	344	PROA	347	1.907552
PROA	344	PROA	348	0.667424
PROA	344	PROA	349	0.055048
PROA	345	PROA	346	2.724805
PROA	345	PROA	347	0.651584
PROA	345	PROA	348	1.789786
PROA	345	PROA	349	0.933333
PROA	345	PROA	350	0.066667
PROA	346	PROA	347	2.052632
PROA	346	PROA	348	0.666886
PROA	346	PROA	349	1.895516
PROA	346	PROA	350	1.066228
PROA	346	PROA	351	0.061314
PROA	347	PROA	348	2.205853
PROA	347	PROA	349	0.592349
PROA	347	PROA	350	1.777047
PROA	347	PROA	351	2.697813
PROA	348	PROA	349	2.771281
PROA	348	PROA	350	0.808290
PROA	348	PROA	351	1.792843
PROA	348	PROA	352	0.989949
PROA	349	PROA	350	2.800000
PROA	349	PROA	351	0.828079
PROA	349	PROA	352	1.714643
PROA	349	PROA	353	0.052705
PROA	350	PROA	351	4.071387
PROA	350	PROA	352	0.734847
PROA	350	PROA	353	0.895979
PROA	350	PROA	354	0.404145
PROA	351	PROA	352	3.211586
PROA	351	PROA	353	0.600099
PROA	351	PROA	354	1.673320
PROA	351	PROA	355	1.101946
PROA	352	PROA	353	2.452889
PROA	352	PROA	354	0.989949
PROA	352	PROA	355	3.067860
PROA	352	PROA	358	2.001190
PROA	353	PROA	354	3.605840
PROA	353	PROA	355	0.643596
PROA	353	PROA	358	3.028961
PROA	354	PROA	355	4.121679
PROA	354	PROA	356	0.239046
PROA	355	PROA	356	4.407785
PROA	355	PROA	357	0.366679
PROA	355	PROA	358	0.846810
PROA	356	PROA	357	3.333503
PROA	356	PROA	358	0.699854
PROA	357	PROA	358	2.804273
PROA	357	PROA	359	2.546005
PROA	358	PROA	359	3.608027
PROA	358	PROA	360	0.944911
PROA	359	PROA	360	2.474874
PROB	1	PROB	2	2.607681
PROB	1	PROB	3	0.313112
PROB	1	PROB	4	2.011173
PROB	1	PROB	5	1.100038
PROB	1	PROB	6	0.064820
PROB	1	PROB	57	0.982467
PROB	2	PROB	3	3.919184
PROB	2	PROB	4	0.483046
PROB	2	PROB	5	1.314751
PROB	2	PROB	6	2.112886
PROB	2	PROB	7	0.072548
PROB	3	PROB	4	2.084714
PROB	3	PROB	5	0.585540
PROB	3	PROB	6	1.587151
PROB	3	PROB	7	0.710819
PROB	3	PROB	82	1.577621
PROB	3	PROB	86	2.517439
PROB	4	PROB	5	3.546580
PROB	4	PROB	6	0.641533
PROB	4	PROB	7	1.702129
PROB	4	PROB	8	3.304133
PROB	4	PROB	9	0.052926
PROB	4	PROB	50	1.126872
PROB	4	PROB	55	1.351691
PROB	4	PROB	56	0.440959
PROB	4	PROB	57	4.047606
PROB	4	PROB	60	0.350438
PROB	4	PROB	82	2.047619
PROB	5	PROB	6	3.737564
PROB	5	PROB	7	1.300665
PROB	5	PROB	8	2.688041
PROB	5	PROB	9	1.375048
PROB	5	PROB	10	0.109109
PROB	6	PROB	7	2.207302
PROB	6	PROB	8	0.490511
PROB	6	PROB	9	1.361228
PROB	6	PROB	10	1.388730
PROB	6	PROB	11	0.061314
PROB	7	PROB	8	3.157895
PROB	7	PROB	9	0.667698
PROB	7	PROB	10	1.258306
PROB	7	PROB	11	3.421053
PROB	7	PROB	12	0.061314
PROB	7	PROB	55	0.052632
PROB	7	PROB	60	0.947368
PROB	7	PROB	63	0.368421
PROB	7	PROB	78	1.279754
PROB	7	PROB	79	2.294157
PROB	7	PROB	82	3.153945
PROB	8	PROB	9	2.448225
PROB	8	PROB	10	0.529813
PROB	8	PROB	11	1.684211
PROB	8	PROB	12	1.287593
PROB	8	PROB	13	0.061314
PROB	8	PROB	43	0.069171
PROB	8	PROB	46	3.744821
PROB	8	PROB	55	1.105263
PROB	8	PROB	63	0.052632
PROB	9	PROB	10	2.730546
PROB	9	PROB	11	0.612056
PROB	9	PROB	12	3.694761
PROB	9	PROB	13	1.231587
PROB	9	PROB	14	0.064820
PROB	9	PROB	43	0.365636
PROB	10	PROB	11	2.649065
PROB	10	PROB	12	0.848668
PROB	10	PROB	13	2.314550
PROB	10	PROB	14	1.002972
PROB	10	PROB	78	1.960392
PROB	11	PROB	12	2.391243
PROB	11	PROB	13	0.674453
PROB	11	PROB	14	0.981023
PROB	11	PROB	15	2.157895
PROB	11	PROB	46	2.359750
PROB	11	PROB	63	0.526316
PROB	11	PROB	67	1.898060
PROB	11	PROB	75	2.684211
PROB	11	PROB	78	2.837716
PROB	11	PROB	79	2.236803
PROB	12	PROB	13	2.928571
PROB	12	PROB	14	0.642857
PROB	12	PROB	15	2.023360
PROB	12	PROB	41	0.928571
PROB	12	PROB	42	2.727412
PROB	12	PROB	43	3.142710
PROB	12	PROB	46	0.896421
PROB	13	PROB	14	3.285714
PROB	13	PROB	15	0.674453
PROB	14	PROB	15	3.065697
PROB	14	PROB	16	0.428571
PROB	14	PROB	19	0.077152
PROB	14	PROB	72	0.163663
PROB	14	PROB	75	1.594162
PROB	14	PROB	78	0.713024
PROB	15	PROB	16	3.924092
PROB	15	PROB	19	1.456986
PROB	15	PROB	20	2.000000
PROB	15	PROB	23	1.631579
PROB	15	PROB	42	1.300665
PROB	15	PROB	45	0.280976
PROB	15	PROB	46	0.307794
PROB	15	PROB	67	0.564288
PROB	15	PROB	72	0.093659
PROB	15	PROB	75	1.947368
PROB	16	PROB	17	2.513871
PROB	16	PROB	18	1.656157
PROB	16	PROB	19	3.934735
PROB	16	PROB	20	0.981023
PROB	16	PROB	21	0.069007
PROB	17	PROB	18	2.843275
PROB	17	PROB	19	0.463586
PROB	17	PROB	20	2.157895
PROB	17	PROB	21	0.829288
PROB	17	PROB	40	1.655476
PROB	18	PROB	19	4.024922
PROB	18	PROB	20	0.829288
PROB	18	PROB	21	2.133333
PROB	18	PROB	22	0.626224
PROB	19	PROB	20	2.847745
PROB	19	PROB	21	1.043498
PROB	19	PROB	22	2.800560
PROB	19	PROB	23	0.794719
PROB	19	PROB	72	0.942809
PROB	19	PROB	75	0.066227
PROB	20	PROB	21	2.487865
PROB	20	PROB	22	0.778981
PROB	20	PROB	23	3.263158
PROB	20	PROB	24	1.369525
PROB	20	PROB	25	0.069171
PROB	20	PROB	39	1.842105
PROB	20	PROB	40	1.042337
PROB	20	PROB	41	1.900732
PROB	20	PROB	42	2.774752
PROB	20	PROB	45	1.826342
PROB	21	PROB	22	2.755387
PROB	21	PROB	23	0.592349
PROB	21	PROB	24	3.798325
PROB	21	PROB	25	1.790548
PROB	21	PROB	26	0.081650
PROB	21	PROB	37	0.133333
PROB	22	PROB	23	3.227206
PROB	22	PROB	24	0.723923
PROB	22	PROB	25	1.389418
PROB	22	PROB	26	1.150447
PROB	22	PROB	70	3.510108
PROB	22	PROB	71	0.049507
PROB	22	PROB	72	0.247537
PROB	23	PROB	24	2.249934
PROB	23	PROB	25	0.760886
PROB	23	PROB	26	2.031334
PROB	23	PROB	27	0.899229
PROB	23	PROB	42	0.086711
PROB	23	PROB	45	3.465368
PROB	23	PROB	66	2.421053
PROB	23	PROB	67	2.000658
PROB	23	PROB	70	0.830057
PROB	23	PROB	72	0.046829
PROB	23	PROB	75	0.210526
PROB	24	PROB	25	4.306923
PROB	24	PROB	26	0.741620
PROB	24	PROB	27	1.285649
PROB	24	PROB	28	0.454545
PROB	24	PROB	36	1.735626
PROB	24	PROB	37	1.321157
PROB	24	PROB	39	1.369525
PROB	24	PROB	45	0.435194
PROB	25	PROB	26	3.623158
PROB	25	PROB	27	1.090909
PROB	25	PROB	28	2.057038
PROB	26	PROB	27	4.004543
PROB	26	PROB	28	1.146140
PROB	26	PROB	29	0.163299
PROB	26	PROB	30	0.091287
PROB	26	PROB	62	0.069007
PROB	26	PROB	66	2.756810
PROB	26	PROB	69	1.160762
PROB	26	PROB	70	0.667424
PROB	27	PROB	28	2.699862
PROB	27	PROB	29	0.544949
PROB	27	PROB	30	1.914854
PROB	27	PROB	31	0.899229
PROB	27	PROB	45	0.861640
PROB	27	PROB	48	0.471940
PROB	27	PROB	49	0.968400
PROB	27	PROB	62	1.776470
PROB	27	PROB	66	1.452600
PROB	28	PROB	29	4.789192
PROB	28	PROB	30	0.553912
PROB	28	PROB	31	0.244558
PROB	29	PROB	30	2.981424
PROB	29	PROB	31	0.473879
PROB	29	PROB	32	0.138013
PROB	30	PROB	31	3.973597
PROB	30	PROB	32	0.771517
PROB	30	PROB	54	0.184637
PROB	30	PROB	62	1.889822
PROB	30	PROB	66	0.066227
PROB	31	PROB	32	4.291975
PROB	31	PROB	33	0.968400
PROB	31	PROB	48	2.051957
PROB	31	PROB	49	1.210526
PROB	31	PROB	52	3.227206
PROB	31	PROB	54	2.054287
PROB	31	PROB	62	0.550689
PROB	32	PROB	33	2.820380
PROB	32	PROB	48	0.119523
PROB	32	PROB	52	0.129641
PROB	33	PROB	34	3.736795
PROB	33	PROB	35	1.542778
PROB	33	PROB	36	1.818182
PROB	33	PROB	48	1.752920
PROB	33	PROB	52	0.292509
PROB	34	PROB	35	2.972602
PROB	34	PROB	36	0.778499
PROB	35	PROB	36	2.699862
PROB	35	PROB	37	0.440386
PROB	35	PROB	38	3.247843
PROB	35	PROB	39	0.293470
PROB	36	PROB	37	3.425395
PROB	36	PROB	38	1.012049
PROB	36	PROB	39	1.590943
PROB	37	PROB	38	2.333333
PROB	37	PROB	39	0.710819
PROB	37	PROB	40	0.069007
PROB	38	PROB	39	2.784040
PROB	38	PROB	40	0.759072
PROB	39	PROB	40	3.004383
PROB	39	PROB	41	1.655476
PROB	39	PROB	44	1.886238
PROB	39	PROB	45	2.294635
PROB	39	PROB	48	0.923381
PROB	40	PROB	41	3.642857
PROB	40	PROB	42	0.101015
PROB	40	PROB	44	0.169031
PROB	41	PROB	42	4.444671
PROB	41	PROB	43	3.384456
PROB	41	PROB	44	4.056740
PROB	41	PROB	45	0.600099
PROB	42	PROB	43	3.532778
PROB	42	PROB	44	1.553797
PROB	42	PROB	45	3.008915
PROB	42	PROB	46	1.774824
PROB	42	PROB	47	0.113961
PROB	43	PROB	44	4.099889
PROB	43	PROB	45	0.923186
PROB	43	PROB	46	2.427120
PROB	43	PROB	47	1.090909
PROB	43	PROB	48	0.067420
PROB	44	PROB	45	2.581989
PROB	44	PROB	46	0.707107
PROB	44	PROB	47	2.574349
PROB	44	PROB	48	1.060660
PROB	44	PROB	49	0.072548
PROB	45	PROB	46	4.016632
PROB	45	PROB	47	0.677003
PROB	45	PROB	48	2.327821
PROB	45	PROB	49	3.231221
PROB	45	PROB	50	0.052705
PROB	45	PROB	62	0.089087
PROB	45	PROB	63	0.842927
PROB	45	PROB	66	1.311220
PROB	45	PROB	67	0.912871
PROB	46	PROB	47	2.427120
PROB	46	PROB	48	0.800000
PROB	46	PROB	49	1.231174
PROB	46	PROB	50	0.866025
PROB	46	PROB	51	0.067420
PROB	46	PROB	55	2.051957
PROB	46	PROB	63	1.538968
PROB	46	PROB	67	0.850000
PROB	47	PROB	48	2.831639
PROB	47	PROB	49	0.553372
PROB	47	PROB	50	2.335497
PROB	47	PROB	51	1.454545
PROB	47	PROB	52	0.073127
PROB	48	PROB	49	4.257810
PROB	48	PROB	50	0.519615
PROB	48	PROB	51	1.146140
PROB	48	PROB	52	3.145492
PROB	49	PROB	50	2.191691
PROB	49	PROB	51	0.691714
PROB	49	PROB	52	1.279754
PROB	49	PROB	53	0.429198
PROB	49	PROB	54	1.956464
PROB	49	PROB	55	1.842105
PROB	49	PROB	62	2.503131
PROB	49	PROB	63	1.105263
PROB	49	PROB	66	0.421053
PROB	50	PROB	51	3.347545
PROB	50	PROB	52	0.751469
PROB	50	PROB	53	1.311125
PROB	50	PROB	54	0.440386
PROB	50	PROB	55	4.027972
PROB	50	PROB	56	0.521749
PROB	50	PROB	57	1.541349
PROB	51	PROB	52	3.875744
PROB	51	PROB	53	1.611646
PROB	52	PROB	53	3.241019
PROB	52	PROB	54	1.292719
PROB	53	PROB	54	2.678074
PROB	53	PROB	55	0.735767
PROB	53	PROB	56	0.154303
PROB	54	PROB	55	1.907552
PROB	54	PROB	56	0.061546
PROB	54	PROB	62	2.977549
PROB	54	PROB	63	0.048912
PROB	55	PROB	56	4.370957
PROB	55	PROB	59	0.674453
PROB	55	PROB	60	2.000000
PROB	55	PROB	62	0.150188
PROB	55	PROB	63	2.789474
PROB	56	PROB	57	3.877382
PROB	56	PROB	58	1.250000
PROB	56	PROB	59	2.623157
PROB	56	PROB	60	0.463586
PROB	57	PROB	58	2.461830
PROB	57	PROB	59	0.512823
PROB	57	PROB	60	0.097823
PROB	57	PROB	82	0.837436
PROB	57	PROB	87	0.489116
PROB	58	PROB	59	3.240370
PROB	58	PROB	60	0.264906
PROB	58	PROB	82	0.188982
PROB	58	PROB	87	3.245104
PROB	58	PROB	89	0.645497
PROB	59	PROB	60	3.188325
PROB	59	PROB	61	1.853393
PROB	59	PROB	87	0.306570
PROB	59	PROB	89	0.478091
PROB	60	PROB	61	2.766858
PROB	60	PROB	62	0.400501
PROB	60	PROB	63	3.000000
PROB	60	PROB	64	2.132456
PROB	60	PROB	79	2.179449
PROB	60	PROB	80	0.057354
PROB	60	PROB	82	1.802254
PROB	60	PROB	83	1.639025
PROB	60	PROB	87	1.105263
PROB	60	PROB	89	0.307794
PROB	61	PROB	62	2.960783
PROB	61	PROB	63	0.622543
PROB	61	PROB	64	3.425395
PROB	61	PROB	65	2.340072
PROB	61	PROB	66	0.069171
PROB	62	PROB	63	2.853569
PROB	62	PROB	64	0.619780
PROB	62	PROB	65	1.481917
PROB	62	PROB	66	3.053820
PROB	62	PROB	67	0.048795
PROB	63	PROB	64	2.902510
PROB	63	PROB	65	0.667698
PROB	63	PROB	66	1.631579
PROB	63	PROB	67	2.308451
PROB	63	PROB	68	0.059235
PROB	63	PROB	76	0.105263
PROB	63	PROB	79	2.064742
PROB	64	PROB	65	2.567520
PROB	64	PROB	66	0.355409
PROB	64	PROB	67	1.039230
PROB	64	PROB	68	1.133333
PROB	64	PROB	76	2.843275
PROB	64	PROB	79	1.678293
PROB	64	PROB	80	0.451848
PROB	64	PROB	83	1.212206
PROB	65	PROB	66	2.893357
PROB	65	PROB	67	0.433861
PROB	65	PROB	68	2.567520
PROB	65	PROB	69	1.001547
PROB	65	PROB	70	0.073127
PROB	66	PROB	67	2.359750
PROB	66	PROB	68	0.888523
PROB	66	PROB	69	2.421053
PROB	66	PROB	70	1.037572
PROB	67	PROB	68	2.193931
PROB	67	PROB	69	0.461690
PROB	67	PROB	70	1.280980
PROB	67	PROB	71	0.319505
PROB	67	PROB	72	1.734455
PROB	67	PROB	75	2.462348
PROB	67	PROB	76	2.770142
PROB	67	PROB	79	1.341641
PROB	68	PROB	69	2.724805
PROB	68	PROB	70	1.089899
PROB	68	PROB	71	1.106797
PROB	68	PROB	72	0.316228
PROB	68	PROB	76	0.947758
PROB	69	PROB	70	3.873601
PROB	69	PROB	71	2.575611
PROB	70	PROB	71	3.877382
PROB	70	PROB	72	1.354006
PROB	71	PROB	72	2.000000
PROB	71	PROB	73	0.600099
PROB	72	PROB	73	2.945942
PROB	72	PROB	74	2.887353
PROB	72	PROB	75	4.589270
PROB	72	PROB	76	0.889757
PROB	72	PROB	77	0.054554
PROB	73	PROB	74	4.166190
PROB	73	PROB	75	0.429198
PROB	73	PROB	76	1.900732
PROB	73	PROB	77	1.571429
PROB	74	PROB	75	4.304730
PROB	74	PROB	76	0.596040
PROB	74	PROB	77	1.928792
PROB	74	PROB	78	0.770154
PROB	75	PROB	76	2.105263
PROB	75	PROB	77	0.735767
PROB	75	PROB	78	2.003094
PROB	75	PROB	79	0.802955
PROB	76	PROB	77	2.636499
PROB	76	PROB	78	0.723339
PROB	76	PROB	79	3.555944
PROB	76	PROB	80	2.580927
PROB	76	PROB	81	0.066227
PROB	77	PROB	78	3.370659
PROB	77	PROB	79	0.734968
PROB	77	PROB	80	1.603567
PROB	77	PROB	81	1.620185
PROB	77	PROB	82	0.058321
PROB	78	PROB	79	2.607258
PROB	78	PROB	80	0.424437
PROB	78	PROB	81	1.890378
PROB	78	PROB	82	0.582182
PROB	78	PROB	83	0.049507
PROB	79	PROB	80	3.562500
PROB	79	PROB	81	1.010363
PROB	79	PROB	82	1.145644
PROB	79	PROB	83	0.816497
PROB	79	PROB	84	0.066815
PROB	80	PROB	81	2.958920
PROB	80	PROB	82	0.545545
PROB	80	PROB	83	1.888148
PROB	80	PROB	84	2.138090
PROB	80	PROB	85	0.051031
PROB	81	PROB	82	2.267787
PROB	81	PROB	83	0.589256
PROB	81	PROB	84	2.083095
PROB	81	PROB	85	1.119586
PROB	81	PROB	86	0.072169
PROB	82	PROB	83	2.316264
PROB	82	PROB	84	0.816497
PROB	82	PROB	85	0.979958
PROB	82	PROB	86	3.218714
PROB	82	PROB	87	1.752192
PROB	83	PROB	84	3.000496
PROB	83	PROB	85	0.333333
PROB	83	PROB	86	0.459279
PROB	83	PROB	87	3.137562
PROB	83	PROB	89	3.423266
PROB	84	PROB	85	2.236733
PROB	84	PROB	86	0.601338
PROB	84	PROB	87	0.367884
PROB	85	PROB	86	3.061862
PROB	85	PROB	87	0.327805
PROB	86	PROB	87	4.244191
PROB	86	PROB	88	0.159901
PROB	87	PROB	88	2.494492
PROB	87	PROB	89	3.026636
PROB	88	PROB	89	2.622022
