PROA	11	PROA	12	2.840188
PROA	11	PROA	13	0.545705
PROA	11	PROA	18	1.437500
PROA	11	PROA	19	0.950329
PROA	11	PROA	20	2.453739
PROA	12	PROA	13	3.444234
PROA	12	PROA	14	0.322749
PROA	12	PROA	17	0.062622
PROA	12	PROA	18	0.516398
PROA	12	PROA	19	1.501111
PROA	12	PROA	20	0.074536
PROA	12	PROA	28	1.777047
PROA	13	PROA	14	2.546624
PROA	13	PROA	15	0.198030
PROA	13	PROA	16	1.650057
PROA	13	PROA	17	0.823529
PROA	13	PROA	18	2.728526
PROA	13	PROA	19	0.813489
PROA	14	PROA	15	3.521142
PROA	14	PROA	16	0.944911
PROA	14	PROA	17	1.879651
PROA	14	PROA	18	0.250000
PROA	14	PROA	19	1.900658
PROA	14	PROA	28	2.007388
PROA	14	PROA	29	0.829156
PROA	14	PROA	30	2.345842
PROA	14	PROA	38	1.515848
PROA	14	PROA	40	1.206045
PROA	15	PROA	16	2.546005
PROA	15	PROA	17	1.485221
PROA	15	PROA	30	4.543441
PROA	15	PROA	38	1.188177
PROA	16	PROA	17	4.950172
PROA	16	PROA	18	0.472456
PROA	17	PROA	18	2.485990
PROA	17	PROA	19	1.247350
PROA	17	PROA	38	2.058824
PROA	17	PROA	55	0.672214
PROA	18	PROA	19	3.354102
PROA	18	PROA	20	0.216506
PROA	18	PROA	55	1.599005
PROA	18	PROA	102	0.436436
PROA	19	PROA	20	3.356586
PROA	19	PROA	21	1.229837
PROA	19	PROA	28	1.538968
PROA	19	PROA	38	1.626978
PROA	19	PROA	39	0.055902
PROA	19	PROA	40	1.348400
PROA	19	PROA	53	0.718185
PROA	19	PROA	54	0.047673
PROA	19	PROA	55	2.908061
PROA	19	PROA	102	2.586135
PROA	20	PROA	21	4.402296
PROA	20	PROA	22	0.872872
PROA	20	PROA	28	0.132453
PROA	20	PROA	90	0.331133
PROA	20	PROA	102	2.393775
PROA	21	PROA	22	4.252100
PROA	21	PROA	23	0.133631
PROA	21	PROA	24	0.204124
PROA	21	PROA	25	2.891387
PROA	21	PROA	26	0.066815
PROA	21	PROA	28	1.835326
PROA	21	PROA	42	0.395285
PROA	21	PROA	53	2.638281
PROA	21	PROA	90	2.064742
PROA	21	PROA	102	2.454951
PROA	22	PROA	23	4.949747
PROA	22	PROA	24	0.771517
PROA	22	PROA	25	1.402136
PROA	22	PROA	26	0.404061
PROA	23	PROA	24	2.673169
PROA	23	PROA	25	0.583212
PROA	23	PROA	26	0.428571
PROA	23	PROA	45	0.285714
PROA	24	PROA	25	5.211594
PROA	24	PROA	26	0.327327
PROA	24	PROA	43	0.044544
PROA	24	PROA	44	2.121320
PROA	24	PROA	45	1.472971
PROA	24	PROA	46	3.929390
PROA	24	PROA	47	1.472971
PROA	24	PROA	88	0.530330
PROA	25	PROA	26	2.682774
PROA	25	PROA	28	0.350438
PROA	25	PROA	42	0.897085
PROA	25	PROA	43	0.857143
PROA	25	PROA	44	2.708745
PROA	25	PROA	45	0.699854
PROA	25	PROA	51	1.854852
PROA	25	PROA	53	1.351691
PROA	25	PROA	87	0.058321
PROA	25	PROA	88	1.826828
PROA	25	PROA	90	0.901127
PROA	25	PROA	104	2.345842
PROA	26	PROA	27	4.285714
PROA	26	PROA	28	1.042337
PROA	26	PROA	42	1.352247
PROA	26	PROA	43	3.091023
PROA	26	PROA	44	0.154303
PROA	26	PROA	45	2.571429
PROA	27	PROA	28	2.697813
PROA	27	PROA	29	0.644658
PROA	27	PROA	41	0.241747
PROA	27	PROA	42	1.098701
PROA	27	PROA	43	1.458030
PROA	27	PROA	50	2.018515
PROA	28	PROA	29	2.559344
PROA	28	PROA	30	0.100125
PROA	28	PROA	40	0.968400
PROA	28	PROA	41	0.691714
PROA	28	PROA	42	2.611715
PROA	28	PROA	43	0.050063
PROA	28	PROA	53	0.473684
PROA	29	PROA	30	2.829192
PROA	29	PROA	31	0.622543
PROA	29	PROA	40	1.818182
PROA	29	PROA	41	3.636364
PROA	29	PROA	42	0.381385
PROA	29	PROA	50	0.615457
PROA	30	PROA	31	2.903632
PROA	30	PROA	32	3.546580
PROA	30	PROA	33	0.563436
PROA	30	PROA	38	1.005587
PROA	30	PROA	39	0.272772
PROA	30	PROA	40	0.789542
PROA	30	PROA	41	0.263181
PROA	31	PROA	32	4.248839
PROA	31	PROA	39	2.867697
PROA	31	PROA	40	1.590943
PROA	31	PROA	41	2.628515
PROA	31	PROA	107	1.105263
PROA	31	PROA	108	0.055641
PROA	32	PROA	33	3.806010
PROA	32	PROA	34	0.428571
PROA	32	PROA	38	0.916698
PROA	32	PROA	39	3.212698
PROA	32	PROA	40	0.227921
PROA	33	PROA	34	3.708420
PROA	33	PROA	37	1.659030
PROA	33	PROA	38	2.504897
PROA	33	PROA	39	0.839146
PROA	34	PROA	35	3.585686
PROA	34	PROA	36	0.824786
PROA	34	PROA	37	3.857143
PROA	34	PROA	38	0.458349
PROA	34	PROA	39	1.700840
PROA	35	PROA	36	5.106485
PROA	35	PROA	37	0.956183
PROA	35	PROA	67	0.516398
PROA	35	PROA	167	0.182574
PROA	36	PROA	37	2.721794
PROA	36	PROA	55	0.232621
PROA	36	PROA	56	4.005009
PROA	36	PROA	57	1.842265
PROA	36	PROA	58	0.641533
PROA	36	PROA	64	1.333333
PROA	36	PROA	67	2.405351
PROA	36	PROA	68	2.449490
PROA	36	PROA	71	0.225374
PROA	36	PROA	169	0.164957
PROA	37	PROA	38	3.300115
PROA	37	PROA	39	0.850420
PROA	37	PROA	55	1.289317
PROA	37	PROA	56	0.260133
PROA	37	PROA	57	0.341882
PROA	38	PROA	39	3.152963
PROA	38	PROA	40	0.438763
PROA	38	PROA	53	0.055641
PROA	38	PROA	54	0.206835
PROA	38	PROA	55	2.223477
PROA	39	PROA	40	3.768892
PROA	39	PROA	41	0.075378
PROA	39	PROA	52	0.395285
PROA	39	PROA	53	0.688247
PROA	39	PROA	54	2.611709
PROA	39	PROA	55	0.373101
PROA	40	PROA	41	4.545455
PROA	40	PROA	42	0.476731
PROA	40	PROA	51	0.075378
PROA	40	PROA	52	0.572078
PROA	40	PROA	53	3.735258
PROA	40	PROA	54	0.257130
PROA	40	PROA	55	0.064282
PROA	41	PROA	42	4.767313
PROA	41	PROA	50	2.277193
PROA	41	PROA	51	0.829156
PROA	41	PROA	52	0.953463
PROA	41	PROA	53	0.760886
PROA	41	PROA	107	2.766858
PROA	42	PROA	43	3.312315
PROA	42	PROA	44	0.365148
PROA	42	PROA	49	0.079057
PROA	42	PROA	50	3.033837
PROA	42	PROA	51	3.952847
PROA	42	PROA	52	0.300000
PROA	42	PROA	53	2.321524
PROA	42	PROA	107	0.072548
PROA	43	PROA	44	4.094615
PROA	43	PROA	45	2.566132
PROA	43	PROA	48	2.186638
PROA	43	PROA	49	1.691189
PROA	43	PROA	50	2.672612
PROA	43	PROA	51	0.818317
PROA	44	PROA	45	3.471825
PROA	44	PROA	46	1.804220
PROA	44	PROA	47	3.240370
PROA	44	PROA	48	1.661735
PROA	44	PROA	49	3.391933
PROA	44	PROA	50	0.471405
PROA	44	PROA	51	2.165064
PROA	45	PROA	46	2.939874
PROA	45	PROA	47	0.214286
PROA	45	PROA	48	2.905995
PROA	45	PROA	49	0.066815
PROA	46	PROA	47	3.942103
PROA	46	PROA	48	1.972107
PROA	47	PROA	48	2.849014
PROA	47	PROA	49	2.071275
PROA	48	PROA	49	2.291908
PROA	49	PROA	50	3.265986
PROA	49	PROA	51	1.125000
PROA	50	PROA	51	3.163924
PROA	50	PROA	106	0.117851
PROA	50	PROA	107	1.498537
PROA	51	PROA	52	3.794733
PROA	51	PROA	53	2.122096
PROA	51	PROA	87	0.935414
PROA	51	PROA	104	2.187500
PROA	51	PROA	105	0.606339
PROA	51	PROA	106	0.793857
PROA	51	PROA	107	1.433848
PROA	52	PROA	53	3.917572
PROA	52	PROA	54	1.011300
PROA	52	PROA	103	0.217643
PROA	52	PROA	104	1.264911
PROA	52	PROA	105	2.991163
PROA	52	PROA	106	1.460593
PROA	52	PROA	107	3.772477
PROA	52	PROA	108	0.230089
PROA	53	PROA	54	2.494492
PROA	53	PROA	55	0.342381
PROA	53	PROA	90	0.105263
PROA	53	PROA	102	1.551941
PROA	53	PROA	103	0.473684
PROA	53	PROA	104	3.269174
PROA	53	PROA	105	0.166924
PROA	54	PROA	55	1.727273
PROA	54	PROA	56	2.152110
PROA	54	PROA	71	0.055048
PROA	54	PROA	101	0.159901
PROA	54	PROA	102	0.790912
PROA	54	PROA	103	2.836873
PROA	54	PROA	104	0.319801
PROA	54	PROA	105	2.120060
PROA	54	PROA	156	0.048912
PROA	55	PROA	56	2.836873
PROA	55	PROA	57	0.642824
PROA	55	PROA	100	2.092555
PROA	55	PROA	101	0.479702
PROA	55	PROA	102	2.884501
PROA	55	PROA	103	0.146735
PROA	56	PROA	57	3.181887
PROA	56	PROA	58	1.778104
PROA	56	PROA	68	1.287593
PROA	56	PROA	100	0.463586
PROA	56	PROA	101	3.039758
PROA	56	PROA	102	0.250313
PROA	56	PROA	103	2.526316
PROA	57	PROA	58	4.270862
PROA	57	PROA	59	0.674200
PROA	57	PROA	64	0.065795
PROA	57	PROA	100	3.307475
PROA	57	PROA	101	0.226134
PROA	58	PROA	59	5.737097
PROA	58	PROA	60	0.621059
PROA	58	PROA	61	1.361228
PROA	58	PROA	64	2.682774
PROA	58	PROA	65	2.336887
PROA	58	PROA	68	1.785714
PROA	58	PROA	100	0.154303
PROA	58	PROA	101	0.066815
PROA	58	PROA	347	0.367884
PROA	59	PROA	60	2.540341
PROA	59	PROA	61	0.650791
PROA	59	PROA	65	0.943880
PROA	59	PROA	98	1.735444
PROA	59	PROA	99	1.048809
PROA	59	PROA	100	0.839146
PROA	59	PROA	101	0.782624
PROA	59	PROA	340	0.667424
PROA	59	PROA	344	3.051080
PROA	59	PROA	347	1.128576
PROA	60	PROA	61	4.696682
PROA	60	PROA	62	0.187867
PROA	60	PROA	340	1.156012
PROA	61	PROA	62	2.176471
PROA	61	PROA	63	0.907485
PROA	61	PROA	64	4.922082
PROA	61	PROA	65	1.681927
PROA	61	PROA	340	0.413670
PROA	62	PROA	63	4.796708
PROA	62	PROA	64	0.635107
PROA	62	PROA	65	2.413199
PROA	62	PROA	66	2.705882
PROA	62	PROA	67	0.049507
PROA	62	PROA	336	0.210042
PROA	62	PROA	338	0.278207
PROA	62	PROA	339	0.129641
PROA	62	PROA	340	1.602972
PROA	62	PROA	343	1.279754
PROA	63	PROA	64	3.440950
PROA	63	PROA	65	1.047570
PROA	63	PROA	66	2.981737
PROA	63	PROA	67	1.309307
PROA	63	PROA	68	0.071429
PROA	64	PROA	65	2.763397
PROA	64	PROA	66	0.529256
PROA	64	PROA	67	2.405351
PROA	64	PROA	68	0.991460
PROA	64	PROA	69	0.050063
PROA	65	PROA	66	2.705708
PROA	65	PROA	67	0.492366
PROA	65	PROA	68	1.772811
PROA	65	PROA	69	0.899229
PROA	65	PROA	70	0.061546
PROA	65	PROA	340	0.449977
PROA	65	PROA	343	2.075143
PROA	65	PROA	347	1.175915
PROA	66	PROA	67	2.178325
PROA	66	PROA	68	0.907485
PROA	66	PROA	69	1.112830
PROA	66	PROA	70	1.435714
PROA	66	PROA	71	0.062622
PROA	66	PROA	335	3.672338
PROA	66	PROA	336	1.610322
PROA	66	PROA	338	0.055641
PROA	66	PROA	343	2.448225
PROA	67	PROA	68	2.454951
PROA	67	PROA	69	0.374634
PROA	67	PROA	70	0.833333
PROA	67	PROA	71	0.790569
PROA	67	PROA	72	0.046829
PROA	67	PROA	169	3.703280
PROA	67	PROA	170	2.716099
PROA	68	PROA	69	2.268616
PROA	68	PROA	70	0.600099
PROA	68	PROA	71	1.932184
PROA	68	PROA	72	1.103651
PROA	68	PROA	73	0.056980
PROA	68	PROA	169	0.101015
PROA	68	PROA	347	0.797081
PROA	69	PROA	70	2.107318
PROA	69	PROA	71	0.592349
PROA	69	PROA	72	2.105263
PROA	69	PROA	73	2.445580
PROA	69	PROA	331	0.051299
PROA	69	PROA	333	0.556415
PROA	69	PROA	335	2.473684
PROA	69	PROA	343	2.000000
PROA	69	PROA	346	2.105263
PROA	69	PROA	347	3.421053
PROA	69	PROA	350	1.243933
PROA	70	PROA	71	2.160890
PROA	70	PROA	72	0.561951
PROA	70	PROA	73	0.913908
PROA	70	PROA	74	1.264391
PROA	70	PROA	168	0.091287
PROA	70	PROA	169	1.388730
PROA	70	PROA	170	0.046829
PROA	70	PROA	171	0.516398
PROA	70	PROA	172	2.666667
PROA	70	PROA	331	3.560197
PROA	70	PROA	333	0.049507
PROA	70	PROA	334	0.316228
PROA	70	PROA	335	3.137562
PROA	70	PROA	336	0.117851
PROA	71	PROA	72	2.784040
PROA	71	PROA	73	0.550482
PROA	71	PROA	74	1.717812
PROA	71	PROA	75	2.843275
PROA	71	PROA	76	0.059235
PROA	71	PROA	167	1.267105
PROA	71	PROA	168	3.579572
PROA	71	PROA	169	3.415650
PROA	72	PROA	73	3.423812
PROA	72	PROA	74	0.631579
PROA	72	PROA	75	1.842105
PROA	72	PROA	76	3.210526
PROA	72	PROA	77	0.046829
PROA	72	PROA	86	1.368421
PROA	72	PROA	89	1.052632
PROA	72	PROA	103	0.105263
PROA	72	PROA	347	0.263158
PROA	72	PROA	350	3.257919
PROA	72	PROA	351	1.226279
PROA	72	PROA	354	0.051299
PROA	73	PROA	74	2.054287
PROA	73	PROA	75	0.538028
PROA	73	PROA	76	2.249934
PROA	73	PROA	77	0.565752
PROA	73	PROA	329	0.905789
PROA	73	PROA	331	1.477867
PROA	73	PROA	333	0.775632
PROA	73	PROA	350	2.422120
PROA	74	PROA	75	2.157895
PROA	74	PROA	76	0.684211
PROA	74	PROA	77	0.936586
PROA	74	PROA	78	3.077935
PROA	74	PROA	83	0.105263
PROA	74	PROA	140	0.157895
PROA	74	PROA	145	1.089725
PROA	74	PROA	168	2.872739
PROA	74	PROA	169	0.086711
PROA	74	PROA	171	1.813691
PROA	74	PROA	172	0.046829
PROA	74	PROA	329	1.949359
PROA	74	PROA	331	1.385071
PROA	75	PROA	76	2.052632
PROA	75	PROA	77	0.421464
PROA	75	PROA	78	0.564288
PROA	75	PROA	79	0.936586
PROA	75	PROA	83	0.631579
PROA	75	PROA	84	1.263158
PROA	75	PROA	85	1.040532
PROA	75	PROA	86	2.578947
PROA	75	PROA	103	0.052632
PROA	75	PROA	105	1.001547
PROA	75	PROA	166	0.069171
PROA	75	PROA	167	0.066227
PROA	75	PROA	168	1.231174
PROA	76	PROA	77	1.592196
PROA	76	PROA	78	0.307794
PROA	76	PROA	79	1.217562
PROA	76	PROA	86	0.473684
PROA	76	PROA	89	0.052632
PROA	76	PROA	350	1.066228
PROA	76	PROA	353	0.187317
PROA	76	PROA	354	0.820783
PROA	77	PROA	78	4.564355
PROA	77	PROA	79	1.041667
PROA	77	PROA	139	0.311805
PROA	77	PROA	143	0.129099
PROA	77	PROA	326	1.950071
PROA	77	PROA	327	1.032796
PROA	77	PROA	328	0.763763
PROA	77	PROA	329	4.381780
PROA	78	PROA	79	1.962672
PROA	78	PROA	80	1.138885
PROA	78	PROA	83	2.616245
PROA	78	PROA	139	3.659625
PROA	78	PROA	140	2.770142
PROA	78	PROA	143	1.343503
PROA	78	PROA	145	1.006231
PROA	78	PROA	329	1.800000
PROA	79	PROA	80	2.475369
PROA	79	PROA	83	1.217562
PROA	79	PROA	84	0.515122
PROA	79	PROA	85	2.237399
PROA	79	PROA	86	0.187317
PROA	79	PROA	139	0.222718
PROA	80	PROA	81	5.322906
PROA	80	PROA	82	2.852096
PROA	80	PROA	83	4.451319
PROA	80	PROA	84	0.111283
PROA	80	PROA	135	0.198030
PROA	80	PROA	136	1.650057
PROA	80	PROA	139	2.275801
PROA	80	PROA	164	0.051709
PROA	81	PROA	82	4.347413
PROA	81	PROA	83	0.414644
PROA	81	PROA	135	0.210819
PROA	81	PROA	163	0.059235
PROA	81	PROA	164	1.156012
PROA	82	PROA	83	2.513871
PROA	82	PROA	84	0.245256
PROA	82	PROA	132	3.176198
PROA	82	PROA	135	0.927426
PROA	82	PROA	136	2.727412
PROA	82	PROA	163	1.410220
PROA	82	PROA	164	2.279212
PROA	82	PROA	165	1.471534
PROA	83	PROA	84	3.315789
PROA	83	PROA	85	0.346844
PROA	83	PROA	136	0.867110
PROA	83	PROA	137	0.052632
PROA	83	PROA	139	0.450564
PROA	83	PROA	140	2.421053
PROA	83	PROA	164	0.635851
PROA	83	PROA	165	2.842105
PROA	83	PROA	166	0.069171
PROA	83	PROA	168	2.051957
PROA	84	PROA	85	5.202660
PROA	84	PROA	86	0.157895
PROA	84	PROA	105	2.281301
PROA	84	PROA	106	1.854345
PROA	84	PROA	108	1.057188
PROA	84	PROA	156	0.052632
PROA	84	PROA	164	4.059663
PROA	84	PROA	165	0.578947
PROA	84	PROA	166	1.245086
PROA	84	PROA	168	0.102598
PROA	85	PROA	86	3.641862
PROA	85	PROA	87	0.404061
PROA	85	PROA	105	1.650057
PROA	85	PROA	106	0.109109
PROA	86	PROA	87	2.943069
PROA	86	PROA	88	1.854345
PROA	86	PROA	89	2.368421
PROA	86	PROA	103	2.157895
PROA	86	PROA	104	0.802955
PROA	86	PROA	105	2.336943
PROA	86	PROA	354	1.231174
PROA	87	PROA	88	4.011887
PROA	87	PROA	104	2.672612
PROA	87	PROA	105	2.268713
PROA	87	PROA	106	1.851640
PROA	87	PROA	354	0.478091
PROA	88	PROA	89	3.642464
PROA	88	PROA	90	0.331133
PROA	88	PROA	103	0.463586
PROA	88	PROA	104	4.546633
PROA	88	PROA	105	0.070014
PROA	88	PROA	354	1.936492
PROA	89	PROA	90	3.473684
PROA	89	PROA	91	0.702439
PROA	89	PROA	101	1.147079
PROA	89	PROA	102	0.550689
PROA	89	PROA	103	2.473684
PROA	89	PROA	104	0.745601
PROA	89	PROA	350	0.059235
PROA	89	PROA	351	3.801464
PROA	89	PROA	354	4.463006
PROA	89	PROA	355	1.613603
PROA	90	PROA	91	2.856587
PROA	90	PROA	101	0.917663
PROA	90	PROA	102	4.455573
PROA	90	PROA	103	0.210526
PROA	90	PROA	104	0.975017
PROA	90	PROA	355	0.945905
PROA	91	PROA	92	4.583030
PROA	91	PROA	93	1.091089
PROA	91	PROA	98	2.029802
PROA	91	PROA	99	0.130558
PROA	91	PROA	101	1.684024
PROA	91	PROA	102	0.133631
PROA	91	PROA	347	0.093659
PROA	91	PROA	348	4.609998
PROA	91	PROA	349	0.316228
PROA	91	PROA	351	3.327823
PROA	91	PROA	352	2.517439
PROA	91	PROA	355	4.208127
PROA	92	PROA	93	4.986410
PROA	92	PROA	94	1.690309
PROA	92	PROA	97	2.224198
PROA	92	PROA	98	1.533930
PROA	92	PROA	99	0.269680
PROA	92	PROA	348	0.989949
PROA	92	PROA	355	0.076696
PROA	93	PROA	94	3.785714
PROA	93	PROA	95	0.245256
PROA	93	PROA	97	0.129641
PROA	93	PROA	348	0.657376
PROA	93	PROA	355	0.064820
PROA	94	PROA	95	2.943069
PROA	94	PROA	96	1.449138
PROA	94	PROA	97	2.657635
PROA	94	PROA	98	0.194461
PROA	94	PROA	348	1.314751
PROA	95	PROA	96	4.027972
PROA	95	PROA	97	0.778981
PROA	95	PROA	98	1.669245
PROA	95	PROA	344	0.733674
PROA	95	PROA	345	1.895516
PROA	95	PROA	348	4.514305
PROA	96	PROA	97	3.193744
PROA	96	PROA	98	0.563602
PROA	97	PROA	98	2.117647
PROA	97	PROA	99	1.861516
PROA	98	PROA	99	3.102526
PROA	98	PROA	101	1.212678
PROA	98	PROA	344	2.378603
PROA	98	PROA	347	1.502320
PROA	98	PROA	348	3.904748
PROA	98	PROA	351	1.166767
PROA	99	PROA	100	2.831104
PROA	99	PROA	101	0.692902
PROA	100	PROA	101	3.031089
PROA	100	PROA	102	0.692935
PROA	101	PROA	102	3.164159
PROA	101	PROA	103	2.523573
PROA	101	PROA	347	0.344124
PROA	101	PROA	351	0.601338
PROA	102	PROA	103	2.453068
PROA	102	PROA	104	0.654654
PROA	103	PROA	104	3.326528
PROA	103	PROA	105	1.279754
PROA	104	PROA	105	3.759302
PROA	105	PROA	106	3.150630
PROA	105	PROA	107	0.278207
PROA	106	PROA	107	3.112651
PROA	106	PROA	108	1.750350
PROA	106	PROA	158	0.077152
PROA	106	PROA	164	0.061546
PROA	107	PROA	108	4.451319
PROA	107	PROA	109	0.296174
PROA	107	PROA	158	0.306570
PROA	107	PROA	159	0.061314
PROA	108	PROA	109	2.567520
PROA	108	PROA	110	0.713024
PROA	108	PROA	156	3.171565
PROA	108	PROA	157	1.112830
PROA	108	PROA	158	2.203893
PROA	108	PROA	159	0.064820
PROA	108	PROA	162	0.070014
PROA	108	PROA	164	1.706389
PROA	109	PROA	110	4.830459
PROA	109	PROA	157	1.362402
PROA	109	PROA	158	1.518144
PROA	109	PROA	159	3.450328
PROA	110	PROA	111	4.860556
PROA	110	PROA	112	0.306570
PROA	110	PROA	114	1.082625
PROA	110	PROA	115	2.636499
PROA	110	PROA	156	0.735767
PROA	110	PROA	157	4.169348
PROA	111	PROA	112	2.715291
PROA	111	PROA	113	1.826828
PROA	111	PROA	114	3.261925
PROA	111	PROA	115	0.927173
PROA	111	PROA	116	0.066227
PROA	111	PROA	152	0.308607
PROA	111	PROA	153	1.740777
PROA	111	PROA	154	0.077152
PROA	111	PROA	155	0.794719
PROA	111	PROA	156	2.384158
PROA	111	PROA	157	1.258306
PROA	112	PROA	113	2.002505
PROA	112	PROA	114	0.440204
PROA	112	PROA	115	3.315789
PROA	112	PROA	116	2.894737
PROA	112	PROA	117	0.048912
PROA	112	PROA	121	0.473684
PROA	112	PROA	129	0.820783
PROA	112	PROA	133	0.684211
PROA	112	PROA	152	2.084674
PROA	112	PROA	153	0.138343
PROA	112	PROA	155	3.210526
PROA	112	PROA	156	0.263158
PROA	112	PROA	157	2.421053
PROA	112	PROA	163	0.894737
PROA	112	PROA	217	0.736842
PROA	112	PROA	221	1.112830
PROA	113	PROA	114	4.094131
PROA	113	PROA	115	0.500626
PROA	113	PROA	116	1.051315
PROA	113	PROA	117	3.349743
PROA	113	PROA	118	0.058321
PROA	113	PROA	152	3.032702
PROA	113	PROA	153	1.842265
PROA	113	PROA	192	0.044544
PROA	114	PROA	115	1.662994
PROA	114	PROA	116	0.489116
PROA	114	PROA	117	2.000000
PROA	114	PROA	118	1.196586
PROA	114	PROA	153	0.064282
PROA	115	PROA	116	2.684211
PROA	115	PROA	117	0.586939
PROA	115	PROA	118	2.636499
PROA	115	PROA	119	1.168471
PROA	115	PROA	121	1.736842
PROA	115	PROA	125	0.055641
PROA	115	PROA	129	1.025978
PROA	115	PROA	157	2.105263
PROA	115	PROA	224	0.061314
PROA	116	PROA	117	1.858641
PROA	116	PROA	118	0.735767
PROA	116	PROA	119	0.778981
PROA	116	PROA	120	0.111283
PROA	116	PROA	121	1.789474
PROA	116	PROA	152	0.122628
PROA	116	PROA	217	0.157895
PROA	116	PROA	220	2.013986
PROA	116	PROA	221	2.893357
PROA	116	PROA	224	4.414603
PROA	117	PROA	118	2.507133
PROA	117	PROA	119	0.258544
PROA	117	PROA	224	0.056980
PROA	118	PROA	119	4.602246
PROA	119	PROA	120	4.352941
PROA	119	PROA	121	0.389490
PROA	119	PROA	224	1.101946
PROA	120	PROA	121	3.115923
PROA	120	PROA	122	0.292509
PROA	120	PROA	223	0.438763
PROA	120	PROA	224	3.241019
PROA	121	PROA	122	3.458572
PROA	121	PROA	123	0.306570
PROA	121	PROA	125	1.391037
PROA	121	PROA	126	3.157895
PROA	121	PROA	129	1.641565
PROA	121	PROA	221	2.726433
PROA	121	PROA	224	0.429198
PROA	122	PROA	123	3.465039
PROA	122	PROA	124	2.872281
PROA	122	PROA	125	2.705708
PROA	122	PROA	126	1.660115
PROA	122	PROA	127	0.090909
PROA	123	PROA	124	3.703280
PROA	123	PROA	125	0.713024
PROA	123	PROA	126	3.004383
PROA	123	PROA	127	1.128152
PROA	123	PROA	128	0.058321
PROA	123	PROA	283	1.002972
PROA	123	PROA	312	1.807957
PROA	124	PROA	125	2.730546
PROA	124	PROA	126	0.927173
PROA	124	PROA	127	2.088932
PROA	124	PROA	128	0.881917
PROA	124	PROA	129	0.064550
PROA	124	PROA	316	0.818923
PROA	125	PROA	126	2.559508
PROA	125	PROA	127	0.731272
PROA	125	PROA	128	1.799471
PROA	125	PROA	129	3.525120
PROA	125	PROA	130	0.055641
PROA	125	PROA	161	0.804400
PROA	126	PROA	127	2.974372
PROA	126	PROA	128	0.500626
PROA	126	PROA	129	1.231174
PROA	126	PROA	130	1.000000
PROA	126	PROA	131	0.050063
PROA	126	PROA	218	1.000000
PROA	126	PROA	221	4.061829
PROA	126	PROA	222	2.263158
PROA	126	PROA	312	0.901127
PROA	127	PROA	128	3.026578
PROA	127	PROA	129	0.741620
PROA	127	PROA	130	1.936800
PROA	127	PROA	131	0.921132
PROA	127	PROA	132	0.073127
PROA	127	PROA	312	4.671457
PROA	127	PROA	313	2.351829
PROA	127	PROA	316	1.447494
PROA	128	PROA	129	2.878905
PROA	128	PROA	130	0.600751
PROA	128	PROA	131	2.238095
PROA	128	PROA	132	4.816231
PROA	128	PROA	133	0.050063
PROA	128	PROA	161	1.184313
PROA	128	PROA	162	0.440959
PROA	128	PROA	313	0.050063
PROA	128	PROA	316	3.047619
PROA	129	PROA	130	2.154555
PROA	129	PROA	131	0.731925
PROA	129	PROA	132	3.199724
PROA	129	PROA	133	1.744163
PROA	129	PROA	134	0.051299
PROA	129	PROA	157	0.615587
PROA	129	PROA	161	1.078720
PROA	129	PROA	163	1.385071
PROA	129	PROA	221	0.921954
PROA	130	PROA	131	2.102630
PROA	130	PROA	132	0.667698
PROA	130	PROA	133	2.315789
PROA	130	PROA	134	2.684211
PROA	130	PROA	135	0.046829
PROA	130	PROA	214	0.975017
PROA	130	PROA	218	3.210526
PROA	130	PROA	221	1.391037
PROA	130	PROA	286	0.072548
PROA	130	PROA	289	1.421053
PROA	130	PROA	293	1.335396
PROA	130	PROA	312	1.301628
PROA	130	PROA	313	2.473684
PROA	131	PROA	132	3.440165
PROA	131	PROA	133	0.700877
PROA	131	PROA	134	1.001252
PROA	131	PROA	135	2.717156
PROA	131	PROA	136	0.082479
PROA	131	PROA	308	1.602004
PROA	131	PROA	313	2.703381
PROA	131	PROA	316	2.809524
PROA	131	PROA	317	1.571429
PROA	131	PROA	318	0.440959
PROA	132	PROA	133	2.559508
PROA	132	PROA	134	0.500773
PROA	132	PROA	135	1.287192
PROA	132	PROA	136	0.825029
PROA	132	PROA	137	0.055641
PROA	132	PROA	161	0.438763
PROA	132	PROA	162	0.630126
PROA	132	PROA	163	3.561055
PROA	132	PROA	165	0.111283
PROA	133	PROA	134	3.157895
PROA	133	PROA	135	0.468293
PROA	133	PROA	136	1.040532
PROA	133	PROA	137	1.105263
PROA	133	PROA	138	0.048912
PROA	133	PROA	150	0.052632
PROA	133	PROA	155	2.315789
PROA	133	PROA	163	3.526316
PROA	133	PROA	165	0.947368
PROA	133	PROA	214	1.491202
PROA	133	PROA	217	0.684211
PROA	133	PROA	221	0.612056
PROA	134	PROA	135	1.685854
PROA	134	PROA	136	1.127243
PROA	134	PROA	137	2.631579
PROA	134	PROA	138	0.733674
PROA	134	PROA	211	0.789474
PROA	134	PROA	214	0.802955
PROA	134	PROA	289	0.526316
PROA	134	PROA	293	1.557962
PROA	134	PROA	304	2.466219
PROA	134	PROA	307	2.539167
PROA	134	PROA	308	4.684211
PROA	134	PROA	313	1.263158
PROA	135	PROA	136	3.086067
PROA	135	PROA	137	0.374634
PROA	135	PROA	138	1.087985
PROA	135	PROA	139	0.178174
PROA	135	PROA	308	2.528782
PROA	135	PROA	317	0.044544
PROA	135	PROA	318	0.471405
PROA	135	PROA	320	0.123091
PROA	135	PROA	322	1.317616
PROA	136	PROA	137	2.948174
PROA	136	PROA	138	0.966988
PROA	136	PROA	139	1.649572
PROA	136	PROA	140	0.693688
PROA	136	PROA	141	0.091670
PROA	136	PROA	165	1.560798
PROA	137	PROA	138	2.152110
PROA	137	PROA	139	0.550689
PROA	137	PROA	140	2.368421
PROA	137	PROA	141	2.392584
PROA	137	PROA	142	0.069171
PROA	137	PROA	150	0.315789
PROA	137	PROA	165	1.263158
PROA	137	PROA	210	1.655665
PROA	137	PROA	211	1.315789
PROA	137	PROA	214	0.917663
PROA	137	PROA	304	3.383882
PROA	138	PROA	139	2.512307
PROA	138	PROA	140	0.342381
PROA	138	PROA	141	1.085884
PROA	138	PROA	142	2.121320
PROA	138	PROA	143	0.067420
PROA	138	PROA	304	2.238608
PROA	138	PROA	305	2.477168
PROA	138	PROA	308	1.418436
PROA	138	PROA	322	1.431253
PROA	139	PROA	140	2.903632
PROA	139	PROA	141	0.529256
PROA	139	PROA	142	1.315903
PROA	139	PROA	143	0.828079
PROA	140	PROA	141	2.670791
PROA	140	PROA	142	0.899229
PROA	140	PROA	143	2.394072
PROA	140	PROA	144	0.429198
PROA	140	PROA	145	2.638281
PROA	140	PROA	147	0.055641
PROA	140	PROA	165	0.421053
PROA	140	PROA	168	0.512989
PROA	141	PROA	142	2.925090
PROA	141	PROA	143	1.150447
PROA	141	PROA	144	1.685330
PROA	141	PROA	145	0.485071
PROA	141	PROA	146	1.001547
PROA	141	PROA	207	1.602972
PROA	141	PROA	208	0.146254
PROA	141	PROA	209	0.055641
PROA	141	PROA	210	0.350070
PROA	141	PROA	304	2.849794
PROA	142	PROA	143	4.290582
PROA	142	PROA	144	2.256304
PROA	142	PROA	328	0.080582
PROA	143	PROA	144	3.803194
PROA	143	PROA	145	2.687936
PROA	143	PROA	173	0.158114
PROA	143	PROA	328	1.267731
PROA	143	PROA	329	1.767767
PROA	144	PROA	145	2.739428
PROA	144	PROA	146	0.981023
PROA	144	PROA	172	0.054554
PROA	144	PROA	173	1.135860
PROA	144	PROA	174	3.042555
PROA	144	PROA	207	1.595448
PROA	144	PROA	328	0.071429
PROA	145	PROA	146	3.670652
PROA	145	PROA	147	0.363803
PROA	145	PROA	171	1.897367
PROA	145	PROA	172	1.071652
PROA	145	PROA	173	1.812500
PROA	145	PROA	174	0.395285
PROA	145	PROA	210	0.072169
PROA	145	PROA	329	1.062132
PROA	146	PROA	147	1.947452
PROA	146	PROA	148	1.498537
PROA	146	PROA	171	1.088214
PROA	146	PROA	172	0.936586
PROA	146	PROA	173	0.401478
PROA	146	PROA	174	4.062667
PROA	146	PROA	175	0.264906
PROA	146	PROA	206	0.367884
PROA	146	PROA	207	1.760818
PROA	146	PROA	209	2.263158
PROA	146	PROA	210	1.059626
PROA	147	PROA	148	2.673398
PROA	147	PROA	149	1.960392
PROA	147	PROA	150	4.840809
PROA	147	PROA	151	0.103418
PROA	147	PROA	154	1.814970
PROA	147	PROA	165	0.278207
PROA	147	PROA	166	0.731272
PROA	147	PROA	167	1.470294
PROA	147	PROA	168	1.410048
PROA	147	PROA	170	0.111283
PROA	147	PROA	171	2.147502
PROA	147	PROA	209	0.055641
PROA	147	PROA	210	1.120224
PROA	148	PROA	149	2.592725
PROA	148	PROA	150	0.093659
PROA	148	PROA	170	1.826342
PROA	148	PROA	171	0.774597
PROA	148	PROA	172	1.500000
PROA	148	PROA	173	0.051031
PROA	148	PROA	174	0.064550
PROA	148	PROA	175	0.294628
PROA	148	PROA	178	0.940640
PROA	148	PROA	185	2.782278
PROA	148	PROA	186	2.529822
PROA	148	PROA	210	0.058926
PROA	149	PROA	150	2.516611
PROA	149	PROA	151	2.646467
PROA	149	PROA	154	0.154303
PROA	149	PROA	186	0.074536
PROA	149	PROA	187	0.062994
PROA	149	PROA	188	0.360844
PROA	149	PROA	194	1.473139
PROA	149	PROA	209	0.066227
PROA	149	PROA	210	0.083333
PROA	149	PROA	213	0.174078
PROA	150	PROA	151	3.619458
PROA	150	PROA	154	1.839418
PROA	150	PROA	155	1.684211
PROA	150	PROA	165	1.421053
PROA	150	PROA	166	0.207514
PROA	150	PROA	168	0.051299
PROA	150	PROA	193	0.150188
PROA	150	PROA	210	1.059626
PROA	150	PROA	213	1.590943
PROA	150	PROA	214	0.458831
PROA	150	PROA	217	0.315789
PROA	151	PROA	152	3.361837
PROA	151	PROA	153	1.799908
PROA	151	PROA	154	1.880350
PROA	151	PROA	155	0.489116
PROA	151	PROA	188	0.106600
PROA	151	PROA	189	0.606780
PROA	151	PROA	190	1.025645
PROA	151	PROA	193	1.070057
PROA	151	PROA	213	0.128565
PROA	151	PROA	217	0.635851
PROA	152	PROA	153	3.787368
PROA	152	PROA	154	0.857143
PROA	152	PROA	155	2.023360
PROA	152	PROA	193	2.099563
PROA	152	PROA	217	2.881755
PROA	152	PROA	220	0.207020
PROA	153	PROA	154	4.270862
PROA	153	PROA	155	0.622543
PROA	153	PROA	156	0.276686
PROA	154	PROA	155	3.127011
PROA	154	PROA	156	0.490511
PROA	154	PROA	164	0.056980
PROA	154	PROA	165	0.490511
PROA	154	PROA	166	2.659216
PROA	154	PROA	167	3.240370
PROA	155	PROA	156	2.842105
PROA	155	PROA	157	0.368421
PROA	155	PROA	163	2.473684
PROA	155	PROA	164	0.586939
PROA	155	PROA	165	3.157895
PROA	155	PROA	166	0.415029
PROA	155	PROA	217	1.368421
PROA	156	PROA	157	2.789474
PROA	156	PROA	158	0.245256
PROA	156	PROA	162	0.066227
PROA	156	PROA	163	0.736842
PROA	156	PROA	164	2.249934
PROA	156	PROA	165	0.105263
PROA	156	PROA	166	1.175915
PROA	157	PROA	158	3.556208
PROA	157	PROA	159	0.061314
PROA	157	PROA	161	0.276686
PROA	157	PROA	162	0.993399
PROA	157	PROA	163	2.842105
PROA	157	PROA	164	0.195646
PROA	158	PROA	159	4.000000
PROA	158	PROA	160	2.142857
PROA	158	PROA	161	1.692228
PROA	158	PROA	162	4.551949
PROA	158	PROA	163	0.245256
PROA	158	PROA	164	0.113961
PROA	159	PROA	160	4.642857
PROA	159	PROA	161	0.805823
PROA	160	PROA	161	3.948533
PROA	160	PROA	162	1.080123
PROA	161	PROA	162	3.394514
PROA	161	PROA	163	0.345857
PROA	162	PROA	163	2.450385
PROA	162	PROA	164	1.538644
PROA	163	PROA	164	3.864016
PROA	163	PROA	165	1.105263
PROA	164	PROA	165	2.445580
PROA	164	PROA	166	0.771389
PROA	165	PROA	166	3.942772
PROA	165	PROA	168	1.692864
PROA	166	PROA	167	4.264903
PROA	166	PROA	168	2.764219
PROA	167	PROA	168	3.356586
PROA	167	PROA	169	0.763763
PROA	168	PROA	169	2.704494
PROA	168	PROA	170	0.410391
PROA	168	PROA	171	2.969848
PROA	169	PROA	170	3.641862
PROA	169	PROA	171	1.553797
PROA	170	PROA	171	2.539167
PROA	170	PROA	172	0.702439
PROA	171	PROA	172	2.969287
PROA	171	PROA	331	0.212132
PROA	172	PROA	173	2.653614
PROA	172	PROA	174	0.322749
PROA	172	PROA	331	0.228218
PROA	172	PROA	336	0.235702
PROA	173	PROA	174	4.031904
PROA	173	PROA	175	0.721688
PROA	173	PROA	329	0.559017
PROA	173	PROA	330	1.385805
PROA	173	PROA	331	0.335410
PROA	174	PROA	175	3.103761
PROA	174	PROA	176	0.338062
PROA	174	PROA	207	1.685500
PROA	175	PROA	176	4.474797
PROA	175	PROA	177	3.000000
PROA	175	PROA	178	3.640728
PROA	175	PROA	185	0.308607
PROA	175	PROA	205	0.755929
PROA	176	PROA	177	3.548977
PROA	176	PROA	178	0.388922
PROA	176	PROA	203	0.398862
PROA	176	PROA	204	3.636549
PROA	176	PROA	205	2.274526
PROA	177	PROA	178	4.410882
PROA	177	PROA	185	0.077152
PROA	177	PROA	203	0.615457
PROA	177	PROA	204	0.327327
PROA	177	PROA	205	1.070899
PROA	178	PROA	185	2.916917
PROA	178	PROA	186	0.125245
PROA	178	PROA	205	1.428992
PROA	185	PROA	186	4.968472
PROA	185	PROA	187	0.291606
PROA	185	PROA	194	0.054554
PROA	185	PROA	198	1.348907
PROA	185	PROA	205	4.082483
PROA	185	PROA	209	0.183942
PROA	185	PROB	71	0.054554
PROA	186	PROA	187	2.141057
PROA	186	PROA	188	0.710047
PROA	186	PROA	194	0.158114
PROA	187	PROA	188	2.891387
PROA	187	PROA	189	0.207020
PROA	187	PROA	191	1.959916
PROA	187	PROA	194	2.672612
PROA	187	PROA	198	0.901127
PROA	187	PROA	199	1.005587
PROA	187	PROA	233	1.095238
PROA	187	PROB	68	1.746652
PROA	187	PROB	69	1.902379
PROA	187	PROB	71	0.623610
PROA	188	PROA	189	5.375872
PROA	188	PROA	190	0.400892
PROA	188	PROA	194	1.173714
PROA	189	PROA	190	4.563833
PROA	189	PROA	191	1.936492
PROA	189	PROA	194	0.129099
PROA	190	PROA	191	3.709704
PROA	190	PROA	192	2.564060
PROA	190	PROA	193	1.574672
PROA	190	PROA	194	0.490990
PROA	191	PROA	192	1.791667
PROA	191	PROA	193	0.489979
PROA	191	PROA	194	2.208333
PROA	191	PROA	199	0.990148
PROA	191	PROA	230	0.308607
PROA	191	PROA	231	0.522233
PROA	191	PROA	232	1.584236
PROA	191	PROA	233	1.291763
PROA	191	PROA	236	2.920935
PROA	191	PROA	240	0.046829
PROA	191	PROB	65	0.148522
PROA	191	PROB	68	1.370320
PROA	192	PROA	193	3.875288
PROA	192	PROA	194	0.500000
PROA	192	PROA	212	0.041667
PROA	192	PROA	216	0.307729
PROA	192	PROA	220	0.052705
PROA	192	PROA	226	1.854852
PROA	192	PROA	228	1.049802
PROA	192	PROA	229	1.418416
PROA	192	PROA	230	1.157275
PROA	192	PROA	231	0.565752
PROA	192	PROA	236	1.683251
PROA	193	PROA	194	2.138090
PROA	193	PROA	195	0.414039
PROA	193	PROA	212	0.890871
PROA	193	PROA	213	2.894987
PROA	193	PROA	216	1.842265
PROA	193	PROA	217	0.851064
PROA	193	PROA	220	0.788811
PROA	193	PROA	226	0.174964
PROA	193	PROA	236	0.105851
PROA	194	PROA	195	3.743884
PROA	194	PROA	196	0.381881
PROA	194	PROA	198	1.826342
PROA	194	PROA	199	2.128817
PROA	194	PROA	212	0.916667
PROA	194	PROA	236	0.148522
PROA	194	PROA	240	0.187317
PROA	195	PROA	196	4.732864
PROA	195	PROA	197	2.531139
PROA	195	PROA	198	3.047000
PROA	195	PROA	199	0.843661
PROA	195	PROA	206	0.169031
PROA	195	PROA	209	3.047000
PROA	195	PROA	212	2.646539
PROA	195	PROA	301	0.710047
PROA	196	PROA	197	4.002380
PROA	196	PROA	198	0.551825
PROA	196	PROA	199	1.685330
PROA	196	PROA	200	1.226279
PROA	196	PROA	212	3.109605
PROA	196	PROA	237	0.122628
PROA	196	PROA	240	2.145988
PROA	196	PROA	241	0.061314
PROA	196	PROA	295	0.071429
PROA	196	PROA	296	2.928310
PROA	196	PROA	298	0.071429
PROA	196	PROA	301	1.582080
PROA	197	PROA	198	4.620321
PROA	197	PROA	199	0.814092
PROA	197	PROA	200	1.184698
PROA	197	PROA	201	3.036288
PROA	197	PROA	206	3.381321
PROA	197	PROA	208	0.389249
PROA	197	PROA	209	0.829288
PROA	197	PROA	255	0.118470
PROA	197	PROA	296	0.057735
PROA	197	PROA	298	2.415229
PROA	197	PROA	301	1.686548
PROA	198	PROA	199	2.503867
PROA	198	PROA	200	0.421053
PROA	198	PROA	201	1.042337
PROA	198	PROA	205	2.302880
PROA	198	PROA	206	0.858395
PROA	198	PROA	209	1.789474
PROA	198	PROB	71	1.826342
PROA	199	PROA	200	3.505414
PROA	199	PROA	201	0.453743
PROA	199	PROA	232	0.058824
PROA	199	PROA	233	3.704793
PROA	199	PROA	236	1.529412
PROA	199	PROA	237	2.782074
PROA	199	PROA	240	0.278207
PROA	199	PROB	71	1.089162
PROA	200	PROA	201	3.188325
PROA	200	PROA	202	0.276686
PROA	200	PROA	233	0.550689
PROA	200	PROA	237	2.210526
PROA	200	PROA	241	0.052632
PROA	200	PROA	255	2.789474
PROA	200	PROA	257	1.042337
PROA	200	PROA	260	4.135215
PROA	200	PROA	264	2.684211
PROA	200	PROA	296	0.615587
PROA	200	PROB	71	1.217562
PROA	200	PROB	73	0.613139
PROA	201	PROA	202	2.900963
PROA	201	PROA	203	0.911685
PROA	201	PROA	205	0.408248
PROA	201	PROA	254	0.322329
PROA	201	PROA	255	1.778104
PROA	201	PROA	256	4.046720
PROA	201	PROA	257	2.642857
PROA	201	PROA	260	0.084515
PROA	201	PROB	71	2.127624
PROA	202	PROA	203	5.913984
PROA	202	PROA	205	1.579084
PROA	202	PROA	257	0.483494
PROA	202	PROB	22	0.438763
PROA	202	PROB	70	0.181818
PROA	202	PROB	71	3.938928
PROA	203	PROA	204	3.223292
PROA	203	PROA	205	1.721396
PROA	203	PROA	256	0.586939
PROA	203	PROB	22	0.413670
PROA	204	PROA	205	3.299144
PROA	204	PROA	206	1.010153
PROA	204	PROA	256	1.907642
PROA	205	PROA	206	2.566132
PROA	205	PROA	207	0.186097
PROA	205	PROA	209	0.050063
PROA	205	PROB	71	0.846327
PROA	206	PROA	207	2.678074
PROA	206	PROA	208	3.384456
PROA	206	PROA	209	2.023360
PROA	206	PROA	298	2.571429
PROA	206	PROA	299	0.064820
PROA	206	PROA	301	0.272772
PROA	207	PROA	208	2.828427
PROA	207	PROA	209	1.173878
PROA	207	PROA	210	0.184637
PROA	207	PROA	303	0.110096
PROA	208	PROA	209	3.666087
PROA	208	PROA	210	0.696311
PROA	208	PROA	211	1.798458
PROA	208	PROA	212	0.430820
PROA	208	PROA	298	1.933975
PROA	208	PROA	301	3.569653
PROA	208	PROA	302	0.069171
PROA	209	PROA	210	4.834543
PROA	209	PROA	211	0.684211
PROA	209	PROA	212	0.889757
PROA	209	PROA	213	0.553372
PROA	209	PROA	301	0.468293
PROA	210	PROA	211	2.715291
PROA	210	PROA	212	0.648181
PROA	210	PROA	213	1.914854
PROA	210	PROA	214	1.371207
PROA	211	PROA	212	2.200977
PROA	211	PROA	213	0.830057
PROA	211	PROA	214	3.441236
PROA	211	PROA	215	0.867110
PROA	211	PROA	216	0.069171
PROA	211	PROA	293	2.392584
PROA	211	PROA	301	1.498537
PROA	211	PROA	302	1.842105
PROA	211	PROA	303	0.355409
PROA	211	PROA	304	2.408865
PROA	211	PROA	307	0.725476
PROA	212	PROA	213	2.769559
PROA	212	PROA	214	0.714435
PROA	212	PROA	215	1.234427
PROA	212	PROA	216	1.846372
PROA	212	PROA	217	0.046829
PROA	212	PROA	228	1.597524
PROA	212	PROA	240	1.920001
PROA	212	PROA	244	0.936586
PROA	212	PROA	293	0.396059
PROA	212	PROA	294	3.465368
PROA	212	PROA	295	0.763763
PROA	212	PROA	296	0.502079
PROA	212	PROA	301	2.416667
PROA	213	PROA	214	3.392003
PROA	213	PROA	215	1.253566
PROA	213	PROA	216	2.545455
PROA	213	PROA	217	2.005972
PROA	213	PROA	218	0.069171
PROA	214	PROA	215	4.063118
PROA	214	PROA	216	0.979912
PROA	214	PROA	217	2.236803
PROA	214	PROA	218	0.917663
PROA	214	PROA	219	0.079057
PROA	214	PROA	293	1.394580
PROA	215	PROA	216	3.988620
PROA	215	PROA	217	1.127243
PROA	215	PROA	218	1.907642
PROA	215	PROA	219	1.434274
PROA	215	PROA	220	0.097590
PROA	215	PROA	227	0.086711
PROA	215	PROA	290	1.820931
PROA	215	PROA	293	2.566756
PROA	215	PROA	294	3.468440
PROA	216	PROA	217	2.559344
PROA	216	PROA	218	0.622543
PROA	216	PROA	219	2.288310
PROA	216	PROA	220	1.323448
PROA	216	PROA	227	2.075143
PROA	216	PROA	228	0.741620
PROA	216	PROA	294	2.974372
PROA	217	PROA	218	2.263158
PROA	217	PROA	219	0.943119
PROA	217	PROA	220	1.895516
PROA	217	PROA	221	2.837716
PROA	217	PROA	222	0.052632
PROA	218	PROA	219	3.119548
PROA	218	PROA	220	0.888523
PROA	218	PROA	221	3.950546
PROA	218	PROA	222	3.105263
PROA	218	PROA	286	1.378405
PROA	218	PROA	289	0.526316
PROA	218	PROA	290	3.210526
PROA	218	PROA	293	0.445132
PROA	218	PROA	312	0.250313
PROA	219	PROA	220	3.429286
PROA	219	PROA	221	0.690268
PROA	219	PROA	222	2.901905
PROA	219	PROA	223	0.858116
PROA	219	PROA	224	0.084515
PROA	219	PROA	225	0.193649
PROA	219	PROA	227	2.684262
PROA	219	PROA	275	0.129099
PROA	219	PROA	279	3.040559
PROA	219	PROA	290	2.321524
PROA	219	PROA	294	0.798024
PROA	220	PROA	221	2.317030
PROA	220	PROA	222	0.888523
PROA	220	PROA	223	0.934199
PROA	220	PROA	224	1.725164
PROA	220	PROA	225	1.581139
PROA	220	PROA	226	2.829269
PROA	220	PROA	227	0.473879
PROA	220	PROA	279	0.057735
PROA	221	PROA	222	2.281301
PROA	221	PROA	223	0.438763
PROA	221	PROA	224	0.518563
PROA	222	PROA	223	3.043544
PROA	222	PROA	224	0.429198
PROA	222	PROA	279	3.283131
PROA	222	PROA	282	2.176429
PROA	222	PROA	283	0.198680
PROA	222	PROA	286	0.362738
PROA	222	PROA	287	0.105263
PROA	222	PROA	290	0.894737
PROA	223	PROA	224	3.948533
PROA	223	PROA	225	4.862114
PROA	223	PROA	279	2.090020
PROA	224	PROA	225	2.564060
PROA	224	PROA	226	0.214286
PROA	225	PROA	226	3.218714
PROA	225	PROA	227	0.327805
PROA	225	PROA	278	0.140488
PROA	226	PROA	227	2.452557
PROA	226	PROA	228	0.657376
PROA	226	PROA	229	1.357143
PROA	227	PROA	228	4.309109
PROA	227	PROA	229	0.613139
PROA	227	PROA	243	0.684211
PROA	227	PROA	275	0.702439
PROA	227	PROA	278	1.789474
PROA	227	PROA	279	1.231174
PROA	227	PROA	294	1.368421
PROA	228	PROA	229	3.645447
PROA	228	PROA	230	0.760639
PROA	228	PROA	236	2.006607
PROA	228	PROA	239	1.464281
PROA	228	PROA	240	3.129234
PROA	228	PROA	243	1.744163
PROA	228	PROA	244	0.872082
PROA	228	PROA	275	0.136931
PROA	228	PROA	294	2.000658
PROA	229	PROA	230	4.444671
PROA	229	PROA	231	0.455842
PROA	229	PROA	236	0.583383
PROA	229	PROA	239	2.657635
PROA	230	PROA	231	2.820380
PROA	230	PROA	232	0.733359
PROA	230	PROA	235	0.436436
PROA	230	PROA	236	3.575124
PROA	230	PROA	239	2.566756
PROA	231	PROA	232	3.516196
PROA	231	PROA	235	0.061546
PROA	231	PROA	236	0.051709
PROA	232	PROA	233	2.381653
PROA	232	PROA	234	0.556415
PROA	232	PROA	235	1.610322
PROA	232	PROA	236	1.117647
PROA	232	PROA	237	0.055641
PROA	232	PROB	76	0.055641
PROA	232	PROB	83	1.287192
PROA	233	PROA	234	3.504383
PROA	233	PROA	235	0.377964
PROA	233	PROA	236	0.952661
PROA	233	PROA	237	1.852317
PROA	233	PROB	67	0.048795
PROA	233	PROB	68	4.901895
PROA	233	PROB	71	1.469937
PROA	233	PROB	72	0.400892
PROA	233	PROB	73	1.866278
PROA	233	PROB	76	1.351691
PROA	234	PROA	235	3.046424
PROA	234	PROA	236	0.556415
PROA	234	PROA	237	2.842105
PROA	234	PROA	238	1.471534
PROA	234	PROA	263	1.301628
PROA	234	PROB	73	2.268616
PROA	234	PROB	74	0.066227
PROA	234	PROB	76	3.105263
PROA	234	PROB	77	2.513871
PROA	234	PROB	80	1.605910
PROA	235	PROA	236	2.520504
PROA	235	PROA	237	0.927173
PROA	235	PROA	238	3.934735
PROA	235	PROA	239	1.750350
PROA	235	PROA	240	0.066227
PROA	236	PROA	237	2.448225
PROA	236	PROA	238	0.907485
PROA	236	PROA	239	2.470588
PROA	236	PROA	240	2.336943
PROA	236	PROA	241	0.055641
PROA	237	PROA	238	2.575185
PROA	237	PROA	239	0.667698
PROA	237	PROA	240	1.631579
PROA	237	PROA	241	2.157895
PROA	237	PROA	242	0.086711
PROA	237	PROA	263	0.200250
PROA	237	PROA	264	0.368421
PROA	237	PROA	267	0.052632
PROA	237	PROB	73	0.981023
PROA	238	PROA	239	2.592815
PROA	238	PROA	240	0.429198
PROA	238	PROA	241	1.042337
PROA	238	PROA	242	0.808122
PROA	238	PROA	243	0.061314
PROA	238	PROA	263	0.116642
PROA	238	PROA	267	0.429198
PROA	239	PROA	240	2.448225
PROA	239	PROA	241	0.556415
PROA	239	PROA	242	1.375048
PROA	239	PROA	243	1.168471
PROA	239	PROA	244	0.055641
PROA	240	PROA	241	3.315789
PROA	240	PROA	242	0.867110
PROA	240	PROA	243	0.947368
PROA	240	PROA	244	2.263158
PROA	240	PROA	245	0.086711
PROA	240	PROA	296	0.461690
PROA	241	PROA	242	2.774752
PROA	241	PROA	243	0.315789
PROA	241	PROA	244	1.210526
PROA	241	PROA	245	2.254486
PROA	241	PROA	246	0.484200
PROA	241	PROA	247	1.287593
PROA	241	PROA	264	1.789474
PROA	241	PROA	267	1.526316
PROA	241	PROA	270	0.293470
PROA	241	PROA	296	2.000658
PROA	242	PROA	243	3.728573
PROA	242	PROA	244	1.127243
PROA	242	PROA	245	2.857143
PROA	242	PROA	270	2.336887
PROA	242	PROA	271	0.202031
PROA	242	PROA	272	0.080582
PROA	242	PROA	273	0.661438
PROA	243	PROA	244	4.263158
PROA	243	PROA	245	0.953821
PROA	243	PROA	272	0.733674
PROA	243	PROA	273	3.957421
PROA	243	PROA	275	0.515122
PROA	243	PROA	278	2.473684
PROA	244	PROA	245	3.641862
PROA	244	PROA	246	0.138343
PROA	244	PROA	272	2.787961
PROA	244	PROA	273	0.172062
PROA	244	PROA	275	0.842927
PROA	244	PROA	294	1.263158
PROA	244	PROA	295	0.367884
PROA	244	PROA	296	1.846761
PROA	245	PROA	246	3.532778
PROA	245	PROA	247	0.606092
PROA	245	PROA	270	1.772811
PROA	245	PROA	271	1.717259
PROA	245	PROA	272	2.578633
PROA	245	PROA	273	0.188982
PROA	246	PROA	247	4.915520
PROA	246	PROA	248	0.363636
PROA	246	PROA	267	0.138343
PROA	246	PROA	268	0.241747
PROA	246	PROA	269	2.851962
PROA	246	PROA	270	1.864191
PROA	246	PROA	271	0.241747
PROA	246	PROA	272	0.064282
PROA	247	PROA	248	3.303874
PROA	247	PROA	249	0.259281
PROA	247	PROA	251	1.002972
PROA	247	PROA	252	2.820441
PROA	247	PROA	264	1.164965
PROA	247	PROA	267	0.061314
PROA	247	PROA	296	1.852604
PROA	248	PROA	249	2.998217
PROA	248	PROA	250	1.634848
PROA	248	PROA	251	3.916747
PROA	248	PROA	252	0.968400
PROA	248	PROA	253	0.080582
PROA	249	PROA	250	2.379652
PROA	249	PROA	251	0.980196
PROA	249	PROA	252	2.170018
PROA	249	PROA	253	0.648204
PROA	249	PROA	265	0.945905
PROA	250	PROA	251	4.248529
PROA	250	PROA	252	0.651584
PROA	250	PROA	253	1.449138
PROA	250	PROA	254	0.544949
PROA	250	PROA	297	0.207020
PROA	250	PROA	300	1.706494
PROA	251	PROA	252	2.649065
PROA	251	PROA	253	1.002972
PROA	251	PROA	254	2.263010
PROA	251	PROA	255	0.596040
PROA	251	PROA	296	0.580948
PROA	251	PROA	297	3.394674
PROA	251	PROA	300	1.969464
PROA	252	PROA	253	2.759127
PROA	252	PROA	254	1.037572
PROA	252	PROA	255	2.421053
PROA	252	PROA	261	2.997075
PROA	252	PROA	264	2.000000
PROA	252	PROA	265	1.842105
PROA	252	PROA	296	0.205196
PROA	253	PROA	254	3.303874
PROA	253	PROA	255	0.981023
PROA	253	PROA	261	1.636634
PROA	254	PROA	255	3.735258
PROA	254	PROA	256	0.553372
PROA	254	PROA	297	1.772811
PROA	254	PROA	298	0.564076
PROA	254	PROA	299	1.389418
PROA	255	PROA	256	2.315789
PROA	255	PROA	257	1.655476
PROA	255	PROA	258	0.052632
PROA	255	PROA	260	1.378405
PROA	255	PROA	261	3.278050
PROA	255	PROA	264	1.368421
PROA	255	PROA	296	1.231174
PROA	256	PROA	257	3.004383
PROA	256	PROA	258	0.631579
PROA	256	PROA	261	0.093659
PROA	257	PROA	258	2.820441
PROA	257	PROA	259	1.082625
PROA	257	PROA	260	4.648348
PROA	257	PROA	261	0.709208
PROA	257	PROA	262	0.071429
PROA	257	PROB	70	0.080582
PROA	257	PROB	71	1.582080
PROA	257	PROB	72	0.163663
PROA	257	PROB	73	0.071429
PROA	258	PROA	259	2.054287
PROA	258	PROA	260	0.943119
PROA	258	PROA	261	3.465368
PROA	258	PROA	262	1.287593
PROA	258	PROA	263	0.050063
PROA	259	PROA	260	2.292280
PROA	259	PROA	261	0.261116
PROA	259	PROA	262	1.880350
PROA	259	PROA	263	0.418718
PROA	259	PROB	14	0.056980
PROA	259	PROB	16	0.056980
PROA	259	PROB	19	0.615457
PROA	259	PROB	71	0.043519
PROA	259	PROB	72	3.612111
PROA	259	PROB	73	0.227921
PROA	259	PROB	74	1.415552
PROA	260	PROA	261	2.452889
PROA	260	PROA	262	0.760639
PROA	260	PROA	263	1.518144
PROA	260	PROA	264	1.958786
PROA	260	PROB	71	0.129099
PROA	260	PROB	73	2.028370
PROA	261	PROA	262	2.509506
PROA	261	PROA	263	0.534522
PROA	261	PROA	264	1.404879
PROA	261	PROA	265	0.608781
PROA	261	PROA	266	0.061546
PROA	262	PROA	263	2.449490
PROA	262	PROA	264	0.613139
PROA	262	PROA	265	1.410220
PROA	262	PROA	266	0.805823
PROA	263	PROA	264	3.003757
PROA	263	PROA	265	0.650814
PROA	263	PROA	266	1.908060
PROA	263	PROA	267	1.752192
PROA	263	PROB	73	2.974380
PROA	263	PROB	74	3.212698
PROA	263	PROB	77	1.749636
PROA	264	PROA	265	1.894737
PROA	264	PROA	266	0.691714
PROA	264	PROA	267	2.368421
PROA	264	PROA	296	0.666886
PROA	264	PROB	73	0.122628
PROA	265	PROA	266	3.389401
PROA	265	PROA	267	0.526316
PROA	266	PROA	267	3.043544
PROA	266	PROA	268	0.644658
PROA	267	PROA	268	4.353289
PROA	267	PROA	269	0.278207
PROA	268	PROA	269	2.333533
PROA	268	PROA	270	0.512823
PROA	269	PROA	270	3.464488
PROA	269	PROA	271	1.101946
PROA	270	PROA	271	2.849014
PROA	270	PROA	272	0.181818
PROA	271	PROA	272	2.450152
PROA	271	PROA	273	0.601338
PROA	272	PROA	273	2.665009
PROA	272	PROA	274	0.740744
PROA	272	PROA	275	1.262063
PROA	272	PROA	291	1.230915
PROA	273	PROA	274	4.743887
PROA	273	PROA	275	0.408248
PROA	273	PROA	277	0.561341
PROA	273	PROA	278	2.695635
PROA	274	PROA	275	1.909407
PROA	274	PROA	276	2.428571
PROA	274	PROA	277	3.818813
PROA	274	PROA	278	0.919709
PROA	275	PROA	276	2.454951
PROA	275	PROA	277	0.541667
PROA	275	PROA	278	3.043904
PROA	275	PROA	279	1.825742
PROA	275	PROA	287	1.826342
PROA	275	PROA	290	1.498537
PROA	275	PROA	291	2.828427
PROA	275	PROA	294	2.200977
PROA	276	PROA	277	4.146140
PROA	276	PROA	278	0.490511
PROA	276	PROA	279	1.135467
PROA	276	PROA	280	1.285714
PROA	276	PROA	282	0.084515
PROA	276	PROA	287	2.329929
PROA	277	PROA	278	1.732684
PROA	277	PROA	279	0.456435
PROA	277	PROA	280	0.490990
PROA	278	PROA	279	3.642223
PROA	278	PROA	280	0.674453
PROA	279	PROA	280	3.167356
PROA	279	PROA	281	0.537853
PROA	279	PROA	282	2.404163
PROA	279	PROA	287	1.025978
PROA	279	PROA	290	0.820783
PROA	280	PROA	281	4.000000
PROA	280	PROA	282	0.591608
PROA	281	PROA	282	3.380617
PROA	281	PROA	283	0.385758
PROA	282	PROA	283	3.834058
PROA	282	PROA	284	0.476731
PROA	282	PROA	286	0.400000
PROA	282	PROA	287	3.772477
PROA	283	PROA	284	3.916747
PROA	283	PROA	285	3.692745
PROA	283	PROA	286	3.651484
PROA	283	PROA	287	1.655665
PROA	283	PROA	288	0.083333
PROA	283	PROA	312	1.259882
PROA	284	PROA	285	3.471251
PROA	284	PROA	286	1.048809
PROA	284	PROA	287	2.628515
PROA	284	PROA	288	1.131505
PROA	285	PROA	286	3.033899
PROA	285	PROA	287	0.635851
PROA	285	PROA	288	1.661735
PROA	285	PROA	289	0.586939
PROA	285	PROA	290	0.048912
PROA	285	PROA	311	2.222231
PROA	285	PROA	312	3.396267
PROA	286	PROA	287	2.974453
PROA	286	PROA	288	1.004158
PROA	286	PROA	289	2.031334
PROA	286	PROA	290	1.088214
PROA	286	PROA	291	0.091287
PROA	286	PROA	312	3.726354
PROA	287	PROA	288	2.582838
PROA	287	PROA	289	0.578947
PROA	287	PROA	290	2.263158
PROA	287	PROA	291	0.860946
PROA	288	PROA	289	2.649065
PROA	288	PROA	290	0.662266
PROA	288	PROA	291	1.666667
PROA	288	PROA	292	2.892650
PROA	288	PROA	310	0.420084
PROA	289	PROA	290	2.263158
PROA	289	PROA	291	0.596040
PROA	289	PROA	292	1.809729
PROA	289	PROA	293	3.561055
PROA	289	PROA	302	1.052632
PROA	289	PROA	307	2.901905
PROA	289	PROA	310	2.392584
PROA	289	PROA	312	1.501879
PROA	289	PROA	313	1.263158
PROA	290	PROA	291	3.178878
PROA	290	PROA	292	0.782586
PROA	290	PROA	293	2.336943
PROA	290	PROA	294	2.631579
PROA	290	PROA	295	0.061314
PROA	291	PROA	292	3.138833
PROA	291	PROA	293	0.700140
PROA	291	PROA	294	1.192079
PROA	291	PROA	295	1.157275
PROA	292	PROA	293	1.913224
PROA	292	PROA	294	0.391293
PROA	292	PROA	295	1.481487
PROA	292	PROA	301	0.478714
PROA	292	PROA	302	3.619458
PROA	292	PROA	310	1.758098
PROA	293	PROA	294	2.837716
PROA	293	PROA	295	0.842665
PROA	293	PROA	301	0.990148
PROA	293	PROA	302	2.503867
PROA	293	PROA	307	1.610626
PROA	293	PROA	313	0.055641
PROA	294	PROA	295	2.452557
PROA	294	PROA	296	0.205196
PROA	294	PROA	301	0.234146
PROA	295	PROA	296	3.227117
PROA	295	PROA	297	2.357143
PROA	295	PROA	300	1.937330
PROA	295	PROA	301	4.091585
PROA	295	PROA	302	0.122628
PROA	296	PROA	297	2.868549
PROA	296	PROA	298	0.418330
PROA	296	PROA	301	0.867227
PROA	297	PROA	298	4.428571
PROA	297	PROA	299	2.981737
PROA	297	PROA	300	4.786344
PROA	297	PROA	301	1.636634
PROA	298	PROA	299	4.731887
PROA	298	PROA	300	0.512823
PROA	298	PROA	301	3.436932
PROA	299	PROA	300	2.843982
PROA	299	PROA	301	0.594089
PROA	300	PROA	301	1.697257
PROA	300	PROA	302	0.342381
PROA	301	PROA	302	2.341465
PROA	301	PROA	303	0.316228
PROA	302	PROA	303	3.672563
PROA	302	PROA	304	0.229416
PROA	302	PROA	306	2.392584
PROA	302	PROA	307	4.643048
PROA	302	PROA	310	1.391037
PROA	303	PROA	304	2.646539
PROA	303	PROA	305	0.866667
PROA	303	PROA	306	2.066540
PROA	303	PROA	307	0.898146
PROA	303	PROA	308	0.059235
PROA	304	PROA	305	3.292036
PROA	304	PROA	306	0.485071
PROA	304	PROA	307	1.660196
PROA	304	PROA	308	1.376494
PROA	304	PROA	309	0.079057
PROA	305	PROA	306	3.757346
PROA	305	PROA	307	0.571548
PROA	305	PROA	308	1.243933
PROA	305	PROA	309	1.143095
PROA	306	PROA	307	3.067860
PROA	306	PROA	308	0.723339
PROA	306	PROA	309	2.070805
PROA	306	PROA	310	1.470588
PROA	307	PROA	308	2.756810
PROA	307	PROA	309	1.100000
PROA	307	PROA	310	2.070805
PROA	307	PROA	313	0.507833
PROA	308	PROA	309	3.047000
PROA	308	PROA	310	0.667698
PROA	308	PROA	313	1.526316
PROA	308	PROA	317	1.551941
PROA	309	PROA	310	3.144556
PROA	309	PROA	311	0.338062
PROA	309	PROA	313	0.072548
PROA	309	PROA	317	0.621059
PROA	310	PROA	311	4.602246
PROA	310	PROA	312	0.635107
PROA	310	PROA	313	0.945905
PROA	310	PROA	314	0.250490
PROA	311	PROA	312	2.391169
PROA	311	PROA	313	0.551825
PROA	311	PROA	314	1.380131
PROA	312	PROA	313	4.055072
PROA	312	PROA	314	0.507093
PROA	312	PROA	315	0.052926
PROA	312	PROA	316	0.047619
PROA	313	PROA	314	2.250926
PROA	313	PROA	315	0.445132
PROA	313	PROA	316	1.501879
PROA	313	PROA	317	0.750939
PROA	314	PROA	315	3.318989
PROA	314	PROA	316	0.732467
PROA	314	PROA	317	1.295903
PROA	315	PROA	316	2.169950
PROA	315	PROA	317	0.423405
PROA	316	PROA	317	1.809524
PROA	316	PROA	318	0.314970
PROA	317	PROA	318	4.283597
PROA	317	PROA	319	3.207665
PROA	318	PROA	319	4.011887
PROA	318	PROA	320	4.264903
PROA	319	PROA	320	3.545621
PROA	319	PROA	321	0.462910
PROA	320	PROA	321	3.829708
PROA	320	PROA	322	0.544949
PROA	321	PROA	322	3.428638
PROA	321	PROA	323	0.540062
PROA	322	PROA	323	4.347413
PROA	322	PROA	324	0.414644
PROA	323	PROA	324	2.575185
PROA	323	PROA	325	1.352247
PROA	324	PROA	325	3.119548
PROA	324	PROA	326	0.414644
PROA	325	PROA	326	4.082483
PROA	326	PROA	327	3.674235
PROA	326	PROA	328	0.207020
PROA	327	PROA	328	4.732864
PROA	327	PROA	329	0.424264
PROA	328	PROA	329	2.091650
PROA	328	PROA	330	0.512823
PROA	329	PROA	330	2.955734
PROA	329	PROA	331	1.050000
PROA	330	PROA	331	3.146427
PROA	330	PROA	332	2.523376
PROA	331	PROA	332	2.840188
PROA	331	PROA	333	1.084652
PROA	332	PROA	333	3.990798
PROA	333	PROA	334	3.318989
PROA	333	PROA	335	2.114377
PROA	333	PROA	338	0.111283
PROA	333	PROA	346	1.279754
PROA	334	PROA	335	2.843275
PROA	334	PROA	336	2.161532
PROA	334	PROA	337	0.149071
PROA	334	PROA	338	0.710819
PROA	335	PROA	336	3.112651
PROA	335	PROA	337	0.397360
PROA	335	PROA	338	3.052632
PROA	335	PROA	343	2.684211
PROA	335	PROA	346	0.315789
PROA	336	PROA	337	3.833333
PROA	336	PROA	338	0.860946
PROA	337	PROA	338	3.178878
PROA	337	PROA	339	0.617213
PROA	338	PROA	339	4.291975
PROA	338	PROA	340	0.244558
PROA	338	PROA	342	2.054287
PROA	338	PROA	343	3.210526
PROA	338	PROA	346	0.894737
PROA	339	PROA	340	2.222231
PROA	339	PROA	341	1.656157
PROA	339	PROA	342	2.792034
PROA	339	PROA	343	1.226279
PROA	339	PROA	344	0.056980
PROA	340	PROA	341	3.082699
PROA	340	PROA	342	0.454545
PROA	340	PROA	343	1.614083
PROA	340	PROA	344	0.818182
PROA	340	PROA	345	0.055048
PROA	341	PROA	342	1.981735
PROA	341	PROA	343	0.533114
PROA	341	PROA	344	3.357939
PROA	341	PROA	345	0.666667
PROA	342	PROA	343	2.641226
PROA	342	PROA	344	0.590909
PROA	342	PROA	345	1.486301
PROA	342	PROA	346	3.130342
PROA	343	PROA	344	1.614083
PROA	343	PROA	345	0.473879
PROA	343	PROA	346	3.368421
PROA	343	PROA	347	1.105263
PROA	343	PROA	348	0.051299
PROA	344	PROA	345	2.422120
PROA	344	PROA	346	0.586939
PROA	344	PROA	347	1.858641
PROA	344	PROA	348	0.858116
PROA	345	PROA	346	2.902510
PROA	345	PROA	347	0.651584
PROA	345	PROA	348	2.078461
PROA	345	PROA	349	2.066667
PROA	345	PROA	350	0.066667
PROA	346	PROA	347	2.105263
PROA	346	PROA	348	0.512989
PROA	346	PROA	349	1.540107
PROA	346	PROA	350	0.592349
PROA	347	PROA	348	2.616245
PROA	347	PROA	349	0.592349
PROA	347	PROA	350	1.895516
PROA	347	PROA	351	2.513871
PROA	348	PROA	349	2.655811
PROA	348	PROA	350	0.635085
PROA	348	PROA	351	1.613559
PROA	348	PROA	352	0.777817
PROA	349	PROA	350	2.533333
PROA	349	PROA	351	0.759072
PROA	349	PROA	352	1.877942
PROA	349	PROA	353	0.052705
PROA	350	PROA	351	3.381321
PROA	350	PROA	352	0.816497
PROA	350	PROA	353	0.263523
PROA	350	PROA	354	0.230940
PROA	351	PROA	352	3.127071
PROA	351	PROA	353	0.272772
PROA	351	PROA	354	1.613559
PROA	351	PROA	355	1.426048
PROA	352	PROA	353	2.581989
PROA	352	PROA	354	0.989949
PROA	352	PROA	355	2.684377
PROA	352	PROA	358	0.138013
PROA	353	PROA	354	3.514553
PROA	353	PROA	355	0.594089
PROA	353	PROA	358	1.380850
PROA	353	PROA	359	0.083333
PROA	354	PROA	355	3.362422
PROA	354	PROA	356	0.358569
PROA	354	PROA	358	0.780720
PROA	355	PROA	356	3.435480
PROA	355	PROA	357	0.550019
PROA	355	PROA	358	1.164363
PROA	356	PROA	357	3.131473
PROA	356	PROA	358	1.108103
PROA	357	PROA	358	3.711537
PROA	357	PROA	359	0.540062
PROA	358	PROA	359	2.405351
PROA	358	PROA	360	0.125988
PROA	359	PROA	360	3.181981
PROB	1	PROB	2	3.221253
PROB	1	PROB	3	0.688847
PROB	1	PROB	4	1.693620
PROB	1	PROB	5	0.916698
PROB	1	PROB	6	0.064820
PROB	1	PROB	57	0.827340
PROB	2	PROB	3	4.082483
PROB	2	PROB	4	0.759072
PROB	2	PROB	5	2.270934
PROB	2	PROB	6	1.690309
PROB	2	PROB	7	0.072548
PROB	3	PROB	4	2.535463
PROB	3	PROB	5	1.463850
PROB	3	PROB	6	2.898275
PROB	3	PROB	7	0.770054
PROB	3	PROB	8	0.059235
PROB	3	PROB	82	0.732467
PROB	4	PROB	5	3.711537
PROB	4	PROB	6	0.758175
PROB	4	PROB	7	1.401753
PROB	4	PROB	8	2.503131
PROB	4	PROB	9	0.052926
PROB	4	PROB	50	1.070529
PROB	4	PROB	55	1.101378
PROB	4	PROB	56	1.196887
PROB	4	PROB	57	4.559373
PROB	4	PROB	60	0.851064
PROB	4	PROB	82	1.333333
PROB	5	PROB	6	3.939595
PROB	5	PROB	7	0.780399
PROB	5	PROB	8	2.774752
PROB	5	PROB	9	1.191708
PROB	5	PROB	10	0.109109
PROB	6	PROB	7	2.636499
PROB	6	PROB	8	0.735767
PROB	6	PROB	9	1.361228
PROB	6	PROB	10	2.005944
PROB	6	PROB	11	0.061314
PROB	7	PROB	8	2.894737
PROB	7	PROB	9	0.500773
PROB	7	PROB	10	0.993399
PROB	7	PROB	11	3.736842
PROB	7	PROB	12	0.061314
PROB	7	PROB	60	1.157895
PROB	7	PROB	78	2.170018
PROB	7	PROB	79	2.179449
PROB	7	PROB	82	2.503131
PROB	8	PROB	9	2.003094
PROB	8	PROB	10	0.596040
PROB	8	PROB	11	1.736842
PROB	8	PROB	12	1.287593
PROB	8	PROB	13	0.061314
PROB	8	PROB	43	0.207514
PROB	8	PROB	46	3.283131
PROB	8	PROB	55	1.210526
PROB	8	PROB	60	0.052632
PROB	8	PROB	63	0.210526
PROB	9	PROB	10	3.430686
PROB	9	PROB	11	0.667698
PROB	9	PROB	12	3.500300
PROB	9	PROB	13	4.148504
PROB	9	PROB	14	0.064820
PROB	9	PROB	43	0.219382
PROB	10	PROB	11	2.582838
PROB	10	PROB	12	0.848668
PROB	10	PROB	13	3.857584
PROB	10	PROB	14	1.543033
PROB	10	PROB	15	0.066227
PROB	10	PROB	78	1.750350
PROB	11	PROB	12	2.329929
PROB	11	PROB	13	0.797081
PROB	11	PROB	14	2.145988
PROB	11	PROB	15	2.105263
PROB	11	PROB	46	0.666886
PROB	11	PROB	63	0.052632
PROB	11	PROB	67	0.974679
PROB	11	PROB	75	2.157895
PROB	11	PROB	78	4.061829
PROB	11	PROB	79	1.663264
PROB	12	PROB	13	2.928571
PROB	12	PROB	14	0.642857
PROB	12	PROB	15	1.900732
PROB	12	PROB	41	1.214286
PROB	12	PROB	42	3.434519
PROB	12	PROB	43	4.109697
PROB	12	PROB	46	0.836660
PROB	13	PROB	14	2.714286
PROB	13	PROB	15	0.551825
PROB	14	PROB	15	2.759127
PROB	14	PROB	16	0.642857
PROB	14	PROB	19	0.077152
PROB	14	PROB	75	1.103651
PROB	14	PROB	78	1.101946
PROB	15	PROB	16	4.108034
PROB	15	PROB	19	2.516611
PROB	15	PROB	20	2.421053
PROB	15	PROB	23	1.789474
PROB	15	PROB	42	1.213954
PROB	15	PROB	45	0.140488
PROB	15	PROB	46	0.820783
PROB	15	PROB	67	0.666886
PROB	15	PROB	75	2.052632
PROB	16	PROB	17	3.065697
PROB	16	PROB	18	2.208210
PROB	16	PROB	19	5.246314
PROB	16	PROB	20	1.042337
PROB	16	PROB	21	0.069007
PROB	17	PROB	18	2.369396
PROB	17	PROB	19	0.860946
PROB	17	PROB	20	1.473684
PROB	17	PROB	21	0.710819
PROB	17	PROB	40	1.839418
PROB	17	PROB	41	0.061314
PROB	18	PROB	19	3.354102
PROB	18	PROB	20	0.592349
PROB	18	PROB	21	1.466667
PROB	18	PROB	22	0.688847
PROB	18	PROB	23	0.059235
PROB	19	PROB	20	2.715291
PROB	19	PROB	21	0.894427
PROB	19	PROB	22	1.610322
PROB	19	PROB	23	2.119252
PROB	19	PROB	24	0.061546
PROB	19	PROB	72	1.826693
PROB	19	PROB	75	0.198680
PROB	20	PROB	21	2.428630
PROB	20	PROB	22	0.500773
PROB	20	PROB	23	2.736842
PROB	20	PROB	24	0.831497
PROB	20	PROB	25	0.069171
PROB	20	PROB	39	1.210526
PROB	20	PROB	40	0.919709
PROB	20	PROB	41	1.716790
PROB	20	PROB	42	2.861463
PROB	20	PROB	45	1.920001
PROB	21	PROB	22	2.567520
PROB	21	PROB	23	0.770054
PROB	21	PROB	24	2.312024
PROB	21	PROB	25	2.257647
PROB	21	PROB	26	0.081650
PROB	22	PROB	23	2.837716
PROB	22	PROB	24	0.361961
PROB	22	PROB	25	2.120690
PROB	22	PROB	26	0.690268
PROB	22	PROB	70	1.462545
PROB	22	PROB	72	0.445566
PROB	23	PROB	24	1.711906
PROB	23	PROB	25	0.760886
PROB	23	PROB	26	1.450953
PROB	23	PROB	27	0.760886
PROB	23	PROB	45	1.358049
PROB	23	PROB	66	1.368421
PROB	23	PROB	67	2.205853
PROB	23	PROB	70	1.729286
PROB	23	PROB	72	1.217562
PROB	23	PROB	75	1.421053
PROB	24	PROB	25	5.335442
PROB	24	PROB	26	0.809040
PROB	24	PROB	27	1.285649
PROB	24	PROB	28	2.545455
PROB	24	PROB	36	2.185603
PROB	24	PROB	37	2.752409
PROB	24	PROB	45	0.522233
PROB	25	PROB	26	3.337119
PROB	25	PROB	27	0.818182
PROB	25	PROB	28	1.735626
PROB	26	PROB	27	4.385928
PROB	26	PROB	28	0.606780
PROB	26	PROB	30	0.456435
PROB	26	PROB	66	1.596048
PROB	26	PROB	69	0.725476
PROB	26	PROB	70	1.334848
PROB	27	PROB	28	2.507015
PROB	27	PROB	29	0.622799
PROB	27	PROB	30	3.046359
PROB	27	PROB	31	2.144315
PROB	27	PROB	45	0.615457
PROB	27	PROB	62	1.250108
PROB	27	PROB	66	1.521772
PROB	28	PROB	29	2.972602
PROB	28	PROB	30	0.677003
PROB	28	PROB	31	0.586939
PROB	28	PROB	32	0.569803
PROB	28	PROB	33	0.449977
PROB	28	PROB	34	0.055048
PROB	28	PROB	36	0.064282
PROB	28	PROB	37	1.486301
PROB	29	PROB	30	2.906888
PROB	29	PROB	31	1.006993
PROB	29	PROB	32	1.518144
PROB	30	PROB	31	3.377558
PROB	30	PROB	32	0.617213
PROB	30	PROB	62	1.196887
PROB	30	PROB	66	0.331133
PROB	31	PROB	32	3.985406
PROB	31	PROB	33	2.144315
PROB	31	PROB	48	0.512989
PROB	31	PROB	49	0.736842
PROB	31	PROB	52	0.166924
PROB	31	PROB	54	1.858641
PROB	31	PROB	62	1.251565
PROB	32	PROB	33	2.900963
PROB	32	PROB	34	0.276026
PROB	33	PROB	34	3.581095
PROB	33	PROB	35	1.478496
PROB	33	PROB	36	3.636364
PROB	33	PROB	37	0.389249
PROB	33	PROB	48	1.011300
PROB	33	PROB	52	0.073127
PROB	34	PROB	35	3.633180
PROB	34	PROB	36	0.544949
PROB	34	PROB	37	1.866667
PROB	34	PROB	38	0.466667
PROB	35	PROB	36	2.314168
PROB	35	PROB	37	0.990867
PROB	35	PROB	38	3.137747
PROB	35	PROB	39	0.733674
PROB	35	PROB	48	0.619751
PROB	36	PROB	37	3.736795
PROB	36	PROB	38	1.012049
PROB	36	PROB	39	3.251058
PROB	36	PROB	45	0.553912
PROB	36	PROB	48	1.483240
PROB	37	PROB	38	3.466667
PROB	37	PROB	39	0.651584
PROB	38	PROB	39	2.902510
PROB	38	PROB	40	0.690066
PROB	39	PROB	40	3.310952
PROB	39	PROB	41	1.962046
PROB	39	PROB	42	0.260133
PROB	39	PROB	44	2.756810
PROB	39	PROB	45	2.435123
PROB	39	PROB	48	1.744163
PROB	40	PROB	41	3.785714
PROB	40	PROB	44	0.084515
PROB	41	PROB	42	4.545686
PROB	41	PROB	43	2.256304
PROB	41	PROB	44	3.634163
PROB	41	PROB	45	0.600099
PROB	42	PROB	43	3.874660
PROB	42	PROB	44	1.195229
PROB	42	PROB	45	2.623157
PROB	42	PROB	46	2.450947
PROB	42	PROB	47	0.113961
PROB	43	PROB	44	3.623158
PROB	43	PROB	45	0.677003
PROB	43	PROB	46	2.764219
PROB	43	PROB	47	1.363636
PROB	43	PROB	48	0.067420
PROB	44	PROB	45	2.517439
PROB	44	PROB	46	0.707107
PROB	44	PROB	47	2.860388
PROB	44	PROB	48	1.060660
PROB	44	PROB	49	0.072548
PROB	45	PROB	46	3.377622
PROB	45	PROB	47	0.800095
PROB	45	PROB	48	2.145247
PROB	45	PROB	49	3.559026
PROB	45	PROB	50	0.052705
PROB	45	PROB	63	0.515122
PROB	45	PROB	66	0.608781
PROB	45	PROB	67	0.410792
PROB	46	PROB	47	2.359700
PROB	46	PROB	48	0.550000
PROB	46	PROB	49	2.359750
PROB	46	PROB	50	0.981495
PROB	46	PROB	51	0.067420
PROB	46	PROB	55	2.616245
PROB	46	PROB	63	1.846761
PROB	46	PROB	67	0.600000
PROB	47	PROB	48	3.033899
PROB	47	PROB	49	0.968400
PROB	47	PROB	50	2.413347
PROB	47	PROB	51	1.181818
PROB	47	PROB	55	0.069171
PROB	48	PROB	49	3.539625
PROB	48	PROB	50	0.577350
PROB	48	PROB	51	1.887760
PROB	48	PROB	52	2.115072
PROB	49	PROB	50	2.310161
PROB	49	PROB	51	0.760886
PROB	49	PROB	52	0.945905
PROB	49	PROB	53	0.429198
PROB	49	PROB	54	2.298845
PROB	49	PROB	55	2.736842
PROB	49	PROB	62	1.201503
PROB	49	PROB	63	1.105263
PROB	50	PROB	51	2.802596
PROB	50	PROB	52	0.563602
PROB	50	PROB	53	1.311125
PROB	50	PROB	54	0.275241
PROB	50	PROB	55	4.442617
PROB	50	PROB	56	0.521749
PROB	50	PROB	57	1.486301
PROB	51	PROB	52	3.802617
PROB	51	PROB	53	1.128152
PROB	52	PROB	53	2.787276
PROB	52	PROB	54	1.602972
PROB	53	PROB	54	2.564113
PROB	53	PROB	55	0.797081
PROB	54	PROB	55	2.201022
PROB	54	PROB	56	0.184637
PROB	54	PROB	62	2.744928
PROB	54	PROB	63	0.048912
PROB	55	PROB	56	4.106050
PROB	55	PROB	59	0.183942
PROB	55	PROB	60	1.947368
PROB	55	PROB	62	0.100125
PROB	55	PROB	63	2.315789
PROB	56	PROB	57	3.877382
PROB	56	PROB	58	1.416667
PROB	56	PROB	59	2.160247
PROB	56	PROB	60	0.860946
PROB	57	PROB	58	2.215647
PROB	57	PROB	59	0.512823
PROB	57	PROB	60	0.048912
PROB	57	PROB	82	0.279145
PROB	57	PROB	87	0.244558
PROB	58	PROB	59	3.394674
PROB	58	PROB	87	2.251705
PROB	58	PROB	89	0.387298
PROB	59	PROB	60	2.759127
PROB	59	PROB	61	2.739798
PROB	59	PROB	62	0.058321
PROB	59	PROB	87	0.858395
PROB	59	PROB	89	1.254990
PROB	60	PROB	61	2.836029
PROB	60	PROB	62	0.450564
PROB	60	PROB	63	3.263158
PROB	60	PROB	64	1.954751
PROB	60	PROB	65	0.055641
PROB	60	PROB	79	2.695635
PROB	60	PROB	82	1.151440
PROB	60	PROB	83	0.234146
PROB	60	PROB	87	0.473684
PROB	61	PROB	62	2.829192
PROB	61	PROB	63	0.553372
PROB	61	PROB	64	3.736795
PROB	61	PROB	65	3.071344
PROB	61	PROB	66	0.069171
PROB	62	PROB	63	2.853569
PROB	62	PROB	64	0.732467
PROB	62	PROB	65	1.587768
PROB	62	PROB	66	3.404258
PROB	62	PROB	67	0.048795
PROB	63	PROB	64	2.428630
PROB	63	PROB	65	0.723339
PROB	63	PROB	66	1.526316
PROB	63	PROB	67	1.385071
PROB	63	PROB	68	0.059235
PROB	63	PROB	76	0.105263
PROB	63	PROB	79	1.319140
PROB	64	PROB	65	3.318989
PROB	64	PROB	66	0.592349
PROB	64	PROB	67	0.981495
PROB	64	PROB	68	0.866667
PROB	64	PROB	76	2.724805
PROB	64	PROB	79	1.484644
PROB	64	PROB	80	0.258199
PROB	64	PROB	83	1.475730
PROB	65	PROB	66	2.893357
PROB	65	PROB	67	0.433861
PROB	65	PROB	68	2.442275
PROB	65	PROB	69	1.112830
PROB	65	PROB	70	0.073127
PROB	66	PROB	67	2.462348
PROB	66	PROB	68	0.947758
PROB	66	PROB	69	1.842105
PROB	66	PROB	70	2.351829
PROB	67	PROB	68	2.078461
PROB	67	PROB	69	0.307794
PROB	67	PROB	70	1.348400
PROB	67	PROB	71	0.319505
PROB	67	PROB	72	2.373464
PROB	67	PROB	75	3.744821
PROB	67	PROB	76	3.129234
PROB	67	PROB	79	1.453444
PROB	68	PROB	69	3.613328
PROB	68	PROB	70	0.778499
PROB	68	PROB	71	0.632456
PROB	68	PROB	72	0.263523
PROB	68	PROB	76	1.066228
PROB	69	PROB	70	3.043544
PROB	69	PROB	71	1.639025
PROB	70	PROB	71	3.692745
PROB	70	PROB	72	1.907918
PROB	71	PROB	72	2.083333
PROB	71	PROB	73	0.545545
PROB	72	PROB	73	3.000496
PROB	72	PROB	74	2.651650
PROB	72	PROB	75	5.760003
PROB	72	PROB	76	0.515122
PROB	73	PROB	74	4.320494
PROB	73	PROB	75	0.797081
PROB	73	PROB	76	1.778104
PROB	73	PROB	77	1.071429
PROB	74	PROB	75	4.569637
PROB	74	PROB	76	0.662266
PROB	74	PROB	77	2.005944
PROB	74	PROB	78	0.350070
PROB	75	PROB	76	2.263158
PROB	75	PROB	77	0.919709
PROB	75	PROB	78	0.612056
PROB	75	PROB	79	0.688247
PROB	76	PROB	77	2.820441
PROB	76	PROB	78	0.445132
PROB	76	PROB	79	3.441236
PROB	76	PROB	80	3.097112
PROB	76	PROB	81	0.066227
PROB	77	PROB	78	3.759582
PROB	77	PROB	79	0.868599
PROB	77	PROB	80	1.603567
PROB	77	PROB	81	1.311578
PROB	78	PROB	79	2.789160
PROB	78	PROB	80	0.788241
PROB	78	PROB	81	2.100420
PROB	78	PROB	82	0.582182
PROB	78	PROB	83	0.049507
PROB	79	PROB	80	3.312500
PROB	79	PROB	81	0.866025
PROB	79	PROB	82	1.145644
PROB	79	PROB	83	0.816497
PROB	80	PROB	81	2.958920
PROB	80	PROB	82	0.818317
PROB	80	PROB	83	2.092272
PROB	80	PROB	84	3.207135
PROB	80	PROB	85	0.051031
PROB	81	PROB	82	2.582757
PROB	81	PROB	83	0.471405
PROB	81	PROB	84	1.543033
PROB	81	PROB	85	1.237437
PROB	81	PROB	86	0.144338
PROB	82	PROB	83	2.049003
PROB	82	PROB	84	0.583212
PROB	82	PROB	85	0.623610
PROB	82	PROB	86	4.473467
PROB	82	PROB	87	1.051315
PROB	83	PROB	84	3.218714
PROB	83	PROB	85	0.375000
PROB	83	PROB	86	0.510310
PROB	83	PROB	87	2.481952
PROB	83	PROB	89	3.149405
PROB	84	PROB	85	3.109605
PROB	84	PROB	86	0.534522
PROB	84	PROB	87	0.122628
PROB	85	PROB	86	2.908769
PROB	85	PROB	87	0.187317
PROB	86	PROB	87	4.530961
PROB	86	PROB	88	0.319801
PROB	87	PROB	88	2.347757
PROB	87	PROB	89	2.821440
PROB	88	PROB	89	2.479003
