PROA	11	PROA	12	3.421135
PROA	11	PROA	13	0.424437
PROA	11	PROA	18	2.500000
PROA	11	PROA	19	0.223607
PROA	11	PROA	20	2.165064
PROA	12	PROA	13	2.755387
PROA	12	PROA	14	0.710047
PROA	12	PROA	17	0.062622
PROA	12	PROA	18	0.580948
PROA	12	PROA	19	2.251666
PROA	12	PROA	20	0.447214
PROA	12	PROA	21	0.258199
PROA	12	PROA	28	1.480872
PROA	13	PROA	14	2.546624
PROA	13	PROA	15	0.198030
PROA	13	PROA	16	2.016737
PROA	13	PROA	17	2.235294
PROA	13	PROA	18	1.212678
PROA	13	PROA	19	0.325396
PROA	14	PROA	15	3.776297
PROA	14	PROA	16	1.039402
PROA	14	PROA	17	1.697749
PROA	14	PROA	18	0.250000
PROA	14	PROA	19	2.236068
PROA	14	PROA	28	2.122096
PROA	14	PROA	29	0.075378
PROA	14	PROA	30	0.927426
PROA	14	PROA	38	0.181902
PROA	14	PROA	40	1.055290
PROA	15	PROA	16	2.468854
PROA	15	PROA	17	0.742611
PROA	15	PROA	30	3.073504
PROA	15	PROA	38	1.534729
PROA	16	PROA	17	3.575124
PROA	17	PROA	18	3.395499
PROA	17	PROA	19	0.433861
PROA	17	PROA	38	2.352941
PROA	17	PROA	55	1.602972
PROA	18	PROA	19	3.074593
PROA	18	PROA	20	2.165064
PROA	18	PROA	55	1.279204
PROA	18	PROA	102	0.436436
PROA	19	PROA	20	2.646539
PROA	19	PROA	21	2.236068
PROA	19	PROA	22	0.084515
PROA	19	PROA	28	2.872739
PROA	19	PROA	38	0.813489
PROA	19	PROA	39	0.167705
PROA	19	PROA	40	2.494539
PROA	19	PROA	53	1.590266
PROA	19	PROA	55	1.668560
PROA	19	PROA	102	2.049390
PROA	20	PROA	21	3.391933
PROA	20	PROA	22	0.981981
PROA	20	PROA	90	0.331133
PROA	20	PROA	102	1.322876
PROA	21	PROA	22	4.630065
PROA	21	PROA	23	0.133631
PROA	21	PROA	24	0.204124
PROA	21	PROA	25	2.400397
PROA	21	PROA	26	0.066815
PROA	21	PROA	28	1.548556
PROA	21	PROA	42	0.079057
PROA	21	PROA	53	2.236803
PROA	21	PROA	90	2.179449
PROA	21	PROA	102	1.854852
PROA	22	PROA	23	5.353808
PROA	22	PROA	24	0.771517
PROA	22	PROA	25	0.659829
PROA	23	PROA	24	2.564060
PROA	23	PROA	25	0.583212
PROA	23	PROA	26	0.357143
PROA	23	PROA	45	0.142857
PROA	24	PROA	25	6.147009
PROA	24	PROA	26	0.327327
PROA	24	PROA	43	0.044544
PROA	24	PROA	44	2.298097
PROA	24	PROA	45	1.363862
PROA	24	PROA	46	3.368048
PROA	24	PROA	47	1.527525
PROA	24	PROA	87	0.109109
PROA	24	PROA	88	0.883883
PROA	25	PROA	26	2.624453
PROA	25	PROA	28	0.150188
PROA	25	PROA	42	1.380131
PROA	25	PROA	43	0.904762
PROA	25	PROA	44	2.897728
PROA	25	PROA	45	1.049781
PROA	25	PROA	51	1.472971
PROA	25	PROA	53	1.752192
PROA	25	PROA	87	0.174964
PROA	25	PROA	88	1.763834
PROA	25	PROA	90	1.101378
PROA	25	PROA	104	3.273268
PROA	26	PROA	27	5.642857
PROA	26	PROA	28	0.858395
PROA	26	PROA	42	1.521278
PROA	26	PROA	43	2.157884
PROA	26	PROA	44	0.154303
PROA	26	PROA	45	2.857143
PROA	27	PROA	28	2.329929
PROA	27	PROA	29	0.725241
PROA	27	PROA	41	0.241747
PROA	27	PROA	42	0.929670
PROA	27	PROA	43	1.574672
PROA	27	PROA	45	0.071429
PROA	28	PROA	29	2.836029
PROA	28	PROA	40	1.383429
PROA	28	PROA	41	0.622543
PROA	28	PROA	42	2.031334
PROA	28	PROA	53	0.421053
PROA	29	PROA	30	2.631807
PROA	29	PROA	31	0.830057
PROA	29	PROA	39	0.075378
PROA	29	PROA	40	2.090909
PROA	29	PROA	41	3.545455
PROA	29	PROA	42	0.095346
PROA	30	PROA	31	2.853569
PROA	30	PROA	32	2.144444
PROA	30	PROA	33	1.464934
PROA	30	PROA	38	2.064099
PROA	30	PROA	39	0.709208
PROA	30	PROA	40	1.447494
PROA	30	PROA	41	0.131590
PROA	31	PROA	32	4.595683
PROA	31	PROA	39	3.383882
PROA	31	PROA	40	1.867629
PROA	31	PROA	41	2.213486
PROA	31	PROA	52	0.072548
PROA	31	PROA	107	0.105263
PROA	32	PROA	33	3.708420
PROA	32	PROA	34	0.571429
PROA	32	PROA	38	0.641689
PROA	32	PROA	39	3.590662
PROA	33	PROA	34	3.708420
PROA	33	PROA	37	0.390360
PROA	33	PROA	38	1.816050
PROA	33	PROA	39	0.322749
PROA	34	PROA	35	3.705209
PROA	34	PROA	36	0.659829
PROA	34	PROA	37	2.571429
PROA	34	PROA	38	0.458349
PROA	34	PROA	39	0.566947
PROA	35	PROA	36	6.003570
PROA	35	PROA	37	0.836660
PROA	36	PROA	37	2.969230
PROA	36	PROA	55	0.232621
PROA	36	PROA	56	4.205260
PROA	36	PROA	57	2.697602
PROA	36	PROA	58	0.583212
PROA	36	PROA	60	0.112687
PROA	36	PROA	64	2.095238
PROA	36	PROA	67	1.291763
PROA	36	PROA	68	1.166424
PROA	36	PROA	169	0.247436
PROA	36	PROA	170	0.100125
PROA	37	PROA	38	3.300115
PROA	37	PROA	39	0.377964
PROA	37	PROA	55	3.062127
PROA	37	PROA	56	0.867110
PROA	37	PROA	57	0.797724
PROA	38	PROA	39	2.849794
PROA	38	PROA	40	0.731272
PROA	38	PROA	53	0.055641
PROA	38	PROA	54	0.258544
PROA	38	PROA	55	2.223477
PROA	39	PROA	40	4.371914
PROA	39	PROA	52	0.395285
PROA	39	PROA	53	0.745601
PROA	39	PROA	54	4.210714
PROA	39	PROA	55	0.319801
PROA	40	PROA	41	3.545455
PROA	40	PROA	42	0.476731
PROA	40	PROA	52	0.572078
PROA	40	PROA	53	2.213486
PROA	40	PROA	54	0.192847
PROA	41	PROA	42	4.385928
PROA	41	PROA	50	0.861640
PROA	41	PROA	51	0.603023
PROA	41	PROA	52	1.430194
PROA	41	PROA	53	0.484200
PROA	41	PROA	107	1.936800
PROA	42	PROA	43	3.105295
PROA	42	PROA	44	0.365148
PROA	42	PROA	50	0.580948
PROA	42	PROA	51	3.636619
PROA	42	PROA	52	0.500000
PROA	42	PROA	53	2.394072
PROA	42	PROA	107	0.072548
PROA	43	PROA	44	2.897728
PROA	43	PROA	45	1.807957
PROA	43	PROA	48	1.395726
PROA	43	PROA	49	1.582080
PROA	43	PROA	50	2.405351
PROA	43	PROA	51	1.036535
PROA	44	PROA	45	3.394674
PROA	44	PROA	46	1.082532
PROA	44	PROA	47	2.546005
PROA	44	PROA	48	0.738549
PROA	44	PROA	49	3.680608
PROA	44	PROA	50	0.294628
PROA	44	PROA	51	3.031089
PROA	44	PROA	104	0.072169
PROA	45	PROA	46	2.605797
PROA	45	PROA	47	0.428571
PROA	45	PROA	48	1.481487
PROA	45	PROA	49	0.066815
PROA	46	PROA	47	3.340766
PROA	46	PROA	48	1.439105
PROA	47	PROA	48	3.133916
PROA	47	PROA	49	2.204905
PROA	48	PROA	49	2.505108
PROA	49	PROA	50	2.857738
PROA	49	PROA	51	1.312500
PROA	50	PROA	51	2.704645
PROA	50	PROA	106	0.058926
PROA	50	PROA	107	3.699514
PROA	51	PROA	52	4.427189
PROA	51	PROA	53	1.605910
PROA	51	PROA	87	0.935414
PROA	51	PROA	104	2.250000
PROA	51	PROA	105	0.909509
PROA	51	PROA	106	0.721688
PROA	51	PROA	107	2.179449
PROA	52	PROA	53	3.699929
PROA	52	PROA	54	2.359700
PROA	52	PROA	103	0.072548
PROA	52	PROA	104	0.790569
PROA	52	PROA	105	2.147502
PROA	52	PROA	106	1.186732
PROA	52	PROA	107	3.845024
PROA	52	PROA	108	0.230089
PROA	53	PROA	54	2.885784
PROA	53	PROA	55	0.391293
PROA	53	PROA	90	0.052632
PROA	53	PROA	102	0.901127
PROA	53	PROA	103	0.526316
PROA	53	PROA	104	4.473607
PROA	53	PROA	105	0.333849
PROA	54	PROA	55	1.545455
PROA	54	PROA	56	1.271702
PROA	54	PROA	84	0.538028
PROA	54	PROA	101	0.053300
PROA	54	PROA	102	0.325669
PROA	54	PROA	103	2.152110
PROA	54	PROA	104	0.213201
PROA	54	PROA	105	2.895691
PROA	54	PROA	106	0.123091
PROA	54	PROA	156	0.782586
PROA	55	PROA	56	3.228166
PROA	55	PROA	57	0.899954
PROA	55	PROA	100	1.723281
PROA	55	PROA	101	0.426401
PROA	55	PROA	102	3.814985
PROA	55	PROA	103	0.195646
PROA	56	PROA	57	2.974372
PROA	56	PROA	58	1.594162
PROA	56	PROA	68	1.778104
PROA	56	PROA	71	0.118470
PROA	56	PROA	99	0.048912
PROA	56	PROA	100	0.397360
PROA	56	PROA	101	3.383882
PROA	56	PROA	102	0.250313
PROA	56	PROA	103	1.736842
PROA	57	PROA	58	4.351444
PROA	57	PROA	59	0.404520
PROA	57	PROA	60	2.179797
PROA	57	PROA	64	0.131590
PROA	57	PROA	99	0.321412
PROA	57	PROA	100	2.785242
PROA	57	PROA	101	0.452267
PROA	58	PROA	59	5.318767
PROA	58	PROA	60	1.035098
PROA	58	PROA	61	0.388922
PROA	58	PROA	64	1.691314
PROA	58	PROA	65	2.417469
PROA	58	PROA	68	2.071429
PROA	58	PROA	98	0.064820
PROA	58	PROA	99	0.512823
PROA	58	PROA	100	0.462910
PROA	58	PROA	101	1.870829
PROA	58	PROA	347	0.919709
PROA	59	PROA	60	2.540341
PROA	59	PROA	61	0.759257
PROA	59	PROA	65	1.213560
PROA	59	PROA	98	2.115072
PROA	59	PROA	99	2.145291
PROA	59	PROA	100	0.129099
PROA	59	PROA	101	0.279508
PROA	59	PROA	340	1.239501
PROA	59	PROA	343	0.102598
PROA	59	PROA	344	2.812715
PROA	59	PROA	347	1.128576
PROA	60	PROA	61	3.757346
PROA	60	PROA	64	1.521278
PROA	60	PROA	65	0.077850
PROA	61	PROA	62	2.588235
PROA	61	PROA	63	1.426048
PROA	61	PROA	64	5.239636
PROA	61	PROA	65	1.096909
PROA	61	PROA	340	0.155126
PROA	62	PROA	63	2.657635
PROA	62	PROA	64	0.423405
PROA	62	PROA	65	1.974436
PROA	62	PROA	66	1.705882
PROA	62	PROA	337	0.210042
PROA	62	PROA	338	0.667698
PROA	62	PROA	339	1.037126
PROA	62	PROA	340	2.792274
PROA	62	PROA	343	1.112830
PROA	63	PROA	64	4.257446
PROA	63	PROA	65	1.047570
PROA	63	PROA	66	2.527995
PROA	63	PROA	67	3.873368
PROA	63	PROA	68	0.071429
PROA	64	PROA	65	2.894987
PROA	64	PROA	66	0.688033
PROA	64	PROA	67	2.449895
PROA	64	PROA	68	1.166424
PROA	64	PROA	69	0.050063
PROA	65	PROA	66	2.925090
PROA	65	PROA	67	0.492366
PROA	65	PROA	68	1.611646
PROA	65	PROA	69	0.830057
PROA	65	PROA	340	0.964237
PROA	65	PROA	343	2.351829
PROA	65	PROA	344	0.128565
PROA	65	PROA	347	1.729286
PROA	66	PROA	67	2.178325
PROA	66	PROA	68	0.777844
PROA	66	PROA	69	1.446679
PROA	66	PROA	70	1.633743
PROA	66	PROA	335	1.502320
PROA	66	PROA	336	0.910182
PROA	66	PROA	337	0.560112
PROA	66	PROA	338	0.890264
PROA	66	PROA	343	3.894904
PROA	67	PROA	68	2.345842
PROA	67	PROA	69	0.374634
PROA	67	PROA	70	3.208333
PROA	67	PROA	71	0.579751
PROA	67	PROA	72	0.046829
PROA	67	PROA	169	2.854612
PROA	67	PROA	170	2.575611
PROA	68	PROA	69	2.636499
PROA	68	PROA	70	0.818317
PROA	68	PROA	71	1.794170
PROA	68	PROA	72	2.759127
PROA	68	PROA	73	0.056980
PROA	68	PROA	101	0.133631
PROA	68	PROA	103	0.061314
PROA	68	PROA	169	0.202031
PROA	68	PROA	347	1.103651
PROA	69	PROA	70	2.107318
PROA	69	PROA	71	0.533114
PROA	69	PROA	72	1.842105
PROA	69	PROA	73	2.005376
PROA	69	PROA	74	0.052632
PROA	69	PROA	331	0.153897
PROA	69	PROA	335	3.000000
PROA	69	PROA	338	0.157895
PROA	69	PROA	343	1.947368
PROA	69	PROA	346	2.684211
PROA	69	PROA	347	2.421053
PROA	69	PROA	350	0.473879
PROA	70	PROA	71	2.213594
PROA	70	PROA	72	0.608781
PROA	70	PROA	73	0.870388
PROA	70	PROA	74	1.639025
PROA	70	PROA	75	0.046829
PROA	70	PROA	168	0.410792
PROA	70	PROA	169	2.777460
PROA	70	PROA	170	0.842927
PROA	70	PROA	171	1.290994
PROA	70	PROA	172	1.125000
PROA	70	PROA	329	0.045644
PROA	70	PROA	331	2.419108
PROA	70	PROA	335	1.170732
PROA	70	PROA	336	0.117851
PROA	71	PROA	72	3.494858
PROA	71	PROA	73	0.495434
PROA	71	PROA	74	1.421637
PROA	71	PROA	75	3.257919
PROA	71	PROA	76	0.059235
PROA	71	PROA	103	0.118470
PROA	71	PROA	167	0.596285
PROA	71	PROA	168	3.002221
PROA	71	PROA	169	2.830110
PROA	72	PROA	73	2.592315
PROA	72	PROA	74	0.684211
PROA	72	PROA	75	1.368421
PROA	72	PROA	76	2.578947
PROA	72	PROA	77	0.046829
PROA	72	PROA	86	0.315789
PROA	72	PROA	89	0.210526
PROA	72	PROA	101	0.401478
PROA	72	PROA	103	0.789474
PROA	72	PROA	347	1.473684
PROA	72	PROA	350	1.184698
PROA	72	PROA	351	0.858395
PROA	73	PROA	74	2.494492
PROA	73	PROA	75	0.586939
PROA	73	PROA	76	1.467348
PROA	73	PROA	77	0.609272
PROA	73	PROA	78	0.047673
PROA	73	PROA	329	1.382521
PROA	73	PROA	331	1.668560
PROA	73	PROA	332	2.092555
PROA	73	PROA	335	0.048912
PROA	73	PROA	350	1.926687
PROA	74	PROA	75	2.526316
PROA	74	PROA	76	0.473684
PROA	74	PROA	77	0.936586
PROA	74	PROA	78	2.616245
PROA	74	PROA	83	0.157895
PROA	74	PROA	140	0.684211
PROA	74	PROA	145	1.089725
PROA	74	PROA	168	4.309109
PROA	74	PROA	169	0.086711
PROA	74	PROA	171	1.668595
PROA	74	PROA	329	1.333772
PROA	74	PROA	331	0.512989
PROA	75	PROA	76	2.210526
PROA	75	PROA	77	0.468293
PROA	75	PROA	78	0.359092
PROA	75	PROA	79	0.655610
PROA	75	PROA	83	0.789474
PROA	75	PROA	84	1.631579
PROA	75	PROA	85	0.780399
PROA	75	PROA	86	2.578947
PROA	75	PROA	103	0.421053
PROA	75	PROA	105	1.112830
PROA	75	PROA	166	0.069171
PROA	75	PROA	168	0.974679
PROA	76	PROA	77	1.873172
PROA	76	PROA	78	0.307794
PROA	76	PROA	79	2.247806
PROA	76	PROA	86	2.157895
PROA	76	PROA	89	0.052632
PROA	76	PROA	350	1.303168
PROA	76	PROA	351	0.061314
PROA	76	PROA	353	2.575611
PROA	76	PROA	354	1.436370
PROA	77	PROA	78	4.199206
PROA	77	PROA	79	0.916667
PROA	77	PROA	139	0.089087
PROA	77	PROA	325	0.064550
PROA	77	PROA	327	0.774597
PROA	77	PROA	329	0.867227
PROA	78	PROA	79	1.917029
PROA	78	PROA	80	1.410048
PROA	78	PROA	83	2.103256
PROA	78	PROA	139	3.513240
PROA	78	PROA	140	1.744163
PROA	78	PROA	143	1.060660
PROA	78	PROA	145	1.006231
PROA	78	PROA	325	0.424264
PROA	78	PROA	329	0.900000
PROA	79	PROA	80	2.277339
PROA	79	PROA	83	0.093659
PROA	79	PROA	85	0.154303
PROA	79	PROA	86	0.280976
PROA	79	PROA	139	0.267261
PROA	79	PROA	354	0.045644
PROA	80	PROA	81	3.318989
PROA	80	PROA	82	2.527995
PROA	80	PROA	83	3.950546
PROA	80	PROA	135	0.841625
PROA	80	PROA	136	1.283378
PROA	80	PROA	139	1.746545
PROA	80	PROA	140	0.055641
PROA	80	PROA	164	0.051709
PROA	80	PROA	323	1.490869
PROA	81	PROA	82	3.933374
PROA	81	PROA	83	0.533114
PROA	81	PROA	135	1.159502
PROA	81	PROA	163	0.118470
PROA	81	PROA	164	0.880771
PROA	82	PROA	83	2.759127
PROA	82	PROA	84	0.183942
PROA	82	PROA	132	3.370659
PROA	82	PROA	133	0.061314
PROA	82	PROA	135	2.400397
PROA	82	PROA	136	2.222336
PROA	82	PROA	163	1.655476
PROA	82	PROA	164	0.911685
PROA	82	PROA	165	1.716790
PROA	83	PROA	84	3.052632
PROA	83	PROA	85	0.433555
PROA	83	PROA	136	0.953821
PROA	83	PROA	139	0.200250
PROA	83	PROA	140	1.052632
PROA	83	PROA	164	1.369525
PROA	83	PROA	165	3.368421
PROA	83	PROA	166	0.069171
PROA	83	PROA	168	2.308451
PROA	84	PROA	85	5.462793
PROA	84	PROA	86	0.052632
PROA	84	PROA	105	3.394131
PROA	84	PROA	106	2.715291
PROA	84	PROA	108	0.333849
PROA	84	PROA	156	1.105263
PROA	84	PROA	164	4.402044
PROA	84	PROA	165	1.421053
PROA	84	PROA	166	2.490172
PROA	84	PROA	167	0.066227
PROA	84	PROA	168	0.307794
PROA	85	PROA	86	3.468440
PROA	85	PROA	87	0.606092
PROA	85	PROA	103	0.086711
PROA	85	PROA	104	0.094491
PROA	85	PROA	105	1.833397
PROA	85	PROA	106	0.545545
PROA	85	PROA	164	0.402911
PROA	86	PROA	87	3.004383
PROA	86	PROA	88	1.986799
PROA	86	PROA	89	2.421053
PROA	86	PROA	103	1.473684
PROA	86	PROA	104	0.344124
PROA	86	PROA	105	0.945905
PROA	86	PROA	354	2.411049
PROA	87	PROA	88	3.703280
PROA	87	PROA	103	0.061314
PROA	87	PROA	104	2.672612
PROA	87	PROA	105	2.139072
PROA	87	PROA	106	2.237399
PROA	87	PROA	354	0.119523
PROA	88	PROA	89	4.304730
PROA	88	PROA	90	1.192079
PROA	88	PROA	102	0.062994
PROA	88	PROA	103	0.463586
PROA	88	PROA	104	3.969283
PROA	88	PROA	354	1.484644
PROA	89	PROA	90	3.736842
PROA	89	PROA	91	1.358049
PROA	89	PROA	101	0.860309
PROA	89	PROA	102	1.101378
PROA	89	PROA	103	2.947368
PROA	89	PROA	104	0.573539
PROA	89	PROA	351	2.881755
PROA	89	PROA	354	3.693522
PROA	89	PROA	355	2.058735
PROA	90	PROA	91	2.575611
PROA	90	PROA	100	0.066227
PROA	90	PROA	101	0.229416
PROA	90	PROA	102	3.654571
PROA	90	PROA	103	0.105263
PROA	90	PROA	104	1.089725
PROA	90	PROA	355	0.556415
PROA	91	PROA	92	4.195732
PROA	91	PROA	93	1.145644
PROA	91	PROA	94	0.218218
PROA	91	PROA	98	1.782266
PROA	91	PROA	100	0.412479
PROA	91	PROA	101	1.837117
PROA	91	PROA	102	0.267261
PROA	91	PROA	347	0.046829
PROA	91	PROA	348	3.742771
PROA	91	PROA	349	0.210819
PROA	91	PROA	351	3.382377
PROA	91	PROA	352	2.130141
PROA	91	PROA	355	3.564531
PROA	92	PROA	93	5.155441
PROA	92	PROA	94	1.943855
PROA	92	PROA	97	1.687323
PROA	92	PROA	98	1.303840
PROA	92	PROA	99	0.202260
PROA	92	PROA	100	0.091287
PROA	92	PROA	348	0.282843
PROA	93	PROA	94	4.071429
PROA	93	PROA	348	0.358569
PROA	93	PROA	355	0.194461
PROA	94	PROA	95	3.065697
PROA	94	PROA	96	1.104105
PROA	94	PROA	97	2.916917
PROA	94	PROA	98	0.648204
PROA	94	PROA	348	1.135467
PROA	95	PROA	96	4.087207
PROA	95	PROA	97	0.500773
PROA	95	PROA	98	1.557962
PROA	95	PROA	344	2.641226
PROA	95	PROA	345	0.888523
PROA	95	PROA	348	3.437027
PROA	96	PROA	97	3.381611
PROA	96	PROA	98	0.751469
PROA	96	PROA	344	0.715626
PROA	97	PROA	98	2.470588
PROA	97	PROA	99	0.620505
PROA	98	PROA	99	3.050817
PROA	98	PROA	101	0.909509
PROA	98	PROA	344	1.913224
PROA	98	PROA	347	1.391037
PROA	98	PROA	348	2.928561
PROA	98	PROA	351	0.777844
PROA	99	PROA	100	3.138833
PROA	99	PROA	101	0.639602
PROA	100	PROA	101	3.608439
PROA	100	PROA	102	2.015811
PROA	101	PROA	102	2.618615
PROA	101	PROA	103	1.663264
PROA	101	PROA	347	0.688247
PROA	101	PROA	351	0.935414
PROA	102	PROA	103	2.302880
PROA	102	PROA	104	0.545545
PROA	103	PROA	104	3.269174
PROA	103	PROA	105	3.004640
PROA	104	PROA	105	4.001838
PROA	105	PROA	106	3.080616
PROA	105	PROA	107	0.222566
PROA	106	PROA	107	2.649065
PROA	106	PROA	108	1.260252
PROA	106	PROA	164	1.784827
PROA	107	PROA	108	3.227206
PROA	107	PROA	109	0.414644
PROA	108	PROA	109	2.630142
PROA	108	PROA	110	0.972306
PROA	108	PROA	156	3.171565
PROA	108	PROA	157	1.947452
PROA	108	PROA	158	2.852096
PROA	108	PROA	162	1.680336
PROA	108	PROA	163	0.556415
PROA	108	PROA	164	2.171768
PROA	109	PROA	110	3.795361
PROA	109	PROA	157	0.533114
PROA	109	PROA	158	3.726354
PROA	109	PROA	159	2.415229
PROA	109	PROA	160	0.069007
PROA	110	PROA	111	4.783404
PROA	110	PROA	112	0.122628
PROA	110	PROA	114	1.595448
PROA	110	PROA	115	1.962046
PROA	110	PROA	156	0.306570
PROA	110	PROA	157	3.740150
PROA	110	PROA	158	0.714286
PROA	110	PROA	159	0.071429
PROA	111	PROA	112	2.781518
PROA	111	PROA	113	1.637846
PROA	111	PROA	114	4.308202
PROA	111	PROA	115	1.059626
PROA	111	PROA	152	0.231455
PROA	111	PROA	153	2.088932
PROA	111	PROA	154	0.077152
PROA	111	PROA	155	0.728493
PROA	111	PROA	156	1.324532
PROA	111	PROA	157	2.384158
PROA	112	PROA	113	2.052567
PROA	112	PROA	114	0.391293
PROA	112	PROA	115	2.894737
PROA	112	PROA	116	2.947368
PROA	112	PROA	117	0.048912
PROA	112	PROA	121	0.842105
PROA	112	PROA	129	0.153897
PROA	112	PROA	133	0.263158
PROA	112	PROA	152	4.230661
PROA	112	PROA	153	0.207514
PROA	112	PROA	155	3.526316
PROA	112	PROA	156	0.105263
PROA	112	PROA	157	3.526316
PROA	112	PROA	163	0.210526
PROA	112	PROA	217	0.894737
PROA	112	PROA	221	2.782074
PROA	113	PROA	114	2.605356
PROA	113	PROA	115	0.500626
PROA	113	PROA	116	0.901127
PROA	113	PROA	117	2.651880
PROA	113	PROA	152	2.566132
PROA	113	PROA	153	2.237036
PROA	114	PROA	115	2.005376
PROA	114	PROA	116	0.586939
PROA	114	PROA	117	1.409091
PROA	114	PROA	118	0.968665
PROA	115	PROA	116	2.736842
PROA	115	PROA	117	0.684762
PROA	115	PROA	118	3.127011
PROA	115	PROA	119	2.893357
PROA	115	PROA	121	3.210526
PROA	115	PROA	125	0.055641
PROA	115	PROA	129	0.872082
PROA	115	PROA	157	2.473684
PROA	116	PROA	117	1.907552
PROA	116	PROA	118	0.735767
PROA	116	PROA	119	1.001547
PROA	116	PROA	120	0.055641
PROA	116	PROA	121	1.000000
PROA	116	PROA	152	0.367884
PROA	116	PROA	217	0.105263
PROA	116	PROA	220	1.480872
PROA	116	PROA	221	3.227206
PROA	116	PROA	224	3.310952
PROA	117	PROA	118	2.336192
PROA	117	PROA	119	0.155126
PROA	117	PROA	224	0.170941
PROA	117	PROA	225	0.043519
PROA	118	PROA	119	4.602246
PROA	119	PROA	120	3.823529
PROA	119	PROA	121	3.060282
PROA	119	PROA	122	0.219382
PROA	119	PROA	125	0.058824
PROA	119	PROA	224	0.518563
PROA	120	PROA	121	2.503867
PROA	120	PROA	122	0.292509
PROA	120	PROA	223	0.219382
PROA	120	PROA	224	2.592815
PROA	121	PROA	122	3.735258
PROA	121	PROA	123	0.245256
PROA	121	PROA	125	2.559508
PROA	121	PROA	126	2.421053
PROA	121	PROA	129	1.590266
PROA	121	PROA	221	1.001547
PROA	121	PROA	224	0.122628
PROA	122	PROA	123	3.223292
PROA	122	PROA	124	2.350048
PROA	122	PROA	125	4.168253
PROA	122	PROA	126	1.729286
PROA	122	PROA	127	0.090909
PROA	123	PROA	124	3.548977
PROA	123	PROA	125	0.583383
PROA	123	PROA	126	2.575185
PROA	123	PROA	127	1.208734
PROA	123	PROA	128	0.058321
PROA	123	PROA	283	2.237399
PROA	123	PROA	286	0.169031
PROA	123	PROA	312	1.341387
PROA	124	PROA	125	3.500700
PROA	124	PROA	126	0.662266
PROA	124	PROA	127	1.566699
PROA	124	PROA	128	0.944911
PROA	124	PROA	129	0.064550
PROA	124	PROA	316	0.125988
PROA	125	PROA	126	2.170018
PROA	125	PROA	127	0.585018
PROA	125	PROA	128	1.270215
PROA	125	PROA	129	2.386235
PROA	125	PROA	130	0.055641
PROA	125	PROA	161	0.804400
PROA	125	PROA	221	0.058824
PROA	126	PROA	127	3.181887
PROA	126	PROA	128	0.450564
PROA	126	PROA	129	1.641565
PROA	126	PROA	130	1.000000
PROA	126	PROA	131	0.050063
PROA	126	PROA	218	0.894737
PROA	126	PROA	221	4.228753
PROA	126	PROA	222	2.157895
PROA	126	PROA	312	0.750939
PROA	127	PROA	128	2.631807
PROA	127	PROA	129	0.809040
PROA	127	PROA	130	1.798458
PROA	127	PROA	131	0.855337
PROA	127	PROA	132	0.073127
PROA	127	PROA	312	4.013505
PROA	127	PROA	313	1.314257
PROA	127	PROA	316	0.921132
PROA	128	PROA	129	2.049390
PROA	128	PROA	130	0.450564
PROA	128	PROA	131	1.428571
PROA	128	PROA	132	2.275801
PROA	128	PROA	160	0.058321
PROA	128	PROA	161	1.315903
PROA	128	PROA	162	0.062994
PROA	128	PROA	316	1.380952
PROA	129	PROA	130	1.949359
PROA	129	PROA	131	0.683130
PROA	129	PROA	132	2.386235
PROA	129	PROA	133	1.282473
PROA	129	PROA	134	0.051299
PROA	129	PROA	157	2.103256
PROA	129	PROA	158	0.179284
PROA	129	PROA	161	2.292280
PROA	129	PROA	162	0.258199
PROA	129	PROA	163	2.051957
PROA	129	PROA	221	1.355815
PROA	130	PROA	131	2.052567
PROA	130	PROA	132	0.667698
PROA	130	PROA	133	2.473684
PROA	130	PROA	134	3.842105
PROA	130	PROA	135	0.046829
PROA	130	PROA	214	1.147079
PROA	130	PROA	218	2.315789
PROA	130	PROA	221	0.278207
PROA	130	PROA	289	0.947368
PROA	130	PROA	293	0.778981
PROA	130	PROA	312	0.700877
PROA	130	PROA	313	2.631579
PROA	131	PROA	132	2.910909
PROA	131	PROA	133	0.550689
PROA	131	PROA	134	1.251565
PROA	131	PROA	135	2.984417
PROA	131	PROA	136	0.082479
PROA	131	PROA	308	1.702129
PROA	131	PROA	313	2.052567
PROA	131	PROA	316	2.761905
PROA	131	PROA	317	1.238095
PROA	131	PROA	318	0.755929
PROA	131	PROA	322	1.014185
PROA	132	PROA	133	2.281301
PROA	132	PROA	134	0.389490
PROA	132	PROA	135	1.188177
PROA	132	PROA	136	0.641689
PROA	132	PROA	161	0.658145
PROA	132	PROA	162	0.630126
PROA	132	PROA	163	3.338489
PROA	132	PROA	165	0.166924
PROA	133	PROA	134	2.894737
PROA	133	PROA	135	0.468293
PROA	133	PROA	136	1.040532
PROA	133	PROA	137	1.473684
PROA	133	PROA	138	0.048912
PROA	133	PROA	150	1.210526
PROA	133	PROA	155	2.631579
PROA	133	PROA	163	2.368421
PROA	133	PROA	165	1.526316
PROA	133	PROA	214	0.688247
PROA	133	PROA	217	0.210526
PROA	134	PROA	135	1.779513
PROA	134	PROA	136	0.867110
PROA	134	PROA	137	2.473684
PROA	134	PROA	138	0.831497
PROA	134	PROA	211	0.842105
PROA	134	PROA	214	1.605910
PROA	134	PROA	289	0.157895
PROA	134	PROA	293	1.669245
PROA	134	PROA	304	2.179449
PROA	134	PROA	307	1.958786
PROA	134	PROA	308	3.210526
PROA	134	PROA	313	1.578947
PROA	135	PROA	136	3.240370
PROA	135	PROA	137	0.468293
PROA	135	PROA	138	1.871335
PROA	135	PROA	139	0.267261
PROA	135	PROA	308	0.702439
PROA	135	PROA	321	0.058926
PROA	135	PROA	322	2.108185
PROA	135	PROA	323	2.509506
PROA	136	PROA	137	2.601330
PROA	136	PROA	138	1.208734
PROA	136	PROA	139	1.814529
PROA	136	PROA	140	1.127243
PROA	136	PROA	165	0.520266
PROA	136	PROA	323	0.101015
PROA	137	PROA	138	2.152110
PROA	137	PROA	139	0.650814
PROA	137	PROA	140	2.368421
PROA	137	PROA	141	2.615150
PROA	137	PROA	142	0.069171
PROA	137	PROA	147	0.166924
PROA	137	PROA	150	0.263158
PROA	137	PROA	210	0.860946
PROA	137	PROA	211	1.368421
PROA	137	PROA	214	0.917663
PROA	137	PROA	304	2.179449
PROA	138	PROA	139	2.186638
PROA	138	PROA	140	0.635851
PROA	138	PROA	141	1.241010
PROA	138	PROA	142	1.478496
PROA	138	PROA	143	0.067420
PROA	138	PROA	304	2.718309
PROA	138	PROA	305	3.302891
PROA	138	PROA	308	1.516260
PROA	138	PROA	317	0.790912
PROA	138	PROA	319	1.367527
PROA	138	PROA	322	2.807458
PROA	138	PROA	323	0.569803
PROA	138	PROA	324	0.293470
PROA	139	PROA	140	2.252818
PROA	139	PROA	141	0.423405
PROA	139	PROA	142	1.776470
PROA	139	PROA	143	0.483046
PROA	139	PROA	323	3.674235
PROA	139	PROA	324	1.151440
PROA	139	PROA	325	3.105295
PROA	140	PROA	141	3.115923
PROA	140	PROA	142	0.691714
PROA	140	PROA	143	1.015667
PROA	140	PROA	144	0.306570
PROA	140	PROA	145	4.014775
PROA	140	PROA	146	0.789474
PROA	140	PROA	147	1.001547
PROA	140	PROA	168	1.333772
PROA	141	PROA	142	2.998217
PROA	141	PROA	143	0.997054
PROA	141	PROA	144	1.361228
PROA	141	PROA	145	1.212678
PROA	141	PROA	146	1.391037
PROA	141	PROA	147	0.058824
PROA	141	PROA	207	3.878158
PROA	141	PROA	208	0.146254
PROA	141	PROA	210	1.050210
PROA	141	PROA	211	0.945905
PROA	141	PROA	304	2.061553
PROA	142	PROA	143	3.623158
PROA	142	PROA	144	1.128152
PROA	142	PROA	207	0.128565
PROA	142	PROA	324	1.729286
PROA	142	PROA	325	3.527812
PROA	142	PROA	327	0.095346
PROA	142	PROA	328	0.161165
PROA	143	PROA	144	3.718679
PROA	143	PROA	145	3.162278
PROA	143	PROA	173	0.079057
PROA	143	PROA	325	2.200000
PROA	143	PROA	327	0.900000
PROA	143	PROA	328	2.619978
PROA	143	PROA	329	2.687006
PROA	144	PROA	145	3.140320
PROA	144	PROA	146	0.306570
PROA	144	PROA	173	0.868599
PROA	144	PROA	174	2.958040
PROA	144	PROA	207	1.766389
PROA	144	PROA	328	0.928571
PROA	144	PROA	329	0.059761
PROA	145	PROA	146	3.326528
PROA	145	PROA	147	0.242536
PROA	145	PROA	171	0.553399
PROA	145	PROA	172	0.765466
PROA	145	PROA	173	2.687500
PROA	145	PROA	174	0.632456
PROA	145	PROA	207	0.053300
PROA	145	PROA	329	2.962790
PROA	146	PROA	147	2.170018
PROA	146	PROA	148	1.498537
PROA	146	PROA	171	1.015667
PROA	146	PROA	172	1.264391
PROA	146	PROA	173	0.344124
PROA	146	PROA	174	3.264643
PROA	146	PROA	175	0.132453
PROA	146	PROA	206	0.061314
PROA	146	PROA	207	1.662994
PROA	146	PROA	209	1.000000
PROA	146	PROA	210	0.860946
PROA	147	PROA	148	2.623891
PROA	147	PROA	149	1.680336
PROA	147	PROA	150	2.114377
PROA	147	PROA	154	1.490869
PROA	147	PROA	165	0.945905
PROA	147	PROA	166	0.658145
PROA	147	PROA	167	1.190238
PROA	147	PROA	168	2.332002
PROA	147	PROA	170	0.055641
PROA	147	PROA	171	2.070805
PROA	147	PROA	210	0.560112
PROA	148	PROA	149	2.474874
PROA	148	PROA	150	0.280976
PROA	148	PROA	170	1.826342
PROA	148	PROA	171	0.903696
PROA	148	PROA	172	1.166667
PROA	148	PROA	186	1.686548
PROA	148	PROA	187	0.400892
PROA	148	PROA	188	2.908769
PROA	148	PROA	210	0.883883
PROA	148	PROA	213	0.061546
PROA	149	PROA	150	2.781518
PROA	149	PROA	151	3.015742
PROA	149	PROA	154	0.617213
PROA	149	PROA	170	0.927173
PROA	149	PROA	188	2.958920
PROA	149	PROA	189	0.273861
PROA	149	PROA	190	0.540062
PROA	150	PROA	151	3.619458
PROA	150	PROA	154	1.962046
PROA	150	PROA	155	2.052632
PROA	150	PROA	165	0.368421
PROA	150	PROA	193	0.450564
PROA	150	PROA	210	0.132453
PROA	150	PROA	213	0.345857
PROA	150	PROA	214	0.917663
PROA	150	PROA	217	1.736842
PROA	151	PROA	152	3.760699
PROA	151	PROA	153	3.214122
PROA	151	PROA	154	3.304857
PROA	151	PROA	155	0.489116
PROA	151	PROA	190	0.854704
PROA	151	PROA	193	0.837436
PROA	151	PROA	217	0.880409
PROA	152	PROA	153	2.981545
PROA	152	PROA	154	0.785714
PROA	152	PROA	155	2.452557
PROA	152	PROA	193	1.283066
PROA	152	PROA	217	3.372266
PROA	152	PROA	220	0.483046
PROA	153	PROA	154	3.303874
PROA	153	PROA	155	0.830057
PROA	153	PROA	156	0.484200
PROA	153	PROA	166	0.090909
PROA	154	PROA	155	3.494894
PROA	154	PROA	156	0.858395
PROA	154	PROA	164	0.170941
PROA	154	PROA	165	1.042337
PROA	154	PROA	166	3.303874
PROA	154	PROA	167	2.854612
PROA	155	PROA	156	2.421053
PROA	155	PROA	157	1.052632
PROA	155	PROA	163	2.947368
PROA	155	PROA	164	0.293470
PROA	155	PROA	165	2.736842
PROA	155	PROA	166	0.276686
PROA	155	PROA	217	0.526316
PROA	156	PROA	157	2.210526
PROA	156	PROA	162	0.066227
PROA	156	PROA	163	0.526316
PROA	156	PROA	164	2.983608
PROA	156	PROA	165	0.368421
PROA	156	PROA	166	2.075143
PROA	157	PROA	158	3.924092
PROA	157	PROA	161	0.069171
PROA	157	PROA	162	0.860946
PROA	157	PROA	163	2.473684
PROA	157	PROA	164	0.293470
PROA	158	PROA	159	3.642857
PROA	158	PROA	160	3.214286
PROA	158	PROA	161	2.175722
PROA	158	PROA	162	3.086067
PROA	158	PROA	163	0.061314
PROA	159	PROA	160	3.142857
PROA	159	PROA	161	1.369899
PROA	160	PROA	161	4.109697
PROA	160	PROA	162	0.925820
PROA	161	PROA	162	3.568592
PROA	161	PROA	163	0.345857
PROA	162	PROA	163	2.781518
PROA	162	PROA	164	0.615457
PROA	163	PROA	164	3.374900
PROA	163	PROA	165	1.842105
PROA	164	PROA	165	2.298845
PROA	164	PROA	166	0.321412
PROA	165	PROA	166	3.666087
PROA	165	PROA	168	1.436370
PROA	166	PROA	167	4.613058
PROA	166	PROA	168	1.348400
PROA	167	PROA	168	3.292036
PROA	167	PROA	169	1.091089
PROA	168	PROA	169	3.127071
PROA	168	PROA	170	0.410391
PROA	168	PROA	171	2.474874
PROA	169	PROA	170	3.815284
PROA	169	PROA	171	1.434274
PROA	170	PROA	171	2.684262
PROA	170	PROA	172	0.327805
PROA	170	PROA	188	0.114708
PROA	171	PROA	172	3.033837
PROA	171	PROA	331	0.212132
PROA	172	PROA	173	3.317017
PROA	172	PROA	174	0.258199
PROA	172	PROA	175	0.058926
PROA	172	PROA	331	0.410792
PROA	172	PROA	334	0.052705
PROA	172	PROA	336	1.001735
PROA	173	PROA	174	3.399448
PROA	173	PROA	175	0.721688
PROA	173	PROA	329	1.565248
PROA	173	PROA	330	1.385805
PROA	173	PROA	331	0.279508
PROA	174	PROA	175	3.286335
PROA	174	PROA	176	0.929670
PROA	174	PROA	207	1.483240
PROA	175	PROA	176	4.320494
PROA	175	PROA	177	2.166667
PROA	175	PROA	178	3.290658
PROA	175	PROA	205	0.314970
PROA	176	PROA	177	3.703280
PROA	176	PROA	178	0.453743
PROA	176	PROA	203	0.284901
PROA	176	PROA	204	2.323351
PROA	176	PROA	205	3.557592
PROA	177	PROA	178	4.970994
PROA	177	PROA	185	0.154303
PROA	177	PROA	202	0.348155
PROA	177	PROA	203	3.015742
PROA	177	PROA	204	0.763763
PROA	177	PROA	205	1.259882
PROA	178	PROA	185	3.241019
PROA	178	PROA	205	1.323140
PROA	185	PROA	186	3.588341
PROA	185	PROA	187	0.349927
PROA	185	PROA	198	2.636499
PROA	185	PROA	205	4.315768
PROA	185	PROA	209	0.183942
PROA	185	PROB	71	1.200198
PROA	186	PROA	187	2.929868
PROA	186	PROA	188	0.516398
PROA	187	PROA	188	3.055050
PROA	187	PROA	189	0.207020
PROA	187	PROA	194	2.271721
PROA	187	PROA	198	1.251565
PROA	187	PROA	199	0.688033
PROA	187	PROA	233	1.000000
PROA	187	PROB	68	2.141057
PROA	187	PROB	69	2.102630
PROA	187	PROB	71	2.449895
PROA	188	PROA	189	3.162278
PROA	188	PROA	190	1.804013
PROA	188	PROA	191	0.102062
PROA	188	PROA	194	2.602583
PROA	189	PROA	190	4.141256
PROA	189	PROA	191	1.742843
PROA	189	PROA	194	0.451848
PROA	190	PROA	191	2.727724
PROA	190	PROA	192	2.673169
PROA	190	PROA	193	0.174964
PROA	190	PROA	194	1.036535
PROA	191	PROA	192	1.541667
PROA	191	PROA	193	0.445435
PROA	191	PROA	194	3.250000
PROA	191	PROA	230	0.617213
PROA	191	PROA	231	1.392621
PROA	191	PROA	232	0.891133
PROA	191	PROA	233	0.133631
PROA	191	PROA	236	1.633743
PROA	191	PROB	68	0.158114
PROA	192	PROA	193	2.449895
PROA	192	PROA	194	0.333333
PROA	192	PROA	226	0.436436
PROA	192	PROA	228	0.867227
PROA	192	PROA	229	1.418416
PROA	192	PROA	230	0.462910
PROA	192	PROA	236	0.990148
PROA	193	PROA	194	1.737198
PROA	193	PROA	195	0.483046
PROA	193	PROA	212	0.935414
PROA	193	PROA	213	3.947710
PROA	193	PROA	216	3.421349
PROA	193	PROA	217	2.102630
PROA	193	PROA	220	0.732467
PROA	193	PROA	226	0.058321
PROA	193	PROA	228	0.195180
PROA	193	PROA	236	0.105851
PROA	194	PROA	195	2.904738
PROA	194	PROA	196	0.327327
PROA	194	PROA	198	1.030244
PROA	194	PROA	199	3.217980
PROA	194	PROA	212	0.666667
PROA	194	PROA	233	0.089087
PROA	194	PROA	236	0.792118
PROA	194	PROA	240	0.234146
PROA	194	PROB	68	0.052705
PROA	195	PROA	196	4.817379
PROA	195	PROA	197	2.367840
PROA	195	PROA	198	4.207762
PROA	195	PROA	199	1.533930
PROA	195	PROA	209	1.523500
PROA	195	PROA	212	3.356586
PROA	195	PROA	240	0.145095
PROA	195	PROA	301	0.903696
PROA	196	PROA	197	4.830459
PROA	196	PROA	198	0.735767
PROA	196	PROA	199	2.009432
PROA	196	PROA	200	1.839418
PROA	196	PROA	201	0.071429
PROA	196	PROA	212	2.891387
PROA	196	PROA	237	0.919709
PROA	196	PROA	240	3.188325
PROA	196	PROA	244	0.122628
PROA	196	PROA	255	0.061314
PROA	196	PROA	296	2.569742
PROA	196	PROA	301	1.200198
PROA	197	PROA	198	3.672563
PROA	197	PROA	199	0.876714
PROA	197	PROA	200	2.132456
PROA	197	PROA	201	2.139203
PROA	197	PROA	205	0.394405
PROA	197	PROA	206	0.069007
PROA	197	PROA	208	0.155700
PROA	197	PROA	209	0.710819
PROA	197	PROA	255	1.125463
PROA	197	PROA	296	0.115470
PROA	197	PROA	298	2.691256
PROA	197	PROA	301	1.950071
PROA	198	PROA	199	2.559508
PROA	198	PROA	200	0.473684
PROA	198	PROA	201	0.490511
PROA	198	PROA	205	2.302880
PROA	198	PROA	209	2.842105
PROA	198	PROB	71	1.077074
PROA	199	PROA	200	3.227206
PROA	199	PROA	201	0.388922
PROA	199	PROA	233	3.175537
PROA	199	PROA	236	1.235294
PROA	199	PROA	237	3.394131
PROA	199	PROA	240	0.834622
PROA	199	PROB	71	1.089162
PROA	200	PROA	201	2.391243
PROA	200	PROA	202	0.207514
PROA	200	PROA	233	0.400501
PROA	200	PROA	237	2.842105
PROA	200	PROA	255	2.894737
PROA	200	PROA	257	1.103651
PROA	200	PROA	260	2.611715
PROA	200	PROA	263	0.250313
PROA	200	PROA	264	1.684211
PROA	200	PROA	296	0.769484
PROA	200	PROB	71	1.123903
PROA	200	PROB	73	0.858395
PROA	201	PROA	202	3.303874
PROA	201	PROA	203	1.196586
PROA	201	PROA	204	0.202031
PROA	201	PROA	205	1.458030
PROA	201	PROA	254	0.402911
PROA	201	PROA	255	1.532848
PROA	201	PROA	256	2.145988
PROA	201	PROA	257	1.214286
PROA	201	PROA	298	0.214286
PROA	201	PROB	71	1.691189
PROA	202	PROA	203	5.721137
PROA	202	PROA	205	1.447494
PROA	202	PROA	256	0.069171
PROA	202	PROA	257	0.161165
PROA	202	PROB	71	2.461830
PROA	203	PROA	204	2.900963
PROA	203	PROA	205	1.256154
PROA	203	PROA	256	0.097823
PROA	203	PROB	22	0.103418
PROA	204	PROA	205	3.134187
PROA	204	PROA	206	0.909137
PROA	205	PROA	206	2.507811
PROA	205	PROA	209	1.001252
PROA	205	PROB	71	1.380850
PROA	206	PROA	207	2.678074
PROA	206	PROA	208	3.465039
PROA	206	PROA	209	2.513871
PROA	206	PROA	298	1.214286
PROA	206	PROA	299	0.453743
PROA	206	PROA	301	0.109109
PROA	207	PROA	208	2.314168
PROA	207	PROA	209	0.978232
PROA	207	PROA	210	0.184637
PROA	207	PROA	211	0.391293
PROA	207	PROA	303	0.495434
PROA	207	PROA	304	0.053300
PROA	208	PROA	209	3.942772
PROA	208	PROA	210	0.609272
PROA	208	PROA	211	2.628515
PROA	208	PROA	212	0.677003
PROA	208	PROA	298	1.289317
PROA	208	PROA	301	4.062019
PROA	208	PROA	302	0.553372
PROA	208	PROA	303	1.634848
PROA	209	PROA	210	3.510011
PROA	209	PROA	211	0.736842
PROA	209	PROA	212	1.217562
PROA	209	PROA	213	0.691714
PROA	209	PROA	301	1.123903
PROA	210	PROA	211	2.913971
PROA	210	PROA	212	0.648181
PROA	210	PROA	213	2.611165
PROA	210	PROA	214	1.226869
PROA	210	PROA	215	0.109109
PROA	211	PROA	212	1.920001
PROA	211	PROA	213	0.899229
PROA	211	PROA	214	2.982405
PROA	211	PROA	215	1.040532
PROA	211	PROA	216	0.069171
PROA	211	PROA	293	2.893357
PROA	211	PROA	301	0.327805
PROA	211	PROA	302	1.526316
PROA	211	PROA	303	1.362402
PROA	211	PROA	304	2.982405
PROA	211	PROA	307	0.362738
PROA	212	PROA	213	2.954196
PROA	212	PROA	214	0.459279
PROA	212	PROA	215	1.311578
PROA	212	PROA	216	1.846372
PROA	212	PROA	217	0.046829
PROA	212	PROA	228	1.551881
PROA	212	PROA	240	2.341465
PROA	212	PROA	244	0.983415
PROA	212	PROA	293	0.693103
PROA	212	PROA	294	3.652685
PROA	212	PROA	295	0.818317
PROA	212	PROA	296	0.547723
PROA	212	PROA	301	2.541667
PROA	213	PROA	214	2.788980
PROA	213	PROA	215	1.481487
PROA	213	PROA	216	2.909091
PROA	213	PROA	217	1.729286
PROA	213	PROA	218	0.069171
PROA	214	PROA	215	4.630065
PROA	214	PROA	216	1.055290
PROA	214	PROA	217	2.294157
PROA	214	PROA	218	1.319140
PROA	214	PROA	219	0.079057
PROA	214	PROA	293	1.394580
PROA	215	PROA	216	3.418817
PROA	215	PROA	217	1.127243
PROA	215	PROA	218	3.034885
PROA	215	PROA	219	1.195229
PROA	215	PROA	290	1.474087
PROA	215	PROA	293	2.475086
PROA	215	PROA	294	3.034885
PROA	216	PROA	217	2.905201
PROA	216	PROA	218	0.691714
PROA	216	PROA	219	2.002271
PROA	216	PROA	220	0.934199
PROA	216	PROA	227	0.345857
PROA	216	PROA	228	0.539360
PROA	216	PROA	290	0.069171
PROA	216	PROA	294	2.075143
PROA	217	PROA	218	2.263158
PROA	217	PROA	219	0.798024
PROA	217	PROA	220	2.191691
PROA	217	PROA	221	1.557962
PROA	217	PROA	222	0.052632
PROA	218	PROA	219	3.192096
PROA	218	PROA	220	0.829288
PROA	218	PROA	221	1.502320
PROA	218	PROA	222	2.263158
PROA	218	PROA	286	0.290191
PROA	218	PROA	289	0.842105
PROA	218	PROA	290	3.368421
PROA	218	PROA	293	0.389490
PROA	218	PROA	312	0.400501
PROA	219	PROA	220	3.265986
PROA	219	PROA	221	0.997054
PROA	219	PROA	222	1.958786
PROA	219	PROA	223	1.239501
PROA	219	PROA	224	0.084515
PROA	219	PROA	225	0.193649
PROA	219	PROA	227	2.321524
PROA	219	PROA	279	1.979899
PROA	219	PROA	290	2.901905
PROA	219	PROA	294	0.362738
PROA	220	PROA	221	2.692764
PROA	220	PROA	222	0.710819
PROA	220	PROA	223	1.479148
PROA	220	PROA	224	1.380131
PROA	220	PROA	225	1.528434
PROA	220	PROA	226	2.484236
PROA	220	PROA	227	0.118470
PROA	221	PROA	222	2.503867
PROA	221	PROA	223	1.023781
PROA	221	PROA	224	0.713024
PROA	222	PROA	223	3.527744
PROA	222	PROA	224	0.306570
PROA	222	PROA	279	1.846761
PROA	222	PROA	282	3.627381
PROA	222	PROA	283	0.397360
PROA	222	PROA	286	1.378405
PROA	222	PROA	287	0.736842
PROA	222	PROA	290	0.526316
PROA	222	PROA	312	0.100125
PROA	223	PROA	224	4.270862
PROA	223	PROA	225	2.338738
PROA	223	PROA	279	1.955180
PROA	224	PROA	225	2.291288
PROA	224	PROA	226	0.071429
PROA	225	PROA	226	4.091585
PROA	225	PROA	227	1.404879
PROA	225	PROA	278	0.280976
PROA	226	PROA	227	2.207302
PROA	226	PROA	228	0.717137
PROA	226	PROA	229	1.785714
PROA	227	PROA	228	3.847419
PROA	227	PROA	229	0.674453
PROA	227	PROA	239	0.055641
PROA	227	PROA	243	1.894737
PROA	227	PROA	275	0.842927
PROA	227	PROA	278	0.736842
PROA	227	PROA	279	0.615587
PROA	227	PROA	290	0.105263
PROA	227	PROA	294	0.526316
PROA	228	PROA	229	3.167356
PROA	228	PROA	230	0.676123
PROA	228	PROA	236	1.681211
PROA	228	PROA	239	1.626978
PROA	228	PROA	240	2.872739
PROA	228	PROA	243	1.128576
PROA	228	PROA	244	0.461690
PROA	228	PROA	275	0.045644
PROA	228	PROA	294	1.487669
PROA	229	PROA	230	4.343656
PROA	229	PROA	231	0.398862
PROA	229	PROA	236	0.453743
PROA	229	PROA	239	2.268713
PROA	230	PROA	231	2.900963
PROA	230	PROA	232	0.916698
PROA	230	PROA	235	0.654654
PROA	230	PROA	236	4.308483
PROA	230	PROA	239	1.558387
PROA	231	PROA	232	3.567905
PROA	231	PROA	235	0.184637
PROA	231	PROA	236	0.155126
PROA	232	PROA	233	2.169950
PROA	232	PROA	234	0.612056
PROA	232	PROA	235	3.220644
PROA	232	PROA	236	1.411765
PROA	233	PROA	234	3.604508
PROA	233	PROA	235	0.881917
PROA	233	PROA	236	1.217289
PROA	233	PROA	237	2.553193
PROA	233	PROA	238	0.058321
PROA	233	PROB	68	4.113084
PROA	233	PROB	71	1.202676
PROA	233	PROB	72	0.222718
PROA	233	PROB	73	1.516351
PROA	233	PROB	76	0.851064
PROA	234	PROA	235	3.046424
PROA	234	PROA	236	0.778981
PROA	234	PROA	237	3.473684
PROA	234	PROA	238	0.797081
PROA	234	PROA	239	0.055641
PROA	234	PROA	263	1.451816
PROA	234	PROB	73	2.145988
PROA	234	PROB	76	2.000000
PROA	234	PROB	77	2.329929
PROA	234	PROB	80	1.376494
PROA	235	PROA	236	2.730546
PROA	235	PROA	237	0.662266
PROA	235	PROA	238	2.005944
PROA	235	PROA	239	1.750350
PROA	235	PROA	240	0.066227
PROA	236	PROA	237	2.225660
PROA	236	PROA	238	0.842665
PROA	236	PROA	239	2.411765
PROA	236	PROA	240	1.724886
PROA	236	PROA	241	0.055641
PROA	237	PROA	238	2.145988
PROA	237	PROA	239	0.389490
PROA	237	PROA	240	1.263158
PROA	237	PROA	241	1.000000
PROA	237	PROA	242	0.086711
PROA	237	PROA	263	0.650814
PROA	237	PROA	264	0.105263
PROA	237	PROA	296	0.051299
PROA	237	PROB	73	0.429198
PROA	238	PROA	239	2.463174
PROA	238	PROA	240	0.858395
PROA	238	PROA	241	1.348907
PROA	238	PROA	242	1.111168
PROA	238	PROA	270	1.025645
PROA	239	PROA	240	2.448225
PROA	239	PROA	241	0.500773
PROA	239	PROA	242	1.466718
PROA	239	PROA	243	0.723339
PROA	240	PROA	241	3.210526
PROA	240	PROA	242	1.127243
PROA	240	PROA	243	0.894737
PROA	240	PROA	244	2.789474
PROA	240	PROA	245	0.086711
PROA	240	PROA	296	0.718185
PROA	241	PROA	242	2.861463
PROA	241	PROA	243	0.789474
PROA	241	PROA	244	1.421053
PROA	241	PROA	245	3.208307
PROA	241	PROA	246	0.830057
PROA	241	PROA	247	2.023360
PROA	241	PROA	264	1.000000
PROA	241	PROA	267	0.473684
PROA	241	PROA	270	2.445580
PROA	241	PROA	296	1.077277
PROA	242	PROA	243	3.815284
PROA	242	PROA	244	0.693688
PROA	242	PROA	245	0.571429
PROA	242	PROA	270	1.208734
PROA	242	PROA	273	0.944911
PROA	243	PROA	244	3.578947
PROA	243	PROA	245	0.606977
PROA	243	PROA	272	0.831497
PROA	243	PROA	273	3.785360
PROA	243	PROA	275	1.030244
PROA	243	PROA	278	2.684211
PROA	244	PROA	245	3.208307
PROA	244	PROA	272	3.423812
PROA	244	PROA	273	0.172062
PROA	244	PROA	275	0.468293
PROA	244	PROA	291	0.066227
PROA	244	PROA	294	1.368421
PROA	244	PROA	295	0.613139
PROA	244	PROA	296	2.205853
PROA	245	PROA	246	3.646738
PROA	245	PROA	247	0.606092
PROA	245	PROA	270	2.014557
PROA	245	PROA	271	1.414214
PROA	245	PROA	272	2.498051
PROA	246	PROA	247	4.512609
PROA	246	PROA	248	0.545455
PROA	246	PROA	268	0.161165
PROA	246	PROA	269	2.047563
PROA	246	PROA	270	3.214122
PROA	246	PROA	271	0.241747
PROA	246	PROA	272	0.064282
PROA	247	PROA	248	3.062127
PROA	247	PROA	249	0.129641
PROA	247	PROA	251	1.002972
PROA	247	PROA	252	2.636499
PROA	247	PROA	264	2.207302
PROA	247	PROA	296	1.852604
PROA	248	PROA	249	3.217599
PROA	248	PROA	250	1.323448
PROA	248	PROA	251	4.700097
PROA	248	PROA	252	1.106743
PROA	248	PROA	253	0.080582
PROA	248	PROA	300	0.385695
PROA	249	PROA	250	2.191785
PROA	249	PROA	251	0.560112
PROA	249	PROA	252	2.782074
PROA	249	PROA	253	0.842665
PROA	249	PROA	261	0.643596
PROA	249	PROA	265	1.724886
PROA	250	PROA	251	4.248529
PROA	250	PROA	252	0.533114
PROA	250	PROA	253	1.863177
PROA	250	PROA	254	1.245598
PROA	250	PROA	297	0.966092
PROA	250	PROA	300	1.981735
PROA	251	PROA	252	2.450385
PROA	251	PROA	253	0.925820
PROA	251	PROA	254	2.175971
PROA	251	PROA	255	0.463586
PROA	251	PROA	296	1.032796
PROA	251	PROA	297	4.937707
PROA	251	PROA	300	1.846372
PROA	252	PROA	253	2.452557
PROA	252	PROA	254	1.037572
PROA	252	PROA	255	2.000000
PROA	252	PROA	260	0.072548
PROA	252	PROA	261	3.980490
PROA	252	PROA	264	2.315789
PROA	252	PROA	265	2.473684
PROA	252	PROA	296	0.153897
PROA	253	PROA	254	3.545621
PROA	253	PROA	255	0.981023
PROA	253	PROA	256	0.367884
PROA	253	PROA	261	0.272772
PROA	254	PROA	255	3.596915
PROA	254	PROA	256	1.590943
PROA	254	PROA	297	1.933975
PROA	254	PROA	298	0.966988
PROA	254	PROA	299	1.243163
PROA	255	PROA	256	3.315789
PROA	255	PROA	257	1.716790
PROA	255	PROA	260	1.378405
PROA	255	PROA	261	0.421464
PROA	255	PROA	264	1.263158
PROA	255	PROA	296	1.282473
PROA	255	PROA	298	0.183942
PROA	256	PROA	257	2.697813
PROA	256	PROA	258	0.368421
PROA	257	PROA	258	2.329929
PROA	257	PROA	259	1.367527
PROA	257	PROA	260	4.648348
PROA	257	PROA	261	0.600099
PROA	257	PROA	262	0.071429
PROA	257	PROB	70	0.080582
PROA	257	PROB	71	1.582080
PROA	257	PROB	72	0.381881
PROA	257	PROB	73	0.285714
PROA	258	PROA	259	2.494492
PROA	258	PROA	260	0.725476
PROA	258	PROA	261	2.107318
PROA	258	PROA	262	2.145988
PROA	258	PROA	263	0.050063
PROA	259	PROA	260	2.427120
PROA	259	PROA	261	0.565752
PROA	259	PROA	262	2.905995
PROA	259	PROA	263	0.604815
PROA	259	PROA	264	0.048912
PROA	259	PROB	14	0.113961
PROA	259	PROB	16	0.113961
PROA	259	PROB	19	0.184637
PROA	259	PROB	71	0.043519
PROA	259	PROB	72	3.481553
PROA	259	PROB	73	0.398862
PROA	259	PROB	74	1.477098
PROA	260	PROA	261	2.775638
PROA	260	PROA	262	1.098701
PROA	260	PROA	263	2.415229
PROA	260	PROA	264	2.031334
PROA	260	PROA	265	0.072548
PROA	260	PROB	71	0.129099
PROA	260	PROB	73	2.028370
PROA	261	PROA	262	2.618615
PROA	261	PROA	263	0.668153
PROA	261	PROA	264	1.404879
PROA	261	PROA	265	2.013659
PROA	261	PROA	266	0.061546
PROA	262	PROA	263	2.507811
PROA	262	PROA	264	0.490511
PROA	262	PROA	265	0.919709
PROA	262	PROA	266	1.047570
PROA	263	PROA	264	3.704634
PROA	263	PROA	265	0.550689
PROA	263	PROA	266	1.447494
PROA	263	PROA	267	2.553193
PROA	263	PROB	73	2.566132
PROA	263	PROB	74	0.944911
PROA	263	PROB	77	0.583212
PROA	264	PROA	265	2.105263
PROA	264	PROA	266	0.691714
PROA	264	PROA	267	1.578947
PROA	264	PROA	296	0.923381
PROA	265	PROA	266	2.697686
PROA	265	PROA	267	0.631579
PROA	266	PROA	267	3.181887
PROA	266	PROA	268	0.402911
PROA	267	PROA	268	5.272998
PROA	267	PROA	269	0.333849
PROA	267	PROA	270	1.027144
PROA	268	PROA	269	2.787276
PROA	268	PROA	270	1.709409
PROA	269	PROA	270	2.947400
PROA	269	PROA	271	0.064820
PROA	270	PROA	271	2.450152
PROA	270	PROA	272	0.181818
PROA	271	PROA	272	2.165251
PROA	271	PROA	273	0.668153
PROA	272	PROA	273	2.931510
PROA	272	PROA	274	0.797724
PROA	272	PROA	275	1.305582
PROA	272	PROA	291	1.230915
PROA	273	PROA	274	4.342995
PROA	273	PROA	275	0.306186
PROA	273	PROA	277	0.255155
PROA	273	PROA	278	3.842714
PROA	274	PROA	275	1.800298
PROA	274	PROA	276	1.571429
PROA	274	PROA	277	2.236733
PROA	274	PROA	278	1.287593
PROA	274	PROA	279	0.059761
PROA	275	PROA	276	2.073070
PROA	275	PROA	277	0.500000
PROA	275	PROA	278	3.371709
PROA	275	PROA	279	1.825742
PROA	275	PROA	287	2.575611
PROA	275	PROA	290	1.545367
PROA	275	PROA	291	3.123055
PROA	275	PROA	294	1.123903
PROA	276	PROA	277	2.454951
PROA	276	PROA	278	0.674453
PROA	276	PROA	279	1.135467
PROA	276	PROA	280	0.857143
PROA	276	PROA	284	0.322329
PROA	276	PROA	287	1.103651
PROA	277	PROA	278	1.873172
PROA	277	PROA	279	0.319505
PROA	277	PROA	280	0.272772
PROA	278	PROA	279	3.283131
PROA	278	PROA	280	0.613139
PROA	279	PROA	280	3.107594
PROA	279	PROA	281	0.537853
PROA	279	PROA	282	3.111270
PROA	279	PROA	287	2.821440
PROA	279	PROA	290	0.872082
PROA	280	PROA	281	5.214286
PROA	280	PROA	282	0.676123
PROA	281	PROA	282	3.465132
PROA	281	PROA	283	0.385758
PROA	282	PROA	283	3.834058
PROA	282	PROA	284	0.476731
PROA	282	PROA	286	0.200000
PROA	282	PROA	287	3.119548
PROA	283	PROA	284	3.742670
PROA	283	PROA	285	2.092555
PROA	283	PROA	286	4.564355
PROA	283	PROA	287	1.523212
PROA	283	PROA	288	0.083333
PROA	283	PROA	312	0.377964
PROA	284	PROA	285	2.956992
PROA	284	PROA	286	1.334848
PROA	284	PROA	287	2.559344
PROA	284	PROA	288	2.175971
PROA	284	PROA	289	0.069171
PROA	285	PROA	286	2.696799
PROA	285	PROA	287	0.440204
PROA	285	PROA	288	1.292461
PROA	285	PROA	289	0.440204
PROA	285	PROA	310	0.103418
PROA	285	PROA	311	1.367527
PROA	285	PROA	312	1.628347
PROA	286	PROA	287	3.554834
PROA	286	PROA	288	1.369306
PROA	286	PROA	289	1.596048
PROA	286	PROA	290	1.088214
PROA	286	PROA	291	0.091287
PROA	286	PROA	312	3.105295
PROA	287	PROA	288	2.781518
PROA	287	PROA	289	0.578947
PROA	287	PROA	290	2.631579
PROA	287	PROA	291	0.794719
PROA	288	PROA	289	2.384158
PROA	288	PROA	290	0.662266
PROA	288	PROA	291	1.916667
PROA	288	PROA	292	1.292461
PROA	288	PROA	310	1.400280
PROA	289	PROA	290	2.210526
PROA	289	PROA	291	0.728493
PROA	289	PROA	292	1.956464
PROA	289	PROA	293	2.893357
PROA	289	PROA	302	1.368421
PROA	289	PROA	307	2.756810
PROA	289	PROA	310	3.394131
PROA	289	PROA	312	1.702129
PROA	289	PROA	313	1.210526
PROA	290	PROA	291	2.847745
PROA	290	PROA	292	0.538028
PROA	290	PROA	293	1.168471
PROA	290	PROA	294	2.578947
PROA	291	PROA	292	3.569653
PROA	291	PROA	293	0.840168
PROA	291	PROA	294	1.059626
PROA	291	PROA	295	1.157275
PROA	292	PROA	293	2.688856
PROA	292	PROA	294	0.586939
PROA	292	PROA	295	1.595448
PROA	292	PROA	301	0.522233
PROA	292	PROA	302	3.521635
PROA	292	PROA	310	1.292719
PROA	293	PROA	294	3.338489
PROA	293	PROA	295	0.713024
PROA	293	PROA	301	1.237684
PROA	293	PROA	302	3.115923
PROA	293	PROA	307	1.457233
PROA	294	PROA	295	2.636499
PROA	294	PROA	296	0.256495
PROA	294	PROA	301	0.374634
PROA	295	PROA	296	2.689264
PROA	295	PROA	297	1.857143
PROA	295	PROA	300	2.222231
PROA	295	PROA	301	4.200694
PROA	295	PROA	302	0.122628
PROA	296	PROA	297	3.227117
PROA	296	PROA	298	0.597614
PROA	296	PROA	301	0.684653
PROA	297	PROA	298	4.285714
PROA	297	PROA	299	1.944611
PROA	297	PROA	300	5.527088
PROA	297	PROA	301	0.818317
PROA	298	PROA	299	4.537426
PROA	298	PROA	300	0.569803
PROA	298	PROA	301	3.436932
PROA	299	PROA	300	2.326895
PROA	299	PROA	301	0.495074
PROA	300	PROA	301	1.827815
PROA	300	PROA	302	0.195646
PROA	301	PROA	302	2.481952
PROA	301	PROA	303	0.263523
PROA	302	PROA	303	3.494858
PROA	302	PROA	306	3.060282
PROA	302	PROA	307	4.062667
PROA	302	PROA	310	0.834622
PROA	303	PROA	304	3.162936
PROA	303	PROA	305	0.666667
PROA	303	PROA	306	2.755387
PROA	303	PROA	307	0.816497
PROA	304	PROA	305	4.518481
PROA	304	PROA	306	0.727607
PROA	304	PROA	307	1.818310
PROA	304	PROA	308	1.089725
PROA	305	PROA	306	2.504897
PROA	305	PROA	307	0.979796
PROA	305	PROA	308	3.020979
PROA	305	PROA	309	0.898146
PROA	305	PROA	317	2.197401
PROA	305	PROA	319	0.276026
PROA	305	PROA	324	0.059235
PROA	306	PROA	307	2.837770
PROA	306	PROA	308	0.556415
PROA	306	PROA	309	1.610626
PROA	306	PROA	310	0.529412
PROA	307	PROA	308	3.337191
PROA	307	PROA	309	1.300000
PROA	307	PROA	310	1.610626
PROA	307	PROA	313	0.798024
PROA	308	PROA	309	2.756810
PROA	308	PROA	310	0.556415
PROA	308	PROA	313	3.000000
PROA	308	PROA	314	0.414644
PROA	308	PROA	317	4.455573
PROA	308	PROA	322	0.473879
PROA	309	PROA	310	2.837770
PROA	309	PROA	311	0.591608
PROA	309	PROA	313	0.072548
PROA	309	PROA	314	1.469694
PROA	309	PROA	317	2.415229
PROA	310	PROA	311	5.639372
PROA	310	PROA	312	1.058512
PROA	310	PROA	313	1.168471
PROA	310	PROA	314	0.563602
PROA	311	PROA	312	2.216205
PROA	311	PROA	313	0.490511
PROA	311	PROA	314	1.311125
PROA	311	PROA	315	0.064820
PROA	312	PROA	313	3.604508
PROA	312	PROA	314	0.338062
PROA	312	PROA	316	0.095238
PROA	313	PROA	314	2.310161
PROA	313	PROA	315	0.667698
PROA	313	PROA	316	1.401753
PROA	313	PROA	317	1.001252
PROA	314	PROA	315	3.318989
PROA	314	PROA	316	0.619780
PROA	314	PROA	317	2.028370
PROA	315	PROA	316	1.958248
PROA	315	PROA	317	0.423405
PROA	316	PROA	317	1.809524
PROA	316	PROA	318	0.566947
PROA	317	PROA	318	2.771739
PROA	317	PROA	319	4.257446
PROA	317	PROA	322	0.957841
PROA	318	PROA	319	4.089039
PROA	318	PROA	320	1.305582
PROA	318	PROA	321	2.500000
PROA	318	PROA	322	2.832353
PROA	319	PROA	320	3.626203
PROA	319	PROA	321	0.617213
PROA	319	PROA	322	2.829269
PROA	320	PROA	321	3.742670
PROA	320	PROA	322	0.700649
PROA	321	PROA	322	3.503173
PROA	321	PROA	323	0.540062
PROA	322	PROA	323	4.416420
PROA	322	PROA	324	0.710819
PROA	323	PROA	324	2.697813
PROA	323	PROA	325	0.253546
PROA	324	PROA	325	4.860691
PROA	324	PROA	326	1.480872
PROA	325	PROA	326	3.919184
PROA	325	PROA	327	1.800000
PROA	326	PROA	327	3.674235
PROA	326	PROA	328	0.138013
PROA	327	PROA	328	5.662534
PROA	327	PROA	329	0.212132
PROA	328	PROA	329	2.211173
PROA	328	PROA	330	0.341882
PROA	329	PROA	330	3.861523
PROA	329	PROA	331	1.500000
PROA	330	PROA	331	2.240637
PROA	330	PROA	332	0.246183
PROA	330	PROA	334	0.055048
PROA	331	PROA	332	2.646539
PROA	331	PROA	333	1.464281
PROA	331	PROA	334	0.346410
PROA	331	PROA	335	4.001316
PROA	332	PROA	333	3.990798
PROA	332	PROA	335	0.066227
PROA	332	PROA	346	0.264906
PROA	332	PROA	350	0.149071
PROA	333	PROA	334	2.880632
PROA	333	PROA	335	1.891811
PROA	333	PROA	338	1.502320
PROA	333	PROA	342	0.879049
PROA	333	PROA	346	1.557962
PROA	334	PROA	335	3.435623
PROA	334	PROA	336	2.534210
PROA	334	PROA	337	0.149071
PROA	334	PROA	338	0.473879
PROA	335	PROA	336	2.781518
PROA	335	PROA	337	0.596040
PROA	335	PROA	338	2.210526
PROA	335	PROA	343	1.157895
PROA	335	PROA	346	0.210526
PROA	336	PROA	337	3.583333
PROA	336	PROA	338	0.529813
PROA	337	PROA	338	3.046424
PROA	337	PROA	339	0.540062
PROA	338	PROA	339	4.905115
PROA	338	PROA	340	0.244558
PROA	338	PROA	342	2.103199
PROA	338	PROA	343	3.894737
PROA	338	PROA	346	0.947368
PROA	339	PROA	340	1.823369
PROA	339	PROA	341	0.759072
PROA	339	PROA	342	2.051290
PROA	339	PROA	343	1.287593
PROA	340	PROA	341	4.624048
PROA	340	PROA	342	0.545455
PROA	340	PROA	343	2.201022
PROA	340	PROA	344	0.863636
PROA	340	PROA	345	0.055048
PROA	341	PROA	342	1.926687
PROA	341	PROA	343	0.770054
PROA	341	PROA	344	2.587265
PROA	341	PROA	345	0.866667
PROA	342	PROA	343	2.445580
PROA	342	PROA	344	0.636364
PROA	342	PROA	345	2.917554
PROA	342	PROA	346	2.885784
PROA	343	PROA	344	1.662994
PROA	343	PROA	345	0.592349
PROA	343	PROA	346	2.684211
PROA	343	PROA	347	1.526316
PROA	343	PROA	348	0.051299
PROA	344	PROA	345	2.422120
PROA	344	PROA	346	0.684762
PROA	344	PROA	347	1.858641
PROA	344	PROA	348	0.858116
PROA	344	PROA	349	0.055048
PROA	345	PROA	346	2.961744
PROA	345	PROA	347	0.414644
PROA	345	PROA	348	1.905256
PROA	345	PROA	349	1.266667
PROA	346	PROA	347	2.157895
PROA	346	PROA	348	0.820783
PROA	346	PROA	349	2.013986
PROA	346	PROA	350	1.243933
PROA	346	PROA	351	0.061314
PROA	347	PROA	348	2.411049
PROA	347	PROA	349	0.533114
PROA	347	PROA	350	1.184698
PROA	347	PROA	351	2.391243
PROA	348	PROA	349	2.771281
PROA	348	PROA	350	0.461880
PROA	348	PROA	351	1.553797
PROA	348	PROA	352	0.777817
PROA	349	PROA	350	3.666667
PROA	349	PROA	351	0.690066
PROA	349	PROA	352	1.714643
PROA	349	PROA	353	0.105409
PROA	350	PROA	351	3.105295
PROA	350	PROA	352	0.898146
PROA	350	PROA	353	1.897367
PROA	350	PROA	354	0.173205
PROA	351	PROA	352	3.211586
PROA	351	PROA	353	0.545545
PROA	351	PROA	354	1.494036
PROA	351	PROA	355	1.685330
PROA	352	PROA	353	2.517439
PROA	352	PROA	354	0.777817
PROA	352	PROA	355	3.528039
PROA	352	PROA	358	2.277216
PROA	353	PROA	354	4.199206
PROA	353	PROA	355	0.693103
PROA	353	PROA	358	2.093546
PROA	354	PROA	355	3.958981
PROA	354	PROA	356	0.418330
PROA	355	PROA	356	4.407785
PROA	355	PROA	357	0.366679
PROA	355	PROA	358	0.793884
PROA	356	PROA	357	3.333503
PROA	356	PROA	358	0.466569
PROA	357	PROA	358	3.216666
PROA	357	PROA	359	0.385758
PROA	358	PROA	359	3.429853
PROA	358	PROA	360	1.007905
PROA	359	PROA	360	2.474874
PROB	1	PROB	2	3.221253
PROB	1	PROB	3	0.626224
PROB	1	PROB	4	1.958248
PROB	1	PROB	5	1.191708
PROB	1	PROB	6	0.129641
PROB	1	PROB	57	0.051709
PROB	2	PROB	3	4.000833
PROB	2	PROB	4	0.621059
PROB	2	PROB	5	1.314751
PROB	2	PROB	6	1.690309
PROB	2	PROB	7	0.072548
PROB	3	PROB	4	2.253745
PROB	3	PROB	5	0.975900
PROB	3	PROB	6	1.794170
PROB	3	PROB	7	0.829288
PROB	3	PROB	8	0.059235
PROB	3	PROB	82	1.802996
PROB	3	PROB	86	1.484644
PROB	4	PROB	5	3.794016
PROB	4	PROB	6	0.583212
PROB	4	PROB	7	1.301628
PROB	4	PROB	8	2.753444
PROB	4	PROB	50	1.239560
PROB	4	PROB	55	1.351691
PROB	4	PROB	56	1.637846
PROB	4	PROB	57	1.535299
PROB	4	PROB	59	0.058321
PROB	4	PROB	60	1.151440
PROB	4	PROB	82	1.238095
PROB	5	PROB	6	3.434519
PROB	5	PROB	7	1.040532
PROB	5	PROB	8	3.295018
PROB	5	PROB	9	1.375048
PROB	6	PROB	7	2.575185
PROB	6	PROB	8	0.613139
PROB	6	PROB	9	1.426048
PROB	6	PROB	10	1.157275
PROB	6	PROB	11	0.061314
PROB	7	PROB	8	2.684211
PROB	7	PROB	9	0.723339
PROB	7	PROB	10	1.324532
PROB	7	PROB	11	2.368421
PROB	7	PROB	12	0.061314
PROB	7	PROB	60	1.526316
PROB	7	PROB	78	1.001547
PROB	7	PROB	79	1.491202
PROB	7	PROB	82	3.504383
PROB	8	PROB	9	2.225660
PROB	8	PROB	10	0.596040
PROB	8	PROB	11	3.105263
PROB	8	PROB	12	1.287593
PROB	8	PROB	13	0.061314
PROB	8	PROB	43	0.138343
PROB	8	PROB	46	4.668202
PROB	8	PROB	55	0.842105
PROB	8	PROB	60	0.315789
PROB	8	PROB	63	0.473684
PROB	9	PROB	10	2.520504
PROB	9	PROB	11	0.667698
PROB	9	PROB	12	3.889222
PROB	9	PROB	13	1.620509
PROB	9	PROB	14	0.064820
PROB	9	PROB	43	1.535672
PROB	10	PROB	11	2.582838
PROB	10	PROB	12	1.157275
PROB	10	PROB	13	2.777460
PROB	10	PROB	14	2.160247
PROB	10	PROB	15	0.066227
PROB	10	PROB	78	0.140028
PROB	11	PROB	12	2.636499
PROB	11	PROB	13	0.674453
PROB	11	PROB	14	1.226279
PROB	11	PROB	15	2.000000
PROB	11	PROB	46	2.462348
PROB	11	PROB	60	0.052632
PROB	11	PROB	63	0.842105
PROB	11	PROB	67	1.641565
PROB	11	PROB	75	2.157895
PROB	11	PROB	78	1.391037
PROB	11	PROB	79	0.745601
PROB	12	PROB	13	3.428571
PROB	12	PROB	14	0.785714
PROB	12	PROB	15	1.348907
PROB	12	PROB	41	0.642857
PROB	12	PROB	42	1.818275
PROB	12	PROB	43	3.142710
PROB	12	PROB	46	0.956183
PROB	13	PROB	14	4.142857
PROB	13	PROB	15	0.674453
PROB	14	PROB	15	2.697813
PROB	14	PROB	16	0.357143
PROB	14	PROB	72	0.272772
PROB	14	PROB	75	0.858395
PROB	14	PROB	78	1.555689
PROB	15	PROB	16	3.494894
PROB	15	PROB	17	0.052632
PROB	15	PROB	19	1.655665
PROB	15	PROB	20	2.000000
PROB	15	PROB	23	1.789474
PROB	15	PROB	42	0.433555
PROB	15	PROB	45	0.327805
PROB	15	PROB	46	0.461690
PROB	15	PROB	67	0.615587
PROB	15	PROB	72	0.234146
PROB	15	PROB	75	2.105263
PROB	16	PROB	17	2.636499
PROB	16	PROB	18	1.518144
PROB	16	PROB	19	4.166190
PROB	16	PROB	20	0.735767
PROB	16	PROB	72	0.054554
PROB	17	PROB	18	2.784040
PROB	17	PROB	19	0.662266
PROB	17	PROB	20	1.421053
PROB	17	PROB	21	0.533114
PROB	17	PROB	40	2.084674
PROB	17	PROB	41	0.367884
PROB	18	PROB	19	3.503173
PROB	18	PROB	20	0.710819
PROB	18	PROB	21	1.533333
PROB	18	PROB	22	0.313112
PROB	19	PROB	20	2.781518
PROB	19	PROB	21	0.670820
PROB	19	PROB	22	1.540308
PROB	19	PROB	23	0.927173
PROB	19	PROB	72	0.883883
PROB	20	PROB	21	2.665570
PROB	20	PROB	22	0.834622
PROB	20	PROB	23	2.526316
PROB	20	PROB	24	3.815105
PROB	20	PROB	25	0.069171
PROB	20	PROB	39	0.947368
PROB	20	PROB	40	0.735767
PROB	20	PROB	41	1.532848
PROB	20	PROB	42	2.254486
PROB	20	PROB	45	2.341465
PROB	21	PROB	22	2.755387
PROB	21	PROB	23	0.533114
PROB	21	PROB	24	4.569000
PROB	21	PROB	25	1.634848
PROB	21	PROB	36	0.077850
PROB	21	PROB	40	0.069007
PROB	22	PROB	23	2.615150
PROB	22	PROB	24	0.568796
PROB	22	PROB	25	1.901308
PROB	22	PROB	26	0.690268
PROB	22	PROB	70	0.073127
PROB	23	PROB	24	1.760818
PROB	23	PROB	25	0.691714
PROB	23	PROB	26	1.305857
PROB	23	PROB	27	0.830057
PROB	23	PROB	45	3.231221
PROB	23	PROB	66	1.789474
PROB	23	PROB	67	1.949359
PROB	23	PROB	70	1.867629
PROB	23	PROB	72	0.374634
PROB	23	PROB	75	0.842105
PROB	24	PROB	25	2.635580
PROB	24	PROB	26	0.809040
PROB	24	PROB	27	1.992755
PROB	24	PROB	28	0.454545
PROB	24	PROB	35	0.136364
PROB	24	PROB	36	3.471251
PROB	24	PROB	37	0.495434
PROB	24	PROB	38	0.055048
PROB	24	PROB	39	2.347757
PROB	24	PROB	40	0.683763
PROB	24	PROB	45	1.827815
PROB	25	PROB	26	3.718504
PROB	25	PROB	27	1.090909
PROB	25	PROB	28	1.928473
PROB	25	PROB	29	0.467099
PROB	26	PROB	27	4.099889
PROB	26	PROB	28	0.741620
PROB	26	PROB	29	1.143095
PROB	26	PROB	30	0.547723
PROB	26	PROB	62	0.069007
PROB	26	PROB	66	2.248976
PROB	26	PROB	69	1.233310
PROB	26	PROB	70	0.667424
PROB	27	PROB	28	2.507015
PROB	27	PROB	29	0.778499
PROB	27	PROB	30	1.131505
PROB	27	PROB	31	2.905201
PROB	27	PROB	34	0.233550
PROB	27	PROB	45	1.107823
PROB	27	PROB	48	0.471940
PROB	27	PROB	49	0.553372
PROB	27	PROB	62	0.657952
PROB	27	PROB	66	1.314257
PROB	28	PROB	29	2.256976
PROB	28	PROB	30	0.430820
PROB	28	PROB	31	1.076055
PROB	28	PROB	32	0.056980
PROB	28	PROB	34	2.862506
PROB	28	PROB	36	1.028519
PROB	29	PROB	30	3.279566
PROB	29	PROB	31	0.592349
PROB	30	PROB	31	4.039824
PROB	30	PROB	32	0.617213
PROB	30	PROB	54	0.061546
PROB	30	PROB	62	1.574852
PROB	30	PROB	65	0.070014
PROB	30	PROB	66	0.331133
PROB	31	PROB	32	3.985406
PROB	31	PROB	33	2.421001
PROB	31	PROB	34	2.191691
PROB	31	PROB	48	1.590266
PROB	31	PROB	49	0.894737
PROB	31	PROB	52	1.780528
PROB	31	PROB	54	1.124967
PROB	31	PROB	62	0.650814
PROB	32	PROB	33	4.432026
PROB	32	PROB	34	1.035098
PROB	33	PROB	34	3.736795
PROB	33	PROB	35	0.578542
PROB	33	PROB	48	0.471940
PROB	33	PROB	52	1.243163
PROB	34	PROB	35	3.578132
PROB	34	PROB	36	3.581095
PROB	34	PROB	37	0.066667
PROB	34	PROB	48	1.789786
PROB	34	PROB	52	0.062622
PROB	35	PROB	36	2.635580
PROB	35	PROB	37	0.385337
PROB	35	PROB	38	3.412988
PROB	35	PROB	39	2.347757
PROB	35	PROB	48	1.954598
PROB	35	PROB	52	0.051709
PROB	36	PROB	37	3.503245
PROB	36	PROB	38	0.622799
PROB	36	PROB	39	0.691714
PROB	37	PROB	38	2.466667
PROB	37	PROB	39	0.355409
PROB	37	PROB	40	0.138013
PROB	38	PROB	39	3.909503
PROB	38	PROB	40	0.828079
PROB	39	PROB	40	2.943069
PROB	39	PROB	41	1.410220
PROB	39	PROB	44	3.699929
PROB	39	PROB	45	1.826342
PROB	39	PROB	48	0.666886
PROB	40	PROB	41	2.928571
PROB	40	PROB	44	0.253546
PROB	41	PROB	42	4.343656
PROB	41	PROB	43	1.692228
PROB	41	PROB	44	4.394802
PROB	41	PROB	45	0.709208
PROB	42	PROB	43	3.874660
PROB	42	PROB	44	2.031889
PROB	42	PROB	45	2.777460
PROB	42	PROB	46	1.859339
PROB	42	PROB	47	0.113961
PROB	43	PROB	44	3.718504
PROB	43	PROB	45	0.677003
PROB	43	PROB	46	2.022600
PROB	43	PROB	47	2.090909
PROB	44	PROB	45	2.581989
PROB	44	PROB	46	0.565685
PROB	44	PROB	47	2.574349
PROB	44	PROB	48	0.848528
PROB	44	PROB	49	0.072548
PROB	45	PROB	46	3.514553
PROB	45	PROB	47	0.738549
PROB	45	PROB	48	1.688811
PROB	45	PROB	49	3.184392
PROB	45	PROB	50	0.052705
PROB	45	PROB	63	0.749269
PROB	45	PROB	66	1.077074
PROB	45	PROB	67	0.821584
PROB	46	PROB	47	2.966479
PROB	46	PROB	48	0.600000
PROB	46	PROB	49	2.770142
PROB	46	PROB	50	1.212436
PROB	46	PROB	51	0.067420
PROB	46	PROB	55	2.103256
PROB	46	PROB	63	1.231174
PROB	46	PROB	67	0.600000
PROB	47	PROB	48	2.359700
PROB	47	PROB	49	1.037572
PROB	47	PROB	50	3.113996
PROB	47	PROB	51	1.181818
PROB	48	PROB	49	4.257810
PROB	48	PROB	50	0.750555
PROB	48	PROB	51	1.752920
PROB	48	PROB	52	3.091259
PROB	49	PROB	50	2.132456
PROB	49	PROB	51	0.968400
PROB	49	PROB	52	1.502320
PROB	49	PROB	53	0.429198
PROB	49	PROB	54	2.885784
PROB	49	PROB	55	2.052632
PROB	49	PROB	62	0.851064
PROB	49	PROB	63	0.894737
PROB	49	PROB	66	0.105263
PROB	50	PROB	51	3.581095
PROB	50	PROB	52	0.814092
PROB	50	PROB	53	1.311125
PROB	50	PROB	54	0.385337
PROB	50	PROB	55	2.073221
PROB	51	PROB	52	3.510108
PROB	51	PROB	53	1.128152
PROB	52	PROB	53	2.916917
PROB	52	PROB	54	2.688856
PROB	53	PROB	54	2.507133
PROB	53	PROB	55	0.797081
PROB	54	PROB	55	2.592315
PROB	54	PROB	60	0.048912
PROB	54	PROB	62	3.256695
PROB	54	PROB	63	0.146735
PROB	55	PROB	56	3.112651
PROB	55	PROB	59	0.551825
PROB	55	PROB	60	2.842105
PROB	55	PROB	62	0.100125
PROB	55	PROB	63	3.315789
PROB	56	PROB	57	5.292934
PROB	56	PROB	58	1.583333
PROB	56	PROB	59	3.086067
PROB	56	PROB	60	0.662266
PROB	57	PROB	58	5.169843
PROB	57	PROB	59	0.569803
PROB	57	PROB	82	0.139573
PROB	57	PROB	87	0.097823
PROB	58	PROB	59	3.857584
PROB	58	PROB	60	0.331133
PROB	58	PROB	82	0.188982
PROB	58	PROB	87	2.649065
PROB	59	PROB	60	3.004383
PROB	59	PROB	61	2.739798
PROB	59	PROB	62	0.058321
PROB	60	PROB	61	2.628515
PROB	60	PROB	62	0.400501
PROB	60	PROB	63	3.684211
PROB	60	PROB	64	1.717812
PROB	60	PROB	79	3.383882
PROB	60	PROB	82	1.001252
PROB	60	PROB	83	0.046829
PROB	61	PROB	62	2.763397
PROB	61	PROB	63	0.830057
PROB	61	PROB	64	3.970345
PROB	61	PROB	65	0.731272
PROB	61	PROB	83	0.492366
PROB	62	PROB	63	2.853569
PROB	62	PROB	64	0.788811
PROB	62	PROB	65	1.640694
PROB	62	PROB	66	3.153945
PROB	62	PROB	67	0.048795
PROB	63	PROB	64	2.961744
PROB	63	PROB	65	0.723339
PROB	63	PROB	66	2.157895
PROB	63	PROB	67	2.924038
PROB	63	PROB	68	0.059235
PROB	63	PROB	79	0.745601
PROB	64	PROB	65	2.567520
PROB	64	PROB	66	0.592349
PROB	64	PROB	67	1.212436
PROB	64	PROB	68	1.066667
PROB	64	PROB	76	3.198684
PROB	64	PROB	79	2.259240
PROB	64	PROB	83	1.581139
PROB	65	PROB	66	2.837716
PROB	65	PROB	67	0.596559
PROB	65	PROB	68	1.690806
PROB	65	PROB	69	3.115923
PROB	65	PROB	70	0.073127
PROB	66	PROB	67	2.616245
PROB	66	PROB	68	0.414644
PROB	66	PROB	69	3.421053
PROB	66	PROB	70	1.383429
PROB	67	PROB	68	2.193931
PROB	67	PROB	69	0.461690
PROB	67	PROB	70	2.090020
PROB	67	PROB	71	0.319505
PROB	67	PROB	72	2.190890
PROB	67	PROB	75	3.744821
PROB	67	PROB	76	2.154555
PROB	67	PROB	79	0.614919
PROB	68	PROB	69	3.850268
PROB	68	PROB	70	0.856349
PROB	68	PROB	71	0.843274
PROB	68	PROB	72	0.316228
PROB	68	PROB	76	1.658577
PROB	69	PROB	70	3.804430
PROB	69	PROB	71	1.685854
PROB	70	PROB	71	3.138833
PROB	70	PROB	72	2.092555
PROB	71	PROB	72	2.041667
PROB	71	PROB	73	0.872872
PROB	72	PROB	73	3.218714
PROB	72	PROB	74	2.887353
PROB	72	PROB	75	5.291710
PROB	72	PROB	76	0.655610
PROB	72	PROB	77	0.054554
PROB	73	PROB	74	4.474797
PROB	73	PROB	75	0.613139
PROB	73	PROB	76	1.348907
PROB	73	PROB	77	1.500000
PROB	74	PROB	75	3.576237
PROB	74	PROB	76	0.596040
PROB	74	PROB	77	1.928792
PROB	74	PROB	78	1.050210
PROB	75	PROB	76	2.263158
PROB	75	PROB	77	0.797081
PROB	75	PROB	78	2.615150
PROB	75	PROB	79	0.458831
PROB	76	PROB	77	2.513871
PROB	76	PROB	78	0.667698
PROB	76	PROB	79	2.007388
PROB	76	PROB	80	2.179449
PROB	76	PROB	81	0.066227
PROB	77	PROB	78	3.176198
PROB	77	PROB	79	0.734968
PROB	77	PROB	80	2.004459
PROB	77	PROB	81	1.928792
PROB	77	PROB	82	0.058321
PROB	78	PROB	79	2.667892
PROB	78	PROB	80	0.606339
PROB	78	PROB	81	2.310462
PROB	78	PROB	82	0.740959
PROB	78	PROB	83	0.049507
PROB	79	PROB	80	2.750000
PROB	79	PROB	81	1.010363
PROB	79	PROB	82	1.963961
PROB	79	PROB	83	2.500521
PROB	79	PROB	84	0.066815
PROB	80	PROB	81	2.742414
PROB	80	PROB	82	0.600099
PROB	80	PROB	83	2.908769
PROB	80	PROB	84	2.873058
PROB	80	PROB	85	0.051031
PROB	81	PROB	82	2.582757
PROB	81	PROB	83	0.766032
PROB	81	PROB	84	1.851640
PROB	81	PROB	85	3.535534
PROB	81	PROB	86	0.288675
PROB	82	PROB	83	2.049003
PROB	82	PROB	84	0.641533
PROB	82	PROB	85	0.846327
PROB	82	PROB	86	4.200694
PROB	82	PROB	87	2.603256
PROB	82	PROB	88	0.093048
PROB	83	PROB	84	3.000496
PROB	83	PROB	85	0.375000
PROB	83	PROB	86	0.051031
PROB	83	PROB	87	1.966830
PROB	83	PROB	88	0.652791
PROB	84	PROB	85	2.618615
PROB	84	PROB	86	0.267261
PROB	84	PROB	87	0.122628
PROB	84	PROB	88	2.450152
PROB	85	PROB	86	3.725266
PROB	85	PROB	87	0.468293
PROB	85	PROB	88	1.349102
PROB	86	PROB	87	4.072129
PROB	86	PROB	88	0.639602
PROB	87	PROB	88	1.907552
PROB	87	PROB	89	0.359092
PROB	88	PROB	89	4.671967
