PROA	11	PROA	12	3.421135
PROA	11	PROA	13	0.545705
PROA	11	PROA	18	2.562500
PROA	11	PROA	19	0.055902
PROA	11	PROA	20	2.165064
PROA	12	PROA	13	2.943254
PROA	12	PROA	18	0.645497
PROA	12	PROA	19	1.096966
PROA	12	PROA	20	2.757817
PROA	12	PROA	21	0.064550
PROA	12	PROA	22	0.097590
PROA	12	PROA	28	0.236940
PROA	13	PROA	14	3.516767
PROA	13	PROA	15	0.148522
PROA	13	PROA	16	2.291746
PROA	13	PROA	17	1.294118
PROA	13	PROA	18	2.122187
PROA	13	PROA	19	1.084652
PROA	14	PROA	15	3.674235
PROA	14	PROA	16	1.417367
PROA	14	PROA	17	2.000919
PROA	14	PROA	18	0.250000
PROA	14	PROA	19	2.124265
PROA	14	PROA	28	2.294157
PROA	14	PROA	30	2.018515
PROA	14	PROA	38	0.970143
PROA	14	PROA	40	0.527645
PROA	15	PROA	16	2.623157
PROA	15	PROA	17	2.029802
PROA	15	PROA	30	4.721615
PROA	15	PROA	38	0.198030
PROA	16	PROA	17	5.041842
PROA	16	PROA	18	0.188982
PROA	17	PROA	18	2.304088
PROA	17	PROA	19	0.488094
PROA	17	PROA	38	1.764706
PROA	17	PROA	55	0.206835
PROA	18	PROA	19	3.410004
PROA	18	PROA	20	1.948557
PROA	18	PROA	38	0.060634
PROA	18	PROA	55	1.439105
PROA	18	PROA	100	0.144338
PROA	18	PROA	102	0.600099
PROA	19	PROA	20	2.711088
PROA	19	PROA	21	2.124265
PROA	19	PROA	28	2.462348
PROA	19	PROA	38	1.898142
PROA	19	PROA	40	2.022600
PROA	19	PROA	53	1.744163
PROA	19	PROA	54	0.524404
PROA	19	PROA	55	2.812715
PROA	19	PROA	102	2.634930
PROA	20	PROA	21	3.031089
PROA	20	PROA	22	0.763763
PROA	20	PROA	90	0.066227
PROA	20	PROA	102	1.385870
PROA	21	PROA	22	4.252100
PROA	21	PROA	23	0.133631
PROA	21	PROA	24	0.153093
PROA	21	PROA	25	2.618615
PROA	21	PROA	28	1.319140
PROA	21	PROA	53	2.236803
PROA	21	PROA	90	3.154466
PROA	21	PROA	102	2.454951
PROA	21	PROA	104	0.375000
PROA	22	PROA	23	5.454824
PROA	22	PROA	24	1.002972
PROA	22	PROA	25	1.484615
PROA	22	PROA	90	0.086711
PROA	23	PROA	24	2.400397
PROA	23	PROA	25	0.466569
PROA	23	PROA	26	0.214286
PROA	24	PROA	25	5.077964
PROA	24	PROA	26	0.327327
PROA	24	PROA	43	0.044544
PROA	24	PROA	44	1.826693
PROA	24	PROA	45	1.091089
PROA	24	PROA	46	3.419079
PROA	24	PROA	47	1.418416
PROA	24	PROA	88	0.707107
PROA	25	PROA	26	2.682774
PROA	25	PROA	28	0.200250
PROA	25	PROA	42	1.449138
PROA	25	PROA	43	0.714286
PROA	25	PROA	44	2.771739
PROA	25	PROA	45	0.758175
PROA	25	PROA	51	0.872872
PROA	25	PROA	53	1.802254
PROA	25	PROA	88	1.259882
PROA	25	PROA	90	1.501879
PROA	25	PROA	104	2.454951
PROA	26	PROA	27	4.500000
PROA	26	PROA	28	0.429198
PROA	26	PROA	42	1.014185
PROA	26	PROA	43	2.741096
PROA	26	PROA	44	0.154303
PROA	26	PROA	45	2.428571
PROA	27	PROA	28	2.759127
PROA	27	PROA	29	0.402911
PROA	27	PROA	41	0.241747
PROA	27	PROA	42	1.098701
PROA	27	PROA	43	0.991460
PROA	27	PROA	50	0.381881
PROA	28	PROA	29	2.559344
PROA	28	PROA	30	0.200250
PROA	28	PROA	40	1.106743
PROA	28	PROA	41	0.553372
PROA	28	PROA	42	2.031334
PROA	28	PROA	53	0.631579
PROA	29	PROA	30	2.697602
PROA	29	PROA	31	0.899229
PROA	29	PROA	39	0.075378
PROA	29	PROA	40	1.545455
PROA	29	PROA	41	3.818182
PROA	29	PROA	42	0.286039
PROA	30	PROA	31	3.103882
PROA	30	PROA	32	4.041452
PROA	30	PROA	33	1.464934
PROA	30	PROA	38	1.217289
PROA	30	PROA	39	0.218218
PROA	30	PROA	40	1.052723
PROA	30	PROA	41	0.131590
PROA	31	PROA	32	3.815284
PROA	31	PROA	39	3.555944
PROA	31	PROA	40	2.766858
PROA	31	PROA	41	2.836029
PROA	31	PROA	52	0.145095
PROA	31	PROA	107	0.789474
PROA	32	PROA	33	4.001190
PROA	32	PROA	34	0.428571
PROA	32	PROA	38	1.100038
PROA	32	PROA	39	3.590662
PROA	32	PROA	40	0.227921
PROA	33	PROA	34	4.391550
PROA	33	PROA	35	0.081650
PROA	33	PROA	37	1.463850
PROA	33	PROA	38	2.943254
PROA	33	PROA	39	1.161895
PROA	34	PROA	35	4.063777
PROA	34	PROA	36	0.824786
PROA	34	PROA	37	2.571429
PROA	34	PROA	38	0.458349
PROA	34	PROA	39	1.417367
PROA	35	PROA	36	5.037479
PROA	35	PROA	37	0.836660
PROA	36	PROA	37	3.051709
PROA	36	PROA	55	0.232621
PROA	36	PROA	56	2.403006
PROA	36	PROA	57	1.908060
PROA	36	PROA	58	0.116642
PROA	36	PROA	64	1.809524
PROA	36	PROA	67	0.935414
PROA	36	PROA	68	1.691314
PROA	36	PROA	71	0.225374
PROA	36	PROA	169	0.082479
PROA	37	PROA	38	3.116775
PROA	37	PROA	39	0.472456
PROA	37	PROA	55	1.933975
PROA	37	PROA	56	0.346844
PROA	37	PROA	57	0.227921
PROA	38	PROA	39	3.031695
PROA	38	PROA	40	1.096909
PROA	38	PROA	53	0.055641
PROA	38	PROA	54	0.361961
PROA	38	PROA	55	2.378603
PROA	39	PROA	40	4.296537
PROA	39	PROA	52	0.237171
PROA	39	PROA	53	0.401478
PROA	39	PROA	54	1.972107
PROA	39	PROA	55	0.106600
PROA	40	PROA	41	3.909091
PROA	40	PROA	42	0.476731
PROA	40	PROA	51	0.075378
PROA	40	PROA	52	0.762770
PROA	40	PROA	53	2.628515
PROA	40	PROA	54	0.321412
PROA	41	PROA	42	4.671967
PROA	41	PROA	50	0.492366
PROA	41	PROA	51	1.658312
PROA	41	PROA	52	1.716233
PROA	41	PROA	53	0.553372
PROA	41	PROA	107	2.005972
PROA	42	PROA	43	3.036288
PROA	42	PROA	44	0.365148
PROA	42	PROA	49	0.079057
PROA	42	PROA	50	0.645497
PROA	42	PROA	51	3.478505
PROA	42	PROA	52	0.400000
PROA	42	PROA	53	2.829357
PROA	43	PROA	44	3.401680
PROA	43	PROA	45	3.557592
PROA	43	PROA	48	2.279686
PROA	43	PROA	49	1.254753
PROA	43	PROA	50	4.320723
PROA	43	PROA	51	0.436436
PROA	44	PROA	45	3.626129
PROA	44	PROA	46	1.154701
PROA	44	PROA	47	3.163219
PROA	44	PROA	48	0.738549
PROA	44	PROA	49	2.237232
PROA	44	PROA	50	0.294628
PROA	44	PROA	51	2.958920
PROA	44	PROA	87	0.154303
PROA	44	PROA	104	0.144338
PROA	45	PROA	46	2.939874
PROA	45	PROA	47	0.571429
PROA	45	PROA	48	2.336192
PROA	46	PROA	47	3.474396
PROA	46	PROA	48	1.652306
PROA	47	PROA	48	2.564113
PROA	47	PROA	49	2.338536
PROA	47	PROA	87	0.142857
PROA	48	PROA	49	2.185307
PROA	49	PROA	50	3.419079
PROA	49	PROA	51	1.375000
PROA	50	PROA	51	2.704645
PROA	50	PROA	106	0.058926
PROA	50	PROA	107	1.685854
PROA	51	PROA	52	4.664360
PROA	51	PROA	53	1.548556
PROA	51	PROA	87	1.002230
PROA	51	PROA	104	1.812500
PROA	51	PROA	105	0.970143
PROA	51	PROA	106	1.010363
PROA	51	PROA	107	1.777972
PROA	52	PROA	53	3.337191
PROA	52	PROA	54	1.483240
PROA	52	PROA	103	0.072548
PROA	52	PROA	104	0.711512
PROA	52	PROA	105	3.067860
PROA	52	PROA	106	1.643168
PROA	52	PROA	107	3.264643
PROA	52	PROA	108	0.306786
PROA	53	PROA	54	3.521635
PROA	53	PROA	55	0.391293
PROA	53	PROA	90	0.105263
PROA	53	PROA	102	1.001252
PROA	53	PROA	103	1.052632
PROA	53	PROA	104	3.957421
PROA	53	PROA	105	0.278207
PROA	54	PROA	55	1.636364
PROA	54	PROA	56	1.467348
PROA	54	PROA	101	0.053300
PROA	54	PROA	102	0.279145
PROA	54	PROA	103	2.690138
PROA	54	PROA	104	0.319801
PROA	54	PROA	105	2.482021
PROA	54	PROA	156	0.635851
PROA	54	PROA	166	0.385695
PROA	55	PROA	56	3.325989
PROA	55	PROA	57	1.349931
PROA	55	PROA	100	3.138833
PROA	55	PROA	101	0.373101
PROA	55	PROA	102	3.814985
PROA	55	PROA	103	0.195646
PROA	56	PROA	57	3.251058
PROA	56	PROA	58	1.839418
PROA	56	PROA	68	1.778104
PROA	56	PROA	100	0.728493
PROA	56	PROA	101	3.613298
PROA	56	PROA	102	0.250313
PROA	56	PROA	103	2.736842
PROA	57	PROA	58	4.996102
PROA	57	PROA	59	0.404520
PROA	57	PROA	60	0.389249
PROA	57	PROA	64	0.328976
PROA	57	PROA	99	0.064282
PROA	57	PROA	100	1.740777
PROA	57	PROA	101	0.150756
PROA	58	PROA	59	5.856620
PROA	58	PROA	60	0.483046
PROA	58	PROA	61	0.388922
PROA	58	PROA	64	2.332847
PROA	58	PROA	65	3.303874
PROA	58	PROA	68	1.571429
PROA	58	PROA	99	0.170941
PROA	58	PROA	100	0.231455
PROA	58	PROA	101	1.336306
PROA	58	PROA	347	1.226279
PROA	59	PROA	60	2.424871
PROA	59	PROA	61	0.759257
PROA	59	PROA	64	0.048795
PROA	59	PROA	65	2.022600
PROA	59	PROA	98	1.193118
PROA	59	PROA	99	0.667424
PROA	59	PROA	101	0.503115
PROA	59	PROA	340	2.526676
PROA	59	PROA	343	0.102598
PROA	59	PROA	344	2.908061
PROA	59	PROA	347	1.846761
PROA	60	PROA	61	3.819968
PROA	60	PROA	64	0.281718
PROA	61	PROA	62	2.470588
PROA	61	PROA	63	1.426048
PROA	61	PROA	64	3.704793
PROA	61	PROA	65	0.877527
PROA	61	PROA	340	0.155126
PROA	62	PROA	63	3.111378
PROA	62	PROA	64	0.688033
PROA	62	PROA	65	1.681927
PROA	62	PROA	66	2.647059
PROA	62	PROA	67	0.049507
PROA	62	PROA	338	0.556415
PROA	62	PROA	339	1.166767
PROA	62	PROA	340	1.499554
PROA	62	PROA	343	0.834622
PROA	63	PROA	64	3.557592
PROA	63	PROA	65	0.725241
PROA	63	PROA	66	2.398354
PROA	63	PROA	67	3.764259
PROA	63	PROA	68	0.071429
PROA	64	PROA	65	2.500216
PROA	64	PROA	66	0.476331
PROA	64	PROA	67	1.648111
PROA	64	PROA	68	1.516351
PROA	64	PROA	69	0.050063
PROA	65	PROA	66	2.778835
PROA	65	PROA	67	0.492366
PROA	65	PROA	68	1.531064
PROA	65	PROA	69	0.968400
PROA	65	PROA	335	0.069171
PROA	65	PROA	340	1.092801
PROA	65	PROA	343	2.974372
PROA	65	PROA	344	0.128565
PROA	65	PROA	347	2.144315
PROA	66	PROA	67	2.277339
PROA	66	PROA	68	0.518563
PROA	66	PROA	69	1.112830
PROA	66	PROA	70	1.732758
PROA	66	PROA	335	3.505414
PROA	66	PROA	336	1.960392
PROA	66	PROA	337	0.140028
PROA	66	PROA	338	1.001547
PROA	66	PROA	343	3.894904
PROA	67	PROA	68	2.564060
PROA	67	PROA	69	0.608781
PROA	67	PROA	70	1.250000
PROA	67	PROA	71	0.737865
PROA	67	PROA	72	0.046829
PROA	67	PROA	169	2.546005
PROA	67	PROA	170	2.154147
PROA	68	PROA	69	2.513871
PROA	68	PROA	70	0.654654
PROA	68	PROA	71	2.070197
PROA	68	PROA	72	1.348907
PROA	68	PROA	73	0.056980
PROA	68	PROA	347	0.490511
PROA	69	PROA	70	1.920001
PROA	69	PROA	71	0.651584
PROA	69	PROA	72	2.263158
PROA	69	PROA	73	3.766193
PROA	69	PROA	335	2.631579
PROA	69	PROA	343	1.157895
PROA	69	PROA	346	2.736842
PROA	69	PROA	347	3.263158
PROA	69	PROA	350	1.480872
PROA	70	PROA	71	1.897367
PROA	70	PROA	72	0.421464
PROA	70	PROA	73	1.305582
PROA	70	PROA	74	0.889757
PROA	70	PROA	75	0.046829
PROA	70	PROA	168	0.182574
PROA	70	PROA	169	1.157275
PROA	70	PROA	171	0.580948
PROA	70	PROA	172	3.125000
PROA	70	PROA	331	3.103761
PROA	70	PROA	334	0.421637
PROA	70	PROA	335	4.027319
PROA	70	PROA	336	1.767767
PROA	71	PROA	72	3.909503
PROA	71	PROA	73	0.715626
PROA	71	PROA	74	1.125463
PROA	71	PROA	75	2.250926
PROA	71	PROA	76	0.059235
PROA	71	PROA	86	0.059235
PROA	71	PROA	167	1.490712
PROA	71	PROA	168	2.540341
PROA	71	PROA	169	4.586730
PROA	72	PROA	73	2.543403
PROA	72	PROA	74	0.526316
PROA	72	PROA	75	2.210526
PROA	72	PROA	76	1.210526
PROA	72	PROA	77	0.046829
PROA	72	PROA	86	1.473684
PROA	72	PROA	89	1.000000
PROA	72	PROA	103	0.684211
PROA	72	PROA	347	0.210526
PROA	72	PROA	350	2.132456
PROA	72	PROA	351	1.226279
PROA	72	PROA	354	1.744163
PROA	73	PROA	74	2.103199
PROA	73	PROA	75	0.440204
PROA	73	PROA	76	2.201022
PROA	73	PROA	77	0.435194
PROA	73	PROA	78	0.095346
PROA	73	PROA	329	0.381385
PROA	73	PROA	331	0.858116
PROA	73	PROA	332	2.461830
PROA	73	PROA	333	0.517088
PROA	73	PROA	335	0.342381
PROA	73	PROA	346	0.097823
PROA	73	PROA	350	3.743277
PROA	73	PROA	353	0.087039
PROA	74	PROA	75	2.473684
PROA	74	PROA	76	0.736842
PROA	74	PROA	77	0.796098
PROA	74	PROA	78	3.488326
PROA	74	PROA	79	0.093659
PROA	74	PROA	83	0.105263
PROA	74	PROA	140	0.052632
PROA	74	PROA	145	1.720618
PROA	74	PROA	168	2.205853
PROA	74	PROA	171	0.943119
PROA	74	PROA	329	1.538968
PROA	74	PROA	331	1.641565
PROA	75	PROA	76	2.052632
PROA	75	PROA	77	0.561951
PROA	75	PROA	78	0.615587
PROA	75	PROA	79	1.217562
PROA	75	PROA	83	1.000000
PROA	75	PROA	84	1.157895
PROA	75	PROA	85	2.081064
PROA	75	PROA	86	2.052632
PROA	75	PROA	105	0.556415
PROA	75	PROA	166	0.069171
PROA	75	PROA	167	0.132453
PROA	75	PROA	168	0.820783
PROA	75	PROA	354	0.256495
PROA	76	PROA	77	2.341465
PROA	76	PROA	78	0.307794
PROA	76	PROA	79	0.374634
PROA	76	PROA	350	1.066228
PROA	76	PROA	353	3.324880
PROA	76	PROA	354	2.821440
PROA	77	PROA	78	4.929503
PROA	77	PROA	79	0.375000
PROA	77	PROA	139	0.400892
PROA	77	PROA	324	0.140488
PROA	77	PROA	325	1.161895
PROA	77	PROA	326	1.423025
PROA	77	PROA	327	0.129099
PROA	77	PROA	329	0.958514
PROA	78	PROA	79	1.825742
PROA	78	PROA	80	0.976187
PROA	78	PROA	83	0.974679
PROA	78	PROA	139	1.805415
PROA	78	PROA	140	1.692864
PROA	78	PROA	143	1.202082
PROA	78	PROA	145	1.118034
PROA	78	PROA	325	0.353553
PROA	78	PROA	329	1.400000
PROA	79	PROA	80	4.010098
PROA	79	PROA	83	0.842927
PROA	79	PROA	84	0.374634
PROA	79	PROA	85	3.394674
PROA	79	PROA	86	0.093659
PROA	80	PROA	81	5.197662
PROA	80	PROA	82	2.722456
PROA	80	PROA	83	3.783621
PROA	80	PROA	84	0.166924
PROA	80	PROA	85	0.091670
PROA	80	PROA	136	1.283378
PROA	80	PROA	139	1.270215
PROA	80	PROA	140	0.055641
PROA	80	PROA	164	0.155126
PROA	81	PROA	82	3.726354
PROA	81	PROA	83	0.355409
PROA	81	PROA	163	0.059235
PROA	81	PROA	164	1.321157
PROA	82	PROA	83	3.188325
PROA	82	PROA	84	0.245256
PROA	82	PROA	132	3.176198
PROA	82	PROA	133	0.061314
PROA	82	PROA	135	0.272772
PROA	82	PROA	136	1.212183
PROA	82	PROA	162	0.077152
PROA	82	PROA	163	2.145988
PROA	82	PROA	164	2.564113
PROA	82	PROA	165	1.287593
PROA	83	PROA	84	3.052632
PROA	83	PROA	85	0.346844
PROA	83	PROA	136	0.953821
PROA	83	PROA	139	0.250313
PROA	83	PROA	140	1.263158
PROA	83	PROA	164	0.929320
PROA	83	PROA	165	3.421053
PROA	83	PROA	166	0.207514
PROA	83	PROA	168	2.154555
PROA	84	PROA	85	5.376082
PROA	84	PROA	86	0.157895
PROA	84	PROA	105	2.281301
PROA	84	PROA	106	1.456986
PROA	84	PROA	108	1.613603
PROA	84	PROA	156	0.526316
PROA	84	PROA	164	3.374900
PROA	84	PROA	165	0.473684
PROA	84	PROA	166	1.245086
PROA	85	PROA	86	3.641862
PROA	85	PROA	87	0.404061
PROA	85	PROA	105	1.741727
PROA	85	PROA	106	0.109109
PROA	86	PROA	87	3.372266
PROA	86	PROA	88	1.788119
PROA	86	PROA	89	2.210526
PROA	86	PROA	103	3.210526
PROA	86	PROA	104	1.261787
PROA	86	PROA	105	2.503867
PROA	86	PROA	354	2.564946
PROA	87	PROA	88	3.548977
PROA	87	PROA	104	2.806243
PROA	87	PROA	105	1.944611
PROA	87	PROA	106	2.083095
PROA	88	PROA	89	3.576237
PROA	88	PROA	90	1.920572
PROA	88	PROA	102	0.062994
PROA	88	PROA	103	0.331133
PROA	88	PROA	104	3.752777
PROA	88	PROA	354	0.710047
PROA	88	PROA	355	0.280056
PROA	89	PROA	90	3.473684
PROA	89	PROA	91	1.217562
PROA	89	PROA	101	1.491202
PROA	89	PROA	102	0.750939
PROA	89	PROA	103	3.263158
PROA	89	PROA	104	0.458831
PROA	89	PROA	350	0.059235
PROA	89	PROA	351	3.372266
PROA	89	PROA	354	3.129234
PROA	89	PROA	355	1.947452
PROA	90	PROA	91	2.669270
PROA	90	PROA	100	0.066227
PROA	90	PROA	101	0.286770
PROA	90	PROA	102	3.654571
PROA	90	PROA	103	0.210526
PROA	90	PROA	104	1.261787
PROA	90	PROA	355	0.166924
PROA	91	PROA	92	3.679334
PROA	91	PROA	93	0.818317
PROA	91	PROA	98	0.940640
PROA	91	PROA	100	0.176777
PROA	91	PROA	101	1.020621
PROA	91	PROA	102	0.178174
PROA	91	PROA	347	0.046829
PROA	91	PROA	348	3.834058
PROA	91	PROA	349	0.210819
PROA	91	PROA	351	3.436932
PROA	91	PROA	352	1.936492
PROA	91	PROA	355	0.891133
PROA	92	PROA	93	5.155441
PROA	92	PROA	94	1.605793
PROA	92	PROA	97	2.300895
PROA	92	PROA	98	2.454288
PROA	92	PROA	99	0.202260
PROA	92	PROA	348	0.353553
PROA	93	PROA	94	5.285714
PROA	93	PROA	97	1.296407
PROA	93	PROA	348	0.956183
PROA	94	PROA	95	2.513871
PROA	94	PROA	96	1.173111
PROA	94	PROA	97	3.435480
PROA	94	PROA	98	0.453743
PROA	94	PROA	348	1.553797
PROA	95	PROA	96	2.902510
PROA	95	PROA	97	0.667698
PROA	95	PROA	98	2.003094
PROA	95	PROA	344	1.858641
PROA	95	PROA	345	2.073221
PROA	95	PROA	348	3.129234
PROA	96	PROA	97	3.569478
PROA	96	PROA	98	0.626224
PROA	96	PROA	344	0.110096
PROA	97	PROA	98	2.470588
PROA	97	PROA	99	0.517088
PROA	98	PROA	99	2.585438
PROA	98	PROA	100	0.070014
PROA	98	PROA	101	0.606339
PROA	98	PROA	344	0.982467
PROA	98	PROA	347	1.057188
PROA	98	PROA	348	1.464281
PROA	98	PROA	351	0.259281
PROA	99	PROA	100	3.138833
PROA	99	PROA	101	0.319801
PROA	100	PROA	101	3.247595
PROA	100	PROA	102	3.086710
PROA	101	PROA	102	2.618615
PROA	101	PROA	103	2.294157
PROA	101	PROA	347	0.860309
PROA	101	PROA	351	0.935414
PROA	102	PROA	103	2.252818
PROA	102	PROA	104	0.545545
PROA	103	PROA	104	3.498590
PROA	103	PROA	105	1.112830
PROA	104	PROA	105	3.698668
PROA	105	PROA	106	3.150630
PROA	105	PROA	107	0.278207
PROA	105	PROA	166	0.073127
PROA	106	PROA	107	2.582838
PROA	106	PROA	108	2.380476
PROA	107	PROA	108	4.006187
PROA	107	PROA	109	0.059235
PROA	107	PROA	158	0.367884
PROA	108	PROA	109	2.254407
PROA	108	PROA	110	0.777844
PROA	108	PROA	156	2.948999
PROA	108	PROA	157	0.778981
PROA	108	PROA	158	2.981737
PROA	108	PROA	159	0.064820
PROA	108	PROA	164	1.654681
PROA	109	PROA	110	4.623439
PROA	109	PROA	157	0.770054
PROA	109	PROA	158	1.794170
PROA	109	PROA	159	4.692446
PROA	110	PROA	111	5.092011
PROA	110	PROA	112	0.122628
PROA	110	PROA	114	0.854704
PROA	110	PROA	115	2.575185
PROA	110	PROA	156	0.919709
PROA	110	PROA	157	3.862778
PROA	110	PROA	158	0.142857
PROA	111	PROA	112	2.781518
PROA	111	PROA	113	2.519763
PROA	111	PROA	114	2.277193
PROA	111	PROA	115	1.258306
PROA	111	PROA	116	0.066227
PROA	111	PROA	152	0.077152
PROA	111	PROA	153	2.437087
PROA	111	PROA	155	0.794719
PROA	111	PROA	156	2.450385
PROA	111	PROA	157	2.649065
PROA	112	PROA	113	1.952442
PROA	112	PROA	114	0.293470
PROA	112	PROA	115	2.368421
PROA	112	PROA	116	3.789474
PROA	112	PROA	121	1.315789
PROA	112	PROA	129	1.179875
PROA	112	PROA	133	0.052632
PROA	112	PROA	152	3.249638
PROA	112	PROA	153	0.207514
PROA	112	PROA	155	3.421053
PROA	112	PROA	156	0.210526
PROA	112	PROA	157	3.263158
PROA	112	PROA	163	0.473684
PROA	112	PROA	217	0.894737
PROA	112	PROA	221	1.391037
PROA	113	PROA	114	4.559373
PROA	113	PROA	115	0.500626
PROA	113	PROA	116	1.101378
PROA	113	PROA	117	1.721396
PROA	113	PROA	152	2.332847
PROA	113	PROA	153	3.750325
PROA	113	PROA	155	0.050063
PROA	114	PROA	115	1.809729
PROA	114	PROA	116	0.391293
PROA	114	PROA	117	1.136364
PROA	114	PROA	118	1.082625
PROA	114	PROA	119	0.051709
PROA	115	PROA	116	2.315789
PROA	115	PROA	117	0.538028
PROA	115	PROA	118	1.900732
PROA	115	PROA	119	3.561055
PROA	115	PROA	121	2.473684
PROA	115	PROA	129	0.615587
PROA	115	PROA	157	2.000000
PROA	116	PROA	117	3.228166
PROA	116	PROA	118	0.674453
PROA	116	PROA	119	0.890264
PROA	116	PROA	121	2.894737
PROA	116	PROA	152	1.348907
PROA	116	PROA	217	0.052632
PROA	116	PROA	220	2.132456
PROA	116	PROA	221	2.503867
PROA	116	PROA	224	3.065697
PROA	117	PROA	118	3.133916
PROA	117	PROA	119	0.413670
PROA	117	PROA	192	0.130558
PROA	117	PROA	220	0.220193
PROA	117	PROA	224	0.512823
PROA	117	PROA	225	0.217597
PROA	117	PROA	226	0.569803
PROA	118	PROA	119	4.731887
PROA	118	PROA	120	0.194461
PROA	119	PROA	120	3.058824
PROA	119	PROA	121	1.669245
PROA	119	PROA	224	0.518563
PROA	120	PROA	121	2.782074
PROA	120	PROA	122	0.292509
PROA	120	PROA	224	1.555689
PROA	121	PROA	122	2.697686
PROA	121	PROA	123	0.306570
PROA	121	PROA	125	0.612056
PROA	121	PROA	126	2.421053
PROA	121	PROA	129	1.179875
PROA	121	PROA	221	2.503867
PROA	121	PROA	224	0.858395
PROA	122	PROA	123	3.626203
PROA	122	PROA	124	2.698204
PROA	122	PROA	125	5.484543
PROA	122	PROA	126	1.867629
PROA	122	PROA	127	0.090909
PROA	123	PROA	124	3.086067
PROA	123	PROA	125	0.972306
PROA	123	PROA	126	2.023360
PROA	123	PROA	127	1.208734
PROA	123	PROA	222	0.183942
PROA	123	PROA	283	1.774489
PROA	123	PROA	286	0.169031
PROA	123	PROA	312	1.749636
PROA	124	PROA	125	3.430686
PROA	124	PROA	126	0.596040
PROA	124	PROA	127	2.001893
PROA	124	PROA	128	0.692935
PROA	124	PROA	316	0.629941
PROA	125	PROA	126	2.615150
PROA	125	PROA	127	1.170036
PROA	125	PROA	128	1.376066
PROA	125	PROA	129	1.952374
PROA	125	PROA	130	0.055641
PROA	125	PROA	161	0.438763
PROA	126	PROA	127	2.836029
PROA	126	PROA	128	0.600751
PROA	126	PROA	129	1.898060
PROA	126	PROA	130	1.157895
PROA	126	PROA	131	0.050063
PROA	126	PROA	218	1.105263
PROA	126	PROA	221	4.228753
PROA	126	PROA	222	2.157895
PROA	126	PROA	312	1.401753
PROA	126	PROA	313	0.052632
PROA	127	PROA	128	2.566012
PROA	127	PROA	129	0.741620
PROA	127	PROA	130	1.314257
PROA	127	PROA	131	1.052723
PROA	127	PROA	132	0.073127
PROA	127	PROA	312	2.434421
PROA	127	PROA	313	2.213486
PROA	127	PROA	316	1.381699
PROA	128	PROA	129	2.390955
PROA	128	PROA	130	0.450564
PROA	128	PROA	131	2.190476
PROA	128	PROA	132	4.604528
PROA	128	PROA	160	0.116642
PROA	128	PROA	161	1.513289
PROA	128	PROA	162	1.826828
PROA	128	PROA	163	0.200250
PROA	128	PROA	316	2.000000
PROA	129	PROA	130	2.103256
PROA	129	PROA	131	0.683130
PROA	129	PROA	132	2.223537
PROA	129	PROA	133	1.385071
PROA	129	PROA	157	1.641565
PROA	129	PROA	161	1.955180
PROA	129	PROA	162	0.129099
PROA	129	PROA	163	2.924038
PROA	129	PROA	221	1.084652
PROA	130	PROA	131	2.152693
PROA	130	PROA	132	0.612056
PROA	130	PROA	133	1.947368
PROA	130	PROA	134	2.684211
PROA	130	PROA	135	0.046829
PROA	130	PROA	214	1.433848
PROA	130	PROA	217	0.052632
PROA	130	PROA	218	3.578947
PROA	130	PROA	221	0.945905
PROA	130	PROA	289	1.210526
PROA	130	PROA	293	1.335396
PROA	130	PROA	308	0.052632
PROA	130	PROA	312	1.101378
PROA	130	PROA	313	2.947368
PROA	131	PROA	132	3.651867
PROA	131	PROA	133	0.450564
PROA	131	PROA	134	1.101378
PROA	131	PROA	135	2.004459
PROA	131	PROA	136	0.082479
PROA	131	PROA	308	2.603256
PROA	131	PROA	313	3.103882
PROA	131	PROA	316	2.571429
PROA	131	PROA	317	0.904762
PROA	131	PROA	318	0.125988
PROA	132	PROA	133	2.392584
PROA	132	PROA	134	0.556415
PROA	132	PROA	135	1.386207
PROA	132	PROA	136	0.825029
PROA	132	PROA	137	0.055641
PROA	132	PROA	161	0.292509
PROA	132	PROA	162	1.050210
PROA	132	PROA	163	3.672338
PROA	132	PROA	165	0.055641
PROA	133	PROA	134	2.842105
PROA	133	PROA	135	0.561951
PROA	133	PROA	136	1.213954
PROA	133	PROA	137	2.105263
PROA	133	PROA	138	0.048912
PROA	133	PROA	150	0.684211
PROA	133	PROA	155	2.315789
PROA	133	PROA	163	3.052632
PROA	133	PROA	165	1.578947
PROA	133	PROA	214	2.236803
PROA	133	PROA	217	0.526316
PROA	133	PROA	221	0.389490
PROA	134	PROA	135	1.592196
PROA	134	PROA	136	1.127243
PROA	134	PROA	137	2.421053
PROA	134	PROA	138	0.733674
PROA	134	PROA	139	0.050063
PROA	134	PROA	211	0.947368
PROA	134	PROA	214	0.917663
PROA	134	PROA	289	0.315789
PROA	134	PROA	293	1.279754
PROA	134	PROA	304	2.236803
PROA	134	PROA	307	2.394072
PROA	134	PROA	308	4.105263
PROA	134	PROA	313	1.210526
PROA	135	PROA	136	3.008915
PROA	135	PROA	137	0.421464
PROA	135	PROA	138	0.870388
PROA	135	PROA	139	0.311805
PROA	135	PROA	308	2.528782
PROA	135	PROA	318	0.707107
PROA	135	PROA	320	0.184637
PROA	135	PROA	323	0.054554
PROA	136	PROA	137	2.948174
PROA	136	PROA	138	0.644658
PROA	136	PROA	139	1.649572
PROA	136	PROA	140	1.127243
PROA	136	PROA	165	0.953821
PROA	137	PROA	138	2.201022
PROA	137	PROA	139	0.650814
PROA	137	PROA	140	2.947368
PROA	137	PROA	141	1.613603
PROA	137	PROA	142	0.069171
PROA	137	PROA	150	0.157895
PROA	137	PROA	165	0.473684
PROA	137	PROA	210	3.311331
PROA	137	PROA	211	0.526316
PROA	137	PROA	214	0.860309
PROA	137	PROA	304	1.433848
PROA	138	PROA	139	2.186638
PROA	138	PROA	140	0.440204
PROA	138	PROA	141	1.913224
PROA	138	PROA	142	0.642824
PROA	138	PROA	304	3.091410
PROA	138	PROA	305	3.192795
PROA	138	PROA	308	1.320613
PROA	138	PROA	317	0.093048
PROA	138	PROA	322	1.651446
PROA	138	PROA	323	0.056980
PROA	139	PROA	140	2.903632
PROA	139	PROA	141	0.529256
PROA	139	PROA	142	1.381699
PROA	139	PROA	143	0.345033
PROA	139	PROA	323	1.866278
PROA	139	PROA	324	0.400501
PROA	139	PROA	325	2.484236
PROA	140	PROA	141	2.336943
PROA	140	PROA	142	1.245086
PROA	140	PROA	143	1.596048
PROA	140	PROA	144	0.367884
PROA	140	PROA	145	3.383882
PROA	140	PROA	146	0.052632
PROA	140	PROA	147	0.445132
PROA	140	PROA	165	0.105263
PROA	140	PROA	168	0.923381
PROA	141	PROA	142	3.363853
PROA	141	PROA	143	1.073751
PROA	141	PROA	144	0.777844
PROA	141	PROA	145	0.485071
PROA	141	PROA	146	0.222566
PROA	141	PROA	207	3.309361
PROA	141	PROA	208	0.073127
PROA	141	PROA	304	2.304088
PROA	142	PROA	143	4.385928
PROA	142	PROA	144	1.128152
PROA	142	PROA	325	0.953463
PROA	142	PROA	328	0.241747
PROA	143	PROA	144	3.972225
PROA	143	PROA	145	3.794733
PROA	143	PROA	173	0.237171
PROA	143	PROA	325	0.400000
PROA	143	PROA	327	0.600000
PROA	143	PROA	328	2.197401
PROA	143	PROA	329	2.333452
PROA	144	PROA	145	2.739428
PROA	144	PROA	146	0.858395
PROA	144	PROA	172	0.054554
PROA	144	PROA	173	2.472166
PROA	144	PROA	174	3.042555
PROA	144	PROA	207	1.310547
PROA	144	PROA	328	1.500000
PROA	144	PROA	329	0.239046
PROA	145	PROA	146	3.269174
PROA	145	PROA	147	0.424437
PROA	145	PROA	168	0.111803
PROA	145	PROA	171	0.632456
PROA	145	PROA	172	0.255155
PROA	145	PROA	173	1.500000
PROA	145	PROA	174	0.237171
PROA	145	PROA	329	1.565248
PROA	145	PROA	331	0.055902
PROA	146	PROA	147	1.891811
PROA	146	PROA	148	2.013659
PROA	146	PROA	171	1.088214
PROA	146	PROA	172	1.732684
PROA	146	PROA	173	0.630893
PROA	146	PROA	174	4.207762
PROA	146	PROA	175	0.264906
PROA	146	PROA	206	0.122628
PROA	146	PROA	207	2.543403
PROA	146	PROA	209	0.157895
PROA	146	PROA	210	0.331133
PROA	147	PROA	148	2.920935
PROA	147	PROA	149	0.910182
PROA	147	PROA	150	3.060282
PROA	147	PROA	151	0.051709
PROA	147	PROA	154	1.750150
PROA	147	PROA	165	0.834622
PROA	147	PROA	166	0.365636
PROA	147	PROA	167	0.910182
PROA	147	PROA	168	3.145492
PROA	147	PROA	170	0.333849
PROA	147	PROA	171	2.070805
PROA	147	PROA	172	0.099015
PROA	147	PROA	210	0.490098
PROA	148	PROA	149	2.357023
PROA	148	PROA	150	0.187317
PROA	148	PROA	170	1.404879
PROA	148	PROA	171	0.839146
PROA	148	PROA	172	2.708333
PROA	148	PROA	173	0.051031
PROA	148	PROA	175	0.058926
PROA	148	PROA	178	0.594089
PROA	148	PROA	185	3.927922
PROA	148	PROA	186	1.581139
PROA	148	PROA	210	0.058926
PROA	149	PROA	150	2.516611
PROA	149	PROA	151	0.369274
PROA	149	PROA	154	0.308607
PROA	149	PROA	170	0.132453
PROA	149	PROA	186	0.074536
PROA	149	PROA	188	0.216506
PROA	149	PROA	189	0.091287
PROA	149	PROA	190	0.385758
PROA	149	PROA	193	0.062994
PROA	149	PROA	194	1.590990
PROA	149	PROA	209	0.066227
PROA	149	PROA	213	0.174078
PROA	150	PROA	151	2.934696
PROA	150	PROA	152	0.122628
PROA	150	PROA	154	2.084674
PROA	150	PROA	155	1.736842
PROA	150	PROA	165	0.736842
PROA	150	PROA	193	0.250313
PROA	150	PROA	210	0.596040
PROA	150	PROA	213	2.490172
PROA	150	PROA	214	1.261787
PROA	150	PROA	217	1.894737
PROA	151	PROA	152	3.646738
PROA	151	PROA	153	3.149839
PROA	151	PROA	154	4.216541
PROA	151	PROA	155	0.733674
PROA	151	PROA	190	0.455842
PROA	151	PROA	193	0.977008
PROA	151	PROA	217	1.027144
PROA	152	PROA	153	3.545621
PROA	152	PROA	154	1.000000
PROA	152	PROA	155	3.065697
PROA	152	PROA	193	1.982920
PROA	152	PROA	217	3.127011
PROA	152	PROA	220	0.690066
PROA	153	PROA	154	3.223292
PROA	153	PROA	155	1.175915
PROA	153	PROA	156	0.069171
PROA	153	PROA	166	0.090909
PROA	154	PROA	155	3.310952
PROA	154	PROA	156	0.613139
PROA	154	PROA	164	0.170941
PROA	154	PROA	165	0.797081
PROA	154	PROA	166	2.900963
PROA	154	PROA	167	1.851640
PROA	155	PROA	156	2.421053
PROA	155	PROA	157	0.526316
PROA	155	PROA	163	2.578947
PROA	155	PROA	164	0.293470
PROA	155	PROA	165	1.789474
PROA	155	PROA	166	0.207514
PROA	155	PROA	214	0.057354
PROA	155	PROA	217	1.736842
PROA	156	PROA	157	3.473684
PROA	156	PROA	158	0.245256
PROA	156	PROA	162	0.066227
PROA	156	PROA	163	0.578947
PROA	156	PROA	164	2.641226
PROA	156	PROA	165	0.421053
PROA	156	PROA	166	2.421001
PROA	157	PROA	158	3.249638
PROA	157	PROA	159	0.183942
PROA	157	PROA	161	0.760886
PROA	157	PROA	162	0.728493
PROA	157	PROA	163	2.684211
PROA	157	PROA	164	0.342381
PROA	158	PROA	159	3.785714
PROA	158	PROA	160	0.785714
PROA	158	PROA	161	1.047570
PROA	158	PROA	162	3.934735
PROA	158	PROA	163	0.245256
PROA	158	PROA	164	0.797724
PROA	159	PROA	160	4.142857
PROA	159	PROA	161	1.289317
PROA	159	PROA	162	0.154303
PROA	160	PROA	161	3.223292
PROA	160	PROA	162	1.928792
PROA	161	PROA	162	3.307475
PROA	161	PROA	163	0.415029
PROA	162	PROA	163	2.450385
PROA	162	PROA	164	0.984732
PROA	163	PROA	164	3.472724
PROA	163	PROA	165	1.315789
PROA	164	PROA	165	2.543403
PROA	164	PROA	166	0.707107
PROA	165	PROA	166	3.527744
PROA	165	PROA	168	2.000658
PROA	166	PROA	167	4.961213
PROA	166	PROA	168	1.483240
PROA	167	PROA	168	2.581989
PROA	167	PROA	169	0.872872
PROA	167	PROA	170	0.066227
PROA	168	PROA	169	2.958040
PROA	168	PROA	170	0.564288
PROA	168	PROA	171	2.828427
PROA	169	PROA	170	3.555151
PROA	169	PROA	171	1.195229
PROA	170	PROA	171	2.611715
PROA	170	PROA	172	0.702439
PROA	171	PROA	172	3.743884
PROA	171	PROA	173	0.079057
PROA	171	PROA	331	0.919239
PROA	172	PROA	173	2.653614
PROA	172	PROA	174	0.322749
PROA	172	PROA	186	0.052705
PROA	172	PROA	331	0.867227
PROA	172	PROA	334	0.158114
PROA	172	PROA	335	0.046829
PROA	172	PROA	336	1.473139
PROA	173	PROA	174	3.794733
PROA	173	PROA	175	0.360844
PROA	173	PROA	329	1.788854
PROA	173	PROA	330	0.639602
PROA	173	PROA	331	1.900658
PROA	174	PROA	175	3.468910
PROA	174	PROA	176	0.169031
PROA	174	PROA	207	1.685500
PROA	175	PROA	176	4.860556
PROA	175	PROA	177	2.083333
PROA	175	PROA	178	2.520504
PROA	175	PROA	185	0.077152
PROA	175	PROA	205	0.188982
PROA	176	PROA	177	3.626129
PROA	176	PROA	178	0.453743
PROA	176	PROA	203	0.455842
PROA	176	PROA	204	2.020305
PROA	176	PROA	205	3.324308
PROA	176	PROA	206	0.214286
PROA	177	PROA	178	5.321064
PROA	177	PROA	202	0.261116
PROA	177	PROA	203	4.369748
PROA	177	PROA	204	0.545545
PROA	177	PROA	205	0.251976
PROA	178	PROA	185	3.176198
PROA	178	PROA	202	0.073127
PROA	178	PROA	203	0.103418
PROA	178	PROA	205	1.217289
PROA	185	PROA	186	4.692446
PROA	185	PROA	187	0.466569
PROA	185	PROA	198	2.084674
PROA	185	PROA	205	1.982920
PROA	185	PROA	209	0.245256
PROA	185	PROB	71	0.545545
PROA	186	PROA	187	2.141057
PROA	186	PROA	188	1.613743
PROA	186	PROA	198	0.118470
PROA	186	PROB	71	0.105409
PROA	187	PROA	188	2.673169
PROA	187	PROA	191	0.712697
PROA	187	PROA	194	2.360808
PROA	187	PROA	198	2.703381
PROA	187	PROA	199	2.487504
PROA	187	PROA	233	1.476190
PROA	187	PROB	68	3.098899
PROA	187	PROB	69	1.802254
PROA	187	PROB	71	2.717156
PROA	188	PROA	189	5.217758
PROA	188	PROA	190	0.334077
PROA	188	PROA	194	0.867528
PROA	189	PROA	190	4.479318
PROA	189	PROA	191	0.645497
PROA	189	PROA	194	0.322749
PROA	190	PROA	191	2.291288
PROA	190	PROA	192	1.527525
PROA	190	PROA	193	1.341387
PROA	190	PROA	194	0.927426
PROA	191	PROA	192	2.041667
PROA	191	PROA	193	0.311805
PROA	191	PROA	194	1.583333
PROA	191	PROA	199	0.148522
PROA	191	PROA	228	0.045644
PROA	191	PROA	230	1.311578
PROA	191	PROA	231	1.653738
PROA	191	PROA	232	1.089162
PROA	191	PROA	233	0.801784
PROA	191	PROA	236	1.930788
PROA	191	PROB	65	0.049507
PROA	191	PROB	68	1.423025
PROA	192	PROA	193	3.697114
PROA	192	PROA	194	0.500000
PROA	192	PROA	216	0.061546
PROA	192	PROA	226	2.345842
PROA	192	PROA	228	1.141089
PROA	192	PROA	229	1.472971
PROA	192	PROA	230	2.005944
PROA	192	PROA	231	1.566699
PROA	192	PROA	236	0.643596
PROA	193	PROA	194	1.870829
PROA	193	PROA	195	0.345033
PROA	193	PROA	212	0.400892
PROA	193	PROA	213	0.986928
PROA	193	PROA	216	2.500216
PROA	193	PROA	217	1.151440
PROA	193	PROA	220	1.126872
PROA	193	PROA	226	0.349927
PROA	193	PROA	228	0.048795
PROA	194	PROA	195	3.808434
PROA	194	PROA	196	0.381881
PROA	194	PROA	198	2.341465
PROA	194	PROA	199	2.277339
PROA	194	PROA	209	0.046829
PROA	194	PROA	212	0.666667
PROA	194	PROA	236	1.287192
PROA	194	PROA	240	0.234146
PROA	195	PROA	196	4.563833
PROA	195	PROA	197	2.857738
PROA	195	PROA	198	2.539167
PROA	195	PROA	199	0.997054
PROA	195	PROA	209	2.611715
PROA	195	PROA	212	4.131182
PROA	195	PROA	301	0.968246
PROA	196	PROA	197	3.864367
PROA	196	PROA	198	0.490511
PROA	196	PROA	199	2.398354
PROA	196	PROA	200	1.655476
PROA	196	PROA	201	0.071429
PROA	196	PROA	212	2.454951
PROA	196	PROA	237	0.245256
PROA	196	PROA	240	2.084674
PROA	196	PROA	244	0.061314
PROA	196	PROA	296	1.852604
PROA	196	PROA	298	0.071429
PROA	196	PROA	301	1.254753
PROA	197	PROA	198	4.620321
PROA	197	PROA	199	0.876714
PROA	197	PROA	200	1.006993
PROA	197	PROA	201	2.277216
PROA	197	PROA	205	2.028370
PROA	197	PROA	206	0.276026
PROA	197	PROA	208	0.155700
PROA	197	PROA	209	1.066228
PROA	197	PROA	298	1.863177
PROA	197	PROA	301	1.633843
PROA	197	PROB	71	0.052705
PROA	198	PROA	199	3.338489
PROA	198	PROA	200	0.421053
PROA	198	PROA	201	0.674453
PROA	198	PROA	205	3.153945
PROA	198	PROA	209	1.263158
PROA	198	PROB	71	1.451708
PROA	199	PROA	200	2.948999
PROA	199	PROA	201	0.453743
PROA	199	PROA	233	2.805057
PROA	199	PROA	236	1.941176
PROA	199	PROA	237	3.115923
PROA	199	PROA	240	0.445132
PROA	199	PROB	71	1.089162
PROA	199	PROB	73	0.064820
PROA	200	PROA	201	3.862778
PROA	200	PROA	202	0.138343
PROA	200	PROA	233	0.300376
PROA	200	PROA	237	2.105263
PROA	200	PROA	255	0.947368
PROA	200	PROA	257	1.287593
PROA	200	PROA	260	4.207762
PROA	200	PROA	263	0.300376
PROA	200	PROA	264	2.578947
PROA	200	PROA	296	0.512989
PROA	200	PROB	71	1.498537
PROA	200	PROB	73	0.735767
PROA	201	PROA	202	3.303874
PROA	201	PROA	203	1.196586
PROA	201	PROA	205	1.399708
PROA	201	PROA	255	1.839418
PROA	201	PROA	256	1.287593
PROA	201	PROA	257	3.071429
PROA	201	PROB	71	2.727724
PROA	202	PROA	203	3.599816
PROA	202	PROA	205	1.250108
PROA	202	PROA	257	0.483494
PROA	202	PROB	22	0.511891
PROA	202	PROB	70	0.545455
PROA	202	PROB	71	2.954196
PROA	203	PROA	204	3.142710
PROA	203	PROA	205	1.209629
PROA	203	PROA	256	0.586939
PROA	204	PROA	205	2.886751
PROA	204	PROA	206	0.808122
PROA	204	PROA	256	1.994353
PROA	204	PROA	299	0.091670
PROA	205	PROA	206	3.849198
PROA	205	PROA	209	0.450564
PROA	205	PROB	71	1.113589
PROA	206	PROA	207	2.735054
PROA	206	PROA	208	3.062127
PROA	206	PROA	209	1.287593
PROA	206	PROA	298	1.642857
PROA	206	PROA	299	1.166767
PROA	207	PROA	208	2.571297
PROA	207	PROA	209	0.782586
PROA	207	PROA	210	0.307729
PROA	208	PROA	209	3.873601
PROA	208	PROA	210	1.131505
PROA	208	PROA	211	2.282658
PROA	208	PROA	212	0.615457
PROA	208	PROA	213	0.090909
PROA	208	PROA	298	1.772811
PROA	208	PROA	301	2.646467
PROA	209	PROA	210	2.781518
PROA	209	PROA	211	0.736842
PROA	209	PROA	212	1.451708
PROA	209	PROA	213	1.660115
PROA	209	PROA	214	0.057354
PROA	209	PROA	301	0.561951
PROA	210	PROA	211	2.781518
PROA	210	PROA	212	0.766032
PROA	210	PROA	213	3.046359
PROA	210	PROA	214	1.515544
PROA	210	PROA	215	0.109109
PROA	211	PROA	212	2.013659
PROA	211	PROA	213	0.830057
PROA	211	PROA	214	2.580927
PROA	211	PROA	215	0.867110
PROA	211	PROA	293	3.950546
PROA	211	PROA	294	0.052632
PROA	211	PROA	301	1.217562
PROA	211	PROA	302	1.684211
PROA	211	PROA	303	0.118470
PROA	211	PROA	304	1.720618
PROA	211	PROA	307	0.870572
PROA	212	PROA	213	3.077287
PROA	212	PROA	214	0.561341
PROA	212	PROA	215	1.388730
PROA	212	PROA	216	1.784827
PROA	212	PROA	217	0.046829
PROA	212	PROA	228	1.460593
PROA	212	PROA	240	1.264391
PROA	212	PROA	244	1.170732
PROA	212	PROA	293	0.544581
PROA	212	PROA	294	3.699514
PROA	212	PROA	295	0.927426
PROA	212	PROA	296	0.365148
PROA	212	PROA	301	2.375000
PROA	213	PROA	214	3.995025
PROA	213	PROA	215	1.481487
PROA	213	PROA	216	2.545455
PROA	213	PROA	217	2.005972
PROA	213	PROA	218	0.069171
PROA	214	PROA	215	3.590662
PROA	214	PROA	216	0.753778
PROA	214	PROA	217	2.695635
PROA	214	PROA	218	1.032371
PROA	214	PROA	293	0.970143
PROA	215	PROA	216	4.102581
PROA	215	PROA	217	0.867110
PROA	215	PROA	218	2.427908
PROA	215	PROA	219	1.314751
PROA	215	PROA	220	0.097590
PROA	215	PROA	227	0.086711
PROA	215	PROA	290	1.647509
PROA	215	PROA	293	1.466718
PROA	215	PROA	294	4.162128
PROA	216	PROA	217	3.251058
PROA	216	PROA	218	0.622543
PROA	216	PROA	219	1.620886
PROA	216	PROA	220	1.089899
PROA	216	PROA	221	0.073127
PROA	216	PROA	227	1.245086
PROA	216	PROA	228	0.606780
PROA	216	PROA	294	1.936800
PROA	217	PROA	218	2.315789
PROA	217	PROA	219	0.580381
PROA	217	PROA	220	2.073221
PROA	217	PROA	221	2.503867
PROA	217	PROA	222	0.052632
PROA	218	PROA	219	2.974453
PROA	218	PROA	220	0.888523
PROA	218	PROA	221	4.006187
PROA	218	PROA	222	1.421053
PROA	218	PROA	286	0.507833
PROA	218	PROA	289	0.526316
PROA	218	PROA	290	3.105263
PROA	218	PROA	293	0.445132
PROA	218	PROA	312	0.901127
PROA	219	PROA	220	3.347636
PROA	219	PROA	221	0.766965
PROA	219	PROA	222	1.958786
PROA	219	PROA	223	1.430194
PROA	219	PROA	224	0.084515
PROA	219	PROA	225	0.064550
PROA	219	PROA	227	3.337191
PROA	219	PROA	275	0.322749
PROA	219	PROA	279	2.262742
PROA	219	PROA	290	2.611715
PROA	219	PROA	294	0.507833
PROA	220	PROA	221	2.692764
PROA	220	PROA	222	0.888523
PROA	220	PROA	223	1.556998
PROA	220	PROA	224	1.449138
PROA	220	PROA	225	2.319004
PROA	220	PROA	226	2.760262
PROA	220	PROA	227	0.473879
PROA	220	PROA	279	0.057735
PROA	221	PROA	222	2.448225
PROA	221	PROA	223	0.585018
PROA	221	PROA	224	0.648204
PROA	222	PROA	223	3.320229
PROA	222	PROA	224	0.551825
PROA	222	PROA	279	3.077935
PROA	222	PROA	282	2.176429
PROA	222	PROA	283	0.066227
PROA	222	PROA	286	0.290191
PROA	222	PROA	287	0.789474
PROA	222	PROA	290	0.368421
PROA	223	PROA	224	3.787368
PROA	223	PROA	225	3.015742
PROA	223	PROA	227	0.138343
PROA	223	PROA	279	2.224860
PROA	224	PROA	225	2.564060
PROA	224	PROA	226	0.071429
PROA	225	PROA	226	4.037031
PROA	225	PROA	227	0.327805
PROA	225	PROA	278	0.046829
PROA	226	PROA	227	2.207302
PROA	226	PROA	228	1.195229
PROA	226	PROA	229	2.000000
PROA	227	PROA	228	4.822098
PROA	227	PROA	229	0.674453
PROA	227	PROA	239	0.055641
PROA	227	PROA	243	2.210526
PROA	227	PROA	275	0.515122
PROA	227	PROA	278	1.526316
PROA	227	PROA	279	0.923381
PROA	227	PROA	294	0.578947
PROA	228	PROA	229	3.406402
PROA	228	PROA	230	0.845154
PROA	228	PROA	236	2.006607
PROA	228	PROA	239	1.843909
PROA	228	PROA	240	3.385729
PROA	228	PROA	243	1.846761
PROA	228	PROA	244	0.410391
PROA	228	PROA	275	0.045644
PROA	228	PROA	294	1.179875
PROA	229	PROA	230	3.737564
PROA	229	PROA	231	0.455842
PROA	229	PROA	236	0.129641
PROA	229	PROA	239	3.694761
PROA	230	PROA	231	3.062127
PROA	230	PROA	232	1.100038
PROA	230	PROA	235	1.309307
PROA	230	PROA	236	3.758464
PROA	230	PROA	239	2.016737
PROA	231	PROA	232	3.102526
PROA	231	PROA	235	0.307729
PROA	231	PROA	236	0.051709
PROA	232	PROA	233	1.958248
PROA	232	PROA	234	0.667698
PROA	232	PROA	235	4.270854
PROA	232	PROA	236	1.117647
PROA	232	PROA	237	0.055641
PROA	233	PROA	234	2.453068
PROA	233	PROA	235	0.566947
PROA	233	PROA	236	0.952661
PROA	233	PROA	237	2.803507
PROA	233	PROB	67	0.292770
PROA	233	PROB	68	4.451146
PROA	233	PROB	71	1.202676
PROA	233	PROB	72	0.979958
PROA	233	PROB	73	2.041241
PROA	233	PROB	76	2.102630
PROA	234	PROA	235	2.847745
PROA	234	PROA	236	0.723339
PROA	234	PROA	237	2.473684
PROA	234	PROA	238	1.655476
PROA	234	PROA	239	0.055641
PROA	234	PROA	263	0.500626
PROA	234	PROB	73	1.532848
PROA	234	PROB	76	2.000000
PROA	234	PROB	77	2.575185
PROA	234	PROB	80	1.491202
PROA	235	PROA	236	2.800560
PROA	235	PROA	237	0.596040
PROA	235	PROA	238	2.237399
PROA	235	PROA	239	2.450490
PROA	235	PROA	240	0.066227
PROA	236	PROA	237	2.448225
PROA	236	PROA	238	0.972306
PROA	236	PROA	239	2.941176
PROA	236	PROA	240	3.282848
PROA	236	PROA	241	0.055641
PROA	237	PROA	238	2.268616
PROA	237	PROA	239	0.500773
PROA	237	PROA	240	1.315789
PROA	237	PROA	241	1.473684
PROA	237	PROA	263	0.801002
PROA	237	PROA	264	0.421053
PROA	237	PROB	73	1.410220
PROA	238	PROA	239	2.463174
PROA	238	PROA	240	0.490511
PROA	238	PROA	241	1.900732
PROA	238	PROA	242	0.909137
PROA	238	PROA	267	0.061314
PROA	239	PROA	240	2.559508
PROA	239	PROA	241	0.556415
PROA	239	PROA	242	1.466718
PROA	239	PROA	243	0.667698
PROA	240	PROA	241	2.789474
PROA	240	PROA	242	1.127243
PROA	240	PROA	243	1.210526
PROA	240	PROA	244	1.894737
PROA	240	PROA	245	0.173422
PROA	240	PROA	296	1.179875
PROA	241	PROA	242	2.948174
PROA	241	PROA	243	0.631579
PROA	241	PROA	244	0.842105
PROA	241	PROA	245	3.208307
PROA	241	PROA	246	0.830057
PROA	241	PROA	247	1.164965
PROA	241	PROA	263	0.050063
PROA	241	PROA	264	1.315789
PROA	241	PROA	267	0.947368
PROA	241	PROA	270	0.586939
PROA	241	PROA	296	1.231174
PROA	242	PROA	243	3.901995
PROA	242	PROA	244	0.693688
PROA	242	PROA	245	1.142857
PROA	242	PROA	270	0.241747
PROA	242	PROA	272	0.080582
PROA	242	PROA	273	0.944911
PROA	243	PROA	244	3.947368
PROA	243	PROA	245	0.867110
PROA	243	PROA	272	0.391293
PROA	243	PROA	273	2.294157
PROA	243	PROA	275	1.217562
PROA	243	PROA	278	2.052632
PROA	243	PROA	294	0.052632
PROA	244	PROA	245	3.295018
PROA	244	PROA	246	0.138343
PROA	244	PROA	272	2.885784
PROA	244	PROA	273	0.229416
PROA	244	PROA	275	0.655610
PROA	244	PROA	294	1.894737
PROA	244	PROA	295	0.797081
PROA	244	PROA	296	3.026636
PROA	245	PROA	246	3.646738
PROA	245	PROA	247	0.606092
PROA	245	PROA	270	1.692228
PROA	245	PROA	271	1.515229
PROA	245	PROA	272	2.256304
PROA	245	PROA	273	0.188982
PROA	246	PROA	247	5.237849
PROA	246	PROA	248	0.363636
PROA	246	PROA	268	0.080582
PROA	246	PROA	269	3.363853
PROA	246	PROA	270	2.185603
PROA	246	PROA	271	0.402911
PROA	246	PROA	272	0.128565
PROA	247	PROA	248	3.223292
PROA	247	PROA	249	0.324102
PROA	247	PROA	251	0.694365
PROA	247	PROA	252	2.575185
PROA	247	PROA	255	0.245256
PROA	247	PROA	264	1.716790
PROA	247	PROA	269	0.064820
PROA	247	PROA	296	1.314751
PROA	248	PROA	249	3.363853
PROA	248	PROA	250	2.101947
PROA	248	PROA	251	3.829708
PROA	248	PROA	252	1.175915
PROA	248	PROA	253	0.080582
PROA	248	PROA	300	0.128565
PROA	249	PROA	250	2.567520
PROA	249	PROA	251	0.910182
PROA	249	PROA	252	2.782074
PROA	249	PROA	253	1.037126
PROA	249	PROA	265	0.778981
PROA	249	PROA	269	0.294118
PROA	250	PROA	251	3.205031
PROA	250	PROA	252	0.829288
PROA	250	PROA	253	1.242118
PROA	250	PROA	254	0.778499
PROA	250	PROA	300	0.055048
PROA	251	PROA	252	2.715291
PROA	251	PROA	253	0.848668
PROA	251	PROA	254	2.263010
PROA	251	PROA	255	0.529813
PROA	251	PROA	296	0.064550
PROA	251	PROA	297	2.854612
PROA	251	PROA	300	1.600189
PROA	252	PROA	253	3.678836
PROA	252	PROA	254	0.968400
PROA	252	PROA	255	3.052632
PROA	252	PROA	261	2.950245
PROA	252	PROA	264	1.263158
PROA	252	PROA	265	2.052632
PROA	253	PROA	254	3.142710
PROA	253	PROA	255	0.735767
PROA	253	PROA	261	2.454951
PROA	254	PROA	255	3.389401
PROA	254	PROA	256	0.484200
PROA	254	PROA	261	0.123091
PROA	254	PROA	297	0.402911
PROA	254	PROA	299	0.511891
PROA	255	PROA	256	2.631579
PROA	255	PROA	257	1.655476
PROA	255	PROA	258	0.052632
PROA	255	PROA	260	0.943119
PROA	255	PROA	261	2.997075
PROA	255	PROA	264	1.000000
PROA	255	PROA	296	0.256495
PROA	256	PROA	257	2.759127
PROA	256	PROA	258	0.421053
PROA	257	PROA	258	2.452557
PROA	257	PROA	259	1.139606
PROA	257	PROA	260	4.394802
PROA	257	PROA	261	0.709208
PROA	257	PROA	262	0.071429
PROA	257	PROB	70	0.161165
PROA	257	PROB	71	1.254753
PROA	257	PROB	72	0.436436
PROA	258	PROA	259	4.450955
PROA	258	PROA	260	0.798024
PROA	258	PROA	261	2.950245
PROA	258	PROA	262	3.310952
PROA	258	PROA	263	0.050063
PROA	259	PROA	260	2.427120
PROA	259	PROA	261	0.609272
PROA	259	PROA	262	2.051290
PROA	259	PROA	263	0.651339
PROA	259	PROB	16	1.196586
PROA	259	PROB	19	2.154101
PROA	259	PROB	72	2.480607
PROA	259	PROB	74	0.430820
PROA	260	PROA	261	2.775638
PROA	260	PROA	262	1.014185
PROA	260	PROA	263	2.760262
PROA	260	PROA	264	1.378405
PROA	260	PROA	265	0.072548
PROA	260	PROB	71	0.258199
PROA	260	PROB	72	0.064550
PROA	260	PROB	73	1.352247
PROA	261	PROA	262	2.400397
PROA	261	PROA	263	0.579066
PROA	261	PROA	264	0.702439
PROA	261	PROA	265	0.889757
PROA	261	PROA	266	0.061546
PROA	262	PROA	263	2.682774
PROA	262	PROA	264	0.551825
PROA	262	PROA	265	2.820441
PROA	262	PROA	266	1.772811
PROA	263	PROA	264	4.255322
PROA	263	PROA	265	0.750939
PROA	263	PROA	266	2.105445
PROA	263	PROA	267	3.404258
PROA	263	PROB	73	3.149344
PROA	263	PROB	74	1.322876
PROA	263	PROB	77	0.583212
PROA	264	PROA	265	1.842105
PROA	264	PROA	266	0.968400
PROA	264	PROA	267	3.157895
PROA	264	PROA	296	0.769484
PROA	264	PROB	73	0.061314
PROA	265	PROA	266	3.043544
PROA	265	PROA	267	0.736842
PROA	265	PROA	269	0.111283
PROA	266	PROA	267	2.836029
PROA	266	PROA	268	0.483494
PROA	267	PROA	268	4.598545
PROA	267	PROA	269	0.333849
PROA	268	PROA	269	2.268713
PROA	268	PROA	270	0.854704
PROA	269	PROA	270	2.637147
PROA	269	PROA	271	0.064820
PROA	270	PROA	271	2.621093
PROA	270	PROA	272	0.181818
PROA	271	PROA	272	2.165251
PROA	271	PROA	273	0.400892
PROA	272	PROA	273	2.718309
PROA	272	PROA	274	0.569803
PROA	272	PROA	275	0.478714
PROA	272	PROA	291	1.169369
PROA	272	PROA	294	0.048912
PROA	273	PROA	274	4.944333
PROA	273	PROA	275	0.663403
PROA	273	PROA	277	0.816497
PROA	273	PROA	278	1.835326
PROA	274	PROA	275	1.745743
PROA	274	PROA	276	1.642857
PROA	274	PROA	277	3.109605
PROA	274	PROA	278	0.245256
PROA	275	PROA	276	2.073070
PROA	275	PROA	277	0.500000
PROA	275	PROA	278	2.154147
PROA	275	PROA	279	1.871385
PROA	275	PROA	287	3.043904
PROA	275	PROA	290	2.013659
PROA	275	PROA	291	3.064129
PROA	275	PROA	294	1.404879
PROA	276	PROA	277	2.945942
PROA	276	PROA	278	0.858395
PROA	276	PROA	279	1.135467
PROA	276	PROA	280	1.071429
PROA	276	PROA	287	0.981023
PROA	277	PROA	278	2.013659
PROA	277	PROA	279	0.365148
PROA	277	PROA	280	0.109109
PROA	278	PROA	279	4.052614
PROA	278	PROA	280	0.735767
PROA	279	PROA	280	2.988072
PROA	279	PROA	281	0.717137
PROA	279	PROA	282	2.899138
PROA	279	PROA	287	2.513647
PROA	279	PROA	290	0.410391
PROA	280	PROA	281	4.642857
PROA	280	PROA	282	0.676123
PROA	281	PROA	282	3.549648
PROA	281	PROA	283	0.231455
PROA	282	PROA	283	3.560197
PROA	282	PROA	284	0.572078
PROA	282	PROA	286	0.100000
PROA	282	PROA	287	2.176429
PROA	283	PROA	284	3.481553
PROA	283	PROA	285	3.138833
PROA	283	PROA	286	4.199206
PROA	283	PROA	287	1.258306
PROA	283	PROA	312	0.755929
PROA	284	PROA	285	2.828427
PROA	284	PROA	286	1.239501
PROA	284	PROA	287	3.112715
PROA	284	PROA	288	1.740777
PROA	284	PROA	289	0.069171
PROA	285	PROA	286	3.101319
PROA	285	PROA	287	0.635851
PROA	285	PROA	288	1.969464
PROA	285	PROA	289	0.586939
PROA	285	PROA	290	0.048912
PROA	285	PROA	310	0.155126
PROA	285	PROA	311	1.025645
PROA	285	PROA	312	2.465783
PROA	286	PROA	287	3.264643
PROA	286	PROA	288	1.004158
PROA	286	PROA	289	1.596048
PROA	286	PROA	290	1.305857
PROA	286	PROA	312	5.037479
PROA	287	PROA	288	2.384158
PROA	287	PROA	289	0.684211
PROA	287	PROA	290	3.736842
PROA	287	PROA	291	0.794719
PROA	288	PROA	289	2.516611
PROA	288	PROA	290	0.662266
PROA	288	PROA	291	2.000000
PROA	288	PROA	292	2.215647
PROA	288	PROA	310	0.630126
PROA	289	PROA	290	2.526316
PROA	289	PROA	291	0.596040
PROA	289	PROA	292	1.467348
PROA	289	PROA	293	3.227206
PROA	289	PROA	294	0.052632
PROA	289	PROA	302	1.157895
PROA	289	PROA	307	2.539167
PROA	289	PROA	310	5.341583
PROA	289	PROA	312	1.852317
PROA	289	PROA	313	1.315789
PROA	290	PROA	291	2.781518
PROA	290	PROA	292	0.635851
PROA	290	PROA	293	1.446679
PROA	290	PROA	294	2.789474
PROA	291	PROA	292	3.692745
PROA	291	PROA	293	0.420084
PROA	291	PROA	294	1.390759
PROA	291	PROA	295	0.925820
PROA	292	PROA	293	2.326895
PROA	292	PROA	294	0.586939
PROA	292	PROA	295	1.538468
PROA	292	PROA	300	0.045455
PROA	292	PROA	301	0.609272
PROA	292	PROA	302	2.787961
PROA	292	PROA	310	0.517088
PROA	293	PROA	294	3.227206
PROA	293	PROA	295	0.842665
PROA	293	PROA	301	1.188177
PROA	293	PROA	302	1.836169
PROA	293	PROA	307	1.073751
PROA	294	PROA	295	2.575185
PROA	294	PROA	296	0.205196
PROA	294	PROA	301	0.140488
PROA	295	PROA	296	3.107594
PROA	295	PROA	297	2.142857
PROA	295	PROA	298	0.071429
PROA	295	PROA	300	2.165251
PROA	295	PROA	301	3.873368
PROA	295	PROA	302	0.061314
PROA	296	PROA	297	2.928310
PROA	296	PROA	298	0.298807
PROA	296	PROA	301	0.684653
PROA	297	PROA	298	4.142857
PROA	297	PROA	299	2.916917
PROA	297	PROA	300	4.387482
PROA	297	PROA	301	1.145644
PROA	298	PROA	299	4.083683
PROA	298	PROA	300	0.455842
PROA	298	PROA	301	5.128120
PROA	299	PROA	300	2.326895
PROA	299	PROA	301	0.544581
PROA	300	PROA	301	1.784296
PROA	300	PROA	302	0.244558
PROA	301	PROA	302	2.200977
PROA	301	PROA	303	0.368932
PROA	302	PROA	303	3.613328
PROA	302	PROA	304	0.286770
PROA	302	PROA	306	1.947452
PROA	302	PROA	307	4.207762
PROA	302	PROA	310	1.168471
PROA	303	PROA	304	2.646539
PROA	303	PROA	305	0.933333
PROA	303	PROA	306	3.882591
PROA	303	PROA	307	1.143095
PROA	303	PROA	308	0.059235
PROA	304	PROA	305	3.550235
PROA	304	PROA	306	0.666973
PROA	304	PROA	307	1.897367
PROA	304	PROA	308	0.745601
PROA	304	PROA	309	0.079057
PROA	305	PROA	306	4.007835
PROA	305	PROA	307	0.734847
PROA	305	PROA	308	0.947758
PROA	305	PROA	309	0.734847
PROA	305	PROA	322	0.066667
PROA	306	PROA	307	2.991163
PROA	306	PROA	308	0.500773
PROA	306	PROA	309	1.380537
PROA	306	PROA	310	0.882353
PROA	307	PROA	308	2.974453
PROA	307	PROA	309	1.200000
PROA	307	PROA	310	2.377591
PROA	307	PROA	313	0.580381
PROA	308	PROA	309	3.192096
PROA	308	PROA	310	0.723339
PROA	308	PROA	313	2.105263
PROA	308	PROA	317	1.401753
PROA	309	PROA	310	2.914467
PROA	309	PROA	311	0.507093
PROA	309	PROA	313	0.072548
PROA	309	PROA	317	2.484236
PROA	310	PROA	311	4.926348
PROA	310	PROA	312	1.164363
PROA	310	PROA	313	1.279754
PROA	310	PROA	314	0.438357
PROA	311	PROA	312	2.332847
PROA	311	PROA	313	0.797081
PROA	311	PROA	314	2.277216
PROA	312	PROA	313	3.404258
PROA	312	PROA	314	0.563436
PROA	312	PROA	315	0.052926
PROA	313	PROA	314	2.191691
PROA	313	PROA	315	0.389490
PROA	313	PROA	316	0.650814
PROA	313	PROA	317	0.250313
PROA	314	PROA	315	3.882591
PROA	314	PROA	316	0.394405
PROA	314	PROA	317	1.070529
PROA	315	PROA	316	2.275801
PROA	315	PROA	317	0.476331
PROA	316	PROA	317	1.904762
PROA	316	PROA	318	0.188982
PROA	317	PROA	318	4.220603
PROA	317	PROA	319	3.032702
PROA	318	PROA	319	4.166190
PROA	318	PROA	320	1.218544
PROA	319	PROA	320	3.142710
PROA	320	PROA	321	4.613058
PROA	320	PROA	322	0.622799
PROA	321	PROA	322	2.683282
PROA	321	PROA	323	0.231455
PROA	322	PROA	323	5.037479
PROA	322	PROA	324	0.355409
PROA	323	PROA	324	2.697813
PROA	323	PROA	325	0.507093
PROA	324	PROA	325	3.264643
PROA	324	PROA	326	2.843275
PROA	325	PROA	326	4.000833
PROA	325	PROA	327	1.000000
PROA	326	PROA	327	4.245782
PROA	327	PROA	328	5.578018
PROA	327	PROA	329	0.212132
PROA	328	PROA	329	2.031889
PROA	328	PROA	330	0.284901
PROA	329	PROA	330	4.052216
PROA	329	PROA	331	2.100000
PROA	329	PROA	332	0.064550
PROA	330	PROA	331	2.240637
PROA	330	PROA	332	0.430820
PROA	331	PROA	332	2.581989
PROA	331	PROA	333	1.084652
PROA	331	PROA	334	1.212436
PROA	331	PROA	335	0.102598
PROA	332	PROA	333	3.640728
PROA	332	PROA	334	0.223607
PROA	332	PROA	350	0.149071
PROA	332	PROA	353	0.058926
PROA	333	PROA	334	4.133080
PROA	333	PROA	335	2.225660
PROA	333	PROA	338	1.836169
PROA	333	PROA	346	1.112830
PROA	334	PROA	335	3.080214
PROA	334	PROA	336	0.596285
PROA	334	PROA	338	0.533114
PROA	335	PROA	336	2.781518
PROA	335	PROA	337	0.596040
PROA	335	PROA	338	3.315789
PROA	335	PROA	343	2.315789
PROA	335	PROA	346	0.789474
PROA	336	PROA	337	3.166667
PROA	336	PROA	338	0.794719
PROA	337	PROA	338	3.841144
PROA	337	PROA	339	0.462910
PROA	338	PROA	339	4.475917
PROA	338	PROA	340	0.244558
PROA	338	PROA	342	1.027144
PROA	338	PROA	343	3.157895
PROA	338	PROA	346	0.894737
PROA	339	PROA	340	2.222231
PROA	339	PROA	341	1.173111
PROA	339	PROA	342	2.678074
PROA	339	PROA	343	1.042337
PROA	340	PROA	341	5.669963
PROA	340	PROA	342	0.409091
PROA	340	PROA	343	1.907552
PROA	340	PROA	344	2.136364
PROA	341	PROA	342	2.036783
PROA	341	PROA	343	0.651584
PROA	341	PROA	344	4.348807
PROA	341	PROA	345	0.800000
PROA	342	PROA	343	2.201022
PROA	342	PROA	344	0.727273
PROA	342	PROA	345	3.798325
PROA	342	PROA	346	1.809729
PROA	342	PROA	347	0.048912
PROA	343	PROA	344	2.005376
PROA	343	PROA	345	0.770054
PROA	343	PROA	346	3.105263
PROA	343	PROA	347	1.526316
PROA	343	PROA	348	0.051299
PROA	344	PROA	345	2.422120
PROA	344	PROA	346	0.635851
PROA	344	PROA	347	1.858641
PROA	344	PROA	348	0.619751
PROA	345	PROA	346	2.961744
PROA	345	PROA	347	0.592349
PROA	345	PROA	348	1.616581
PROA	345	PROA	349	1.466667
PROA	345	PROA	350	0.066667
PROA	346	PROA	347	2.210526
PROA	346	PROA	348	0.718185
PROA	346	PROA	349	1.421637
PROA	346	PROA	350	0.829288
PROA	346	PROA	351	0.061314
PROA	347	PROA	348	2.154555
PROA	347	PROA	349	0.473879
PROA	347	PROA	350	1.006993
PROA	347	PROA	351	2.943069
PROA	347	PROA	352	0.072548
PROA	348	PROA	349	3.348632
PROA	348	PROA	350	0.461880
PROA	348	PROA	351	1.733081
PROA	348	PROA	352	0.636396
PROA	349	PROA	350	2.800000
PROA	349	PROA	351	1.242118
PROA	349	PROA	352	2.041241
PROA	349	PROA	353	0.316228
PROA	349	PROA	358	0.112687
PROA	350	PROA	351	3.105295
PROA	350	PROA	352	1.143095
PROA	350	PROA	353	3.900142
PROA	350	PROA	354	0.635085
PROA	351	PROA	352	3.296102
PROA	351	PROA	353	0.763763
PROA	351	PROA	354	1.553797
PROA	351	PROA	355	1.231587
PROA	352	PROA	353	2.969287
PROA	352	PROA	354	0.919239
PROA	352	PROA	355	2.991163
PROA	352	PROA	358	1.725164
PROA	353	PROA	354	2.738613
PROA	353	PROA	355	0.643596
PROA	353	PROA	358	3.028961
PROA	354	PROA	355	3.253957
PROA	354	PROA	356	0.418330
PROA	355	PROA	356	3.954043
PROA	355	PROA	357	0.275010
PROA	355	PROA	358	0.317554
PROA	356	PROA	357	3.838580
PROA	356	PROA	358	0.466569
PROA	357	PROA	358	2.804273
PROA	357	PROA	359	0.694365
PROA	358	PROA	359	2.538982
PROA	358	PROA	360	0.440959
PROA	359	PROA	360	2.769502
PROB	1	PROB	2	3.144556
PROB	1	PROB	3	0.626224
PROB	1	PROB	4	2.222876
PROB	1	PROB	5	1.191708
PROB	1	PROB	6	0.064820
PROB	1	PROB	57	1.292719
PROB	2	PROB	3	4.817330
PROB	2	PROB	4	0.897085
PROB	2	PROB	5	1.673320
PROB	2	PROB	6	1.605793
PROB	2	PROB	7	0.072548
PROB	3	PROB	4	2.310088
PROB	3	PROB	5	0.975900
PROB	3	PROB	6	2.415229
PROB	3	PROB	7	0.770054
PROB	3	PROB	82	0.788811
PROB	3	PROB	86	2.840188
PROB	4	PROB	5	3.711537
PROB	4	PROB	6	0.699854
PROB	4	PROB	7	2.403006
PROB	4	PROB	8	2.953694
PROB	4	PROB	50	1.352247
PROB	4	PROB	55	1.051315
PROB	4	PROB	56	0.692935
PROB	4	PROB	57	4.559373
PROB	4	PROB	60	0.400501
PROB	4	PROB	82	2.095238
PROB	5	PROB	6	3.535534
PROB	5	PROB	7	1.387376
PROB	5	PROB	8	2.514619
PROB	5	PROB	9	0.733359
PROB	6	PROB	7	3.004383
PROB	6	PROB	8	0.490511
PROB	6	PROB	9	0.842665
PROB	6	PROB	10	1.002972
PROB	7	PROB	8	2.947368
PROB	7	PROB	9	0.556415
PROB	7	PROB	10	2.119252
PROB	7	PROB	11	4.157895
PROB	7	PROB	12	0.061314
PROB	7	PROB	60	1.473684
PROB	7	PROB	63	0.052632
PROB	7	PROB	78	0.667698
PROB	7	PROB	79	0.573539
PROB	7	PROB	82	3.454321
PROB	8	PROB	9	2.559508
PROB	8	PROB	10	0.794719
PROB	8	PROB	11	1.736842
PROB	8	PROB	12	1.287593
PROB	8	PROB	43	0.276686
PROB	8	PROB	46	2.308451
PROB	8	PROB	47	0.069171
PROB	8	PROB	55	0.368421
PROB	9	PROB	10	2.380476
PROB	9	PROB	11	0.556415
PROB	9	PROB	12	2.787276
PROB	9	PROB	13	1.361228
PROB	9	PROB	43	0.658145
PROB	10	PROB	11	3.046424
PROB	10	PROB	12	0.925820
PROB	10	PROB	13	1.543033
PROB	10	PROB	14	1.311578
PROB	10	PROB	78	0.420084
PROB	11	PROB	12	2.145988
PROB	11	PROB	13	0.613139
PROB	11	PROB	14	1.287593
PROB	11	PROB	15	1.263158
PROB	11	PROB	46	2.205853
PROB	11	PROB	60	0.052632
PROB	11	PROB	63	0.631579
PROB	11	PROB	67	0.410391
PROB	11	PROB	75	0.473684
PROB	11	PROB	78	2.782074
PROB	11	PROB	79	1.548556
PROB	12	PROB	13	3.357143
PROB	12	PROB	14	0.928571
PROB	12	PROB	15	1.164965
PROB	12	PROB	41	0.642857
PROB	12	PROB	42	4.040610
PROB	12	PROB	43	2.256304
PROB	12	PROB	46	0.717137
PROB	13	PROB	14	3.285714
PROB	13	PROB	15	0.490511
PROB	14	PROB	15	2.820441
PROB	14	PROB	16	0.642857
PROB	14	PROB	72	0.054554
PROB	14	PROB	75	0.735767
PROB	14	PROB	78	1.944611
PROB	15	PROB	16	4.046720
PROB	15	PROB	17	0.105263
PROB	15	PROB	19	0.993399
PROB	15	PROB	20	2.473684
PROB	15	PROB	23	1.842105
PROB	15	PROB	42	0.780399
PROB	15	PROB	45	0.842927
PROB	15	PROB	46	0.769484
PROB	15	PROB	67	0.307794
PROB	15	PROB	72	0.046829
PROB	15	PROB	75	2.263158
PROB	15	PROB	78	0.055641
PROB	16	PROB	17	2.207302
PROB	16	PROB	18	1.725164
PROB	16	PROB	19	4.397645
PROB	16	PROB	20	1.042337
PROB	16	PROB	72	0.109109
PROB	17	PROB	18	3.731798
PROB	17	PROB	19	0.529813
PROB	17	PROB	20	1.789474
PROB	17	PROB	21	0.710819
PROB	17	PROB	40	2.820441
PROB	18	PROB	19	2.683282
PROB	18	PROB	20	0.651584
PROB	18	PROB	21	1.466667
PROB	18	PROB	22	0.125245
PROB	19	PROB	20	2.781518
PROB	19	PROB	21	0.894427
PROB	19	PROB	22	1.120224
PROB	19	PROB	23	0.993399
PROB	19	PROB	72	1.649916
PROB	19	PROB	75	0.066227
PROB	20	PROB	21	2.606335
PROB	20	PROB	22	0.556415
PROB	20	PROB	23	3.210526
PROB	20	PROB	24	2.347757
PROB	20	PROB	25	0.069171
PROB	20	PROB	39	1.263158
PROB	20	PROB	40	1.042337
PROB	20	PROB	41	0.981023
PROB	20	PROB	42	0.346844
PROB	20	PROB	45	2.341465
PROB	21	PROB	22	3.005877
PROB	21	PROB	23	0.533114
PROB	21	PROB	24	3.412988
PROB	21	PROB	25	1.401298
PROB	21	PROB	37	0.133333
PROB	22	PROB	23	2.782074
PROB	22	PROB	24	0.361961
PROB	22	PROB	25	2.047563
PROB	22	PROB	26	0.383482
PROB	22	PROB	70	2.340072
PROB	22	PROB	72	0.148522
PROB	23	PROB	24	1.907552
PROB	23	PROB	25	0.899229
PROB	23	PROB	26	1.305857
PROB	23	PROB	27	0.415029
PROB	23	PROB	45	2.622440
PROB	23	PROB	66	2.736842
PROB	23	PROB	67	1.744163
PROB	23	PROB	70	2.144315
PROB	23	PROB	72	0.749269
PROB	23	PROB	75	1.473684
PROB	24	PROB	25	2.764145
PROB	24	PROB	26	0.606780
PROB	24	PROB	27	1.221366
PROB	24	PROB	28	2.681818
PROB	24	PROB	36	2.507015
PROB	24	PROB	37	3.027650
PROB	24	PROB	39	0.293470
PROB	24	PROB	40	0.056980
PROB	24	PROB	45	0.739830
PROB	25	PROB	26	3.909197
PROB	25	PROB	27	0.727273
PROB	25	PROB	28	2.828427
PROB	25	PROB	29	0.311400
PROB	26	PROB	27	3.718504
PROB	26	PROB	28	0.674200
PROB	26	PROB	29	0.408248
PROB	26	PROB	30	0.365148
PROB	26	PROB	62	0.138013
PROB	26	PROB	66	3.337191
PROB	26	PROB	69	1.450953
PROB	27	PROB	28	2.635580
PROB	27	PROB	29	0.700649
PROB	27	PROB	30	2.175971
PROB	27	PROB	31	3.181887
PROB	27	PROB	45	0.677003
PROB	27	PROB	48	0.134840
PROB	27	PROB	49	1.037572
PROB	27	PROB	62	1.447494
PROB	27	PROB	66	1.521772
PROB	28	PROB	29	2.091831
PROB	28	PROB	30	0.861640
PROB	28	PROB	31	0.733674
PROB	28	PROB	36	3.085557
PROB	28	PROB	37	1.871638
PROB	29	PROB	30	2.757817
PROB	29	PROB	31	0.414644
PROB	30	PROB	31	3.774917
PROB	30	PROB	32	0.617213
PROB	30	PROB	54	0.677003
PROB	30	PROB	62	1.070899
PROB	31	PROB	32	4.230661
PROB	31	PROB	33	0.830057
PROB	31	PROB	48	1.641565
PROB	31	PROB	49	1.105263
PROB	31	PROB	52	2.948999
PROB	31	PROB	54	1.467348
PROB	31	PROB	62	0.300376
PROB	32	PROB	33	3.142710
PROB	32	PROB	52	0.259281
PROB	33	PROB	34	3.581095
PROB	33	PROB	35	2.057038
PROB	33	PROB	36	0.818182
PROB	33	PROB	48	1.618080
PROB	33	PROB	52	0.511891
PROB	34	PROB	35	3.743277
PROB	34	PROB	36	0.544949
PROB	34	PROB	37	0.066667
PROB	35	PROB	36	2.249885
PROB	35	PROB	37	0.605530
PROB	35	PROB	38	4.183662
PROB	35	PROB	39	0.929320
PROB	35	PROB	48	0.715097
PROB	36	PROB	37	5.605192
PROB	36	PROB	38	0.856349
PROB	36	PROB	39	1.729286
PROB	36	PROB	48	0.876460
PROB	37	PROB	38	2.666667
PROB	37	PROB	39	1.066228
PROB	37	PROB	40	0.207020
PROB	38	PROB	39	3.257919
PROB	38	PROB	40	0.621059
PROB	39	PROB	40	3.372266
PROB	39	PROB	41	1.532848
PROB	39	PROB	44	3.482286
PROB	39	PROB	45	1.920001
PROB	39	PROB	48	2.205853
PROB	40	PROB	41	3.428571
PROB	40	PROB	44	0.169031
PROB	41	PROB	42	4.646702
PROB	41	PROB	43	2.175722
PROB	41	PROB	44	3.549648
PROB	41	PROB	45	0.709208
PROB	42	PROB	43	3.646738
PROB	42	PROB	44	1.434274
PROB	42	PROB	45	2.468854
PROB	42	PROB	46	2.535463
PROB	42	PROB	47	0.113961
PROB	43	PROB	44	3.813850
PROB	43	PROB	45	0.738549
PROB	43	PROB	46	1.483240
PROB	43	PROB	47	1.090909
PROB	43	PROB	48	0.067420
PROB	44	PROB	45	2.711088
PROB	44	PROB	46	0.777817
PROB	44	PROB	47	2.097618
PROB	44	PROB	48	1.202082
PROB	44	PROB	49	0.072548
PROB	45	PROB	46	3.697127
PROB	45	PROB	47	0.800095
PROB	45	PROB	48	1.551881
PROB	45	PROB	49	3.043904
PROB	45	PROB	50	0.052705
PROB	45	PROB	63	0.468293
PROB	45	PROB	66	1.170732
PROB	45	PROB	67	0.821584
PROB	45	PROB	75	0.046829
PROB	46	PROB	47	2.494539
PROB	46	PROB	48	0.600000
PROB	46	PROB	49	2.975337
PROB	46	PROB	50	0.923760
PROB	46	PROB	51	0.067420
PROB	46	PROB	55	2.359750
PROB	46	PROB	63	1.436370
PROB	46	PROB	67	0.350000
PROB	47	PROB	48	2.629379
PROB	47	PROB	49	0.830057
PROB	47	PROB	50	2.646896
PROB	47	PROB	51	2.363636
PROB	47	PROB	52	0.073127
PROB	48	PROB	49	2.718843
PROB	48	PROB	50	0.577350
PROB	48	PROB	51	2.157440
PROB	48	PROB	52	2.820096
PROB	49	PROB	50	2.428630
PROB	49	PROB	51	0.553372
PROB	49	PROB	52	1.001547
PROB	49	PROB	53	0.429198
PROB	49	PROB	54	1.809729
PROB	49	PROB	55	2.894737
PROB	49	PROB	62	0.951190
PROB	49	PROB	63	1.210526
PROB	49	PROB	66	0.315789
PROB	50	PROB	51	3.581095
PROB	50	PROB	52	0.814092
PROB	50	PROB	53	1.311125
PROB	50	PROB	54	0.220193
PROB	50	PROB	55	3.968737
PROB	50	PROB	56	0.521749
PROB	50	PROB	57	1.816590
PROB	51	PROB	52	4.314507
PROB	51	PROB	53	1.289317
PROB	52	PROB	53	3.370659
PROB	52	PROB	54	0.723923
PROB	53	PROB	54	2.108271
PROB	53	PROB	55	0.919709
PROB	53	PROB	56	0.077152
PROB	54	PROB	55	2.103199
PROB	54	PROB	62	4.001082
PROB	54	PROB	63	0.048912
PROB	55	PROB	56	4.304730
PROB	55	PROB	59	0.306570
PROB	55	PROB	60	1.473684
PROB	55	PROB	62	0.100125
PROB	55	PROB	63	2.263158
PROB	56	PROB	57	3.508107
PROB	56	PROB	58	1.083333
PROB	56	PROB	59	2.623157
PROB	56	PROB	60	0.529813
PROB	57	PROB	58	2.277193
PROB	57	PROB	59	0.512823
PROB	57	PROB	60	0.195646
PROB	57	PROB	82	0.651339
PROB	57	PROB	87	0.195646
PROB	58	PROB	59	3.394674
PROB	58	PROB	60	0.397360
PROB	58	PROB	82	0.566947
PROB	58	PROB	87	2.913971
PROB	58	PROB	89	1.290994
PROB	59	PROB	60	3.740150
PROB	59	PROB	61	1.933975
PROB	59	PROB	62	0.116642
PROB	59	PROB	87	0.061314
PROB	59	PROB	89	0.298807
PROB	60	PROB	61	2.421001
PROB	60	PROB	62	0.450564
PROB	60	PROB	63	3.052632
PROB	60	PROB	64	0.770054
PROB	60	PROB	65	0.055641
PROB	60	PROB	79	3.498590
PROB	60	PROB	82	2.403006
PROB	60	PROB	83	0.093659
PROB	60	PROB	87	0.315789
PROB	60	PROB	89	0.051299
PROB	61	PROB	62	2.829192
PROB	61	PROB	63	0.553372
PROB	61	PROB	64	4.203894
PROB	61	PROB	65	2.266945
PROB	62	PROB	63	2.853569
PROB	62	PROB	64	0.845154
PROB	62	PROB	65	1.746545
PROB	62	PROB	66	1.802254
PROB	63	PROB	64	2.961744
PROB	63	PROB	65	0.890264
PROB	63	PROB	66	2.631579
PROB	63	PROB	67	3.231832
PROB	63	PROB	79	1.319140
PROB	64	PROB	65	3.694723
PROB	64	PROB	66	0.651584
PROB	64	PROB	67	2.193931
PROB	64	PROB	68	0.666667
PROB	64	PROB	76	3.139449
PROB	64	PROB	79	1.032796
PROB	64	PROB	80	0.129099
PROB	65	PROB	66	2.225660
PROB	65	PROB	67	0.542326
PROB	65	PROB	68	1.189826
PROB	65	PROB	69	1.057188
PROB	66	PROB	67	2.975337
PROB	66	PROB	68	0.473879
PROB	66	PROB	69	2.894737
PROB	66	PROB	70	1.660115
PROB	66	PROB	71	0.046829
PROB	67	PROB	68	2.136196
PROB	67	PROB	69	0.615587
PROB	67	PROB	70	1.685500
PROB	67	PROB	71	0.319505
PROB	67	PROB	72	2.053960
PROB	67	PROB	75	3.847419
PROB	67	PROB	76	2.770142
PROB	67	PROB	79	1.229837
PROB	68	PROB	69	3.850268
PROB	68	PROB	70	0.934199
PROB	68	PROB	71	1.106797
PROB	68	PROB	72	0.316228
PROB	68	PROB	76	0.296174
PROB	69	PROB	70	3.389401
PROB	69	PROB	71	2.575611
PROB	70	PROB	71	3.815836
PROB	70	PROB	72	2.831104
PROB	70	PROB	75	0.069171
PROB	71	PROB	72	2.000000
PROB	71	PROB	73	0.600099
PROB	72	PROB	73	3.000496
PROB	72	PROB	74	2.474874
PROB	72	PROB	75	5.291710
PROB	72	PROB	76	0.468293
PROB	73	PROB	74	3.780432
PROB	73	PROB	75	0.490511
PROB	73	PROB	76	1.716790
PROB	73	PROB	77	1.357143
PROB	74	PROB	75	3.973597
PROB	74	PROB	76	0.662266
PROB	74	PROB	77	1.851640
PROB	74	PROB	78	0.980196
PROB	75	PROB	76	2.105263
PROB	75	PROB	77	0.429198
PROB	75	PROB	78	2.726433
PROB	75	PROB	79	0.516185
PROB	76	PROB	77	2.636499
PROB	76	PROB	78	0.500773
PROB	76	PROB	79	2.752989
PROB	76	PROB	80	2.638281
PROB	76	PROB	81	0.066227
PROB	77	PROB	78	2.916917
PROB	77	PROB	79	0.734968
PROB	77	PROB	80	1.870829
PROB	77	PROB	81	1.080123
PROB	77	PROB	82	0.058321
PROB	78	PROB	79	2.667892
PROB	78	PROB	80	0.545705
PROB	78	PROB	81	1.610322
PROB	78	PROB	82	0.688033
PROB	79	PROB	80	3.187500
PROB	79	PROB	81	0.793857
PROB	79	PROB	82	1.472971
PROB	79	PROB	83	0.459279
PROB	79	PROB	84	0.066815
PROB	80	PROB	81	3.031089
PROB	80	PROB	82	0.709208
PROB	80	PROB	83	0.918559
PROB	80	PROB	84	2.338536
PROB	80	PROB	85	0.051031
PROB	81	PROB	82	2.519763
PROB	81	PROB	83	0.471405
PROB	81	PROB	84	2.700309
PROB	81	PROB	85	1.296362
PROB	81	PROB	86	0.288675
PROB	82	PROB	83	2.182633
PROB	82	PROB	84	0.874818
PROB	82	PROB	85	0.534522
PROB	82	PROB	86	3.927922
PROB	82	PROB	87	3.504383
PROB	83	PROB	84	2.618615
PROB	83	PROB	85	0.291667
PROB	83	PROB	86	0.306186
PROB	83	PROB	87	3.043904
PROB	83	PROB	89	3.012474
PROB	84	PROB	85	4.637130
PROB	84	PROB	86	0.534522
PROB	84	PROB	87	0.061314
PROB	85	PROB	86	2.602583
PROB	85	PROB	87	0.140488
PROB	86	PROB	87	4.645669
PROB	86	PROB	88	0.639602
PROB	87	PROB	88	2.739050
PROB	87	PROB	89	3.231832
PROB	88	PROB	89	2.717368
