PROA	11	PROA	12	3.162936
PROA	11	PROA	13	1.394580
PROA	11	PROA	18	1.812500
PROA	11	PROA	19	0.614919
PROA	11	PROA	20	2.453739
PROA	11	PROA	21	0.062500
PROA	11	PROA	22	0.094491
PROA	12	PROA	13	3.005877
PROA	12	PROA	14	0.258199
PROA	12	PROA	17	0.062622
PROA	12	PROA	18	0.645497
PROA	12	PROA	19	1.385641
PROA	12	PROA	20	0.149071
PROA	12	PROA	21	0.193649
PROA	12	PROA	22	0.097590
PROA	12	PROA	25	0.056344
PROA	12	PROA	26	1.380131
PROA	12	PROA	27	0.483046
PROA	12	PROA	28	2.487865
PROA	13	PROA	14	2.789160
PROA	13	PROA	16	0.091670
PROA	13	PROA	17	0.294118
PROA	13	PROA	18	2.546624
PROA	13	PROA	19	0.216930
PROA	13	PROA	28	0.389490
PROA	14	PROA	15	3.010831
PROA	14	PROA	16	1.228385
PROA	14	PROA	17	2.364722
PROA	14	PROA	18	0.375000
PROA	14	PROA	19	1.956559
PROA	14	PROA	28	3.326528
PROA	14	PROA	29	0.603023
PROA	14	PROA	30	1.091089
PROA	14	PROA	38	0.181902
PROA	14	PROA	40	1.507557
PROA	15	PROA	16	2.546005
PROA	15	PROA	17	0.891133
PROA	15	PROA	30	1.826285
PROA	15	PROA	38	0.643596
PROA	16	PROA	17	3.483454
PROA	16	PROA	18	0.188982
PROA	17	PROA	18	4.062472
PROA	17	PROA	19	1.952374
PROA	17	PROA	38	1.352941
PROA	17	PROA	55	2.068351
PROA	18	PROA	19	3.969021
PROA	18	PROA	20	1.154701
PROA	18	PROA	55	1.972107
PROA	18	PROA	99	0.106600
PROA	18	PROA	100	0.072169
PROA	18	PROA	102	0.872872
PROA	19	PROA	20	2.130141
PROA	19	PROA	21	1.900658
PROA	19	PROA	22	0.084515
PROA	19	PROA	28	2.000658
PROA	19	PROA	38	1.789676
PROA	19	PROA	39	0.335410
PROA	19	PROA	40	1.820340
PROA	19	PROA	53	1.179875
PROA	19	PROA	54	0.238366
PROA	19	PROA	55	2.669695
PROA	19	PROA	102	2.342160
PROA	20	PROA	21	3.824946
PROA	20	PROA	22	0.436436
PROA	20	PROA	55	0.061546
PROA	20	PROA	90	0.331133
PROA	20	PROA	102	3.086710
PROA	21	PROA	22	3.968627
PROA	21	PROA	23	0.133631
PROA	21	PROA	24	0.153093
PROA	21	PROA	25	2.836833
PROA	21	PROA	26	0.133631
PROA	21	PROA	28	0.745601
PROA	21	PROA	53	2.351511
PROA	21	PROA	90	2.867697
PROA	21	PROA	102	2.291288
PROA	22	PROA	23	5.555839
PROA	22	PROA	24	1.157275
PROA	22	PROA	25	1.402136
PROA	22	PROA	26	0.101015
PROA	23	PROA	24	2.782278
PROA	23	PROA	25	0.408248
PROA	23	PROA	26	0.071429
PROA	23	PROA	45	0.571429
PROA	24	PROA	25	6.236096
PROA	24	PROA	26	0.327327
PROA	24	PROA	43	0.044544
PROA	24	PROA	44	2.180246
PROA	24	PROA	45	2.673169
PROA	24	PROA	46	3.368048
PROA	24	PROA	47	1.527525
PROA	24	PROA	88	0.530330
PROA	24	PROA	356	0.054554
PROA	25	PROA	26	2.566132
PROA	25	PROA	28	0.050063
PROA	25	PROA	42	0.828079
PROA	25	PROA	43	0.666667
PROA	25	PROA	44	2.582757
PROA	25	PROA	45	0.233285
PROA	25	PROA	51	0.763763
PROA	25	PROA	53	1.301628
PROA	25	PROA	88	1.511858
PROA	25	PROA	90	1.501879
PROA	25	PROA	104	2.127624
PROA	26	PROA	27	3.785714
PROA	26	PROA	28	0.797081
PROA	26	PROA	42	1.183216
PROA	26	PROA	43	2.041241
PROA	26	PROA	44	0.154303
PROA	26	PROA	45	1.285714
PROA	26	PROA	50	0.054554
PROA	27	PROA	28	2.820441
PROA	27	PROA	29	0.402911
PROA	27	PROA	41	0.241747
PROA	27	PROA	42	1.352247
PROA	27	PROA	43	1.224745
PROA	27	PROA	50	2.018515
PROA	28	PROA	29	2.766858
PROA	28	PROA	40	0.899229
PROA	28	PROA	41	0.622543
PROA	28	PROA	42	2.031334
PROA	28	PROA	50	0.234146
PROA	28	PROA	53	0.263158
PROA	29	PROA	30	2.894987
PROA	29	PROA	31	0.553372
PROA	29	PROA	40	1.909091
PROA	29	PROA	41	3.818182
PROA	29	PROA	42	0.286039
PROA	29	PROA	50	1.169369
PROA	30	PROA	31	3.504383
PROA	30	PROA	32	3.546580
PROA	30	PROA	33	1.126872
PROA	30	PROA	38	1.640694
PROA	30	PROA	39	0.272772
PROA	30	PROA	40	1.513289
PROA	30	PROA	41	0.263181
PROA	31	PROA	32	3.901995
PROA	31	PROA	38	0.111283
PROA	31	PROA	39	3.670652
PROA	31	PROA	40	2.766858
PROA	31	PROA	41	2.974372
PROA	31	PROA	52	1.015667
PROA	31	PROA	53	0.052632
PROA	31	PROA	107	1.052632
PROA	32	PROA	33	4.098780
PROA	32	PROA	34	0.571429
PROA	32	PROA	38	1.558387
PROA	32	PROA	39	3.212698
PROA	32	PROA	40	0.227921
PROA	33	PROA	34	3.318060
PROA	33	PROA	37	0.975900
PROA	33	PROA	38	4.195703
PROA	33	PROA	39	0.516398
PROA	34	PROA	35	3.705209
PROA	34	PROA	36	0.742307
PROA	34	PROA	37	4.571429
PROA	34	PROA	38	0.733359
PROA	34	PROA	39	0.944911
PROA	35	PROA	36	5.106485
PROA	35	PROA	37	1.195229
PROA	36	PROA	37	2.639316
PROA	36	PROA	55	0.232621
PROA	36	PROA	56	3.003757
PROA	36	PROA	57	2.829192
PROA	36	PROA	58	1.632993
PROA	36	PROA	64	1.809524
PROA	36	PROA	67	1.024501
PROA	36	PROA	68	2.624453
PROA	36	PROA	71	0.112687
PROA	37	PROA	38	3.391784
PROA	37	PROA	39	0.755929
PROA	37	PROA	55	1.289317
PROA	37	PROA	56	0.173422
PROA	37	PROA	57	0.227921
PROA	38	PROA	39	3.638034
PROA	38	PROA	40	1.023781
PROA	38	PROA	53	0.055641
PROA	38	PROA	54	0.258544
PROA	38	PROA	55	1.706389
PROA	39	PROA	40	3.919647
PROA	39	PROA	52	0.316228
PROA	39	PROA	53	0.745601
PROA	39	PROA	54	3.517812
PROA	39	PROA	55	0.426401
PROA	40	PROA	41	3.545455
PROA	40	PROA	42	0.381385
PROA	40	PROA	51	0.075378
PROA	40	PROA	52	0.667424
PROA	40	PROA	53	2.559344
PROA	40	PROA	54	0.257130
PROA	41	PROA	42	4.290582
PROA	41	PROA	50	3.200379
PROA	41	PROA	51	0.829156
PROA	41	PROA	52	1.525540
PROA	41	PROA	53	0.622543
PROA	41	PROA	107	2.628515
PROA	42	PROA	43	3.381321
PROA	42	PROA	44	0.365148
PROA	42	PROA	49	0.079057
PROA	42	PROA	50	2.904738
PROA	42	PROA	51	2.687936
PROA	42	PROA	52	0.400000
PROA	42	PROA	53	2.466619
PROA	42	PROA	107	0.145095
PROA	43	PROA	44	3.779645
PROA	43	PROA	45	1.166424
PROA	43	PROA	48	2.326211
PROA	43	PROA	49	1.527525
PROA	43	PROA	50	2.761699
PROA	43	PROA	51	0.327327
PROA	44	PROA	45	3.394674
PROA	44	PROA	46	1.876388
PROA	44	PROA	47	3.163219
PROA	44	PROA	48	1.415552
PROA	44	PROA	49	2.381570
PROA	44	PROA	50	0.235702
PROA	44	PROA	51	1.010363
PROA	44	PROA	104	0.072169
PROA	45	PROA	46	3.407581
PROA	45	PROA	47	0.500000
PROA	45	PROA	48	1.025645
PROA	46	PROA	47	3.808473
PROA	46	PROA	48	1.066004
PROA	47	PROA	48	2.792034
PROA	47	PROA	49	2.472166
PROA	48	PROA	49	2.824909
PROA	49	PROA	50	2.551552
PROA	49	PROA	51	1.750000
PROA	50	PROA	51	3.317017
PROA	50	PROA	52	0.064550
PROA	50	PROA	107	2.528782
PROA	51	PROA	52	4.743416
PROA	51	PROA	53	0.975017
PROA	51	PROA	87	1.069045
PROA	51	PROA	104	2.250000
PROA	51	PROA	105	0.970143
PROA	51	PROA	106	1.154701
PROA	51	PROA	107	2.236803
PROA	52	PROA	53	3.699929
PROA	52	PROA	54	0.539360
PROA	52	PROA	103	0.072548
PROA	52	PROA	104	1.423025
PROA	52	PROA	105	2.761074
PROA	52	PROA	106	1.551881
PROA	52	PROA	107	3.627381
PROA	52	PROA	108	0.306786
PROA	53	PROA	54	2.836873
PROA	53	PROA	55	0.342381
PROA	53	PROA	90	0.263158
PROA	53	PROA	102	1.251565
PROA	53	PROA	103	0.684211
PROA	53	PROA	104	3.154466
PROA	53	PROA	105	0.278207
PROA	54	PROA	55	1.727273
PROA	54	PROA	56	2.298845
PROA	54	PROA	101	0.053300
PROA	54	PROA	102	0.604815
PROA	54	PROA	103	3.081431
PROA	54	PROA	104	0.213201
PROA	54	PROA	105	1.758098
PROA	54	PROA	166	0.064282
PROA	55	PROA	56	2.885784
PROA	55	PROA	57	0.642824
PROA	55	PROA	99	0.318182
PROA	55	PROA	100	2.523376
PROA	55	PROA	101	0.373101
PROA	55	PROA	102	3.582364
PROA	55	PROA	103	0.097823
PROA	56	PROA	57	3.112715
PROA	56	PROA	58	2.084674
PROA	56	PROA	68	0.797081
PROA	56	PROA	100	0.397360
PROA	56	PROA	101	3.670652
PROA	56	PROA	102	0.600751
PROA	56	PROA	103	2.421053
PROA	57	PROA	58	4.270862
PROA	57	PROA	59	0.471940
PROA	57	PROA	64	0.065795
PROA	57	PROA	99	0.128565
PROA	57	PROA	100	0.522233
PROA	57	PROA	101	0.150756
PROA	58	PROA	59	4.482107
PROA	58	PROA	60	0.759072
PROA	58	PROA	61	0.777844
PROA	58	PROA	64	1.982920
PROA	58	PROA	65	1.853393
PROA	58	PROA	68	2.214286
PROA	58	PROA	101	0.200446
PROA	58	PROA	347	0.858395
PROA	59	PROA	60	3.059956
PROA	59	PROA	61	0.379628
PROA	59	PROA	65	1.011300
PROA	59	PROA	98	1.464281
PROA	59	PROA	99	1.096482
PROA	59	PROA	100	0.516398
PROA	59	PROA	101	1.006231
PROA	59	PROA	340	0.333712
PROA	59	PROA	344	3.956870
PROA	59	PROA	347	2.205853
PROA	59	PROA	348	0.100000
PROA	60	PROA	61	3.694723
PROA	60	PROA	62	0.187867
PROA	60	PROA	65	0.077850
PROA	60	PROA	340	1.266108
PROA	61	PROA	62	2.176471
PROA	61	PROA	63	0.648204
PROA	61	PROA	64	3.598942
PROA	61	PROA	65	1.243163
PROA	61	PROA	340	1.189302
PROA	62	PROA	63	2.916917
PROA	62	PROA	64	0.529256
PROA	62	PROA	65	1.901308
PROA	62	PROA	66	2.000000
PROA	62	PROA	338	0.166924
PROA	62	PROA	339	0.453743
PROA	62	PROA	340	3.205944
PROA	62	PROA	343	1.391037
PROA	63	PROA	64	3.265986
PROA	63	PROA	65	0.966988
PROA	63	PROA	66	2.592815
PROA	63	PROA	67	1.036535
PROA	63	PROA	68	0.071429
PROA	64	PROA	65	2.829192
PROA	64	PROA	66	0.688033
PROA	64	PROA	67	1.781742
PROA	64	PROA	68	1.341387
PROA	64	PROA	69	0.050063
PROA	64	PROA	347	0.050063
PROA	65	PROA	66	2.851962
PROA	65	PROA	67	0.615457
PROA	65	PROA	68	1.450481
PROA	65	PROA	69	0.760886
PROA	65	PROA	335	0.069171
PROA	65	PROA	340	0.385695
PROA	65	PROA	343	2.628515
PROA	65	PROA	344	0.257130
PROA	65	PROA	347	2.144315
PROA	66	PROA	67	2.128817
PROA	66	PROA	68	0.388922
PROA	66	PROA	69	1.057188
PROA	66	PROA	70	3.861575
PROA	66	PROA	335	3.616697
PROA	66	PROA	343	2.114377
PROA	66	PROA	347	0.055641
PROA	67	PROA	68	2.673169
PROA	67	PROA	69	0.327805
PROA	67	PROA	70	1.166667
PROA	67	PROA	71	0.790569
PROA	67	PROA	72	0.046829
PROA	67	PROA	169	3.548977
PROA	67	PROA	170	0.374634
PROA	68	PROA	69	2.145988
PROA	68	PROA	70	0.436436
PROA	68	PROA	71	1.794170
PROA	68	PROA	72	1.716790
PROA	68	PROA	103	0.061314
PROA	68	PROA	347	0.551825
PROA	69	PROA	70	3.090733
PROA	69	PROA	71	0.533114
PROA	69	PROA	72	1.526316
PROA	69	PROA	73	2.152110
PROA	69	PROA	333	0.055641
PROA	69	PROA	335	2.315789
PROA	69	PROA	343	0.315789
PROA	69	PROA	346	2.052632
PROA	69	PROA	347	2.315789
PROA	69	PROA	350	0.829288
PROA	70	PROA	71	2.108185
PROA	70	PROA	72	0.655610
PROA	70	PROA	73	1.218544
PROA	70	PROA	74	1.030244
PROA	70	PROA	75	0.046829
PROA	70	PROA	172	2.791667
PROA	70	PROA	329	0.045644
PROA	70	PROA	331	2.692969
PROA	70	PROA	334	0.052705
PROA	70	PROA	335	3.043904
PROA	70	PROA	336	0.294628
PROA	71	PROA	72	3.257919
PROA	71	PROA	73	0.605530
PROA	71	PROA	74	2.073221
PROA	71	PROA	75	2.843275
PROA	71	PROA	76	0.059235
PROA	71	PROA	167	0.745356
PROA	71	PROA	168	3.752777
PROA	71	PROA	169	1.951800
PROA	71	PROA	331	0.057735
PROA	72	PROA	73	2.103199
PROA	72	PROA	74	0.578947
PROA	72	PROA	75	2.578947
PROA	72	PROA	76	2.842105
PROA	72	PROA	77	0.046829
PROA	72	PROA	86	2.631579
PROA	72	PROA	89	0.894737
PROA	72	PROA	103	1.421053
PROA	72	PROA	354	0.051299
PROA	73	PROA	74	2.152110
PROA	73	PROA	75	0.586939
PROA	73	PROA	76	1.907552
PROA	73	PROA	77	0.478714
PROA	73	PROA	78	0.047673
PROA	73	PROA	329	1.191828
PROA	73	PROA	331	1.763906
PROA	73	PROA	332	2.769559
PROA	73	PROA	350	1.706494
PROA	74	PROA	75	2.842105
PROA	74	PROA	76	0.526316
PROA	74	PROA	77	0.796098
PROA	74	PROA	78	1.692864
PROA	74	PROA	79	0.046829
PROA	74	PROA	140	0.052632
PROA	74	PROA	145	1.204433
PROA	74	PROA	168	2.924038
PROA	74	PROA	171	3.047000
PROA	74	PROA	172	0.421464
PROA	74	PROA	329	2.513647
PROA	74	PROA	331	0.974679
PROA	75	PROA	76	2.368421
PROA	75	PROA	77	0.515122
PROA	75	PROA	78	0.615587
PROA	75	PROA	79	1.217562
PROA	75	PROA	83	0.736842
PROA	75	PROA	84	1.947368
PROA	75	PROA	85	0.520266
PROA	75	PROA	86	2.736842
PROA	75	PROA	105	0.445132
PROA	75	PROA	166	0.138343
PROA	75	PROA	167	0.198680
PROA	75	PROA	168	1.744163
PROA	76	PROA	77	1.732684
PROA	76	PROA	78	0.410391
PROA	76	PROA	79	4.074148
PROA	76	PROA	86	2.421053
PROA	76	PROA	354	0.256495
PROA	77	PROA	78	6.070592
PROA	77	PROA	79	0.500000
PROA	77	PROA	139	0.133631
PROA	77	PROA	143	0.903696
PROA	77	PROA	326	1.264911
PROA	77	PROA	327	3.033837
PROA	77	PROA	328	0.872872
PROA	77	PROA	329	2.464752
PROA	78	PROA	79	2.008316
PROA	78	PROA	80	0.976187
PROA	78	PROA	83	2.000658
PROA	78	PROA	139	2.537340
PROA	78	PROA	140	2.770142
PROA	78	PROA	143	1.484924
PROA	78	PROA	145	2.124265
PROA	78	PROA	326	0.230940
PROA	78	PROA	327	0.070711
PROA	78	PROA	329	1.150000
PROA	79	PROA	80	2.871428
PROA	79	PROA	83	1.732684
PROA	79	PROA	84	0.796098
PROA	79	PROA	85	2.854612
PROA	79	PROA	86	0.842927
PROA	79	PROA	139	0.178174
PROA	80	PROA	81	5.698641
PROA	80	PROA	82	2.787276
PROA	80	PROA	83	4.228753
PROA	80	PROA	84	0.055641
PROA	80	PROA	135	0.247537
PROA	80	PROA	136	1.466718
PROA	80	PROA	139	2.064099
PROA	80	PROA	164	0.155126
PROA	81	PROA	82	3.795361
PROA	81	PROA	83	0.414644
PROA	81	PROA	135	0.052705
PROA	81	PROA	162	0.074536
PROA	81	PROA	163	0.059235
PROA	81	PROA	164	0.770675
PROA	82	PROA	83	2.881755
PROA	82	PROA	84	0.245256
PROA	82	PROA	132	3.435480
PROA	82	PROA	135	0.709208
PROA	82	PROA	136	1.212183
PROA	82	PROA	162	0.385758
PROA	82	PROA	163	2.820441
PROA	82	PROA	164	1.937330
PROA	82	PROA	165	1.103651
PROA	83	PROA	84	2.947368
PROA	83	PROA	85	0.346844
PROA	83	PROA	136	1.994353
PROA	83	PROA	137	0.105263
PROA	83	PROA	139	0.550689
PROA	83	PROA	140	1.736842
PROA	83	PROA	164	1.076055
PROA	83	PROA	165	3.315789
PROA	83	PROA	168	1.385071
PROA	84	PROA	85	4.508972
PROA	84	PROA	86	0.105263
PROA	84	PROA	105	2.670791
PROA	84	PROA	106	0.463586
PROA	84	PROA	108	1.502320
PROA	84	PROA	156	0.368421
PROA	84	PROA	164	1.858641
PROA	84	PROA	165	1.052632
PROA	84	PROA	166	2.490172
PROA	84	PROA	167	0.198680
PROA	84	PROA	168	0.307794
PROA	85	PROA	86	3.641862
PROA	85	PROA	87	0.606092
PROA	85	PROA	105	1.650057
PROA	85	PROA	106	0.109109
PROA	85	PROA	164	0.080582
PROA	86	PROA	87	2.943069
PROA	86	PROA	88	0.596040
PROA	86	PROA	89	1.473684
PROA	86	PROA	103	1.000000
PROA	86	PROA	104	0.172062
PROA	86	PROA	105	1.947452
PROA	86	PROA	354	1.077277
PROA	87	PROA	88	3.626129
PROA	87	PROA	103	0.061314
PROA	87	PROA	104	3.474396
PROA	87	PROA	105	2.268713
PROA	87	PROA	106	2.391702
PROA	87	PROA	354	0.597614
PROA	88	PROA	89	3.973597
PROA	88	PROA	90	1.456986
PROA	88	PROA	102	0.062994
PROA	88	PROA	103	0.529813
PROA	88	PROA	104	5.412659
PROA	88	PROA	105	0.070014
PROA	88	PROA	354	1.936492
PROA	89	PROA	90	3.210526
PROA	89	PROA	91	0.515122
PROA	89	PROA	101	1.376494
PROA	89	PROA	102	1.151440
PROA	89	PROA	103	4.894737
PROA	89	PROA	104	0.745601
PROA	89	PROA	351	2.636499
PROA	89	PROA	354	3.744821
PROA	89	PROA	355	1.001547
PROA	90	PROA	91	2.762928
PROA	90	PROA	101	0.516185
PROA	90	PROA	102	2.853569
PROA	90	PROA	103	0.157895
PROA	90	PROA	104	1.147079
PROA	90	PROA	355	1.001547
PROA	91	PROA	92	4.453931
PROA	91	PROA	93	1.091089
PROA	91	PROA	98	1.930788
PROA	91	PROA	100	0.412479
PROA	91	PROA	101	1.837117
PROA	91	PROA	102	0.267261
PROA	91	PROA	348	4.381780
PROA	91	PROA	349	0.210819
PROA	91	PROA	351	3.491486
PROA	91	PROA	352	2.001041
PROA	91	PROA	355	3.911083
PROA	92	PROA	93	4.817379
PROA	92	PROA	94	1.352247
PROA	92	PROA	97	1.380537
PROA	92	PROA	98	2.454288
PROA	92	PROA	99	0.067420
PROA	92	PROA	100	0.091287
PROA	92	PROA	348	0.424264
PROA	92	PROA	355	0.076696
PROA	93	PROA	94	4.571429
PROA	93	PROA	95	0.061314
PROA	93	PROA	348	0.657376
PROA	93	PROA	355	0.064820
PROA	94	PROA	95	2.881755
PROA	94	PROA	96	1.449138
PROA	94	PROA	97	2.463174
PROA	94	PROA	98	0.972306
PROA	94	PROA	348	1.135467
PROA	95	PROA	96	4.264912
PROA	95	PROA	97	0.778981
PROA	95	PROA	98	2.948999
PROA	95	PROA	344	1.124967
PROA	95	PROA	345	2.013986
PROA	95	PROA	348	3.129234
PROA	96	PROA	97	3.569478
PROA	96	PROA	98	0.688847
PROA	97	PROA	98	2.647059
PROA	97	PROA	99	0.258544
PROA	98	PROA	99	2.171768
PROA	98	PROA	100	0.420084
PROA	98	PROA	101	1.212678
PROA	98	PROA	344	0.517088
PROA	98	PROA	347	0.111283
PROA	98	PROA	348	2.711631
PROA	98	PROA	351	0.129641
PROA	99	PROA	100	5.600663
PROA	99	PROA	101	0.053300
PROA	99	PROA	344	0.045455
PROA	100	PROA	101	3.608439
PROA	100	PROA	102	1.259882
PROA	101	PROA	102	3.546041
PROA	101	PROA	103	1.433848
PROA	101	PROA	347	0.458831
PROA	101	PROA	351	0.467707
PROA	102	PROA	103	2.102630
PROA	102	PROA	104	0.272772
PROA	103	PROA	104	3.039758
PROA	103	PROA	105	1.836169
PROA	104	PROA	105	3.638034
PROA	105	PROA	106	3.430686
PROA	105	PROA	107	0.278207
PROA	106	PROA	107	2.649065
PROA	106	PROA	108	2.030406
PROA	106	PROA	158	0.771517
PROA	106	PROA	164	0.307729
PROA	107	PROA	108	3.561055
PROA	107	PROA	109	0.296174
PROA	107	PROA	158	1.042337
PROA	107	PROA	159	0.061314
PROA	108	PROA	109	2.379652
PROA	108	PROA	110	1.166767
PROA	108	PROA	156	3.060282
PROA	108	PROA	157	0.890264
PROA	108	PROA	158	3.176198
PROA	108	PROA	159	0.064820
PROA	108	PROA	164	1.758098
PROA	109	PROA	110	4.071387
PROA	109	PROA	157	0.947758
PROA	109	PROA	158	1.725164
PROA	109	PROA	159	4.209400
PROA	110	PROA	111	5.246314
PROA	110	PROA	112	0.490511
PROA	110	PROA	114	1.595448
PROA	110	PROA	115	2.820441
PROA	110	PROA	156	0.735767
PROA	110	PROA	157	3.494894
PROA	110	PROA	158	0.071429
PROA	111	PROA	112	2.649065
PROA	111	PROA	113	2.519763
PROA	111	PROA	114	4.492839
PROA	111	PROA	115	0.794719
PROA	111	PROA	116	0.066227
PROA	111	PROA	152	0.540062
PROA	111	PROA	153	1.305582
PROA	111	PROA	155	0.596040
PROA	111	PROA	156	2.913971
PROA	111	PROA	157	0.794719
PROA	112	PROA	113	2.302880
PROA	112	PROA	114	0.391293
PROA	112	PROA	115	2.157895
PROA	112	PROA	116	3.947368
PROA	112	PROA	117	0.048912
PROA	112	PROA	121	1.052632
PROA	112	PROA	129	1.231174
PROA	112	PROA	133	0.210526
PROA	112	PROA	152	3.678836
PROA	112	PROA	155	3.105263
PROA	112	PROA	156	0.263158
PROA	112	PROA	157	2.473684
PROA	112	PROA	163	0.263158
PROA	112	PROA	217	0.526316
PROA	112	PROA	221	0.945905
PROA	113	PROA	114	3.908034
PROA	113	PROA	115	0.500626
PROA	113	PROA	116	1.301628
PROA	113	PROA	117	1.349202
PROA	113	PROA	118	0.058321
PROA	113	PROA	152	2.566132
PROA	113	PROA	153	1.644879
PROA	113	PROA	155	0.050063
PROA	114	PROA	115	1.907552
PROA	114	PROA	116	0.586939
PROA	114	PROA	117	1.454545
PROA	114	PROA	118	1.196586
PROA	114	PROA	119	0.051709
PROA	115	PROA	116	2.578947
PROA	115	PROA	117	0.635851
PROA	115	PROA	118	3.065697
PROA	115	PROA	119	2.837716
PROA	115	PROA	121	1.315789
PROA	115	PROA	129	0.410391
PROA	115	PROA	157	1.052632
PROA	116	PROA	117	1.809729
PROA	116	PROA	118	0.797081
PROA	116	PROA	119	1.001547
PROA	116	PROA	120	0.111283
PROA	116	PROA	121	2.315789
PROA	116	PROA	152	1.042337
PROA	116	PROA	217	0.052632
PROA	116	PROA	220	1.717812
PROA	116	PROA	221	1.836169
PROA	116	PROA	223	0.069171
PROA	116	PROA	224	4.169348
PROA	117	PROA	118	2.849014
PROA	117	PROA	119	0.361961
PROA	117	PROA	224	0.056980
PROA	118	PROA	119	4.472606
PROA	119	PROA	120	3.411765
PROA	119	PROA	121	1.724886
PROA	119	PROA	122	0.073127
PROA	119	PROA	224	0.842665
PROA	120	PROA	121	2.392584
PROA	120	PROA	122	0.146254
PROA	120	PROA	223	0.585018
PROA	120	PROA	224	3.370659
PROA	121	PROA	122	3.181887
PROA	121	PROA	123	0.245256
PROA	121	PROA	125	0.723339
PROA	121	PROA	126	3.105263
PROA	121	PROA	129	1.282473
PROA	121	PROA	221	2.058735
PROA	121	PROA	224	0.245256
PROA	122	PROA	123	3.706786
PROA	122	PROA	124	2.785242
PROA	122	PROA	125	3.583235
PROA	122	PROA	126	1.660115
PROA	122	PROA	127	0.090909
PROA	123	PROA	124	3.780432
PROA	123	PROA	125	0.777844
PROA	123	PROA	126	1.716790
PROA	123	PROA	127	1.289317
PROA	123	PROA	128	0.058321
PROA	123	PROA	283	1.543033
PROA	123	PROA	286	0.084515
PROA	123	PROA	312	1.399708
PROA	124	PROA	125	4.550910
PROA	124	PROA	126	0.860946
PROA	124	PROA	127	2.437087
PROA	124	PROA	128	0.881917
PROA	124	PROA	129	0.064550
PROA	124	PROA	316	0.755929
PROA	125	PROA	126	2.448225
PROA	125	PROA	127	0.804400
PROA	125	PROA	128	1.270215
PROA	125	PROA	129	2.277770
PROA	125	PROA	130	0.055641
PROA	125	PROA	161	0.438763
PROA	126	PROA	127	2.974372
PROA	126	PROA	128	0.450564
PROA	126	PROA	129	1.128576
PROA	126	PROA	130	1.052632
PROA	126	PROA	131	0.050063
PROA	126	PROA	218	1.052632
PROA	126	PROA	221	3.894904
PROA	126	PROA	222	2.842105
PROA	126	PROA	286	0.072548
PROA	126	PROA	312	0.951190
PROA	127	PROA	128	2.763397
PROA	127	PROA	129	0.606780
PROA	127	PROA	130	1.660115
PROA	127	PROA	131	0.921132
PROA	127	PROA	132	0.073127
PROA	127	PROA	312	4.342481
PROA	127	PROA	313	2.282658
PROA	127	PROA	315	0.658145
PROA	127	PROA	316	1.184313
PROA	128	PROA	129	2.488545
PROA	128	PROA	130	0.400501
PROA	128	PROA	131	2.190476
PROA	128	PROA	132	4.181123
PROA	128	PROA	133	0.050063
PROA	128	PROA	161	1.118518
PROA	128	PROA	162	0.629941
PROA	128	PROA	316	3.142857
PROA	129	PROA	130	1.949359
PROA	129	PROA	131	0.487950
PROA	129	PROA	132	2.657398
PROA	129	PROA	133	1.333772
PROA	129	PROA	157	1.898060
PROA	129	PROA	161	0.809040
PROA	129	PROA	163	2.205853
PROA	129	PROA	221	1.030420
PROA	130	PROA	131	2.202755
PROA	130	PROA	132	0.723339
PROA	130	PROA	133	2.526316
PROA	130	PROA	134	1.631579
PROA	130	PROA	135	0.046829
PROA	130	PROA	214	1.376494
PROA	130	PROA	215	0.086711
PROA	130	PROA	218	4.263158
PROA	130	PROA	221	1.947452
PROA	130	PROA	286	0.072548
PROA	130	PROA	289	0.947368
PROA	130	PROA	293	1.613603
PROA	130	PROA	312	1.151440
PROA	130	PROA	313	1.947368
PROA	131	PROA	132	3.493090
PROA	131	PROA	133	0.450564
PROA	131	PROA	134	0.801002
PROA	131	PROA	135	3.518940
PROA	131	PROA	308	1.852317
PROA	131	PROA	313	3.954947
PROA	131	PROA	316	3.476190
PROA	131	PROA	317	0.904762
PROA	132	PROA	133	2.281301
PROA	132	PROA	134	0.500773
PROA	132	PROA	135	1.435714
PROA	132	PROA	136	0.550019
PROA	132	PROA	161	0.292509
PROA	132	PROA	162	0.700140
PROA	132	PROA	163	3.950546
PROA	132	PROA	165	0.055641
PROA	133	PROA	134	3.105263
PROA	133	PROA	135	0.561951
PROA	133	PROA	136	1.040532
PROA	133	PROA	137	1.157895
PROA	133	PROA	138	0.048912
PROA	133	PROA	150	1.000000
PROA	133	PROA	155	1.894737
PROA	133	PROA	163	1.421053
PROA	133	PROA	165	0.421053
PROA	133	PROA	214	2.466219
PROA	133	PROA	217	1.631579
PROA	133	PROA	221	0.778981
PROA	134	PROA	135	1.685854
PROA	134	PROA	136	0.953821
PROA	134	PROA	137	2.578947
PROA	134	PROA	138	0.782586
PROA	134	PROA	211	0.947368
PROA	134	PROA	214	2.408865
PROA	134	PROA	289	0.315789
PROA	134	PROA	293	0.945905
PROA	134	PROA	304	2.867697
PROA	134	PROA	307	2.466619
PROA	134	PROA	308	4.210526
PROA	134	PROA	313	0.736842
PROA	135	PROA	136	2.700309
PROA	135	PROA	137	0.421464
PROA	135	PROA	138	2.175971
PROA	135	PROA	139	0.311805
PROA	135	PROA	308	3.418538
PROA	135	PROA	316	0.044544
PROA	135	PROA	317	1.202676
PROA	135	PROA	318	0.530330
PROA	135	PROA	322	0.052705
PROA	136	PROA	137	2.774752
PROA	136	PROA	138	1.208734
PROA	136	PROA	139	1.649572
PROA	136	PROA	140	1.040532
PROA	136	PROA	141	0.091670
PROA	136	PROA	165	0.953821
PROA	137	PROA	138	2.249934
PROA	137	PROA	139	0.600751
PROA	137	PROA	140	2.157895
PROA	137	PROA	141	1.836169
PROA	137	PROA	142	0.069171
PROA	137	PROA	150	0.210526
PROA	137	PROA	165	0.315789
PROA	137	PROA	210	2.715291
PROA	137	PROA	211	0.684211
PROA	137	PROA	214	1.433848
PROA	137	PROA	304	2.752989
PROA	138	PROA	139	2.558832
PROA	138	PROA	140	0.293470
PROA	138	PROA	141	1.241010
PROA	138	PROA	142	0.835672
PROA	138	PROA	304	1.225904
PROA	138	PROA	305	2.036783
PROA	138	PROA	308	1.124967
PROA	138	PROA	322	1.431253
PROA	139	PROA	140	3.053820
PROA	139	PROA	141	0.582182
PROA	139	PROA	142	1.250108
PROA	139	PROA	143	0.414039
PROA	139	PROA	326	2.084714
PROA	140	PROA	141	2.503867
PROA	140	PROA	142	0.622543
PROA	140	PROA	143	1.668595
PROA	140	PROA	144	0.490511
PROA	140	PROA	145	2.867697
PROA	140	PROA	146	0.210526
PROA	140	PROA	147	1.001547
PROA	140	PROA	165	0.105263
PROA	140	PROA	168	0.461690
PROA	141	PROA	142	3.290726
PROA	141	PROA	143	0.613572
PROA	141	PROA	144	1.296407
PROA	141	PROA	145	0.363803
PROA	141	PROA	146	0.278207
PROA	141	PROA	207	1.551263
PROA	141	PROA	210	0.140028
PROA	141	PROA	304	2.425356
PROA	142	PROA	143	3.813850
PROA	142	PROA	144	1.208734
PROA	142	PROA	325	1.620886
PROA	142	PROA	326	3.736795
PROA	143	PROA	144	4.394802
PROA	143	PROA	145	2.608879
PROA	143	PROA	173	0.158114
PROA	143	PROA	326	2.122891
PROA	143	PROA	327	1.200000
PROA	143	PROA	328	1.436762
PROA	143	PROA	329	0.494975
PROA	144	PROA	145	3.006689
PROA	144	PROA	146	1.287593
PROA	144	PROA	172	0.054554
PROA	144	PROA	173	1.336306
PROA	144	PROA	174	2.450947
PROA	144	PROA	328	0.142857
PROA	145	PROA	146	3.326528
PROA	145	PROA	147	0.242536
PROA	145	PROA	168	0.055902
PROA	145	PROA	171	0.237171
PROA	145	PROA	172	0.714435
PROA	145	PROA	173	2.812500
PROA	145	PROA	174	0.316228
PROA	145	PROA	329	2.571478
PROA	146	PROA	147	1.947452
PROA	146	PROA	148	3.512197
PROA	146	PROA	170	0.052632
PROA	146	PROA	171	1.160762
PROA	146	PROA	172	1.030244
PROA	146	PROA	173	0.573539
PROA	146	PROA	174	3.047000
PROA	146	PROA	175	0.264906
PROA	146	PROA	185	0.061314
PROA	146	PROA	210	0.331133
PROA	147	PROA	148	2.970443
PROA	147	PROA	149	0.560112
PROA	147	PROA	150	2.837716
PROA	147	PROA	154	1.879791
PROA	147	PROA	165	1.224113
PROA	147	PROA	166	0.731272
PROA	147	PROA	167	1.190238
PROA	147	PROA	168	2.657398
PROA	147	PROA	170	0.333849
PROA	147	PROA	171	2.684377
PROA	147	PROA	210	0.140028
PROA	148	PROA	149	2.474874
PROA	148	PROA	150	0.234146
PROA	148	PROA	154	0.163663
PROA	148	PROA	170	2.856587
PROA	148	PROA	171	0.645497
PROA	148	PROA	172	0.125000
PROA	148	PROA	174	0.129099
PROA	148	PROA	175	0.353553
PROA	148	PROA	178	0.198030
PROA	148	PROA	185	2.454951
PROA	148	PROA	186	3.425801
PROA	148	PROA	188	0.255155
PROA	148	PROA	209	0.093659
PROA	148	PROA	210	0.058926
PROA	149	PROA	150	2.582838
PROA	149	PROA	151	2.892650
PROA	149	PROA	154	0.540062
PROA	149	PROA	188	1.443376
PROA	149	PROA	190	0.077152
PROA	149	PROA	193	1.322876
PROA	149	PROA	194	1.767767
PROA	149	PROA	213	0.435194
PROA	150	PROA	151	2.739050
PROA	150	PROA	152	0.061314
PROA	150	PROA	154	1.655476
PROA	150	PROA	155	1.473684
PROA	150	PROA	165	2.052632
PROA	150	PROA	193	0.500626
PROA	150	PROA	210	0.132453
PROA	150	PROA	213	2.213486
PROA	150	PROA	214	0.458831
PROA	150	PROA	217	2.315789
PROA	151	PROA	152	3.589758
PROA	151	PROA	153	2.185603
PROA	151	PROA	154	3.817679
PROA	151	PROA	155	0.684762
PROA	151	PROA	188	0.106600
PROA	151	PROA	189	0.067420
PROA	151	PROA	190	0.854704
PROA	151	PROA	192	0.087039
PROA	151	PROA	193	2.837977
PROA	151	PROA	217	0.880409
PROA	152	PROA	153	3.142710
PROA	152	PROA	154	0.642857
PROA	152	PROA	155	2.697813
PROA	152	PROA	193	1.283066
PROA	152	PROA	217	1.900732
PROA	152	PROA	220	1.656157
PROA	153	PROA	154	3.303874
PROA	153	PROA	155	0.691714
PROA	153	PROA	156	0.415029
PROA	154	PROA	155	3.249638
PROA	154	PROA	156	0.858395
PROA	154	PROA	164	0.056980
PROA	154	PROA	165	0.858395
PROA	154	PROA	166	2.820380
PROA	154	PROA	167	1.234427
PROA	155	PROA	156	2.789474
PROA	155	PROA	157	0.368421
PROA	155	PROA	163	2.526316
PROA	155	PROA	164	0.342381
PROA	155	PROA	165	2.210526
PROA	155	PROA	166	0.276686
PROA	155	PROA	217	1.421053
PROA	156	PROA	157	2.578947
PROA	156	PROA	158	0.245256
PROA	156	PROA	162	0.066227
PROA	156	PROA	163	0.526316
PROA	156	PROA	164	1.614083
PROA	156	PROA	165	0.157895
PROA	156	PROA	166	2.282658
PROA	157	PROA	158	2.697813
PROA	157	PROA	159	0.245256
PROA	157	PROA	161	0.553372
PROA	157	PROA	162	0.794719
PROA	157	PROA	163	3.052632
PROA	157	PROA	164	0.342381
PROA	158	PROA	159	3.000000
PROA	158	PROA	160	2.357143
PROA	158	PROA	161	1.611646
PROA	158	PROA	162	3.857584
PROA	158	PROA	163	0.245256
PROA	158	PROA	164	2.108271
PROA	159	PROA	160	4.285714
PROA	159	PROA	161	1.369899
PROA	159	PROA	162	0.077152
PROA	160	PROA	161	4.190279
PROA	160	PROA	162	3.086067
PROA	161	PROA	162	3.307475
PROA	161	PROA	163	0.345857
PROA	162	PROA	163	2.913971
PROA	162	PROA	164	1.846372
PROA	163	PROA	164	3.815105
PROA	163	PROA	165	1.105263
PROA	164	PROA	165	2.005376
PROA	164	PROA	166	0.578542
PROA	165	PROA	166	3.873601
PROA	165	PROA	167	0.132453
PROA	165	PROA	168	1.590266
PROA	166	PROA	167	5.918640
PROA	166	PROA	168	1.213560
PROA	167	PROA	168	4.066633
PROA	167	PROA	169	0.981981
PROA	167	PROA	171	0.091287
PROA	168	PROA	169	2.958040
PROA	168	PROA	170	0.615587
PROA	168	PROA	171	3.889087
PROA	169	PROA	170	3.208307
PROA	169	PROA	171	1.314751
PROA	170	PROA	171	2.974453
PROA	170	PROA	172	0.515122
PROA	170	PROA	186	1.895516
PROA	170	PROA	188	2.179449
PROA	171	PROA	172	3.485685
PROA	171	PROA	331	0.070711
PROA	172	PROA	173	2.704645
PROA	172	PROA	174	0.258199
PROA	172	PROA	329	0.045644
PROA	172	PROA	331	1.278019
PROA	173	PROA	174	4.427189
PROA	173	PROA	175	0.433013
PROA	173	PROA	329	1.844756
PROA	173	PROA	330	0.159901
PROA	174	PROA	175	3.377622
PROA	174	PROA	176	0.253546
PROA	175	PROA	176	4.166190
PROA	175	PROA	177	0.916667
PROA	175	PROA	178	3.710742
PROA	176	PROA	177	4.474797
PROA	176	PROA	178	0.518563
PROA	176	PROA	203	0.056980
PROA	176	PROA	204	0.606092
PROA	176	PROA	205	1.283066
PROA	177	PROA	178	4.690938
PROA	177	PROA	185	0.077152
PROA	177	PROA	202	0.609272
PROA	177	PROA	203	3.261925
PROA	177	PROA	204	2.182179
PROA	177	PROA	205	1.574852
PROA	178	PROA	185	2.981737
PROA	178	PROA	203	0.051709
PROA	178	PROA	205	1.164363
PROA	185	PROA	186	3.450328
PROA	185	PROA	187	1.516351
PROA	185	PROA	194	0.054554
PROA	185	PROA	198	2.636499
PROA	185	PROA	205	2.099563
PROA	185	PROA	209	0.183942
PROA	185	PROB	71	0.272772
PROA	186	PROA	187	2.366432
PROA	186	PROA	188	2.388340
PROA	186	PROA	194	0.052705
PROA	187	PROA	188	2.673169
PROA	187	PROA	189	0.207020
PROA	187	PROA	194	2.271721
PROA	187	PROA	198	1.451816
PROA	187	PROA	199	0.740959
PROA	187	PROA	233	0.571429
PROA	187	PROB	68	1.690309
PROA	187	PROB	69	1.351691
PROA	187	PROB	71	3.251678
PROA	188	PROA	189	3.715676
PROA	188	PROA	190	0.668153
PROA	188	PROA	194	1.684024
PROA	189	PROA	190	4.225771
PROA	189	PROA	194	0.064550
PROA	190	PROA	191	3.546041
PROA	190	PROA	192	3.218714
PROA	190	PROA	193	0.583212
PROA	190	PROA	194	0.381881
PROA	191	PROA	192	2.166667
PROA	191	PROA	193	0.311805
PROA	191	PROA	194	1.500000
PROA	191	PROA	199	0.841625
PROA	191	PROA	230	0.231455
PROA	191	PROA	231	0.304636
PROA	191	PROA	232	1.534729
PROA	191	PROA	233	2.227177
PROA	191	PROA	236	2.722906
PROA	191	PROB	65	0.099015
PROA	191	PROB	68	1.528434
PROA	192	PROA	193	3.964375
PROA	192	PROA	194	0.541667
PROA	192	PROA	216	0.307729
PROA	192	PROA	226	2.018515
PROA	192	PROA	228	0.410792
PROA	192	PROA	229	0.981981
PROA	192	PROA	230	0.617213
PROA	192	PROA	236	1.435714
PROA	193	PROA	194	2.049003
PROA	193	PROA	195	0.345033
PROA	193	PROA	212	0.579066
PROA	193	PROA	213	1.908060
PROA	193	PROA	216	1.908060
PROA	193	PROA	217	1.151440
PROA	193	PROA	220	1.014185
PROA	193	PROA	226	0.408248
PROA	193	PROA	236	0.105851
PROA	194	PROA	195	3.937533
PROA	194	PROA	196	0.436436
PROA	194	PROA	198	1.498537
PROA	194	PROA	199	1.386207
PROA	194	PROA	212	0.833333
PROA	194	PROA	236	0.346552
PROA	194	PROA	240	0.234146
PROA	195	PROA	196	4.901895
PROA	195	PROA	197	2.204541
PROA	195	PROA	198	3.119548
PROA	195	PROA	199	0.613572
PROA	195	PROA	209	2.248976
PROA	195	PROA	212	3.356586
PROA	195	PROA	240	0.072548
PROA	195	PROA	301	0.710047
PROA	196	PROA	197	4.071387
PROA	196	PROA	198	0.981023
PROA	196	PROA	199	2.268713
PROA	196	PROA	200	0.919709
PROA	196	PROA	201	0.071429
PROA	196	PROA	212	2.618615
PROA	196	PROA	237	0.797081
PROA	196	PROA	240	3.249638
PROA	196	PROA	244	0.061314
PROA	196	PROA	296	2.749026
PROA	196	PROA	301	0.600099
PROA	197	PROA	198	4.087207
PROA	197	PROA	199	1.001959
PROA	197	PROA	200	1.658577
PROA	197	PROA	201	2.760262
PROA	197	PROA	205	0.676123
PROA	197	PROA	206	0.207020
PROA	197	PROA	208	0.077850
PROA	197	PROA	209	1.125463
PROA	197	PROA	255	1.184698
PROA	197	PROA	296	0.057735
PROA	197	PROA	298	1.173111
PROA	197	PROA	301	1.581139
PROA	198	PROA	199	3.060282
PROA	198	PROA	200	0.526316
PROA	198	PROA	201	0.981023
PROA	198	PROA	205	4.255322
PROA	198	PROA	209	1.578947
PROA	198	PROB	71	2.013659
PROA	199	PROA	200	2.503867
PROA	199	PROA	201	0.518563
PROA	199	PROA	232	0.058824
PROA	199	PROA	233	4.286975
PROA	199	PROA	236	1.411765
PROA	199	PROA	237	1.669245
PROA	199	PROA	240	0.111283
PROA	199	PROB	68	0.062622
PROA	199	PROB	71	0.940640
PROA	200	PROA	201	4.169348
PROA	200	PROA	233	0.250313
PROA	200	PROA	237	1.157895
PROA	200	PROA	255	3.052632
PROA	200	PROA	257	0.919709
PROA	200	PROA	260	3.917572
PROA	200	PROA	263	0.200250
PROA	200	PROA	264	2.052632
PROA	200	PROA	296	0.666886
PROA	200	PROB	71	0.983415
PROA	200	PROB	73	0.490511
PROA	201	PROA	202	3.223292
PROA	201	PROA	203	1.253566
PROA	201	PROA	205	1.807957
PROA	201	PROA	255	2.452557
PROA	201	PROA	256	1.226279
PROA	201	PROA	257	2.142857
PROA	201	PROB	71	1.691189
PROA	202	PROA	203	3.664099
PROA	202	PROA	205	1.315903
PROA	202	PROA	257	0.080582
PROA	202	PROB	70	0.181818
PROA	202	PROB	71	2.031010
PROA	203	PROA	204	3.706786
PROA	203	PROA	205	1.674872
PROA	203	PROA	256	0.978232
PROA	204	PROA	205	3.216666
PROA	204	PROA	206	0.707107
PROA	204	PROA	256	0.953821
PROA	205	PROA	206	2.916059
PROA	205	PROA	209	0.250313
PROA	205	PROB	71	1.024501
PROA	206	PROA	207	2.962975
PROA	206	PROA	208	2.417469
PROA	206	PROA	209	0.981023
PROA	206	PROA	298	1.642857
PROA	207	PROA	208	3.664099
PROA	207	PROA	209	0.489116
PROA	207	PROA	210	0.061546
PROA	207	PROA	211	0.097823
PROA	207	PROA	303	1.981735
PROA	208	PROA	209	3.596915
PROA	208	PROA	210	0.348155
PROA	208	PROA	211	2.213486
PROA	208	PROA	212	0.369274
PROA	208	PROA	298	2.417469
PROA	208	PROA	301	3.323470
PROA	208	PROA	303	0.077850
PROA	209	PROA	210	3.245104
PROA	209	PROA	211	0.947368
PROA	209	PROA	212	1.030244
PROA	209	PROA	213	0.484200
PROA	209	PROA	298	0.061314
PROA	209	PROA	301	0.889757
PROA	210	PROA	211	2.582838
PROA	210	PROA	212	0.883883
PROA	210	PROA	213	2.350048
PROA	210	PROA	214	1.659882
PROA	210	PROA	215	0.109109
PROA	210	PROA	304	0.072169
PROA	211	PROA	212	2.341465
PROA	211	PROA	213	0.484200
PROA	211	PROA	214	3.269174
PROA	211	PROA	215	0.953821
PROA	211	PROA	289	0.052632
PROA	211	PROA	293	3.338489
PROA	211	PROA	301	1.873172
PROA	211	PROA	302	1.631579
PROA	211	PROA	303	0.059235
PROA	211	PROA	304	1.605910
PROA	211	PROA	307	1.233310
PROA	212	PROA	213	2.831104
PROA	212	PROA	214	0.765466
PROA	212	PROA	215	1.311578
PROA	212	PROA	216	1.907918
PROA	212	PROA	217	0.046829
PROA	212	PROA	228	0.912871
PROA	212	PROA	240	1.592196
PROA	212	PROA	244	0.842927
PROA	212	PROA	293	0.594089
PROA	212	PROA	294	2.435123
PROA	212	PROA	295	0.818317
PROA	212	PROA	296	0.547723
PROA	212	PROA	301	1.708333
PROA	213	PROA	214	3.392003
PROA	213	PROA	215	1.367527
PROA	213	PROA	216	2.727273
PROA	213	PROA	217	2.559344
PROA	213	PROA	218	0.069171
PROA	214	PROA	215	3.968627
PROA	214	PROA	216	0.753778
PROA	214	PROA	217	1.720618
PROA	214	PROA	218	0.917663
PROA	214	PROA	219	0.079057
PROA	214	PROA	293	1.394580
PROA	215	PROA	216	3.646738
PROA	215	PROA	217	1.040532
PROA	215	PROA	218	2.861463
PROA	215	PROA	219	1.792843
PROA	215	PROA	220	0.097590
PROA	215	PROA	290	1.820931
PROA	215	PROA	293	2.933435
PROA	215	PROA	294	2.341197
PROA	216	PROA	217	2.836029
PROA	216	PROA	218	0.760886
PROA	216	PROA	219	2.383656
PROA	216	PROA	220	1.167748
PROA	216	PROA	226	0.080582
PROA	216	PROA	227	0.345857
PROA	216	PROA	228	0.202260
PROA	216	PROA	290	0.138343
PROA	216	PROA	294	1.729286
PROA	217	PROA	218	2.210526
PROA	217	PROA	219	1.233310
PROA	217	PROA	220	2.310161
PROA	217	PROA	221	2.837716
PROA	217	PROA	222	0.052632
PROA	218	PROA	219	3.409738
PROA	218	PROA	220	0.829288
PROA	218	PROA	221	4.451319
PROA	218	PROA	222	2.631579
PROA	218	PROA	286	0.870572
PROA	218	PROA	289	0.210526
PROA	218	PROA	290	3.789474
PROA	218	PROA	293	0.723339
PROA	218	PROA	312	0.300376
PROA	219	PROA	220	3.184337
PROA	219	PROA	221	0.766965
PROA	219	PROA	222	2.539167
PROA	219	PROA	223	1.144155
PROA	219	PROA	224	0.084515
PROA	219	PROA	225	0.064550
PROA	219	PROA	227	2.684262
PROA	219	PROA	279	2.262742
PROA	219	PROA	290	2.394072
PROA	219	PROA	294	0.725476
PROA	220	PROA	221	2.630142
PROA	220	PROA	222	0.829288
PROA	220	PROA	223	1.634848
PROA	220	PROA	224	1.794170
PROA	220	PROA	225	1.897367
PROA	220	PROA	226	2.553243
PROA	220	PROA	227	0.118470
PROA	221	PROA	222	2.503867
PROA	221	PROA	223	0.804400
PROA	221	PROA	224	0.583383
PROA	222	PROA	223	3.596915
PROA	222	PROA	224	0.306570
PROA	222	PROA	279	3.180533
PROA	222	PROA	282	1.958786
PROA	222	PROA	283	0.066227
PROA	222	PROA	286	0.362738
PROA	222	PROA	287	0.736842
PROA	222	PROA	290	0.842105
PROA	223	PROA	224	4.109697
PROA	223	PROA	225	4.123565
PROA	223	PROA	279	1.146140
PROA	224	PROA	225	2.673169
PROA	224	PROA	226	0.071429
PROA	225	PROA	226	3.546041
PROA	225	PROA	227	0.515122
PROA	225	PROA	229	0.054554
PROA	226	PROA	227	2.575185
PROA	226	PROA	228	1.613559
PROA	226	PROA	229	2.285714
PROA	226	PROA	236	0.064820
PROA	227	PROA	228	4.565604
PROA	227	PROA	229	0.674453
PROA	227	PROA	239	0.055641
PROA	227	PROA	243	1.157895
PROA	227	PROA	275	0.702439
PROA	227	PROA	278	1.368421
PROA	227	PROA	279	1.077277
PROA	227	PROA	294	0.947368
PROA	228	PROA	229	3.047833
PROA	228	PROA	230	0.760639
PROA	228	PROA	236	2.060839
PROA	228	PROA	239	2.169305
PROA	228	PROA	240	3.693522
PROA	228	PROA	243	1.692864
PROA	228	PROA	244	1.179875
PROA	228	PROA	275	0.091287
PROA	228	PROA	294	1.077277
PROA	229	PROA	230	3.737564
PROA	229	PROA	231	0.626783
PROA	229	PROA	236	0.388922
PROA	229	PROA	239	2.009432
PROA	230	PROA	231	2.900963
PROA	230	PROA	232	1.100038
PROA	230	PROA	235	2.073070
PROA	230	PROA	236	4.675162
PROA	230	PROA	239	2.841765
PROA	231	PROA	232	4.033284
PROA	231	PROA	235	1.354006
PROA	231	PROA	236	0.051709
PROA	231	PROA	239	0.155126
PROA	232	PROA	233	2.064099
PROA	232	PROA	234	0.556415
PROA	232	PROA	235	4.970994
PROA	232	PROA	236	0.941176
PROA	232	PROA	237	0.055641
PROA	232	PROB	64	0.250490
PROA	232	PROB	83	0.099015
PROA	233	PROA	234	3.504383
PROA	233	PROA	235	1.007905
PROA	233	PROA	236	0.899735
PROA	233	PROA	237	0.600751
PROA	233	PROB	64	0.056344
PROA	233	PROB	67	0.048795
PROA	233	PROB	68	4.225771
PROA	233	PROB	71	1.024501
PROA	233	PROB	72	0.267261
PROA	233	PROB	73	1.283066
PROA	233	PROB	76	1.251565
PROA	234	PROA	235	2.913971
PROA	234	PROA	236	0.445132
PROA	234	PROA	237	3.000000
PROA	234	PROA	238	1.594162
PROA	234	PROA	239	0.055641
PROA	234	PROA	263	1.602004
PROA	234	PROB	73	1.410220
PROA	234	PROB	76	2.052632
PROA	234	PROB	77	0.797081
PROA	234	PROB	80	0.344124
PROA	235	PROA	236	2.730546
PROA	235	PROA	237	0.927173
PROA	235	PROA	238	2.005944
PROA	235	PROA	239	2.450490
PROA	235	PROA	240	0.066227
PROA	236	PROA	237	2.281301
PROA	236	PROA	238	0.777844
PROA	236	PROA	239	2.117647
PROA	236	PROA	240	1.613603
PROA	236	PROA	241	0.055641
PROA	237	PROA	238	3.004383
PROA	237	PROA	239	0.445132
PROA	237	PROA	240	2.210526
PROA	237	PROA	241	2.210526
PROA	237	PROA	263	0.700877
PROA	237	PROA	264	0.157895
PROA	237	PROA	267	0.263158
PROA	237	PROA	296	0.102598
PROA	237	PROB	73	0.061314
PROA	238	PROA	239	2.527995
PROA	238	PROA	240	0.919709
PROA	238	PROA	241	2.268616
PROA	238	PROA	242	0.909137
PROA	238	PROA	263	0.058321
PROA	238	PROA	267	0.613139
PROA	238	PROA	270	0.512823
PROA	239	PROA	240	2.058735
PROA	239	PROA	241	0.556415
PROA	239	PROA	242	1.100038
PROA	239	PROA	243	0.612056
PROA	240	PROA	241	3.315789
PROA	240	PROA	242	1.040532
PROA	240	PROA	243	0.736842
PROA	240	PROA	244	2.052632
PROA	240	PROA	245	0.086711
PROA	240	PROA	296	1.025978
PROA	241	PROA	242	2.861463
PROA	241	PROA	243	0.578947
PROA	241	PROA	244	0.578947
PROA	241	PROA	245	2.254486
PROA	241	PROA	246	1.521772
PROA	241	PROA	247	1.164965
PROA	241	PROA	264	1.473684
PROA	241	PROA	267	1.157895
PROA	241	PROA	270	2.103199
PROA	241	PROA	296	0.769484
PROA	242	PROA	243	3.728573
PROA	242	PROA	244	0.606977
PROA	242	PROA	245	0.714286
PROA	242	PROA	270	1.611646
PROA	242	PROA	271	0.101015
PROA	242	PROA	273	0.661438
PROA	243	PROA	244	4.368421
PROA	243	PROA	245	0.953821
PROA	243	PROA	272	0.782586
PROA	243	PROA	273	3.383882
PROA	243	PROA	275	1.264391
PROA	243	PROA	278	2.421053
PROA	244	PROA	245	3.901995
PROA	244	PROA	246	0.138343
PROA	244	PROA	272	2.836873
PROA	244	PROA	273	0.286770
PROA	244	PROA	275	0.936586
PROA	244	PROA	294	1.842105
PROA	244	PROA	295	0.429198
PROA	244	PROA	296	1.692864
PROA	245	PROA	246	4.216541
PROA	245	PROA	247	0.606092
PROA	245	PROA	270	2.659216
PROA	245	PROA	271	1.818275
PROA	245	PROA	272	2.336887
PROA	246	PROA	247	5.318432
PROA	246	PROA	248	0.363636
PROA	246	PROA	264	0.069171
PROA	246	PROA	267	0.069171
PROA	246	PROA	268	0.241747
PROA	246	PROA	269	3.729489
PROA	246	PROA	270	3.149839
PROA	246	PROA	271	0.241747
PROA	247	PROA	248	3.626203
PROA	247	PROA	251	2.777460
PROA	247	PROA	252	2.145988
PROA	247	PROA	264	1.900732
PROA	247	PROA	269	0.324102
PROA	247	PROA	296	2.211173
PROA	248	PROA	249	4.753271
PROA	248	PROA	250	2.257647
PROA	248	PROA	251	5.048252
PROA	248	PROA	252	1.106743
PROA	248	PROA	253	0.080582
PROA	248	PROA	269	0.073127
PROA	249	PROA	250	3.819968
PROA	249	PROA	251	0.490098
PROA	249	PROA	252	1.168471
PROA	249	PROA	253	1.490869
PROA	250	PROA	251	3.801316
PROA	250	PROA	252	0.651584
PROA	250	PROA	253	1.242118
PROA	250	PROA	254	1.245598
PROA	250	PROA	297	1.173111
PROA	250	PROA	300	1.376205
PROA	251	PROA	252	2.847745
PROA	251	PROA	253	0.925820
PROA	251	PROA	254	2.611165
PROA	251	PROA	255	0.860946
PROA	251	PROA	296	0.774597
PROA	251	PROA	297	3.086067
PROA	251	PROA	300	0.123091
PROA	252	PROA	253	4.108034
PROA	252	PROA	254	0.968400
PROA	252	PROA	255	1.578947
PROA	252	PROA	261	3.137562
PROA	252	PROA	264	1.473684
PROA	252	PROA	265	1.894737
PROA	253	PROA	254	3.384456
PROA	253	PROA	255	0.981023
PROA	253	PROA	256	0.061314
PROA	253	PROA	261	2.291288
PROA	254	PROA	255	3.251058
PROA	254	PROA	256	0.899229
PROA	254	PROA	297	1.450481
PROA	254	PROA	298	0.725241
PROA	254	PROA	299	0.731272
PROA	255	PROA	256	2.421053
PROA	255	PROA	257	1.532848
PROA	255	PROA	260	1.668595
PROA	255	PROA	261	2.060489
PROA	255	PROA	264	0.789474
PROA	255	PROA	296	0.872082
PROA	256	PROA	257	2.759127
PROA	256	PROA	258	0.421053
PROA	256	PROA	261	1.170732
PROA	257	PROA	258	2.575185
PROA	257	PROA	259	2.108271
PROA	257	PROA	260	4.563833
PROA	257	PROA	261	0.709208
PROA	257	PROB	71	0.381881
PROA	257	PROB	72	0.054554
PROA	257	PROB	73	0.071429
PROA	258	PROA	259	1.956464
PROA	258	PROA	260	1.015667
PROA	258	PROA	261	2.622440
PROA	258	PROA	262	1.287593
PROA	258	PROA	263	0.050063
PROA	259	PROA	260	2.494539
PROA	259	PROA	261	0.478714
PROA	259	PROA	262	1.880350
PROA	259	PROA	263	0.697863
PROA	259	PROB	19	0.307729
PROA	259	PROB	72	2.741723
PROA	259	PROB	73	0.056980
PROA	259	PROB	74	0.307729
PROA	260	PROA	261	2.711088
PROA	260	PROA	262	1.014185
PROA	260	PROA	263	2.277216
PROA	260	PROA	264	2.176429
PROA	260	PROA	265	0.072548
PROA	260	PROB	73	0.169031
PROA	261	PROA	262	2.182179
PROA	261	PROA	263	0.668153
PROA	261	PROA	264	1.451708
PROA	261	PROA	265	1.545367
PROA	261	PROA	266	0.061546
PROA	262	PROA	263	2.157884
PROA	262	PROA	264	0.551825
PROA	262	PROA	265	1.655476
PROA	262	PROA	266	1.611646
PROA	263	PROA	264	2.753444
PROA	263	PROA	265	0.600751
PROA	263	PROA	266	2.171241
PROA	263	PROA	267	2.903632
PROA	263	PROB	73	3.032702
PROA	263	PROB	74	0.377964
PROA	263	PROB	77	1.108103
PROA	264	PROA	265	2.210526
PROA	264	PROA	266	0.830057
PROA	264	PROA	267	2.052632
PROA	264	PROA	296	0.461690
PROA	265	PROA	266	2.697686
PROA	265	PROA	267	0.578947
PROA	266	PROA	267	3.666087
PROA	266	PROA	268	0.402911
PROA	267	PROA	268	4.537231
PROA	267	PROA	269	0.333849
PROA	267	PROA	270	0.391293
PROA	268	PROA	269	2.203893
PROA	268	PROA	270	3.076936
PROA	269	PROA	270	3.050817
PROA	269	PROA	271	0.583383
PROA	270	PROA	271	2.450152
PROA	270	PROA	272	0.181818
PROA	271	PROA	272	2.450152
PROA	271	PROA	273	0.734968
PROA	272	PROA	273	3.251311
PROA	272	PROA	274	0.683763
PROA	272	PROA	275	0.652791
PROA	272	PROA	291	1.354006
PROA	273	PROA	274	4.743887
PROA	273	PROA	275	0.306186
PROA	273	PROA	277	1.122683
PROA	273	PROA	278	1.892680
PROA	274	PROA	275	1.745743
PROA	274	PROA	276	1.285714
PROA	274	PROA	277	1.800298
PROA	274	PROA	278	0.674453
PROA	275	PROA	276	2.018515
PROA	275	PROA	277	0.458333
PROA	275	PROA	278	2.950245
PROA	275	PROA	279	2.556039
PROA	275	PROA	287	2.341465
PROA	275	PROA	290	1.545367
PROA	275	PROA	291	2.769502
PROA	275	PROA	294	1.779513
PROA	276	PROA	277	2.291288
PROA	276	PROA	278	0.674453
PROA	276	PROA	279	1.254990
PROA	276	PROA	280	1.071429
PROA	276	PROA	284	0.080582
PROA	276	PROA	287	1.532848
PROA	277	PROA	278	3.090733
PROA	277	PROA	279	0.319505
PROA	277	PROA	280	0.490990
PROA	278	PROA	279	3.642223
PROA	278	PROA	280	0.735767
PROA	279	PROA	280	3.227117
PROA	279	PROA	281	0.418330
PROA	279	PROA	282	2.333452
PROA	279	PROA	287	2.308451
PROA	279	PROA	290	1.128576
PROA	279	PROA	294	0.051299
PROA	280	PROA	281	3.714286
PROA	280	PROA	282	0.591608
PROA	281	PROA	282	3.803194
PROA	281	PROA	283	0.308607
PROA	282	PROA	283	3.925345
PROA	282	PROA	284	0.476731
PROA	282	PROA	286	0.100000
PROA	282	PROA	287	3.554834
PROA	283	PROA	284	3.916747
PROA	283	PROA	285	3.077287
PROA	283	PROA	286	3.742771
PROA	283	PROA	287	1.390759
PROA	283	PROA	288	0.083333
PROA	283	PROA	312	1.133893
PROA	284	PROA	285	3.471251
PROA	284	PROA	286	1.239501
PROA	284	PROA	287	2.213486
PROA	284	PROA	288	1.392621
PROA	284	PROA	289	0.069171
PROA	285	PROA	286	2.899059
PROA	285	PROA	287	0.635851
PROA	285	PROA	288	1.907918
PROA	285	PROA	289	0.635851
PROA	285	PROA	290	0.048912
PROA	285	PROA	310	0.051709
PROA	285	PROA	311	1.196586
PROA	285	PROA	312	3.024074
PROA	286	PROA	287	3.482286
PROA	286	PROA	288	1.095445
PROA	286	PROA	289	1.450953
PROA	286	PROA	290	1.160762
PROA	286	PROA	291	0.091287
PROA	286	PROA	312	4.347413
PROA	287	PROA	288	2.516611
PROA	287	PROA	289	0.578947
PROA	287	PROA	290	3.000000
PROA	287	PROA	291	0.794719
PROA	288	PROA	289	2.715291
PROA	288	PROA	290	0.728493
PROA	288	PROA	291	1.833333
PROA	288	PROA	292	0.677003
PROA	288	PROA	310	0.140028
PROA	289	PROA	290	2.157895
PROA	289	PROA	291	0.860946
PROA	289	PROA	292	1.858641
PROA	289	PROA	293	3.449772
PROA	289	PROA	302	1.210526
PROA	289	PROA	307	2.684262
PROA	289	PROA	310	3.060282
PROA	289	PROA	312	0.951190
PROA	289	PROA	313	0.947368
PROA	290	PROA	291	3.178878
PROA	290	PROA	292	0.489116
PROA	290	PROA	293	2.170018
PROA	290	PROA	294	3.105263
PROA	291	PROA	292	2.523376
PROA	291	PROA	293	0.490098
PROA	291	PROA	294	1.125853
PROA	291	PROA	295	1.080123
PROA	292	PROA	293	2.171768
PROA	292	PROA	294	0.489116
PROA	292	PROA	295	1.310547
PROA	292	PROA	300	0.136364
PROA	292	PROA	301	0.652791
PROA	292	PROA	302	5.135718
PROA	292	PROA	310	0.723923
PROA	293	PROA	294	2.670791
PROA	293	PROA	295	0.583383
PROA	293	PROA	301	0.643596
PROA	293	PROA	302	1.391037
PROA	293	PROA	307	0.920358
PROA	294	PROA	295	2.452557
PROA	294	PROA	296	0.256495
PROA	295	PROA	296	3.167356
PROA	295	PROA	297	3.000000
PROA	295	PROA	300	1.481487
PROA	295	PROA	301	2.127624
PROA	296	PROA	297	2.928310
PROA	296	PROA	298	0.358569
PROA	296	PROA	301	0.912871
PROA	297	PROA	298	4.285714
PROA	297	PROA	299	1.879791
PROA	297	PROA	300	3.760699
PROA	297	PROA	301	1.691189
PROA	298	PROA	299	4.213324
PROA	298	PROA	300	0.683763
PROA	298	PROA	301	4.582576
PROA	299	PROA	300	2.637147
PROA	299	PROA	301	0.594089
PROA	300	PROA	301	1.740777
PROA	300	PROA	302	0.293470
PROA	301	PROA	302	2.528782
PROA	301	PROA	303	0.316228
PROA	302	PROA	303	3.435623
PROA	302	PROA	304	0.286770
PROA	302	PROA	306	2.058735
PROA	302	PROA	307	3.990119
PROA	302	PROA	310	1.335396
PROA	303	PROA	304	2.646539
PROA	303	PROA	305	1.000000
PROA	303	PROA	306	3.945213
PROA	303	PROA	307	1.306395
PROA	303	PROA	308	0.059235
PROA	304	PROA	305	3.485685
PROA	304	PROA	306	0.666973
PROA	304	PROA	307	1.739253
PROA	304	PROA	308	0.975017
PROA	305	PROA	306	3.694723
PROA	305	PROA	307	1.224745
PROA	305	PROA	308	1.954751
PROA	305	PROA	309	1.143095
PROA	305	PROA	317	0.112687
PROA	305	PROA	322	0.333333
PROA	306	PROA	307	3.067860
PROA	306	PROA	308	0.612056
PROA	306	PROA	309	1.994109
PROA	306	PROA	310	0.823529
PROA	307	PROA	308	2.829357
PROA	307	PROA	309	1.000000
PROA	307	PROA	310	1.687323
PROA	307	PROA	313	0.435286
PROA	308	PROA	309	2.901905
PROA	308	PROA	310	0.667698
PROA	308	PROA	313	2.000000
PROA	308	PROA	317	1.702129
PROA	309	PROA	310	3.067860
PROA	309	PROA	311	0.507093
PROA	309	PROA	313	0.072548
PROA	309	PROA	317	3.174302
PROA	310	PROA	311	5.250450
PROA	310	PROA	312	0.740959
PROA	310	PROA	313	0.890264
PROA	310	PROA	314	0.187867
PROA	311	PROA	312	2.332847
PROA	311	PROA	313	0.551825
PROA	311	PROA	314	1.449138
PROA	311	PROA	315	0.064820
PROA	312	PROA	313	4.355448
PROA	312	PROA	314	0.507093
PROA	312	PROA	315	0.635107
PROA	313	PROA	314	2.132456
PROA	313	PROA	315	1.502320
PROA	313	PROA	316	1.501879
PROA	313	PROA	317	0.700877
PROA	314	PROA	315	3.882591
PROA	314	PROA	316	0.732467
PROA	314	PROA	317	1.802996
PROA	315	PROA	316	4.922082
PROA	315	PROA	317	0.582182
PROA	316	PROA	317	2.190476
PROA	316	PROA	318	0.314970
PROA	317	PROA	318	3.527668
PROA	317	PROA	319	0.816497
PROA	318	PROA	319	4.011887
PROA	318	PROA	320	2.088932
PROA	319	PROA	320	3.303874
PROA	320	PROA	321	4.264903
PROA	320	PROA	322	0.622799
PROA	321	PROA	322	3.577709
PROA	321	PROA	323	0.540062
PROA	322	PROA	323	4.485426
PROA	322	PROA	324	0.118470
PROA	323	PROA	324	2.759127
PROA	323	PROA	325	0.338062
PROA	324	PROA	325	3.917572
PROA	324	PROA	326	0.296174
PROA	325	PROA	326	3.347636
PROA	325	PROA	327	0.300000
PROA	326	PROA	327	3.755884
PROA	326	PROA	328	0.552052
PROA	327	PROA	328	5.408987
PROA	327	PROA	329	0.282843
PROA	328	PROA	329	2.270934
PROA	328	PROA	330	0.170941
PROA	329	PROA	330	3.337119
PROA	329	PROA	331	1.500000
PROA	330	PROA	331	2.383656
PROA	330	PROA	332	0.369274
PROA	331	PROA	332	2.646539
PROA	331	PROA	333	0.867722
PROA	331	PROA	334	0.115470
PROA	332	PROA	333	3.500700
PROA	332	PROA	334	0.074536
PROA	332	PROA	350	0.223607
PROA	333	PROA	334	2.880632
PROA	333	PROA	335	1.279754
PROA	333	PROA	338	0.389490
PROA	333	PROA	346	2.503867
PROA	333	PROA	350	0.062622
PROA	334	PROA	335	2.843275
PROA	334	PROA	336	1.863390
PROA	334	PROA	337	0.149071
PROA	334	PROA	338	0.533114
PROA	335	PROA	336	2.847745
PROA	335	PROA	337	0.596040
PROA	335	PROA	338	3.263158
PROA	335	PROA	343	2.736842
PROA	335	PROA	346	1.052632
PROA	336	PROA	337	4.000000
PROA	336	PROA	338	0.794719
PROA	337	PROA	338	3.510011
PROA	337	PROA	339	0.617213
PROA	338	PROA	339	3.617522
PROA	338	PROA	340	0.048912
PROA	338	PROA	342	2.152110
PROA	338	PROA	343	3.105263
PROA	338	PROA	346	1.157895
PROA	339	PROA	340	2.165251
PROA	339	PROA	341	0.897085
PROA	339	PROA	342	3.247876
PROA	339	PROA	343	1.348907
PROA	339	PROA	344	0.056980
PROA	340	PROA	341	3.743277
PROA	340	PROA	342	0.500000
PROA	340	PROA	343	1.956464
PROA	340	PROA	344	0.590909
PROA	341	PROA	342	1.871638
PROA	341	PROA	343	0.592349
PROA	341	PROA	344	4.403855
PROA	341	PROA	345	0.666667
PROA	342	PROA	343	2.592315
PROA	342	PROA	344	0.727273
PROA	342	PROA	345	4.403855
PROA	342	PROA	346	1.467348
PROA	342	PROA	347	0.048912
PROA	342	PROA	349	0.110096
PROA	343	PROA	344	1.711906
PROA	343	PROA	345	0.888523
PROA	343	PROA	346	2.315789
PROA	343	PROA	347	1.315789
PROA	343	PROA	348	0.051299
PROA	344	PROA	345	2.532217
PROA	344	PROA	346	0.440204
PROA	344	PROA	347	1.418436
PROA	344	PROA	348	0.762770
PROA	345	PROA	346	2.547100
PROA	345	PROA	347	0.829288
PROA	345	PROA	348	2.309401
PROA	345	PROA	349	2.266667
PROA	345	PROA	350	0.066667
PROA	346	PROA	347	2.210526
PROA	346	PROA	348	0.666886
PROA	346	PROA	349	3.139449
PROA	346	PROA	350	2.369396
PROA	346	PROA	351	0.061314
PROA	347	PROA	348	2.000658
PROA	347	PROA	349	0.651584
PROA	347	PROA	350	1.421637
PROA	347	PROA	351	1.348907
PROA	348	PROA	349	3.464102
PROA	348	PROA	350	0.577350
PROA	348	PROA	351	1.254990
PROA	348	PROA	352	0.565685
PROA	349	PROA	350	2.800000
PROA	349	PROA	351	0.828079
PROA	349	PROA	352	1.714643
PROA	349	PROA	353	0.052705
PROA	350	PROA	351	3.312315
PROA	350	PROA	352	0.979796
PROA	350	PROA	353	0.052705
PROA	350	PROA	354	0.346410
PROA	351	PROA	352	3.465132
PROA	351	PROA	353	0.436436
PROA	351	PROA	354	2.450219
PROA	351	PROA	355	1.555689
PROA	352	PROA	353	3.033837
PROA	352	PROA	354	0.989949
PROA	352	PROA	355	1.764019
PROA	353	PROA	354	2.008316
PROA	353	PROA	355	0.544581
PROA	354	PROA	355	3.525120
PROA	354	PROA	356	0.418330
PROA	355	PROA	356	4.278145
PROA	355	PROA	357	0.825029
PROA	356	PROA	357	4.444671
PROA	356	PROA	359	0.981981
PROA	357	PROA	358	3.134187
PROA	357	PROA	359	2.854612
PROA	358	PROA	359	2.182633
PROA	358	PROA	360	0.440959
PROA	359	PROA	360	2.415948
PROB	1	PROB	2	2.761074
PROB	1	PROB	3	0.500979
PROB	1	PROB	4	1.693620
PROB	1	PROB	5	1.008368
PROB	1	PROB	6	0.064820
PROB	1	PROB	57	0.568796
PROB	2	PROB	3	4.082483
PROB	2	PROB	4	0.759072
PROB	2	PROB	5	1.195229
PROB	2	PROB	6	1.774824
PROB	2	PROB	7	0.072548
PROB	3	PROB	4	2.084714
PROB	3	PROB	5	0.683130
PROB	3	PROB	6	2.346223
PROB	3	PROB	7	0.829288
PROB	3	PROB	8	0.059235
PROB	3	PROB	82	1.464934
PROB	3	PROB	86	2.646539
PROB	4	PROB	5	3.711537
PROB	4	PROB	6	0.816497
PROB	4	PROB	7	1.952442
PROB	4	PROB	8	3.654571
PROB	4	PROB	9	0.052926
PROB	4	PROB	50	1.295903
PROB	4	PROB	55	1.351691
PROB	4	PROB	56	0.566947
PROB	4	PROB	57	4.140655
PROB	4	PROB	60	0.150188
PROB	4	PROB	82	1.857143
PROB	5	PROB	6	3.333503
PROB	5	PROB	7	1.300665
PROB	5	PROB	8	3.121596
PROB	5	PROB	9	2.016737
PROB	5	PROB	10	0.109109
PROB	6	PROB	7	2.881755
PROB	6	PROB	8	0.674453
PROB	6	PROB	9	1.944611
PROB	6	PROB	10	1.543033
PROB	6	PROB	11	0.061314
PROB	7	PROB	8	3.526316
PROB	7	PROB	9	0.778981
PROB	7	PROB	10	2.053025
PROB	7	PROB	11	3.789474
PROB	7	PROB	12	0.061314
PROB	7	PROB	60	0.894737
PROB	7	PROB	63	0.052632
PROB	7	PROB	78	1.001547
PROB	7	PROB	79	2.179449
PROB	7	PROB	82	3.304133
PROB	8	PROB	9	2.336943
PROB	8	PROB	10	0.662266
PROB	8	PROB	11	2.421053
PROB	8	PROB	12	1.287593
PROB	8	PROB	13	0.061314
PROB	8	PROB	43	0.691714
PROB	8	PROB	46	3.385729
PROB	8	PROB	47	0.138343
PROB	8	PROB	50	0.059235
PROB	8	PROB	55	1.105263
PROB	9	PROB	10	2.450490
PROB	9	PROB	11	0.890264
PROB	9	PROB	12	3.565120
PROB	9	PROB	13	1.101946
PROB	9	PROB	14	0.064820
PROB	9	PROB	43	0.950654
PROB	10	PROB	11	3.245104
PROB	10	PROB	12	0.925820
PROB	10	PROB	13	1.774489
PROB	10	PROB	14	1.080123
PROB	10	PROB	15	0.066227
PROB	10	PROB	78	1.960392
PROB	11	PROB	12	2.575185
PROB	11	PROB	13	0.613139
PROB	11	PROB	14	1.532848
PROB	11	PROB	15	1.578947
PROB	11	PROB	46	2.462348
PROB	11	PROB	63	0.526316
PROB	11	PROB	67	0.769484
PROB	11	PROB	75	2.315789
PROB	11	PROB	78	1.557962
PROB	11	PROB	79	1.433848
PROB	12	PROB	13	2.857143
PROB	12	PROB	14	0.785714
PROB	12	PROB	15	1.594162
PROB	12	PROB	41	0.285714
PROB	12	PROB	42	2.525381
PROB	12	PROB	43	3.867950
PROB	12	PROB	46	0.836660
PROB	13	PROB	14	3.285714
PROB	13	PROB	15	0.613139
PROB	14	PROB	15	3.004383
PROB	14	PROB	16	0.642857
PROB	14	PROB	19	0.077152
PROB	14	PROB	72	0.709208
PROB	14	PROB	74	1.388730
PROB	14	PROB	75	2.513871
PROB	14	PROB	78	2.139072
PROB	15	PROB	16	3.985406
PROB	15	PROB	17	0.052632
PROB	15	PROB	19	2.119252
PROB	15	PROB	20	2.526316
PROB	15	PROB	23	2.052632
PROB	15	PROB	42	0.867110
PROB	15	PROB	45	0.468293
PROB	15	PROB	46	0.615587
PROB	15	PROB	67	0.256495
PROB	15	PROB	72	0.187317
PROB	15	PROB	75	3.000000
PROB	16	PROB	17	2.575185
PROB	16	PROB	18	1.173111
PROB	16	PROB	19	4.551949
PROB	16	PROB	20	0.919709
PROB	17	PROB	18	2.724805
PROB	17	PROB	19	0.794719
PROB	17	PROB	20	2.947368
PROB	17	PROB	21	2.961744
PROB	17	PROB	24	0.391293
PROB	17	PROB	40	2.513871
PROB	18	PROB	19	3.577709
PROB	18	PROB	20	0.651584
PROB	18	PROB	21	1.666667
PROB	18	PROB	22	0.375735
PROB	19	PROB	20	2.715291
PROB	19	PROB	21	0.596285
PROB	19	PROB	22	1.190238
PROB	19	PROB	23	1.456986
PROB	19	PROB	72	1.119586
PROB	19	PROB	75	0.066227
PROB	20	PROB	21	3.198684
PROB	20	PROB	22	0.556415
PROB	20	PROB	23	2.578947
PROB	20	PROB	24	3.815105
PROB	20	PROB	25	0.069171
PROB	20	PROB	39	0.736842
PROB	20	PROB	40	1.410220
PROB	20	PROB	41	1.410220
PROB	20	PROB	42	2.341197
PROB	20	PROB	45	1.592196
PROB	21	PROB	22	2.129163
PROB	21	PROB	23	0.651584
PROB	21	PROB	24	3.743277
PROB	21	PROB	25	1.089899
PROB	21	PROB	26	0.081650
PROB	22	PROB	23	3.561055
PROB	22	PROB	24	0.517088
PROB	22	PROB	25	2.340072
PROB	22	PROB	26	1.533930
PROB	22	PROB	66	0.055641
PROB	22	PROB	69	0.612056
PROB	22	PROB	70	4.021998
PROB	23	PROB	24	2.103199
PROB	23	PROB	25	0.691714
PROB	23	PROB	26	2.176429
PROB	23	PROB	27	0.760886
PROB	23	PROB	45	2.107318
PROB	23	PROB	46	0.051299
PROB	23	PROB	66	2.842105
PROB	23	PROB	67	1.538968
PROB	23	PROB	70	1.729286
PROB	23	PROB	72	0.468293
PROB	23	PROB	75	1.842105
PROB	24	PROB	25	2.378450
PROB	24	PROB	26	1.078720
PROB	24	PROB	27	1.607061
PROB	24	PROB	28	0.500000
PROB	24	PROB	36	1.799908
PROB	24	PROB	37	0.935819
PROB	24	PROB	39	1.369525
PROB	24	PROB	40	0.341882
PROB	24	PROB	45	1.087985
PROB	25	PROB	26	4.290582
PROB	25	PROB	27	0.909091
PROB	25	PROB	28	4.242641
PROB	25	PROB	29	0.077850
PROB	26	PROB	27	4.099889
PROB	26	PROB	28	0.674200
PROB	26	PROB	30	0.091287
PROB	26	PROB	66	2.684262
PROB	26	PROB	69	2.248976
PROB	26	PROB	70	0.762770
PROB	27	PROB	28	2.635580
PROB	27	PROB	29	0.700649
PROB	27	PROB	30	3.394514
PROB	27	PROB	31	1.175915
PROB	27	PROB	45	0.738549
PROB	27	PROB	49	0.553372
PROB	27	PROB	62	1.447494
PROB	27	PROB	66	1.867629
PROB	28	PROB	29	2.917554
PROB	28	PROB	30	0.738549
PROB	28	PROB	31	0.635851
PROB	28	PROB	32	0.398862
PROB	29	PROB	30	3.279566
PROB	29	PROB	31	0.592349
PROB	29	PROB	32	0.828079
PROB	30	PROB	31	3.046424
PROB	30	PROB	32	0.848668
PROB	30	PROB	54	0.492366
PROB	30	PROB	62	1.889822
PROB	31	PROB	32	4.721173
PROB	31	PROB	33	2.144315
PROB	31	PROB	48	2.103256
PROB	31	PROB	49	1.000000
PROB	31	PROB	52	3.282848
PROB	31	PROB	54	0.782586
PROB	31	PROB	62	0.050063
PROB	32	PROB	33	2.900963
PROB	33	PROB	34	3.970345
PROB	33	PROB	35	1.671343
PROB	33	PROB	36	2.727273
PROB	33	PROB	37	0.077850
PROB	33	PROB	48	1.348400
PROB	33	PROB	52	0.073127
PROB	34	PROB	35	2.807458
PROB	34	PROB	36	1.089899
PROB	34	PROB	37	0.866667
PROB	34	PROB	38	0.400000
PROB	35	PROB	36	2.442733
PROB	35	PROB	37	0.825723
PROB	35	PROB	38	4.293759
PROB	35	PROB	39	1.222790
PROB	35	PROB	48	0.286039
PROB	36	PROB	37	4.048195
PROB	36	PROB	38	0.856349
PROB	36	PROB	39	2.005972
PROB	36	PROB	48	0.876460
PROB	37	PROB	38	2.533333
PROB	37	PROB	39	0.710819
PROB	38	PROB	39	2.428630
PROB	38	PROB	40	0.621059
PROB	39	PROB	40	3.310952
PROB	39	PROB	41	1.532848
PROB	39	PROB	44	1.741143
PROB	39	PROB	45	2.481952
PROB	39	PROB	48	1.795462
PROB	40	PROB	41	5.000000
PROB	40	PROB	42	0.404061
PROB	41	PROB	42	3.939595
PROB	41	PROB	43	1.128152
PROB	41	PROB	44	3.380617
PROB	41	PROB	45	0.872872
PROB	41	PROB	46	0.059761
PROB	42	PROB	43	3.532778
PROB	42	PROB	44	0.956183
PROB	42	PROB	45	3.008915
PROB	42	PROB	46	2.112886
PROB	42	PROB	47	0.113961
PROB	43	PROB	44	3.813850
PROB	43	PROB	45	0.738549
PROB	43	PROB	46	2.561959
PROB	43	PROB	47	1.181818
PROB	44	PROB	45	2.581989
PROB	44	PROB	46	0.777817
PROB	44	PROB	47	2.860388
PROB	44	PROB	48	0.989949
PROB	45	PROB	46	3.879701
PROB	45	PROB	47	0.677003
PROB	45	PROB	48	2.236534
PROB	45	PROB	49	2.669270
PROB	45	PROB	50	0.052705
PROB	45	PROB	63	0.140488
PROB	45	PROB	66	0.983415
PROB	45	PROB	67	0.091287
PROB	46	PROB	47	2.427120
PROB	46	PROB	48	0.700000
PROB	46	PROB	49	2.205853
PROB	46	PROB	50	0.866025
PROB	46	PROB	51	0.067420
PROB	46	PROB	55	1.744163
PROB	46	PROB	63	1.077277
PROB	46	PROB	67	0.450000
PROB	46	PROB	75	0.051299
PROB	47	PROB	48	2.764219
PROB	47	PROB	49	0.691714
PROB	47	PROB	50	2.569047
PROB	47	PROB	51	1.181818
PROB	48	PROB	49	3.283131
PROB	48	PROB	50	0.692820
PROB	48	PROB	51	1.280980
PROB	48	PROB	52	2.820096
PROB	49	PROB	50	2.487865
PROB	49	PROB	51	0.899229
PROB	49	PROB	52	1.391037
PROB	49	PROB	53	0.429198
PROB	49	PROB	54	2.934696
PROB	49	PROB	55	2.105263
PROB	49	PROB	62	1.551941
PROB	49	PROB	63	0.894737
PROB	49	PROB	66	0.631579
PROB	50	PROB	51	3.269696
PROB	50	PROB	52	0.500979
PROB	50	PROB	53	0.828079
PROB	50	PROB	54	0.440386
PROB	50	PROB	55	3.435623
PROB	50	PROB	56	0.521749
PROB	50	PROB	57	1.651446
PROB	51	PROB	52	3.583235
PROB	51	PROB	53	1.692228
PROB	52	PROB	53	3.370659
PROB	52	PROB	54	1.861516
PROB	53	PROB	54	2.564113
PROB	53	PROB	55	0.613139
PROB	54	PROB	55	2.054287
PROB	54	PROB	62	4.187179
PROB	54	PROB	63	0.097823
PROB	55	PROB	56	4.437183
PROB	55	PROB	59	0.613139
PROB	55	PROB	60	1.578947
PROB	55	PROB	62	0.100125
PROB	55	PROB	63	2.578947
PROB	56	PROB	57	3.631199
PROB	56	PROB	58	1.750000
PROB	56	PROB	59	3.626129
PROB	56	PROB	60	0.463586
PROB	57	PROB	58	2.831104
PROB	57	PROB	59	0.512823
PROB	57	PROB	60	0.244558
PROB	57	PROB	82	0.651339
PROB	57	PROB	87	0.440204
PROB	58	PROB	59	2.931764
PROB	58	PROB	60	1.258306
PROB	58	PROB	82	0.251976
PROB	58	PROB	87	2.715291
PROB	59	PROB	60	3.740150
PROB	59	PROB	61	2.659216
PROB	59	PROB	62	0.058321
PROB	60	PROB	61	2.766858
PROB	60	PROB	62	0.350438
PROB	60	PROB	63	2.789474
PROB	60	PROB	64	0.710819
PROB	60	PROB	79	2.523573
PROB	60	PROB	82	2.102630
PROB	60	PROB	83	2.060489
PROB	60	PROB	87	1.368421
PROB	61	PROB	62	2.763397
PROB	61	PROB	63	0.760886
PROB	61	PROB	64	3.113996
PROB	61	PROB	65	1.828181
PROB	61	PROB	83	0.061546
PROB	62	PROB	63	2.703381
PROB	62	PROB	64	0.845154
PROB	62	PROB	65	1.481917
PROB	62	PROB	66	2.052567
PROB	63	PROB	64	2.665570
PROB	63	PROB	65	0.778981
PROB	63	PROB	66	2.105263
PROB	63	PROB	67	3.334430
PROB	63	PROB	68	0.059235
PROB	63	PROB	79	1.720618
PROB	64	PROB	65	4.195703
PROB	64	PROB	66	0.651584
PROB	64	PROB	67	1.962991
PROB	64	PROB	68	0.800000
PROB	64	PROB	76	2.013986
PROB	64	PROB	79	0.451848
PROB	64	PROB	83	0.685160
PROB	65	PROB	66	2.003094
PROB	65	PROB	67	0.542326
PROB	65	PROB	68	1.941295
PROB	65	PROB	69	1.502320
PROB	66	PROB	67	3.180533
PROB	66	PROB	68	0.888523
PROB	66	PROB	69	2.105263
PROB	66	PROB	70	2.075143
PROB	66	PROB	71	0.046829
PROB	67	PROB	68	2.193931
PROB	67	PROB	69	0.512989
PROB	67	PROB	70	1.752920
PROB	67	PROB	71	0.410792
PROB	67	PROB	72	1.688811
PROB	67	PROB	73	0.059761
PROB	67	PROB	75	3.488326
PROB	67	PROB	76	3.488326
PROB	67	PROB	79	1.285739
PROB	68	PROB	69	3.020979
PROB	68	PROB	70	0.934199
PROB	68	PROB	71	1.054093
PROB	68	PROB	72	0.210819
PROB	68	PROB	76	0.236940
PROB	69	PROB	70	3.666087
PROB	69	PROB	71	1.451708
PROB	70	PROB	71	4.123565
PROB	70	PROB	72	2.154101
PROB	71	PROB	72	2.083333
PROB	71	PROB	73	0.654654
PROB	72	PROB	73	2.891387
PROB	72	PROB	74	2.533799
PROB	72	PROB	75	5.151222
PROB	72	PROB	76	0.421464
PROB	73	PROB	74	3.703280
PROB	73	PROB	75	0.490511
PROB	73	PROB	76	1.348907
PROB	73	PROB	77	1.571429
PROB	73	PROB	78	0.064820
PROB	74	PROB	75	3.112651
PROB	74	PROB	76	0.794719
PROB	74	PROB	77	2.854612
PROB	74	PROB	78	1.050210
PROB	75	PROB	76	2.157895
PROB	75	PROB	77	0.551825
PROB	75	PROB	78	1.224113
PROB	75	PROB	79	0.630893
PROB	76	PROB	77	2.759127
PROB	76	PROB	78	0.890264
PROB	76	PROB	79	3.383882
PROB	76	PROB	80	2.752989
PROB	76	PROB	81	0.066227
PROB	77	PROB	78	3.176198
PROB	77	PROB	79	1.002230
PROB	77	PROB	80	1.670383
PROB	77	PROB	81	1.311578
PROB	78	PROB	79	2.728526
PROB	78	PROB	80	0.545705
PROB	78	PROB	81	1.400280
PROB	78	PROB	82	0.476331
PROB	79	PROB	80	3.500000
PROB	79	PROB	81	0.938194
PROB	79	PROB	82	1.363862
PROB	79	PROB	83	2.398459
PROB	79	PROB	84	0.066815
PROB	80	PROB	81	2.742414
PROB	80	PROB	82	0.600099
PROB	80	PROB	83	2.194335
PROB	80	PROB	84	3.207135
PROB	80	PROB	85	0.051031
PROB	81	PROB	82	2.393775
PROB	81	PROB	83	0.766032
PROB	81	PROB	84	1.928792
PROB	81	PROB	85	1.767767
PROB	81	PROB	86	0.360844
PROB	82	PROB	83	2.628069
PROB	82	PROB	84	0.641533
PROB	82	PROB	85	0.579066
PROB	82	PROB	86	3.600595
PROB	82	PROB	87	2.953694
PROB	83	PROB	84	2.673169
PROB	83	PROB	85	0.333333
PROB	83	PROB	86	0.357217
PROB	83	PROB	87	2.435123
PROB	83	PROB	88	0.391675
PROB	84	PROB	85	3.382377
PROB	84	PROB	86	0.467707
PROB	84	PROB	88	1.538468
PROB	85	PROB	86	3.061862
PROB	85	PROB	87	0.280976
PROB	85	PROB	88	0.870388
PROB	86	PROB	87	2.982405
PROB	86	PROB	88	0.746203
PROB	87	PROB	88	1.907552
PROB	87	PROB	89	0.359092
PROB	88	PROB	89	3.289446
