PROA	11	PROA	12	3.098387
PROA	11	PROA	13	0.909509
PROA	11	PROA	18	1.625000
PROA	11	PROA	19	0.447214
PROA	11	PROA	20	3.031089
PROA	11	PROA	21	0.062500
PROA	12	PROA	13	3.318989
PROA	12	PROA	14	0.064550
PROA	12	PROA	17	0.062622
PROA	12	PROA	18	0.580948
PROA	12	PROA	19	1.212436
PROA	12	PROA	20	0.223607
PROA	12	PROA	21	0.387298
PROA	12	PROA	25	0.056344
PROA	12	PROA	26	1.518144
PROA	12	PROA	27	1.035098
PROA	12	PROA	28	2.724805
PROA	13	PROA	14	2.667892
PROA	13	PROA	15	0.198030
PROA	13	PROA	16	1.100038
PROA	13	PROA	17	1.058824
PROA	13	PROA	18	4.062472
PROA	13	PROA	19	0.813489
PROA	13	PROA	28	1.001547
PROA	14	PROA	15	2.806707
PROA	14	PROA	16	1.039402
PROA	14	PROA	17	3.031695
PROA	14	PROA	18	0.187500
PROA	14	PROA	19	1.565248
PROA	14	PROA	28	2.408865
PROA	14	PROA	29	0.753778
PROA	14	PROA	30	2.345842
PROA	14	PROA	31	0.057354
PROA	14	PROA	38	3.213597
PROA	14	PROA	39	0.062500
PROA	14	PROA	40	2.487469
PROA	15	PROA	16	2.700309
PROA	15	PROA	17	1.039655
PROA	15	PROA	30	4.320723
PROA	15	PROA	38	0.990148
PROA	16	PROA	17	4.216813
PROA	16	PROA	18	0.755929
PROA	17	PROA	18	3.031695
PROA	17	PROA	19	1.355815
PROA	17	PROA	38	3.529412
PROA	17	PROA	55	0.206835
PROA	18	PROA	19	3.354102
PROA	18	PROA	20	0.649519
PROA	18	PROA	55	1.545705
PROA	18	PROA	102	0.218218
PROA	19	PROA	20	2.130141
PROA	19	PROA	21	2.739183
PROA	19	PROA	28	2.000658
PROA	19	PROA	38	2.060839
PROA	19	PROA	39	0.391312
PROA	19	PROA	40	1.011300
PROA	19	PROA	53	1.282473
PROA	19	PROA	54	0.476731
PROA	19	PROA	55	3.289446
PROA	19	PROA	102	2.244570
PROA	20	PROA	21	4.041452
PROA	20	PROA	22	1.091089
PROA	20	PROA	90	0.198680
PROA	20	PROA	100	0.166667
PROA	20	PROA	102	2.078805
PROA	21	PROA	22	4.157609
PROA	21	PROA	23	0.133631
PROA	21	PROA	24	0.102062
PROA	21	PROA	25	3.000496
PROA	21	PROA	26	0.267261
PROA	21	PROA	28	1.548556
PROA	21	PROA	42	0.316228
PROA	21	PROA	53	2.007388
PROA	21	PROA	90	2.294157
PROA	21	PROA	102	1.854852
PROA	22	PROA	23	5.656854
PROA	22	PROA	24	0.694365
PROA	22	PROA	25	1.072222
PROA	22	PROA	90	0.260133
PROA	23	PROA	24	2.618615
PROA	23	PROA	25	0.583212
PROA	23	PROA	26	0.071429
PROA	23	PROA	45	0.285714
PROA	24	PROA	25	6.102465
PROA	24	PROA	26	0.272772
PROA	24	PROA	43	0.178174
PROA	24	PROA	44	2.828427
PROA	24	PROA	45	2.618615
PROA	24	PROA	46	4.031452
PROA	24	PROA	47	1.527525
PROA	24	PROA	87	0.054554
PROA	24	PROA	88	1.178511
PROA	25	PROA	26	2.507811
PROA	25	PROA	28	0.100125
PROA	25	PROA	42	1.449138
PROA	25	PROA	43	0.619048
PROA	25	PROA	44	2.645751
PROA	25	PROA	45	0.699854
PROA	25	PROA	51	1.418416
PROA	25	PROA	53	1.101378
PROA	25	PROA	87	0.058321
PROA	25	PROA	88	1.700840
PROA	25	PROA	90	1.051315
PROA	25	PROA	104	2.673169
PROA	26	PROA	27	4.785714
PROA	26	PROA	28	0.735767
PROA	26	PROA	42	1.605793
PROA	26	PROA	43	2.216205
PROA	26	PROA	44	0.154303
PROA	26	PROA	45	1.500000
PROA	27	PROA	28	3.249638
PROA	27	PROA	29	0.322329
PROA	27	PROA	41	0.080582
PROA	27	PROA	42	0.929670
PROA	27	PROA	43	0.699854
PROA	28	PROA	29	2.559344
PROA	28	PROA	40	1.590943
PROA	28	PROA	41	0.899229
PROA	28	PROA	42	2.103881
PROA	28	PROA	53	0.315789
PROA	29	PROA	30	2.763397
PROA	29	PROA	31	0.415029
PROA	29	PROA	40	1.454545
PROA	29	PROA	41	4.272727
PROA	29	PROA	42	0.190693
PROA	29	PROA	50	0.061546
PROA	30	PROA	31	2.953694
PROA	30	PROA	32	3.629059
PROA	30	PROA	33	0.845154
PROA	30	PROA	38	1.217289
PROA	30	PROA	39	0.218218
PROA	30	PROA	40	0.789542
PROA	30	PROA	41	0.263181
PROA	31	PROA	32	4.942527
PROA	31	PROA	39	3.383882
PROA	31	PROA	40	3.666087
PROA	31	PROA	41	2.836029
PROA	31	PROA	51	0.057354
PROA	31	PROA	52	1.813691
PROA	31	PROA	53	0.210526
PROA	31	PROA	107	1.315789
PROA	31	PROA	108	0.055641
PROA	32	PROA	33	4.098780
PROA	32	PROA	34	0.428571
PROA	32	PROA	37	0.142857
PROA	32	PROA	38	0.458349
PROA	32	PROA	39	4.346591
PROA	32	PROA	40	0.227921
PROA	33	PROA	34	4.098780
PROA	33	PROA	37	3.513240
PROA	33	PROA	38	2.442275
PROA	33	PROA	39	1.032796
PROA	34	PROA	35	3.824732
PROA	34	PROA	36	0.824786
PROA	34	PROA	37	3.428571
PROA	34	PROA	38	0.458349
PROA	34	PROA	39	2.173296
PROA	34	PROA	54	0.080582
PROA	35	PROA	36	4.554433
PROA	35	PROA	37	1.195229
PROA	35	PROA	54	0.134840
PROA	35	PROA	67	0.968246
PROA	35	PROA	167	1.460593
PROA	36	PROA	37	3.051709
PROA	36	PROA	38	0.158777
PROA	36	PROA	54	1.628347
PROA	36	PROA	55	0.232621
PROA	36	PROA	56	3.704634
PROA	36	PROA	57	0.065795
PROA	36	PROA	64	0.285714
PROA	36	PROA	67	1.781742
PROA	36	PROA	68	1.224745
PROA	36	PROA	71	0.901498
PROA	36	PROA	167	0.062994
PROA	36	PROA	169	0.824786
PROA	37	PROA	38	3.025105
PROA	37	PROA	39	0.944911
PROA	38	PROA	39	3.698668
PROA	38	PROA	40	0.511891
PROA	38	PROA	54	0.206835
PROA	38	PROA	55	0.310253
PROA	39	PROA	40	3.618136
PROA	39	PROA	52	0.158114
PROA	39	PROA	53	0.573539
PROA	39	PROA	54	2.238608
PROA	39	PROA	55	0.213201
PROA	40	PROA	41	4.454545
PROA	40	PROA	42	0.286039
PROA	40	PROA	51	0.075378
PROA	40	PROA	52	0.762770
PROA	40	PROA	53	2.421001
PROA	40	PROA	54	0.192847
PROA	41	PROA	42	4.576620
PROA	41	PROA	50	1.107823
PROA	41	PROA	51	1.809068
PROA	41	PROA	52	1.716233
PROA	41	PROA	53	0.622543
PROA	41	PROA	107	2.282658
PROA	42	PROA	43	3.174302
PROA	42	PROA	44	0.365148
PROA	42	PROA	49	0.079057
PROA	42	PROA	50	1.549193
PROA	42	PROA	51	3.162278
PROA	42	PROA	52	0.100000
PROA	42	PROA	53	1.668595
PROA	43	PROA	44	3.338686
PROA	43	PROA	45	2.274526
PROA	43	PROA	48	3.070598
PROA	43	PROA	49	0.654654
PROA	43	PROA	50	2.093546
PROA	43	PROA	51	0.490990
PROA	44	PROA	45	3.471825
PROA	44	PROA	46	2.237232
PROA	44	PROA	47	2.700309
PROA	44	PROA	48	1.169369
PROA	44	PROA	49	2.092895
PROA	44	PROA	50	0.353553
PROA	44	PROA	51	2.814583
PROA	45	PROA	46	3.207135
PROA	45	PROA	47	0.357143
PROA	45	PROA	48	2.507133
PROA	46	PROA	47	4.409810
PROA	46	PROA	48	2.025407
PROA	47	PROA	48	2.905995
PROA	47	PROA	49	2.605797
PROA	48	PROA	49	2.558409
PROA	49	PROA	50	3.265986
PROA	49	PROA	51	1.812500
PROA	50	PROA	51	2.959800
PROA	50	PROA	107	1.451708
PROA	51	PROA	52	4.348132
PROA	51	PROA	53	1.433848
PROA	51	PROA	87	0.668153
PROA	51	PROA	104	2.000000
PROA	51	PROA	105	0.485071
PROA	51	PROA	106	0.433013
PROA	51	PROA	107	1.835326
PROA	52	PROA	53	3.264643
PROA	52	PROA	54	0.202260
PROA	52	PROA	87	0.084515
PROA	52	PROA	103	0.072548
PROA	52	PROA	104	1.581139
PROA	52	PROA	105	2.914467
PROA	52	PROA	106	1.186732
PROA	52	PROA	107	3.047000
PROA	52	PROA	108	0.076696
PROA	53	PROA	54	2.787961
PROA	53	PROA	55	0.342381
PROA	53	PROA	90	0.210526
PROA	53	PROA	102	2.102630
PROA	53	PROA	103	1.052632
PROA	53	PROA	104	3.154466
PROA	53	PROA	105	0.333849
PROA	54	PROA	55	2.227273
PROA	54	PROA	56	2.249934
PROA	54	PROA	71	1.266108
PROA	54	PROA	101	0.159901
PROA	54	PROA	102	0.511766
PROA	54	PROA	103	3.864016
PROA	54	PROA	104	0.106600
PROA	54	PROA	105	0.517088
PROA	54	PROA	167	0.307729
PROA	55	PROA	56	3.081431
PROA	55	PROA	57	0.771389
PROA	55	PROA	100	1.292461
PROA	55	PROA	101	0.586302
PROA	55	PROA	102	3.489316
PROA	55	PROA	103	0.097823
PROA	56	PROA	57	3.666087
PROA	56	PROA	58	3.494894
PROA	56	PROA	64	0.350438
PROA	56	PROA	68	2.697813
PROA	56	PROA	71	0.059235
PROA	56	PROA	72	0.052632
PROA	56	PROA	99	0.048912
PROA	56	PROA	100	0.397360
PROA	56	PROA	101	4.358899
PROA	56	PROA	102	0.250313
PROA	56	PROA	103	1.473684
PROA	57	PROA	58	4.915520
PROA	57	PROA	59	0.471940
PROA	57	PROA	60	2.880446
PROA	57	PROA	61	0.073127
PROA	57	PROA	64	0.789542
PROA	57	PROA	99	0.514259
PROA	57	PROA	100	0.696311
PROA	57	PROA	101	0.301511
PROA	58	PROA	59	6.215189
PROA	58	PROA	60	0.690066
PROA	58	PROA	61	0.388922
PROA	58	PROA	64	2.391169
PROA	58	PROA	65	4.512609
PROA	58	PROA	68	1.928571
PROA	58	PROA	99	0.455842
PROA	58	PROA	100	0.462910
PROA	58	PROA	101	2.873058
PROA	58	PROA	340	0.056980
PROA	58	PROA	347	0.367884
PROA	59	PROA	60	2.424871
PROA	59	PROA	61	0.759257
PROA	59	PROA	64	0.048795
PROA	59	PROA	65	2.292280
PROA	59	PROA	98	1.681211
PROA	59	PROA	99	1.048809
PROA	59	PROA	100	0.064550
PROA	59	PROA	101	0.447214
PROA	59	PROA	340	2.049945
PROA	59	PROA	343	0.256495
PROA	59	PROA	344	4.099889
PROA	59	PROA	347	1.077277
PROA	60	PROA	61	3.882591
PROA	60	PROA	64	0.619780
PROA	60	PROA	99	0.165145
PROA	60	PROA	340	0.275241
PROA	61	PROA	62	2.705882
PROA	61	PROA	63	1.361228
PROA	61	PROA	64	3.598942
PROA	61	PROA	65	0.658145
PROA	61	PROA	340	1.189302
PROA	62	PROA	63	3.500300
PROA	62	PROA	64	0.423405
PROA	62	PROA	65	1.023781
PROA	62	PROA	66	2.764706
PROA	62	PROA	338	0.389490
PROA	62	PROA	339	0.842665
PROA	62	PROA	340	4.084993
PROA	62	PROA	343	0.945905
PROA	63	PROA	64	3.207665
PROA	63	PROA	65	0.644658
PROA	63	PROA	66	3.305839
PROA	63	PROA	67	2.236733
PROA	63	PROA	68	0.071429
PROA	64	PROA	65	2.697602
PROA	64	PROA	66	0.740959
PROA	64	PROA	67	1.469937
PROA	64	PROA	68	0.816497
PROA	65	PROA	66	2.998217
PROA	65	PROA	67	0.615457
PROA	65	PROA	68	2.336887
PROA	65	PROA	69	0.484200
PROA	65	PROA	340	1.221366
PROA	65	PROA	343	2.213486
PROA	65	PROA	344	0.064282
PROA	65	PROA	347	1.936800
PROA	66	PROA	67	2.425861
PROA	66	PROA	68	0.518563
PROA	66	PROA	69	0.612056
PROA	66	PROA	70	0.643596
PROA	66	PROA	335	2.392584
PROA	66	PROA	336	1.190238
PROA	66	PROA	337	0.140028
PROA	66	PROA	338	0.222566
PROA	66	PROA	343	1.891811
PROA	66	PROA	347	0.055641
PROA	67	PROA	68	2.182179
PROA	67	PROA	69	0.327805
PROA	67	PROA	70	1.125000
PROA	67	PROA	71	0.527046
PROA	67	PROA	169	3.163219
PROA	67	PROA	170	3.793173
PROA	68	PROA	69	3.004383
PROA	68	PROA	70	0.654654
PROA	68	PROA	71	2.277216
PROA	68	PROA	72	1.962046
PROA	68	PROA	73	0.056980
PROA	68	PROA	101	0.467707
PROA	68	PROA	103	0.245256
PROA	68	PROA	169	0.202031
PROA	68	PROA	347	1.226279
PROA	69	PROA	70	1.966830
PROA	69	PROA	71	0.829288
PROA	69	PROA	72	2.105263
PROA	69	PROA	73	2.787961
PROA	69	PROA	74	0.052632
PROA	69	PROA	331	0.307794
PROA	69	PROA	333	1.557962
PROA	69	PROA	335	1.210526
PROA	69	PROA	343	0.368421
PROA	69	PROA	346	1.368421
PROA	69	PROA	347	3.368421
PROA	69	PROA	350	1.303168
PROA	70	PROA	71	2.002776
PROA	70	PROA	72	0.374634
PROA	70	PROA	73	0.870388
PROA	70	PROA	74	1.358049
PROA	70	PROA	75	0.046829
PROA	70	PROA	168	0.319505
PROA	70	PROA	169	2.160247
PROA	70	PROA	170	0.187317
PROA	70	PROA	171	0.645497
PROA	70	PROA	172	3.458333
PROA	70	PROA	329	0.045644
PROA	70	PROA	331	2.556039
PROA	70	PROA	335	3.465368
PROA	70	PROA	336	0.530330
PROA	71	PROA	72	3.435623
PROA	71	PROA	73	0.550482
PROA	71	PROA	74	1.184698
PROA	71	PROA	75	3.554093
PROA	71	PROA	76	0.059235
PROA	71	PROA	86	0.059235
PROA	71	PROA	103	0.296174
PROA	71	PROA	167	0.894427
PROA	71	PROA	168	4.330127
PROA	71	PROA	169	3.122880
PROA	72	PROA	73	2.201022
PROA	72	PROA	74	0.526316
PROA	72	PROA	75	1.842105
PROA	72	PROA	76	2.105263
PROA	72	PROA	77	0.046829
PROA	72	PROA	86	1.631579
PROA	72	PROA	89	1.631579
PROA	72	PROA	101	0.458831
PROA	72	PROA	103	1.684211
PROA	72	PROA	347	0.315789
PROA	72	PROA	350	0.177705
PROA	72	PROA	351	1.042337
PROA	72	PROA	354	0.153897
PROA	73	PROA	74	2.054287
PROA	73	PROA	75	0.342381
PROA	73	PROA	76	1.124967
PROA	73	PROA	77	0.435194
PROA	73	PROA	78	0.095346
PROA	73	PROA	329	1.287174
PROA	73	PROA	331	1.382521
PROA	73	PROA	332	0.123091
PROA	73	PROA	333	0.827340
PROA	73	PROA	350	2.312024
PROA	74	PROA	75	2.368421
PROA	74	PROA	76	0.368421
PROA	74	PROA	77	0.796098
PROA	74	PROA	78	3.077935
PROA	74	PROA	79	0.046829
PROA	74	PROA	83	0.052632
PROA	74	PROA	140	0.473684
PROA	74	PROA	145	1.319140
PROA	74	PROA	168	3.488326
PROA	74	PROA	171	1.886238
PROA	74	PROA	172	0.374634
PROA	74	PROA	329	1.641565
PROA	74	PROA	331	0.461690
PROA	75	PROA	76	2.578947
PROA	75	PROA	77	0.515122
PROA	75	PROA	78	0.512989
PROA	75	PROA	79	0.796098
PROA	75	PROA	83	0.368421
PROA	75	PROA	84	1.368421
PROA	75	PROA	85	1.647509
PROA	75	PROA	86	3.578947
PROA	75	PROA	103	0.684211
PROA	75	PROA	105	1.780528
PROA	75	PROA	166	0.069171
PROA	75	PROA	167	0.066227
PROA	75	PROA	168	1.385071
PROA	76	PROA	77	1.779513
PROA	76	PROA	78	0.307794
PROA	76	PROA	79	0.421464
PROA	76	PROA	86	2.684211
PROA	76	PROA	89	0.105263
PROA	76	PROA	350	0.118470
PROA	76	PROA	353	1.685854
PROA	76	PROA	354	1.077277
PROA	77	PROA	78	6.709601
PROA	77	PROA	79	0.291667
PROA	77	PROA	139	0.222718
PROA	77	PROA	143	0.064550
PROA	77	PROA	323	0.218218
PROA	77	PROA	325	2.001041
PROA	77	PROA	327	0.064550
PROA	77	PROA	329	2.647326
PROA	78	PROA	79	1.688811
PROA	78	PROA	80	0.921954
PROA	78	PROA	83	1.692864
PROA	78	PROA	139	1.951800
PROA	78	PROA	140	0.872082
PROA	78	PROA	143	1.626346
PROA	78	PROA	145	0.279508
PROA	78	PROA	329	2.400000
PROA	79	PROA	80	4.356649
PROA	79	PROA	83	1.451708
PROA	79	PROA	84	0.374634
PROA	79	PROA	85	2.160247
PROA	79	PROA	86	0.140488
PROA	79	PROA	139	0.133631
PROA	80	PROA	81	4.320948
PROA	80	PROA	82	3.046558
PROA	80	PROA	83	4.618244
PROA	80	PROA	135	0.148522
PROA	80	PROA	136	0.733359
PROA	80	PROA	139	3.969421
PROA	80	PROA	164	0.465379
PROA	81	PROA	82	3.864367
PROA	81	PROA	83	0.414644
PROA	81	PROA	135	0.105409
PROA	81	PROA	163	0.059235
PROA	81	PROA	164	1.926687
PROA	82	PROA	83	2.881755
PROA	82	PROA	84	0.245256
PROA	82	PROA	132	2.657635
PROA	82	PROA	135	0.927426
PROA	82	PROA	136	2.727412
PROA	82	PROA	163	1.471534
PROA	82	PROA	164	2.678074
PROA	82	PROA	165	1.471534
PROA	83	PROA	84	3.157895
PROA	83	PROA	85	0.433555
PROA	83	PROA	136	1.907642
PROA	83	PROA	139	1.051315
PROA	83	PROA	140	1.105263
PROA	83	PROA	164	2.103199
PROA	83	PROA	165	2.315789
PROA	83	PROA	166	0.069171
PROA	83	PROA	168	1.846761
PROA	84	PROA	85	4.682394
PROA	84	PROA	105	2.837716
PROA	84	PROA	106	1.986799
PROA	84	PROA	108	1.112830
PROA	84	PROA	156	0.526316
PROA	84	PROA	164	3.570547
PROA	84	PROA	165	0.736842
PROA	84	PROA	166	1.452600
PROA	84	PROA	167	0.132453
PROA	84	PROA	168	0.512989
PROA	85	PROA	86	3.641862
PROA	85	PROA	87	0.404061
PROA	85	PROA	104	0.094491
PROA	85	PROA	105	1.833397
PROA	85	PROA	106	0.109109
PROA	85	PROA	164	0.161165
PROA	86	PROA	87	2.881755
PROA	86	PROA	88	1.456986
PROA	86	PROA	89	2.000000
PROA	86	PROA	103	2.263158
PROA	86	PROA	104	0.516185
PROA	86	PROA	105	1.168471
PROA	86	PROA	354	1.128576
PROA	87	PROA	88	3.934735
PROA	87	PROA	103	0.061314
PROA	87	PROA	104	3.808473
PROA	87	PROA	105	2.592815
PROA	87	PROA	106	2.160247
PROA	87	PROA	354	0.119523
PROA	88	PROA	89	3.774917
PROA	88	PROA	90	0.463586
PROA	88	PROA	102	0.062994
PROA	88	PROA	103	0.463586
PROA	88	PROA	104	4.835309
PROA	88	PROA	354	1.032796
PROA	89	PROA	90	3.421053
PROA	89	PROA	91	0.889757
PROA	89	PROA	101	0.573539
PROA	89	PROA	102	0.951190
PROA	89	PROA	103	3.157895
PROA	89	PROA	104	0.630893
PROA	89	PROA	351	2.452557
PROA	89	PROA	354	4.719500
PROA	90	PROA	91	2.950245
PROA	90	PROA	100	0.066227
PROA	90	PROA	101	0.344124
PROA	90	PROA	102	4.055072
PROA	90	PROA	103	0.210526
PROA	90	PROA	104	0.688247
PROA	90	PROA	355	0.055641
PROA	91	PROA	92	4.260282
PROA	91	PROA	93	0.818317
PROA	91	PROA	94	0.109109
PROA	91	PROA	98	0.891133
PROA	91	PROA	100	0.471405
PROA	91	PROA	101	0.867528
PROA	91	PROA	102	0.267261
PROA	91	PROA	347	0.140488
PROA	91	PROA	348	4.153563
PROA	91	PROA	349	0.158114
PROA	91	PROA	351	3.055050
PROA	91	PROA	352	1.871942
PROA	91	PROA	355	3.118965
PROA	92	PROA	93	4.648348
PROA	92	PROA	94	3.211586
PROA	92	PROA	95	0.072548
PROA	92	PROA	97	2.607681
PROA	92	PROA	98	2.454288
PROA	92	PROA	99	0.134840
PROA	92	PROA	100	0.091287
PROA	92	PROA	348	0.212132
PROA	92	PROA	355	0.383482
PROA	93	PROA	94	5.000000
PROA	93	PROA	97	0.194461
PROA	93	PROA	348	0.179284
PROA	93	PROA	355	1.037126
PROA	94	PROA	95	3.004383
PROA	94	PROA	96	3.312315
PROA	94	PROA	97	3.435480
PROA	94	PROA	98	0.842665
PROA	94	PROA	348	0.956183
PROA	95	PROA	96	3.376389
PROA	95	PROA	97	0.556415
PROA	95	PROA	98	2.336943
PROA	95	PROA	344	1.076055
PROA	95	PROA	345	2.250926
PROA	95	PROA	348	3.898718
PROA	96	PROA	97	3.381611
PROA	96	PROA	98	0.688847
PROA	97	PROA	98	2.235294
PROA	97	PROA	99	0.672214
PROA	98	PROA	99	2.223477
PROA	98	PROA	100	0.280056
PROA	98	PROA	101	0.060634
PROA	98	PROA	344	3.878158
PROA	98	PROA	347	0.778981
PROA	98	PROA	348	2.386235
PROA	98	PROA	351	0.129641
PROA	99	PROA	100	5.231388
PROA	99	PROA	101	0.159901
PROA	99	PROA	102	0.046524
PROA	100	PROA	101	3.608439
PROA	100	PROA	102	2.708745
PROA	101	PROA	102	2.618615
PROA	101	PROA	103	1.720618
PROA	101	PROA	347	0.860309
PROA	101	PROA	351	0.200446
PROA	102	PROA	103	2.152693
PROA	102	PROA	104	0.436436
PROA	103	PROA	104	3.211820
PROA	103	PROA	105	1.613603
PROA	104	PROA	105	3.880570
PROA	105	PROA	106	3.220644
PROA	105	PROA	107	0.278207
PROA	106	PROA	107	2.781518
PROA	106	PROA	108	0.910182
PROA	107	PROA	108	3.338489
PROA	107	PROA	158	0.061314
PROA	108	PROA	109	2.630142
PROA	108	PROA	110	0.842665
PROA	108	PROA	156	4.284395
PROA	108	PROA	157	1.446679
PROA	108	PROA	158	2.592815
PROA	108	PROA	162	0.210042
PROA	108	PROA	163	0.111283
PROA	108	PROA	164	1.809807
PROA	109	PROA	110	3.519334
PROA	109	PROA	157	0.651584
PROA	109	PROA	158	3.795361
PROA	109	PROA	159	2.553243
PROA	109	PROA	160	0.069007
PROA	110	PROA	111	4.551949
PROA	110	PROA	112	0.306570
PROA	110	PROA	114	1.082625
PROA	110	PROA	115	1.655476
PROA	110	PROA	155	0.061314
PROA	110	PROA	156	0.981023
PROA	110	PROA	157	3.924092
PROA	110	PROA	158	0.214286
PROA	111	PROA	112	2.384158
PROA	111	PROA	113	2.519763
PROA	111	PROA	114	4.308202
PROA	111	PROA	115	0.596040
PROA	111	PROA	152	0.540062
PROA	111	PROA	153	2.001893
PROA	111	PROA	154	0.077152
PROA	111	PROA	155	1.059626
PROA	111	PROA	156	2.715291
PROA	111	PROA	157	0.927173
PROA	112	PROA	113	2.102630
PROA	112	PROA	114	0.440204
PROA	112	PROA	115	2.421053
PROA	112	PROA	116	3.631579
PROA	112	PROA	117	0.048912
PROA	112	PROA	121	0.789474
PROA	112	PROA	129	1.898060
PROA	112	PROA	133	0.947368
PROA	112	PROA	152	1.778104
PROA	112	PROA	155	3.315789
PROA	112	PROA	156	0.210526
PROA	112	PROA	157	2.894737
PROA	112	PROA	163	0.947368
PROA	112	PROA	217	0.368421
PROA	112	PROA	221	1.279754
PROA	113	PROA	114	3.582364
PROA	113	PROA	115	0.500626
PROA	113	PROA	116	1.401753
PROA	113	PROA	117	2.698404
PROA	113	PROA	118	0.058321
PROA	113	PROA	152	3.091023
PROA	113	PROA	153	1.644879
PROA	113	PROA	155	0.100125
PROA	114	PROA	115	1.809729
PROA	114	PROA	116	0.538028
PROA	114	PROA	117	2.000000
PROA	114	PROA	118	1.196586
PROA	115	PROA	116	2.210526
PROA	115	PROA	117	0.391293
PROA	115	PROA	118	2.329929
PROA	115	PROA	119	3.115923
PROA	115	PROA	121	1.842105
PROA	115	PROA	129	0.872082
PROA	115	PROA	157	1.631579
PROA	116	PROA	117	1.907552
PROA	116	PROA	118	0.613139
PROA	116	PROA	119	0.890264
PROA	116	PROA	120	0.055641
PROA	116	PROA	121	2.105263
PROA	116	PROA	152	0.797081
PROA	116	PROA	217	0.157895
PROA	116	PROA	220	1.599342
PROA	116	PROA	221	3.115923
PROA	116	PROA	224	2.820441
PROA	117	PROA	118	2.450152
PROA	117	PROA	119	0.465379
PROA	117	PROA	224	0.170941
PROA	118	PROA	119	4.083683
PROA	119	PROA	120	2.764706
PROA	119	PROA	121	2.336943
PROA	119	PROA	122	0.073127
PROA	119	PROA	224	0.388922
PROA	120	PROA	121	3.004640
PROA	120	PROA	122	0.219382
PROA	120	PROA	221	0.235294
PROA	120	PROA	222	0.667698
PROA	120	PROA	223	1.316290
PROA	120	PROA	224	2.074252
PROA	121	PROA	122	3.666087
PROA	121	PROA	123	0.245256
PROA	121	PROA	125	0.500773
PROA	121	PROA	126	2.473684
PROA	121	PROA	129	1.179875
PROA	121	PROA	221	1.836169
PROA	121	PROA	224	0.306570
PROA	122	PROA	123	3.384456
PROA	122	PROA	124	2.785242
PROA	122	PROA	125	3.656362
PROA	122	PROA	126	1.590943
PROA	123	PROA	124	3.548977
PROA	123	PROA	125	0.907485
PROA	123	PROA	126	2.452557
PROA	123	PROA	127	0.886405
PROA	123	PROA	128	0.058321
PROA	123	PROA	283	1.465882
PROA	123	PROA	312	1.283066
PROA	124	PROA	125	4.060812
PROA	124	PROA	126	0.728493
PROA	124	PROA	127	2.175971
PROA	124	PROA	128	0.818923
PROA	124	PROA	129	0.064550
PROA	124	PROA	312	0.062994
PROA	124	PROA	316	1.322876
PROA	125	PROA	126	2.281301
PROA	125	PROA	127	1.023781
PROA	125	PROA	128	1.217289
PROA	125	PROA	129	2.169305
PROA	125	PROA	130	0.055641
PROA	125	PROA	161	0.585018
PROA	126	PROA	127	2.766858
PROA	126	PROA	128	0.450564
PROA	126	PROA	129	1.282473
PROA	126	PROA	130	1.105263
PROA	126	PROA	218	0.947368
PROA	126	PROA	221	3.950546
PROA	126	PROA	222	2.315789
PROA	126	PROA	312	1.151440
PROA	127	PROA	128	2.829192
PROA	127	PROA	129	0.876460
PROA	127	PROA	130	1.729286
PROA	127	PROA	131	0.855337
PROA	127	PROA	132	0.073127
PROA	127	PROA	312	4.934638
PROA	127	PROA	313	2.075143
PROA	127	PROA	315	0.146254
PROA	127	PROA	316	1.776470
PROA	128	PROA	129	2.537340
PROA	128	PROA	130	0.500626
PROA	128	PROA	131	1.476190
PROA	128	PROA	132	3.334314
PROA	128	PROA	160	0.058321
PROA	128	PROA	161	1.381699
PROA	128	PROA	162	0.503953
PROA	128	PROA	316	3.238095
PROA	129	PROA	130	2.154555
PROA	129	PROA	131	0.683130
PROA	129	PROA	132	2.060839
PROA	129	PROA	133	1.795462
PROA	129	PROA	134	0.051299
PROA	129	PROA	157	1.692864
PROA	129	PROA	161	1.685500
PROA	129	PROA	162	0.064550
PROA	129	PROA	163	2.718843
PROA	129	PROA	221	0.813489
PROA	130	PROA	131	2.152693
PROA	130	PROA	132	0.556415
PROA	130	PROA	133	2.000000
PROA	130	PROA	134	2.210526
PROA	130	PROA	135	0.046829
PROA	130	PROA	214	1.089725
PROA	130	PROA	215	0.086711
PROA	130	PROA	218	3.947368
PROA	130	PROA	221	1.224113
PROA	130	PROA	289	0.789474
PROA	130	PROA	293	0.556415
PROA	130	PROA	312	1.251565
PROA	130	PROA	313	2.368421
PROA	131	PROA	132	2.381653
PROA	131	PROA	133	0.450564
PROA	131	PROA	134	1.051315
PROA	131	PROA	135	3.162591
PROA	131	PROA	136	0.082479
PROA	131	PROA	308	2.903632
PROA	131	PROA	313	3.103882
PROA	131	PROA	316	1.952381
PROA	131	PROA	317	1.619048
PROA	131	PROA	318	1.763834
PROA	132	PROA	133	2.225660
PROA	132	PROA	134	0.500773
PROA	132	PROA	135	1.584236
PROA	132	PROA	136	0.825029
PROA	132	PROA	137	0.055641
PROA	132	PROA	161	0.950654
PROA	132	PROA	162	1.330266
PROA	132	PROA	163	4.117470
PROA	132	PROA	165	0.055641
PROA	133	PROA	134	2.526316
PROA	133	PROA	135	0.608781
PROA	133	PROA	136	1.040532
PROA	133	PROA	137	1.000000
PROA	133	PROA	138	0.048912
PROA	133	PROA	150	0.842105
PROA	133	PROA	155	3.105263
PROA	133	PROA	163	2.631579
PROA	133	PROA	165	1.473684
PROA	133	PROA	214	2.408865
PROA	133	PROA	217	1.052632
PROA	133	PROA	221	0.834622
PROA	134	PROA	135	1.826342
PROA	134	PROA	136	0.780399
PROA	134	PROA	137	2.210526
PROA	134	PROA	138	0.929320
PROA	134	PROA	139	0.050063
PROA	134	PROA	211	0.842105
PROA	134	PROA	214	2.523573
PROA	134	PROA	289	0.526316
PROA	134	PROA	293	0.834622
PROA	134	PROA	304	2.982405
PROA	134	PROA	307	2.466619
PROA	134	PROA	308	3.210526
PROA	134	PROA	313	1.157895
PROA	135	PROA	136	2.546005
PROA	135	PROA	137	0.515122
PROA	135	PROA	138	1.914854
PROA	135	PROA	139	0.579066
PROA	135	PROA	308	2.856587
PROA	135	PROA	318	1.119586
PROA	135	PROA	320	2.277193
PROA	136	PROA	137	2.774752
PROA	136	PROA	138	0.886405
PROA	136	PROA	139	1.732051
PROA	136	PROA	140	1.040532
PROA	136	PROA	165	2.427908
PROA	137	PROA	138	2.298845
PROA	137	PROA	139	0.700877
PROA	137	PROA	140	3.210526
PROA	137	PROA	141	2.670791
PROA	137	PROA	142	0.069171
PROA	137	PROA	147	0.389490
PROA	137	PROA	150	0.631579
PROA	137	PROA	165	0.842105
PROA	137	PROA	210	3.046424
PROA	137	PROA	211	0.947368
PROA	137	PROA	214	1.605910
PROA	137	PROA	304	2.179449
PROA	138	PROA	139	3.256695
PROA	138	PROA	140	0.538028
PROA	138	PROA	141	1.706389
PROA	138	PROA	142	1.799908
PROA	138	PROA	143	0.067420
PROA	138	PROA	304	3.517812
PROA	138	PROA	305	3.412988
PROA	138	PROA	308	1.418436
PROA	138	PROA	320	0.257130
PROA	138	PROA	322	0.275241
PROA	138	PROA	323	0.683763
PROA	139	PROA	140	2.302880
PROA	139	PROA	141	0.582182
PROA	139	PROA	142	1.381699
PROA	139	PROA	143	0.414039
PROA	139	PROA	323	1.982920
PROA	140	PROA	141	2.559508
PROA	140	PROA	142	0.622543
PROA	140	PROA	143	1.450953
PROA	140	PROA	144	0.245256
PROA	140	PROA	145	2.408865
PROA	140	PROA	146	0.105263
PROA	140	PROA	147	1.446679
PROA	140	PROA	150	0.052632
PROA	140	PROA	165	0.315789
PROA	140	PROA	168	0.974679
PROA	141	PROA	142	3.436980
PROA	141	PROA	143	0.920358
PROA	141	PROA	144	0.648204
PROA	141	PROA	145	0.788241
PROA	141	PROA	146	0.111283
PROA	141	PROA	207	0.206835
PROA	141	PROA	208	0.073127
PROA	141	PROA	210	0.630126
PROA	141	PROA	211	0.055641
PROA	141	PROA	304	3.092329
PROA	141	PROA	305	0.062622
PROA	142	PROA	143	3.241773
PROA	142	PROA	144	0.805823
PROA	142	PROA	304	0.075378
PROA	142	PROA	305	0.622799
PROA	143	PROA	144	3.465132
PROA	143	PROA	145	2.529822
PROA	143	PROA	173	0.158114
PROA	143	PROA	329	0.777817
PROA	144	PROA	145	3.006689
PROA	144	PROA	146	0.306570
PROA	144	PROA	172	0.054554
PROA	144	PROA	173	3.140320
PROA	144	PROA	174	2.789009
PROA	144	PROA	207	2.108271
PROA	145	PROA	146	3.154466
PROA	145	PROA	147	0.363803
PROA	145	PROA	171	1.502082
PROA	145	PROA	172	1.735055
PROA	145	PROA	173	2.312500
PROA	145	PROA	174	0.395285
PROA	145	PROA	210	0.072169
PROA	145	PROA	329	0.670820
PROA	146	PROA	147	2.114377
PROA	146	PROA	148	3.465368
PROA	146	PROA	171	0.943119
PROA	146	PROA	172	0.608781
PROA	146	PROA	173	0.057354
PROA	146	PROA	174	2.684262
PROA	146	PROA	175	0.066227
PROA	146	PROA	185	0.367884
PROA	146	PROA	206	0.122628
PROA	146	PROA	207	2.103199
PROA	146	PROA	209	2.157895
PROA	146	PROA	210	2.516611
PROA	147	PROA	148	3.019950
PROA	147	PROA	149	0.350070
PROA	147	PROA	150	3.449772
PROA	147	PROA	151	0.051709
PROA	147	PROA	154	1.814970
PROA	147	PROA	165	0.945905
PROA	147	PROA	166	0.731272
PROA	147	PROA	167	0.910182
PROA	147	PROA	168	1.247350
PROA	147	PROA	170	0.055641
PROA	147	PROA	171	2.300895
PROA	147	PROA	210	0.980196
PROA	148	PROA	149	2.357023
PROA	148	PROA	150	0.468293
PROA	148	PROA	151	0.043519
PROA	148	PROA	154	0.109109
PROA	148	PROA	170	1.685854
PROA	148	PROA	171	1.290994
PROA	148	PROA	172	2.750000
PROA	148	PROA	174	0.258199
PROA	148	PROA	175	0.235702
PROA	148	PROA	178	0.049507
PROA	148	PROA	185	1.691189
PROA	148	PROA	186	4.110961
PROA	148	PROA	209	0.515122
PROA	148	PROA	210	0.235702
PROA	149	PROA	150	2.384158
PROA	149	PROA	151	2.646467
PROA	149	PROA	154	0.308607
PROA	149	PROA	188	1.154701
PROA	149	PROA	190	0.077152
PROA	149	PROA	193	1.511858
PROA	149	PROA	194	1.708841
PROA	149	PROA	213	0.348155
PROA	150	PROA	151	3.081431
PROA	150	PROA	152	0.061314
PROA	150	PROA	154	1.839418
PROA	150	PROA	155	2.052632
PROA	150	PROA	165	1.263158
PROA	150	PROA	193	0.250313
PROA	150	PROA	210	0.066227
PROA	150	PROA	213	2.213486
PROA	150	PROA	214	1.433848
PROA	150	PROA	217	2.000000
PROA	151	PROA	152	3.874660
PROA	151	PROA	153	2.378450
PROA	151	PROA	154	2.735054
PROA	151	PROA	155	0.440204
PROA	151	PROA	190	0.056980
PROA	151	PROA	193	2.419259
PROA	151	PROA	217	1.076055
PROA	152	PROA	153	3.142710
PROA	152	PROA	154	0.642857
PROA	152	PROA	155	2.575185
PROA	152	PROA	193	1.049781
PROA	152	PROA	217	2.820441
PROA	152	PROA	220	0.897085
PROA	153	PROA	154	4.754355
PROA	153	PROA	155	0.760886
PROA	153	PROA	156	0.207514
PROA	153	PROA	166	0.090909
PROA	154	PROA	155	2.943069
PROA	154	PROA	156	0.367884
PROA	154	PROA	164	0.056980
PROA	154	PROA	165	0.919709
PROA	154	PROA	166	2.981545
PROA	154	PROA	167	1.465882
PROA	155	PROA	156	2.421053
PROA	155	PROA	157	0.421053
PROA	155	PROA	163	1.736842
PROA	155	PROA	164	0.342381
PROA	155	PROA	165	2.789474
PROA	155	PROA	166	0.415029
PROA	155	PROA	217	1.210526
PROA	156	PROA	157	2.789474
PROA	156	PROA	158	0.061314
PROA	156	PROA	162	0.066227
PROA	156	PROA	163	0.631579
PROA	156	PROA	164	2.054287
PROA	156	PROA	165	0.210526
PROA	156	PROA	166	2.490172
PROA	157	PROA	158	4.230661
PROA	157	PROA	159	0.122628
PROA	157	PROA	161	0.830057
PROA	157	PROA	162	0.927173
PROA	157	PROA	163	3.105263
PROA	157	PROA	164	0.342381
PROA	158	PROA	159	3.214286
PROA	158	PROA	160	2.857143
PROA	158	PROA	161	1.853393
PROA	158	PROA	162	3.626129
PROA	158	PROA	163	0.245256
PROA	159	PROA	160	3.285714
PROA	159	PROA	161	1.611646
PROA	160	PROA	161	3.867950
PROA	160	PROA	162	2.854612
PROA	161	PROA	162	3.394514
PROA	161	PROA	163	0.622543
PROA	162	PROA	163	2.384158
PROA	162	PROA	164	0.307729
PROA	163	PROA	164	2.787961
PROA	163	PROA	165	0.421053
PROA	164	PROA	165	2.690138
PROA	164	PROA	166	0.385695
PROA	165	PROA	166	3.735258
PROA	165	PROA	168	1.538968
PROA	166	PROA	167	4.264903
PROA	166	PROA	168	2.022600
PROA	167	PROA	168	4.066633
PROA	167	PROA	169	0.981981
PROA	167	PROA	170	0.066227
PROA	167	PROA	171	0.091287
PROA	168	PROA	169	2.873524
PROA	168	PROA	170	0.307794
PROA	168	PROA	171	2.687006
PROA	169	PROA	170	3.381729
PROA	169	PROA	171	1.673320
PROA	170	PROA	171	2.394072
PROA	170	PROA	172	1.966830
PROA	170	PROA	186	0.059235
PROA	171	PROA	172	3.679334
PROA	171	PROA	331	0.141421
PROA	172	PROA	173	2.602583
PROA	172	PROA	174	0.387298
PROA	172	PROA	175	0.117851
PROA	172	PROA	186	1.950071
PROA	172	PROA	331	0.684653
PROA	173	PROA	174	3.478505
PROA	173	PROA	175	0.649519
PROA	173	PROA	329	0.838525
PROA	173	PROA	330	0.319801
PROA	173	PROA	331	0.894427
PROA	174	PROA	175	3.651484
PROA	174	PROA	176	0.253546
PROA	174	PROA	207	1.550660
PROA	175	PROA	176	4.397645
PROA	175	PROA	177	0.500000
PROA	175	PROA	178	3.010602
PROA	175	PROA	185	0.154303
PROA	176	PROA	177	4.089039
PROA	176	PROA	178	0.907485
PROA	176	PROA	205	0.408248
PROA	177	PROA	178	3.430686
PROA	177	PROA	185	0.077152
PROA	177	PROA	203	2.277193
PROA	177	PROA	204	0.327327
PROA	177	PROA	205	1.259882
PROA	178	PROA	185	3.046558
PROA	178	PROA	186	0.187867
PROA	178	PROA	205	1.111438
PROA	185	PROA	186	3.795361
PROA	185	PROA	187	0.349927
PROA	185	PROA	198	1.900732
PROA	185	PROA	205	4.199125
PROA	185	PROA	206	0.142857
PROA	185	PROA	209	0.674453
PROA	185	PROB	71	0.054554
PROA	186	PROA	187	2.366432
PROA	186	PROA	188	1.484644
PROA	186	PROA	194	0.105409
PROA	186	PROA	198	0.236940
PROA	187	PROA	188	2.564060
PROA	187	PROA	189	0.138013
PROA	187	PROA	194	2.227177
PROA	187	PROA	198	2.202755
PROA	187	PROA	199	1.905322
PROA	187	PROA	233	0.571429
PROA	187	PROB	68	1.577621
PROA	187	PROB	69	1.151440
PROA	187	PROB	71	3.429853
PROA	188	PROA	189	4.427189
PROA	188	PROA	190	0.601338
PROA	188	PROA	191	0.102062
PROA	188	PROA	194	2.653614
PROA	189	PROA	190	3.803194
PROA	189	PROA	191	0.129099
PROA	189	PROA	194	0.193649
PROA	190	PROA	191	3.109605
PROA	190	PROA	192	2.400397
PROA	190	PROA	193	0.466569
PROA	190	PROA	194	0.490990
PROA	191	PROA	192	1.875000
PROA	191	PROA	193	0.356348
PROA	191	PROA	194	2.125000
PROA	191	PROA	199	0.643596
PROA	191	PROA	230	0.231455
PROA	191	PROA	231	0.478714
PROA	191	PROA	232	1.831773
PROA	191	PROA	233	2.227177
PROA	191	PROA	236	2.524876
PROA	191	PROB	68	1.423025
PROA	192	PROA	193	2.628069
PROA	192	PROA	194	0.416667
PROA	192	PROA	212	0.041667
PROA	192	PROA	216	0.184637
PROA	192	PROA	226	2.236733
PROA	192	PROA	228	0.821584
PROA	192	PROA	229	1.472971
PROA	192	PROA	230	0.848668
PROA	192	PROA	236	1.188177
PROA	193	PROA	194	1.915372
PROA	193	PROA	195	0.276026
PROA	193	PROA	212	0.579066
PROA	193	PROA	213	1.776470
PROA	193	PROA	216	2.039650
PROA	193	PROA	217	1.151440
PROA	193	PROA	220	0.732467
PROA	193	PROA	226	0.058321
PROA	194	PROA	195	3.614784
PROA	194	PROA	196	0.381881
PROA	194	PROA	198	0.655610
PROA	194	PROA	199	1.287192
PROA	194	PROA	209	0.046829
PROA	194	PROA	212	1.041667
PROA	194	PROA	236	0.346552
PROA	194	PROA	240	0.093659
PROA	195	PROA	196	4.817379
PROA	195	PROA	197	2.449490
PROA	195	PROA	198	2.031334
PROA	195	PROA	199	0.843661
PROA	195	PROA	209	1.958786
PROA	195	PROA	212	2.904738
PROA	195	PROA	301	0.903696
PROA	196	PROA	197	4.071387
PROA	196	PROA	198	0.797081
PROA	196	PROA	199	2.527995
PROA	196	PROA	200	1.839418
PROA	196	PROA	201	0.071429
PROA	196	PROA	212	2.236733
PROA	196	PROA	237	0.981023
PROA	196	PROA	240	2.268616
PROA	196	PROA	244	0.061314
PROA	196	PROA	296	2.988072
PROA	196	PROA	301	0.600099
PROA	197	PROA	198	4.324147
PROA	197	PROA	199	0.751469
PROA	197	PROA	200	1.421637
PROA	197	PROA	201	2.622249
PROA	197	PROA	204	0.097590
PROA	197	PROA	205	0.056344
PROA	197	PROA	206	1.863177
PROA	197	PROA	209	0.592349
PROA	197	PROA	255	0.236940
PROA	197	PROA	296	0.057735
PROA	197	PROA	298	3.174302
PROA	197	PROA	301	1.528434
PROA	198	PROA	199	2.503867
PROA	198	PROA	200	0.526316
PROA	198	PROA	201	1.103651
PROA	198	PROA	202	0.069171
PROA	198	PROA	205	3.053820
PROA	198	PROA	206	0.981023
PROA	198	PROA	209	1.473684
PROA	198	PROB	71	1.639025
PROA	199	PROA	200	2.782074
PROA	199	PROA	201	0.713024
PROA	199	PROA	233	2.805057
PROA	199	PROA	236	1.529412
PROA	199	PROA	237	2.392584
PROA	199	PROA	240	0.166924
PROA	199	PROB	71	1.089162
PROA	200	PROA	201	4.108034
PROA	200	PROA	233	0.300376
PROA	200	PROA	237	1.526316
PROA	200	PROA	255	2.789474
PROA	200	PROA	257	1.164965
PROA	200	PROA	260	2.611715
PROA	200	PROA	263	0.100125
PROA	200	PROA	264	2.526316
PROA	200	PROA	296	0.923381
PROA	200	PROB	71	0.796098
PROA	200	PROB	73	0.367884
PROA	201	PROA	202	2.981545
PROA	201	PROA	203	1.139606
PROA	201	PROA	205	0.291606
PROA	201	PROA	255	2.452557
PROA	201	PROA	256	1.962046
PROA	201	PROA	257	2.571429
PROA	201	PROB	71	2.018515
PROA	202	PROA	203	2.764145
PROA	202	PROA	205	2.500216
PROA	202	PROA	257	0.080582
PROA	202	PROB	22	0.292509
PROA	202	PROB	69	0.069171
PROA	202	PROB	70	0.272727
PROA	202	PROB	71	3.692745
PROA	203	PROA	204	4.270862
PROA	203	PROA	205	0.837436
PROA	203	PROA	256	2.592315
PROA	204	PROA	205	3.051709
PROA	204	PROA	206	0.303046
PROA	204	PROA	256	1.647509
PROA	205	PROA	206	2.857738
PROA	205	PROB	71	1.069045
PROA	206	PROA	207	2.962975
PROA	206	PROA	208	2.820380
PROA	206	PROA	209	2.575185
PROA	206	PROA	298	2.500000
PROA	206	PROA	299	0.453743
PROA	206	PROA	301	0.272772
PROA	207	PROA	208	2.828427
PROA	207	PROA	209	1.271702
PROA	207	PROA	210	0.246183
PROA	208	PROA	209	3.181887
PROA	208	PROA	210	0.609272
PROA	208	PROA	211	1.867629
PROA	208	PROA	212	0.369274
PROA	208	PROA	298	1.853393
PROA	208	PROA	299	0.073127
PROA	208	PROA	301	2.523376
PROA	209	PROA	210	3.245104
PROA	209	PROA	211	0.736842
PROA	209	PROA	212	0.983415
PROA	209	PROA	213	0.760886
PROA	209	PROA	301	0.655610
PROA	210	PROA	211	2.582838
PROA	210	PROA	212	0.824958
PROA	210	PROA	213	2.959320
PROA	210	PROA	214	1.154701
PROA	211	PROA	212	2.435123
PROA	211	PROA	213	0.899229
PROA	211	PROA	214	1.950034
PROA	211	PROA	215	0.693688
PROA	211	PROA	216	0.069171
PROA	211	PROA	293	3.950546
PROA	211	PROA	301	1.639025
PROA	211	PROA	302	2.263158
PROA	211	PROA	303	0.177705
PROA	211	PROA	304	1.548556
PROA	211	PROA	307	0.943119
PROA	212	PROA	213	2.708013
PROA	212	PROA	214	0.459279
PROA	212	PROA	215	1.157275
PROA	212	PROA	216	1.969464
PROA	212	PROA	217	0.046829
PROA	212	PROA	228	1.460593
PROA	212	PROA	240	1.685854
PROA	212	PROA	244	0.889757
PROA	212	PROA	293	0.396059
PROA	212	PROA	294	2.107318
PROA	212	PROA	295	0.490990
PROA	212	PROA	296	0.730297
PROA	212	PROA	301	1.875000
PROA	213	PROA	214	3.467380
PROA	213	PROA	215	1.367527
PROA	213	PROA	216	2.818182
PROA	213	PROA	217	1.867629
PROA	213	PROA	218	0.069171
PROA	214	PROA	215	3.685154
PROA	214	PROA	216	0.753778
PROA	214	PROA	217	2.752989
PROA	214	PROA	218	0.802955
PROA	214	PROA	293	1.940285
PROA	215	PROA	216	4.216541
PROA	215	PROA	217	1.127243
PROA	215	PROA	218	3.121596
PROA	215	PROA	219	1.195229
PROA	215	PROA	227	0.086711
PROA	215	PROA	290	1.647509
PROA	215	PROA	293	3.116775
PROA	215	PROA	294	2.427908
PROA	216	PROA	217	2.766858
PROA	216	PROA	218	0.760886
PROA	216	PROA	219	1.716233
PROA	216	PROA	220	0.856349
PROA	216	PROA	226	0.080582
PROA	216	PROA	227	1.383429
PROA	216	PROA	228	0.404520
PROA	216	PROA	294	1.521772
PROA	217	PROA	218	2.315789
PROA	217	PROA	219	1.015667
PROA	217	PROA	220	2.369396
PROA	217	PROA	221	1.891811
PROA	217	PROA	222	0.052632
PROA	218	PROA	219	3.409738
PROA	218	PROA	220	0.710819
PROA	218	PROA	221	3.839263
PROA	218	PROA	222	2.421053
PROA	218	PROA	286	0.145095
PROA	218	PROA	289	0.052632
PROA	218	PROA	290	3.368421
PROA	218	PROA	293	0.667698
PROA	218	PROA	312	0.300376
PROA	219	PROA	220	3.429286
PROA	219	PROA	221	1.150447
PROA	219	PROA	222	2.248976
PROA	219	PROA	223	1.525540
PROA	219	PROA	224	0.253546
PROA	219	PROA	225	0.322749
PROA	219	PROA	227	2.829357
PROA	219	PROA	279	2.121320
PROA	219	PROA	290	1.378405
PROA	219	PROA	294	0.145095
PROA	220	PROA	221	2.567520
PROA	220	PROA	222	0.651584
PROA	220	PROA	223	1.556998
PROA	220	PROA	224	1.725164
PROA	220	PROA	225	1.581139
PROA	220	PROA	226	2.001190
PROA	220	PROA	227	0.236940
PROA	221	PROA	222	2.559508
PROA	221	PROA	223	0.731272
PROA	221	PROA	224	0.388922
PROA	222	PROA	223	2.974372
PROA	222	PROA	224	0.367884
PROA	222	PROA	279	3.283131
PROA	222	PROA	282	2.611715
PROA	222	PROA	286	0.145095
PROA	222	PROA	287	0.947368
PROA	222	PROA	290	0.684211
PROA	222	PROA	312	0.050063
PROA	223	PROA	224	4.834938
PROA	223	PROA	225	4.062019
PROA	223	PROA	279	1.550660
PROA	224	PROA	225	2.236733
PROA	225	PROA	226	3.600595
PROA	225	PROA	227	1.264391
PROA	225	PROA	278	0.983415
PROA	225	PROA	279	0.319505
PROA	226	PROA	227	2.329929
PROA	226	PROA	228	1.015944
PROA	226	PROA	229	2.285714
PROA	227	PROA	228	5.437685
PROA	227	PROA	229	0.797081
PROA	227	PROA	239	0.111283
PROA	227	PROA	243	1.210526
PROA	227	PROA	275	0.655610
PROA	227	PROA	278	0.842105
PROA	227	PROA	279	0.461690
PROA	227	PROA	294	0.684211
PROA	228	PROA	229	3.107594
PROA	228	PROA	230	0.676123
PROA	228	PROA	236	2.223537
PROA	228	PROA	239	2.006607
PROA	228	PROA	240	3.437027
PROA	228	PROA	243	1.282473
PROA	228	PROA	244	0.769484
PROA	228	PROA	275	0.136931
PROA	228	PROA	294	1.436370
PROA	229	PROA	230	4.747717
PROA	229	PROA	231	0.512823
PROA	229	PROA	236	0.583383
PROA	229	PROA	239	3.370659
PROA	230	PROA	231	3.062127
PROA	230	PROA	232	0.916698
PROA	230	PROA	235	1.309307
PROA	230	PROA	236	3.208445
PROA	230	PROA	239	2.383416
PROA	231	PROA	232	3.774740
PROA	231	PROA	235	0.430820
PROA	231	PROA	239	0.051709
PROA	232	PROA	233	2.011173
PROA	232	PROA	234	0.612056
PROA	232	PROA	235	3.500700
PROA	232	PROA	236	0.823529
PROA	232	PROB	64	0.062622
PROA	232	PROB	76	0.055641
PROA	233	PROA	234	2.653319
PROA	233	PROA	235	0.566947
PROA	233	PROA	236	0.952661
PROA	233	PROA	237	0.951190
PROA	233	PROB	67	0.390360
PROA	233	PROB	68	2.929868
PROA	233	PROB	71	1.380850
PROA	233	PROB	72	0.623610
PROA	233	PROB	73	2.974380
PROA	233	PROB	76	1.802254
PROA	234	PROA	235	2.715291
PROA	234	PROA	236	0.667698
PROA	234	PROA	237	1.315789
PROA	234	PROA	238	1.164965
PROA	234	PROA	263	1.501879
PROA	234	PROB	73	2.943069
PROA	234	PROB	74	0.132453
PROA	234	PROB	76	3.263158
PROA	234	PROB	77	2.759127
PROA	234	PROB	80	0.975017
PROA	235	PROA	236	2.450490
PROA	235	PROA	237	0.463586
PROA	235	PROA	238	2.546005
PROA	235	PROA	239	1.680336
PROA	236	PROA	237	2.670791
PROA	236	PROA	238	1.037126
PROA	236	PROA	239	2.882353
PROA	236	PROA	240	1.613603
PROA	236	PROA	241	0.055641
PROA	237	PROA	238	2.636499
PROA	237	PROA	239	0.834622
PROA	237	PROA	240	2.631579
PROA	237	PROA	241	2.315789
PROA	237	PROA	242	0.173422
PROA	237	PROA	263	0.400501
PROA	237	PROA	264	0.263158
PROA	237	PROA	296	0.051299
PROA	237	PROB	73	0.551825
PROA	238	PROA	239	2.333533
PROA	238	PROA	240	0.797081
PROA	238	PROA	241	1.471534
PROA	238	PROA	242	1.212183
PROA	238	PROA	243	0.061314
PROA	239	PROA	240	2.448225
PROA	239	PROA	241	0.333849
PROA	239	PROA	242	1.008368
PROA	239	PROA	243	0.890264
PROA	239	PROA	244	0.055641
PROA	240	PROA	241	3.157895
PROA	240	PROA	242	1.127243
PROA	240	PROA	243	1.000000
PROA	240	PROA	244	2.894737
PROA	240	PROA	245	0.260133
PROA	240	PROA	296	0.820783
PROA	241	PROA	242	2.948174
PROA	241	PROA	243	0.578947
PROA	241	PROA	244	0.789474
PROA	241	PROA	245	2.601330
PROA	241	PROA	246	1.521772
PROA	241	PROA	247	1.226279
PROA	241	PROA	264	1.263158
PROA	241	PROA	267	0.473684
PROA	241	PROA	270	1.222790
PROA	241	PROA	271	0.061314
PROA	241	PROA	296	0.564288
PROA	242	PROA	243	4.075417
PROA	242	PROA	244	0.346844
PROA	242	PROA	245	0.714286
PROA	242	PROA	270	0.805823
PROA	242	PROA	271	0.101015
PROA	242	PROA	273	0.566947
PROA	243	PROA	244	3.473684
PROA	243	PROA	245	0.867110
PROA	243	PROA	272	0.684762
PROA	243	PROA	273	3.269174
PROA	243	PROA	275	0.842927
PROA	243	PROA	278	2.736842
PROA	244	PROA	245	3.381729
PROA	244	PROA	246	0.069171
PROA	244	PROA	272	3.179254
PROA	244	PROA	273	0.114708
PROA	244	PROA	275	0.749269
PROA	244	PROA	291	0.132453
PROA	244	PROA	294	1.631579
PROA	244	PROA	295	0.245256
PROA	244	PROA	296	1.692864
PROA	245	PROA	246	3.532778
PROA	245	PROA	247	0.606092
PROA	245	PROA	270	1.853393
PROA	245	PROA	271	1.717259
PROA	245	PROA	272	1.933975
PROA	246	PROA	247	4.915520
PROA	246	PROA	248	0.545455
PROA	246	PROA	252	0.069171
PROA	246	PROA	268	0.241747
PROA	246	PROA	269	2.266945
PROA	246	PROA	270	2.828427
PROA	246	PROA	271	0.161165
PROA	247	PROA	248	3.626203
PROA	247	PROA	249	0.388922
PROA	247	PROA	251	2.314550
PROA	247	PROA	252	3.556208
PROA	247	PROA	264	0.919709
PROA	247	PROA	296	1.613559
PROA	248	PROA	249	3.217599
PROA	248	PROA	250	1.479148
PROA	248	PROA	251	3.916747
PROA	248	PROA	252	1.037572
PROA	248	PROA	253	0.080582
PROA	248	PROA	300	0.514259
PROA	249	PROA	250	2.191785
PROA	249	PROA	251	0.700140
PROA	249	PROA	252	3.060282
PROA	249	PROA	253	1.814970
PROA	249	PROA	265	0.778981
PROA	250	PROA	251	3.801316
PROA	250	PROA	252	0.770054
PROA	250	PROA	253	2.139203
PROA	250	PROA	254	0.700649
PROA	250	PROA	300	0.110096
PROA	251	PROA	252	2.185478
PROA	251	PROA	253	0.925820
PROA	251	PROA	254	2.350048
PROA	251	PROA	255	0.529813
PROA	251	PROA	296	0.387298
PROA	251	PROA	297	2.700309
PROA	251	PROA	300	1.846372
PROA	252	PROA	253	3.678836
PROA	252	PROA	254	0.760886
PROA	252	PROA	255	1.210526
PROA	252	PROA	261	1.732684
PROA	252	PROA	264	2.789474
PROA	252	PROA	265	3.105263
PROA	253	PROA	254	2.900963
PROA	253	PROA	255	1.348907
PROA	253	PROA	261	2.127624
PROA	253	PROA	265	0.122628
PROA	254	PROA	255	4.496144
PROA	254	PROA	256	0.899229
PROA	254	PROA	297	1.128152
PROA	254	PROA	298	0.161165
PROA	254	PROA	299	0.146254
PROA	255	PROA	256	2.526316
PROA	255	PROA	257	2.452557
PROA	255	PROA	260	1.088214
PROA	255	PROA	261	2.200977
PROA	255	PROA	264	1.000000
PROA	255	PROA	296	0.307794
PROA	256	PROA	257	2.452557
PROA	256	PROA	258	0.368421
PROA	257	PROA	258	2.391243
PROA	257	PROA	259	1.253566
PROA	257	PROA	260	4.817379
PROA	257	PROA	261	0.981981
PROA	257	PROA	262	0.071429
PROA	257	PROB	70	0.080582
PROA	257	PROB	71	1.309307
PROA	257	PROB	72	0.272772
PROA	257	PROB	73	0.285714
PROA	258	PROA	259	4.450955
PROA	258	PROA	260	0.725476
PROA	258	PROA	261	2.669270
PROA	258	PROA	262	2.636499
PROA	258	PROA	263	0.050063
PROA	259	PROA	260	2.561959
PROA	259	PROA	261	0.435194
PROA	259	PROA	262	1.025645
PROA	259	PROA	263	0.651339
PROA	259	PROA	264	0.048912
PROA	259	PROB	14	0.056980
PROA	259	PROB	16	0.968665
PROA	259	PROB	19	2.400284
PROA	259	PROB	71	0.043519
PROA	259	PROB	72	4.177864
PROA	259	PROB	73	0.113961
PROA	259	PROB	74	0.984732
PROA	260	PROA	261	2.646539
PROA	260	PROA	262	0.760639
PROA	260	PROA	263	2.484236
PROA	260	PROA	264	1.668595
PROA	260	PROA	265	0.072548
PROA	260	PROB	71	0.129099
PROA	260	PROB	73	2.197401
PROA	260	PROB	74	0.091287
PROA	261	PROA	262	4.582576
PROA	261	PROA	263	0.623610
PROA	261	PROA	264	1.404879
PROA	261	PROA	265	2.528782
PROA	261	PROA	266	0.061546
PROA	262	PROA	263	2.099563
PROA	262	PROA	264	0.735767
PROA	262	PROA	265	2.575185
PROA	262	PROA	266	1.450481
PROA	262	PROA	267	0.061314
PROA	263	PROA	264	2.903632
PROA	263	PROA	265	0.600751
PROA	263	PROA	266	1.579084
PROA	263	PROA	267	2.953694
PROA	263	PROB	73	2.216205
PROA	263	PROB	74	2.519763
PROA	263	PROB	77	0.874818
PROA	264	PROA	265	2.052632
PROA	264	PROA	266	0.968400
PROA	264	PROA	267	2.000000
PROA	264	PROA	296	0.051299
PROA	265	PROA	266	3.873601
PROA	265	PROA	267	0.526316
PROA	266	PROA	267	2.905201
PROA	266	PROA	268	0.402911
PROA	267	PROA	268	4.414603
PROA	267	PROA	269	0.222566
PROA	267	PROA	270	0.146735
PROA	268	PROA	269	2.916917
PROA	268	PROA	270	2.393172
PROA	269	PROA	270	3.929866
PROA	269	PROA	271	0.972306
PROA	270	PROA	271	2.393172
PROA	270	PROA	272	0.136364
PROA	271	PROA	272	2.792034
PROA	271	PROA	273	0.334077
PROA	272	PROA	273	2.984810
PROA	272	PROA	274	0.683763
PROA	272	PROA	275	1.392621
PROA	272	PROA	291	1.538644
PROA	273	PROA	274	4.342995
PROA	273	PROA	275	0.408248
PROA	273	PROA	277	1.275776
PROA	273	PROA	278	3.039758
PROA	274	PROA	275	2.127624
PROA	274	PROA	276	1.214286
PROA	274	PROA	277	5.019011
PROA	274	PROA	278	0.490511
PROA	275	PROA	276	1.963961
PROA	275	PROA	277	0.541667
PROA	275	PROA	278	2.341465
PROA	275	PROA	279	2.099603
PROA	275	PROA	287	3.605855
PROA	275	PROA	290	1.779513
PROA	275	PROA	291	2.651650
PROA	275	PROA	294	1.920001
PROA	276	PROA	277	3.982476
PROA	276	PROA	278	0.797081
PROA	276	PROA	279	1.792843
PROA	276	PROA	280	0.785714
PROA	276	PROA	287	1.532848
PROA	277	PROA	278	2.435123
PROA	277	PROA	279	0.502079
PROA	277	PROA	280	0.109109
PROA	278	PROA	279	3.385729
PROA	278	PROA	280	0.367884
PROA	279	PROA	280	3.227117
PROA	279	PROA	281	0.537853
PROA	279	PROA	282	2.050610
PROA	279	PROA	287	1.436370
PROA	279	PROA	290	1.128576
PROA	280	PROA	281	3.857143
PROA	280	PROA	282	0.591608
PROA	281	PROA	282	3.549648
PROA	281	PROA	283	0.617213
PROA	282	PROA	283	3.651484
PROA	282	PROA	284	0.476731
PROA	282	PROA	286	0.200000
PROA	282	PROA	287	2.466619
PROA	283	PROA	284	3.481553
PROA	283	PROA	285	0.677003
PROA	283	PROA	286	2.829900
PROA	283	PROA	287	1.125853
PROA	283	PROA	312	0.062994
PROA	284	PROA	285	2.635580
PROA	284	PROA	286	1.144155
PROA	284	PROA	287	1.867629
PROA	284	PROA	288	1.131505
PROA	285	PROA	286	2.629379
PROA	285	PROA	287	0.635851
PROA	285	PROA	288	1.538644
PROA	285	PROA	289	0.586939
PROA	285	PROA	290	0.048912
PROA	285	PROA	311	3.475798
PROA	285	PROA	312	1.442251
PROA	285	PROA	314	0.055048
PROA	286	PROA	287	3.772477
PROA	286	PROA	288	1.004158
PROA	286	PROA	289	1.305857
PROA	286	PROA	290	0.870572
PROA	286	PROA	312	4.761452
PROA	287	PROA	288	2.781518
PROA	287	PROA	289	0.473684
PROA	287	PROA	290	2.842105
PROA	287	PROA	291	0.794719
PROA	288	PROA	289	2.450385
PROA	288	PROA	290	0.860946
PROA	288	PROA	291	2.166667
PROA	288	PROA	292	1.415552
PROA	289	PROA	290	2.157895
PROA	289	PROA	291	0.728493
PROA	289	PROA	292	1.711906
PROA	289	PROA	293	2.392584
PROA	289	PROA	294	0.052632
PROA	289	PROA	302	1.421053
PROA	289	PROA	307	2.248976
PROA	289	PROA	310	3.171565
PROA	289	PROA	312	1.201503
PROA	289	PROA	313	1.631579
PROA	290	PROA	291	2.913971
PROA	290	PROA	292	0.489116
PROA	290	PROA	293	1.947452
PROA	290	PROA	294	3.578947
PROA	291	PROA	292	2.892650
PROA	291	PROA	293	0.560112
PROA	291	PROA	294	1.721892
PROA	291	PROA	295	1.157275
PROA	292	PROA	293	2.533730
PROA	292	PROA	294	0.684762
PROA	292	PROA	295	1.994310
PROA	292	PROA	301	0.348155
PROA	292	PROA	302	3.179254
PROA	292	PROA	310	0.206835
PROA	293	PROA	294	2.837716
PROA	293	PROA	295	0.713024
PROA	293	PROA	301	0.742611
PROA	293	PROA	302	2.893357
PROA	293	PROA	307	0.383482
PROA	294	PROA	295	2.513871
PROA	294	PROA	296	0.256495
PROA	294	PROA	301	0.140488
PROA	295	PROA	296	2.808787
PROA	295	PROA	297	1.714286
PROA	295	PROA	300	1.538468
PROA	295	PROA	301	3.218714
PROA	295	PROA	302	0.183942
PROA	296	PROA	297	3.227117
PROA	296	PROA	298	0.358569
PROA	296	PROA	301	0.867227
PROA	297	PROA	298	5.000000
PROA	297	PROA	299	2.203893
PROA	297	PROA	300	3.988620
PROA	297	PROA	301	1.636634
PROA	298	PROA	299	4.537426
PROA	298	PROA	300	0.683763
PROA	298	PROA	301	4.037031
PROA	299	PROA	300	2.430312
PROA	299	PROA	301	0.594089
PROA	300	PROA	301	1.740777
PROA	300	PROA	302	0.195646
PROA	301	PROA	302	2.247806
PROA	301	PROA	303	0.316228
PROA	302	PROA	303	3.257919
PROA	302	PROA	304	0.344124
PROA	302	PROA	306	1.001547
PROA	302	PROA	307	4.135215
PROA	302	PROA	310	2.003094
PROA	303	PROA	304	2.452889
PROA	303	PROA	305	0.800000
PROA	303	PROA	306	2.254407
PROA	303	PROA	307	1.224745
PROA	304	PROA	305	3.292036
PROA	304	PROA	306	0.666973
PROA	304	PROA	307	2.213594
PROA	304	PROA	308	1.089725
PROA	305	PROA	306	2.567520
PROA	305	PROA	307	0.816497
PROA	305	PROA	308	2.547100
PROA	305	PROA	309	0.489898
PROA	305	PROA	317	0.112687
PROA	305	PROA	322	0.066667
PROA	306	PROA	307	2.837770
PROA	306	PROA	308	0.612056
PROA	306	PROA	309	2.914467
PROA	306	PROA	310	1.529412
PROA	307	PROA	308	3.119548
PROA	307	PROA	309	1.500000
PROA	307	PROA	310	2.147502
PROA	307	PROA	313	1.015667
PROA	308	PROA	309	3.119548
PROA	308	PROA	310	0.556415
PROA	308	PROA	313	2.210526
PROA	308	PROA	317	1.702129
PROA	309	PROA	310	3.681432
PROA	309	PROA	311	0.507093
PROA	309	PROA	313	0.217643
PROA	309	PROA	317	2.208210
PROA	310	PROA	311	4.472606
PROA	310	PROA	312	0.688033
PROA	310	PROA	313	1.335396
PROA	310	PROA	314	0.313112
PROA	311	PROA	312	2.449490
PROA	311	PROA	313	0.490511
PROA	311	PROA	314	1.518144
PROA	311	PROA	315	0.064820
PROA	312	PROA	313	3.754696
PROA	312	PROA	314	0.619780
PROA	312	PROA	315	0.423405
PROA	313	PROA	314	2.191691
PROA	313	PROA	315	0.667698
PROA	313	PROA	316	0.650814
PROA	313	PROA	317	0.600751
PROA	314	PROA	315	4.508815
PROA	314	PROA	316	0.732467
PROA	314	PROA	317	1.690309
PROA	315	PROA	316	3.493090
PROA	315	PROA	317	0.582182
PROA	316	PROA	317	1.761905
PROA	316	PROA	318	0.377964
PROA	317	PROA	318	3.842639
PROA	317	PROA	319	3.440950
PROA	318	PROA	319	4.860556
PROA	318	PROA	320	2.350048
PROA	319	PROA	320	2.659216
PROA	319	PROA	321	0.231455
PROA	320	PROA	321	3.133398
PROA	320	PROA	322	0.544949
PROA	321	PROA	322	2.981424
PROA	321	PROA	323	0.617213
PROA	322	PROA	323	3.726354
PROA	322	PROA	324	2.665570
PROA	323	PROA	324	2.759127
PROA	323	PROA	325	0.676123
PROA	324	PROA	325	4.280310
PROA	324	PROA	326	0.236940
PROA	325	PROA	326	3.265986
PROA	325	PROA	327	2.000000
PROA	325	PROA	328	0.084515
PROA	326	PROA	327	3.510935
PROA	327	PROA	328	5.324472
PROA	327	PROA	329	0.353553
PROA	328	PROA	329	2.211173
PROA	328	PROA	330	0.569803
PROA	329	PROA	330	2.955734
PROA	329	PROA	331	0.850000
PROA	330	PROA	331	2.812715
PROA	330	PROA	332	2.277193
PROA	331	PROA	332	2.840188
PROA	331	PROA	333	1.898142
PROA	331	PROA	335	2.205853
PROA	332	PROA	333	5.391078
PROA	333	PROA	334	2.567520
PROA	333	PROA	335	3.060282
PROA	333	PROA	338	1.891811
PROA	333	PROA	343	0.278207
PROA	333	PROA	346	2.559508
PROA	333	PROA	350	0.062622
PROA	334	PROA	335	2.073221
PROA	334	PROA	336	0.670820
PROA	334	PROA	337	2.534210
PROA	334	PROA	338	3.139449
PROA	334	PROA	343	0.059235
PROA	335	PROA	336	2.649065
PROA	335	PROA	337	0.794719
PROA	335	PROA	338	1.210526
PROA	335	PROA	343	1.210526
PROA	336	PROA	337	3.666667
PROA	336	PROA	338	0.463586
PROA	337	PROA	338	3.178878
PROA	337	PROA	339	0.617213
PROA	338	PROA	339	4.475917
PROA	338	PROA	340	0.097823
PROA	338	PROA	342	1.565171
PROA	338	PROA	343	4.368421
PROA	338	PROA	346	1.052632
PROA	339	PROA	340	2.393172
PROA	339	PROA	341	0.897085
PROA	339	PROA	342	3.019955
PROA	339	PROA	343	1.655476
PROA	339	PROA	344	0.056980
PROA	340	PROA	341	1.981735
PROA	340	PROA	342	0.363636
PROA	340	PROA	343	2.005376
PROA	340	PROA	344	0.590909
PROA	341	PROA	342	2.972602
PROA	341	PROA	343	0.710819
PROA	341	PROA	344	3.853373
PROA	341	PROA	345	0.733333
PROA	342	PROA	343	2.005376
PROA	342	PROA	344	0.636364
PROA	342	PROA	345	3.137747
PROA	342	PROA	346	0.733674
PROA	342	PROA	347	0.048912
PROA	343	PROA	344	2.103199
PROA	343	PROA	345	0.651584
PROA	343	PROA	346	2.052632
PROA	343	PROA	347	2.052632
PROA	343	PROA	348	0.051299
PROA	344	PROA	345	2.587265
PROA	344	PROA	346	0.586939
PROA	344	PROA	347	1.907552
PROA	344	PROA	348	1.001136
PROA	344	PROA	349	0.055048
PROA	345	PROA	346	2.547100
PROA	345	PROA	347	0.770054
PROA	345	PROA	348	2.251666
PROA	345	PROA	349	1.066667
PROA	345	PROA	350	0.066667
PROA	346	PROA	347	2.473684
PROA	346	PROA	348	0.769484
PROA	346	PROA	349	1.895516
PROA	346	PROA	350	1.421637
PROA	346	PROA	351	0.061314
PROA	347	PROA	348	2.103256
PROA	347	PROA	349	0.592349
PROA	347	PROA	350	1.184698
PROA	347	PROA	351	2.575185
PROA	348	PROA	349	3.002221
PROA	348	PROA	350	0.635085
PROA	348	PROA	351	1.314751
PROA	348	PROA	352	0.777817
PROA	349	PROA	350	3.066667
PROA	349	PROA	351	0.759072
PROA	349	PROA	352	1.796292
PROA	349	PROA	353	0.052705
PROA	350	PROA	351	3.174302
PROA	350	PROA	352	1.061446
PROA	350	PROA	353	0.421637
PROA	350	PROA	354	0.173205
PROA	351	PROA	352	3.549648
PROA	351	PROA	353	0.763763
PROA	351	PROA	354	2.211173
PROA	351	PROA	355	0.453743
PROA	352	PROA	353	2.711088
PROA	352	PROA	354	0.989949
PROA	352	PROA	355	2.837770
PROA	352	PROA	358	0.207020
PROA	353	PROA	354	3.879701
PROA	353	PROA	355	0.544581
PROA	353	PROA	358	2.271721
PROA	354	PROA	355	2.657398
PROA	354	PROA	356	0.239046
PROA	355	PROA	356	4.407785
PROA	355	PROA	357	0.825029
PROA	355	PROA	358	0.529256
PROA	356	PROA	357	4.242641
PROA	356	PROA	358	0.991460
PROA	356	PROA	359	0.054554
PROA	357	PROA	358	2.556837
PROA	357	PROA	359	0.617213
PROA	357	PROA	360	3.600595
PROA	358	PROA	359	4.721615
PROA	358	PROA	360	0.692935
PROA	359	PROA	360	2.533799
PROB	1	PROB	2	2.684377
PROB	1	PROB	3	0.500979
PROB	1	PROB	4	2.593355
PROB	1	PROB	5	1.008368
PROB	1	PROB	6	0.064820
PROB	1	PROB	57	1.292719
PROB	2	PROB	3	3.347636
PROB	2	PROB	4	0.621059
PROB	2	PROB	5	1.434274
PROB	2	PROB	6	1.267731
PROB	3	PROB	4	2.141057
PROB	3	PROB	5	1.171080
PROB	3	PROB	6	2.001190
PROB	3	PROB	7	0.592349
PROB	3	PROB	82	0.957841
PROB	3	PROB	85	0.527046
PROB	3	PROB	86	2.194691
PROB	4	PROB	5	3.629059
PROB	4	PROB	6	0.758175
PROB	4	PROB	7	1.401753
PROB	4	PROB	8	2.603256
PROB	4	PROB	50	1.070529
PROB	4	PROB	55	1.501879
PROB	4	PROB	56	0.818923
PROB	4	PROB	57	4.698945
PROB	4	PROB	60	0.500626
PROB	4	PROB	82	2.238095
PROB	5	PROB	6	3.939595
PROB	5	PROB	7	1.300665
PROB	5	PROB	8	2.688041
PROB	5	PROB	9	2.108407
PROB	5	PROB	10	0.109109
PROB	6	PROB	7	2.268616
PROB	6	PROB	8	0.613139
PROB	6	PROB	9	1.814970
PROB	6	PROB	10	1.774489
PROB	6	PROB	11	0.061314
PROB	7	PROB	8	4.684211
PROB	7	PROB	9	0.556415
PROB	7	PROB	10	1.788119
PROB	7	PROB	11	3.473684
PROB	7	PROB	12	0.061314
PROB	7	PROB	60	0.789474
PROB	7	PROB	63	0.052632
PROB	7	PROB	78	1.557962
PROB	7	PROB	79	2.752989
PROB	7	PROB	82	3.354195
PROB	7	PROB	85	0.046829
PROB	8	PROB	9	2.670791
PROB	8	PROB	10	0.927173
PROB	8	PROB	11	3.421053
PROB	8	PROB	12	1.226279
PROB	8	PROB	13	0.061314
PROB	8	PROB	43	0.138343
PROB	8	PROB	46	2.359750
PROB	8	PROB	55	0.842105
PROB	8	PROB	60	0.052632
PROB	9	PROB	10	2.730546
PROB	9	PROB	11	0.556415
PROB	9	PROB	12	1.879791
PROB	9	PROB	13	1.685330
PROB	9	PROB	14	0.064820
PROB	9	PROB	43	0.511891
PROB	10	PROB	11	2.516611
PROB	10	PROB	12	0.694365
PROB	10	PROB	13	1.928792
PROB	10	PROB	14	0.694365
PROB	10	PROB	78	1.190238
PROB	11	PROB	12	2.452557
PROB	11	PROB	13	0.613139
PROB	11	PROB	14	1.348907
PROB	11	PROB	15	1.947368
PROB	11	PROB	46	2.411049
PROB	11	PROB	63	0.421053
PROB	11	PROB	67	1.436370
PROB	11	PROB	75	3.578947
PROB	11	PROB	78	1.557962
PROB	11	PROB	79	1.548556
PROB	12	PROB	13	3.357143
PROB	12	PROB	14	1.071429
PROB	12	PROB	15	3.004383
PROB	12	PROB	41	1.428571
PROB	12	PROB	42	3.737564
PROB	12	PROB	43	2.659216
PROB	12	PROB	46	0.776899
PROB	13	PROB	14	2.571429
PROB	13	PROB	15	0.551825
PROB	14	PROB	15	2.943069
PROB	14	PROB	16	0.571429
PROB	14	PROB	19	0.077152
PROB	14	PROB	72	1.036535
PROB	14	PROB	74	1.620185
PROB	14	PROB	75	2.513871
PROB	14	PROB	78	1.685330
PROB	15	PROB	16	3.740150
PROB	15	PROB	17	0.263158
PROB	15	PROB	19	1.324532
PROB	15	PROB	20	3.105263
PROB	15	PROB	23	1.894737
PROB	15	PROB	41	0.061314
PROB	15	PROB	42	1.994353
PROB	15	PROB	45	0.280976
PROB	15	PROB	46	0.820783
PROB	15	PROB	67	0.102598
PROB	15	PROB	72	0.327805
PROB	15	PROB	75	2.000000
PROB	16	PROB	17	2.575185
PROB	16	PROB	18	1.794170
PROB	16	PROB	19	4.937707
PROB	16	PROB	20	0.797081
PROB	16	PROB	72	0.054554
PROB	17	PROB	18	4.975731
PROB	17	PROB	19	0.596040
PROB	17	PROB	20	1.315789
PROB	17	PROB	21	0.592349
PROB	17	PROB	24	0.048912
PROB	17	PROB	40	1.348907
PROB	17	PROB	41	0.061314
PROB	18	PROB	19	3.205031
PROB	18	PROB	20	0.770054
PROB	18	PROB	21	2.400000
PROB	18	PROB	22	0.250490
PROB	19	PROB	20	2.516611
PROB	19	PROB	21	0.968963
PROB	19	PROB	22	1.260252
PROB	19	PROB	23	1.390759
PROB	19	PROB	72	1.119586
PROB	20	PROB	21	2.606335
PROB	20	PROB	22	0.612056
PROB	20	PROB	23	4.105263
PROB	20	PROB	24	4.304221
PROB	20	PROB	25	0.069171
PROB	20	PROB	39	1.000000
PROB	20	PROB	40	1.410220
PROB	20	PROB	41	1.839418
PROB	20	PROB	42	1.647509
PROB	20	PROB	45	2.200977
PROB	21	PROB	22	2.692764
PROB	21	PROB	23	0.651584
PROB	21	PROB	24	3.192795
PROB	21	PROB	25	1.089899
PROB	21	PROB	26	0.081650
PROB	21	PROB	37	0.066667
PROB	22	PROB	23	2.336943
PROB	22	PROB	24	0.620505
PROB	22	PROB	25	2.120690
PROB	22	PROB	26	0.920358
PROB	22	PROB	70	1.096909
PROB	23	PROB	24	2.249934
PROB	23	PROB	25	0.691714
PROB	23	PROB	26	1.668595
PROB	23	PROB	27	0.345857
PROB	23	PROB	45	2.950245
PROB	23	PROB	66	1.000000
PROB	23	PROB	67	1.179875
PROB	23	PROB	70	1.660115
PROB	23	PROB	72	1.077074
PROB	23	PROB	75	1.157895
PROB	24	PROB	25	2.635580
PROB	24	PROB	26	0.876460
PROB	24	PROB	27	0.899954
PROB	24	PROB	28	0.409091
PROB	24	PROB	36	3.664099
PROB	24	PROB	37	0.825723
PROB	24	PROB	38	0.055048
PROB	24	PROB	39	2.005376
PROB	24	PROB	40	0.740744
PROB	24	PROB	45	1.653738
PROB	25	PROB	26	3.623158
PROB	25	PROB	27	0.636364
PROB	25	PROB	28	3.278404
PROB	25	PROB	29	0.077850
PROB	26	PROB	27	3.909197
PROB	26	PROB	28	0.876460
PROB	26	PROB	29	0.163299
PROB	26	PROB	30	0.182574
PROB	26	PROB	45	0.064550
PROB	26	PROB	66	2.756810
PROB	26	PROB	69	1.160762
PROB	26	PROB	70	0.762770
PROB	27	PROB	28	2.378450
PROB	27	PROB	29	0.700649
PROB	27	PROB	30	2.437087
PROB	27	PROB	31	2.282658
PROB	27	PROB	45	0.430820
PROB	27	PROB	48	0.539360
PROB	27	PROB	49	0.138343
PROB	27	PROB	62	1.381699
PROB	27	PROB	66	1.521772
PROB	28	PROB	29	4.569000
PROB	28	PROB	30	0.492366
PROB	28	PROB	31	0.489116
PROB	28	PROB	32	0.056980
PROB	29	PROB	30	3.130495
PROB	29	PROB	31	0.533114
PROB	29	PROB	32	0.069007
PROB	30	PROB	31	3.510011
PROB	30	PROB	32	0.617213
PROB	30	PROB	62	1.448864
PROB	30	PROB	66	0.066227
PROB	31	PROB	32	4.046720
PROB	31	PROB	33	1.037572
PROB	31	PROB	48	2.821440
PROB	31	PROB	49	0.894737
PROB	31	PROB	52	3.171565
PROB	31	PROB	54	1.076055
PROB	31	PROB	62	0.450564
PROB	32	PROB	33	3.384456
PROB	33	PROB	34	3.658945
PROB	33	PROB	35	1.799908
PROB	33	PROB	36	0.454545
PROB	33	PROB	48	1.213560
PROB	33	PROB	52	0.219382
PROB	34	PROB	35	2.312024
PROB	34	PROB	36	0.544949
PROB	34	PROB	37	0.066667
PROB	34	PROB	38	0.066667
PROB	35	PROB	36	2.442733
PROB	35	PROB	37	0.440386
PROB	35	PROB	38	3.798325
PROB	35	PROB	39	1.467348
PROB	36	PROB	37	4.203894
PROB	36	PROB	38	1.089899
PROB	36	PROB	39	2.144315
PROB	37	PROB	38	2.866667
PROB	37	PROB	39	0.829288
PROB	37	PROB	40	0.345033
PROB	38	PROB	39	2.784040
PROB	38	PROB	40	0.552052
PROB	39	PROB	40	3.127011
PROB	39	PROB	41	1.103651
PROB	39	PROB	44	1.813691
PROB	39	PROB	45	1.873172
PROB	39	PROB	48	0.923381
PROB	40	PROB	41	3.214286
PROB	40	PROB	42	0.101015
PROB	40	PROB	44	0.084515
PROB	41	PROB	42	4.747717
PROB	41	PROB	43	2.175722
PROB	41	PROB	44	3.042555
PROB	41	PROB	45	0.709208
PROB	42	PROB	43	3.646738
PROB	42	PROB	44	0.956183
PROB	42	PROB	45	2.546005
PROB	42	PROB	46	2.789009
PROB	42	PROB	47	0.113961
PROB	43	PROB	44	3.909197
PROB	43	PROB	45	0.615457
PROB	43	PROB	46	2.696799
PROB	43	PROB	47	1.181818
PROB	44	PROB	45	2.581989
PROB	44	PROB	46	0.636396
PROB	44	PROB	47	2.765042
PROB	44	PROB	48	0.848528
PROB	45	PROB	46	3.377622
PROB	45	PROB	47	0.677003
PROB	45	PROB	48	2.327821
PROB	45	PROB	49	2.481952
PROB	45	PROB	63	0.187317
PROB	45	PROB	66	0.842927
PROB	45	PROB	67	0.456435
PROB	46	PROB	47	2.494539
PROB	46	PROB	48	0.750000
PROB	46	PROB	49	3.539625
PROB	46	PROB	50	1.501111
PROB	46	PROB	51	0.067420
PROB	46	PROB	55	2.051957
PROB	46	PROB	63	0.923381
PROB	46	PROB	67	0.500000
PROB	46	PROB	75	0.051299
PROB	47	PROB	48	2.561959
PROB	47	PROB	49	0.760886
PROB	47	PROB	50	2.880446
PROB	47	PROB	51	1.363636
PROB	47	PROB	52	0.073127
PROB	48	PROB	49	3.283131
PROB	48	PROB	50	0.577350
PROB	48	PROB	51	1.348400
PROB	48	PROB	52	3.633585
PROB	49	PROB	50	2.191691
PROB	49	PROB	51	0.484200
PROB	49	PROB	52	1.502320
PROB	49	PROB	53	0.429198
PROB	49	PROB	54	1.956464
PROB	49	PROB	55	2.736842
PROB	49	PROB	62	0.851064
PROB	49	PROB	63	1.736842
PROB	49	PROB	66	0.105263
PROB	50	PROB	51	3.113996
PROB	50	PROB	52	0.814092
PROB	50	PROB	53	1.518144
PROB	50	PROB	54	0.330289
PROB	50	PROB	55	4.324147
PROB	50	PROB	56	0.223607
PROB	50	PROB	57	1.156012
PROB	51	PROB	52	2.998217
PROB	51	PROB	53	2.014557
PROB	52	PROB	53	3.046558
PROB	52	PROB	54	2.068351
PROB	53	PROB	54	2.564113
PROB	53	PROB	55	0.919709
PROB	53	PROB	56	0.077152
PROB	54	PROB	55	1.858641
PROB	54	PROB	56	0.184637
PROB	54	PROB	59	0.113961
PROB	54	PROB	62	3.628888
PROB	54	PROB	63	0.048912
PROB	55	PROB	56	4.900770
PROB	55	PROB	57	0.048912
PROB	55	PROB	59	0.613139
PROB	55	PROB	60	1.368421
PROB	55	PROB	63	2.263158
PROB	56	PROB	57	3.877382
PROB	56	PROB	58	1.250000
PROB	56	PROB	59	3.703280
PROB	56	PROB	60	0.794719
PROB	57	PROB	58	2.277193
PROB	57	PROB	59	0.569803
PROB	57	PROB	60	0.489116
PROB	57	PROB	82	0.651339
PROB	57	PROB	87	0.146735
PROB	58	PROB	59	3.163219
PROB	58	PROB	60	1.125853
PROB	58	PROB	82	0.503953
PROB	58	PROB	87	2.715291
PROB	59	PROB	60	3.862778
PROB	59	PROB	61	2.095140
PROB	59	PROB	62	0.291606
PROB	59	PROB	63	0.061314
PROB	60	PROB	61	2.766858
PROB	60	PROB	62	0.400501
PROB	60	PROB	63	2.631579
PROB	60	PROB	64	0.888523
PROB	60	PROB	79	2.236803
PROB	60	PROB	82	1.652066
PROB	60	PROB	83	2.809757
PROB	60	PROB	87	0.315789
PROB	61	PROB	62	2.894987
PROB	61	PROB	63	0.899229
PROB	61	PROB	64	2.958296
PROB	61	PROB	65	2.413199
PROB	61	PROB	66	0.069171
PROB	61	PROB	83	0.430820
PROB	62	PROB	63	2.453068
PROB	62	PROB	64	0.563436
PROB	62	PROB	65	1.534843
PROB	62	PROB	66	3.053820
PROB	63	PROB	64	2.428630
PROB	63	PROB	65	0.389490
PROB	63	PROB	66	2.263158
PROB	63	PROB	67	2.205853
PROB	63	PROB	68	0.059235
PROB	63	PROB	76	0.052632
PROB	63	PROB	79	0.975017
PROB	64	PROB	65	3.256366
PROB	64	PROB	66	0.651584
PROB	64	PROB	67	1.501111
PROB	64	PROB	68	1.266667
PROB	64	PROB	76	3.435623
PROB	64	PROB	79	0.129099
PROB	64	PROB	83	1.212206
PROB	65	PROB	66	2.559508
PROB	65	PROB	67	0.542326
PROB	65	PROB	68	2.066540
PROB	65	PROB	69	0.945905
PROB	65	PROB	70	0.073127
PROB	66	PROB	67	2.770142
PROB	66	PROB	68	0.888523
PROB	66	PROB	69	2.210526
PROB	66	PROB	70	1.106743
PROB	67	PROB	68	2.251666
PROB	67	PROB	69	0.512989
PROB	67	PROB	70	1.146140
PROB	67	PROB	71	0.365148
PROB	67	PROB	72	2.419108
PROB	67	PROB	73	0.059761
PROB	67	PROB	75	3.950017
PROB	67	PROB	76	2.411049
PROB	67	PROB	79	1.006231
PROB	68	PROB	69	2.665570
PROB	68	PROB	70	0.544949
PROB	68	PROB	71	1.054093
PROB	68	PROB	72	0.158114
PROB	68	PROB	76	0.296174
PROB	69	PROB	70	3.458572
PROB	69	PROB	71	2.154147
PROB	70	PROB	71	3.631199
PROB	70	PROB	72	1.538644
PROB	71	PROB	72	1.875000
PROB	71	PROB	73	0.654654
PROB	72	PROB	73	3.000496
PROB	72	PROB	74	2.828427
PROB	72	PROB	75	5.057563
PROB	72	PROB	76	0.515122
PROB	73	PROB	74	4.706252
PROB	73	PROB	75	0.429198
PROB	73	PROB	76	1.471534
PROB	73	PROB	77	1.071429
PROB	74	PROB	75	3.377558
PROB	74	PROB	76	0.927173
PROB	74	PROB	77	2.623157
PROB	74	PROB	78	1.120224
PROB	75	PROB	76	2.105263
PROB	75	PROB	77	0.797081
PROB	75	PROB	78	1.836169
PROB	75	PROB	79	0.860309
PROB	76	PROB	77	2.636499
PROB	76	PROB	78	0.667698
PROB	76	PROB	79	3.441236
PROB	76	PROB	80	2.466219
PROB	76	PROB	81	0.066227
PROB	76	PROB	83	0.280976
PROB	77	PROB	78	3.889222
PROB	77	PROB	79	0.935414
PROB	77	PROB	80	1.403122
PROB	77	PROB	81	1.311578
PROB	78	PROB	79	2.728526
PROB	78	PROB	80	0.363803
PROB	78	PROB	81	1.610322
PROB	78	PROB	82	0.529256
PROB	79	PROB	80	3.312500
PROB	79	PROB	81	0.938194
PROB	79	PROB	82	1.309307
PROB	79	PROB	83	2.245366
PROB	79	PROB	84	0.066815
PROB	80	PROB	81	2.814583
PROB	80	PROB	82	0.545545
PROB	80	PROB	83	2.704645
PROB	80	PROB	84	1.469937
PROB	81	PROB	82	2.456769
PROB	81	PROB	83	0.589256
PROB	81	PROB	84	1.543033
PROB	81	PROB	85	3.123055
PROB	81	PROB	86	0.072169
PROB	82	PROB	83	2.583525
PROB	82	PROB	84	0.641533
PROB	82	PROB	85	2.405351
PROB	82	PROB	86	2.345842
PROB	82	PROB	87	1.251565
PROB	83	PROB	84	2.291288
PROB	83	PROB	85	0.250000
PROB	83	PROB	86	0.459279
PROB	83	PROB	87	2.997075
PROB	83	PROB	88	0.348155
PROB	84	PROB	85	2.564060
PROB	84	PROB	86	0.467707
PROB	84	PROB	87	0.183942
PROB	84	PROB	88	4.273522
PROB	85	PROB	86	3.878359
PROB	85	PROB	87	0.234146
PROB	85	PROB	88	0.174078
PROB	86	PROB	87	4.072129
PROB	86	PROB	88	0.586302
PROB	87	PROB	88	2.152110
PROB	87	PROB	89	0.359092
PROB	88	PROB	89	2.669695
