PROA	11	PROA	12	3.033837
PROA	11	PROA	13	0.485071
PROA	11	PROA	18	1.125000
PROA	11	PROA	19	0.447214
PROA	11	PROA	20	1.010363
PROA	11	PROA	21	0.062500
PROA	12	PROA	13	3.131121
PROA	12	PROA	17	0.062622
PROA	12	PROA	18	0.451848
PROA	12	PROA	19	1.616581
PROA	12	PROA	20	0.074536
PROA	12	PROA	21	0.322749
PROA	12	PROA	25	0.056344
PROA	12	PROA	26	1.380131
PROA	12	PROA	27	0.966092
PROA	12	PROA	28	2.961744
PROA	13	PROA	14	3.274231
PROA	13	PROA	15	0.198030
PROA	13	PROA	16	1.650057
PROA	13	PROA	17	1.000000
PROA	13	PROA	18	2.971061
PROA	13	PROA	19	0.813489
PROA	13	PROA	28	0.556415
PROA	14	PROA	15	2.857738
PROA	14	PROA	16	1.228385
PROA	14	PROA	17	2.182821
PROA	14	PROA	18	0.187500
PROA	14	PROA	19	0.838525
PROA	14	PROA	28	1.433848
PROA	14	PROA	29	1.733690
PROA	14	PROA	30	2.345842
PROA	14	PROA	31	0.114708
PROA	14	PROA	38	3.213597
PROA	14	PROA	40	2.035202
PROA	15	PROA	16	2.468854
PROA	15	PROA	17	0.544581
PROA	15	PROA	30	3.964375
PROA	15	PROA	38	1.039655
PROA	16	PROA	17	2.933435
PROA	16	PROA	18	0.472456
PROA	17	PROA	18	3.456133
PROA	17	PROA	19	2.277770
PROA	17	PROA	38	2.823529
PROA	17	PROA	55	2.223477
PROA	18	PROA	19	3.242299
PROA	18	PROA	20	0.866025
PROA	18	PROA	55	1.172604
PROA	18	PROA	102	0.109109
PROA	19	PROA	20	2.323790
PROA	19	PROA	21	3.354102
PROA	19	PROA	22	0.084515
PROA	19	PROA	28	1.692864
PROA	19	PROA	38	1.735444
PROA	19	PROA	39	0.167705
PROA	19	PROA	40	1.415820
PROA	19	PROA	53	1.436370
PROA	19	PROA	54	0.190693
PROA	19	PROA	55	2.335983
PROA	19	PROA	102	1.805415
PROA	20	PROA	21	3.752777
PROA	20	PROA	22	0.763763
PROA	20	PROA	55	0.123091
PROA	20	PROA	90	0.264906
PROA	20	PROA	99	0.123091
PROA	20	PROA	100	0.833333
PROA	20	PROA	102	2.645751
PROA	21	PROA	22	3.685154
PROA	21	PROA	23	0.133631
PROA	21	PROA	24	0.204124
PROA	21	PROA	25	3.000496
PROA	21	PROA	26	0.133631
PROA	21	PROA	28	1.892680
PROA	21	PROA	53	1.548556
PROA	21	PROA	90	2.408865
PROA	21	PROA	102	2.454951
PROA	22	PROA	23	4.747717
PROA	22	PROA	24	0.617213
PROA	22	PROA	25	0.989743
PROA	22	PROA	26	0.101015
PROA	23	PROA	24	2.836833
PROA	23	PROA	25	0.583212
PROA	23	PROA	26	0.571429
PROA	23	PROA	45	0.785714
PROA	24	PROA	25	5.211594
PROA	24	PROA	26	0.490990
PROA	24	PROA	43	0.133631
PROA	24	PROA	44	2.298097
PROA	24	PROA	45	2.509506
PROA	24	PROA	46	4.592793
PROA	24	PROA	47	1.254753
PROA	24	PROA	88	0.707107
PROA	25	PROA	26	2.741096
PROA	25	PROA	28	0.500626
PROA	25	PROA	42	0.897085
PROA	25	PROA	43	0.857143
PROA	25	PROA	44	2.141799
PROA	25	PROA	45	0.349927
PROA	25	PROA	51	1.145644
PROA	25	PROA	53	1.451816
PROA	25	PROA	88	1.574852
PROA	25	PROA	90	1.201503
PROA	25	PROA	104	2.073070
PROA	26	PROA	27	3.714286
PROA	26	PROA	28	1.655476
PROA	26	PROA	42	0.676123
PROA	26	PROA	43	3.149344
PROA	26	PROA	44	0.154303
PROA	26	PROA	45	1.714286
PROA	27	PROA	28	3.556208
PROA	27	PROA	29	0.322329
PROA	27	PROA	41	0.080582
PROA	27	PROA	42	0.253546
PROA	27	PROA	43	0.758175
PROA	28	PROA	29	3.596915
PROA	28	PROA	40	0.830057
PROA	28	PROA	41	0.691714
PROA	28	PROA	42	3.047000
PROA	28	PROA	43	0.300376
PROA	28	PROA	53	0.210526
PROA	29	PROA	30	2.829192
PROA	29	PROA	31	0.345857
PROA	29	PROA	40	1.454545
PROA	29	PROA	41	2.818182
PROA	29	PROA	42	0.381385
PROA	30	PROA	31	3.454321
PROA	30	PROA	32	1.979487
PROA	30	PROA	33	0.394405
PROA	30	PROA	38	1.164363
PROA	30	PROA	39	0.109109
PROA	30	PROA	40	0.855337
PROA	30	PROA	41	0.328976
PROA	31	PROA	32	4.682394
PROA	31	PROA	38	0.055641
PROA	31	PROA	39	2.122096
PROA	31	PROA	40	2.766858
PROA	31	PROA	41	2.766858
PROA	31	PROA	52	0.290191
PROA	31	PROA	53	0.052632
PROA	31	PROA	107	0.684211
PROA	31	PROA	114	0.440204
PROA	32	PROA	33	4.293960
PROA	32	PROA	34	0.571429
PROA	32	PROA	37	0.142857
PROA	32	PROA	38	0.733359
PROA	32	PROA	39	3.307189
PROA	32	PROA	40	0.227921
PROA	32	PROA	114	0.080582
PROA	33	PROA	34	3.415650
PROA	33	PROA	37	2.537340
PROA	33	PROA	38	1.816050
PROA	33	PROA	39	0.968246
PROA	34	PROA	35	3.824732
PROA	34	PROA	36	0.989743
PROA	34	PROA	37	3.714286
PROA	34	PROA	38	0.458349
PROA	34	PROA	39	2.173296
PROA	35	PROA	36	4.002380
PROA	35	PROA	37	1.075706
PROA	35	PROA	67	1.226445
PROA	35	PROA	167	0.182574
PROA	36	PROA	37	2.886751
PROA	36	PROA	38	0.211702
PROA	36	PROA	54	0.837436
PROA	36	PROA	55	0.279145
PROA	36	PROA	56	3.854822
PROA	36	PROA	57	0.131590
PROA	36	PROA	64	1.714286
PROA	36	PROA	67	2.360808
PROA	36	PROA	68	0.291606
PROA	36	PROA	71	0.394405
PROA	36	PROA	169	1.154701
PROA	37	PROA	38	3.116775
PROA	37	PROA	39	1.039402
PROA	37	PROA	55	0.080582
PROA	38	PROA	39	3.759302
PROA	38	PROA	40	1.023781
PROA	38	PROA	53	0.055641
PROA	38	PROA	54	0.361961
PROA	38	PROA	55	1.085884
PROA	39	PROA	40	3.844270
PROA	39	PROA	52	0.316228
PROA	39	PROA	53	0.975017
PROA	39	PROA	54	2.771609
PROA	39	PROA	55	0.266501
PROA	40	PROA	41	4.545455
PROA	40	PROA	42	0.572078
PROA	40	PROA	51	0.075378
PROA	40	PROA	52	0.476731
PROA	40	PROA	53	3.181887
PROA	40	PROA	54	0.257130
PROA	41	PROA	42	5.053352
PROA	41	PROA	50	0.615457
PROA	41	PROA	51	1.055290
PROA	41	PROA	52	0.953463
PROA	41	PROA	53	0.345857
PROA	41	PROA	107	2.075143
PROA	42	PROA	43	3.243308
PROA	42	PROA	44	0.365148
PROA	42	PROA	49	0.079057
PROA	42	PROA	50	0.903696
PROA	42	PROA	51	3.794733
PROA	42	PROA	52	0.200000
PROA	42	PROA	53	1.813691
PROA	42	PROA	107	0.072548
PROA	43	PROA	44	3.779645
PROA	43	PROA	45	0.699854
PROA	43	PROA	48	2.372735
PROA	43	PROA	49	1.745743
PROA	43	PROA	50	1.514480
PROA	43	PROA	51	0.545545
PROA	44	PROA	45	3.008915
PROA	44	PROA	46	2.092895
PROA	44	PROA	47	3.626129
PROA	44	PROA	48	1.415552
PROA	44	PROA	49	2.670245
PROA	44	PROA	50	0.294628
PROA	44	PROA	51	2.381570
PROA	45	PROA	46	3.073504
PROA	45	PROA	47	0.357143
PROA	45	PROA	48	2.735054
PROA	46	PROA	47	5.412040
PROA	46	PROA	48	1.332504
PROA	47	PROA	48	2.678074
PROA	47	PROA	49	3.073504
PROA	48	PROA	49	2.824909
PROA	49	PROA	50	2.908769
PROA	49	PROA	51	1.187500
PROA	50	PROA	51	2.908769
PROA	50	PROA	107	3.418538
PROA	51	PROA	52	3.952847
PROA	51	PROA	53	1.548556
PROA	51	PROA	87	0.534522
PROA	51	PROA	104	1.625000
PROA	51	PROA	105	0.727607
PROA	51	PROA	106	0.360844
PROA	51	PROA	107	2.867697
PROA	52	PROA	53	3.409738
PROA	52	PROA	54	0.202260
PROA	52	PROA	103	0.072548
PROA	52	PROA	104	0.711512
PROA	52	PROA	105	3.067860
PROA	52	PROA	106	1.551881
PROA	52	PROA	107	3.699929
PROA	52	PROA	108	0.383482
PROA	53	PROA	54	2.739050
PROA	53	PROA	55	0.244558
PROA	53	PROA	90	0.052632
PROA	53	PROA	102	1.301628
PROA	53	PROA	103	1.052632
PROA	53	PROA	104	4.473607
PROA	53	PROA	105	0.333849
PROA	54	PROA	55	2.181818
PROA	54	PROA	56	2.347757
PROA	54	PROA	71	1.211060
PROA	54	PROA	75	0.097823
PROA	54	PROA	101	0.053300
PROA	54	PROA	102	0.418718
PROA	54	PROA	103	3.717282
PROA	54	PROA	104	0.106600
PROA	54	PROA	105	0.517088
PROA	54	PROA	167	2.092555
PROA	54	PROA	168	0.047673
PROA	55	PROA	56	3.130342
PROA	55	PROA	57	0.385695
PROA	55	PROA	99	0.090909
PROA	55	PROA	100	1.230915
PROA	55	PROA	101	0.586302
PROA	55	PROA	102	3.535840
PROA	55	PROA	103	0.146735
PROA	56	PROA	57	3.596915
PROA	56	PROA	58	3.188325
PROA	56	PROA	64	0.400501
PROA	56	PROA	68	1.287593
PROA	56	PROA	100	0.331133
PROA	56	PROA	101	3.269174
PROA	56	PROA	102	0.350438
PROA	56	PROA	103	1.526316
PROA	57	PROA	58	4.754355
PROA	57	PROA	59	0.741620
PROA	57	PROA	60	0.155700
PROA	57	PROA	61	0.073127
PROA	57	PROA	64	0.394771
PROA	57	PROA	99	0.835672
PROA	57	PROA	100	0.522233
PROA	57	PROA	101	0.376889
PROA	58	PROA	59	5.019960
PROA	58	PROA	60	0.483046
PROA	58	PROA	61	1.231587
PROA	58	PROA	64	2.216205
PROA	58	PROA	65	2.820380
PROA	58	PROA	68	2.142857
PROA	58	PROA	99	0.284901
PROA	58	PROA	100	0.154303
PROA	58	PROA	101	2.271721
PROA	58	PROA	347	0.613139
PROA	59	PROA	60	2.193931
PROA	59	PROA	61	0.650791
PROA	59	PROA	65	0.809040
PROA	59	PROA	91	0.228218
PROA	59	PROA	98	3.579353
PROA	59	PROA	99	1.477867
PROA	59	PROA	100	0.774597
PROA	59	PROA	101	1.229837
PROA	59	PROA	340	0.858116
PROA	59	PROA	344	1.811579
PROA	59	PROA	347	1.846761
PROA	60	PROA	61	3.632101
PROA	60	PROA	62	0.250490
PROA	60	PROA	340	1.211060
PROA	61	PROA	62	2.352941
PROA	61	PROA	63	1.037126
PROA	61	PROA	64	2.381653
PROA	61	PROA	65	1.608799
PROA	61	PROA	66	0.058824
PROA	61	PROA	340	0.465379
PROA	62	PROA	63	3.176198
PROA	62	PROA	64	0.688033
PROA	62	PROA	65	2.413199
PROA	62	PROA	66	3.352941
PROA	62	PROA	67	0.049507
PROA	62	PROA	336	0.210042
PROA	62	PROA	337	0.350070
PROA	62	PROA	338	1.001547
PROA	62	PROA	339	1.037126
PROA	62	PROA	340	2.585438
PROA	62	PROA	343	1.613603
PROA	63	PROA	64	3.032702
PROA	63	PROA	65	0.805823
PROA	63	PROA	66	2.787276
PROA	63	PROA	67	1.745743
PROA	63	PROA	68	0.071429
PROA	64	PROA	65	2.500216
PROA	64	PROA	66	0.793884
PROA	64	PROA	67	2.360808
PROA	64	PROA	68	1.516351
PROA	64	PROA	69	0.050063
PROA	65	PROA	66	2.632581
PROA	65	PROA	67	0.369274
PROA	65	PROA	68	2.336887
PROA	65	PROA	69	0.830057
PROA	65	PROA	70	0.061546
PROA	65	PROA	340	0.835672
PROA	65	PROA	343	3.043544
PROA	65	PROA	344	0.064282
PROA	65	PROA	347	1.660115
PROA	66	PROA	67	2.128817
PROA	66	PROA	68	0.583383
PROA	66	PROA	69	0.890264
PROA	66	PROA	70	2.277339
PROA	66	PROA	335	2.336943
PROA	66	PROA	336	1.680336
PROA	66	PROA	337	0.140028
PROA	66	PROA	338	0.333849
PROA	66	PROA	343	2.559508
PROA	67	PROA	68	2.400397
PROA	67	PROA	69	0.421464
PROA	67	PROA	70	2.166667
PROA	67	PROA	71	0.632456
PROA	67	PROA	169	3.934735
PROA	67	PROA	170	2.528782
PROA	67	PROA	188	0.051031
PROA	68	PROA	69	2.759127
PROA	68	PROA	70	0.600099
PROA	68	PROA	71	1.104105
PROA	68	PROA	72	2.207302
PROA	68	PROA	101	0.601338
PROA	68	PROA	103	0.061314
PROA	68	PROA	347	1.226279
PROA	69	PROA	70	1.966830
PROA	69	PROA	71	0.414644
PROA	69	PROA	72	1.473684
PROA	69	PROA	73	1.369525
PROA	69	PROA	331	0.102598
PROA	69	PROA	333	0.222566
PROA	69	PROA	335	2.578947
PROA	69	PROA	338	0.052632
PROA	69	PROA	343	0.842105
PROA	69	PROA	346	2.052632
PROA	69	PROA	347	2.736842
PROA	69	PROA	350	1.006993
PROA	70	PROA	71	2.266299
PROA	70	PROA	72	0.421464
PROA	70	PROA	73	1.000947
PROA	70	PROA	74	1.170732
PROA	70	PROA	168	0.091287
PROA	70	PROA	169	0.848668
PROA	70	PROA	170	0.093659
PROA	70	PROA	171	0.710047
PROA	70	PROA	172	4.458333
PROA	70	PROA	331	1.323663
PROA	70	PROA	335	3.746343
PROA	70	PROA	336	1.178511
PROA	71	PROA	72	2.784040
PROA	71	PROA	73	0.660578
PROA	71	PROA	74	2.013986
PROA	71	PROA	75	3.435623
PROA	71	PROA	76	0.059235
PROA	71	PROA	103	0.177705
PROA	71	PROA	105	0.062622
PROA	71	PROA	167	1.565248
PROA	71	PROA	168	3.810512
PROA	71	PROA	169	3.220470
PROA	72	PROA	73	2.592315
PROA	72	PROA	74	0.684211
PROA	72	PROA	75	1.368421
PROA	72	PROA	76	2.157895
PROA	72	PROA	86	1.263158
PROA	72	PROA	89	1.842105
PROA	72	PROA	101	0.057354
PROA	72	PROA	103	1.421053
PROA	72	PROA	347	0.263158
PROA	72	PROA	350	0.355409
PROA	72	PROA	351	0.674453
PROA	72	PROA	354	0.102598
PROA	73	PROA	74	2.396668
PROA	73	PROA	75	0.391293
PROA	73	PROA	76	0.635851
PROA	73	PROA	77	0.565752
PROA	73	PROA	78	0.095346
PROA	73	PROA	329	1.191828
PROA	73	PROA	331	1.477867
PROA	73	PROA	332	0.123091
PROA	73	PROA	333	0.051709
PROA	73	PROA	350	1.596397
PROA	74	PROA	75	2.421053
PROA	74	PROA	76	0.631579
PROA	74	PROA	77	0.842927
PROA	74	PROA	78	2.564946
PROA	74	PROA	79	0.046829
PROA	74	PROA	83	0.210526
PROA	74	PROA	140	0.526316
PROA	74	PROA	145	1.376494
PROA	74	PROA	168	3.898718
PROA	74	PROA	171	2.031334
PROA	74	PROA	172	0.655610
PROA	74	PROA	329	0.769484
PROA	74	PROA	331	0.666886
PROA	75	PROA	76	2.473684
PROA	75	PROA	77	0.468293
PROA	75	PROA	78	0.461690
PROA	75	PROA	79	0.796098
PROA	75	PROA	83	0.526316
PROA	75	PROA	84	2.315789
PROA	75	PROA	85	4.162128
PROA	75	PROA	86	3.315789
PROA	75	PROA	103	0.578947
PROA	75	PROA	105	1.446679
PROA	75	PROA	166	0.415029
PROA	75	PROA	167	0.463586
PROA	75	PROA	168	2.103256
PROA	76	PROA	77	1.966830
PROA	76	PROA	78	0.153897
PROA	76	PROA	79	3.043904
PROA	76	PROA	85	0.346844
PROA	76	PROA	86	3.578947
PROA	76	PROA	89	0.105263
PROA	76	PROA	353	2.247806
PROA	76	PROA	354	1.385071
PROA	77	PROA	78	3.879701
PROA	77	PROA	79	0.541667
PROA	77	PROA	139	0.267261
PROA	77	PROA	325	1.420094
PROA	77	PROA	326	0.843274
PROA	77	PROA	327	1.161895
PROA	77	PROA	328	0.600099
PROA	77	PROA	329	1.871385
PROA	78	PROA	79	1.688811
PROA	78	PROA	80	0.867722
PROA	78	PROA	83	2.872739
PROA	78	PROA	139	3.952395
PROA	78	PROA	140	2.103256
PROA	78	PROA	143	1.626346
PROA	78	PROA	145	0.894427
PROA	78	PROA	323	0.059761
PROA	78	PROA	329	2.050000
PROA	79	PROA	80	2.574384
PROA	79	PROA	83	1.685854
PROA	79	PROA	84	0.655610
PROA	79	PROA	85	2.777460
PROA	79	PROA	86	0.702439
PROA	79	PROA	139	0.133631
PROA	79	PROA	323	0.054554
PROA	79	PROA	353	0.208333
PROA	80	PROA	81	4.320948
PROA	80	PROA	82	2.916917
PROA	80	PROA	83	3.950546
PROA	80	PROA	135	0.346552
PROA	80	PROA	136	0.825029
PROA	80	PROA	139	1.852396
PROA	80	PROA	164	0.361961
PROA	80	PROA	323	1.361228
PROA	81	PROA	82	3.726354
PROA	81	PROA	83	0.355409
PROA	81	PROA	163	0.059235
PROA	81	PROA	164	1.486301
PROA	82	PROA	83	2.697813
PROA	82	PROA	84	0.183942
PROA	82	PROA	132	3.565120
PROA	82	PROA	133	0.061314
PROA	82	PROA	135	1.418416
PROA	82	PROA	136	2.424366
PROA	82	PROA	163	1.655476
PROA	82	PROA	164	2.222231
PROA	82	PROA	165	1.164965
PROA	83	PROA	84	3.105263
PROA	83	PROA	85	0.433555
PROA	83	PROA	136	1.907642
PROA	83	PROA	139	0.600751
PROA	83	PROA	140	1.526316
PROA	83	PROA	164	2.005376
PROA	83	PROA	165	2.052632
PROA	83	PROA	166	0.069171
PROA	83	PROA	168	1.846761
PROA	84	PROA	85	5.289371
PROA	84	PROA	86	0.105263
PROA	84	PROA	105	2.726433
PROA	84	PROA	106	1.523212
PROA	84	PROA	108	0.834622
PROA	84	PROA	156	0.526316
PROA	84	PROA	164	3.619458
PROA	84	PROA	165	0.894737
PROA	84	PROA	166	3.873601
PROA	84	PROA	167	0.397360
PROA	84	PROA	168	0.359092
PROA	85	PROA	86	4.075417
PROA	85	PROA	105	1.283378
PROA	85	PROA	106	0.109109
PROA	85	PROA	164	0.080582
PROA	86	PROA	87	3.617522
PROA	86	PROA	88	1.721892
PROA	86	PROA	89	2.052632
PROA	86	PROA	103	2.789474
PROA	86	PROA	104	1.319140
PROA	86	PROA	105	2.336943
PROA	86	PROA	106	0.066227
PROA	86	PROA	354	0.718185
PROA	87	PROA	88	4.474797
PROA	87	PROA	103	0.061314
PROA	87	PROA	104	2.138090
PROA	87	PROA	105	2.657635
PROA	87	PROA	106	2.083095
PROA	87	PROA	354	0.418330
PROA	88	PROA	89	3.907370
PROA	88	PROA	90	0.331133
PROA	88	PROA	102	0.062994
PROA	88	PROA	103	0.397360
PROA	88	PROA	104	5.845671
PROA	88	PROA	105	0.140028
PROA	88	PROA	354	1.807392
PROA	89	PROA	90	3.210526
PROA	89	PROA	91	0.749269
PROA	89	PROA	101	1.261787
PROA	89	PROA	102	1.251565
PROA	89	PROA	103	3.421053
PROA	89	PROA	104	1.032371
PROA	89	PROA	351	2.513871
PROA	89	PROA	354	4.360408
PROA	89	PROA	355	0.055641
PROA	90	PROA	91	2.481952
PROA	90	PROA	100	0.066227
PROA	90	PROA	101	0.458831
PROA	90	PROA	102	4.105135
PROA	90	PROA	103	0.105263
PROA	90	PROA	104	0.630893
PROA	90	PROA	355	0.389490
PROA	91	PROA	92	4.647580
PROA	91	PROA	93	1.200198
PROA	91	PROA	94	0.109109
PROA	91	PROA	98	1.584236
PROA	91	PROA	100	0.471405
PROA	91	PROA	101	1.224745
PROA	91	PROA	102	0.178174
PROA	91	PROA	347	0.093659
PROA	91	PROA	348	3.103761
PROA	91	PROA	349	0.105409
PROA	91	PROA	351	3.655150
PROA	91	PROA	352	1.549193
PROA	91	PROA	355	4.059605
PROA	92	PROA	93	4.732864
PROA	92	PROA	94	2.028370
PROA	92	PROA	97	1.533930
PROA	92	PROA	98	2.147502
PROA	92	PROA	99	0.337100
PROA	92	PROA	100	0.091287
PROA	92	PROA	348	0.141421
PROA	92	PROA	355	0.690268
PROA	93	PROA	94	3.928571
PROA	93	PROA	97	0.064820
PROA	93	PROA	348	0.239046
PROA	93	PROA	355	1.361228
PROA	94	PROA	95	3.249638
PROA	94	PROA	96	4.140393
PROA	94	PROA	97	3.370659
PROA	94	PROA	98	0.453743
PROA	94	PROA	348	0.717137
PROA	95	PROA	96	3.139449
PROA	95	PROA	97	0.389490
PROA	95	PROA	98	1.836169
PROA	95	PROA	341	0.059235
PROA	95	PROA	344	2.641226
PROA	95	PROA	345	2.013986
PROA	95	PROA	348	2.667544
PROA	96	PROA	97	3.694723
PROA	96	PROA	98	0.375735
PROA	97	PROA	98	2.058824
PROA	97	PROA	99	0.465379
PROA	98	PROA	99	2.016642
PROA	98	PROA	100	0.140028
PROA	98	PROA	101	0.060634
PROA	98	PROA	344	1.861516
PROA	98	PROA	347	1.057188
PROA	98	PROA	348	2.332002
PROA	98	PROA	351	0.129641
PROA	99	PROA	100	5.600663
PROA	99	PROA	101	0.319801
PROA	99	PROA	102	0.046524
PROA	100	PROA	101	3.969283
PROA	100	PROA	102	2.708745
PROA	101	PROA	102	3.491486
PROA	101	PROA	103	1.032371
PROA	101	PROA	347	0.401478
PROA	101	PROA	351	0.200446
PROA	102	PROA	103	2.152693
PROA	102	PROA	104	0.818317
PROA	103	PROA	104	3.728006
PROA	103	PROA	105	2.114377
PROA	104	PROA	105	3.759302
PROA	105	PROA	106	3.290658
PROA	105	PROA	107	0.278207
PROA	105	PROA	166	0.146254
PROA	105	PROA	167	0.210042
PROA	106	PROA	107	2.913971
PROA	106	PROA	108	0.700140
PROA	106	PROA	164	0.184637
PROA	107	PROA	108	3.561055
PROA	107	PROA	109	0.710819
PROA	107	PROA	158	0.245256
PROA	108	PROA	109	2.630142
PROA	108	PROA	110	0.842665
PROA	108	PROA	156	4.173112
PROA	108	PROA	157	2.058735
PROA	108	PROA	158	3.111378
PROA	108	PROA	162	0.420084
PROA	108	PROA	163	0.445132
PROA	108	PROA	164	2.326895
PROA	108	PROA	166	0.219382
PROA	109	PROA	110	3.243308
PROA	109	PROA	157	0.592349
PROA	109	PROA	158	3.105295
PROA	109	PROA	159	3.036288
PROA	109	PROA	160	0.069007
PROA	110	PROA	111	4.937707
PROA	110	PROA	112	0.306570
PROA	110	PROA	114	1.652428
PROA	110	PROA	115	1.839418
PROA	110	PROA	155	0.061314
PROA	110	PROA	156	0.797081
PROA	110	PROA	157	4.414603
PROA	110	PROA	158	0.214286
PROA	111	PROA	112	2.384158
PROA	111	PROA	113	1.952816
PROA	111	PROA	114	4.615931
PROA	111	PROA	115	0.596040
PROA	111	PROA	152	0.462910
PROA	111	PROA	153	2.001893
PROA	111	PROA	155	0.596040
PROA	111	PROA	156	2.649065
PROA	111	PROA	157	1.324532
PROA	112	PROA	113	2.202755
PROA	112	PROA	114	0.342381
PROA	112	PROA	115	2.105263
PROA	112	PROA	116	3.000000
PROA	112	PROA	121	0.578947
PROA	112	PROA	129	1.744163
PROA	112	PROA	133	0.684211
PROA	112	PROA	152	3.310952
PROA	112	PROA	155	3.263158
PROA	112	PROA	156	0.263158
PROA	112	PROA	157	2.631579
PROA	112	PROA	163	1.631579
PROA	112	PROA	217	0.631579
PROA	112	PROA	221	0.945905
PROA	113	PROA	114	3.442792
PROA	113	PROA	115	0.700877
PROA	113	PROA	116	1.602004
PROA	113	PROA	117	2.931025
PROA	113	PROA	118	0.058321
PROA	113	PROA	152	2.916059
PROA	113	PROA	153	1.447494
PROA	113	PROA	155	0.050063
PROA	113	PROA	220	0.056344
PROA	114	PROA	115	1.956464
PROA	114	PROA	116	0.538028
PROA	114	PROA	117	1.727273
PROA	114	PROA	118	1.139606
PROA	114	PROA	119	0.051709
PROA	115	PROA	116	2.631579
PROA	115	PROA	117	0.635851
PROA	115	PROA	118	1.839418
PROA	115	PROA	119	3.171565
PROA	115	PROA	121	2.105263
PROA	115	PROA	125	0.055641
PROA	115	PROA	129	0.872082
PROA	115	PROA	157	2.578947
PROA	115	PROA	161	0.138343
PROA	116	PROA	117	2.347757
PROA	116	PROA	118	0.674453
PROA	116	PROA	119	1.224113
PROA	116	PROA	120	0.055641
PROA	116	PROA	121	2.631579
PROA	116	PROA	152	0.981023
PROA	116	PROA	217	0.052632
PROA	116	PROA	220	1.599342
PROA	116	PROA	221	2.448225
PROA	116	PROA	224	3.249638
PROA	117	PROA	118	2.849014
PROA	117	PROA	119	0.568796
PROA	117	PROA	224	0.170941
PROA	118	PROA	119	3.889222
PROA	118	PROA	120	0.064820
PROA	119	PROA	120	2.529412
PROA	119	PROA	121	2.003094
PROA	119	PROA	224	0.453743
PROA	120	PROA	121	2.948999
PROA	120	PROA	122	0.292509
PROA	120	PROA	224	1.555689
PROA	121	PROA	122	2.974372
PROA	121	PROA	123	0.245256
PROA	121	PROA	125	0.723339
PROA	121	PROA	126	3.157895
PROA	121	PROA	129	1.077277
PROA	121	PROA	221	0.945905
PROA	121	PROA	224	0.551825
PROA	122	PROA	123	3.465039
PROA	122	PROA	124	2.524126
PROA	122	PROA	125	3.948871
PROA	122	PROA	126	1.037572
PROA	123	PROA	124	3.008915
PROA	123	PROA	125	0.777844
PROA	123	PROA	126	1.594162
PROA	123	PROA	127	0.966988
PROA	123	PROA	281	0.214286
PROA	123	PROA	312	0.174964
PROA	124	PROA	125	4.620924
PROA	124	PROA	126	0.860946
PROA	124	PROA	127	2.524126
PROA	124	PROA	128	0.818923
PROA	124	PROA	129	0.064550
PROA	124	PROA	316	1.196887
PROA	125	PROA	126	2.058735
PROA	125	PROA	127	0.877527
PROA	125	PROA	128	1.005587
PROA	125	PROA	129	1.898142
PROA	125	PROA	130	0.055641
PROA	125	PROA	161	1.096909
PROA	126	PROA	127	2.697686
PROA	126	PROA	128	0.350438
PROA	126	PROA	129	1.487669
PROA	126	PROA	130	0.736842
PROA	126	PROA	218	0.789474
PROA	126	PROA	221	4.506961
PROA	126	PROA	222	2.526316
PROA	126	PROA	312	0.801002
PROA	127	PROA	128	2.566012
PROA	127	PROA	129	0.606780
PROA	127	PROA	130	1.314257
PROA	127	PROA	131	0.723747
PROA	127	PROA	132	0.073127
PROA	127	PROA	312	3.618734
PROA	127	PROA	313	1.660115
PROA	127	PROA	316	1.184313
PROA	128	PROA	129	2.049390
PROA	128	PROA	130	0.550689
PROA	128	PROA	131	1.380952
PROA	128	PROA	132	5.292561
PROA	128	PROA	133	0.050063
PROA	128	PROA	160	0.233285
PROA	128	PROA	161	1.315903
PROA	128	PROA	162	1.700840
PROA	128	PROA	163	0.050063
PROA	128	PROA	316	1.333333
PROA	129	PROA	130	2.000658
PROA	129	PROA	131	0.390360
PROA	129	PROA	132	3.145492
PROA	129	PROA	133	1.692864
PROA	129	PROA	134	0.051299
PROA	129	PROA	157	2.616245
PROA	129	PROA	161	2.494539
PROA	129	PROA	162	0.129099
PROA	129	PROA	163	2.924038
PROA	129	PROA	221	0.921954
PROA	130	PROA	131	2.252818
PROA	130	PROA	132	0.667698
PROA	130	PROA	133	2.578947
PROA	130	PROA	134	2.157895
PROA	130	PROA	135	0.046829
PROA	130	PROA	214	0.975017
PROA	130	PROA	217	0.052632
PROA	130	PROA	218	3.368421
PROA	130	PROA	221	2.003094
PROA	130	PROA	289	0.736842
PROA	130	PROA	293	0.945905
PROA	130	PROA	312	0.951190
PROA	130	PROA	313	1.473684
PROA	131	PROA	132	2.699206
PROA	131	PROA	133	0.400501
PROA	131	PROA	134	1.752192
PROA	131	PROA	135	3.028961
PROA	131	PROA	136	0.082479
PROA	131	PROA	308	1.702129
PROA	131	PROA	313	2.653319
PROA	131	PROA	316	1.809524
PROA	131	PROA	317	1.571429
PROA	131	PROA	318	1.448864
PROA	132	PROA	133	2.336943
PROA	132	PROA	134	0.667698
PROA	132	PROA	135	1.336699
PROA	132	PROA	136	0.825029
PROA	132	PROA	137	0.055641
PROA	132	PROA	161	0.731272
PROA	132	PROA	162	1.470294
PROA	132	PROA	163	4.117470
PROA	132	PROA	165	0.166924
PROA	133	PROA	134	2.473684
PROA	133	PROA	135	0.421464
PROA	133	PROA	136	1.127243
PROA	133	PROA	137	0.947368
PROA	133	PROA	138	0.048912
PROA	133	PROA	150	1.052632
PROA	133	PROA	155	2.842105
PROA	133	PROA	163	2.894737
PROA	133	PROA	165	2.000000
PROA	133	PROA	214	1.319140
PROA	133	PROA	217	1.052632
PROA	133	PROA	221	0.500773
PROA	134	PROA	135	1.873172
PROA	134	PROA	136	1.300665
PROA	134	PROA	137	2.736842
PROA	134	PROA	138	0.831497
PROA	134	PROA	139	0.050063
PROA	134	PROA	165	0.052632
PROA	134	PROA	211	1.000000
PROA	134	PROA	214	1.147079
PROA	134	PROA	289	0.263158
PROA	134	PROA	293	0.890264
PROA	134	PROA	304	1.835326
PROA	134	PROA	307	2.974453
PROA	134	PROA	308	3.631579
PROA	134	PROA	313	1.000000
PROA	135	PROA	136	2.623157
PROA	135	PROA	137	0.374634
PROA	135	PROA	138	2.175971
PROA	135	PROA	139	0.267261
PROA	135	PROA	308	1.592196
PROA	135	PROA	318	0.589256
PROA	135	PROA	320	2.523376
PROA	135	PROA	321	0.471405
PROA	136	PROA	137	2.861463
PROA	136	PROA	138	1.047570
PROA	136	PROA	139	1.154701
PROA	136	PROA	140	1.387376
PROA	136	PROA	141	0.091670
PROA	136	PROA	165	2.254486
PROA	137	PROA	138	2.005376
PROA	137	PROA	139	0.500626
PROA	137	PROA	140	3.473684
PROA	137	PROA	141	1.724886
PROA	137	PROA	142	0.069171
PROA	137	PROA	145	0.057354
PROA	137	PROA	147	0.055641
PROA	137	PROA	150	0.210526
PROA	137	PROA	165	0.789474
PROA	137	PROA	210	2.649065
PROA	137	PROA	211	1.263158
PROA	137	PROA	214	1.491202
PROA	137	PROA	304	2.466219
PROA	138	PROA	139	2.186638
PROA	138	PROA	140	0.391293
PROA	138	PROA	141	1.292719
PROA	138	PROA	142	1.092801
PROA	138	PROA	304	1.439105
PROA	138	PROA	305	1.926687
PROA	138	PROA	308	1.516260
PROA	138	PROA	320	0.707107
PROA	138	PROA	321	2.769559
PROA	138	PROA	322	2.422120
PROA	139	PROA	140	2.403006
PROA	139	PROA	141	0.582182
PROA	139	PROA	142	1.644879
PROA	139	PROA	143	0.552052
PROA	139	PROA	322	3.098899
PROA	139	PROA	323	3.674235
PROA	139	PROA	325	0.207020
PROA	140	PROA	141	2.448225
PROA	140	PROA	142	0.830057
PROA	140	PROA	143	1.233310
PROA	140	PROA	144	0.429198
PROA	140	PROA	145	4.473607
PROA	140	PROA	147	0.834622
PROA	140	PROA	165	0.315789
PROA	140	PROA	168	0.974679
PROA	140	PROA	210	0.132453
PROA	141	PROA	142	3.363853
PROA	141	PROA	143	0.920358
PROA	141	PROA	144	1.037126
PROA	141	PROA	145	0.727607
PROA	141	PROA	146	0.055641
PROA	141	PROA	207	0.103418
PROA	141	PROA	304	3.456133
PROA	141	PROA	305	0.125245
PROA	142	PROA	143	3.527812
PROA	142	PROA	144	0.805823
PROA	142	PROA	322	2.257647
PROA	143	PROA	144	3.634163
PROA	143	PROA	145	3.004164
PROA	143	PROA	173	0.316228
PROA	143	PROA	329	1.484924
PROA	144	PROA	145	2.806243
PROA	144	PROA	146	1.226279
PROA	144	PROA	172	0.163663
PROA	144	PROA	173	2.405351
PROA	144	PROA	174	1.774824
PROA	144	PROA	207	1.595448
PROA	145	PROA	146	3.383882
PROA	145	PROA	147	0.363803
PROA	145	PROA	171	1.185854
PROA	145	PROA	172	1.837117
PROA	145	PROA	173	1.875000
PROA	145	PROA	174	0.237171
PROA	145	PROA	210	0.072169
PROA	145	PROA	329	1.062132
PROA	145	PROA	331	0.111803
PROA	146	PROA	147	2.114377
PROA	146	PROA	148	3.746343
PROA	146	PROA	171	1.160762
PROA	146	PROA	172	0.889757
PROA	146	PROA	173	0.344124
PROA	146	PROA	174	3.264643
PROA	146	PROA	207	3.570547
PROA	146	PROA	209	0.263158
PROA	146	PROA	210	2.450385
PROA	147	PROA	148	3.267487
PROA	147	PROA	149	0.350070
PROA	147	PROA	150	3.394131
PROA	147	PROA	154	1.361228
PROA	147	PROA	165	0.890264
PROA	147	PROA	166	0.365636
PROA	147	PROA	167	0.280056
PROA	147	PROA	168	1.843909
PROA	147	PROA	170	0.500773
PROA	147	PROA	171	2.377591
PROA	147	PROA	210	1.820364
PROA	148	PROA	149	2.533799
PROA	148	PROA	150	0.421464
PROA	148	PROA	170	2.575611
PROA	148	PROA	171	0.451848
PROA	148	PROA	172	0.291667
PROA	148	PROA	174	0.258199
PROA	148	PROA	175	0.471405
PROA	148	PROA	178	0.346552
PROA	148	PROA	185	2.891387
PROA	148	PROA	186	2.002776
PROA	148	PROA	188	0.051031
PROA	148	PROA	206	0.054554
PROA	148	PROA	207	0.043519
PROA	148	PROA	209	0.515122
PROA	148	PROA	210	0.412479
PROA	149	PROA	150	2.516611
PROA	149	PROA	151	1.661735
PROA	149	PROA	154	0.077152
PROA	149	PROA	170	0.132453
PROA	149	PROA	188	1.154701
PROA	149	PROA	190	0.077152
PROA	149	PROA	193	1.889822
PROA	149	PROA	194	1.649916
PROA	149	PROA	213	0.870388
PROA	150	PROA	151	2.787961
PROA	150	PROA	152	0.061314
PROA	150	PROA	154	0.613139
PROA	150	PROA	155	1.842105
PROA	150	PROA	165	1.578947
PROA	150	PROA	193	0.400501
PROA	150	PROA	210	0.331133
PROA	150	PROA	213	2.282658
PROA	150	PROA	214	1.835326
PROA	150	PROA	217	2.263158
PROA	151	PROA	152	3.703719
PROA	151	PROA	153	2.956992
PROA	151	PROA	154	3.646738
PROA	151	PROA	155	0.684762
PROA	151	PROA	189	0.067420
PROA	151	PROA	190	0.170941
PROA	151	PROA	193	1.628347
PROA	151	PROA	217	1.271702
PROA	152	PROA	153	3.142710
PROA	152	PROA	154	0.785714
PROA	152	PROA	155	2.636499
PROA	152	PROA	193	1.341387
PROA	152	PROA	217	2.575185
PROA	152	PROA	220	1.863177
PROA	153	PROA	154	3.223292
PROA	153	PROA	155	0.760886
PROA	153	PROA	156	0.207514
PROA	154	PROA	155	3.249638
PROA	154	PROA	156	0.429198
PROA	154	PROA	164	0.056980
PROA	154	PROA	165	0.613139
PROA	154	PROA	166	1.772811
PROA	154	PROA	167	1.465882
PROA	154	PROA	170	0.061314
PROA	155	PROA	156	2.631579
PROA	155	PROA	157	0.421053
PROA	155	PROA	163	2.684211
PROA	155	PROA	164	0.342381
PROA	155	PROA	165	2.947368
PROA	155	PROA	166	0.276686
PROA	155	PROA	214	0.057354
PROA	155	PROA	217	1.263158
PROA	156	PROA	157	2.263158
PROA	156	PROA	162	0.066227
PROA	156	PROA	163	0.736842
PROA	156	PROA	164	1.369525
PROA	156	PROA	165	0.105263
PROA	156	PROA	166	2.697686
PROA	157	PROA	158	3.862778
PROA	157	PROA	159	0.183942
PROA	157	PROA	161	1.660115
PROA	157	PROA	162	1.059626
PROA	157	PROA	163	2.947368
PROA	157	PROA	164	0.244558
PROA	158	PROA	159	3.500000
PROA	158	PROA	160	2.142857
PROA	158	PROA	161	2.417469
PROA	158	PROA	162	4.089039
PROA	158	PROA	163	0.245256
PROA	158	PROA	164	0.170941
PROA	159	PROA	160	3.500000
PROA	159	PROA	161	1.531064
PROA	160	PROA	161	3.626203
PROA	160	PROA	162	3.548977
PROA	161	PROA	162	3.568592
PROA	161	PROA	163	0.622543
PROA	162	PROA	163	2.582838
PROA	162	PROA	164	0.307729
PROA	163	PROA	164	3.228166
PROA	163	PROA	165	0.947368
PROA	164	PROA	165	2.641226
PROA	164	PROA	166	1.157084
PROA	165	PROA	166	3.804430
PROA	165	PROA	168	1.538968
PROA	166	PROA	167	4.264903
PROA	166	PROA	168	1.011300
PROA	167	PROA	168	2.194691
PROA	167	PROA	169	0.872872
PROA	167	PROA	170	0.066227
PROA	168	PROA	169	2.873524
PROA	168	PROA	170	0.564288
PROA	168	PROA	171	3.181981
PROA	169	PROA	170	3.468440
PROA	169	PROA	171	1.195229
PROA	170	PROA	171	2.901905
PROA	170	PROA	172	1.311220
PROA	170	PROA	186	1.895516
PROA	170	PROA	188	1.491202
PROA	171	PROA	172	4.453931
PROA	171	PROA	331	0.070711
PROA	172	PROA	173	3.061862
PROA	172	PROA	174	0.258199
PROA	172	PROA	175	0.058926
PROA	172	PROA	186	1.159502
PROA	172	PROA	329	0.045644
PROA	172	PROA	331	1.049802
PROA	172	PROA	336	0.117851
PROA	173	PROA	174	4.031904
PROA	173	PROA	175	0.433013
PROA	173	PROA	329	0.503115
PROA	173	PROA	330	0.373101
PROA	173	PROA	331	1.397542
PROA	174	PROA	175	4.290493
PROA	174	PROA	176	0.253546
PROA	174	PROA	207	2.359700
PROA	175	PROA	176	4.320494
PROA	175	PROA	177	0.666667
PROA	175	PROA	178	1.680336
PROA	175	PROA	205	0.125988
PROA	176	PROA	177	3.548977
PROA	176	PROA	178	0.453743
PROA	176	PROA	203	0.056980
PROA	176	PROA	204	1.111168
PROA	176	PROA	205	1.866278
PROA	177	PROA	178	5.041008
PROA	177	PROA	185	0.154303
PROA	177	PROA	202	0.174078
PROA	177	PROA	203	2.646467
PROA	177	PROA	204	2.509506
PROA	177	PROA	205	1.574852
PROA	178	PROA	185	3.111378
PROA	178	PROA	205	1.164363
PROA	185	PROA	186	3.312315
PROA	185	PROA	187	0.291606
PROA	185	PROA	198	2.207302
PROA	185	PROA	205	2.566132
PROA	185	PROA	209	0.490511
PROA	185	PROB	71	0.109109
PROA	186	PROA	187	2.366432
PROA	186	PROA	188	3.356586
PROA	186	PROA	194	0.368932
PROA	187	PROA	188	2.727724
PROA	187	PROA	189	0.207020
PROA	187	PROA	194	2.360808
PROA	187	PROA	198	0.600751
PROA	187	PROA	199	0.952661
PROA	187	PROA	233	0.952381
PROA	187	PROB	68	1.521278
PROA	187	PROB	69	1.952442
PROA	187	PROB	71	3.118048
PROA	188	PROA	189	4.031904
PROA	188	PROA	190	0.400892
PROA	188	PROA	194	1.173714
PROA	189	PROA	190	4.225771
PROA	189	PROA	194	0.129099
PROA	190	PROA	191	3.055050
PROA	190	PROA	192	3.055050
PROA	190	PROA	193	1.166424
PROA	190	PROA	194	0.327327
PROA	191	PROA	192	1.750000
PROA	191	PROA	193	0.489979
PROA	191	PROA	194	1.958333
PROA	191	PROA	199	0.049507
PROA	191	PROA	230	0.462910
PROA	191	PROA	231	1.392621
PROA	191	PROA	232	2.227832
PROA	191	PROA	233	2.049003
PROA	191	PROA	236	2.178325
PROA	191	PROB	68	0.737865
PROA	192	PROA	193	3.830744
PROA	192	PROA	194	0.458333
PROA	192	PROA	216	0.184637
PROA	192	PROA	220	0.052705
PROA	192	PROA	226	3.600595
PROA	192	PROA	228	1.278019
PROA	192	PROA	229	0.927426
PROA	192	PROA	230	0.617213
PROA	192	PROA	231	0.043519
PROA	192	PROA	236	1.386207
PROA	193	PROA	194	2.049003
PROA	193	PROA	195	0.276026
PROA	193	PROA	212	0.668153
PROA	193	PROA	213	1.250108
PROA	193	PROA	216	1.973855
PROA	193	PROA	217	0.650814
PROA	193	PROA	220	0.957841
PROA	193	PROA	226	0.116642
PROA	193	PROA	228	0.048795
PROA	194	PROA	195	3.292036
PROA	194	PROA	196	0.163663
PROA	194	PROA	198	1.498537
PROA	194	PROA	199	2.475369
PROA	194	PROA	212	0.625000
PROA	194	PROA	233	0.044544
PROA	194	PROA	236	0.148522
PROA	194	PROA	240	0.234146
PROA	195	PROA	196	4.648348
PROA	195	PROA	197	1.388044
PROA	195	PROA	198	3.917572
PROA	195	PROA	199	1.303840
PROA	195	PROA	209	1.813691
PROA	195	PROA	212	3.614784
PROA	195	PROA	240	0.362738
PROA	195	PROA	301	1.032796
PROA	196	PROA	197	3.795361
PROA	196	PROA	198	0.919709
PROA	196	PROA	199	2.852096
PROA	196	PROA	200	1.716790
PROA	196	PROA	201	0.071429
PROA	196	PROA	212	1.582080
PROA	196	PROA	237	1.655476
PROA	196	PROA	240	3.372266
PROA	196	PROA	244	0.061314
PROA	196	PROA	296	2.509980
PROA	196	PROA	301	1.091089
PROA	197	PROA	198	4.798026
PROA	197	PROA	199	0.876714
PROA	197	PROA	200	2.547100
PROA	197	PROA	201	2.898275
PROA	197	PROA	205	0.901498
PROA	197	PROA	206	0.138013
PROA	197	PROA	209	0.236940
PROA	197	PROA	255	0.236940
PROA	197	PROA	256	0.059235
PROA	197	PROA	296	0.057735
PROA	197	PROA	298	1.863177
PROA	197	PROA	301	1.581139
PROA	198	PROA	199	3.227206
PROA	198	PROA	200	0.526316
PROA	198	PROA	201	0.858395
PROA	198	PROA	205	3.254070
PROA	198	PROA	209	1.578947
PROA	198	PROA	233	0.050063
PROA	198	PROA	301	0.046829
PROA	198	PROB	71	1.639025
PROA	199	PROA	200	2.615150
PROA	199	PROA	201	0.453743
PROA	199	PROA	233	3.016760
PROA	199	PROA	236	0.823529
PROA	199	PROA	237	4.061829
PROA	199	PROA	240	0.890264
PROA	199	PROB	71	1.138670
PROA	199	PROB	73	0.129641
PROA	200	PROA	201	3.985406
PROA	200	PROA	233	0.300376
PROA	200	PROA	237	2.578947
PROA	200	PROA	255	2.473684
PROA	200	PROA	257	0.797081
PROA	200	PROA	260	3.772477
PROA	200	PROA	261	0.140488
PROA	200	PROA	263	0.801002
PROA	200	PROA	264	1.578947
PROA	200	PROA	296	0.615587
PROA	200	PROB	71	1.217562
PROA	200	PROB	73	1.410220
PROA	201	PROA	202	3.062127
PROA	201	PROA	203	1.025645
PROA	201	PROA	205	1.224745
PROA	201	PROA	255	1.532848
PROA	201	PROA	256	2.391243
PROA	201	PROA	257	2.785714
PROA	201	PROA	260	0.084515
PROA	201	PROB	71	2.236733
PROA	202	PROA	203	4.306923
PROA	202	PROA	205	1.644879
PROA	202	PROA	257	0.161165
PROA	202	PROB	69	0.069171
PROA	202	PROB	70	0.363636
PROA	202	PROB	71	3.815836
PROA	203	PROA	204	3.303874
PROA	203	PROA	205	2.093589
PROA	203	PROA	256	0.195646
PROA	203	PROB	22	0.103418
PROA	204	PROA	205	3.134187
PROA	204	PROA	206	0.505076
PROA	204	PROA	256	0.693688
PROA	205	PROA	206	2.916059
PROA	205	PROA	207	0.046524
PROA	205	PROA	209	0.450564
PROA	205	PROB	71	0.801784
PROA	206	PROA	207	2.792034
PROA	206	PROA	208	2.578633
PROA	206	PROA	209	1.348907
PROA	206	PROA	298	2.428571
PROA	206	PROA	299	1.620509
PROA	206	PROA	301	0.054554
PROA	207	PROA	208	2.507015
PROA	207	PROA	209	1.027144
PROA	207	PROA	210	0.246183
PROA	207	PROA	211	0.048912
PROA	208	PROA	209	3.527744
PROA	208	PROA	210	0.522233
PROA	208	PROA	211	1.867629
PROA	208	PROA	212	0.553912
PROA	208	PROA	298	1.369899
PROA	208	PROA	299	0.146254
PROA	208	PROA	301	3.138833
PROA	209	PROA	210	3.046424
PROA	209	PROA	211	1.000000
PROA	209	PROA	212	2.107318
PROA	209	PROA	213	1.798458
PROA	209	PROA	214	0.057354
PROA	209	PROA	301	0.842927
PROA	210	PROA	211	2.450385
PROA	210	PROA	212	0.883883
PROA	210	PROA	213	3.394514
PROA	210	PROA	214	1.515544
PROA	210	PROA	215	0.109109
PROA	211	PROA	212	2.294635
PROA	211	PROA	213	0.899229
PROA	211	PROA	214	2.867697
PROA	211	PROA	215	1.040532
PROA	211	PROA	216	0.069171
PROA	211	PROA	289	0.052632
PROA	211	PROA	293	4.061829
PROA	211	PROA	301	1.217562
PROA	211	PROA	302	2.157895
PROA	211	PROA	303	0.177705
PROA	211	PROA	304	1.835326
PROA	211	PROA	307	0.798024
PROA	212	PROA	213	3.261925
PROA	212	PROA	214	0.663403
PROA	212	PROA	215	1.388730
PROA	212	PROA	216	1.661735
PROA	212	PROA	228	1.506237
PROA	212	PROA	240	1.592196
PROA	212	PROA	244	0.983415
PROA	212	PROA	293	0.495074
PROA	212	PROA	294	2.856587
PROA	212	PROA	295	0.872872
PROA	212	PROA	296	0.228218
PROA	212	PROA	301	2.458333
PROA	213	PROA	214	3.542758
PROA	213	PROA	215	1.367527
PROA	213	PROA	216	2.545455
PROA	213	PROA	217	1.245086
PROA	214	PROA	215	3.496171
PROA	214	PROA	216	1.055290
PROA	214	PROA	217	2.695635
PROA	214	PROA	218	0.860309
PROA	214	PROA	219	0.079057
PROA	214	PROA	293	1.212678
PROA	215	PROA	216	4.216541
PROA	215	PROA	217	0.867110
PROA	215	PROA	218	2.341197
PROA	215	PROA	219	1.195229
PROA	215	PROA	227	0.086711
PROA	215	PROA	290	1.820931
PROA	215	PROA	293	1.741727
PROA	215	PROA	294	2.948174
PROA	216	PROA	217	2.905201
PROA	216	PROA	218	0.899229
PROA	216	PROA	219	2.192964
PROA	216	PROA	220	1.089899
PROA	216	PROA	227	0.899229
PROA	216	PROA	228	0.471940
PROA	216	PROA	290	0.069171
PROA	216	PROA	294	1.660115
PROA	217	PROA	218	2.052632
PROA	217	PROA	219	1.015667
PROA	217	PROA	220	2.132456
PROA	217	PROA	221	2.170018
PROA	217	PROA	222	0.052632
PROA	218	PROA	219	3.264643
PROA	218	PROA	220	0.770054
PROA	218	PROA	221	2.615150
PROA	218	PROA	222	3.736842
PROA	218	PROA	223	0.069171
PROA	218	PROA	286	0.507833
PROA	218	PROA	289	0.368421
PROA	218	PROA	290	3.842105
PROA	218	PROA	293	0.612056
PROA	218	PROA	312	0.300376
PROA	219	PROA	220	3.265986
PROA	219	PROA	221	0.613572
PROA	219	PROA	222	2.756810
PROA	219	PROA	223	2.479003
PROA	219	PROA	224	0.253546
PROA	219	PROA	225	0.129099
PROA	219	PROA	227	2.974453
PROA	219	PROA	279	1.909188
PROA	219	PROA	290	1.523500
PROA	219	PROA	294	0.507833
PROA	220	PROA	221	2.442275
PROA	220	PROA	222	0.710819
PROA	220	PROA	223	1.634848
PROA	220	PROA	224	1.794170
PROA	220	PROA	225	1.054093
PROA	220	PROA	226	2.208210
PROA	220	PROA	227	0.118470
PROA	221	PROA	222	2.336943
PROA	221	PROA	223	0.731272
PROA	221	PROA	224	0.453743
PROA	222	PROA	223	3.596915
PROA	222	PROA	224	0.367884
PROA	222	PROA	279	1.898060
PROA	222	PROA	282	1.886238
PROA	222	PROA	286	0.435286
PROA	222	PROA	287	0.789474
PROA	222	PROA	290	1.052632
PROA	223	PROA	224	3.787368
PROA	223	PROA	225	2.892650
PROA	223	PROA	279	2.090020
PROA	224	PROA	225	2.073070
PROA	224	PROA	226	0.142857
PROA	225	PROA	226	3.764259
PROA	225	PROA	227	0.468293
PROA	225	PROA	278	0.280976
PROA	226	PROA	227	2.268616
PROA	226	PROA	228	0.956183
PROA	226	PROA	229	0.928571
PROA	227	PROA	228	4.001316
PROA	227	PROA	229	0.613139
PROA	227	PROA	243	2.210526
PROA	227	PROA	275	0.421464
PROA	227	PROA	278	1.157895
PROA	227	PROA	279	1.025978
PROA	227	PROA	290	0.052632
PROA	227	PROA	294	0.842105
PROA	228	PROA	229	3.824732
PROA	228	PROA	230	0.676123
PROA	228	PROA	236	2.332002
PROA	228	PROA	239	1.030420
PROA	228	PROA	240	3.283131
PROA	228	PROA	243	1.744163
PROA	228	PROA	244	0.923381
PROA	228	PROA	275	0.045644
PROA	228	PROA	294	1.128576
PROA	229	PROA	230	4.949747
PROA	229	PROA	231	0.284901
PROA	229	PROA	236	1.231587
PROA	229	PROA	239	3.629941
PROA	229	PROA	243	0.061314
PROA	230	PROA	231	2.739798
PROA	230	PROA	232	1.008368
PROA	230	PROA	235	0.763763
PROA	230	PROA	236	5.225181
PROA	230	PROA	239	2.475086
PROA	231	PROA	232	4.188410
PROA	231	PROA	235	0.246183
PROA	231	PROA	236	0.103418
PROA	232	PROA	233	2.011173
PROA	232	PROA	234	0.667698
PROA	232	PROA	235	2.870574
PROA	232	PROA	236	1.176471
PROA	232	PROA	237	0.055641
PROA	233	PROA	234	2.953694
PROA	233	PROA	235	0.629941
PROA	233	PROA	236	0.952661
PROA	233	PROA	237	1.952442
PROA	233	PROB	67	0.146385
PROA	233	PROB	68	3.718679
PROA	233	PROB	71	1.024501
PROA	233	PROB	72	0.267261
PROA	233	PROB	73	1.982920
PROA	233	PROB	76	0.951190
PROA	234	PROA	235	3.112651
PROA	234	PROA	236	0.500773
PROA	234	PROA	237	1.473684
PROA	234	PROA	238	0.490511
PROA	234	PROA	263	1.501879
PROA	234	PROB	73	1.839418
PROA	234	PROB	76	3.157895
PROA	234	PROB	77	2.636499
PROA	234	PROB	80	1.835326
PROA	235	PROA	236	2.660532
PROA	235	PROA	237	0.529813
PROA	235	PROA	238	2.160247
PROA	235	PROA	239	1.540308
PROA	236	PROA	237	2.170018
PROA	236	PROA	238	0.713024
PROA	236	PROA	239	3.058824
PROA	236	PROA	240	1.224113
PROA	236	PROA	241	0.055641
PROA	237	PROA	238	2.513871
PROA	237	PROA	239	0.778981
PROA	237	PROA	240	1.842105
PROA	237	PROA	241	0.789474
PROA	237	PROA	242	0.086711
PROA	237	PROA	263	2.152693
PROA	237	PROA	264	0.157895
PROA	237	PROA	296	0.051299
PROA	237	PROB	73	1.287593
PROA	238	PROA	239	3.111378
PROA	238	PROA	240	0.551825
PROA	238	PROA	241	2.268616
PROA	238	PROA	242	0.808122
PROA	238	PROA	243	0.061314
PROA	238	PROA	263	0.874818
PROA	238	PROA	267	1.348907
PROA	239	PROA	240	2.281301
PROA	239	PROA	241	0.556415
PROA	239	PROA	242	1.008368
PROA	239	PROA	243	1.279754
PROA	239	PROA	244	0.055641
PROA	240	PROA	241	2.578947
PROA	240	PROA	242	0.953821
PROA	240	PROA	243	1.473684
PROA	240	PROA	244	3.000000
PROA	240	PROA	245	0.173422
PROA	240	PROA	296	0.820783
PROA	241	PROA	242	3.295018
PROA	241	PROA	243	0.421053
PROA	241	PROA	244	0.578947
PROA	241	PROA	245	1.994353
PROA	241	PROA	246	1.521772
PROA	241	PROA	247	0.797081
PROA	241	PROA	264	2.736842
PROA	241	PROA	267	2.052632
PROA	241	PROA	268	0.061314
PROA	241	PROA	270	1.956464
PROA	241	PROA	296	0.974679
PROA	242	PROA	243	3.295018
PROA	242	PROA	244	0.520266
PROA	242	PROA	245	1.571429
PROA	242	PROA	270	2.175722
PROA	242	PROA	271	0.101015
PROA	242	PROA	272	0.080582
PROA	242	PROA	273	0.566947
PROA	243	PROA	244	3.947368
PROA	243	PROA	245	0.953821
PROA	243	PROA	272	0.440204
PROA	243	PROA	273	1.777972
PROA	243	PROA	275	0.561951
PROA	243	PROA	278	0.789474
PROA	244	PROA	245	2.861463
PROA	244	PROA	246	0.069171
PROA	244	PROA	272	2.249934
PROA	244	PROA	273	0.114708
PROA	244	PROA	275	1.077074
PROA	244	PROA	294	1.842105
PROA	244	PROA	295	0.797081
PROA	244	PROA	296	2.308451
PROA	245	PROA	246	3.988620
PROA	245	PROA	247	1.111168
PROA	245	PROA	270	1.853393
PROA	245	PROA	271	1.212183
PROA	245	PROA	272	2.578633
PROA	245	PROA	273	0.188982
PROA	245	PROA	296	0.253546
PROA	246	PROA	247	4.351444
PROA	246	PROA	248	0.272727
PROA	246	PROA	268	0.161165
PROA	246	PROA	269	2.340072
PROA	246	PROA	270	3.599816
PROA	246	PROA	271	0.322329
PROA	247	PROA	248	3.303874
PROA	247	PROA	249	0.324102
PROA	247	PROA	251	1.543033
PROA	247	PROA	252	2.023360
PROA	247	PROA	255	0.306570
PROA	247	PROA	264	0.551825
PROA	247	PROA	296	2.808787
PROA	248	PROA	249	2.851962
PROA	248	PROA	250	1.089899
PROA	248	PROA	251	2.872281
PROA	248	PROA	252	0.691714
PROA	248	PROA	253	0.080582
PROA	248	PROA	300	0.064282
PROA	249	PROA	250	2.818009
PROA	249	PROA	251	0.840168
PROA	249	PROA	252	3.394131
PROA	249	PROA	253	3.176198
PROA	249	PROA	261	0.049507
PROA	250	PROA	251	3.130495
PROA	250	PROA	252	0.770054
PROA	250	PROA	253	1.656157
PROA	250	PROA	254	1.089899
PROA	250	PROA	300	0.110096
PROA	251	PROA	252	2.715291
PROA	251	PROA	253	1.157275
PROA	251	PROA	254	3.220437
PROA	251	PROA	255	0.662266
PROA	251	PROA	296	0.064550
PROA	251	PROA	297	3.703280
PROA	251	PROA	300	1.723281
PROA	252	PROA	253	2.943069
PROA	252	PROA	254	0.968400
PROA	252	PROA	255	3.157895
PROA	252	PROA	261	2.997075
PROA	252	PROA	264	1.210526
PROA	252	PROA	265	1.842105
PROA	253	PROA	254	3.062127
PROA	253	PROA	255	1.042337
PROA	253	PROA	261	1.963961
PROA	254	PROA	255	3.666087
PROA	254	PROA	256	0.691714
PROA	254	PROA	297	1.208734
PROA	254	PROA	298	0.241747
PROA	254	PROA	299	0.511891
PROA	255	PROA	256	2.684211
PROA	255	PROA	257	1.471534
PROA	255	PROA	260	0.362738
PROA	255	PROA	261	4.495612
PROA	255	PROA	264	0.947368
PROA	255	PROA	296	0.461690
PROA	256	PROA	257	2.513871
PROA	256	PROA	258	0.368421
PROA	256	PROA	261	0.515122
PROA	257	PROA	258	2.329929
PROA	257	PROA	259	1.481487
PROA	257	PROA	260	4.394802
PROA	257	PROA	261	1.036535
PROA	257	PROA	262	0.071429
PROA	257	PROB	71	0.872872
PROA	257	PROB	72	0.709208
PROA	258	PROA	259	3.668370
PROA	258	PROA	260	0.870572
PROA	258	PROA	261	3.465368
PROA	258	PROA	262	2.943069
PROA	258	PROA	263	0.050063
PROA	259	PROA	260	2.494539
PROA	259	PROA	261	0.522233
PROA	259	PROA	262	1.538468
PROA	259	PROA	263	0.465242
PROA	259	PROB	14	0.113961
PROA	259	PROB	16	0.968665
PROA	259	PROB	19	1.846372
PROA	259	PROB	72	2.872281
PROA	259	PROB	74	1.415552
PROA	260	PROA	261	2.517439
PROA	260	PROA	262	1.014185
PROA	260	PROA	263	2.277216
PROA	260	PROA	264	0.507833
PROA	260	PROB	71	0.258199
PROA	260	PROB	72	0.258199
PROA	260	PROB	73	2.873524
PROA	260	PROB	74	0.273861
PROA	261	PROA	262	2.891387
PROA	261	PROA	263	0.489979
PROA	261	PROA	264	1.311220
PROA	261	PROA	265	0.374634
PROA	262	PROA	263	1.982920
PROA	262	PROA	264	0.735767
PROA	262	PROA	265	1.655476
PROA	262	PROA	266	0.725241
PROA	263	PROA	264	4.155197
PROA	263	PROA	265	0.600751
PROA	263	PROA	266	2.566012
PROA	263	PROA	267	2.302880
PROA	263	PROB	73	4.024162
PROA	263	PROB	74	2.141799
PROA	263	PROB	77	0.933139
PROA	264	PROA	265	2.947368
PROA	264	PROA	266	1.245086
PROA	264	PROA	267	1.421053
PROA	264	PROA	296	0.820783
PROA	265	PROA	266	2.766858
PROA	265	PROA	267	0.789474
PROA	266	PROA	267	4.288630
PROA	266	PROA	268	0.322329
PROA	266	PROB	77	0.080582
PROA	267	PROA	268	4.291975
PROA	267	PROA	269	0.278207
PROA	267	PROA	270	0.048912
PROA	267	PROB	77	0.429198
PROA	268	PROA	269	2.463174
PROA	268	PROA	270	2.564113
PROA	269	PROA	270	3.102526
PROA	269	PROA	271	0.324102
PROA	270	PROA	271	2.735054
PROA	270	PROA	272	0.181818
PROA	271	PROA	272	2.450152
PROA	271	PROA	273	0.534522
PROA	272	PROA	273	2.771609
PROA	272	PROA	274	0.683763
PROA	272	PROA	275	1.349102
PROA	272	PROA	291	1.169369
PROA	273	PROA	274	4.677072
PROA	273	PROA	275	0.255155
PROA	273	PROA	277	1.735055
PROA	273	PROA	278	1.433848
PROA	274	PROA	275	2.018515
PROA	274	PROA	276	1.714286
PROA	274	PROA	277	5.619111
PROA	274	PROA	278	0.490511
PROA	275	PROA	276	2.182179
PROA	275	PROA	277	0.625000
PROA	275	PROA	278	1.030244
PROA	275	PROA	279	2.601682
PROA	275	PROA	287	2.622440
PROA	275	PROA	290	1.873172
PROA	275	PROA	291	3.064129
PROA	275	PROA	294	1.826342
PROA	276	PROA	277	2.891387
PROA	276	PROA	278	0.735767
PROA	276	PROA	279	1.673320
PROA	276	PROA	280	1.285714
PROA	276	PROA	287	1.716790
PROA	277	PROA	278	2.622440
PROA	277	PROA	279	0.365148
PROA	277	PROA	280	0.218218
PROA	278	PROA	279	3.950017
PROA	278	PROA	280	0.674453
PROA	279	PROA	280	2.988072
PROA	279	PROA	281	0.418330
PROA	279	PROA	282	2.828427
PROA	279	PROA	287	2.462348
PROA	279	PROA	290	0.974679
PROA	280	PROA	281	4.357143
PROA	280	PROA	282	1.183216
PROA	280	PROA	287	0.061314
PROA	281	PROA	282	3.549648
PROA	281	PROA	283	0.231455
PROA	282	PROA	283	3.286335
PROA	282	PROA	284	0.381385
PROA	282	PROA	286	0.600000
PROA	282	PROA	287	3.337191
PROA	283	PROA	284	4.264903
PROA	283	PROA	285	3.815836
PROA	283	PROA	286	4.564355
PROA	283	PROA	287	1.390759
PROA	283	PROA	288	0.083333
PROA	283	PROA	312	0.692935
PROA	284	PROA	285	3.278404
PROA	284	PROA	286	1.239501
PROA	284	PROA	287	1.798458
PROA	284	PROA	288	1.218544
PROA	284	PROA	289	0.069171
PROA	285	PROA	286	2.899059
PROA	285	PROA	287	0.586939
PROA	285	PROA	288	1.600189
PROA	285	PROA	289	0.586939
PROA	285	PROA	290	0.048912
PROA	285	PROA	310	0.051709
PROA	285	PROA	311	2.621093
PROA	285	PROA	312	2.931025
PROA	286	PROA	287	3.554834
PROA	286	PROA	288	0.730297
PROA	286	PROA	289	1.450953
PROA	286	PROA	290	0.943119
PROA	286	PROA	312	4.416420
PROA	287	PROA	288	2.582838
PROA	287	PROA	289	0.684211
PROA	287	PROA	290	2.789474
PROA	287	PROA	291	0.860946
PROA	287	PROA	292	0.048912
PROA	288	PROA	289	2.582838
PROA	288	PROA	290	0.728493
PROA	288	PROA	291	1.916667
PROA	288	PROA	292	4.123565
PROA	288	PROA	310	0.490098
PROA	289	PROA	290	2.052632
PROA	289	PROA	291	0.397360
PROA	289	PROA	292	2.201022
PROA	289	PROA	293	3.227206
PROA	289	PROA	294	0.052632
PROA	289	PROA	302	1.684211
PROA	289	PROA	306	0.055641
PROA	289	PROA	307	3.554834
PROA	289	PROA	310	3.115923
PROA	289	PROA	312	1.401753
PROA	289	PROA	313	1.210526
PROA	290	PROA	291	2.980198
PROA	290	PROA	292	0.635851
PROA	290	PROA	293	2.170018
PROA	290	PROA	294	3.368421
PROA	291	PROA	292	3.200379
PROA	291	PROA	293	0.910182
PROA	291	PROA	294	1.589439
PROA	291	PROA	295	1.080123
PROA	292	PROA	293	2.068351
PROA	292	PROA	294	0.489116
PROA	292	PROA	295	1.310547
PROA	292	PROA	300	0.136364
PROA	292	PROA	301	0.522233
PROA	292	PROA	302	3.130342
PROA	292	PROA	310	2.120060
PROA	293	PROA	294	2.948999
PROA	293	PROA	295	0.648204
PROA	293	PROA	301	1.089162
PROA	293	PROA	302	2.948999
PROA	293	PROA	307	1.150447
PROA	294	PROA	295	2.575185
PROA	294	PROA	296	0.153897
PROA	294	PROA	301	0.234146
PROA	295	PROA	296	2.808787
PROA	295	PROA	297	2.285714
PROA	295	PROA	298	0.071429
PROA	295	PROA	300	2.108271
PROA	295	PROA	301	3.764259
PROA	295	PROA	302	0.061314
PROA	296	PROA	297	2.629503
PROA	296	PROA	298	0.597614
PROA	296	PROA	301	0.821584
PROA	297	PROA	298	4.642857
PROA	297	PROA	299	2.527995
PROA	297	PROA	300	5.014265
PROA	297	PROA	301	1.309307
PROA	298	PROA	299	4.861528
PROA	298	PROA	300	0.569803
PROA	298	PROA	301	5.073566
PROA	299	PROA	300	2.637147
PROA	299	PROA	301	0.495074
PROA	300	PROA	301	1.740777
PROA	300	PROA	302	0.293470
PROA	301	PROA	302	2.200977
PROA	301	PROA	303	0.210819
PROA	302	PROA	303	4.383382
PROA	302	PROA	304	0.344124
PROA	302	PROA	306	2.170018
PROA	302	PROA	307	3.119548
PROA	302	PROA	310	1.391037
PROA	303	PROA	304	3.033837
PROA	303	PROA	305	1.266667
PROA	303	PROA	306	3.694723
PROA	303	PROA	307	1.061446
PROA	303	PROA	308	0.059235
PROA	304	PROA	305	2.840188
PROA	304	PROA	306	0.666973
PROA	304	PROA	307	1.739253
PROA	304	PROA	308	1.147079
PROA	305	PROA	306	3.193744
PROA	305	PROA	307	0.898146
PROA	305	PROA	308	3.080214
PROA	305	PROA	309	0.979796
PROA	305	PROA	317	0.112687
PROA	305	PROA	321	0.074536
PROA	306	PROA	307	2.761074
PROA	306	PROA	308	0.778981
PROA	306	PROA	309	2.454288
PROA	306	PROA	310	1.529412
PROA	307	PROA	308	3.047000
PROA	307	PROA	309	1.200000
PROA	307	PROA	310	1.610626
PROA	307	PROA	313	0.798024
PROA	308	PROA	309	2.684262
PROA	308	PROA	310	0.556415
PROA	308	PROA	313	1.736842
PROA	308	PROA	317	2.002505
PROA	309	PROA	310	3.221253
PROA	309	PROA	311	0.591608
PROA	309	PROA	317	1.242118
PROA	310	PROA	311	4.083683
PROA	310	PROA	312	0.952661
PROA	310	PROA	313	0.778981
PROA	310	PROA	314	0.125245
PROA	311	PROA	312	2.449490
PROA	311	PROA	313	0.613139
PROA	311	PROA	314	2.070197
PROA	312	PROA	313	4.005009
PROA	312	PROA	314	0.507093
PROA	312	PROA	315	0.052926
PROA	312	PROA	316	0.047619
PROA	313	PROA	314	2.013986
PROA	313	PROA	315	0.445132
PROA	313	PROA	316	1.251565
PROA	313	PROA	317	0.801002
PROA	314	PROA	315	4.195703
PROA	314	PROA	316	0.563436
PROA	314	PROA	317	1.070529
PROA	315	PROA	316	3.440165
PROA	315	PROA	317	0.423405
PROA	316	PROA	317	1.857143
PROA	316	PROA	318	0.440959
PROA	317	PROA	318	3.842639
PROA	317	PROA	319	2.332847
PROA	318	PROA	319	4.629100
PROA	318	PROA	320	3.829708
PROA	319	PROA	320	3.867950
PROA	319	PROA	321	0.385758
PROA	320	PROA	321	4.003786
PROA	321	PROA	322	4.546672
PROA	321	PROA	323	0.385758
PROA	322	PROA	323	4.968472
PROA	322	PROA	324	0.533114
PROA	323	PROA	324	2.881755
PROA	323	PROA	325	0.507093
PROA	324	PROA	325	3.482286
PROA	325	PROA	326	3.919184
PROA	325	PROA	327	0.200000
PROA	325	PROA	328	0.084515
PROA	326	PROA	327	4.245782
PROA	326	PROA	328	0.690066
PROA	327	PROA	328	4.732864
PROA	327	PROA	329	0.494975
PROA	328	PROA	329	2.091650
PROA	328	PROA	330	0.626783
PROA	329	PROA	330	2.908061
PROA	329	PROA	331	1.500000
PROA	330	PROA	331	3.098753
PROA	330	PROA	332	2.584921
PROA	331	PROA	332	2.452889
PROA	331	PROA	333	1.301583
PROA	331	PROA	334	0.115470
PROA	331	PROA	335	0.666886
PROA	332	PROA	333	3.570714
PROA	333	PROA	334	3.506856
PROA	333	PROA	335	1.669245
PROA	333	PROA	338	1.224113
PROA	333	PROA	346	1.780528
PROA	334	PROA	335	3.257919
PROA	334	PROA	336	1.416176
PROA	334	PROA	337	0.223607
PROA	334	PROA	338	0.888523
PROA	335	PROA	336	2.913971
PROA	335	PROA	337	0.529813
PROA	335	PROA	338	3.526316
PROA	335	PROA	343	1.263158
PROA	335	PROA	346	0.263158
PROA	336	PROA	337	3.916667
PROA	336	PROA	338	0.860946
PROA	337	PROA	338	3.774917
PROA	337	PROA	339	0.694365
PROA	338	PROA	339	3.617522
PROA	338	PROA	340	0.244558
PROA	338	PROA	342	1.076055
PROA	338	PROA	343	3.578947
PROA	338	PROA	346	1.000000
PROA	339	PROA	340	2.051290
PROA	339	PROA	341	0.828079
PROA	339	PROA	342	3.019955
PROA	339	PROA	343	1.042337
PROA	340	PROA	341	5.339674
PROA	340	PROA	342	0.636364
PROA	340	PROA	343	1.956464
PROA	340	PROA	344	1.000000
PROA	341	PROA	342	2.091831
PROA	341	PROA	343	0.651584
PROA	341	PROA	344	4.238710
PROA	341	PROA	345	0.800000
PROA	342	PROA	343	2.152110
PROA	342	PROA	344	0.500000
PROA	342	PROA	345	1.926687
PROA	342	PROA	346	1.467348
PROA	343	PROA	344	1.760818
PROA	343	PROA	345	0.829288
PROA	343	PROA	346	2.947368
PROA	343	PROA	347	1.789474
PROA	343	PROA	348	0.051299
PROA	344	PROA	345	2.587265
PROA	344	PROA	346	0.244558
PROA	344	PROA	347	1.369525
PROA	344	PROA	348	0.619751
PROA	345	PROA	346	2.784040
PROA	345	PROA	347	0.651584
PROA	345	PROA	348	1.385641
PROA	345	PROA	349	1.066667
PROA	346	PROA	347	2.368421
PROA	346	PROA	348	0.410391
PROA	346	PROA	349	1.006993
PROA	346	PROA	350	0.829288
PROA	347	PROA	348	2.000658
PROA	347	PROA	349	0.770054
PROA	347	PROA	350	1.006993
PROA	347	PROA	351	1.778104
PROA	348	PROA	349	3.868247
PROA	348	PROA	350	0.404145
PROA	348	PROA	351	1.314751
PROA	348	PROA	352	0.565685
PROA	349	PROA	350	2.666667
PROA	349	PROA	351	0.828079
PROA	349	PROA	352	1.551344
PROA	349	PROA	353	0.052705
PROA	350	PROA	351	3.036288
PROA	350	PROA	352	0.653197
PROA	350	PROA	353	1.054093
PROA	350	PROA	354	0.173205
PROA	351	PROA	352	3.127071
PROA	351	PROA	353	1.145644
PROA	351	PROA	354	2.270934
PROA	351	PROA	355	0.713024
PROA	352	PROA	353	2.775638
PROA	352	PROA	354	0.919239
PROA	352	PROA	355	1.764019
PROA	353	PROA	354	4.153563
PROA	353	PROA	355	0.346552
PROA	354	PROA	355	2.332002
PROA	354	PROA	356	0.418330
PROA	355	PROA	356	3.435480
PROA	355	PROA	357	0.550019
PROA	356	PROA	357	3.030458
PROA	356	PROA	358	0.233285
PROA	356	PROA	360	0.308607
PROA	357	PROA	358	2.804273
PROA	357	PROA	359	0.848668
PROA	357	PROA	360	4.473467
PROA	358	PROA	359	4.498898
PROA	358	PROA	360	0.881917
PROA	359	PROA	360	2.298097
PROB	1	PROB	2	3.297949
PROB	1	PROB	3	0.814092
PROB	1	PROB	4	2.487504
PROB	1	PROB	5	0.825029
PROB	1	PROB	6	0.064820
PROB	1	PROB	57	2.792274
PROB	2	PROB	3	3.347636
PROB	2	PROB	4	0.966092
PROB	2	PROB	5	2.031889
PROB	2	PROB	6	1.098701
PROB	3	PROB	4	2.197401
PROB	3	PROB	5	0.975900
PROB	3	PROB	6	1.656157
PROB	3	PROB	7	0.296174
PROB	3	PROB	82	1.014185
PROB	3	PROB	86	3.679334
PROB	4	PROB	5	3.464102
PROB	4	PROB	6	0.758175
PROB	4	PROB	7	1.251565
PROB	4	PROB	8	3.354195
PROB	4	PROB	50	1.408590
PROB	4	PROB	55	1.001252
PROB	4	PROB	56	1.889822
PROB	4	PROB	57	3.768461
PROB	4	PROB	60	0.450564
PROB	4	PROB	82	2.047619
PROB	4	PROB	86	0.109109
PROB	5	PROB	6	3.232488
PROB	5	PROB	7	1.040532
PROB	5	PROB	8	3.468440
PROB	5	PROB	9	2.750095
PROB	5	PROB	10	0.109109
PROB	6	PROB	7	2.636499
PROB	6	PROB	8	0.674453
PROB	6	PROB	9	1.814970
PROB	6	PROB	10	1.234427
PROB	6	PROB	11	0.061314
PROB	7	PROB	8	3.789474
PROB	7	PROB	9	0.723339
PROB	7	PROB	10	1.655665
PROB	7	PROB	11	3.315789
PROB	7	PROB	12	0.061314
PROB	7	PROB	60	1.263158
PROB	7	PROB	63	0.105263
PROB	7	PROB	75	0.052632
PROB	7	PROB	78	1.446679
PROB	7	PROB	79	3.957421
PROB	7	PROB	82	4.355448
PROB	8	PROB	9	3.449772
PROB	8	PROB	10	0.596040
PROB	8	PROB	11	1.736842
PROB	8	PROB	12	1.164965
PROB	8	PROB	43	0.069171
PROB	8	PROB	46	3.590924
PROB	8	PROB	55	1.736842
PROB	8	PROB	60	0.315789
PROB	8	PROB	63	0.263158
PROB	9	PROB	10	2.870574
PROB	9	PROB	11	0.778981
PROB	9	PROB	12	2.333533
PROB	9	PROB	13	1.750150
PROB	9	PROB	14	0.064820
PROB	9	PROB	43	0.585018
PROB	10	PROB	11	2.847745
PROB	10	PROB	12	0.925820
PROB	10	PROB	13	2.083095
PROB	10	PROB	14	0.925820
PROB	10	PROB	78	0.700140
PROB	11	PROB	12	2.943069
PROB	11	PROB	13	0.797081
PROB	11	PROB	14	1.716790
PROB	11	PROB	15	2.368421
PROB	11	PROB	45	0.046829
PROB	11	PROB	46	2.257152
PROB	11	PROB	63	0.842105
PROB	11	PROB	67	1.436370
PROB	11	PROB	75	3.684211
PROB	11	PROB	78	1.669245
PROB	11	PROB	79	1.720618
PROB	12	PROB	13	3.500000
PROB	12	PROB	14	0.857143
PROB	12	PROB	15	1.962046
PROB	12	PROB	41	0.571429
PROB	12	PROB	42	4.141625
PROB	12	PROB	43	3.062127
PROB	12	PROB	44	0.084515
PROB	12	PROB	46	1.195229
PROB	13	PROB	14	2.714286
PROB	13	PROB	15	0.735767
PROB	14	PROB	15	3.004383
PROB	14	PROB	16	0.571429
PROB	14	PROB	19	0.077152
PROB	14	PROB	72	0.872872
PROB	14	PROB	74	1.157275
PROB	14	PROB	75	2.084674
PROB	14	PROB	78	1.490869
PROB	15	PROB	16	4.169348
PROB	15	PROB	17	0.105263
PROB	15	PROB	19	1.589439
PROB	15	PROB	20	2.368421
PROB	15	PROB	23	1.315789
PROB	15	PROB	42	1.127243
PROB	15	PROB	45	0.140488
PROB	15	PROB	46	0.666886
PROB	15	PROB	67	0.153897
PROB	15	PROB	72	0.515122
PROB	15	PROB	75	2.578947
PROB	16	PROB	17	2.391243
PROB	16	PROB	18	1.035098
PROB	16	PROB	19	4.089039
PROB	16	PROB	20	0.735767
PROB	16	PROB	21	0.069007
PROB	16	PROB	72	0.054554
PROB	17	PROB	18	2.665570
PROB	17	PROB	19	0.596040
PROB	17	PROB	20	2.421053
PROB	17	PROB	21	2.902510
PROB	17	PROB	24	0.489116
PROB	17	PROB	39	0.105263
PROB	17	PROB	40	3.004383
PROB	18	PROB	19	2.757817
PROB	18	PROB	20	0.710819
PROB	18	PROB	21	1.933333
PROB	18	PROB	22	1.189826
PROB	19	PROB	20	2.847745
PROB	19	PROB	21	1.118034
PROB	19	PROB	22	2.240448
PROB	19	PROB	23	1.655665
PROB	19	PROB	72	1.590990
PROB	19	PROB	75	0.066227
PROB	20	PROB	21	2.843275
PROB	20	PROB	22	0.834622
PROB	20	PROB	23	3.157895
PROB	20	PROB	24	3.619458
PROB	20	PROB	25	0.069171
PROB	20	PROB	39	0.736842
PROB	20	PROB	40	1.164965
PROB	20	PROB	41	1.716790
PROB	20	PROB	42	1.734220
PROB	20	PROB	45	1.920001
PROB	21	PROB	22	3.694723
PROB	21	PROB	23	0.533114
PROB	21	PROB	24	3.137747
PROB	21	PROB	25	0.934199
PROB	22	PROB	23	2.893357
PROB	22	PROB	24	0.465379
PROB	22	PROB	25	1.608799
PROB	22	PROB	26	0.383482
PROB	22	PROB	70	0.658145
PROB	23	PROB	24	1.858641
PROB	23	PROB	25	1.037572
PROB	23	PROB	26	1.450953
PROB	23	PROB	27	0.276686
PROB	23	PROB	45	1.123903
PROB	23	PROB	66	1.736842
PROB	23	PROB	67	1.538968
PROB	23	PROB	70	1.729286
PROB	23	PROB	72	1.170732
PROB	23	PROB	75	1.421053
PROB	24	PROB	25	2.699862
PROB	24	PROB	26	0.876460
PROB	24	PROB	27	1.285649
PROB	24	PROB	28	0.500000
PROB	24	PROB	36	2.378450
PROB	24	PROB	37	1.266108
PROB	24	PROB	38	0.055048
PROB	24	PROB	39	2.298845
PROB	24	PROB	40	0.512823
PROB	24	PROB	45	1.262063
PROB	25	PROB	26	3.813850
PROB	25	PROB	27	0.818182
PROB	25	PROB	28	4.242641
PROB	25	PROB	29	0.077850
PROB	26	PROB	27	3.909197
PROB	26	PROB	28	0.674200
PROB	26	PROB	29	0.081650
PROB	26	PROB	30	0.182574
PROB	26	PROB	45	0.064550
PROB	26	PROB	66	2.466619
PROB	26	PROB	69	0.870572
PROB	26	PROB	70	0.572078
PROB	27	PROB	28	2.571297
PROB	27	PROB	29	0.544949
PROB	27	PROB	30	2.611165
PROB	27	PROB	31	1.383429
PROB	27	PROB	45	0.923186
PROB	27	PROB	48	0.202260
PROB	27	PROB	49	0.553372
PROB	27	PROB	62	1.184313
PROB	27	PROB	66	1.106743
PROB	28	PROB	29	3.798325
PROB	28	PROB	30	0.738549
PROB	28	PROB	31	0.586939
PROB	28	PROB	32	0.170941
PROB	28	PROB	36	0.064282
PROB	29	PROB	30	2.608746
PROB	29	PROB	31	0.592349
PROB	29	PROB	32	0.276026
PROB	30	PROB	31	3.708691
PROB	30	PROB	32	0.771517
PROB	30	PROB	62	1.070899
PROB	31	PROB	32	3.740150
PROB	31	PROB	33	1.245086
PROB	31	PROB	48	1.692864
PROB	31	PROB	49	0.894737
PROB	31	PROB	52	2.281301
PROB	31	PROB	54	1.418436
PROB	31	PROB	62	0.450564
PROB	32	PROB	33	3.626203
PROB	33	PROB	34	3.892495
PROB	33	PROB	35	1.864191
PROB	33	PROB	36	1.727273
PROB	33	PROB	37	0.155700
PROB	33	PROB	48	1.887760
PROB	33	PROB	52	0.585018
PROB	34	PROB	35	3.633180
PROB	34	PROB	36	0.700649
PROB	34	PROB	37	0.866667
PROB	34	PROB	38	0.466667
PROB	35	PROB	36	2.442733
PROB	35	PROB	37	0.550482
PROB	35	PROB	38	2.091831
PROB	35	PROB	39	2.201022
PROB	35	PROB	48	1.144155
PROB	36	PROB	37	3.425395
PROB	36	PROB	38	0.700649
PROB	36	PROB	39	3.735258
PROB	36	PROB	45	0.061546
PROB	36	PROB	48	1.415820
PROB	37	PROB	38	2.533333
PROB	37	PROB	39	0.829288
PROB	37	PROB	40	0.069007
PROB	38	PROB	39	3.020979
PROB	38	PROB	40	0.897085
PROB	39	PROB	40	3.004383
PROB	39	PROB	41	1.164965
PROB	39	PROB	44	3.192096
PROB	39	PROB	45	1.732684
PROB	39	PROB	48	1.641565
PROB	40	PROB	41	4.000000
PROB	40	PROB	42	0.101015
PROB	40	PROB	44	0.253546
PROB	41	PROB	42	4.141625
PROB	41	PROB	43	1.692228
PROB	41	PROB	44	2.789009
PROB	41	PROB	45	0.600099
PROB	42	PROB	43	3.646738
PROB	42	PROB	44	1.434274
PROB	42	PROB	45	2.160247
PROB	42	PROB	46	2.958040
PROB	42	PROB	47	0.113961
PROB	43	PROB	44	4.195235
PROB	43	PROB	45	0.677003
PROB	43	PROB	46	2.224860
PROB	43	PROB	47	1.363636
PROB	43	PROB	48	0.067420
PROB	44	PROB	45	2.711088
PROB	44	PROB	46	0.707107
PROB	44	PROB	47	2.574349
PROB	44	PROB	48	0.989949
PROB	44	PROB	49	0.072548
PROB	45	PROB	46	3.514553
PROB	45	PROB	47	0.800095
PROB	45	PROB	48	1.734455
PROB	45	PROB	49	3.605855
PROB	45	PROB	50	0.052705
PROB	45	PROB	63	1.030244
PROB	45	PROB	66	1.498537
PROB	45	PROB	67	0.730297
PROB	46	PROB	47	2.764219
PROB	46	PROB	48	0.600000
PROB	46	PROB	49	1.898060
PROB	46	PROB	50	0.808290
PROB	46	PROB	51	0.067420
PROB	46	PROB	55	2.564946
PROB	46	PROB	63	0.923381
PROB	46	PROB	67	0.400000
PROB	46	PROB	75	0.051299
PROB	47	PROB	48	2.561959
PROB	47	PROB	49	0.899229
PROB	47	PROB	50	2.646896
PROB	47	PROB	51	2.000000
PROB	47	PROB	52	0.073127
PROB	47	PROB	55	0.069171
PROB	48	PROB	49	4.155212
PROB	48	PROB	50	0.692820
PROB	48	PROB	51	1.685500
PROB	48	PROB	52	3.199724
PROB	49	PROB	50	2.073221
PROB	49	PROB	51	0.691714
PROB	49	PROB	52	1.335396
PROB	49	PROB	53	0.429198
PROB	49	PROB	54	3.081431
PROB	49	PROB	55	1.894737
PROB	49	PROB	62	1.451816
PROB	49	PROB	63	1.105263
PROB	49	PROB	66	0.105263
PROB	50	PROB	51	3.736795
PROB	50	PROB	52	0.876714
PROB	50	PROB	53	1.380131
PROB	50	PROB	54	0.495434
PROB	50	PROB	55	3.139449
PROB	50	PROB	56	0.596285
PROB	51	PROB	52	3.583235
PROB	51	PROB	53	0.886405
PROB	52	PROB	53	2.592815
PROB	52	PROB	54	2.120060
PROB	53	PROB	54	2.279212
PROB	53	PROB	55	0.735767
PROB	54	PROB	55	2.103199
PROB	54	PROB	62	4.047606
PROB	54	PROB	63	0.097823
PROB	55	PROB	56	3.907370
PROB	55	PROB	59	0.613139
PROB	55	PROB	60	2.421053
PROB	55	PROB	62	0.100125
PROB	55	PROB	63	2.894737
PROB	56	PROB	57	3.508107
PROB	56	PROB	58	1.916667
PROB	56	PROB	59	3.086067
PROB	56	PROB	60	1.059626
PROB	57	PROB	58	3.508107
PROB	57	PROB	59	0.512823
PROB	57	PROB	60	0.635851
PROB	57	PROB	82	0.837436
PROB	57	PROB	87	0.391293
PROB	58	PROB	59	3.240370
PROB	58	PROB	60	0.927173
PROB	58	PROB	82	0.188982
PROB	58	PROB	87	0.927173
PROB	59	PROB	60	3.801464
PROB	59	PROB	61	1.369899
PROB	59	PROB	62	0.058321
PROB	60	PROB	61	2.697686
PROB	60	PROB	62	0.450564
PROB	60	PROB	63	2.947368
PROB	60	PROB	64	1.658577
PROB	60	PROB	65	0.055641
PROB	60	PROB	79	1.835326
PROB	60	PROB	82	1.501879
PROB	60	PROB	83	0.515122
PROB	60	PROB	87	0.526316
PROB	61	PROB	62	2.631807
PROB	61	PROB	63	0.622543
PROB	61	PROB	64	3.892495
PROB	61	PROB	65	2.193817
PROB	62	PROB	63	2.753444
PROB	62	PROB	64	0.788811
PROB	62	PROB	65	1.640694
PROB	62	PROB	66	2.603256
PROB	63	PROB	64	2.843275
PROB	63	PROB	65	0.778981
PROB	63	PROB	66	2.473684
PROB	63	PROB	67	3.026636
PROB	63	PROB	68	0.059235
PROB	63	PROB	76	0.052632
PROB	63	PROB	79	1.433848
PROB	64	PROB	65	3.131121
PROB	64	PROB	66	0.533114
PROB	64	PROB	67	1.443376
PROB	64	PROB	68	0.933333
PROB	64	PROB	76	3.909503
PROB	64	PROB	79	1.549193
PROB	64	PROB	80	0.064550
PROB	64	PROB	83	1.212206
PROB	65	PROB	66	2.281301
PROB	65	PROB	67	0.759257
PROB	65	PROB	68	2.003918
PROB	65	PROB	69	0.890264
PROB	65	PROB	70	0.073127
PROB	65	PROB	76	0.055641
PROB	66	PROB	67	3.539625
PROB	66	PROB	68	0.710819
PROB	66	PROB	69	1.842105
PROB	66	PROB	70	1.521772
PROB	66	PROB	71	0.093659
PROB	67	PROB	68	2.078461
PROB	67	PROB	69	0.410391
PROB	67	PROB	70	1.213560
PROB	67	PROB	71	0.502079
PROB	67	PROB	72	1.825742
PROB	67	PROB	73	0.059761
PROB	67	PROB	75	4.001316
PROB	67	PROB	76	3.847419
PROB	67	PROB	79	1.229837
PROB	68	PROB	69	3.139449
PROB	68	PROB	70	0.700649
PROB	68	PROB	71	0.895979
PROB	68	PROB	72	0.105409
PROB	68	PROB	76	1.362402
PROB	69	PROB	70	3.735258
PROB	69	PROB	71	2.294635
PROB	70	PROB	71	3.754290
PROB	70	PROB	72	0.861640
PROB	71	PROB	72	2.000000
PROB	71	PROB	73	1.036535
PROB	72	PROB	73	2.945942
PROB	72	PROB	74	3.005204
PROB	72	PROB	75	5.947320
PROB	72	PROB	76	0.702439
PROB	72	PROB	77	0.054554
PROB	73	PROB	74	3.780432
PROB	73	PROB	75	0.367884
PROB	73	PROB	76	1.900732
PROB	73	PROB	77	1.428571
PROB	74	PROB	75	3.907370
PROB	74	PROB	76	0.860946
PROB	74	PROB	77	2.546005
PROB	74	PROB	78	1.400280
PROB	75	PROB	76	2.263158
PROB	75	PROB	77	0.613139
PROB	75	PROB	78	1.224113
PROB	75	PROB	79	0.860309
PROB	76	PROB	77	2.329929
PROB	76	PROB	78	0.667698
PROB	76	PROB	79	1.720618
PROB	76	PROB	80	2.007388
PROB	76	PROB	81	0.066227
PROB	77	PROB	78	3.370659
PROB	77	PROB	79	0.734968
PROB	77	PROB	80	1.469937
PROB	77	PROB	81	1.620185
PROB	77	PROB	82	0.058321
PROB	78	PROB	79	2.546624
PROB	78	PROB	80	0.666973
PROB	78	PROB	81	1.820364
PROB	78	PROB	82	0.740959
PROB	78	PROB	83	0.049507
PROB	79	PROB	80	3.312500
PROB	79	PROB	81	0.649519
PROB	79	PROB	82	1.909407
PROB	79	PROB	83	2.041241
PROB	79	PROB	84	0.066815
PROB	80	PROB	81	2.814583
PROB	80	PROB	82	0.818317
PROB	80	PROB	83	3.725266
PROB	80	PROB	84	1.670383
PROB	80	PROB	85	0.051031
PROB	81	PROB	82	2.708745
PROB	81	PROB	83	0.824958
PROB	81	PROB	84	2.777460
PROB	81	PROB	85	3.240906
PROB	81	PROB	86	0.072169
PROB	82	PROB	83	2.494438
PROB	82	PROB	84	0.699854
PROB	82	PROB	85	1.247219
PROB	82	PROB	86	3.982476
PROB	82	PROB	87	2.052567
PROB	83	PROB	84	2.564060
PROB	83	PROB	85	0.541667
PROB	83	PROB	86	0.510310
PROB	83	PROB	87	3.090733
PROB	83	PROB	88	0.174078
PROB	84	PROB	85	3.436932
PROB	84	PROB	86	0.400892
PROB	84	PROB	87	0.183942
PROB	84	PROB	88	0.740744
PROB	85	PROB	86	2.908769
PROB	85	PROB	87	0.327805
PROB	85	PROB	88	1.131505
PROB	86	PROB	87	4.645669
PROB	86	PROB	88	0.852803
PROB	87	PROB	88	2.201022
PROB	87	PROB	89	0.102598
PROB	88	PROB	89	2.335983
